ARM GAS  /tmp/ccFZQPRD.s 			page 1


   1              		.cpu cortex-m0
   2              		.fpu softvfp
   3              		.eabi_attribute 20, 1
   4              		.eabi_attribute 21, 1
   5              		.eabi_attribute 23, 3
   6              		.eabi_attribute 24, 1
   7              		.eabi_attribute 25, 1
   8              		.eabi_attribute 26, 1
   9              		.eabi_attribute 30, 2
  10              		.eabi_attribute 34, 0
  11              		.eabi_attribute 18, 4
  12              		.code	16
  13              		.file	"board.c"
  14              		.text
  15              	.Ltext0:
  16              		.cfi_sections	.debug_frame
  17              		.section	.text.__early_init,"ax",%progbits
  18              		.align	2
  19              		.p2align 4,,15
  20              		.global	__early_init
  21              		.code	16
  22              		.thumb_func
  23              		.type	__early_init, %function
  24              	__early_init:
  25              	.LFB40:
  26              		.file 1 "../../boards/ST_STM32F0_DISCOVERY/board.c"
  27              		.loc 1 45 0
  28              		.cfi_startproc
  29 0000 08B5     		push	{r3, lr}
  30              		.cfi_def_cfa_offset 8
  31              		.cfi_offset 3, -8
  32              		.cfi_offset 14, -4
  33              		.loc 1 47 0
  34 0002 FFF7FEFF 		bl	stm32_clock_init
  35              	.LVL0:
  36              		.loc 1 48 0
  37              		@ sp needed
  38 0006 08BD     		pop	{r3, pc}
  39              		.cfi_endproc
  40              	.LFE40:
  41              		.size	__early_init, .-__early_init
  42 0008 C046C046 		.section	.text.boardInit,"ax",%progbits
  42      C046C046 
  43              		.align	2
  44              		.p2align 4,,15
  45              		.global	boardInit
  46              		.code	16
  47              		.thumb_func
  48              		.type	boardInit, %function
  49              	boardInit:
  50              	.LFB41:
  51              		.loc 1 76 0
  52              		.cfi_startproc
  53              		.loc 1 77 0
  54              		@ sp needed
  55 0000 7047     		bx	lr
  56              		.cfi_endproc
ARM GAS  /tmp/ccFZQPRD.s 			page 2


  57              	.LFE41:
  58              		.size	boardInit, .-boardInit
  59              		.global	pal_default_config
  60 0002 C046C046 		.section	.rodata.pal_default_config,"a",%progbits
  60      C046C046 
  60      C046C046 
  60      C046
  61              		.align	2
  62              		.type	pal_default_config, %object
  63              		.size	pal_default_config, 140
  64              	pal_default_config:
  65 0000 00000028 		.word	671088640
  66 0004 00000000 		.word	0
  67 0008 000000FC 		.word	-67108864
  68 000c 54555565 		.word	1700091220
  69 0010 FFFF0000 		.word	65535
  70 0014 00000000 		.word	0
  71 0018 00000000 		.word	0
  72 001c 00000000 		.word	0
  73 0020 00000000 		.word	0
  74 0024 F0030000 		.word	1008
  75 0028 55555555 		.word	1431655765
  76 002c FFFF0000 		.word	65535
  77 0030 00000000 		.word	0
  78 0034 00000000 		.word	0
  79 0038 00000500 		.word	327680
  80 003c 00000000 		.word	0
  81 0040 00000FF0 		.word	-267452416
  82 0044 55555005 		.word	89150805
  83 0048 FFFC0000 		.word	64767
  84 004c 00000000 		.word	0
  85 0050 00000000 		.word	0
  86 0054 00000000 		.word	0
  87 0058 00000000 		.word	0
  88 005c 00000000 		.word	0
  89 0060 55555555 		.word	1431655765
  90 0064 FFFF0000 		.word	65535
  91 0068 00000000 		.word	0
  92 006c 00000000 		.word	0
  93 0070 00000000 		.word	0
  94 0074 00000000 		.word	0
  95 0078 00000000 		.word	0
  96 007c 50555555 		.word	1431655760
  97 0080 FFFF0000 		.word	65535
  98 0084 00000000 		.word	0
  99 0088 00000000 		.word	0
 100              		.text
 101              	.Letext0:
 102              		.file 2 "/usr/arm-none-eabi/include/machine/_default_types.h"
 103              		.file 3 "/usr/arm-none-eabi/include/stdint.h"
 104              		.file 4 "../../os/hal/platforms/STM32/GPIOv2/pal_lld.h"
 105              		.file 5 "../../os/hal/platforms/STM32F0xx/hal_lld.h"
 106              		.section	.debug_info,"",%progbits
 107              	.Ldebug_info0:
 108 0000 99010000 		.4byte	0x199
 109 0004 0400     		.2byte	0x4
 110 0006 00000000 		.4byte	.Ldebug_abbrev0
ARM GAS  /tmp/ccFZQPRD.s 			page 3


 111 000a 04       		.byte	0x4
 112 000b 01       		.uleb128 0x1
 113 000c 30000000 		.4byte	.LASF27
 114 0010 01       		.byte	0x1
 115 0011 DB010000 		.4byte	.LASF28
 116 0015 74010000 		.4byte	.LASF29
 117 0019 00000000 		.4byte	.Ldebug_ranges0+0
 118 001d 00000000 		.4byte	0
 119 0021 00000000 		.4byte	.Ldebug_line0
 120 0025 02       		.uleb128 0x2
 121 0026 04       		.byte	0x4
 122 0027 05       		.byte	0x5
 123 0028 696E7400 		.ascii	"int\000"
 124 002c 03       		.uleb128 0x3
 125 002d 04       		.byte	0x4
 126 002e 07       		.byte	0x7
 127 002f 46010000 		.4byte	.LASF0
 128 0033 03       		.uleb128 0x3
 129 0034 01       		.byte	0x1
 130 0035 06       		.byte	0x6
 131 0036 5B020000 		.4byte	.LASF1
 132 003a 03       		.uleb128 0x3
 133 003b 01       		.byte	0x1
 134 003c 08       		.byte	0x8
 135 003d CD000000 		.4byte	.LASF2
 136 0041 03       		.uleb128 0x3
 137 0042 02       		.byte	0x2
 138 0043 05       		.byte	0x5
 139 0044 21020000 		.4byte	.LASF3
 140 0048 03       		.uleb128 0x3
 141 0049 02       		.byte	0x2
 142 004a 07       		.byte	0x7
 143 004b 16000000 		.4byte	.LASF4
 144 004f 03       		.uleb128 0x3
 145 0050 04       		.byte	0x4
 146 0051 05       		.byte	0x5
 147 0052 4C020000 		.4byte	.LASF5
 148 0056 04       		.uleb128 0x4
 149 0057 2E010000 		.4byte	.LASF9
 150 005b 02       		.byte	0x2
 151 005c 38       		.byte	0x38
 152 005d 61000000 		.4byte	0x61
 153 0061 03       		.uleb128 0x3
 154 0062 04       		.byte	0x4
 155 0063 07       		.byte	0x7
 156 0064 F5000000 		.4byte	.LASF6
 157 0068 03       		.uleb128 0x3
 158 0069 08       		.byte	0x8
 159 006a 05       		.byte	0x5
 160 006b 0E020000 		.4byte	.LASF7
 161 006f 03       		.uleb128 0x3
 162 0070 08       		.byte	0x8
 163 0071 07       		.byte	0x7
 164 0072 53010000 		.4byte	.LASF8
 165 0076 04       		.uleb128 0x4
 166 0077 43020000 		.4byte	.LASF10
 167 007b 03       		.byte	0x3
ARM GAS  /tmp/ccFZQPRD.s 			page 4


 168 007c 42       		.byte	0x42
 169 007d 56000000 		.4byte	0x56
 170 0081 03       		.uleb128 0x3
 171 0082 01       		.byte	0x1
 172 0083 02       		.byte	0x2
 173 0084 67020000 		.4byte	.LASF11
 174 0088 03       		.uleb128 0x3
 175 0089 04       		.byte	0x4
 176 008a 07       		.byte	0x7
 177 008b 05020000 		.4byte	.LASF12
 178 008f 03       		.uleb128 0x3
 179 0090 01       		.byte	0x1
 180 0091 08       		.byte	0x8
 181 0092 1C020000 		.4byte	.LASF13
 182 0096 05       		.uleb128 0x5
 183 0097 1C       		.byte	0x1c
 184 0098 04       		.byte	0x4
 185 0099 A3       		.byte	0xa3
 186 009a F3000000 		.4byte	0xf3
 187 009e 06       		.uleb128 0x6
 188 009f 55020000 		.4byte	.LASF14
 189 00a3 04       		.byte	0x4
 190 00a4 A5       		.byte	0xa5
 191 00a5 76000000 		.4byte	0x76
 192 00a9 00       		.byte	0
 193 00aa 06       		.uleb128 0x6
 194 00ab 29000000 		.4byte	.LASF15
 195 00af 04       		.byte	0x4
 196 00b0 A7       		.byte	0xa7
 197 00b1 76000000 		.4byte	0x76
 198 00b5 04       		.byte	0x4
 199 00b6 06       		.uleb128 0x6
 200 00b7 07000000 		.4byte	.LASF16
 201 00bb 04       		.byte	0x4
 202 00bc A9       		.byte	0xa9
 203 00bd 76000000 		.4byte	0x76
 204 00c1 08       		.byte	0x8
 205 00c2 06       		.uleb128 0x6
 206 00c3 39010000 		.4byte	.LASF17
 207 00c7 04       		.byte	0x4
 208 00c8 AB       		.byte	0xab
 209 00c9 76000000 		.4byte	0x76
 210 00cd 0C       		.byte	0xc
 211 00ce 07       		.uleb128 0x7
 212 00cf 6F647200 		.ascii	"odr\000"
 213 00d3 04       		.byte	0x4
 214 00d4 AD       		.byte	0xad
 215 00d5 76000000 		.4byte	0x76
 216 00d9 10       		.byte	0x10
 217 00da 06       		.uleb128 0x6
 218 00db 0C010000 		.4byte	.LASF18
 219 00df 04       		.byte	0x4
 220 00e0 AF       		.byte	0xaf
 221 00e1 76000000 		.4byte	0x76
 222 00e5 14       		.byte	0x14
 223 00e6 06       		.uleb128 0x6
 224 00e7 07010000 		.4byte	.LASF19
ARM GAS  /tmp/ccFZQPRD.s 			page 5


 225 00eb 04       		.byte	0x4
 226 00ec B1       		.byte	0xb1
 227 00ed 76000000 		.4byte	0x76
 228 00f1 18       		.byte	0x18
 229 00f2 00       		.byte	0
 230 00f3 04       		.uleb128 0x4
 231 00f4 DB000000 		.4byte	.LASF20
 232 00f8 04       		.byte	0x4
 233 00f9 B2       		.byte	0xb2
 234 00fa 96000000 		.4byte	0x96
 235 00fe 05       		.uleb128 0x5
 236 00ff 8C       		.byte	0x8c
 237 0100 04       		.byte	0x4
 238 0101 BB       		.byte	0xbb
 239 0102 43010000 		.4byte	0x143
 240 0106 06       		.uleb128 0x6
 241 0107 EE000000 		.4byte	.LASF21
 242 010b 04       		.byte	0x4
 243 010c BE       		.byte	0xbe
 244 010d F3000000 		.4byte	0xf3
 245 0111 00       		.byte	0
 246 0112 06       		.uleb128 0x6
 247 0113 0F000000 		.4byte	.LASF22
 248 0117 04       		.byte	0x4
 249 0118 C2       		.byte	0xc2
 250 0119 F3000000 		.4byte	0xf3
 251 011d 1C       		.byte	0x1c
 252 011e 06       		.uleb128 0x6
 253 011f 2B020000 		.4byte	.LASF23
 254 0123 04       		.byte	0x4
 255 0124 C6       		.byte	0xc6
 256 0125 F3000000 		.4byte	0xf3
 257 0129 38       		.byte	0x38
 258 012a 06       		.uleb128 0x6
 259 012b 00000000 		.4byte	.LASF24
 260 012f 04       		.byte	0x4
 261 0130 CA       		.byte	0xca
 262 0131 F3000000 		.4byte	0xf3
 263 0135 54       		.byte	0x54
 264 0136 06       		.uleb128 0x6
 265 0137 3F010000 		.4byte	.LASF25
 266 013b 04       		.byte	0x4
 267 013c D2       		.byte	0xd2
 268 013d F3000000 		.4byte	0xf3
 269 0141 70       		.byte	0x70
 270 0142 00       		.byte	0
 271 0143 04       		.uleb128 0x4
 272 0144 11010000 		.4byte	.LASF26
 273 0148 04       		.byte	0x4
 274 0149 E0       		.byte	0xe0
 275 014a FE000000 		.4byte	0xfe
 276 014e 08       		.uleb128 0x8
 277 014f CE010000 		.4byte	.LASF30
 278 0153 01       		.byte	0x1
 279 0154 2D       		.byte	0x2d
 280 0155 00000000 		.4byte	.LFB40
 281 0159 08000000 		.4byte	.LFE40-.LFB40
ARM GAS  /tmp/ccFZQPRD.s 			page 6


 282 015d 01       		.uleb128 0x1
 283 015e 9C       		.byte	0x9c
 284 015f 6D010000 		.4byte	0x16d
 285 0163 09       		.uleb128 0x9
 286 0164 06000000 		.4byte	.LVL0
 287 0168 94010000 		.4byte	0x194
 288 016c 00       		.byte	0
 289 016d 0A       		.uleb128 0xa
 290 016e 6A010000 		.4byte	.LASF31
 291 0172 01       		.byte	0x1
 292 0173 4C       		.byte	0x4c
 293 0174 00000000 		.4byte	.LFB41
 294 0178 02000000 		.4byte	.LFE41-.LFB41
 295 017c 01       		.uleb128 0x1
 296 017d 9C       		.byte	0x9c
 297 017e 0B       		.uleb128 0xb
 298 017f 1B010000 		.4byte	.LASF32
 299 0183 01       		.byte	0x1
 300 0184 19       		.byte	0x19
 301 0185 8F010000 		.4byte	0x18f
 302 0189 05       		.uleb128 0x5
 303 018a 03       		.byte	0x3
 304 018b 00000000 		.4byte	pal_default_config
 305 018f 0C       		.uleb128 0xc
 306 0190 43010000 		.4byte	0x143
 307 0194 0D       		.uleb128 0xd
 308 0195 32020000 		.4byte	.LASF33
 309 0199 05       		.byte	0x5
 310 019a 1503     		.2byte	0x315
 311 019c 00       		.byte	0
 312              		.section	.debug_abbrev,"",%progbits
 313              	.Ldebug_abbrev0:
 314 0000 01       		.uleb128 0x1
 315 0001 11       		.uleb128 0x11
 316 0002 01       		.byte	0x1
 317 0003 25       		.uleb128 0x25
 318 0004 0E       		.uleb128 0xe
 319 0005 13       		.uleb128 0x13
 320 0006 0B       		.uleb128 0xb
 321 0007 03       		.uleb128 0x3
 322 0008 0E       		.uleb128 0xe
 323 0009 1B       		.uleb128 0x1b
 324 000a 0E       		.uleb128 0xe
 325 000b 55       		.uleb128 0x55
 326 000c 17       		.uleb128 0x17
 327 000d 11       		.uleb128 0x11
 328 000e 01       		.uleb128 0x1
 329 000f 10       		.uleb128 0x10
 330 0010 17       		.uleb128 0x17
 331 0011 00       		.byte	0
 332 0012 00       		.byte	0
 333 0013 02       		.uleb128 0x2
 334 0014 24       		.uleb128 0x24
 335 0015 00       		.byte	0
 336 0016 0B       		.uleb128 0xb
 337 0017 0B       		.uleb128 0xb
 338 0018 3E       		.uleb128 0x3e
ARM GAS  /tmp/ccFZQPRD.s 			page 7


 339 0019 0B       		.uleb128 0xb
 340 001a 03       		.uleb128 0x3
 341 001b 08       		.uleb128 0x8
 342 001c 00       		.byte	0
 343 001d 00       		.byte	0
 344 001e 03       		.uleb128 0x3
 345 001f 24       		.uleb128 0x24
 346 0020 00       		.byte	0
 347 0021 0B       		.uleb128 0xb
 348 0022 0B       		.uleb128 0xb
 349 0023 3E       		.uleb128 0x3e
 350 0024 0B       		.uleb128 0xb
 351 0025 03       		.uleb128 0x3
 352 0026 0E       		.uleb128 0xe
 353 0027 00       		.byte	0
 354 0028 00       		.byte	0
 355 0029 04       		.uleb128 0x4
 356 002a 16       		.uleb128 0x16
 357 002b 00       		.byte	0
 358 002c 03       		.uleb128 0x3
 359 002d 0E       		.uleb128 0xe
 360 002e 3A       		.uleb128 0x3a
 361 002f 0B       		.uleb128 0xb
 362 0030 3B       		.uleb128 0x3b
 363 0031 0B       		.uleb128 0xb
 364 0032 49       		.uleb128 0x49
 365 0033 13       		.uleb128 0x13
 366 0034 00       		.byte	0
 367 0035 00       		.byte	0
 368 0036 05       		.uleb128 0x5
 369 0037 13       		.uleb128 0x13
 370 0038 01       		.byte	0x1
 371 0039 0B       		.uleb128 0xb
 372 003a 0B       		.uleb128 0xb
 373 003b 3A       		.uleb128 0x3a
 374 003c 0B       		.uleb128 0xb
 375 003d 3B       		.uleb128 0x3b
 376 003e 0B       		.uleb128 0xb
 377 003f 01       		.uleb128 0x1
 378 0040 13       		.uleb128 0x13
 379 0041 00       		.byte	0
 380 0042 00       		.byte	0
 381 0043 06       		.uleb128 0x6
 382 0044 0D       		.uleb128 0xd
 383 0045 00       		.byte	0
 384 0046 03       		.uleb128 0x3
 385 0047 0E       		.uleb128 0xe
 386 0048 3A       		.uleb128 0x3a
 387 0049 0B       		.uleb128 0xb
 388 004a 3B       		.uleb128 0x3b
 389 004b 0B       		.uleb128 0xb
 390 004c 49       		.uleb128 0x49
 391 004d 13       		.uleb128 0x13
 392 004e 38       		.uleb128 0x38
 393 004f 0B       		.uleb128 0xb
 394 0050 00       		.byte	0
 395 0051 00       		.byte	0
ARM GAS  /tmp/ccFZQPRD.s 			page 8


 396 0052 07       		.uleb128 0x7
 397 0053 0D       		.uleb128 0xd
 398 0054 00       		.byte	0
 399 0055 03       		.uleb128 0x3
 400 0056 08       		.uleb128 0x8
 401 0057 3A       		.uleb128 0x3a
 402 0058 0B       		.uleb128 0xb
 403 0059 3B       		.uleb128 0x3b
 404 005a 0B       		.uleb128 0xb
 405 005b 49       		.uleb128 0x49
 406 005c 13       		.uleb128 0x13
 407 005d 38       		.uleb128 0x38
 408 005e 0B       		.uleb128 0xb
 409 005f 00       		.byte	0
 410 0060 00       		.byte	0
 411 0061 08       		.uleb128 0x8
 412 0062 2E       		.uleb128 0x2e
 413 0063 01       		.byte	0x1
 414 0064 3F       		.uleb128 0x3f
 415 0065 19       		.uleb128 0x19
 416 0066 03       		.uleb128 0x3
 417 0067 0E       		.uleb128 0xe
 418 0068 3A       		.uleb128 0x3a
 419 0069 0B       		.uleb128 0xb
 420 006a 3B       		.uleb128 0x3b
 421 006b 0B       		.uleb128 0xb
 422 006c 27       		.uleb128 0x27
 423 006d 19       		.uleb128 0x19
 424 006e 11       		.uleb128 0x11
 425 006f 01       		.uleb128 0x1
 426 0070 12       		.uleb128 0x12
 427 0071 06       		.uleb128 0x6
 428 0072 40       		.uleb128 0x40
 429 0073 18       		.uleb128 0x18
 430 0074 9742     		.uleb128 0x2117
 431 0076 19       		.uleb128 0x19
 432 0077 01       		.uleb128 0x1
 433 0078 13       		.uleb128 0x13
 434 0079 00       		.byte	0
 435 007a 00       		.byte	0
 436 007b 09       		.uleb128 0x9
 437 007c 898201   		.uleb128 0x4109
 438 007f 00       		.byte	0
 439 0080 11       		.uleb128 0x11
 440 0081 01       		.uleb128 0x1
 441 0082 31       		.uleb128 0x31
 442 0083 13       		.uleb128 0x13
 443 0084 00       		.byte	0
 444 0085 00       		.byte	0
 445 0086 0A       		.uleb128 0xa
 446 0087 2E       		.uleb128 0x2e
 447 0088 00       		.byte	0
 448 0089 3F       		.uleb128 0x3f
 449 008a 19       		.uleb128 0x19
 450 008b 03       		.uleb128 0x3
 451 008c 0E       		.uleb128 0xe
 452 008d 3A       		.uleb128 0x3a
ARM GAS  /tmp/ccFZQPRD.s 			page 9


 453 008e 0B       		.uleb128 0xb
 454 008f 3B       		.uleb128 0x3b
 455 0090 0B       		.uleb128 0xb
 456 0091 27       		.uleb128 0x27
 457 0092 19       		.uleb128 0x19
 458 0093 11       		.uleb128 0x11
 459 0094 01       		.uleb128 0x1
 460 0095 12       		.uleb128 0x12
 461 0096 06       		.uleb128 0x6
 462 0097 40       		.uleb128 0x40
 463 0098 18       		.uleb128 0x18
 464 0099 9742     		.uleb128 0x2117
 465 009b 19       		.uleb128 0x19
 466 009c 00       		.byte	0
 467 009d 00       		.byte	0
 468 009e 0B       		.uleb128 0xb
 469 009f 34       		.uleb128 0x34
 470 00a0 00       		.byte	0
 471 00a1 03       		.uleb128 0x3
 472 00a2 0E       		.uleb128 0xe
 473 00a3 3A       		.uleb128 0x3a
 474 00a4 0B       		.uleb128 0xb
 475 00a5 3B       		.uleb128 0x3b
 476 00a6 0B       		.uleb128 0xb
 477 00a7 49       		.uleb128 0x49
 478 00a8 13       		.uleb128 0x13
 479 00a9 3F       		.uleb128 0x3f
 480 00aa 19       		.uleb128 0x19
 481 00ab 02       		.uleb128 0x2
 482 00ac 18       		.uleb128 0x18
 483 00ad 00       		.byte	0
 484 00ae 00       		.byte	0
 485 00af 0C       		.uleb128 0xc
 486 00b0 26       		.uleb128 0x26
 487 00b1 00       		.byte	0
 488 00b2 49       		.uleb128 0x49
 489 00b3 13       		.uleb128 0x13
 490 00b4 00       		.byte	0
 491 00b5 00       		.byte	0
 492 00b6 0D       		.uleb128 0xd
 493 00b7 2E       		.uleb128 0x2e
 494 00b8 00       		.byte	0
 495 00b9 3F       		.uleb128 0x3f
 496 00ba 19       		.uleb128 0x19
 497 00bb 03       		.uleb128 0x3
 498 00bc 0E       		.uleb128 0xe
 499 00bd 3A       		.uleb128 0x3a
 500 00be 0B       		.uleb128 0xb
 501 00bf 3B       		.uleb128 0x3b
 502 00c0 05       		.uleb128 0x5
 503 00c1 27       		.uleb128 0x27
 504 00c2 19       		.uleb128 0x19
 505 00c3 3C       		.uleb128 0x3c
 506 00c4 19       		.uleb128 0x19
 507 00c5 00       		.byte	0
 508 00c6 00       		.byte	0
 509 00c7 00       		.byte	0
ARM GAS  /tmp/ccFZQPRD.s 			page 10


 510              		.section	.debug_aranges,"",%progbits
 511 0000 24000000 		.4byte	0x24
 512 0004 0200     		.2byte	0x2
 513 0006 00000000 		.4byte	.Ldebug_info0
 514 000a 04       		.byte	0x4
 515 000b 00       		.byte	0
 516 000c 0000     		.2byte	0
 517 000e 0000     		.2byte	0
 518 0010 00000000 		.4byte	.LFB40
 519 0014 08000000 		.4byte	.LFE40-.LFB40
 520 0018 00000000 		.4byte	.LFB41
 521 001c 02000000 		.4byte	.LFE41-.LFB41
 522 0020 00000000 		.4byte	0
 523 0024 00000000 		.4byte	0
 524              		.section	.debug_ranges,"",%progbits
 525              	.Ldebug_ranges0:
 526 0000 00000000 		.4byte	.LFB40
 527 0004 08000000 		.4byte	.LFE40
 528 0008 00000000 		.4byte	.LFB41
 529 000c 02000000 		.4byte	.LFE41
 530 0010 00000000 		.4byte	0
 531 0014 00000000 		.4byte	0
 532              		.section	.debug_line,"",%progbits
 533              	.Ldebug_line0:
 534 0000 25010000 		.section	.debug_str,"MS",%progbits,1
 534      0200FD00 
 534      00000201 
 534      FB0E0D00 
 534      01010101 
 535              	.LASF24:
 536 0000 50444461 		.ascii	"PDData\000"
 536      746100
 537              	.LASF16:
 538 0007 6F737065 		.ascii	"ospeedr\000"
 538      65647200 
 539              	.LASF22:
 540 000f 50424461 		.ascii	"PBData\000"
 540      746100
 541              	.LASF4:
 542 0016 73686F72 		.ascii	"short unsigned int\000"
 542      7420756E 
 542      7369676E 
 542      65642069 
 542      6E7400
 543              	.LASF15:
 544 0029 6F747970 		.ascii	"otyper\000"
 544      657200
 545              	.LASF27:
 546 0030 474E5520 		.ascii	"GNU C 4.8.2 -mcpu=cortex-m0 -mno-thumb-interwork -m"
 546      4320342E 
 546      382E3220 
 546      2D6D6370 
 546      753D636F 
 547 0063 7468756D 		.ascii	"thumb -ggdb -O2 -fomit-frame-pointer -falign-functi"
 547      62202D67 
 547      67646220 
 547      2D4F3220 
ARM GAS  /tmp/ccFZQPRD.s 			page 11


 547      2D666F6D 
 548 0096 6F6E733D 		.ascii	"ons=16 -ffunction-sections -fdata-sections -fno-com"
 548      3136202D 
 548      6666756E 
 548      6374696F 
 548      6E2D7365 
 549 00c9 6D6F6E00 		.ascii	"mon\000"
 550              	.LASF2:
 551 00cd 756E7369 		.ascii	"unsigned char\000"
 551      676E6564 
 551      20636861 
 551      7200
 552              	.LASF20:
 553 00db 73746D33 		.ascii	"stm32_gpio_setup_t\000"
 553      325F6770 
 553      696F5F73 
 553      65747570 
 553      5F7400
 554              	.LASF21:
 555 00ee 50414461 		.ascii	"PAData\000"
 555      746100
 556              	.LASF6:
 557 00f5 6C6F6E67 		.ascii	"long unsigned int\000"
 557      20756E73 
 557      69676E65 
 557      6420696E 
 557      7400
 558              	.LASF19:
 559 0107 61667268 		.ascii	"afrh\000"
 559      00
 560              	.LASF18:
 561 010c 6166726C 		.ascii	"afrl\000"
 561      00
 562              	.LASF26:
 563 0111 50414C43 		.ascii	"PALConfig\000"
 563      6F6E6669 
 563      6700
 564              	.LASF32:
 565 011b 70616C5F 		.ascii	"pal_default_config\000"
 565      64656661 
 565      756C745F 
 565      636F6E66 
 565      696700
 566              	.LASF9:
 567 012e 5F5F7569 		.ascii	"__uint32_t\000"
 567      6E743332 
 567      5F7400
 568              	.LASF17:
 569 0139 70757064 		.ascii	"pupdr\000"
 569      7200
 570              	.LASF25:
 571 013f 50464461 		.ascii	"PFData\000"
 571      746100
 572              	.LASF0:
 573 0146 756E7369 		.ascii	"unsigned int\000"
 573      676E6564 
 573      20696E74 
ARM GAS  /tmp/ccFZQPRD.s 			page 12


 573      00
 574              	.LASF8:
 575 0153 6C6F6E67 		.ascii	"long long unsigned int\000"
 575      206C6F6E 
 575      6720756E 
 575      7369676E 
 575      65642069 
 576              	.LASF31:
 577 016a 626F6172 		.ascii	"boardInit\000"
 577      64496E69 
 577      7400
 578              	.LASF29:
 579 0174 2F686F6D 		.ascii	"/home/ece497/vbox-shared/mplayer/ChibiOS-RT-stable_"
 579      652F6563 
 579      65343937 
 579      2F76626F 
 579      782D7368 
 580 01a7 322E362E 		.ascii	"2.6.x/demos/ARMCM0-STM32F051-DISCOVERY\000"
 580      782F6465 
 580      6D6F732F 
 580      41524D43 
 580      4D302D53 
 581              	.LASF30:
 582 01ce 5F5F6561 		.ascii	"__early_init\000"
 582      726C795F 
 582      696E6974 
 582      00
 583              	.LASF28:
 584 01db 2E2E2F2E 		.ascii	"../../boards/ST_STM32F0_DISCOVERY/board.c\000"
 584      2E2F626F 
 584      61726473 
 584      2F53545F 
 584      53544D33 
 585              	.LASF12:
 586 0205 73697A65 		.ascii	"sizetype\000"
 586      74797065 
 586      00
 587              	.LASF7:
 588 020e 6C6F6E67 		.ascii	"long long int\000"
 588      206C6F6E 
 588      6720696E 
 588      7400
 589              	.LASF13:
 590 021c 63686172 		.ascii	"char\000"
 590      00
 591              	.LASF3:
 592 0221 73686F72 		.ascii	"short int\000"
 592      7420696E 
 592      7400
 593              	.LASF23:
 594 022b 50434461 		.ascii	"PCData\000"
 594      746100
 595              	.LASF33:
 596 0232 73746D33 		.ascii	"stm32_clock_init\000"
 596      325F636C 
 596      6F636B5F 
 596      696E6974 
ARM GAS  /tmp/ccFZQPRD.s 			page 13


 596      00
 597              	.LASF10:
 598 0243 75696E74 		.ascii	"uint32_t\000"
 598      33325F74 
 598      00
 599              	.LASF5:
 600 024c 6C6F6E67 		.ascii	"long int\000"
 600      20696E74 
 600      00
 601              	.LASF14:
 602 0255 6D6F6465 		.ascii	"moder\000"
 602      7200
 603              	.LASF1:
 604 025b 7369676E 		.ascii	"signed char\000"
 604      65642063 
 604      68617200 
 605              	.LASF11:
 606 0267 5F426F6F 		.ascii	"_Bool\000"
 606      6C00
 607              		.ident	"GCC: (Arch Repository) 4.8.2"
ARM GAS  /tmp/ccFZQPRD.s 			page 14


DEFINED SYMBOLS
                            *ABS*:0000000000000000 board.c
     /tmp/ccFZQPRD.s:18     .text.__early_init:0000000000000000 $t
     /tmp/ccFZQPRD.s:24     .text.__early_init:0000000000000000 __early_init
     /tmp/ccFZQPRD.s:43     .text.boardInit:0000000000000000 $t
     /tmp/ccFZQPRD.s:49     .text.boardInit:0000000000000000 boardInit
     /tmp/ccFZQPRD.s:64     .rodata.pal_default_config:0000000000000000 pal_default_config
     /tmp/ccFZQPRD.s:61     .rodata.pal_default_config:0000000000000000 $d
                     .debug_frame:0000000000000010 $d

UNDEFINED SYMBOLS
stm32_clock_init
