ARM GAS  /tmp/ccn6cEix.s 			page 1


   1              		.cpu cortex-m0
   2              		.fpu softvfp
   3              		.eabi_attribute 20, 1
   4              		.eabi_attribute 21, 1
   5              		.eabi_attribute 23, 3
   6              		.eabi_attribute 24, 1
   7              		.eabi_attribute 25, 1
   8              		.eabi_attribute 26, 1
   9              		.eabi_attribute 30, 2
  10              		.eabi_attribute 34, 0
  11              		.eabi_attribute 18, 4
  12              		.code	16
  13              		.file	"chcore_v6m.c"
  14              		.text
  15              	.Ltext0:
  16              		.cfi_sections	.debug_frame
  17              		.section	.text._port_switch_from_isr,"ax",%progbits
  18              		.align	2
  19              		.p2align 4,,15
  20              		.global	_port_switch_from_isr
  21              		.code	16
  22              		.thumb_func
  23              		.type	_port_switch_from_isr, %function
  24              	_port_switch_from_isr:
  25              	.LFB10:
  26              		.file 1 "../../os/ports/GCC/ARMCMx/chcore_v6m.c"
  27              		.loc 1 141 0
  28              		.cfi_startproc
  29              		.loc 1 144 0
  30 0000 FFF7FEFF 		bl	chSchDoReschedule
  31              	.LVL0:
  32              		.loc 1 146 0
  33              	@ 146 "../../os/ports/GCC/ARMCMx/chcore_v6m.c" 1
  34              		_port_exit_from_isr:
  35              	@ 0 "" 2
  36              		.loc 1 151 0
  37              		.code	16
  38 0004 8022     		mov	r2, #128
  39 0006 024B     		ldr	r3, .L4
  40 0008 1206     		lsl	r2, r2, #24
  41 000a 5A60     		str	r2, [r3, #4]
  42              	.L2:
  43 000c FEE7     		b	.L2
  44              	.L5:
  45 000e C046     		.align	2
  46              	.L4:
  47 0010 00ED00E0 		.word	-536810240
  48              		.cfi_endproc
  49              	.LFE10:
  50              		.size	_port_switch_from_isr, .-_port_switch_from_isr
  51 0014 C046C046 		.section	.text.NMIVector,"ax",%progbits
  51      C046C046 
  51      C046C046 
  52              		.align	2
  53              		.p2align 4,,15
  54              		.global	NMIVector
  55              		.code	16
ARM GAS  /tmp/ccn6cEix.s 			page 2


  56              		.thumb_func
  57              		.type	NMIVector, %function
  58              	NMIVector:
  59              	.LFB8:
  60              		.loc 1 64 0
  61              		.cfi_startproc
  62              		.loc 1 69 0
  63              	@ 69 "../../os/ports/GCC/ARMCMx/chcore_v6m.c" 1
  64 0000 EFF30983 		mrs     r3, PSP
  65              	@ 0 "" 2
  66              	.LVL1:
  67              		.loc 1 70 0
  68              		.code	16
  69 0004 2033     		add	r3, r3, #32
  70              	.LVL2:
  71              		.loc 1 71 0
  72              	@ 71 "../../os/ports/GCC/ARMCMx/chcore_v6m.c" 1
  73 0006 83F30988 		msr     PSP, r3
  74              	@ 0 "" 2
  75              		.loc 1 72 0
  76              	@ 72 "../../os/ports/GCC/ARMCMx/chcore_v6m.c" 1
  77 000a 62B6     		cpsie   i
  78              	@ 0 "" 2
  79              		.loc 1 73 0
  80              		.code	16
  81              		@ sp needed
  82 000c 7047     		bx	lr
  83              		.cfi_endproc
  84              	.LFE8:
  85              		.size	NMIVector, .-NMIVector
  86 000e C046     		.section	.text._port_irq_epilogue,"ax",%progbits
  87              		.align	2
  88              		.p2align 4,,15
  89              		.global	_port_irq_epilogue
  90              		.code	16
  91              		.thumb_func
  92              		.type	_port_irq_epilogue, %function
  93              	_port_irq_epilogue:
  94              	.LFB9:
  95              		.loc 1 102 0
  96              		.cfi_startproc
  97              	.LVL3:
  98 0000 00B5     		push	{lr}
  99              		.cfi_def_cfa_offset 4
 100              		.cfi_offset 14, -4
 101              		.loc 1 104 0
 102 0002 0F30     		add	r0, r0, #15
 103 0004 19D0     		beq	.L7
 104              	.LVL4:
 105              	.LBB2:
 106              		.loc 1 107 0
 107              	@ 107 "../../os/ports/GCC/ARMCMx/chcore_v6m.c" 1
 108 0006 72B6     		cpsid   i
 109              	@ 0 "" 2
 110              		.loc 1 110 0
 111              	@ 110 "../../os/ports/GCC/ARMCMx/chcore_v6m.c" 1
 112 0008 EFF30983 		mrs     r3, PSP
ARM GAS  /tmp/ccn6cEix.s 			page 3


 113              	@ 0 "" 2
 114              	.LVL5:
 115              		.loc 1 111 0
 116              		.code	16
 117 000c 1A1C     		mov	r2, r3
 118 000e 203A     		sub	r2, r2, #32
 119              	.LVL6:
 120              		.loc 1 112 0
 121              	@ 112 "../../os/ports/GCC/ARMCMx/chcore_v6m.c" 1
 122 0010 82F30988 		msr     PSP, r2
 123              	@ 0 "" 2
 124              		.loc 1 117 0
 125              		.code	16
 126 0014 0F48     		ldr	r0, .L17
 127              		.loc 1 113 0
 128 0016 8022     		mov	r2, #128
 129              	.LVL7:
 130 0018 5204     		lsl	r2, r2, #17
 131 001a 203B     		sub	r3, r3, #32
 132              	.LVL8:
 133              		.loc 1 117 0
 134 001c 8169     		ldr	r1, [r0, #24]
 135              		.loc 1 113 0
 136 001e DA61     		str	r2, [r3, #28]
 137              		.loc 1 117 0
 138 0020 CA7F     		ldrb	r2, [r1, #31]
 139 0022 002A     		cmp	r2, #0
 140 0024 0AD1     		bne	.L15
 141              		.loc 1 117 0 is_stmt 0 discriminator 2
 142 0026 0068     		ldr	r0, [r0]
 143 0028 8968     		ldr	r1, [r1, #8]
 144 002a 8068     		ldr	r0, [r0, #8]
 145 002c 8842     		cmp	r0, r1
 146 002e 5241     		adc	r2, r2, r2
 147 0030 D2B2     		uxtb	r2, r2
 148 0032 002A     		cmp	r2, #0
 149 0034 0AD1     		bne	.L16
 150              	.L11:
 151              		.loc 1 124 0 is_stmt 1
 152 0036 084A     		ldr	r2, .L17+4
 153 0038 9A61     		str	r2, [r3, #24]
 154              	.LVL9:
 155              	.L7:
 156              	.LBE2:
 157              		.loc 1 130 0
 158              		@ sp needed
 159 003a 00BD     		pop	{pc}
 160              	.LVL10:
 161              	.L15:
 162              	.LBB3:
 163              		.loc 1 117 0 discriminator 1
 164 003c 0268     		ldr	r2, [r0]
 165 003e 8968     		ldr	r1, [r1, #8]
 166 0040 9268     		ldr	r2, [r2, #8]
 167 0042 9142     		cmp	r1, r2
 168 0044 9241     		sbc	r2, r2, r2
 169 0046 5242     		neg	r2, r2
ARM GAS  /tmp/ccn6cEix.s 			page 4


 170 0048 002A     		cmp	r2, #0
 171 004a F4D0     		beq	.L11
 172              	.L16:
 173              		.loc 1 119 0
 174 004c 034A     		ldr	r2, .L17+8
 175 004e 9A61     		str	r2, [r3, #24]
 176 0050 F3E7     		b	.L7
 177              	.L18:
 178 0052 C046     		.align	2
 179              	.L17:
 180 0054 00000000 		.word	rlist
 181 0058 04000000 		.word	_port_exit_from_isr
 182 005c 00000000 		.word	_port_switch_from_isr
 183              	.LBE3:
 184              		.cfi_endproc
 185              	.LFE9:
 186              		.size	_port_irq_epilogue, .-_port_irq_epilogue
 187              		.section	.text.SysTickVector,"ax",%progbits
 188              		.align	2
 189              		.p2align 4,,15
 190              		.global	SysTickVector
 191              		.code	16
 192              		.thumb_func
 193              		.type	SysTickVector, %function
 194              	SysTickVector:
 195              	.LFB7:
 196              		.loc 1 47 0
 197              		.cfi_startproc
 198 0000 10B5     		push	{r4, lr}
 199              		.cfi_def_cfa_offset 8
 200              		.cfi_offset 4, -8
 201              		.cfi_offset 14, -4
 202              		.loc 1 49 0
 203              	@ 49 "../../os/ports/GCC/ARMCMx/chcore_v6m.c" 1
 204 0002 7446     		mov     r4, lr
 205              	@ 0 "" 2
 206              	.LVL11:
 207              		.loc 1 51 0
 208              	@ 51 "../../os/ports/GCC/ARMCMx/chcore_v6m.c" 1
 209 0004 72B6     		cpsid   i
 210              	@ 0 "" 2
 211              		.loc 1 52 0
 212              		.code	16
 213 0006 FFF7FEFF 		bl	chSysTimerHandlerI
 214              	.LVL12:
 215              		.loc 1 53 0
 216              	@ 53 "../../os/ports/GCC/ARMCMx/chcore_v6m.c" 1
 217 000a 62B6     		cpsie   i
 218              	@ 0 "" 2
 219              		.loc 1 55 0
 220              		.code	16
 221 000c 201C     		mov	r0, r4
 222 000e FFF7FEFF 		bl	_port_irq_epilogue
 223              	.LVL13:
 224              		.loc 1 56 0
 225              		@ sp needed
 226              	.LVL14:
ARM GAS  /tmp/ccn6cEix.s 			page 5


 227 0012 10BD     		pop	{r4, pc}
 228              		.cfi_endproc
 229              	.LFE7:
 230              		.size	SysTickVector, .-SysTickVector
 231 0014 C046C046 		.section	.text._port_switch,"ax",%progbits
 231      C046C046 
 231      C046C046 
 232              		.align	2
 233              		.p2align 4,,15
 234              		.global	_port_switch
 235              		.code	16
 236              		.thumb_func
 237              		.type	_port_switch, %function
 238              	_port_switch:
 239              	.LFB11:
 240              		.loc 1 172 0
 241              		.cfi_startproc
 242              	.LVL15:
 243              		.loc 1 175 0
 244              	@ 175 "../../os/ports/GCC/ARMCMx/chcore_v6m.c" 1
 245 0000 F0B5     		push    {r4, r5, r6, r7, lr}                   
 246 0002 4446     		mov     r4, r8                                 
 247 0004 4D46     		mov     r5, r9                                 
 248 0006 5646     		mov     r6, r10                                
 249 0008 5F46     		mov     r7, r11                                
 250 000a F0B4     		push    {r4, r5, r6, r7}
 251              	@ 0 "" 2
 252              		.loc 1 182 0
 253              		.code	16
 254 000c 6B46     		mov	r3, sp
 255 000e CB60     		str	r3, [r1, #12]
 256              		.loc 1 183 0
 257 0010 C368     		ldr	r3, [r0, #12]
 258 0012 9D46     		mov	sp, r3
 259              		.loc 1 185 0
 260              	@ 185 "../../os/ports/GCC/ARMCMx/chcore_v6m.c" 1
 261 0014 F0BC     		pop     {r4, r5, r6, r7}                       
 262 0016 A046     		mov     r8, r4                                 
 263 0018 A946     		mov     r9, r5                                 
 264 001a B246     		mov     r10, r6                                
 265 001c BB46     		mov     r11, r7                                
 266 001e F0BD     		pop     {r4, r5, r6, r7, pc}
 267              	@ 0 "" 2
 268              		.loc 1 191 0
 269              		.code	16
 270              		.cfi_endproc
 271              	.LFE11:
 272              		.size	_port_switch, .-_port_switch
 273              		.section	.text._port_thread_start,"ax",%progbits
 274              		.align	2
 275              		.p2align 4,,15
 276              		.global	_port_thread_start
 277              		.code	16
 278              		.thumb_func
 279              		.type	_port_thread_start, %function
 280              	_port_thread_start:
 281              	.LFB12:
ARM GAS  /tmp/ccn6cEix.s 			page 6


 282              		.loc 1 198 0
 283              		.cfi_startproc
 284              		.loc 1 200 0
 285              	@ 200 "../../os/ports/GCC/ARMCMx/chcore_v6m.c" 1
 286 0000 62B6     		cpsie   i
 287              	@ 0 "" 2
 288              		.loc 1 201 0
 289              	@ 201 "../../os/ports/GCC/ARMCMx/chcore_v6m.c" 1
 290 0002 281C     		mov     r0, r5                                 
 291 0004 A047     		blx     r4                                     
 292 0006 FFF7FEFF 		bl      chThdExit
 293              	@ 0 "" 2
 294              		.loc 1 204 0
 295              		.code	16
 296              		@ sp needed
 297 000a 7047     		bx	lr
 298              		.cfi_endproc
 299              	.LFE12:
 300              		.size	_port_thread_start, .-_port_thread_start
 301 000c C046C046 		.text
 302              	.Letext0:
 303              		.file 2 "/usr/arm-none-eabi/include/machine/_default_types.h"
 304              		.file 3 "/usr/arm-none-eabi/include/stdint.h"
 305              		.file 4 "../../os/ports/GCC/ARMCMx/chtypes.h"
 306              		.file 5 "../../os/kernel/include/chlists.h"
 307              		.file 6 "../../os/kernel/include/chthreads.h"
 308              		.file 7 "../../os/ports/GCC/ARMCMx/chcore_v6m.h"
 309              		.file 8 "../../os/ports/common/ARMCMx/nvic.h"
 310              		.file 9 "../../os/kernel/include/chschd.h"
 311              		.file 10 "../../os/kernel/include/chmtx.h"
 312              		.file 11 "../../os/kernel/include/chsys.h"
 313              		.section	.debug_info,"",%progbits
 314              	.Ldebug_info0:
 315 0000 01070000 		.4byte	0x701
 316 0004 0400     		.2byte	0x4
 317 0006 00000000 		.4byte	.Ldebug_abbrev0
 318 000a 04       		.byte	0x4
 319 000b 01       		.uleb128 0x1
 320 000c E3000000 		.4byte	.LASF95
 321 0010 01       		.byte	0x1
 322 0011 2F040000 		.4byte	.LASF96
 323 0015 9C020000 		.4byte	.LASF97
 324 0019 18000000 		.4byte	.Ldebug_ranges0+0x18
 325 001d 00000000 		.4byte	0
 326 0021 00000000 		.4byte	.Ldebug_line0
 327 0025 02       		.uleb128 0x2
 328 0026 04       		.byte	0x4
 329 0027 05       		.byte	0x5
 330 0028 696E7400 		.ascii	"int\000"
 331 002c 03       		.uleb128 0x3
 332 002d 04       		.byte	0x4
 333 002e 07       		.byte	0x7
 334 002f A6010000 		.4byte	.LASF0
 335 0033 03       		.uleb128 0x3
 336 0034 01       		.byte	0x1
 337 0035 06       		.byte	0x6
 338 0036 8B000000 		.4byte	.LASF1
ARM GAS  /tmp/ccn6cEix.s 			page 7


 339 003a 04       		.uleb128 0x4
 340 003b 13000000 		.4byte	.LASF5
 341 003f 02       		.byte	0x2
 342 0040 1C       		.byte	0x1c
 343 0041 45000000 		.4byte	0x45
 344 0045 03       		.uleb128 0x3
 345 0046 01       		.byte	0x1
 346 0047 08       		.byte	0x8
 347 0048 3C030000 		.4byte	.LASF2
 348 004c 03       		.uleb128 0x3
 349 004d 02       		.byte	0x2
 350 004e 05       		.byte	0x5
 351 004f 5A030000 		.4byte	.LASF3
 352 0053 03       		.uleb128 0x3
 353 0054 02       		.byte	0x2
 354 0055 07       		.byte	0x7
 355 0056 03020000 		.4byte	.LASF4
 356 005a 04       		.uleb128 0x4
 357 005b F1030000 		.4byte	.LASF6
 358 005f 02       		.byte	0x2
 359 0060 37       		.byte	0x37
 360 0061 65000000 		.4byte	0x65
 361 0065 03       		.uleb128 0x3
 362 0066 04       		.byte	0x4
 363 0067 05       		.byte	0x5
 364 0068 B1000000 		.4byte	.LASF7
 365 006c 04       		.uleb128 0x4
 366 006d 80010000 		.4byte	.LASF8
 367 0071 02       		.byte	0x2
 368 0072 38       		.byte	0x38
 369 0073 77000000 		.4byte	0x77
 370 0077 03       		.uleb128 0x3
 371 0078 04       		.byte	0x4
 372 0079 07       		.byte	0x7
 373 007a CE010000 		.4byte	.LASF9
 374 007e 03       		.uleb128 0x3
 375 007f 08       		.byte	0x8
 376 0080 05       		.byte	0x5
 377 0081 7D000000 		.4byte	.LASF10
 378 0085 03       		.uleb128 0x3
 379 0086 08       		.byte	0x8
 380 0087 07       		.byte	0x7
 381 0088 46000000 		.4byte	.LASF11
 382 008c 04       		.uleb128 0x4
 383 008d 56040000 		.4byte	.LASF12
 384 0091 03       		.byte	0x3
 385 0092 2A       		.byte	0x2a
 386 0093 3A000000 		.4byte	0x3a
 387 0097 04       		.uleb128 0x4
 388 0098 34030000 		.4byte	.LASF13
 389 009c 03       		.byte	0x3
 390 009d 41       		.byte	0x41
 391 009e 5A000000 		.4byte	0x5a
 392 00a2 04       		.uleb128 0x4
 393 00a3 AA030000 		.4byte	.LASF14
 394 00a7 03       		.byte	0x3
 395 00a8 42       		.byte	0x42
ARM GAS  /tmp/ccn6cEix.s 			page 8


 396 00a9 6C000000 		.4byte	0x6c
 397 00ad 03       		.uleb128 0x3
 398 00ae 01       		.byte	0x1
 399 00af 02       		.byte	0x2
 400 00b0 2E030000 		.4byte	.LASF15
 401 00b4 04       		.uleb128 0x4
 402 00b5 4D020000 		.4byte	.LASF16
 403 00b9 04       		.byte	0x4
 404 00ba 2C       		.byte	0x2c
 405 00bb 8C000000 		.4byte	0x8c
 406 00bf 04       		.uleb128 0x4
 407 00c0 BA000000 		.4byte	.LASF17
 408 00c4 04       		.byte	0x4
 409 00c5 2D       		.byte	0x2d
 410 00c6 8C000000 		.4byte	0x8c
 411 00ca 04       		.uleb128 0x4
 412 00cb 12030000 		.4byte	.LASF18
 413 00cf 04       		.byte	0x4
 414 00d0 2E       		.byte	0x2e
 415 00d1 8C000000 		.4byte	0x8c
 416 00d5 04       		.uleb128 0x4
 417 00d6 A7000000 		.4byte	.LASF19
 418 00da 04       		.byte	0x4
 419 00db 2F       		.byte	0x2f
 420 00dc 8C000000 		.4byte	0x8c
 421 00e0 04       		.uleb128 0x4
 422 00e1 26030000 		.4byte	.LASF20
 423 00e5 04       		.byte	0x4
 424 00e6 30       		.byte	0x30
 425 00e7 A2000000 		.4byte	0xa2
 426 00eb 04       		.uleb128 0x4
 427 00ec 1B020000 		.4byte	.LASF21
 428 00f0 04       		.byte	0x4
 429 00f1 31       		.byte	0x31
 430 00f2 97000000 		.4byte	0x97
 431 00f6 04       		.uleb128 0x4
 432 00f7 61020000 		.4byte	.LASF22
 433 00fb 04       		.byte	0x4
 434 00fc 33       		.byte	0x33
 435 00fd A2000000 		.4byte	0xa2
 436 0101 04       		.uleb128 0x4
 437 0102 DC030000 		.4byte	.LASF23
 438 0106 04       		.byte	0x4
 439 0107 35       		.byte	0x35
 440 0108 A2000000 		.4byte	0xa2
 441 010c 04       		.uleb128 0x4
 442 010d 98030000 		.4byte	.LASF24
 443 0111 05       		.byte	0x5
 444 0112 2A       		.byte	0x2a
 445 0113 17010000 		.4byte	0x117
 446 0117 05       		.uleb128 0x5
 447 0118 98030000 		.4byte	.LASF24
 448 011c 48       		.byte	0x48
 449 011d 06       		.byte	0x6
 450 011e 5E       		.byte	0x5e
 451 011f 14020000 		.4byte	0x214
 452 0123 06       		.uleb128 0x6
ARM GAS  /tmp/ccn6cEix.s 			page 9


 453 0124 89030000 		.4byte	.LASF25
 454 0128 06       		.byte	0x6
 455 0129 5F       		.byte	0x5f
 456 012a 35020000 		.4byte	0x235
 457 012e 00       		.byte	0
 458 012f 06       		.uleb128 0x6
 459 0130 1F030000 		.4byte	.LASF26
 460 0134 06       		.byte	0x6
 461 0135 61       		.byte	0x61
 462 0136 35020000 		.4byte	0x235
 463 013a 04       		.byte	0x4
 464 013b 06       		.uleb128 0x6
 465 013c 6C000000 		.4byte	.LASF27
 466 0140 06       		.byte	0x6
 467 0141 63       		.byte	0x63
 468 0142 E0000000 		.4byte	0xe0
 469 0146 08       		.byte	0x8
 470 0147 06       		.uleb128 0x6
 471 0148 7F040000 		.4byte	.LASF28
 472 014c 06       		.byte	0x6
 473 014d 64       		.byte	0x64
 474 014e 4D030000 		.4byte	0x34d
 475 0152 0C       		.byte	0xc
 476 0153 06       		.uleb128 0x6
 477 0154 D6000000 		.4byte	.LASF29
 478 0158 06       		.byte	0x6
 479 0159 66       		.byte	0x66
 480 015a 35020000 		.4byte	0x235
 481 015e 10       		.byte	0x10
 482 015f 06       		.uleb128 0x6
 483 0160 81020000 		.4byte	.LASF30
 484 0164 06       		.byte	0x6
 485 0165 67       		.byte	0x67
 486 0166 35020000 		.4byte	0x235
 487 016a 14       		.byte	0x14
 488 016b 06       		.uleb128 0x6
 489 016c 65040000 		.4byte	.LASF31
 490 0170 06       		.byte	0x6
 491 0171 6E       		.byte	0x6e
 492 0172 C4050000 		.4byte	0x5c4
 493 0176 18       		.byte	0x18
 494 0177 06       		.uleb128 0x6
 495 0178 64030000 		.4byte	.LASF32
 496 017c 06       		.byte	0x6
 497 017d 79       		.byte	0x79
 498 017e BF000000 		.4byte	0xbf
 499 0182 1C       		.byte	0x1c
 500 0183 06       		.uleb128 0x6
 501 0184 90030000 		.4byte	.LASF33
 502 0188 06       		.byte	0x6
 503 0189 7D       		.byte	0x7d
 504 018a B4000000 		.4byte	0xb4
 505 018e 1D       		.byte	0x1d
 506 018f 06       		.uleb128 0x6
 507 0190 19040000 		.4byte	.LASF34
 508 0194 06       		.byte	0x6
 509 0195 82       		.byte	0x82
ARM GAS  /tmp/ccn6cEix.s 			page 10


 510 0196 CA000000 		.4byte	0xca
 511 019a 1E       		.byte	0x1e
 512 019b 06       		.uleb128 0x6
 513 019c 6C030000 		.4byte	.LASF35
 514 01a0 06       		.byte	0x6
 515 01a1 88       		.byte	0x88
 516 01a2 D5000000 		.4byte	0xd5
 517 01a6 1F       		.byte	0x1f
 518 01a7 06       		.uleb128 0x6
 519 01a8 FB030000 		.4byte	.LASF36
 520 01ac 06       		.byte	0x6
 521 01ad 8F       		.byte	0x8f
 522 01ae EC040000 		.4byte	0x4ec
 523 01b2 20       		.byte	0x20
 524 01b3 07       		.uleb128 0x7
 525 01b4 705F7500 		.ascii	"p_u\000"
 526 01b8 06       		.byte	0x6
 527 01b9 B4       		.byte	0xb4
 528 01ba 8F050000 		.4byte	0x58f
 529 01be 24       		.byte	0x24
 530 01bf 06       		.uleb128 0x6
 531 01c0 85040000 		.4byte	.LASF37
 532 01c4 06       		.byte	0x6
 533 01c5 B9       		.byte	0xb9
 534 01c6 5B020000 		.4byte	0x25b
 535 01ca 28       		.byte	0x28
 536 01cb 06       		.uleb128 0x6
 537 01cc 0E040000 		.4byte	.LASF38
 538 01d0 06       		.byte	0x6
 539 01d1 BF       		.byte	0xbf
 540 01d2 3B020000 		.4byte	0x23b
 541 01d6 2C       		.byte	0x2c
 542 01d7 06       		.uleb128 0x6
 543 01d8 00000000 		.4byte	.LASF39
 544 01dc 06       		.byte	0x6
 545 01dd C3       		.byte	0xc3
 546 01de EB000000 		.4byte	0xeb
 547 01e2 34       		.byte	0x34
 548 01e3 06       		.uleb128 0x6
 549 01e4 9F030000 		.4byte	.LASF40
 550 01e8 06       		.byte	0x6
 551 01e9 C9       		.byte	0xc9
 552 01ea F6000000 		.4byte	0xf6
 553 01ee 38       		.byte	0x38
 554 01ef 06       		.uleb128 0x6
 555 01f0 50030000 		.4byte	.LASF41
 556 01f4 06       		.byte	0x6
 557 01f5 D0       		.byte	0xd0
 558 01f6 D6050000 		.4byte	0x5d6
 559 01fa 3C       		.byte	0x3c
 560 01fb 06       		.uleb128 0x6
 561 01fc E6030000 		.4byte	.LASF42
 562 0200 06       		.byte	0x6
 563 0201 D4       		.byte	0xd4
 564 0202 E0000000 		.4byte	0xe0
 565 0206 40       		.byte	0x40
 566 0207 06       		.uleb128 0x6
ARM GAS  /tmp/ccn6cEix.s 			page 11


 567 0208 97000000 		.4byte	.LASF43
 568 020c 06       		.byte	0x6
 569 020d DA       		.byte	0xda
 570 020e 71020000 		.4byte	0x271
 571 0212 44       		.byte	0x44
 572 0213 00       		.byte	0
 573 0214 08       		.uleb128 0x8
 574 0215 08       		.byte	0x8
 575 0216 05       		.byte	0x5
 576 0217 61       		.byte	0x61
 577 0218 35020000 		.4byte	0x235
 578 021c 06       		.uleb128 0x6
 579 021d 89030000 		.4byte	.LASF25
 580 0221 05       		.byte	0x5
 581 0222 62       		.byte	0x62
 582 0223 35020000 		.4byte	0x235
 583 0227 00       		.byte	0
 584 0228 06       		.uleb128 0x6
 585 0229 1F030000 		.4byte	.LASF26
 586 022d 05       		.byte	0x5
 587 022e 64       		.byte	0x64
 588 022f 35020000 		.4byte	0x235
 589 0233 04       		.byte	0x4
 590 0234 00       		.byte	0
 591 0235 09       		.uleb128 0x9
 592 0236 04       		.byte	0x4
 593 0237 0C010000 		.4byte	0x10c
 594 023b 04       		.uleb128 0x4
 595 023c 8F020000 		.4byte	.LASF44
 596 0240 05       		.byte	0x5
 597 0241 66       		.byte	0x66
 598 0242 14020000 		.4byte	0x214
 599 0246 08       		.uleb128 0x8
 600 0247 04       		.byte	0x4
 601 0248 05       		.byte	0x5
 602 0249 6B       		.byte	0x6b
 603 024a 5B020000 		.4byte	0x25b
 604 024e 06       		.uleb128 0x6
 605 024f 89030000 		.4byte	.LASF25
 606 0253 05       		.byte	0x5
 607 0254 6D       		.byte	0x6d
 608 0255 35020000 		.4byte	0x235
 609 0259 00       		.byte	0
 610 025a 00       		.byte	0
 611 025b 04       		.uleb128 0x4
 612 025c 55020000 		.4byte	.LASF45
 613 0260 05       		.byte	0x5
 614 0261 70       		.byte	0x70
 615 0262 46020000 		.4byte	0x246
 616 0266 04       		.uleb128 0x4
 617 0267 8B010000 		.4byte	.LASF46
 618 026b 07       		.byte	0x7
 619 026c A7       		.byte	0xa7
 620 026d 71020000 		.4byte	0x271
 621 0271 0A       		.uleb128 0xa
 622 0272 04       		.byte	0x4
 623 0273 05       		.uleb128 0x5
ARM GAS  /tmp/ccn6cEix.s 			page 12


 624 0274 BA010000 		.4byte	.LASF47
 625 0278 20       		.byte	0x20
 626 0279 07       		.byte	0x7
 627 027a AF       		.byte	0xaf
 628 027b DB020000 		.4byte	0x2db
 629 027f 07       		.uleb128 0x7
 630 0280 723000   		.ascii	"r0\000"
 631 0283 07       		.byte	0x7
 632 0284 B0       		.byte	0xb0
 633 0285 66020000 		.4byte	0x266
 634 0289 00       		.byte	0
 635 028a 07       		.uleb128 0x7
 636 028b 723100   		.ascii	"r1\000"
 637 028e 07       		.byte	0x7
 638 028f B1       		.byte	0xb1
 639 0290 66020000 		.4byte	0x266
 640 0294 04       		.byte	0x4
 641 0295 07       		.uleb128 0x7
 642 0296 723200   		.ascii	"r2\000"
 643 0299 07       		.byte	0x7
 644 029a B2       		.byte	0xb2
 645 029b 66020000 		.4byte	0x266
 646 029f 08       		.byte	0x8
 647 02a0 07       		.uleb128 0x7
 648 02a1 723300   		.ascii	"r3\000"
 649 02a4 07       		.byte	0x7
 650 02a5 B3       		.byte	0xb3
 651 02a6 66020000 		.4byte	0x266
 652 02aa 0C       		.byte	0xc
 653 02ab 07       		.uleb128 0x7
 654 02ac 72313200 		.ascii	"r12\000"
 655 02b0 07       		.byte	0x7
 656 02b1 B4       		.byte	0xb4
 657 02b2 66020000 		.4byte	0x266
 658 02b6 10       		.byte	0x10
 659 02b7 06       		.uleb128 0x6
 660 02b8 B3010000 		.4byte	.LASF48
 661 02bc 07       		.byte	0x7
 662 02bd B5       		.byte	0xb5
 663 02be 66020000 		.4byte	0x266
 664 02c2 14       		.byte	0x14
 665 02c3 07       		.uleb128 0x7
 666 02c4 706300   		.ascii	"pc\000"
 667 02c7 07       		.byte	0x7
 668 02c8 B6       		.byte	0xb6
 669 02c9 66020000 		.4byte	0x266
 670 02cd 18       		.byte	0x18
 671 02ce 06       		.uleb128 0x6
 672 02cf 76030000 		.4byte	.LASF49
 673 02d3 07       		.byte	0x7
 674 02d4 B7       		.byte	0xb7
 675 02d5 66020000 		.4byte	0x266
 676 02d9 1C       		.byte	0x1c
 677 02da 00       		.byte	0
 678 02db 05       		.uleb128 0x5
 679 02dc 07040000 		.4byte	.LASF50
 680 02e0 24       		.byte	0x24
ARM GAS  /tmp/ccn6cEix.s 			page 13


 681 02e1 07       		.byte	0x7
 682 02e2 BA       		.byte	0xba
 683 02e3 4D030000 		.4byte	0x34d
 684 02e7 07       		.uleb128 0x7
 685 02e8 723800   		.ascii	"r8\000"
 686 02eb 07       		.byte	0x7
 687 02ec BB       		.byte	0xbb
 688 02ed 66020000 		.4byte	0x266
 689 02f1 00       		.byte	0
 690 02f2 07       		.uleb128 0x7
 691 02f3 723900   		.ascii	"r9\000"
 692 02f6 07       		.byte	0x7
 693 02f7 BC       		.byte	0xbc
 694 02f8 66020000 		.4byte	0x266
 695 02fc 04       		.byte	0x4
 696 02fd 07       		.uleb128 0x7
 697 02fe 72313000 		.ascii	"r10\000"
 698 0302 07       		.byte	0x7
 699 0303 BD       		.byte	0xbd
 700 0304 66020000 		.4byte	0x266
 701 0308 08       		.byte	0x8
 702 0309 07       		.uleb128 0x7
 703 030a 72313100 		.ascii	"r11\000"
 704 030e 07       		.byte	0x7
 705 030f BE       		.byte	0xbe
 706 0310 66020000 		.4byte	0x266
 707 0314 0C       		.byte	0xc
 708 0315 07       		.uleb128 0x7
 709 0316 723400   		.ascii	"r4\000"
 710 0319 07       		.byte	0x7
 711 031a BF       		.byte	0xbf
 712 031b 66020000 		.4byte	0x266
 713 031f 10       		.byte	0x10
 714 0320 07       		.uleb128 0x7
 715 0321 723500   		.ascii	"r5\000"
 716 0324 07       		.byte	0x7
 717 0325 C0       		.byte	0xc0
 718 0326 66020000 		.4byte	0x266
 719 032a 14       		.byte	0x14
 720 032b 07       		.uleb128 0x7
 721 032c 723600   		.ascii	"r6\000"
 722 032f 07       		.byte	0x7
 723 0330 C1       		.byte	0xc1
 724 0331 66020000 		.4byte	0x266
 725 0335 18       		.byte	0x18
 726 0336 07       		.uleb128 0x7
 727 0337 723700   		.ascii	"r7\000"
 728 033a 07       		.byte	0x7
 729 033b C2       		.byte	0xc2
 730 033c 66020000 		.4byte	0x266
 731 0340 1C       		.byte	0x1c
 732 0341 07       		.uleb128 0x7
 733 0342 6C7200   		.ascii	"lr\000"
 734 0345 07       		.byte	0x7
 735 0346 C3       		.byte	0xc3
 736 0347 66020000 		.4byte	0x266
 737 034b 20       		.byte	0x20
ARM GAS  /tmp/ccn6cEix.s 			page 14


 738 034c 00       		.byte	0
 739 034d 05       		.uleb128 0x5
 740 034e FB010000 		.4byte	.LASF51
 741 0352 04       		.byte	0x4
 742 0353 07       		.byte	0x7
 743 0354 CD       		.byte	0xcd
 744 0355 66030000 		.4byte	0x366
 745 0359 07       		.uleb128 0x7
 746 035a 72313300 		.ascii	"r13\000"
 747 035e 07       		.byte	0x7
 748 035f CE       		.byte	0xce
 749 0360 66030000 		.4byte	0x366
 750 0364 00       		.byte	0
 751 0365 00       		.byte	0
 752 0366 09       		.uleb128 0x9
 753 0367 04       		.byte	0x4
 754 0368 DB020000 		.4byte	0x2db
 755 036c 04       		.uleb128 0x4
 756 036d CD030000 		.4byte	.LASF52
 757 0371 08       		.byte	0x8
 758 0372 3A       		.byte	0x3a
 759 0373 77030000 		.4byte	0x377
 760 0377 0B       		.uleb128 0xb
 761 0378 A2000000 		.4byte	0xa2
 762 037c 03       		.uleb128 0x3
 763 037d 04       		.byte	0x4
 764 037e 07       		.byte	0x7
 765 037f 73020000 		.4byte	.LASF53
 766 0383 08       		.uleb128 0x8
 767 0384 8C       		.byte	0x8c
 768 0385 08       		.byte	0x8
 769 0386 89       		.byte	0x89
 770 0387 88040000 		.4byte	0x488
 771 038b 06       		.uleb128 0x6
 772 038c 66000000 		.4byte	.LASF54
 773 0390 08       		.byte	0x8
 774 0391 8A       		.byte	0x8a
 775 0392 6C030000 		.4byte	0x36c
 776 0396 00       		.byte	0
 777 0397 06       		.uleb128 0x6
 778 0398 16020000 		.4byte	.LASF55
 779 039c 08       		.byte	0x8
 780 039d 8B       		.byte	0x8b
 781 039e 6C030000 		.4byte	0x36c
 782 03a2 04       		.byte	0x4
 783 03a3 06       		.uleb128 0x6
 784 03a4 E0010000 		.4byte	.LASF56
 785 03a8 08       		.byte	0x8
 786 03a9 8C       		.byte	0x8c
 787 03aa 6C030000 		.4byte	0x36c
 788 03ae 08       		.byte	0x8
 789 03af 06       		.uleb128 0x6
 790 03b0 21020000 		.4byte	.LASF57
 791 03b4 08       		.byte	0x8
 792 03b5 8D       		.byte	0x8d
 793 03b6 6C030000 		.4byte	0x36c
 794 03ba 0C       		.byte	0xc
ARM GAS  /tmp/ccn6cEix.s 			page 15


 795 03bb 07       		.uleb128 0x7
 796 03bc 53435200 		.ascii	"SCR\000"
 797 03c0 08       		.byte	0x8
 798 03c1 8E       		.byte	0x8e
 799 03c2 6C030000 		.4byte	0x36c
 800 03c6 10       		.byte	0x10
 801 03c7 07       		.uleb128 0x7
 802 03c8 43435200 		.ascii	"CCR\000"
 803 03cc 08       		.byte	0x8
 804 03cd 8F       		.byte	0x8f
 805 03ce 6C030000 		.4byte	0x36c
 806 03d2 14       		.byte	0x14
 807 03d3 06       		.uleb128 0x6
 808 03d4 02040000 		.4byte	.LASF58
 809 03d8 08       		.byte	0x8
 810 03d9 90       		.byte	0x90
 811 03da 98040000 		.4byte	0x498
 812 03de 18       		.byte	0x18
 813 03df 06       		.uleb128 0x6
 814 03e0 4A030000 		.4byte	.LASF59
 815 03e4 08       		.byte	0x8
 816 03e5 91       		.byte	0x91
 817 03e6 6C030000 		.4byte	0x36c
 818 03ea 24       		.byte	0x24
 819 03eb 06       		.uleb128 0x6
 820 03ec 7C020000 		.4byte	.LASF60
 821 03f0 08       		.byte	0x8
 822 03f1 92       		.byte	0x92
 823 03f2 6C030000 		.4byte	0x36c
 824 03f6 28       		.byte	0x28
 825 03f7 06       		.uleb128 0x6
 826 03f8 72040000 		.4byte	.LASF61
 827 03fc 08       		.byte	0x8
 828 03fd 93       		.byte	0x93
 829 03fe 6C030000 		.4byte	0x36c
 830 0402 2C       		.byte	0x2c
 831 0403 06       		.uleb128 0x6
 832 0404 27020000 		.4byte	.LASF62
 833 0408 08       		.byte	0x8
 834 0409 94       		.byte	0x94
 835 040a 6C030000 		.4byte	0x36c
 836 040e 30       		.byte	0x30
 837 040f 06       		.uleb128 0x6
 838 0410 34020000 		.4byte	.LASF63
 839 0414 08       		.byte	0x8
 840 0415 95       		.byte	0x95
 841 0416 6C030000 		.4byte	0x36c
 842 041a 34       		.byte	0x34
 843 041b 06       		.uleb128 0x6
 844 041c DE000000 		.4byte	.LASF64
 845 0420 08       		.byte	0x8
 846 0421 96       		.byte	0x96
 847 0422 6C030000 		.4byte	0x36c
 848 0426 38       		.byte	0x38
 849 0427 06       		.uleb128 0x6
 850 0428 BB030000 		.4byte	.LASF65
 851 042c 08       		.byte	0x8
ARM GAS  /tmp/ccn6cEix.s 			page 16


 852 042d 97       		.byte	0x97
 853 042e 6C030000 		.4byte	0x36c
 854 0432 3C       		.byte	0x3c
 855 0433 07       		.uleb128 0x7
 856 0434 50465200 		.ascii	"PFR\000"
 857 0438 08       		.byte	0x8
 858 0439 98       		.byte	0x98
 859 043a AD040000 		.4byte	0x4ad
 860 043e 40       		.byte	0x40
 861 043f 07       		.uleb128 0x7
 862 0440 44465200 		.ascii	"DFR\000"
 863 0444 08       		.byte	0x8
 864 0445 99       		.byte	0x99
 865 0446 6C030000 		.4byte	0x36c
 866 044a 48       		.byte	0x48
 867 044b 07       		.uleb128 0x7
 868 044c 41445200 		.ascii	"ADR\000"
 869 0450 08       		.byte	0x8
 870 0451 9A       		.byte	0x9a
 871 0452 6C030000 		.4byte	0x36c
 872 0456 4C       		.byte	0x4c
 873 0457 06       		.uleb128 0x6
 874 0458 2A040000 		.4byte	.LASF66
 875 045c 08       		.byte	0x8
 876 045d 9B       		.byte	0x9b
 877 045e C2040000 		.4byte	0x4c2
 878 0462 50       		.byte	0x50
 879 0463 07       		.uleb128 0x7
 880 0464 53415200 		.ascii	"SAR\000"
 881 0468 08       		.byte	0x8
 882 0469 9C       		.byte	0x9c
 883 046a D7040000 		.4byte	0x4d7
 884 046e 60       		.byte	0x60
 885 046f 06       		.uleb128 0x6
 886 0470 C0030000 		.4byte	.LASF67
 887 0474 08       		.byte	0x8
 888 0475 9D       		.byte	0x9d
 889 0476 DC040000 		.4byte	0x4dc
 890 047a 74       		.byte	0x74
 891 047b 06       		.uleb128 0x6
 892 047c 6C040000 		.4byte	.LASF68
 893 0480 08       		.byte	0x8
 894 0481 9E       		.byte	0x9e
 895 0482 6C030000 		.4byte	0x36c
 896 0486 88       		.byte	0x88
 897 0487 00       		.byte	0
 898 0488 0C       		.uleb128 0xc
 899 0489 6C030000 		.4byte	0x36c
 900 048d 98040000 		.4byte	0x498
 901 0491 0D       		.uleb128 0xd
 902 0492 7C030000 		.4byte	0x37c
 903 0496 02       		.byte	0x2
 904 0497 00       		.byte	0
 905 0498 0B       		.uleb128 0xb
 906 0499 88040000 		.4byte	0x488
 907 049d 0C       		.uleb128 0xc
 908 049e 6C030000 		.4byte	0x36c
ARM GAS  /tmp/ccn6cEix.s 			page 17


 909 04a2 AD040000 		.4byte	0x4ad
 910 04a6 0D       		.uleb128 0xd
 911 04a7 7C030000 		.4byte	0x37c
 912 04ab 01       		.byte	0x1
 913 04ac 00       		.byte	0
 914 04ad 0B       		.uleb128 0xb
 915 04ae 9D040000 		.4byte	0x49d
 916 04b2 0C       		.uleb128 0xc
 917 04b3 6C030000 		.4byte	0x36c
 918 04b7 C2040000 		.4byte	0x4c2
 919 04bb 0D       		.uleb128 0xd
 920 04bc 7C030000 		.4byte	0x37c
 921 04c0 03       		.byte	0x3
 922 04c1 00       		.byte	0
 923 04c2 0B       		.uleb128 0xb
 924 04c3 B2040000 		.4byte	0x4b2
 925 04c7 0C       		.uleb128 0xc
 926 04c8 6C030000 		.4byte	0x36c
 927 04cc D7040000 		.4byte	0x4d7
 928 04d0 0D       		.uleb128 0xd
 929 04d1 7C030000 		.4byte	0x37c
 930 04d5 04       		.byte	0x4
 931 04d6 00       		.byte	0
 932 04d7 0B       		.uleb128 0xb
 933 04d8 C7040000 		.4byte	0x4c7
 934 04dc 0B       		.uleb128 0xb
 935 04dd C7040000 		.4byte	0x4c7
 936 04e1 04       		.uleb128 0x4
 937 04e2 1D000000 		.4byte	.LASF69
 938 04e6 08       		.byte	0x8
 939 04e7 9F       		.byte	0x9f
 940 04e8 83030000 		.4byte	0x383
 941 04ec 0B       		.uleb128 0xb
 942 04ed 01010000 		.4byte	0x101
 943 04f1 08       		.uleb128 0x8
 944 04f2 1C       		.byte	0x1c
 945 04f3 09       		.byte	0x9
 946 04f4 5E       		.byte	0x5e
 947 04f5 42050000 		.4byte	0x542
 948 04f9 06       		.uleb128 0x6
 949 04fa B3030000 		.4byte	.LASF70
 950 04fe 09       		.byte	0x9
 951 04ff 5F       		.byte	0x5f
 952 0500 3B020000 		.4byte	0x23b
 953 0504 00       		.byte	0
 954 0505 06       		.uleb128 0x6
 955 0506 7B030000 		.4byte	.LASF71
 956 050a 09       		.byte	0x9
 957 050b 60       		.byte	0x60
 958 050c E0000000 		.4byte	0xe0
 959 0510 08       		.byte	0x8
 960 0511 06       		.uleb128 0x6
 961 0512 89020000 		.4byte	.LASF72
 962 0516 09       		.byte	0x9
 963 0517 62       		.byte	0x62
 964 0518 4D030000 		.4byte	0x34d
 965 051c 0C       		.byte	0xc
ARM GAS  /tmp/ccn6cEix.s 			page 18


 966 051d 06       		.uleb128 0x6
 967 051e 2C020000 		.4byte	.LASF73
 968 0522 09       		.byte	0x9
 969 0523 65       		.byte	0x65
 970 0524 35020000 		.4byte	0x235
 971 0528 10       		.byte	0x10
 972 0529 06       		.uleb128 0x6
 973 052a 0A030000 		.4byte	.LASF74
 974 052e 09       		.byte	0x9
 975 052f 66       		.byte	0x66
 976 0530 35020000 		.4byte	0x235
 977 0534 14       		.byte	0x14
 978 0535 06       		.uleb128 0x6
 979 0536 00030000 		.4byte	.LASF75
 980 053a 09       		.byte	0x9
 981 053b 69       		.byte	0x69
 982 053c 35020000 		.4byte	0x235
 983 0540 18       		.byte	0x18
 984 0541 00       		.byte	0
 985 0542 04       		.uleb128 0x4
 986 0543 20040000 		.4byte	.LASF76
 987 0547 09       		.byte	0x9
 988 0548 6B       		.byte	0x6b
 989 0549 F1040000 		.4byte	0x4f1
 990 054d 05       		.uleb128 0x5
 991 054e 6D020000 		.4byte	.LASF77
 992 0552 10       		.byte	0x10
 993 0553 0A       		.byte	0xa
 994 0554 2C       		.byte	0x2c
 995 0555 7E050000 		.4byte	0x57e
 996 0559 06       		.uleb128 0x6
 997 055a 9F000000 		.4byte	.LASF78
 998 055e 0A       		.byte	0xa
 999 055f 2D       		.byte	0x2d
 1000 0560 3B020000 		.4byte	0x23b
 1001 0564 00       		.byte	0
 1002 0565 06       		.uleb128 0x6
 1003 0566 77040000 		.4byte	.LASF79
 1004 056a 0A       		.byte	0xa
 1005 056b 2F       		.byte	0x2f
 1006 056c 35020000 		.4byte	0x235
 1007 0570 08       		.byte	0x8
 1008 0571 06       		.uleb128 0x6
 1009 0572 D5030000 		.4byte	.LASF80
 1010 0576 0A       		.byte	0xa
 1011 0577 31       		.byte	0x31
 1012 0578 7E050000 		.4byte	0x57e
 1013 057c 0C       		.byte	0xc
 1014 057d 00       		.byte	0
 1015 057e 09       		.uleb128 0x9
 1016 057f 04       		.byte	0x4
 1017 0580 4D050000 		.4byte	0x54d
 1018 0584 04       		.uleb128 0x4
 1019 0585 6D020000 		.4byte	.LASF77
 1020 0589 0A       		.byte	0xa
 1021 058a 33       		.byte	0x33
 1022 058b 4D050000 		.4byte	0x54d
ARM GAS  /tmp/ccn6cEix.s 			page 19


 1023 058f 0E       		.uleb128 0xe
 1024 0590 04       		.byte	0x4
 1025 0591 06       		.byte	0x6
 1026 0592 96       		.byte	0x96
 1027 0593 C4050000 		.4byte	0x5c4
 1028 0597 0F       		.uleb128 0xf
 1029 0598 0C000000 		.4byte	.LASF81
 1030 059c 06       		.byte	0x6
 1031 059d 9D       		.byte	0x9d
 1032 059e EB000000 		.4byte	0xeb
 1033 05a2 0F       		.uleb128 0xf
 1034 05a3 5D000000 		.4byte	.LASF82
 1035 05a7 06       		.byte	0x6
 1036 05a8 A4       		.byte	0xa4
 1037 05a9 EB000000 		.4byte	0xeb
 1038 05ad 0F       		.uleb128 0xf
 1039 05ae 5E040000 		.4byte	.LASF83
 1040 05b2 06       		.byte	0x6
 1041 05b3 AB       		.byte	0xab
 1042 05b4 71020000 		.4byte	0x271
 1043 05b8 0F       		.uleb128 0xf
 1044 05b9 82030000 		.4byte	.LASF84
 1045 05bd 06       		.byte	0x6
 1046 05be B2       		.byte	0xb2
 1047 05bf F6000000 		.4byte	0xf6
 1048 05c3 00       		.byte	0
 1049 05c4 09       		.uleb128 0x9
 1050 05c5 04       		.byte	0x4
 1051 05c6 CA050000 		.4byte	0x5ca
 1052 05ca 10       		.uleb128 0x10
 1053 05cb CF050000 		.4byte	0x5cf
 1054 05cf 03       		.uleb128 0x3
 1055 05d0 01       		.byte	0x1
 1056 05d1 08       		.byte	0x8
 1057 05d2 C8030000 		.4byte	.LASF85
 1058 05d6 09       		.uleb128 0x9
 1059 05d7 04       		.byte	0x4
 1060 05d8 84050000 		.4byte	0x584
 1061 05dc 11       		.uleb128 0x11
 1062 05dd E5010000 		.4byte	.LASF86
 1063 05e1 01       		.byte	0x1
 1064 05e2 8D       		.byte	0x8d
 1065 05e3 00000000 		.4byte	.LFB10
 1066 05e7 14000000 		.4byte	.LFE10-.LFB10
 1067 05eb 01       		.uleb128 0x1
 1068 05ec 9C       		.byte	0x9c
 1069 05ed FB050000 		.4byte	0x5fb
 1070 05f1 12       		.uleb128 0x12
 1071 05f2 04000000 		.4byte	.LVL0
 1072 05f6 F6060000 		.4byte	0x6f6
 1073 05fa 00       		.byte	0
 1074 05fb 11       		.uleb128 0x11
 1075 05fc 73000000 		.4byte	.LASF87
 1076 0600 01       		.byte	0x1
 1077 0601 40       		.byte	0x40
 1078 0602 00000000 		.4byte	.LFB8
 1079 0606 0E000000 		.4byte	.LFE8-.LFB8
ARM GAS  /tmp/ccn6cEix.s 			page 20


 1080 060a 01       		.uleb128 0x1
 1081 060b 9C       		.byte	0x9c
 1082 060c 20060000 		.4byte	0x620
 1083 0610 13       		.uleb128 0x13
 1084 0611 1A030000 		.4byte	.LASF89
 1085 0615 01       		.byte	0x1
 1086 0616 41       		.byte	0x41
 1087 0617 20060000 		.4byte	0x620
 1088 061b 00000000 		.4byte	.LLST0
 1089 061f 00       		.byte	0
 1090 0620 09       		.uleb128 0x9
 1091 0621 04       		.byte	0x4
 1092 0622 73020000 		.4byte	0x273
 1093 0626 11       		.uleb128 0x11
 1094 0627 3A020000 		.4byte	.LASF88
 1095 062b 01       		.byte	0x1
 1096 062c 66       		.byte	0x66
 1097 062d 00000000 		.4byte	.LFB9
 1098 0631 60000000 		.4byte	.LFE9-.LFB9
 1099 0635 01       		.uleb128 0x1
 1100 0636 9C       		.byte	0x9c
 1101 0637 5F060000 		.4byte	0x65f
 1102 063b 14       		.uleb128 0x14
 1103 063c 6C7200   		.ascii	"lr\000"
 1104 063f 01       		.byte	0x1
 1105 0640 66       		.byte	0x66
 1106 0641 66020000 		.4byte	0x266
 1107 0645 20000000 		.4byte	.LLST1
 1108 0649 15       		.uleb128 0x15
 1109 064a 00000000 		.4byte	.Ldebug_ranges0+0
 1110 064e 13       		.uleb128 0x13
 1111 064f 1A030000 		.4byte	.LASF89
 1112 0653 01       		.byte	0x1
 1113 0654 69       		.byte	0x69
 1114 0655 20060000 		.4byte	0x620
 1115 0659 33000000 		.4byte	.LLST2
 1116 065d 00       		.byte	0
 1117 065e 00       		.byte	0
 1118 065f 11       		.uleb128 0x11
 1119 0660 38000000 		.4byte	.LASF90
 1120 0664 01       		.byte	0x1
 1121 0665 2F       		.byte	0x2f
 1122 0666 00000000 		.4byte	.LFB7
 1123 066a 14000000 		.4byte	.LFE7-.LFB7
 1124 066e 01       		.uleb128 0x1
 1125 066f 9C       		.byte	0x9c
 1126 0670 9D060000 		.4byte	0x69d
 1127 0674 13       		.uleb128 0x13
 1128 0675 F6020000 		.4byte	.LASF91
 1129 0679 01       		.byte	0x1
 1130 067a 31       		.byte	0x31
 1131 067b 66020000 		.4byte	0x266
 1132 067f 76000000 		.4byte	.LLST3
 1133 0683 12       		.uleb128 0x12
 1134 0684 0A000000 		.4byte	.LVL12
 1135 0688 FD060000 		.4byte	0x6fd
 1136 068c 16       		.uleb128 0x16
ARM GAS  /tmp/ccn6cEix.s 			page 21


 1137 068d 12000000 		.4byte	.LVL13
 1138 0691 26060000 		.4byte	0x626
 1139 0695 17       		.uleb128 0x17
 1140 0696 01       		.uleb128 0x1
 1141 0697 50       		.byte	0x50
 1142 0698 02       		.uleb128 0x2
 1143 0699 74       		.byte	0x74
 1144 069a 00       		.sleb128 0
 1145 069b 00       		.byte	0
 1146 069c 00       		.byte	0
 1147 069d 11       		.uleb128 0x11
 1148 069e C1010000 		.4byte	.LASF92
 1149 06a2 01       		.byte	0x1
 1150 06a3 AC       		.byte	0xac
 1151 06a4 00000000 		.4byte	.LFB11
 1152 06a8 20000000 		.4byte	.LFE11-.LFB11
 1153 06ac 01       		.uleb128 0x1
 1154 06ad 9C       		.byte	0x9c
 1155 06ae DA060000 		.4byte	0x6da
 1156 06b2 18       		.uleb128 0x18
 1157 06b3 6E747000 		.ascii	"ntp\000"
 1158 06b7 01       		.byte	0x1
 1159 06b8 AC       		.byte	0xac
 1160 06b9 35020000 		.4byte	0x235
 1161 06bd 01       		.uleb128 0x1
 1162 06be 50       		.byte	0x50
 1163 06bf 18       		.uleb128 0x18
 1164 06c0 6F747000 		.ascii	"otp\000"
 1165 06c4 01       		.byte	0x1
 1166 06c5 AC       		.byte	0xac
 1167 06c6 35020000 		.4byte	0x235
 1168 06ca 01       		.uleb128 0x1
 1169 06cb 51       		.byte	0x51
 1170 06cc 19       		.uleb128 0x19
 1171 06cd 72313300 		.ascii	"r13\000"
 1172 06d1 01       		.byte	0x1
 1173 06d2 AD       		.byte	0xad
 1174 06d3 66030000 		.4byte	0x366
 1175 06d7 01       		.uleb128 0x1
 1176 06d8 5D       		.byte	0x5d
 1177 06d9 00       		.byte	0
 1178 06da 1A       		.uleb128 0x1a
 1179 06db C3000000 		.4byte	.LASF98
 1180 06df 01       		.byte	0x1
 1181 06e0 C6       		.byte	0xc6
 1182 06e1 00000000 		.4byte	.LFB12
 1183 06e5 0C000000 		.4byte	.LFE12-.LFB12
 1184 06e9 01       		.uleb128 0x1
 1185 06ea 9C       		.byte	0x9c
 1186 06eb 1B       		.uleb128 0x1b
 1187 06ec 06000000 		.4byte	.LASF99
 1188 06f0 09       		.byte	0x9
 1189 06f1 6F       		.byte	0x6f
 1190 06f2 42050000 		.4byte	0x542
 1191 06f6 1C       		.uleb128 0x1c
 1192 06f7 94010000 		.4byte	.LASF93
 1193 06fb 09       		.byte	0x9
ARM GAS  /tmp/ccn6cEix.s 			page 22


 1194 06fc A8       		.byte	0xa8
 1195 06fd 1C       		.uleb128 0x1c
 1196 06fe 25000000 		.4byte	.LASF94
 1197 0702 0B       		.byte	0xb
 1198 0703 F7       		.byte	0xf7
 1199 0704 00       		.byte	0
 1200              		.section	.debug_abbrev,"",%progbits
 1201              	.Ldebug_abbrev0:
 1202 0000 01       		.uleb128 0x1
 1203 0001 11       		.uleb128 0x11
 1204 0002 01       		.byte	0x1
 1205 0003 25       		.uleb128 0x25
 1206 0004 0E       		.uleb128 0xe
 1207 0005 13       		.uleb128 0x13
 1208 0006 0B       		.uleb128 0xb
 1209 0007 03       		.uleb128 0x3
 1210 0008 0E       		.uleb128 0xe
 1211 0009 1B       		.uleb128 0x1b
 1212 000a 0E       		.uleb128 0xe
 1213 000b 55       		.uleb128 0x55
 1214 000c 17       		.uleb128 0x17
 1215 000d 11       		.uleb128 0x11
 1216 000e 01       		.uleb128 0x1
 1217 000f 10       		.uleb128 0x10
 1218 0010 17       		.uleb128 0x17
 1219 0011 00       		.byte	0
 1220 0012 00       		.byte	0
 1221 0013 02       		.uleb128 0x2
 1222 0014 24       		.uleb128 0x24
 1223 0015 00       		.byte	0
 1224 0016 0B       		.uleb128 0xb
 1225 0017 0B       		.uleb128 0xb
 1226 0018 3E       		.uleb128 0x3e
 1227 0019 0B       		.uleb128 0xb
 1228 001a 03       		.uleb128 0x3
 1229 001b 08       		.uleb128 0x8
 1230 001c 00       		.byte	0
 1231 001d 00       		.byte	0
 1232 001e 03       		.uleb128 0x3
 1233 001f 24       		.uleb128 0x24
 1234 0020 00       		.byte	0
 1235 0021 0B       		.uleb128 0xb
 1236 0022 0B       		.uleb128 0xb
 1237 0023 3E       		.uleb128 0x3e
 1238 0024 0B       		.uleb128 0xb
 1239 0025 03       		.uleb128 0x3
 1240 0026 0E       		.uleb128 0xe
 1241 0027 00       		.byte	0
 1242 0028 00       		.byte	0
 1243 0029 04       		.uleb128 0x4
 1244 002a 16       		.uleb128 0x16
 1245 002b 00       		.byte	0
 1246 002c 03       		.uleb128 0x3
 1247 002d 0E       		.uleb128 0xe
 1248 002e 3A       		.uleb128 0x3a
 1249 002f 0B       		.uleb128 0xb
 1250 0030 3B       		.uleb128 0x3b
ARM GAS  /tmp/ccn6cEix.s 			page 23


 1251 0031 0B       		.uleb128 0xb
 1252 0032 49       		.uleb128 0x49
 1253 0033 13       		.uleb128 0x13
 1254 0034 00       		.byte	0
 1255 0035 00       		.byte	0
 1256 0036 05       		.uleb128 0x5
 1257 0037 13       		.uleb128 0x13
 1258 0038 01       		.byte	0x1
 1259 0039 03       		.uleb128 0x3
 1260 003a 0E       		.uleb128 0xe
 1261 003b 0B       		.uleb128 0xb
 1262 003c 0B       		.uleb128 0xb
 1263 003d 3A       		.uleb128 0x3a
 1264 003e 0B       		.uleb128 0xb
 1265 003f 3B       		.uleb128 0x3b
 1266 0040 0B       		.uleb128 0xb
 1267 0041 01       		.uleb128 0x1
 1268 0042 13       		.uleb128 0x13
 1269 0043 00       		.byte	0
 1270 0044 00       		.byte	0
 1271 0045 06       		.uleb128 0x6
 1272 0046 0D       		.uleb128 0xd
 1273 0047 00       		.byte	0
 1274 0048 03       		.uleb128 0x3
 1275 0049 0E       		.uleb128 0xe
 1276 004a 3A       		.uleb128 0x3a
 1277 004b 0B       		.uleb128 0xb
 1278 004c 3B       		.uleb128 0x3b
 1279 004d 0B       		.uleb128 0xb
 1280 004e 49       		.uleb128 0x49
 1281 004f 13       		.uleb128 0x13
 1282 0050 38       		.uleb128 0x38
 1283 0051 0B       		.uleb128 0xb
 1284 0052 00       		.byte	0
 1285 0053 00       		.byte	0
 1286 0054 07       		.uleb128 0x7
 1287 0055 0D       		.uleb128 0xd
 1288 0056 00       		.byte	0
 1289 0057 03       		.uleb128 0x3
 1290 0058 08       		.uleb128 0x8
 1291 0059 3A       		.uleb128 0x3a
 1292 005a 0B       		.uleb128 0xb
 1293 005b 3B       		.uleb128 0x3b
 1294 005c 0B       		.uleb128 0xb
 1295 005d 49       		.uleb128 0x49
 1296 005e 13       		.uleb128 0x13
 1297 005f 38       		.uleb128 0x38
 1298 0060 0B       		.uleb128 0xb
 1299 0061 00       		.byte	0
 1300 0062 00       		.byte	0
 1301 0063 08       		.uleb128 0x8
 1302 0064 13       		.uleb128 0x13
 1303 0065 01       		.byte	0x1
 1304 0066 0B       		.uleb128 0xb
 1305 0067 0B       		.uleb128 0xb
 1306 0068 3A       		.uleb128 0x3a
 1307 0069 0B       		.uleb128 0xb
ARM GAS  /tmp/ccn6cEix.s 			page 24


 1308 006a 3B       		.uleb128 0x3b
 1309 006b 0B       		.uleb128 0xb
 1310 006c 01       		.uleb128 0x1
 1311 006d 13       		.uleb128 0x13
 1312 006e 00       		.byte	0
 1313 006f 00       		.byte	0
 1314 0070 09       		.uleb128 0x9
 1315 0071 0F       		.uleb128 0xf
 1316 0072 00       		.byte	0
 1317 0073 0B       		.uleb128 0xb
 1318 0074 0B       		.uleb128 0xb
 1319 0075 49       		.uleb128 0x49
 1320 0076 13       		.uleb128 0x13
 1321 0077 00       		.byte	0
 1322 0078 00       		.byte	0
 1323 0079 0A       		.uleb128 0xa
 1324 007a 0F       		.uleb128 0xf
 1325 007b 00       		.byte	0
 1326 007c 0B       		.uleb128 0xb
 1327 007d 0B       		.uleb128 0xb
 1328 007e 00       		.byte	0
 1329 007f 00       		.byte	0
 1330 0080 0B       		.uleb128 0xb
 1331 0081 35       		.uleb128 0x35
 1332 0082 00       		.byte	0
 1333 0083 49       		.uleb128 0x49
 1334 0084 13       		.uleb128 0x13
 1335 0085 00       		.byte	0
 1336 0086 00       		.byte	0
 1337 0087 0C       		.uleb128 0xc
 1338 0088 01       		.uleb128 0x1
 1339 0089 01       		.byte	0x1
 1340 008a 49       		.uleb128 0x49
 1341 008b 13       		.uleb128 0x13
 1342 008c 01       		.uleb128 0x1
 1343 008d 13       		.uleb128 0x13
 1344 008e 00       		.byte	0
 1345 008f 00       		.byte	0
 1346 0090 0D       		.uleb128 0xd
 1347 0091 21       		.uleb128 0x21
 1348 0092 00       		.byte	0
 1349 0093 49       		.uleb128 0x49
 1350 0094 13       		.uleb128 0x13
 1351 0095 2F       		.uleb128 0x2f
 1352 0096 0B       		.uleb128 0xb
 1353 0097 00       		.byte	0
 1354 0098 00       		.byte	0
 1355 0099 0E       		.uleb128 0xe
 1356 009a 17       		.uleb128 0x17
 1357 009b 01       		.byte	0x1
 1358 009c 0B       		.uleb128 0xb
 1359 009d 0B       		.uleb128 0xb
 1360 009e 3A       		.uleb128 0x3a
 1361 009f 0B       		.uleb128 0xb
 1362 00a0 3B       		.uleb128 0x3b
 1363 00a1 0B       		.uleb128 0xb
 1364 00a2 01       		.uleb128 0x1
ARM GAS  /tmp/ccn6cEix.s 			page 25


 1365 00a3 13       		.uleb128 0x13
 1366 00a4 00       		.byte	0
 1367 00a5 00       		.byte	0
 1368 00a6 0F       		.uleb128 0xf
 1369 00a7 0D       		.uleb128 0xd
 1370 00a8 00       		.byte	0
 1371 00a9 03       		.uleb128 0x3
 1372 00aa 0E       		.uleb128 0xe
 1373 00ab 3A       		.uleb128 0x3a
 1374 00ac 0B       		.uleb128 0xb
 1375 00ad 3B       		.uleb128 0x3b
 1376 00ae 0B       		.uleb128 0xb
 1377 00af 49       		.uleb128 0x49
 1378 00b0 13       		.uleb128 0x13
 1379 00b1 00       		.byte	0
 1380 00b2 00       		.byte	0
 1381 00b3 10       		.uleb128 0x10
 1382 00b4 26       		.uleb128 0x26
 1383 00b5 00       		.byte	0
 1384 00b6 49       		.uleb128 0x49
 1385 00b7 13       		.uleb128 0x13
 1386 00b8 00       		.byte	0
 1387 00b9 00       		.byte	0
 1388 00ba 11       		.uleb128 0x11
 1389 00bb 2E       		.uleb128 0x2e
 1390 00bc 01       		.byte	0x1
 1391 00bd 3F       		.uleb128 0x3f
 1392 00be 19       		.uleb128 0x19
 1393 00bf 03       		.uleb128 0x3
 1394 00c0 0E       		.uleb128 0xe
 1395 00c1 3A       		.uleb128 0x3a
 1396 00c2 0B       		.uleb128 0xb
 1397 00c3 3B       		.uleb128 0x3b
 1398 00c4 0B       		.uleb128 0xb
 1399 00c5 27       		.uleb128 0x27
 1400 00c6 19       		.uleb128 0x19
 1401 00c7 11       		.uleb128 0x11
 1402 00c8 01       		.uleb128 0x1
 1403 00c9 12       		.uleb128 0x12
 1404 00ca 06       		.uleb128 0x6
 1405 00cb 40       		.uleb128 0x40
 1406 00cc 18       		.uleb128 0x18
 1407 00cd 9742     		.uleb128 0x2117
 1408 00cf 19       		.uleb128 0x19
 1409 00d0 01       		.uleb128 0x1
 1410 00d1 13       		.uleb128 0x13
 1411 00d2 00       		.byte	0
 1412 00d3 00       		.byte	0
 1413 00d4 12       		.uleb128 0x12
 1414 00d5 898201   		.uleb128 0x4109
 1415 00d8 00       		.byte	0
 1416 00d9 11       		.uleb128 0x11
 1417 00da 01       		.uleb128 0x1
 1418 00db 31       		.uleb128 0x31
 1419 00dc 13       		.uleb128 0x13
 1420 00dd 00       		.byte	0
 1421 00de 00       		.byte	0
ARM GAS  /tmp/ccn6cEix.s 			page 26


 1422 00df 13       		.uleb128 0x13
 1423 00e0 34       		.uleb128 0x34
 1424 00e1 00       		.byte	0
 1425 00e2 03       		.uleb128 0x3
 1426 00e3 0E       		.uleb128 0xe
 1427 00e4 3A       		.uleb128 0x3a
 1428 00e5 0B       		.uleb128 0xb
 1429 00e6 3B       		.uleb128 0x3b
 1430 00e7 0B       		.uleb128 0xb
 1431 00e8 49       		.uleb128 0x49
 1432 00e9 13       		.uleb128 0x13
 1433 00ea 02       		.uleb128 0x2
 1434 00eb 17       		.uleb128 0x17
 1435 00ec 00       		.byte	0
 1436 00ed 00       		.byte	0
 1437 00ee 14       		.uleb128 0x14
 1438 00ef 05       		.uleb128 0x5
 1439 00f0 00       		.byte	0
 1440 00f1 03       		.uleb128 0x3
 1441 00f2 08       		.uleb128 0x8
 1442 00f3 3A       		.uleb128 0x3a
 1443 00f4 0B       		.uleb128 0xb
 1444 00f5 3B       		.uleb128 0x3b
 1445 00f6 0B       		.uleb128 0xb
 1446 00f7 49       		.uleb128 0x49
 1447 00f8 13       		.uleb128 0x13
 1448 00f9 02       		.uleb128 0x2
 1449 00fa 17       		.uleb128 0x17
 1450 00fb 00       		.byte	0
 1451 00fc 00       		.byte	0
 1452 00fd 15       		.uleb128 0x15
 1453 00fe 0B       		.uleb128 0xb
 1454 00ff 01       		.byte	0x1
 1455 0100 55       		.uleb128 0x55
 1456 0101 17       		.uleb128 0x17
 1457 0102 00       		.byte	0
 1458 0103 00       		.byte	0
 1459 0104 16       		.uleb128 0x16
 1460 0105 898201   		.uleb128 0x4109
 1461 0108 01       		.byte	0x1
 1462 0109 11       		.uleb128 0x11
 1463 010a 01       		.uleb128 0x1
 1464 010b 31       		.uleb128 0x31
 1465 010c 13       		.uleb128 0x13
 1466 010d 00       		.byte	0
 1467 010e 00       		.byte	0
 1468 010f 17       		.uleb128 0x17
 1469 0110 8A8201   		.uleb128 0x410a
 1470 0113 00       		.byte	0
 1471 0114 02       		.uleb128 0x2
 1472 0115 18       		.uleb128 0x18
 1473 0116 9142     		.uleb128 0x2111
 1474 0118 18       		.uleb128 0x18
 1475 0119 00       		.byte	0
 1476 011a 00       		.byte	0
 1477 011b 18       		.uleb128 0x18
 1478 011c 05       		.uleb128 0x5
ARM GAS  /tmp/ccn6cEix.s 			page 27


 1479 011d 00       		.byte	0
 1480 011e 03       		.uleb128 0x3
 1481 011f 08       		.uleb128 0x8
 1482 0120 3A       		.uleb128 0x3a
 1483 0121 0B       		.uleb128 0xb
 1484 0122 3B       		.uleb128 0x3b
 1485 0123 0B       		.uleb128 0xb
 1486 0124 49       		.uleb128 0x49
 1487 0125 13       		.uleb128 0x13
 1488 0126 02       		.uleb128 0x2
 1489 0127 18       		.uleb128 0x18
 1490 0128 00       		.byte	0
 1491 0129 00       		.byte	0
 1492 012a 19       		.uleb128 0x19
 1493 012b 34       		.uleb128 0x34
 1494 012c 00       		.byte	0
 1495 012d 03       		.uleb128 0x3
 1496 012e 08       		.uleb128 0x8
 1497 012f 3A       		.uleb128 0x3a
 1498 0130 0B       		.uleb128 0xb
 1499 0131 3B       		.uleb128 0x3b
 1500 0132 0B       		.uleb128 0xb
 1501 0133 49       		.uleb128 0x49
 1502 0134 13       		.uleb128 0x13
 1503 0135 02       		.uleb128 0x2
 1504 0136 18       		.uleb128 0x18
 1505 0137 00       		.byte	0
 1506 0138 00       		.byte	0
 1507 0139 1A       		.uleb128 0x1a
 1508 013a 2E       		.uleb128 0x2e
 1509 013b 00       		.byte	0
 1510 013c 3F       		.uleb128 0x3f
 1511 013d 19       		.uleb128 0x19
 1512 013e 03       		.uleb128 0x3
 1513 013f 0E       		.uleb128 0xe
 1514 0140 3A       		.uleb128 0x3a
 1515 0141 0B       		.uleb128 0xb
 1516 0142 3B       		.uleb128 0x3b
 1517 0143 0B       		.uleb128 0xb
 1518 0144 27       		.uleb128 0x27
 1519 0145 19       		.uleb128 0x19
 1520 0146 11       		.uleb128 0x11
 1521 0147 01       		.uleb128 0x1
 1522 0148 12       		.uleb128 0x12
 1523 0149 06       		.uleb128 0x6
 1524 014a 40       		.uleb128 0x40
 1525 014b 18       		.uleb128 0x18
 1526 014c 9742     		.uleb128 0x2117
 1527 014e 19       		.uleb128 0x19
 1528 014f 00       		.byte	0
 1529 0150 00       		.byte	0
 1530 0151 1B       		.uleb128 0x1b
 1531 0152 34       		.uleb128 0x34
 1532 0153 00       		.byte	0
 1533 0154 03       		.uleb128 0x3
 1534 0155 0E       		.uleb128 0xe
 1535 0156 3A       		.uleb128 0x3a
ARM GAS  /tmp/ccn6cEix.s 			page 28


 1536 0157 0B       		.uleb128 0xb
 1537 0158 3B       		.uleb128 0x3b
 1538 0159 0B       		.uleb128 0xb
 1539 015a 49       		.uleb128 0x49
 1540 015b 13       		.uleb128 0x13
 1541 015c 3F       		.uleb128 0x3f
 1542 015d 19       		.uleb128 0x19
 1543 015e 3C       		.uleb128 0x3c
 1544 015f 19       		.uleb128 0x19
 1545 0160 00       		.byte	0
 1546 0161 00       		.byte	0
 1547 0162 1C       		.uleb128 0x1c
 1548 0163 2E       		.uleb128 0x2e
 1549 0164 00       		.byte	0
 1550 0165 3F       		.uleb128 0x3f
 1551 0166 19       		.uleb128 0x19
 1552 0167 03       		.uleb128 0x3
 1553 0168 0E       		.uleb128 0xe
 1554 0169 3A       		.uleb128 0x3a
 1555 016a 0B       		.uleb128 0xb
 1556 016b 3B       		.uleb128 0x3b
 1557 016c 0B       		.uleb128 0xb
 1558 016d 27       		.uleb128 0x27
 1559 016e 19       		.uleb128 0x19
 1560 016f 3C       		.uleb128 0x3c
 1561 0170 19       		.uleb128 0x19
 1562 0171 00       		.byte	0
 1563 0172 00       		.byte	0
 1564 0173 00       		.byte	0
 1565              		.section	.debug_loc,"",%progbits
 1566              	.Ldebug_loc0:
 1567              	.LLST0:
 1568 0000 04000000 		.4byte	.LVL1
 1569 0004 06000000 		.4byte	.LVL2
 1570 0008 0300     		.2byte	0x3
 1571 000a 73       		.byte	0x73
 1572 000b 20       		.sleb128 32
 1573 000c 9F       		.byte	0x9f
 1574 000d 06000000 		.4byte	.LVL2
 1575 0011 0E000000 		.4byte	.LFE8
 1576 0015 0100     		.2byte	0x1
 1577 0017 53       		.byte	0x53
 1578 0018 00000000 		.4byte	0
 1579 001c 00000000 		.4byte	0
 1580              	.LLST1:
 1581 0020 00000000 		.4byte	.LVL3
 1582 0024 06000000 		.4byte	.LVL4
 1583 0028 0100     		.2byte	0x1
 1584 002a 50       		.byte	0x50
 1585 002b 00000000 		.4byte	0
 1586 002f 00000000 		.4byte	0
 1587              	.LLST2:
 1588 0033 0C000000 		.4byte	.LVL5
 1589 0037 10000000 		.4byte	.LVL6
 1590 003b 0300     		.2byte	0x3
 1591 003d 73       		.byte	0x73
 1592 003e 60       		.sleb128 -32
ARM GAS  /tmp/ccn6cEix.s 			page 29


 1593 003f 9F       		.byte	0x9f
 1594 0040 10000000 		.4byte	.LVL6
 1595 0044 18000000 		.4byte	.LVL7
 1596 0048 0100     		.2byte	0x1
 1597 004a 52       		.byte	0x52
 1598 004b 18000000 		.4byte	.LVL7
 1599 004f 1C000000 		.4byte	.LVL8
 1600 0053 0300     		.2byte	0x3
 1601 0055 73       		.byte	0x73
 1602 0056 60       		.sleb128 -32
 1603 0057 9F       		.byte	0x9f
 1604 0058 1C000000 		.4byte	.LVL8
 1605 005c 3A000000 		.4byte	.LVL9
 1606 0060 0100     		.2byte	0x1
 1607 0062 53       		.byte	0x53
 1608 0063 3C000000 		.4byte	.LVL10
 1609 0067 60000000 		.4byte	.LFE9
 1610 006b 0100     		.2byte	0x1
 1611 006d 53       		.byte	0x53
 1612 006e 00000000 		.4byte	0
 1613 0072 00000000 		.4byte	0
 1614              	.LLST3:
 1615 0076 04000000 		.4byte	.LVL11
 1616 007a 12000000 		.4byte	.LVL14
 1617 007e 0100     		.2byte	0x1
 1618 0080 54       		.byte	0x54
 1619 0081 00000000 		.4byte	0
 1620 0085 00000000 		.4byte	0
 1621              		.section	.debug_aranges,"",%progbits
 1622 0000 44000000 		.4byte	0x44
 1623 0004 0200     		.2byte	0x2
 1624 0006 00000000 		.4byte	.Ldebug_info0
 1625 000a 04       		.byte	0x4
 1626 000b 00       		.byte	0
 1627 000c 0000     		.2byte	0
 1628 000e 0000     		.2byte	0
 1629 0010 00000000 		.4byte	.LFB10
 1630 0014 14000000 		.4byte	.LFE10-.LFB10
 1631 0018 00000000 		.4byte	.LFB8
 1632 001c 0E000000 		.4byte	.LFE8-.LFB8
 1633 0020 00000000 		.4byte	.LFB9
 1634 0024 60000000 		.4byte	.LFE9-.LFB9
 1635 0028 00000000 		.4byte	.LFB7
 1636 002c 14000000 		.4byte	.LFE7-.LFB7
 1637 0030 00000000 		.4byte	.LFB11
 1638 0034 20000000 		.4byte	.LFE11-.LFB11
 1639 0038 00000000 		.4byte	.LFB12
 1640 003c 0C000000 		.4byte	.LFE12-.LFB12
 1641 0040 00000000 		.4byte	0
 1642 0044 00000000 		.4byte	0
 1643              		.section	.debug_ranges,"",%progbits
 1644              	.Ldebug_ranges0:
 1645 0000 06000000 		.4byte	.LBB2
 1646 0004 3A000000 		.4byte	.LBE2
 1647 0008 3C000000 		.4byte	.LBB3
 1648 000c 60000000 		.4byte	.LBE3
 1649 0010 00000000 		.4byte	0
ARM GAS  /tmp/ccn6cEix.s 			page 30


 1650 0014 00000000 		.4byte	0
 1651 0018 00000000 		.4byte	.LFB10
 1652 001c 14000000 		.4byte	.LFE10
 1653 0020 00000000 		.4byte	.LFB8
 1654 0024 0E000000 		.4byte	.LFE8
 1655 0028 00000000 		.4byte	.LFB9
 1656 002c 60000000 		.4byte	.LFE9
 1657 0030 00000000 		.4byte	.LFB7
 1658 0034 14000000 		.4byte	.LFE7
 1659 0038 00000000 		.4byte	.LFB11
 1660 003c 20000000 		.4byte	.LFE11
 1661 0040 00000000 		.4byte	.LFB12
 1662 0044 0C000000 		.4byte	.LFE12
 1663 0048 00000000 		.4byte	0
 1664 004c 00000000 		.4byte	0
 1665              		.section	.debug_line,"",%progbits
 1666              	.Ldebug_line0:
 1667 0000 CA010000 		.section	.debug_str,"MS",%progbits,1
 1667      02003501 
 1667      00000201 
 1667      FB0E0D00 
 1667      01010101 
 1668              	.LASF39:
 1669 0000 705F6D73 		.ascii	"p_msg\000"
 1669      6700
 1670              	.LASF99:
 1671 0006 726C6973 		.ascii	"rlist\000"
 1671      7400
 1672              	.LASF81:
 1673 000c 7264796D 		.ascii	"rdymsg\000"
 1673      736700
 1674              	.LASF5:
 1675 0013 5F5F7569 		.ascii	"__uint8_t\000"
 1675      6E74385F 
 1675      7400
 1676              	.LASF69:
 1677 001d 434D785F 		.ascii	"CMx_SCB\000"
 1677      53434200 
 1678              	.LASF94:
 1679 0025 63685379 		.ascii	"chSysTimerHandlerI\000"
 1679      7354696D 
 1679      65724861 
 1679      6E646C65 
 1679      724900
 1680              	.LASF90:
 1681 0038 53797354 		.ascii	"SysTickVector\000"
 1681      69636B56 
 1681      6563746F 
 1681      7200
 1682              	.LASF11:
 1683 0046 6C6F6E67 		.ascii	"long long unsigned int\000"
 1683      206C6F6E 
 1683      6720756E 
 1683      7369676E 
 1683      65642069 
 1684              	.LASF82:
 1685 005d 65786974 		.ascii	"exitcode\000"
ARM GAS  /tmp/ccn6cEix.s 			page 31


 1685      636F6465 
 1685      00
 1686              	.LASF54:
 1687 0066 43505549 		.ascii	"CPUID\000"
 1687      4400
 1688              	.LASF27:
 1689 006c 705F7072 		.ascii	"p_prio\000"
 1689      696F00
 1690              	.LASF87:
 1691 0073 4E4D4956 		.ascii	"NMIVector\000"
 1691      6563746F 
 1691      7200
 1692              	.LASF10:
 1693 007d 6C6F6E67 		.ascii	"long long int\000"
 1693      206C6F6E 
 1693      6720696E 
 1693      7400
 1694              	.LASF1:
 1695 008b 7369676E 		.ascii	"signed char\000"
 1695      65642063 
 1695      68617200 
 1696              	.LASF43:
 1697 0097 705F6D70 		.ascii	"p_mpool\000"
 1697      6F6F6C00 
 1698              	.LASF78:
 1699 009f 6D5F7175 		.ascii	"m_queue\000"
 1699      65756500 
 1700              	.LASF19:
 1701 00a7 74736C69 		.ascii	"tslices_t\000"
 1701      6365735F 
 1701      7400
 1702              	.LASF7:
 1703 00b1 6C6F6E67 		.ascii	"long int\000"
 1703      20696E74 
 1703      00
 1704              	.LASF17:
 1705 00ba 74737461 		.ascii	"tstate_t\000"
 1705      74655F74 
 1705      00
 1706              	.LASF98:
 1707 00c3 5F706F72 		.ascii	"_port_thread_start\000"
 1707      745F7468 
 1707      72656164 
 1707      5F737461 
 1707      727400
 1708              	.LASF29:
 1709 00d6 705F6E65 		.ascii	"p_newer\000"
 1709      77657200 
 1710              	.LASF64:
 1711 00de 42464152 		.ascii	"BFAR\000"
 1711      00
 1712              	.LASF95:
 1713 00e3 474E5520 		.ascii	"GNU C 4.8.2 -mcpu=cortex-m0 -mno-thumb-interwork -m"
 1713      4320342E 
 1713      382E3220 
 1713      2D6D6370 
 1713      753D636F 
ARM GAS  /tmp/ccn6cEix.s 			page 32


 1714 0116 7468756D 		.ascii	"thumb -ggdb -O2 -fomit-frame-pointer -falign-functi"
 1714      62202D67 
 1714      67646220 
 1714      2D4F3220 
 1714      2D666F6D 
 1715 0149 6F6E733D 		.ascii	"ons=16 -ffunction-sections -fdata-sections -fno-com"
 1715      3136202D 
 1715      6666756E 
 1715      6374696F 
 1715      6E2D7365 
 1716 017c 6D6F6E00 		.ascii	"mon\000"
 1717              	.LASF8:
 1718 0180 5F5F7569 		.ascii	"__uint32_t\000"
 1718      6E743332 
 1718      5F7400
 1719              	.LASF46:
 1720 018b 72656761 		.ascii	"regarm_t\000"
 1720      726D5F74 
 1720      00
 1721              	.LASF93:
 1722 0194 63685363 		.ascii	"chSchDoReschedule\000"
 1722      68446F52 
 1722      65736368 
 1722      6564756C 
 1722      6500
 1723              	.LASF0:
 1724 01a6 756E7369 		.ascii	"unsigned int\000"
 1724      676E6564 
 1724      20696E74 
 1724      00
 1725              	.LASF48:
 1726 01b3 6C725F74 		.ascii	"lr_thd\000"
 1726      686400
 1727              	.LASF47:
 1728 01ba 65787463 		.ascii	"extctx\000"
 1728      747800
 1729              	.LASF92:
 1730 01c1 5F706F72 		.ascii	"_port_switch\000"
 1730      745F7377 
 1730      69746368 
 1730      00
 1731              	.LASF9:
 1732 01ce 6C6F6E67 		.ascii	"long unsigned int\000"
 1732      20756E73 
 1732      69676E65 
 1732      6420696E 
 1732      7400
 1733              	.LASF56:
 1734 01e0 56544F52 		.ascii	"VTOR\000"
 1734      00
 1735              	.LASF86:
 1736 01e5 5F706F72 		.ascii	"_port_switch_from_isr\000"
 1736      745F7377 
 1736      69746368 
 1736      5F66726F 
 1736      6D5F6973 
 1737              	.LASF51:
ARM GAS  /tmp/ccn6cEix.s 			page 33


 1738 01fb 636F6E74 		.ascii	"context\000"
 1738      65787400 
 1739              	.LASF4:
 1740 0203 73686F72 		.ascii	"short unsigned int\000"
 1740      7420756E 
 1740      7369676E 
 1740      65642069 
 1740      6E7400
 1741              	.LASF55:
 1742 0216 49435352 		.ascii	"ICSR\000"
 1742      00
 1743              	.LASF21:
 1744 021b 6D73675F 		.ascii	"msg_t\000"
 1744      7400
 1745              	.LASF57:
 1746 0221 41495243 		.ascii	"AIRCR\000"
 1746      5200
 1747              	.LASF62:
 1748 0227 44465352 		.ascii	"DFSR\000"
 1748      00
 1749              	.LASF73:
 1750 022c 725F6E65 		.ascii	"r_newer\000"
 1750      77657200 
 1751              	.LASF63:
 1752 0234 4D4D4641 		.ascii	"MMFAR\000"
 1752      5200
 1753              	.LASF88:
 1754 023a 5F706F72 		.ascii	"_port_irq_epilogue\000"
 1754      745F6972 
 1754      715F6570 
 1754      696C6F67 
 1754      756500
 1755              	.LASF16:
 1756 024d 746D6F64 		.ascii	"tmode_t\000"
 1756      655F7400 
 1757              	.LASF45:
 1758 0255 54687265 		.ascii	"ThreadsList\000"
 1758      6164734C 
 1758      69737400 
 1759              	.LASF22:
 1760 0261 6576656E 		.ascii	"eventmask_t\000"
 1760      746D6173 
 1760      6B5F7400 
 1761              	.LASF77:
 1762 026d 4D757465 		.ascii	"Mutex\000"
 1762      7800
 1763              	.LASF53:
 1764 0273 73697A65 		.ascii	"sizetype\000"
 1764      74797065 
 1764      00
 1765              	.LASF60:
 1766 027c 43465352 		.ascii	"CFSR\000"
 1766      00
 1767              	.LASF30:
 1768 0281 705F6F6C 		.ascii	"p_older\000"
 1768      64657200 
 1769              	.LASF72:
ARM GAS  /tmp/ccn6cEix.s 			page 34


 1770 0289 725F6374 		.ascii	"r_ctx\000"
 1770      7800
 1771              	.LASF44:
 1772 028f 54687265 		.ascii	"ThreadsQueue\000"
 1772      61647351 
 1772      75657565 
 1772      00
 1773              	.LASF97:
 1774 029c 2F686F6D 		.ascii	"/home/ece497/vbox-shared/mplayer/ChibiOS-RT-stable_"
 1774      652F6563 
 1774      65343937 
 1774      2F76626F 
 1774      782D7368 
 1775 02cf 322E362E 		.ascii	"2.6.x/demos/ARMCM0-STM32F051-DISCOVERY\000"
 1775      782F6465 
 1775      6D6F732F 
 1775      41524D43 
 1775      4D302D53 
 1776              	.LASF91:
 1777 02f6 5F736176 		.ascii	"_saved_lr\000"
 1777      65645F6C 
 1777      7200
 1778              	.LASF75:
 1779 0300 725F6375 		.ascii	"r_current\000"
 1779      7272656E 
 1779      7400
 1780              	.LASF74:
 1781 030a 725F6F6C 		.ascii	"r_older\000"
 1781      64657200 
 1782              	.LASF18:
 1783 0312 74726566 		.ascii	"trefs_t\000"
 1783      735F7400 
 1784              	.LASF89:
 1785 031a 63747870 		.ascii	"ctxp\000"
 1785      00
 1786              	.LASF26:
 1787 031f 705F7072 		.ascii	"p_prev\000"
 1787      657600
 1788              	.LASF20:
 1789 0326 74707269 		.ascii	"tprio_t\000"
 1789      6F5F7400 
 1790              	.LASF15:
 1791 032e 5F426F6F 		.ascii	"_Bool\000"
 1791      6C00
 1792              	.LASF13:
 1793 0334 696E7433 		.ascii	"int32_t\000"
 1793      325F7400 
 1794              	.LASF2:
 1795 033c 756E7369 		.ascii	"unsigned char\000"
 1795      676E6564 
 1795      20636861 
 1795      7200
 1796              	.LASF59:
 1797 034a 53484353 		.ascii	"SHCSR\000"
 1797      5200
 1798              	.LASF41:
 1799 0350 705F6D74 		.ascii	"p_mtxlist\000"
ARM GAS  /tmp/ccn6cEix.s 			page 35


 1799      786C6973 
 1799      7400
 1800              	.LASF3:
 1801 035a 73686F72 		.ascii	"short int\000"
 1801      7420696E 
 1801      7400
 1802              	.LASF32:
 1803 0364 705F7374 		.ascii	"p_state\000"
 1803      61746500 
 1804              	.LASF35:
 1805 036c 705F7072 		.ascii	"p_preempt\000"
 1805      65656D70 
 1805      7400
 1806              	.LASF49:
 1807 0376 78707372 		.ascii	"xpsr\000"
 1807      00
 1808              	.LASF71:
 1809 037b 725F7072 		.ascii	"r_prio\000"
 1809      696F00
 1810              	.LASF84:
 1811 0382 65776D61 		.ascii	"ewmask\000"
 1811      736B00
 1812              	.LASF25:
 1813 0389 705F6E65 		.ascii	"p_next\000"
 1813      787400
 1814              	.LASF33:
 1815 0390 705F666C 		.ascii	"p_flags\000"
 1815      61677300 
 1816              	.LASF24:
 1817 0398 54687265 		.ascii	"Thread\000"
 1817      616400
 1818              	.LASF40:
 1819 039f 705F6570 		.ascii	"p_epending\000"
 1819      656E6469 
 1819      6E6700
 1820              	.LASF14:
 1821 03aa 75696E74 		.ascii	"uint32_t\000"
 1821      33325F74 
 1821      00
 1822              	.LASF70:
 1823 03b3 725F7175 		.ascii	"r_queue\000"
 1823      65756500 
 1824              	.LASF65:
 1825 03bb 41465352 		.ascii	"AFSR\000"
 1825      00
 1826              	.LASF67:
 1827 03c0 756E7573 		.ascii	"unused1\000"
 1827      65643100 
 1828              	.LASF85:
 1829 03c8 63686172 		.ascii	"char\000"
 1829      00
 1830              	.LASF52:
 1831 03cd 494F5245 		.ascii	"IOREG32\000"
 1831      47333200 
 1832              	.LASF80:
 1833 03d5 6D5F6E65 		.ascii	"m_next\000"
 1833      787400
ARM GAS  /tmp/ccn6cEix.s 			page 36


 1834              	.LASF23:
 1835 03dc 73797374 		.ascii	"systime_t\000"
 1835      696D655F 
 1835      7400
 1836              	.LASF42:
 1837 03e6 705F7265 		.ascii	"p_realprio\000"
 1837      616C7072 
 1837      696F00
 1838              	.LASF6:
 1839 03f1 5F5F696E 		.ascii	"__int32_t\000"
 1839      7433325F 
 1839      7400
 1840              	.LASF36:
 1841 03fb 705F7469 		.ascii	"p_time\000"
 1841      6D6500
 1842              	.LASF58:
 1843 0402 53485052 		.ascii	"SHPR\000"
 1843      00
 1844              	.LASF50:
 1845 0407 696E7463 		.ascii	"intctx\000"
 1845      747800
 1846              	.LASF38:
 1847 040e 705F6D73 		.ascii	"p_msgqueue\000"
 1847      67717565 
 1847      756500
 1848              	.LASF34:
 1849 0419 705F7265 		.ascii	"p_refs\000"
 1849      667300
 1850              	.LASF76:
 1851 0420 52656164 		.ascii	"ReadyList\000"
 1851      794C6973 
 1851      7400
 1852              	.LASF66:
 1853 042a 4D4D4652 		.ascii	"MMFR\000"
 1853      00
 1854              	.LASF96:
 1855 042f 2E2E2F2E 		.ascii	"../../os/ports/GCC/ARMCMx/chcore_v6m.c\000"
 1855      2E2F6F73 
 1855      2F706F72 
 1855      74732F47 
 1855      43432F41 
 1856              	.LASF12:
 1857 0456 75696E74 		.ascii	"uint8_t\000"
 1857      385F7400 
 1858              	.LASF83:
 1859 045e 77746F62 		.ascii	"wtobjp\000"
 1859      6A7000
 1860              	.LASF31:
 1861 0465 705F6E61 		.ascii	"p_name\000"
 1861      6D6500
 1862              	.LASF68:
 1863 046c 43504143 		.ascii	"CPACR\000"
 1863      5200
 1864              	.LASF61:
 1865 0472 48465352 		.ascii	"HFSR\000"
 1865      00
 1866              	.LASF79:
ARM GAS  /tmp/ccn6cEix.s 			page 37


 1867 0477 6D5F6F77 		.ascii	"m_owner\000"
 1867      6E657200 
 1868              	.LASF28:
 1869 047f 705F6374 		.ascii	"p_ctx\000"
 1869      7800
 1870              	.LASF37:
 1871 0485 705F7761 		.ascii	"p_waiting\000"
 1871      6974696E 
 1871      6700
 1872              		.ident	"GCC: (Arch Repository) 4.8.2"
ARM GAS  /tmp/ccn6cEix.s 			page 38


DEFINED SYMBOLS
                            *ABS*:0000000000000000 chcore_v6m.c
     /tmp/ccn6cEix.s:18     .text._port_switch_from_isr:0000000000000000 $t
     /tmp/ccn6cEix.s:24     .text._port_switch_from_isr:0000000000000000 _port_switch_from_isr
     /tmp/ccn6cEix.s:34     .text._port_switch_from_isr:0000000000000004 _port_exit_from_isr
     /tmp/ccn6cEix.s:47     .text._port_switch_from_isr:0000000000000010 $d
     /tmp/ccn6cEix.s:52     .text.NMIVector:0000000000000000 $t
     /tmp/ccn6cEix.s:58     .text.NMIVector:0000000000000000 NMIVector
     /tmp/ccn6cEix.s:87     .text._port_irq_epilogue:0000000000000000 $t
     /tmp/ccn6cEix.s:93     .text._port_irq_epilogue:0000000000000000 _port_irq_epilogue
     /tmp/ccn6cEix.s:180    .text._port_irq_epilogue:0000000000000054 $d
     /tmp/ccn6cEix.s:188    .text.SysTickVector:0000000000000000 $t
     /tmp/ccn6cEix.s:194    .text.SysTickVector:0000000000000000 SysTickVector
     /tmp/ccn6cEix.s:232    .text._port_switch:0000000000000000 $t
     /tmp/ccn6cEix.s:238    .text._port_switch:0000000000000000 _port_switch
     /tmp/ccn6cEix.s:274    .text._port_thread_start:0000000000000000 $t
     /tmp/ccn6cEix.s:280    .text._port_thread_start:0000000000000000 _port_thread_start
                     .debug_frame:0000000000000010 $d
     /tmp/ccn6cEix.s:51     .text._port_switch_from_isr:0000000000000014 $t

UNDEFINED SYMBOLS
chSchDoReschedule
rlist
chSysTimerHandlerI
chThdExit
