ARM GAS  /tmp/ccqyQdS0.s 			page 1


   1              		.cpu cortex-m0
   2              		.fpu softvfp
   3              		.eabi_attribute 20, 1
   4              		.eabi_attribute 21, 1
   5              		.eabi_attribute 23, 3
   6              		.eabi_attribute 24, 1
   7              		.eabi_attribute 25, 1
   8              		.eabi_attribute 26, 1
   9              		.eabi_attribute 30, 2
  10              		.eabi_attribute 34, 0
  11              		.eabi_attribute 18, 4
  12              		.code	16
  13              		.file	"chdynamic.c"
  14              		.text
  15              	.Ltext0:
  16              		.cfi_sections	.debug_frame
  17              		.section	.text.chThdAddRef,"ax",%progbits
  18              		.align	2
  19              		.p2align 4,,15
  20              		.global	chThdAddRef
  21              		.code	16
  22              		.thumb_func
  23              		.type	chThdAddRef, %function
  24              	chThdAddRef:
  25              	.LFB7:
  26              		.file 1 "../../os/kernel/src/chdynamic.c"
  27              		.loc 1 52 0
  28              		.cfi_startproc
  29              	.LVL0:
  30              		.loc 1 54 0
  31              	@ 54 "../../os/kernel/src/chdynamic.c" 1
  32 0000 72B6     		cpsid   i
  33              	@ 0 "" 2
  34              		.loc 1 56 0
  35              		.code	16
  36 0002 837F     		ldrb	r3, [r0, #30]
  37 0004 0133     		add	r3, r3, #1
  38 0006 8377     		strb	r3, [r0, #30]
  39              		.loc 1 57 0
  40              	@ 57 "../../os/kernel/src/chdynamic.c" 1
  41 0008 62B6     		cpsie   i
  42              	@ 0 "" 2
  43              		.loc 1 59 0
  44              		.code	16
  45              		@ sp needed
  46 000a 7047     		bx	lr
  47              		.cfi_endproc
  48              	.LFE7:
  49              		.size	chThdAddRef, .-chThdAddRef
  50 000c C046C046 		.section	.text.chThdRelease,"ax",%progbits
  51              		.align	2
  52              		.p2align 4,,15
  53              		.global	chThdRelease
  54              		.code	16
  55              		.thumb_func
  56              		.type	chThdRelease, %function
  57              	chThdRelease:
ARM GAS  /tmp/ccqyQdS0.s 			page 2


  58              	.LFB8:
  59              		.loc 1 74 0
  60              		.cfi_startproc
  61              	.LVL1:
  62 0000 08B5     		push	{r3, lr}
  63              		.cfi_def_cfa_offset 8
  64              		.cfi_offset 3, -8
  65              		.cfi_offset 14, -4
  66              		.loc 1 74 0
  67 0002 011C     		mov	r1, r0
  68              		.loc 1 77 0
  69              	@ 77 "../../os/kernel/src/chdynamic.c" 1
  70 0004 72B6     		cpsid   i
  71              	@ 0 "" 2
  72              		.loc 1 79 0
  73              		.code	16
  74 0006 837F     		ldrb	r3, [r0, #30]
  75 0008 013B     		sub	r3, r3, #1
  76 000a DBB2     		uxtb	r3, r3
  77 000c 8377     		strb	r3, [r0, #30]
  78              	.LVL2:
  79              		.loc 1 80 0
  80              	@ 80 "../../os/kernel/src/chdynamic.c" 1
  81 000e 62B6     		cpsie   i
  82              	@ 0 "" 2
  83              		.loc 1 85 0
  84              		.code	16
  85 0010 002B     		cmp	r3, #0
  86 0012 02D1     		bne	.L2
  87              		.loc 1 85 0 is_stmt 0 discriminator 1
  88 0014 037F     		ldrb	r3, [r0, #28]
  89              	.LVL3:
  90 0016 0E2B     		cmp	r3, #14
  91 0018 00D0     		beq	.L7
  92              	.LVL4:
  93              	.L2:
  94              		.loc 1 105 0 is_stmt 1
  95              		@ sp needed
  96 001a 08BD     		pop	{r3, pc}
  97              	.LVL5:
  98              	.L7:
  99              		.loc 1 86 0
 100 001c 437F     		ldrb	r3, [r0, #29]
 101 001e 0322     		mov	r2, #3
 102 0020 1340     		and	r3, r2
 103 0022 012B     		cmp	r3, #1
 104 0024 0AD0     		beq	.L4
 105 0026 022B     		cmp	r3, #2
 106 0028 F7D1     		bne	.L2
 107              		.loc 1 98 0
 108 002a 4369     		ldr	r3, [r0, #20]
 109 002c 0269     		ldr	r2, [r0, #16]
 110 002e 1A61     		str	r2, [r3, #16]
 111 0030 0269     		ldr	r2, [r0, #16]
 112              		.loc 1 100 0
 113 0032 406C     		ldr	r0, [r0, #68]
 114              	.LVL6:
ARM GAS  /tmp/ccqyQdS0.s 			page 3


 115              		.loc 1 98 0
 116 0034 5361     		str	r3, [r2, #20]
 117              		.loc 1 100 0
 118 0036 FFF7FEFF 		bl	chPoolFree
 119              	.LVL7:
 120              		.loc 1 101 0
 121 003a EEE7     		b	.L2
 122              	.LVL8:
 123              	.L4:
 124              		.loc 1 90 0
 125 003c 0269     		ldr	r2, [r0, #16]
 126 003e 4369     		ldr	r3, [r0, #20]
 127 0040 1A61     		str	r2, [r3, #16]
 128 0042 0269     		ldr	r2, [r0, #16]
 129 0044 5361     		str	r3, [r2, #20]
 130              		.loc 1 92 0
 131 0046 FFF7FEFF 		bl	chHeapFree
 132              	.LVL9:
 133              		.loc 1 93 0
 134 004a E6E7     		b	.L2
 135              		.cfi_endproc
 136              	.LFE8:
 137              		.size	chThdRelease, .-chThdRelease
 138 004c C046C046 		.section	.text.chThdCreateFromHeap,"ax",%progbits
 139              		.align	2
 140              		.p2align 4,,15
 141              		.global	chThdCreateFromHeap
 142              		.code	16
 143              		.thumb_func
 144              		.type	chThdCreateFromHeap, %function
 145              	chThdCreateFromHeap:
 146              	.LFB9:
 147              		.loc 1 131 0
 148              		.cfi_startproc
 149              	.LVL10:
 150 0000 70B5     		push	{r4, r5, r6, lr}
 151              		.cfi_def_cfa_offset 16
 152              		.cfi_offset 4, -16
 153              		.cfi_offset 5, -12
 154              		.cfi_offset 6, -8
 155              		.cfi_offset 14, -4
 156 0002 82B0     		sub	sp, sp, #8
 157              		.cfi_def_cfa_offset 24
 158              		.loc 1 131 0
 159 0004 0C1C     		mov	r4, r1
 160 0006 161C     		mov	r6, r2
 161 0008 1D1C     		mov	r5, r3
 162              		.loc 1 135 0
 163 000a FFF7FEFF 		bl	chHeapAlloc
 164              	.LVL11:
 165              		.loc 1 136 0
 166 000e 0028     		cmp	r0, #0
 167 0010 11D0     		beq	.L10
 168              		.loc 1 148 0
 169              	@ 148 "../../os/kernel/src/chdynamic.c" 1
 170 0012 72B6     		cpsid   i
 171              	@ 0 "" 2
ARM GAS  /tmp/ccqyQdS0.s 			page 4


 172              		.loc 1 149 0
 173              		.code	16
 174 0014 069B     		ldr	r3, [sp, #24]
 175 0016 211C     		mov	r1, r4
 176 0018 0093     		str	r3, [sp]
 177 001a 321C     		mov	r2, r6
 178 001c 2B1C     		mov	r3, r5
 179 001e FFF7FEFF 		bl	chThdCreateI
 180              	.LVL12:
 181              		.loc 1 150 0
 182 0022 0123     		mov	r3, #1
 183 0024 4377     		strb	r3, [r0, #29]
 184              		.loc 1 151 0
 185 0026 0021     		mov	r1, #0
 186              		.loc 1 149 0
 187 0028 041C     		mov	r4, r0
 188              	.LVL13:
 189              		.loc 1 151 0
 190 002a FFF7FEFF 		bl	chSchWakeupS
 191              	.LVL14:
 192              		.loc 1 152 0
 193              	@ 152 "../../os/kernel/src/chdynamic.c" 1
 194 002e 62B6     		cpsie   i
 195              	@ 0 "" 2
 196              		.loc 1 153 0
 197              		.code	16
 198 0030 201C     		mov	r0, r4
 199              	.LVL15:
 200              	.L9:
 201              		.loc 1 154 0
 202 0032 02B0     		add	sp, sp, #8
 203              		@ sp needed
 204              	.LVL16:
 205              	.LVL17:
 206 0034 70BD     		pop	{r4, r5, r6, pc}
 207              	.LVL18:
 208              	.L10:
 209              		.loc 1 137 0
 210 0036 0020     		mov	r0, #0
 211              	.LVL19:
 212 0038 FBE7     		b	.L9
 213              		.cfi_endproc
 214              	.LFE9:
 215              		.size	chThdCreateFromHeap, .-chThdCreateFromHeap
 216 003a C046C046 		.section	.text.chThdCreateFromMemoryPool,"ax",%progbits
 216      C046
 217              		.align	2
 218              		.p2align 4,,15
 219              		.global	chThdCreateFromMemoryPool
 220              		.code	16
 221              		.thumb_func
 222              		.type	chThdCreateFromMemoryPool, %function
 223              	chThdCreateFromMemoryPool:
 224              	.LFB10:
 225              		.loc 1 180 0
 226              		.cfi_startproc
 227              	.LVL20:
ARM GAS  /tmp/ccqyQdS0.s 			page 5


 228 0000 F0B5     		push	{r4, r5, r6, r7, lr}
 229              		.cfi_def_cfa_offset 20
 230              		.cfi_offset 4, -20
 231              		.cfi_offset 5, -16
 232              		.cfi_offset 6, -12
 233              		.cfi_offset 7, -8
 234              		.cfi_offset 14, -4
 235 0002 83B0     		sub	sp, sp, #12
 236              		.cfi_def_cfa_offset 32
 237              		.loc 1 180 0
 238 0004 051C     		mov	r5, r0
 239 0006 0E1C     		mov	r6, r1
 240 0008 141C     		mov	r4, r2
 241 000a 1F1C     		mov	r7, r3
 242              		.loc 1 186 0
 243 000c FFF7FEFF 		bl	chPoolAlloc
 244              	.LVL21:
 245              		.loc 1 187 0
 246 0010 0028     		cmp	r0, #0
 247 0012 11D0     		beq	.L13
 248              		.loc 1 199 0
 249              	@ 199 "../../os/kernel/src/chdynamic.c" 1
 250 0014 72B6     		cpsid   i
 251              	@ 0 "" 2
 252              		.loc 1 200 0
 253              		.code	16
 254 0016 6968     		ldr	r1, [r5, #4]
 255 0018 321C     		mov	r2, r6
 256 001a 231C     		mov	r3, r4
 257 001c 0097     		str	r7, [sp]
 258 001e FFF7FEFF 		bl	chThdCreateI
 259              	.LVL22:
 260              		.loc 1 201 0
 261 0022 0223     		mov	r3, #2
 262 0024 4377     		strb	r3, [r0, #29]
 263              		.loc 1 202 0
 264 0026 4564     		str	r5, [r0, #68]
 265              		.loc 1 203 0
 266 0028 0021     		mov	r1, #0
 267              		.loc 1 200 0
 268 002a 041C     		mov	r4, r0
 269              	.LVL23:
 270              		.loc 1 203 0
 271 002c FFF7FEFF 		bl	chSchWakeupS
 272              	.LVL24:
 273              		.loc 1 204 0
 274              	@ 204 "../../os/kernel/src/chdynamic.c" 1
 275 0030 62B6     		cpsie   i
 276              	@ 0 "" 2
 277              		.loc 1 205 0
 278              		.code	16
 279 0032 201C     		mov	r0, r4
 280              	.LVL25:
 281              	.L12:
 282              		.loc 1 206 0
 283 0034 03B0     		add	sp, sp, #12
 284              		@ sp needed
ARM GAS  /tmp/ccqyQdS0.s 			page 6


 285              	.LVL26:
 286              	.LVL27:
 287              	.LVL28:
 288 0036 F0BD     		pop	{r4, r5, r6, r7, pc}
 289              	.LVL29:
 290              	.L13:
 291              		.loc 1 188 0
 292 0038 0020     		mov	r0, #0
 293              	.LVL30:
 294 003a FBE7     		b	.L12
 295              		.cfi_endproc
 296              	.LFE10:
 297              		.size	chThdCreateFromMemoryPool, .-chThdCreateFromMemoryPool
 298 003c C046C046 		.text
 299              	.Letext0:
 300              		.file 2 "/usr/lib/gcc/arm-none-eabi/4.8.2/include/stddef.h"
 301              		.file 3 "/usr/arm-none-eabi/include/machine/_default_types.h"
 302              		.file 4 "/usr/arm-none-eabi/include/stdint.h"
 303              		.file 5 "../../os/ports/GCC/ARMCMx/chtypes.h"
 304              		.file 6 "../../os/kernel/include/chlists.h"
 305              		.file 7 "../../os/kernel/include/chthreads.h"
 306              		.file 8 "../../os/ports/GCC/ARMCMx/chcore_v6m.h"
 307              		.file 9 "../../os/kernel/include/chmtx.h"
 308              		.file 10 "../../os/kernel/include/chmemcore.h"
 309              		.file 11 "../../os/kernel/include/chheap.h"
 310              		.file 12 "../../os/kernel/include/chmempools.h"
 311              		.file 13 "../../os/kernel/include/chschd.h"
 312              		.section	.debug_info,"",%progbits
 313              	.Ldebug_info0:
 314 0000 A4070000 		.4byte	0x7a4
 315 0004 0400     		.2byte	0x4
 316 0006 00000000 		.4byte	.Ldebug_abbrev0
 317 000a 04       		.byte	0x4
 318 000b 01       		.uleb128 0x1
 319 000c 42010000 		.4byte	.LASF92
 320 0010 01       		.byte	0x1
 321 0011 0E000000 		.4byte	.LASF93
 322 0015 B4020000 		.4byte	.LASF94
 323 0019 00000000 		.4byte	.Ldebug_ranges0+0
 324 001d 00000000 		.4byte	0
 325 0021 00000000 		.4byte	.Ldebug_line0
 326 0025 02       		.uleb128 0x2
 327 0026 04       		.byte	0x4
 328 0027 05       		.byte	0x5
 329 0028 696E7400 		.ascii	"int\000"
 330 002c 03       		.uleb128 0x3
 331 002d 2E000000 		.4byte	.LASF2
 332 0031 02       		.byte	0x2
 333 0032 D4       		.byte	0xd4
 334 0033 37000000 		.4byte	0x37
 335 0037 04       		.uleb128 0x4
 336 0038 04       		.byte	0x4
 337 0039 07       		.byte	0x7
 338 003a 05020000 		.4byte	.LASF0
 339 003e 04       		.uleb128 0x4
 340 003f 01       		.byte	0x1
 341 0040 06       		.byte	0x6
ARM GAS  /tmp/ccqyQdS0.s 			page 7


 342 0041 AE000000 		.4byte	.LASF1
 343 0045 03       		.uleb128 0x3
 344 0046 45000000 		.4byte	.LASF3
 345 004a 03       		.byte	0x3
 346 004b 1C       		.byte	0x1c
 347 004c 50000000 		.4byte	0x50
 348 0050 04       		.uleb128 0x4
 349 0051 01       		.byte	0x1
 350 0052 08       		.byte	0x8
 351 0053 5B030000 		.4byte	.LASF4
 352 0057 04       		.uleb128 0x4
 353 0058 02       		.byte	0x2
 354 0059 05       		.byte	0x5
 355 005a 7E030000 		.4byte	.LASF5
 356 005e 04       		.uleb128 0x4
 357 005f 02       		.byte	0x2
 358 0060 07       		.byte	0x7
 359 0061 31020000 		.4byte	.LASF6
 360 0065 03       		.uleb128 0x3
 361 0066 16040000 		.4byte	.LASF7
 362 006a 03       		.byte	0x3
 363 006b 37       		.byte	0x37
 364 006c 70000000 		.4byte	0x70
 365 0070 04       		.uleb128 0x4
 366 0071 04       		.byte	0x4
 367 0072 05       		.byte	0x5
 368 0073 F2000000 		.4byte	.LASF8
 369 0077 03       		.uleb128 0x3
 370 0078 DF010000 		.4byte	.LASF9
 371 007c 03       		.byte	0x3
 372 007d 38       		.byte	0x38
 373 007e 82000000 		.4byte	0x82
 374 0082 04       		.uleb128 0x4
 375 0083 04       		.byte	0x4
 376 0084 07       		.byte	0x7
 377 0085 12020000 		.4byte	.LASF10
 378 0089 04       		.uleb128 0x4
 379 008a 08       		.byte	0x8
 380 008b 05       		.byte	0x5
 381 008c A0000000 		.4byte	.LASF11
 382 0090 03       		.uleb128 0x3
 383 0091 1E030000 		.4byte	.LASF12
 384 0095 03       		.byte	0x3
 385 0096 4E       		.byte	0x4e
 386 0097 9B000000 		.4byte	0x9b
 387 009b 04       		.uleb128 0x4
 388 009c 08       		.byte	0x8
 389 009d 07       		.byte	0x7
 390 009e 67000000 		.4byte	.LASF13
 391 00a2 03       		.uleb128 0x3
 392 00a3 59040000 		.4byte	.LASF14
 393 00a7 04       		.byte	0x4
 394 00a8 2A       		.byte	0x2a
 395 00a9 45000000 		.4byte	0x45
 396 00ad 03       		.uleb128 0x3
 397 00ae 53030000 		.4byte	.LASF15
 398 00b2 04       		.byte	0x4
ARM GAS  /tmp/ccqyQdS0.s 			page 8


 399 00b3 41       		.byte	0x41
 400 00b4 65000000 		.4byte	0x65
 401 00b8 03       		.uleb128 0x3
 402 00b9 E7030000 		.4byte	.LASF16
 403 00bd 04       		.byte	0x4
 404 00be 42       		.byte	0x42
 405 00bf 77000000 		.4byte	0x77
 406 00c3 03       		.uleb128 0x3
 407 00c4 3C000000 		.4byte	.LASF17
 408 00c8 04       		.byte	0x4
 409 00c9 4E       		.byte	0x4e
 410 00ca 90000000 		.4byte	0x90
 411 00ce 04       		.uleb128 0x4
 412 00cf 01       		.byte	0x1
 413 00d0 02       		.byte	0x2
 414 00d1 4D030000 		.4byte	.LASF18
 415 00d5 03       		.uleb128 0x3
 416 00d6 4A020000 		.4byte	.LASF19
 417 00da 05       		.byte	0x5
 418 00db 2C       		.byte	0x2c
 419 00dc A2000000 		.4byte	0xa2
 420 00e0 03       		.uleb128 0x3
 421 00e1 0F010000 		.4byte	.LASF20
 422 00e5 05       		.byte	0x5
 423 00e6 2D       		.byte	0x2d
 424 00e7 A2000000 		.4byte	0xa2
 425 00eb 03       		.uleb128 0x3
 426 00ec 31030000 		.4byte	.LASF21
 427 00f0 05       		.byte	0x5
 428 00f1 2E       		.byte	0x2e
 429 00f2 A2000000 		.4byte	0xa2
 430 00f6 03       		.uleb128 0x3
 431 00f7 DB000000 		.4byte	.LASF22
 432 00fb 05       		.byte	0x5
 433 00fc 2F       		.byte	0x2f
 434 00fd A2000000 		.4byte	0xa2
 435 0101 03       		.uleb128 0x3
 436 0102 45030000 		.4byte	.LASF23
 437 0106 05       		.byte	0x5
 438 0107 30       		.byte	0x30
 439 0108 B8000000 		.4byte	0xb8
 440 010c 03       		.uleb128 0x3
 441 010d 44020000 		.4byte	.LASF24
 442 0111 05       		.byte	0x5
 443 0112 31       		.byte	0x31
 444 0113 AD000000 		.4byte	0xad
 445 0117 03       		.uleb128 0x3
 446 0118 5E020000 		.4byte	.LASF25
 447 011c 05       		.byte	0x5
 448 011d 33       		.byte	0x33
 449 011e B8000000 		.4byte	0xb8
 450 0122 03       		.uleb128 0x3
 451 0123 01040000 		.4byte	.LASF26
 452 0127 05       		.byte	0x5
 453 0128 35       		.byte	0x35
 454 0129 B8000000 		.4byte	0xb8
 455 012d 03       		.uleb128 0x3
ARM GAS  /tmp/ccqyQdS0.s 			page 9


 456 012e C9030000 		.4byte	.LASF27
 457 0132 06       		.byte	0x6
 458 0133 2A       		.byte	0x2a
 459 0134 38010000 		.4byte	0x138
 460 0138 05       		.uleb128 0x5
 461 0139 C9030000 		.4byte	.LASF27
 462 013d 48       		.byte	0x48
 463 013e 07       		.byte	0x7
 464 013f 5E       		.byte	0x5e
 465 0140 35020000 		.4byte	0x235
 466 0144 06       		.uleb128 0x6
 467 0145 AD030000 		.4byte	.LASF28
 468 0149 07       		.byte	0x7
 469 014a 5F       		.byte	0x5f
 470 014b 56020000 		.4byte	0x256
 471 014f 00       		.byte	0
 472 0150 06       		.uleb128 0x6
 473 0151 3E030000 		.4byte	.LASF29
 474 0155 07       		.byte	0x7
 475 0156 61       		.byte	0x61
 476 0157 56020000 		.4byte	0x256
 477 015b 04       		.byte	0x4
 478 015c 06       		.uleb128 0x6
 479 015d 99000000 		.4byte	.LASF30
 480 0161 07       		.byte	0x7
 481 0162 63       		.byte	0x63
 482 0163 01010000 		.4byte	0x101
 483 0167 08       		.byte	0x8
 484 0168 06       		.uleb128 0x6
 485 0169 8E040000 		.4byte	.LASF31
 486 016d 07       		.byte	0x7
 487 016e 64       		.byte	0x64
 488 016f 11030000 		.4byte	0x311
 489 0173 0C       		.byte	0xc
 490 0174 06       		.uleb128 0x6
 491 0175 20010000 		.4byte	.LASF32
 492 0179 07       		.byte	0x7
 493 017a 66       		.byte	0x66
 494 017b 56020000 		.4byte	0x256
 495 017f 10       		.byte	0x10
 496 0180 06       		.uleb128 0x6
 497 0181 90020000 		.4byte	.LASF33
 498 0185 07       		.byte	0x7
 499 0186 67       		.byte	0x67
 500 0187 56020000 		.4byte	0x256
 501 018b 14       		.byte	0x14
 502 018c 06       		.uleb128 0x6
 503 018d 7F040000 		.4byte	.LASF34
 504 0191 07       		.byte	0x7
 505 0192 6E       		.byte	0x6e
 506 0193 D1040000 		.4byte	0x4d1
 507 0197 18       		.byte	0x18
 508 0198 06       		.uleb128 0x6
 509 0199 88030000 		.4byte	.LASF35
 510 019d 07       		.byte	0x7
 511 019e 79       		.byte	0x79
 512 019f E0000000 		.4byte	0xe0
ARM GAS  /tmp/ccqyQdS0.s 			page 10


 513 01a3 1C       		.byte	0x1c
 514 01a4 06       		.uleb128 0x6
 515 01a5 B4030000 		.4byte	.LASF36
 516 01a9 07       		.byte	0x7
 517 01aa 7D       		.byte	0x7d
 518 01ab D5000000 		.4byte	0xd5
 519 01af 1D       		.byte	0x1d
 520 01b0 06       		.uleb128 0x6
 521 01b1 52040000 		.4byte	.LASF37
 522 01b5 07       		.byte	0x7
 523 01b6 82       		.byte	0x82
 524 01b7 EB000000 		.4byte	0xeb
 525 01bb 1E       		.byte	0x1e
 526 01bc 06       		.uleb128 0x6
 527 01bd 90030000 		.4byte	.LASF38
 528 01c1 07       		.byte	0x7
 529 01c2 88       		.byte	0x88
 530 01c3 F6000000 		.4byte	0xf6
 531 01c7 1F       		.byte	0x1f
 532 01c8 06       		.uleb128 0x6
 533 01c9 20040000 		.4byte	.LASF39
 534 01cd 07       		.byte	0x7
 535 01ce 8F       		.byte	0x8f
 536 01cf 37030000 		.4byte	0x337
 537 01d3 20       		.byte	0x20
 538 01d4 07       		.uleb128 0x7
 539 01d5 705F7500 		.ascii	"p_u\000"
 540 01d9 07       		.byte	0x7
 541 01da B4       		.byte	0xb4
 542 01db 9C040000 		.4byte	0x49c
 543 01df 24       		.byte	0x24
 544 01e0 06       		.uleb128 0x6
 545 01e1 94040000 		.4byte	.LASF40
 546 01e5 07       		.byte	0x7
 547 01e6 B9       		.byte	0xb9
 548 01e7 7C020000 		.4byte	0x27c
 549 01eb 28       		.byte	0x28
 550 01ec 06       		.uleb128 0x6
 551 01ed 2E040000 		.4byte	.LASF41
 552 01f1 07       		.byte	0x7
 553 01f2 BF       		.byte	0xbf
 554 01f3 5C020000 		.4byte	0x25c
 555 01f7 2C       		.byte	0x2c
 556 01f8 06       		.uleb128 0x6
 557 01f9 08000000 		.4byte	.LASF42
 558 01fd 07       		.byte	0x7
 559 01fe C3       		.byte	0xc3
 560 01ff 0C010000 		.4byte	0x10c
 561 0203 34       		.byte	0x34
 562 0204 06       		.uleb128 0x6
 563 0205 DC030000 		.4byte	.LASF43
 564 0209 07       		.byte	0x7
 565 020a C9       		.byte	0xc9
 566 020b 17010000 		.4byte	0x117
 567 020f 38       		.byte	0x38
 568 0210 06       		.uleb128 0x6
 569 0211 74030000 		.4byte	.LASF44
ARM GAS  /tmp/ccqyQdS0.s 			page 11


 570 0215 07       		.byte	0x7
 571 0216 D0       		.byte	0xd0
 572 0217 E3040000 		.4byte	0x4e3
 573 021b 3C       		.byte	0x3c
 574 021c 06       		.uleb128 0x6
 575 021d 0B040000 		.4byte	.LASF45
 576 0221 07       		.byte	0x7
 577 0222 D4       		.byte	0xd4
 578 0223 01010000 		.4byte	0x101
 579 0227 40       		.byte	0x40
 580 0228 06       		.uleb128 0x6
 581 0229 C0000000 		.4byte	.LASF46
 582 022d 07       		.byte	0x7
 583 022e DA       		.byte	0xda
 584 022f 92020000 		.4byte	0x292
 585 0233 44       		.byte	0x44
 586 0234 00       		.byte	0
 587 0235 08       		.uleb128 0x8
 588 0236 08       		.byte	0x8
 589 0237 06       		.byte	0x6
 590 0238 61       		.byte	0x61
 591 0239 56020000 		.4byte	0x256
 592 023d 06       		.uleb128 0x6
 593 023e AD030000 		.4byte	.LASF28
 594 0242 06       		.byte	0x6
 595 0243 62       		.byte	0x62
 596 0244 56020000 		.4byte	0x256
 597 0248 00       		.byte	0
 598 0249 06       		.uleb128 0x6
 599 024a 3E030000 		.4byte	.LASF29
 600 024e 06       		.byte	0x6
 601 024f 64       		.byte	0x64
 602 0250 56020000 		.4byte	0x256
 603 0254 04       		.byte	0x4
 604 0255 00       		.byte	0
 605 0256 09       		.uleb128 0x9
 606 0257 04       		.byte	0x4
 607 0258 2D010000 		.4byte	0x12d
 608 025c 03       		.uleb128 0x3
 609 025d 98020000 		.4byte	.LASF47
 610 0261 06       		.byte	0x6
 611 0262 66       		.byte	0x66
 612 0263 35020000 		.4byte	0x235
 613 0267 08       		.uleb128 0x8
 614 0268 04       		.byte	0x4
 615 0269 06       		.byte	0x6
 616 026a 6B       		.byte	0x6b
 617 026b 7C020000 		.4byte	0x27c
 618 026f 06       		.uleb128 0x6
 619 0270 AD030000 		.4byte	.LASF28
 620 0274 06       		.byte	0x6
 621 0275 6D       		.byte	0x6d
 622 0276 56020000 		.4byte	0x256
 623 027a 00       		.byte	0
 624 027b 00       		.byte	0
 625 027c 03       		.uleb128 0x3
 626 027d 52020000 		.4byte	.LASF48
ARM GAS  /tmp/ccqyQdS0.s 			page 12


 627 0281 06       		.byte	0x6
 628 0282 70       		.byte	0x70
 629 0283 67020000 		.4byte	0x267
 630 0287 03       		.uleb128 0x3
 631 0288 F6010000 		.4byte	.LASF49
 632 028c 08       		.byte	0x8
 633 028d A7       		.byte	0xa7
 634 028e 92020000 		.4byte	0x292
 635 0292 0A       		.uleb128 0xa
 636 0293 04       		.byte	0x4
 637 0294 03       		.uleb128 0x3
 638 0295 7C020000 		.4byte	.LASF50
 639 0299 08       		.byte	0x8
 640 029a AD       		.byte	0xad
 641 029b C3000000 		.4byte	0xc3
 642 029f 05       		.uleb128 0x5
 643 02a0 27040000 		.4byte	.LASF51
 644 02a4 24       		.byte	0x24
 645 02a5 08       		.byte	0x8
 646 02a6 BA       		.byte	0xba
 647 02a7 11030000 		.4byte	0x311
 648 02ab 07       		.uleb128 0x7
 649 02ac 723800   		.ascii	"r8\000"
 650 02af 08       		.byte	0x8
 651 02b0 BB       		.byte	0xbb
 652 02b1 87020000 		.4byte	0x287
 653 02b5 00       		.byte	0
 654 02b6 07       		.uleb128 0x7
 655 02b7 723900   		.ascii	"r9\000"
 656 02ba 08       		.byte	0x8
 657 02bb BC       		.byte	0xbc
 658 02bc 87020000 		.4byte	0x287
 659 02c0 04       		.byte	0x4
 660 02c1 07       		.uleb128 0x7
 661 02c2 72313000 		.ascii	"r10\000"
 662 02c6 08       		.byte	0x8
 663 02c7 BD       		.byte	0xbd
 664 02c8 87020000 		.4byte	0x287
 665 02cc 08       		.byte	0x8
 666 02cd 07       		.uleb128 0x7
 667 02ce 72313100 		.ascii	"r11\000"
 668 02d2 08       		.byte	0x8
 669 02d3 BE       		.byte	0xbe
 670 02d4 87020000 		.4byte	0x287
 671 02d8 0C       		.byte	0xc
 672 02d9 07       		.uleb128 0x7
 673 02da 723400   		.ascii	"r4\000"
 674 02dd 08       		.byte	0x8
 675 02de BF       		.byte	0xbf
 676 02df 87020000 		.4byte	0x287
 677 02e3 10       		.byte	0x10
 678 02e4 07       		.uleb128 0x7
 679 02e5 723500   		.ascii	"r5\000"
 680 02e8 08       		.byte	0x8
 681 02e9 C0       		.byte	0xc0
 682 02ea 87020000 		.4byte	0x287
 683 02ee 14       		.byte	0x14
ARM GAS  /tmp/ccqyQdS0.s 			page 13


 684 02ef 07       		.uleb128 0x7
 685 02f0 723600   		.ascii	"r6\000"
 686 02f3 08       		.byte	0x8
 687 02f4 C1       		.byte	0xc1
 688 02f5 87020000 		.4byte	0x287
 689 02f9 18       		.byte	0x18
 690 02fa 07       		.uleb128 0x7
 691 02fb 723700   		.ascii	"r7\000"
 692 02fe 08       		.byte	0x8
 693 02ff C2       		.byte	0xc2
 694 0300 87020000 		.4byte	0x287
 695 0304 1C       		.byte	0x1c
 696 0305 07       		.uleb128 0x7
 697 0306 6C7200   		.ascii	"lr\000"
 698 0309 08       		.byte	0x8
 699 030a C3       		.byte	0xc3
 700 030b 87020000 		.4byte	0x287
 701 030f 20       		.byte	0x20
 702 0310 00       		.byte	0
 703 0311 05       		.uleb128 0x5
 704 0312 24020000 		.4byte	.LASF52
 705 0316 04       		.byte	0x4
 706 0317 08       		.byte	0x8
 707 0318 CD       		.byte	0xcd
 708 0319 2A030000 		.4byte	0x32a
 709 031d 07       		.uleb128 0x7
 710 031e 72313300 		.ascii	"r13\000"
 711 0322 08       		.byte	0x8
 712 0323 CE       		.byte	0xce
 713 0324 2A030000 		.4byte	0x32a
 714 0328 00       		.byte	0
 715 0329 00       		.byte	0
 716 032a 09       		.uleb128 0x9
 717 032b 04       		.byte	0x4
 718 032c 9F020000 		.4byte	0x29f
 719 0330 04       		.uleb128 0x4
 720 0331 04       		.byte	0x4
 721 0332 07       		.byte	0x7
 722 0333 87020000 		.4byte	.LASF53
 723 0337 0B       		.uleb128 0xb
 724 0338 22010000 		.4byte	0x122
 725 033c 05       		.uleb128 0x5
 726 033d 6A020000 		.4byte	.LASF54
 727 0341 10       		.byte	0x10
 728 0342 09       		.byte	0x9
 729 0343 2C       		.byte	0x2c
 730 0344 6D030000 		.4byte	0x36d
 731 0348 06       		.uleb128 0x6
 732 0349 C8000000 		.4byte	.LASF55
 733 034d 09       		.byte	0x9
 734 034e 2D       		.byte	0x2d
 735 034f 5C020000 		.4byte	0x25c
 736 0353 00       		.byte	0
 737 0354 06       		.uleb128 0x6
 738 0355 86040000 		.4byte	.LASF56
 739 0359 09       		.byte	0x9
 740 035a 2F       		.byte	0x2f
ARM GAS  /tmp/ccqyQdS0.s 			page 14


 741 035b 56020000 		.4byte	0x256
 742 035f 08       		.byte	0x8
 743 0360 06       		.uleb128 0x6
 744 0361 FA030000 		.4byte	.LASF57
 745 0365 09       		.byte	0x9
 746 0366 31       		.byte	0x31
 747 0367 6D030000 		.4byte	0x36d
 748 036b 0C       		.byte	0xc
 749 036c 00       		.byte	0
 750 036d 09       		.uleb128 0x9
 751 036e 04       		.byte	0x4
 752 036f 3C030000 		.4byte	0x33c
 753 0373 03       		.uleb128 0x3
 754 0374 6A020000 		.4byte	.LASF54
 755 0378 09       		.byte	0x9
 756 0379 33       		.byte	0x33
 757 037a 3C030000 		.4byte	0x33c
 758 037e 03       		.uleb128 0x3
 759 037f 5A000000 		.4byte	.LASF58
 760 0383 0A       		.byte	0xa
 761 0384 2C       		.byte	0x2c
 762 0385 89030000 		.4byte	0x389
 763 0389 09       		.uleb128 0x9
 764 038a 04       		.byte	0x4
 765 038b 8F030000 		.4byte	0x38f
 766 038f 0C       		.uleb128 0xc
 767 0390 92020000 		.4byte	0x292
 768 0394 9E030000 		.4byte	0x39e
 769 0398 0D       		.uleb128 0xd
 770 0399 2C000000 		.4byte	0x2c
 771 039d 00       		.byte	0
 772 039e 03       		.uleb128 0x3
 773 039f 13030000 		.4byte	.LASF59
 774 03a3 0B       		.byte	0xb
 775 03a4 34       		.byte	0x34
 776 03a5 A9030000 		.4byte	0x3a9
 777 03a9 05       		.uleb128 0x5
 778 03aa 9E040000 		.4byte	.LASF60
 779 03ae 20       		.byte	0x20
 780 03af 0B       		.byte	0xb
 781 03b0 47       		.byte	0x47
 782 03b1 DA030000 		.4byte	0x3da
 783 03b5 06       		.uleb128 0x6
 784 03b6 69030000 		.4byte	.LASF61
 785 03ba 0B       		.byte	0xb
 786 03bb 48       		.byte	0x48
 787 03bc 7E030000 		.4byte	0x37e
 788 03c0 00       		.byte	0
 789 03c1 06       		.uleb128 0x6
 790 03c2 87000000 		.4byte	.LASF62
 791 03c6 0B       		.byte	0xb
 792 03c7 4A       		.byte	0x4a
 793 03c8 F9030000 		.4byte	0x3f9
 794 03cc 08       		.byte	0x8
 795 03cd 06       		.uleb128 0x6
 796 03ce BA000000 		.4byte	.LASF63
 797 03d2 0B       		.byte	0xb
ARM GAS  /tmp/ccqyQdS0.s 			page 15


 798 03d3 4C       		.byte	0x4c
 799 03d4 73030000 		.4byte	0x373
 800 03d8 10       		.byte	0x10
 801 03d9 00       		.byte	0
 802 03da 0E       		.uleb128 0xe
 803 03db 04       		.byte	0x4
 804 03dc 0B       		.byte	0xb
 805 03dd 3C       		.byte	0x3c
 806 03de F9030000 		.4byte	0x3f9
 807 03e2 0F       		.uleb128 0xf
 808 03e3 94000000 		.4byte	.LASF64
 809 03e7 0B       		.byte	0xb
 810 03e8 3D       		.byte	0x3d
 811 03e9 1A040000 		.4byte	0x41a
 812 03ed 0F       		.uleb128 0xf
 813 03ee F0030000 		.4byte	.LASF65
 814 03f2 0B       		.byte	0xb
 815 03f3 3E       		.byte	0x3e
 816 03f4 20040000 		.4byte	0x420
 817 03f8 00       		.byte	0
 818 03f9 10       		.uleb128 0x10
 819 03fa 9A030000 		.4byte	.LASF95
 820 03fe 08       		.byte	0x8
 821 03ff 0B       		.byte	0xb
 822 0400 39       		.byte	0x39
 823 0401 1A040000 		.4byte	0x41a
 824 0405 0F       		.uleb128 0xf
 825 0406 FF010000 		.4byte	.LASF66
 826 040a 0B       		.byte	0xb
 827 040b 3A       		.byte	0x3a
 828 040c 94020000 		.4byte	0x294
 829 0410 11       		.uleb128 0x11
 830 0411 6800     		.ascii	"h\000"
 831 0413 0B       		.byte	0xb
 832 0414 41       		.byte	0x41
 833 0415 26040000 		.4byte	0x426
 834 0419 00       		.byte	0
 835 041a 09       		.uleb128 0x9
 836 041b 04       		.byte	0x4
 837 041c F9030000 		.4byte	0x3f9
 838 0420 09       		.uleb128 0x9
 839 0421 04       		.byte	0x4
 840 0422 9E030000 		.4byte	0x39e
 841 0426 08       		.uleb128 0x8
 842 0427 08       		.byte	0x8
 843 0428 0B       		.byte	0xb
 844 0429 3B       		.byte	0x3b
 845 042a 45040000 		.4byte	0x445
 846 042e 07       		.uleb128 0x7
 847 042f 7500     		.ascii	"u\000"
 848 0431 0B       		.byte	0xb
 849 0432 3F       		.byte	0x3f
 850 0433 DA030000 		.4byte	0x3da
 851 0437 00       		.byte	0
 852 0438 06       		.uleb128 0x6
 853 0439 2C020000 		.4byte	.LASF67
 854 043d 0B       		.byte	0xb
ARM GAS  /tmp/ccqyQdS0.s 			page 16


 855 043e 40       		.byte	0x40
 856 043f 2C000000 		.4byte	0x2c
 857 0443 04       		.byte	0x4
 858 0444 00       		.byte	0
 859 0445 05       		.uleb128 0x5
 860 0446 46040000 		.4byte	.LASF68
 861 044a 04       		.byte	0x4
 862 044b 0C       		.byte	0xc
 863 044c 2C       		.byte	0x2c
 864 044d 5E040000 		.4byte	0x45e
 865 0451 06       		.uleb128 0x6
 866 0452 29030000 		.4byte	.LASF69
 867 0456 0C       		.byte	0xc
 868 0457 2D       		.byte	0x2d
 869 0458 5E040000 		.4byte	0x45e
 870 045c 00       		.byte	0
 871 045d 00       		.byte	0
 872 045e 09       		.uleb128 0x9
 873 045f 04       		.byte	0x4
 874 0460 45040000 		.4byte	0x445
 875 0464 08       		.uleb128 0x8
 876 0465 0C       		.byte	0xc
 877 0466 0C       		.byte	0xc
 878 0467 34       		.byte	0x34
 879 0468 91040000 		.4byte	0x491
 880 046c 06       		.uleb128 0x6
 881 046d 18010000 		.4byte	.LASF70
 882 0471 0C       		.byte	0xc
 883 0472 35       		.byte	0x35
 884 0473 5E040000 		.4byte	0x45e
 885 0477 00       		.byte	0
 886 0478 06       		.uleb128 0x6
 887 0479 A5020000 		.4byte	.LASF71
 888 047d 0C       		.byte	0xc
 889 047e 36       		.byte	0x36
 890 047f 2C000000 		.4byte	0x2c
 891 0483 04       		.byte	0x4
 892 0484 06       		.uleb128 0x6
 893 0485 EA010000 		.4byte	.LASF72
 894 0489 0C       		.byte	0xc
 895 048a 38       		.byte	0x38
 896 048b 7E030000 		.4byte	0x37e
 897 048f 08       		.byte	0x8
 898 0490 00       		.byte	0
 899 0491 03       		.uleb128 0x3
 900 0492 4F000000 		.4byte	.LASF73
 901 0496 0C       		.byte	0xc
 902 0497 3A       		.byte	0x3a
 903 0498 64040000 		.4byte	0x464
 904 049c 0E       		.uleb128 0xe
 905 049d 04       		.byte	0x4
 906 049e 07       		.byte	0x7
 907 049f 96       		.byte	0x96
 908 04a0 D1040000 		.4byte	0x4d1
 909 04a4 0F       		.uleb128 0xf
 910 04a5 35000000 		.4byte	.LASF74
 911 04a9 07       		.byte	0x7
ARM GAS  /tmp/ccqyQdS0.s 			page 17


 912 04aa 9D       		.byte	0x9d
 913 04ab 0C010000 		.4byte	0x10c
 914 04af 0F       		.uleb128 0xf
 915 04b0 7E000000 		.4byte	.LASF75
 916 04b4 07       		.byte	0x7
 917 04b5 A4       		.byte	0xa4
 918 04b6 0C010000 		.4byte	0x10c
 919 04ba 0F       		.uleb128 0xf
 920 04bb 78040000 		.4byte	.LASF76
 921 04bf 07       		.byte	0x7
 922 04c0 AB       		.byte	0xab
 923 04c1 92020000 		.4byte	0x292
 924 04c5 0F       		.uleb128 0xf
 925 04c6 A6030000 		.4byte	.LASF77
 926 04ca 07       		.byte	0x7
 927 04cb B2       		.byte	0xb2
 928 04cc 17010000 		.4byte	0x117
 929 04d0 00       		.byte	0
 930 04d1 09       		.uleb128 0x9
 931 04d2 04       		.byte	0x4
 932 04d3 D7040000 		.4byte	0x4d7
 933 04d7 12       		.uleb128 0x12
 934 04d8 DC040000 		.4byte	0x4dc
 935 04dc 04       		.uleb128 0x4
 936 04dd 01       		.byte	0x1
 937 04de 08       		.byte	0x8
 938 04df F5030000 		.4byte	.LASF78
 939 04e3 09       		.uleb128 0x9
 940 04e4 04       		.byte	0x4
 941 04e5 73030000 		.4byte	0x373
 942 04e9 03       		.uleb128 0x3
 943 04ea 00000000 		.4byte	.LASF79
 944 04ee 07       		.byte	0x7
 945 04ef E5       		.byte	0xe5
 946 04f0 F4040000 		.4byte	0x4f4
 947 04f4 09       		.uleb128 0x9
 948 04f5 04       		.byte	0x4
 949 04f6 FA040000 		.4byte	0x4fa
 950 04fa 0C       		.uleb128 0xc
 951 04fb 0C010000 		.4byte	0x10c
 952 04ff 09050000 		.4byte	0x509
 953 0503 0D       		.uleb128 0xd
 954 0504 92020000 		.4byte	0x292
 955 0508 00       		.byte	0
 956 0509 13       		.uleb128 0x13
 957 050a 70020000 		.4byte	.LASF80
 958 050e 01       		.byte	0x1
 959 050f 34       		.byte	0x34
 960 0510 56020000 		.4byte	0x256
 961 0514 00000000 		.4byte	.LFB7
 962 0518 0C000000 		.4byte	.LFE7-.LFB7
 963 051c 01       		.uleb128 0x1
 964 051d 9C       		.byte	0x9c
 965 051e 2F050000 		.4byte	0x52f
 966 0522 14       		.uleb128 0x14
 967 0523 747000   		.ascii	"tp\000"
 968 0526 01       		.byte	0x1
ARM GAS  /tmp/ccqyQdS0.s 			page 18


 969 0527 34       		.byte	0x34
 970 0528 56020000 		.4byte	0x256
 971 052c 01       		.uleb128 0x1
 972 052d 50       		.byte	0x50
 973 052e 00       		.byte	0
 974 052f 15       		.uleb128 0x15
 975 0530 BC030000 		.4byte	.LASF96
 976 0534 01       		.byte	0x1
 977 0535 4A       		.byte	0x4a
 978 0536 00000000 		.4byte	.LFB8
 979 053a 4C000000 		.4byte	.LFE8-.LFB8
 980 053e 01       		.uleb128 0x1
 981 053f 9C       		.byte	0x9c
 982 0540 7C050000 		.4byte	0x57c
 983 0544 16       		.uleb128 0x16
 984 0545 747000   		.ascii	"tp\000"
 985 0548 01       		.byte	0x1
 986 0549 4A       		.byte	0x4a
 987 054a 56020000 		.4byte	0x256
 988 054e 00000000 		.4byte	.LLST0
 989 0552 17       		.uleb128 0x17
 990 0553 39030000 		.4byte	.LASF84
 991 0557 01       		.byte	0x1
 992 0558 4B       		.byte	0x4b
 993 0559 EB000000 		.4byte	0xeb
 994 055d 5E000000 		.4byte	.LLST1
 995 0561 18       		.uleb128 0x18
 996 0562 3A000000 		.4byte	.LVL7
 997 0566 15070000 		.4byte	0x715
 998 056a 19       		.uleb128 0x19
 999 056b 4A000000 		.4byte	.LVL9
 1000 056f 2B070000 		.4byte	0x72b
 1001 0573 1A       		.uleb128 0x1a
 1002 0574 01       		.uleb128 0x1
 1003 0575 50       		.byte	0x50
 1004 0576 03       		.uleb128 0x3
 1005 0577 F3       		.byte	0xf3
 1006 0578 01       		.uleb128 0x1
 1007 0579 50       		.byte	0x50
 1008 057a 00       		.byte	0
 1009 057b 00       		.byte	0
 1010 057c 13       		.uleb128 0x13
 1011 057d FB000000 		.4byte	.LASF81
 1012 0581 01       		.byte	0x1
 1013 0582 82       		.byte	0x82
 1014 0583 56020000 		.4byte	0x256
 1015 0587 00000000 		.4byte	.LFB9
 1016 058b 3A000000 		.4byte	.LFE9-.LFB9
 1017 058f 01       		.uleb128 0x1
 1018 0590 9C       		.byte	0x9c
 1019 0591 54060000 		.4byte	0x654
 1020 0595 1B       		.uleb128 0x1b
 1021 0596 8E000000 		.4byte	.LASF82
 1022 059a 01       		.byte	0x1
 1023 059b 82       		.byte	0x82
 1024 059c 20040000 		.4byte	0x420
 1025 05a0 71000000 		.4byte	.LLST2
ARM GAS  /tmp/ccqyQdS0.s 			page 19


 1026 05a4 1B       		.uleb128 0x1b
 1027 05a5 2C020000 		.4byte	.LASF67
 1028 05a9 01       		.byte	0x1
 1029 05aa 82       		.byte	0x82
 1030 05ab 2C000000 		.4byte	0x2c
 1031 05af 92000000 		.4byte	.LLST3
 1032 05b3 1B       		.uleb128 0x1b
 1033 05b4 0E030000 		.4byte	.LASF83
 1034 05b8 01       		.byte	0x1
 1035 05b9 83       		.byte	0x83
 1036 05ba 01010000 		.4byte	0x101
 1037 05be C9000000 		.4byte	.LLST4
 1038 05c2 16       		.uleb128 0x16
 1039 05c3 706600   		.ascii	"pf\000"
 1040 05c6 01       		.byte	0x1
 1041 05c7 83       		.byte	0x83
 1042 05c8 E9040000 		.4byte	0x4e9
 1043 05cc 00010000 		.4byte	.LLST5
 1044 05d0 14       		.uleb128 0x14
 1045 05d1 61726700 		.ascii	"arg\000"
 1046 05d5 01       		.byte	0x1
 1047 05d6 83       		.byte	0x83
 1048 05d7 92020000 		.4byte	0x292
 1049 05db 02       		.uleb128 0x2
 1050 05dc 91       		.byte	0x91
 1051 05dd 00       		.sleb128 0
 1052 05de 1C       		.uleb128 0x1c
 1053 05df 77737000 		.ascii	"wsp\000"
 1054 05e3 01       		.byte	0x1
 1055 05e4 84       		.byte	0x84
 1056 05e5 92020000 		.4byte	0x292
 1057 05e9 37010000 		.4byte	.LLST6
 1058 05ed 1C       		.uleb128 0x1c
 1059 05ee 747000   		.ascii	"tp\000"
 1060 05f1 01       		.byte	0x1
 1061 05f2 85       		.byte	0x85
 1062 05f3 56020000 		.4byte	0x256
 1063 05f7 55010000 		.4byte	.LLST7
 1064 05fb 1D       		.uleb128 0x1d
 1065 05fc 0E000000 		.4byte	.LVL11
 1066 0600 3C070000 		.4byte	0x73c
 1067 0604 16060000 		.4byte	0x616
 1068 0608 1A       		.uleb128 0x1a
 1069 0609 01       		.uleb128 0x1
 1070 060a 51       		.byte	0x51
 1071 060b 02       		.uleb128 0x2
 1072 060c 74       		.byte	0x74
 1073 060d 00       		.sleb128 0
 1074 060e 1A       		.uleb128 0x1a
 1075 060f 01       		.uleb128 0x1
 1076 0610 50       		.byte	0x50
 1077 0611 03       		.uleb128 0x3
 1078 0612 F3       		.byte	0xf3
 1079 0613 01       		.uleb128 0x1
 1080 0614 50       		.byte	0x50
 1081 0615 00       		.byte	0
 1082 0616 1D       		.uleb128 0x1d
ARM GAS  /tmp/ccqyQdS0.s 			page 20


 1083 0617 22000000 		.4byte	.LVL12
 1084 061b 56070000 		.4byte	0x756
 1085 061f 3E060000 		.4byte	0x63e
 1086 0623 1A       		.uleb128 0x1a
 1087 0624 01       		.uleb128 0x1
 1088 0625 53       		.byte	0x53
 1089 0626 02       		.uleb128 0x2
 1090 0627 75       		.byte	0x75
 1091 0628 00       		.sleb128 0
 1092 0629 1A       		.uleb128 0x1a
 1093 062a 01       		.uleb128 0x1
 1094 062b 52       		.byte	0x52
 1095 062c 02       		.uleb128 0x2
 1096 062d 76       		.byte	0x76
 1097 062e 00       		.sleb128 0
 1098 062f 1A       		.uleb128 0x1a
 1099 0630 01       		.uleb128 0x1
 1100 0631 51       		.byte	0x51
 1101 0632 02       		.uleb128 0x2
 1102 0633 74       		.byte	0x74
 1103 0634 00       		.sleb128 0
 1104 0635 1A       		.uleb128 0x1a
 1105 0636 02       		.uleb128 0x2
 1106 0637 7D       		.byte	0x7d
 1107 0638 00       		.sleb128 0
 1108 0639 03       		.uleb128 0x3
 1109 063a 91       		.byte	0x91
 1110 063b 00       		.sleb128 0
 1111 063c 06       		.byte	0x6
 1112 063d 00       		.byte	0
 1113 063e 19       		.uleb128 0x19
 1114 063f 2E000000 		.4byte	.LVL14
 1115 0643 80070000 		.4byte	0x780
 1116 0647 1A       		.uleb128 0x1a
 1117 0648 01       		.uleb128 0x1
 1118 0649 51       		.byte	0x51
 1119 064a 01       		.uleb128 0x1
 1120 064b 30       		.byte	0x30
 1121 064c 1A       		.uleb128 0x1a
 1122 064d 01       		.uleb128 0x1
 1123 064e 50       		.byte	0x50
 1124 064f 02       		.uleb128 0x2
 1125 0650 74       		.byte	0x74
 1126 0651 00       		.sleb128 0
 1127 0652 00       		.byte	0
 1128 0653 00       		.byte	0
 1129 0654 13       		.uleb128 0x13
 1130 0655 28010000 		.4byte	.LASF85
 1131 0659 01       		.byte	0x1
 1132 065a B3       		.byte	0xb3
 1133 065b 56020000 		.4byte	0x256
 1134 065f 00000000 		.4byte	.LFB10
 1135 0663 3C000000 		.4byte	.LFE10-.LFB10
 1136 0667 01       		.uleb128 0x1
 1137 0668 9C       		.byte	0x9c
 1138 0669 0F070000 		.4byte	0x70f
 1139 066d 16       		.uleb128 0x16
ARM GAS  /tmp/ccqyQdS0.s 			page 21


 1140 066e 6D7000   		.ascii	"mp\000"
 1141 0671 01       		.byte	0x1
 1142 0672 B3       		.byte	0xb3
 1143 0673 0F070000 		.4byte	0x70f
 1144 0677 73010000 		.4byte	.LLST8
 1145 067b 1B       		.uleb128 0x1b
 1146 067c 0E030000 		.4byte	.LASF83
 1147 0680 01       		.byte	0x1
 1148 0681 B3       		.byte	0xb3
 1149 0682 01010000 		.4byte	0x101
 1150 0686 AA010000 		.4byte	.LLST9
 1151 068a 16       		.uleb128 0x16
 1152 068b 706600   		.ascii	"pf\000"
 1153 068e 01       		.byte	0x1
 1154 068f B4       		.byte	0xb4
 1155 0690 E9040000 		.4byte	0x4e9
 1156 0694 E1010000 		.4byte	.LLST10
 1157 0698 16       		.uleb128 0x16
 1158 0699 61726700 		.ascii	"arg\000"
 1159 069d 01       		.byte	0x1
 1160 069e B4       		.byte	0xb4
 1161 069f 92020000 		.4byte	0x292
 1162 06a3 18020000 		.4byte	.LLST11
 1163 06a7 1C       		.uleb128 0x1c
 1164 06a8 77737000 		.ascii	"wsp\000"
 1165 06ac 01       		.byte	0x1
 1166 06ad B5       		.byte	0xb5
 1167 06ae 92020000 		.4byte	0x292
 1168 06b2 4F020000 		.4byte	.LLST12
 1169 06b6 1C       		.uleb128 0x1c
 1170 06b7 747000   		.ascii	"tp\000"
 1171 06ba 01       		.byte	0x1
 1172 06bb B6       		.byte	0xb6
 1173 06bc 56020000 		.4byte	0x256
 1174 06c0 6D020000 		.4byte	.LLST13
 1175 06c4 1D       		.uleb128 0x1d
 1176 06c5 10000000 		.4byte	.LVL21
 1177 06c9 96070000 		.4byte	0x796
 1178 06cd D8060000 		.4byte	0x6d8
 1179 06d1 1A       		.uleb128 0x1a
 1180 06d2 01       		.uleb128 0x1
 1181 06d3 50       		.byte	0x50
 1182 06d4 02       		.uleb128 0x2
 1183 06d5 75       		.byte	0x75
 1184 06d6 00       		.sleb128 0
 1185 06d7 00       		.byte	0
 1186 06d8 1D       		.uleb128 0x1d
 1187 06d9 22000000 		.4byte	.LVL22
 1188 06dd 56070000 		.4byte	0x756
 1189 06e1 F9060000 		.4byte	0x6f9
 1190 06e5 1A       		.uleb128 0x1a
 1191 06e6 01       		.uleb128 0x1
 1192 06e7 53       		.byte	0x53
 1193 06e8 02       		.uleb128 0x2
 1194 06e9 74       		.byte	0x74
 1195 06ea 00       		.sleb128 0
 1196 06eb 1A       		.uleb128 0x1a
ARM GAS  /tmp/ccqyQdS0.s 			page 22


 1197 06ec 01       		.uleb128 0x1
 1198 06ed 52       		.byte	0x52
 1199 06ee 02       		.uleb128 0x2
 1200 06ef 76       		.byte	0x76
 1201 06f0 00       		.sleb128 0
 1202 06f1 1A       		.uleb128 0x1a
 1203 06f2 02       		.uleb128 0x2
 1204 06f3 7D       		.byte	0x7d
 1205 06f4 00       		.sleb128 0
 1206 06f5 02       		.uleb128 0x2
 1207 06f6 77       		.byte	0x77
 1208 06f7 00       		.sleb128 0
 1209 06f8 00       		.byte	0
 1210 06f9 19       		.uleb128 0x19
 1211 06fa 30000000 		.4byte	.LVL24
 1212 06fe 80070000 		.4byte	0x780
 1213 0702 1A       		.uleb128 0x1a
 1214 0703 01       		.uleb128 0x1
 1215 0704 51       		.byte	0x51
 1216 0705 01       		.uleb128 0x1
 1217 0706 30       		.byte	0x30
 1218 0707 1A       		.uleb128 0x1a
 1219 0708 01       		.uleb128 0x1
 1220 0709 50       		.byte	0x50
 1221 070a 02       		.uleb128 0x2
 1222 070b 74       		.byte	0x74
 1223 070c 00       		.sleb128 0
 1224 070d 00       		.byte	0
 1225 070e 00       		.byte	0
 1226 070f 09       		.uleb128 0x9
 1227 0710 04       		.byte	0x4
 1228 0711 91040000 		.4byte	0x491
 1229 0715 1E       		.uleb128 0x1e
 1230 0716 6D040000 		.4byte	.LASF86
 1231 071a 0C       		.byte	0xc
 1232 071b 84       		.byte	0x84
 1233 071c 2B070000 		.4byte	0x72b
 1234 0720 0D       		.uleb128 0xd
 1235 0721 0F070000 		.4byte	0x70f
 1236 0725 0D       		.uleb128 0xd
 1237 0726 92020000 		.4byte	0x292
 1238 072a 00       		.byte	0
 1239 072b 1E       		.uleb128 0x1e
 1240 072c D0000000 		.4byte	.LASF87
 1241 0730 0B       		.byte	0xb
 1242 0731 5A       		.byte	0x5a
 1243 0732 3C070000 		.4byte	0x73c
 1244 0736 0D       		.uleb128 0xd
 1245 0737 92020000 		.4byte	0x292
 1246 073b 00       		.byte	0
 1247 073c 1F       		.uleb128 0x1f
 1248 073d D0030000 		.4byte	.LASF88
 1249 0741 0B       		.byte	0xb
 1250 0742 59       		.byte	0x59
 1251 0743 92020000 		.4byte	0x292
 1252 0747 56070000 		.4byte	0x756
 1253 074b 0D       		.uleb128 0xd
ARM GAS  /tmp/ccqyQdS0.s 			page 23


 1254 074c 20040000 		.4byte	0x420
 1255 0750 0D       		.uleb128 0xd
 1256 0751 2C000000 		.4byte	0x2c
 1257 0755 00       		.byte	0
 1258 0756 20       		.uleb128 0x20
 1259 0757 E5000000 		.4byte	.LASF89
 1260 075b 07       		.byte	0x7
 1261 075c 6E01     		.2byte	0x16e
 1262 075e 56020000 		.4byte	0x256
 1263 0762 80070000 		.4byte	0x780
 1264 0766 0D       		.uleb128 0xd
 1265 0767 92020000 		.4byte	0x292
 1266 076b 0D       		.uleb128 0xd
 1267 076c 2C000000 		.4byte	0x2c
 1268 0770 0D       		.uleb128 0xd
 1269 0771 01010000 		.4byte	0x101
 1270 0775 0D       		.uleb128 0xd
 1271 0776 E9040000 		.4byte	0x4e9
 1272 077a 0D       		.uleb128 0xd
 1273 077b 92020000 		.4byte	0x292
 1274 077f 00       		.byte	0
 1275 0780 1E       		.uleb128 0x1e
 1276 0781 39040000 		.4byte	.LASF90
 1277 0785 0D       		.byte	0xd
 1278 0786 99       		.byte	0x99
 1279 0787 96070000 		.4byte	0x796
 1280 078b 0D       		.uleb128 0xd
 1281 078c 56020000 		.4byte	0x256
 1282 0790 0D       		.uleb128 0xd
 1283 0791 0C010000 		.4byte	0x10c
 1284 0795 00       		.byte	0
 1285 0796 21       		.uleb128 0x21
 1286 0797 61040000 		.4byte	.LASF91
 1287 079b 0C       		.byte	0xc
 1288 079c 82       		.byte	0x82
 1289 079d 92020000 		.4byte	0x292
 1290 07a1 0D       		.uleb128 0xd
 1291 07a2 0F070000 		.4byte	0x70f
 1292 07a6 00       		.byte	0
 1293 07a7 00       		.byte	0
 1294              		.section	.debug_abbrev,"",%progbits
 1295              	.Ldebug_abbrev0:
 1296 0000 01       		.uleb128 0x1
 1297 0001 11       		.uleb128 0x11
 1298 0002 01       		.byte	0x1
 1299 0003 25       		.uleb128 0x25
 1300 0004 0E       		.uleb128 0xe
 1301 0005 13       		.uleb128 0x13
 1302 0006 0B       		.uleb128 0xb
 1303 0007 03       		.uleb128 0x3
 1304 0008 0E       		.uleb128 0xe
 1305 0009 1B       		.uleb128 0x1b
 1306 000a 0E       		.uleb128 0xe
 1307 000b 55       		.uleb128 0x55
 1308 000c 17       		.uleb128 0x17
 1309 000d 11       		.uleb128 0x11
 1310 000e 01       		.uleb128 0x1
ARM GAS  /tmp/ccqyQdS0.s 			page 24


 1311 000f 10       		.uleb128 0x10
 1312 0010 17       		.uleb128 0x17
 1313 0011 00       		.byte	0
 1314 0012 00       		.byte	0
 1315 0013 02       		.uleb128 0x2
 1316 0014 24       		.uleb128 0x24
 1317 0015 00       		.byte	0
 1318 0016 0B       		.uleb128 0xb
 1319 0017 0B       		.uleb128 0xb
 1320 0018 3E       		.uleb128 0x3e
 1321 0019 0B       		.uleb128 0xb
 1322 001a 03       		.uleb128 0x3
 1323 001b 08       		.uleb128 0x8
 1324 001c 00       		.byte	0
 1325 001d 00       		.byte	0
 1326 001e 03       		.uleb128 0x3
 1327 001f 16       		.uleb128 0x16
 1328 0020 00       		.byte	0
 1329 0021 03       		.uleb128 0x3
 1330 0022 0E       		.uleb128 0xe
 1331 0023 3A       		.uleb128 0x3a
 1332 0024 0B       		.uleb128 0xb
 1333 0025 3B       		.uleb128 0x3b
 1334 0026 0B       		.uleb128 0xb
 1335 0027 49       		.uleb128 0x49
 1336 0028 13       		.uleb128 0x13
 1337 0029 00       		.byte	0
 1338 002a 00       		.byte	0
 1339 002b 04       		.uleb128 0x4
 1340 002c 24       		.uleb128 0x24
 1341 002d 00       		.byte	0
 1342 002e 0B       		.uleb128 0xb
 1343 002f 0B       		.uleb128 0xb
 1344 0030 3E       		.uleb128 0x3e
 1345 0031 0B       		.uleb128 0xb
 1346 0032 03       		.uleb128 0x3
 1347 0033 0E       		.uleb128 0xe
 1348 0034 00       		.byte	0
 1349 0035 00       		.byte	0
 1350 0036 05       		.uleb128 0x5
 1351 0037 13       		.uleb128 0x13
 1352 0038 01       		.byte	0x1
 1353 0039 03       		.uleb128 0x3
 1354 003a 0E       		.uleb128 0xe
 1355 003b 0B       		.uleb128 0xb
 1356 003c 0B       		.uleb128 0xb
 1357 003d 3A       		.uleb128 0x3a
 1358 003e 0B       		.uleb128 0xb
 1359 003f 3B       		.uleb128 0x3b
 1360 0040 0B       		.uleb128 0xb
 1361 0041 01       		.uleb128 0x1
 1362 0042 13       		.uleb128 0x13
 1363 0043 00       		.byte	0
 1364 0044 00       		.byte	0
 1365 0045 06       		.uleb128 0x6
 1366 0046 0D       		.uleb128 0xd
 1367 0047 00       		.byte	0
ARM GAS  /tmp/ccqyQdS0.s 			page 25


 1368 0048 03       		.uleb128 0x3
 1369 0049 0E       		.uleb128 0xe
 1370 004a 3A       		.uleb128 0x3a
 1371 004b 0B       		.uleb128 0xb
 1372 004c 3B       		.uleb128 0x3b
 1373 004d 0B       		.uleb128 0xb
 1374 004e 49       		.uleb128 0x49
 1375 004f 13       		.uleb128 0x13
 1376 0050 38       		.uleb128 0x38
 1377 0051 0B       		.uleb128 0xb
 1378 0052 00       		.byte	0
 1379 0053 00       		.byte	0
 1380 0054 07       		.uleb128 0x7
 1381 0055 0D       		.uleb128 0xd
 1382 0056 00       		.byte	0
 1383 0057 03       		.uleb128 0x3
 1384 0058 08       		.uleb128 0x8
 1385 0059 3A       		.uleb128 0x3a
 1386 005a 0B       		.uleb128 0xb
 1387 005b 3B       		.uleb128 0x3b
 1388 005c 0B       		.uleb128 0xb
 1389 005d 49       		.uleb128 0x49
 1390 005e 13       		.uleb128 0x13
 1391 005f 38       		.uleb128 0x38
 1392 0060 0B       		.uleb128 0xb
 1393 0061 00       		.byte	0
 1394 0062 00       		.byte	0
 1395 0063 08       		.uleb128 0x8
 1396 0064 13       		.uleb128 0x13
 1397 0065 01       		.byte	0x1
 1398 0066 0B       		.uleb128 0xb
 1399 0067 0B       		.uleb128 0xb
 1400 0068 3A       		.uleb128 0x3a
 1401 0069 0B       		.uleb128 0xb
 1402 006a 3B       		.uleb128 0x3b
 1403 006b 0B       		.uleb128 0xb
 1404 006c 01       		.uleb128 0x1
 1405 006d 13       		.uleb128 0x13
 1406 006e 00       		.byte	0
 1407 006f 00       		.byte	0
 1408 0070 09       		.uleb128 0x9
 1409 0071 0F       		.uleb128 0xf
 1410 0072 00       		.byte	0
 1411 0073 0B       		.uleb128 0xb
 1412 0074 0B       		.uleb128 0xb
 1413 0075 49       		.uleb128 0x49
 1414 0076 13       		.uleb128 0x13
 1415 0077 00       		.byte	0
 1416 0078 00       		.byte	0
 1417 0079 0A       		.uleb128 0xa
 1418 007a 0F       		.uleb128 0xf
 1419 007b 00       		.byte	0
 1420 007c 0B       		.uleb128 0xb
 1421 007d 0B       		.uleb128 0xb
 1422 007e 00       		.byte	0
 1423 007f 00       		.byte	0
 1424 0080 0B       		.uleb128 0xb
ARM GAS  /tmp/ccqyQdS0.s 			page 26


 1425 0081 35       		.uleb128 0x35
 1426 0082 00       		.byte	0
 1427 0083 49       		.uleb128 0x49
 1428 0084 13       		.uleb128 0x13
 1429 0085 00       		.byte	0
 1430 0086 00       		.byte	0
 1431 0087 0C       		.uleb128 0xc
 1432 0088 15       		.uleb128 0x15
 1433 0089 01       		.byte	0x1
 1434 008a 27       		.uleb128 0x27
 1435 008b 19       		.uleb128 0x19
 1436 008c 49       		.uleb128 0x49
 1437 008d 13       		.uleb128 0x13
 1438 008e 01       		.uleb128 0x1
 1439 008f 13       		.uleb128 0x13
 1440 0090 00       		.byte	0
 1441 0091 00       		.byte	0
 1442 0092 0D       		.uleb128 0xd
 1443 0093 05       		.uleb128 0x5
 1444 0094 00       		.byte	0
 1445 0095 49       		.uleb128 0x49
 1446 0096 13       		.uleb128 0x13
 1447 0097 00       		.byte	0
 1448 0098 00       		.byte	0
 1449 0099 0E       		.uleb128 0xe
 1450 009a 17       		.uleb128 0x17
 1451 009b 01       		.byte	0x1
 1452 009c 0B       		.uleb128 0xb
 1453 009d 0B       		.uleb128 0xb
 1454 009e 3A       		.uleb128 0x3a
 1455 009f 0B       		.uleb128 0xb
 1456 00a0 3B       		.uleb128 0x3b
 1457 00a1 0B       		.uleb128 0xb
 1458 00a2 01       		.uleb128 0x1
 1459 00a3 13       		.uleb128 0x13
 1460 00a4 00       		.byte	0
 1461 00a5 00       		.byte	0
 1462 00a6 0F       		.uleb128 0xf
 1463 00a7 0D       		.uleb128 0xd
 1464 00a8 00       		.byte	0
 1465 00a9 03       		.uleb128 0x3
 1466 00aa 0E       		.uleb128 0xe
 1467 00ab 3A       		.uleb128 0x3a
 1468 00ac 0B       		.uleb128 0xb
 1469 00ad 3B       		.uleb128 0x3b
 1470 00ae 0B       		.uleb128 0xb
 1471 00af 49       		.uleb128 0x49
 1472 00b0 13       		.uleb128 0x13
 1473 00b1 00       		.byte	0
 1474 00b2 00       		.byte	0
 1475 00b3 10       		.uleb128 0x10
 1476 00b4 17       		.uleb128 0x17
 1477 00b5 01       		.byte	0x1
 1478 00b6 03       		.uleb128 0x3
 1479 00b7 0E       		.uleb128 0xe
 1480 00b8 0B       		.uleb128 0xb
 1481 00b9 0B       		.uleb128 0xb
ARM GAS  /tmp/ccqyQdS0.s 			page 27


 1482 00ba 3A       		.uleb128 0x3a
 1483 00bb 0B       		.uleb128 0xb
 1484 00bc 3B       		.uleb128 0x3b
 1485 00bd 0B       		.uleb128 0xb
 1486 00be 01       		.uleb128 0x1
 1487 00bf 13       		.uleb128 0x13
 1488 00c0 00       		.byte	0
 1489 00c1 00       		.byte	0
 1490 00c2 11       		.uleb128 0x11
 1491 00c3 0D       		.uleb128 0xd
 1492 00c4 00       		.byte	0
 1493 00c5 03       		.uleb128 0x3
 1494 00c6 08       		.uleb128 0x8
 1495 00c7 3A       		.uleb128 0x3a
 1496 00c8 0B       		.uleb128 0xb
 1497 00c9 3B       		.uleb128 0x3b
 1498 00ca 0B       		.uleb128 0xb
 1499 00cb 49       		.uleb128 0x49
 1500 00cc 13       		.uleb128 0x13
 1501 00cd 00       		.byte	0
 1502 00ce 00       		.byte	0
 1503 00cf 12       		.uleb128 0x12
 1504 00d0 26       		.uleb128 0x26
 1505 00d1 00       		.byte	0
 1506 00d2 49       		.uleb128 0x49
 1507 00d3 13       		.uleb128 0x13
 1508 00d4 00       		.byte	0
 1509 00d5 00       		.byte	0
 1510 00d6 13       		.uleb128 0x13
 1511 00d7 2E       		.uleb128 0x2e
 1512 00d8 01       		.byte	0x1
 1513 00d9 3F       		.uleb128 0x3f
 1514 00da 19       		.uleb128 0x19
 1515 00db 03       		.uleb128 0x3
 1516 00dc 0E       		.uleb128 0xe
 1517 00dd 3A       		.uleb128 0x3a
 1518 00de 0B       		.uleb128 0xb
 1519 00df 3B       		.uleb128 0x3b
 1520 00e0 0B       		.uleb128 0xb
 1521 00e1 27       		.uleb128 0x27
 1522 00e2 19       		.uleb128 0x19
 1523 00e3 49       		.uleb128 0x49
 1524 00e4 13       		.uleb128 0x13
 1525 00e5 11       		.uleb128 0x11
 1526 00e6 01       		.uleb128 0x1
 1527 00e7 12       		.uleb128 0x12
 1528 00e8 06       		.uleb128 0x6
 1529 00e9 40       		.uleb128 0x40
 1530 00ea 18       		.uleb128 0x18
 1531 00eb 9742     		.uleb128 0x2117
 1532 00ed 19       		.uleb128 0x19
 1533 00ee 01       		.uleb128 0x1
 1534 00ef 13       		.uleb128 0x13
 1535 00f0 00       		.byte	0
 1536 00f1 00       		.byte	0
 1537 00f2 14       		.uleb128 0x14
 1538 00f3 05       		.uleb128 0x5
ARM GAS  /tmp/ccqyQdS0.s 			page 28


 1539 00f4 00       		.byte	0
 1540 00f5 03       		.uleb128 0x3
 1541 00f6 08       		.uleb128 0x8
 1542 00f7 3A       		.uleb128 0x3a
 1543 00f8 0B       		.uleb128 0xb
 1544 00f9 3B       		.uleb128 0x3b
 1545 00fa 0B       		.uleb128 0xb
 1546 00fb 49       		.uleb128 0x49
 1547 00fc 13       		.uleb128 0x13
 1548 00fd 02       		.uleb128 0x2
 1549 00fe 18       		.uleb128 0x18
 1550 00ff 00       		.byte	0
 1551 0100 00       		.byte	0
 1552 0101 15       		.uleb128 0x15
 1553 0102 2E       		.uleb128 0x2e
 1554 0103 01       		.byte	0x1
 1555 0104 3F       		.uleb128 0x3f
 1556 0105 19       		.uleb128 0x19
 1557 0106 03       		.uleb128 0x3
 1558 0107 0E       		.uleb128 0xe
 1559 0108 3A       		.uleb128 0x3a
 1560 0109 0B       		.uleb128 0xb
 1561 010a 3B       		.uleb128 0x3b
 1562 010b 0B       		.uleb128 0xb
 1563 010c 27       		.uleb128 0x27
 1564 010d 19       		.uleb128 0x19
 1565 010e 11       		.uleb128 0x11
 1566 010f 01       		.uleb128 0x1
 1567 0110 12       		.uleb128 0x12
 1568 0111 06       		.uleb128 0x6
 1569 0112 40       		.uleb128 0x40
 1570 0113 18       		.uleb128 0x18
 1571 0114 9742     		.uleb128 0x2117
 1572 0116 19       		.uleb128 0x19
 1573 0117 01       		.uleb128 0x1
 1574 0118 13       		.uleb128 0x13
 1575 0119 00       		.byte	0
 1576 011a 00       		.byte	0
 1577 011b 16       		.uleb128 0x16
 1578 011c 05       		.uleb128 0x5
 1579 011d 00       		.byte	0
 1580 011e 03       		.uleb128 0x3
 1581 011f 08       		.uleb128 0x8
 1582 0120 3A       		.uleb128 0x3a
 1583 0121 0B       		.uleb128 0xb
 1584 0122 3B       		.uleb128 0x3b
 1585 0123 0B       		.uleb128 0xb
 1586 0124 49       		.uleb128 0x49
 1587 0125 13       		.uleb128 0x13
 1588 0126 02       		.uleb128 0x2
 1589 0127 17       		.uleb128 0x17
 1590 0128 00       		.byte	0
 1591 0129 00       		.byte	0
 1592 012a 17       		.uleb128 0x17
 1593 012b 34       		.uleb128 0x34
 1594 012c 00       		.byte	0
 1595 012d 03       		.uleb128 0x3
ARM GAS  /tmp/ccqyQdS0.s 			page 29


 1596 012e 0E       		.uleb128 0xe
 1597 012f 3A       		.uleb128 0x3a
 1598 0130 0B       		.uleb128 0xb
 1599 0131 3B       		.uleb128 0x3b
 1600 0132 0B       		.uleb128 0xb
 1601 0133 49       		.uleb128 0x49
 1602 0134 13       		.uleb128 0x13
 1603 0135 02       		.uleb128 0x2
 1604 0136 17       		.uleb128 0x17
 1605 0137 00       		.byte	0
 1606 0138 00       		.byte	0
 1607 0139 18       		.uleb128 0x18
 1608 013a 898201   		.uleb128 0x4109
 1609 013d 00       		.byte	0
 1610 013e 11       		.uleb128 0x11
 1611 013f 01       		.uleb128 0x1
 1612 0140 31       		.uleb128 0x31
 1613 0141 13       		.uleb128 0x13
 1614 0142 00       		.byte	0
 1615 0143 00       		.byte	0
 1616 0144 19       		.uleb128 0x19
 1617 0145 898201   		.uleb128 0x4109
 1618 0148 01       		.byte	0x1
 1619 0149 11       		.uleb128 0x11
 1620 014a 01       		.uleb128 0x1
 1621 014b 31       		.uleb128 0x31
 1622 014c 13       		.uleb128 0x13
 1623 014d 00       		.byte	0
 1624 014e 00       		.byte	0
 1625 014f 1A       		.uleb128 0x1a
 1626 0150 8A8201   		.uleb128 0x410a
 1627 0153 00       		.byte	0
 1628 0154 02       		.uleb128 0x2
 1629 0155 18       		.uleb128 0x18
 1630 0156 9142     		.uleb128 0x2111
 1631 0158 18       		.uleb128 0x18
 1632 0159 00       		.byte	0
 1633 015a 00       		.byte	0
 1634 015b 1B       		.uleb128 0x1b
 1635 015c 05       		.uleb128 0x5
 1636 015d 00       		.byte	0
 1637 015e 03       		.uleb128 0x3
 1638 015f 0E       		.uleb128 0xe
 1639 0160 3A       		.uleb128 0x3a
 1640 0161 0B       		.uleb128 0xb
 1641 0162 3B       		.uleb128 0x3b
 1642 0163 0B       		.uleb128 0xb
 1643 0164 49       		.uleb128 0x49
 1644 0165 13       		.uleb128 0x13
 1645 0166 02       		.uleb128 0x2
 1646 0167 17       		.uleb128 0x17
 1647 0168 00       		.byte	0
 1648 0169 00       		.byte	0
 1649 016a 1C       		.uleb128 0x1c
 1650 016b 34       		.uleb128 0x34
 1651 016c 00       		.byte	0
 1652 016d 03       		.uleb128 0x3
ARM GAS  /tmp/ccqyQdS0.s 			page 30


 1653 016e 08       		.uleb128 0x8
 1654 016f 3A       		.uleb128 0x3a
 1655 0170 0B       		.uleb128 0xb
 1656 0171 3B       		.uleb128 0x3b
 1657 0172 0B       		.uleb128 0xb
 1658 0173 49       		.uleb128 0x49
 1659 0174 13       		.uleb128 0x13
 1660 0175 02       		.uleb128 0x2
 1661 0176 17       		.uleb128 0x17
 1662 0177 00       		.byte	0
 1663 0178 00       		.byte	0
 1664 0179 1D       		.uleb128 0x1d
 1665 017a 898201   		.uleb128 0x4109
 1666 017d 01       		.byte	0x1
 1667 017e 11       		.uleb128 0x11
 1668 017f 01       		.uleb128 0x1
 1669 0180 31       		.uleb128 0x31
 1670 0181 13       		.uleb128 0x13
 1671 0182 01       		.uleb128 0x1
 1672 0183 13       		.uleb128 0x13
 1673 0184 00       		.byte	0
 1674 0185 00       		.byte	0
 1675 0186 1E       		.uleb128 0x1e
 1676 0187 2E       		.uleb128 0x2e
 1677 0188 01       		.byte	0x1
 1678 0189 3F       		.uleb128 0x3f
 1679 018a 19       		.uleb128 0x19
 1680 018b 03       		.uleb128 0x3
 1681 018c 0E       		.uleb128 0xe
 1682 018d 3A       		.uleb128 0x3a
 1683 018e 0B       		.uleb128 0xb
 1684 018f 3B       		.uleb128 0x3b
 1685 0190 0B       		.uleb128 0xb
 1686 0191 27       		.uleb128 0x27
 1687 0192 19       		.uleb128 0x19
 1688 0193 3C       		.uleb128 0x3c
 1689 0194 19       		.uleb128 0x19
 1690 0195 01       		.uleb128 0x1
 1691 0196 13       		.uleb128 0x13
 1692 0197 00       		.byte	0
 1693 0198 00       		.byte	0
 1694 0199 1F       		.uleb128 0x1f
 1695 019a 2E       		.uleb128 0x2e
 1696 019b 01       		.byte	0x1
 1697 019c 3F       		.uleb128 0x3f
 1698 019d 19       		.uleb128 0x19
 1699 019e 03       		.uleb128 0x3
 1700 019f 0E       		.uleb128 0xe
 1701 01a0 3A       		.uleb128 0x3a
 1702 01a1 0B       		.uleb128 0xb
 1703 01a2 3B       		.uleb128 0x3b
 1704 01a3 0B       		.uleb128 0xb
 1705 01a4 27       		.uleb128 0x27
 1706 01a5 19       		.uleb128 0x19
 1707 01a6 49       		.uleb128 0x49
 1708 01a7 13       		.uleb128 0x13
 1709 01a8 3C       		.uleb128 0x3c
ARM GAS  /tmp/ccqyQdS0.s 			page 31


 1710 01a9 19       		.uleb128 0x19
 1711 01aa 01       		.uleb128 0x1
 1712 01ab 13       		.uleb128 0x13
 1713 01ac 00       		.byte	0
 1714 01ad 00       		.byte	0
 1715 01ae 20       		.uleb128 0x20
 1716 01af 2E       		.uleb128 0x2e
 1717 01b0 01       		.byte	0x1
 1718 01b1 3F       		.uleb128 0x3f
 1719 01b2 19       		.uleb128 0x19
 1720 01b3 03       		.uleb128 0x3
 1721 01b4 0E       		.uleb128 0xe
 1722 01b5 3A       		.uleb128 0x3a
 1723 01b6 0B       		.uleb128 0xb
 1724 01b7 3B       		.uleb128 0x3b
 1725 01b8 05       		.uleb128 0x5
 1726 01b9 27       		.uleb128 0x27
 1727 01ba 19       		.uleb128 0x19
 1728 01bb 49       		.uleb128 0x49
 1729 01bc 13       		.uleb128 0x13
 1730 01bd 3C       		.uleb128 0x3c
 1731 01be 19       		.uleb128 0x19
 1732 01bf 01       		.uleb128 0x1
 1733 01c0 13       		.uleb128 0x13
 1734 01c1 00       		.byte	0
 1735 01c2 00       		.byte	0
 1736 01c3 21       		.uleb128 0x21
 1737 01c4 2E       		.uleb128 0x2e
 1738 01c5 01       		.byte	0x1
 1739 01c6 3F       		.uleb128 0x3f
 1740 01c7 19       		.uleb128 0x19
 1741 01c8 03       		.uleb128 0x3
 1742 01c9 0E       		.uleb128 0xe
 1743 01ca 3A       		.uleb128 0x3a
 1744 01cb 0B       		.uleb128 0xb
 1745 01cc 3B       		.uleb128 0x3b
 1746 01cd 0B       		.uleb128 0xb
 1747 01ce 27       		.uleb128 0x27
 1748 01cf 19       		.uleb128 0x19
 1749 01d0 49       		.uleb128 0x49
 1750 01d1 13       		.uleb128 0x13
 1751 01d2 3C       		.uleb128 0x3c
 1752 01d3 19       		.uleb128 0x19
 1753 01d4 00       		.byte	0
 1754 01d5 00       		.byte	0
 1755 01d6 00       		.byte	0
 1756              		.section	.debug_loc,"",%progbits
 1757              	.Ldebug_loc0:
 1758              	.LLST0:
 1759 0000 00000000 		.4byte	.LVL1
 1760 0004 1A000000 		.4byte	.LVL4
 1761 0008 0100     		.2byte	0x1
 1762 000a 50       		.byte	0x50
 1763 000b 1A000000 		.4byte	.LVL4
 1764 000f 1C000000 		.4byte	.LVL5
 1765 0013 0400     		.2byte	0x4
 1766 0015 F3       		.byte	0xf3
ARM GAS  /tmp/ccqyQdS0.s 			page 32


 1767 0016 01       		.uleb128 0x1
 1768 0017 50       		.byte	0x50
 1769 0018 9F       		.byte	0x9f
 1770 0019 1C000000 		.4byte	.LVL5
 1771 001d 34000000 		.4byte	.LVL6
 1772 0021 0100     		.2byte	0x1
 1773 0023 50       		.byte	0x50
 1774 0024 34000000 		.4byte	.LVL6
 1775 0028 39000000 		.4byte	.LVL7-1
 1776 002c 0100     		.2byte	0x1
 1777 002e 51       		.byte	0x51
 1778 002f 39000000 		.4byte	.LVL7-1
 1779 0033 3C000000 		.4byte	.LVL8
 1780 0037 0400     		.2byte	0x4
 1781 0039 F3       		.byte	0xf3
 1782 003a 01       		.uleb128 0x1
 1783 003b 50       		.byte	0x50
 1784 003c 9F       		.byte	0x9f
 1785 003d 3C000000 		.4byte	.LVL8
 1786 0041 49000000 		.4byte	.LVL9-1
 1787 0045 0100     		.2byte	0x1
 1788 0047 50       		.byte	0x50
 1789 0048 49000000 		.4byte	.LVL9-1
 1790 004c 4C000000 		.4byte	.LFE8
 1791 0050 0400     		.2byte	0x4
 1792 0052 F3       		.byte	0xf3
 1793 0053 01       		.uleb128 0x1
 1794 0054 50       		.byte	0x50
 1795 0055 9F       		.byte	0x9f
 1796 0056 00000000 		.4byte	0
 1797 005a 00000000 		.4byte	0
 1798              	.LLST1:
 1799 005e 0E000000 		.4byte	.LVL2
 1800 0062 16000000 		.4byte	.LVL3
 1801 0066 0100     		.2byte	0x1
 1802 0068 53       		.byte	0x53
 1803 0069 00000000 		.4byte	0
 1804 006d 00000000 		.4byte	0
 1805              	.LLST2:
 1806 0071 00000000 		.4byte	.LVL10
 1807 0075 0D000000 		.4byte	.LVL11-1
 1808 0079 0100     		.2byte	0x1
 1809 007b 50       		.byte	0x50
 1810 007c 0D000000 		.4byte	.LVL11-1
 1811 0080 3A000000 		.4byte	.LFE9
 1812 0084 0400     		.2byte	0x4
 1813 0086 F3       		.byte	0xf3
 1814 0087 01       		.uleb128 0x1
 1815 0088 50       		.byte	0x50
 1816 0089 9F       		.byte	0x9f
 1817 008a 00000000 		.4byte	0
 1818 008e 00000000 		.4byte	0
 1819              	.LLST3:
 1820 0092 00000000 		.4byte	.LVL10
 1821 0096 0D000000 		.4byte	.LVL11-1
 1822 009a 0100     		.2byte	0x1
 1823 009c 51       		.byte	0x51
ARM GAS  /tmp/ccqyQdS0.s 			page 33


 1824 009d 0D000000 		.4byte	.LVL11-1
 1825 00a1 2A000000 		.4byte	.LVL13
 1826 00a5 0100     		.2byte	0x1
 1827 00a7 54       		.byte	0x54
 1828 00a8 2A000000 		.4byte	.LVL13
 1829 00ac 36000000 		.4byte	.LVL18
 1830 00b0 0400     		.2byte	0x4
 1831 00b2 F3       		.byte	0xf3
 1832 00b3 01       		.uleb128 0x1
 1833 00b4 51       		.byte	0x51
 1834 00b5 9F       		.byte	0x9f
 1835 00b6 36000000 		.4byte	.LVL18
 1836 00ba 3A000000 		.4byte	.LFE9
 1837 00be 0100     		.2byte	0x1
 1838 00c0 54       		.byte	0x54
 1839 00c1 00000000 		.4byte	0
 1840 00c5 00000000 		.4byte	0
 1841              	.LLST4:
 1842 00c9 00000000 		.4byte	.LVL10
 1843 00cd 0D000000 		.4byte	.LVL11-1
 1844 00d1 0100     		.2byte	0x1
 1845 00d3 52       		.byte	0x52
 1846 00d4 0D000000 		.4byte	.LVL11-1
 1847 00d8 34000000 		.4byte	.LVL17
 1848 00dc 0100     		.2byte	0x1
 1849 00de 56       		.byte	0x56
 1850 00df 34000000 		.4byte	.LVL17
 1851 00e3 36000000 		.4byte	.LVL18
 1852 00e7 0400     		.2byte	0x4
 1853 00e9 F3       		.byte	0xf3
 1854 00ea 01       		.uleb128 0x1
 1855 00eb 52       		.byte	0x52
 1856 00ec 9F       		.byte	0x9f
 1857 00ed 36000000 		.4byte	.LVL18
 1858 00f1 3A000000 		.4byte	.LFE9
 1859 00f5 0100     		.2byte	0x1
 1860 00f7 56       		.byte	0x56
 1861 00f8 00000000 		.4byte	0
 1862 00fc 00000000 		.4byte	0
 1863              	.LLST5:
 1864 0100 00000000 		.4byte	.LVL10
 1865 0104 0D000000 		.4byte	.LVL11-1
 1866 0108 0100     		.2byte	0x1
 1867 010a 53       		.byte	0x53
 1868 010b 0D000000 		.4byte	.LVL11-1
 1869 010f 34000000 		.4byte	.LVL16
 1870 0113 0100     		.2byte	0x1
 1871 0115 55       		.byte	0x55
 1872 0116 34000000 		.4byte	.LVL16
 1873 011a 36000000 		.4byte	.LVL18
 1874 011e 0400     		.2byte	0x4
 1875 0120 F3       		.byte	0xf3
 1876 0121 01       		.uleb128 0x1
 1877 0122 53       		.byte	0x53
 1878 0123 9F       		.byte	0x9f
 1879 0124 36000000 		.4byte	.LVL18
 1880 0128 3A000000 		.4byte	.LFE9
ARM GAS  /tmp/ccqyQdS0.s 			page 34


 1881 012c 0100     		.2byte	0x1
 1882 012e 55       		.byte	0x55
 1883 012f 00000000 		.4byte	0
 1884 0133 00000000 		.4byte	0
 1885              	.LLST6:
 1886 0137 0E000000 		.4byte	.LVL11
 1887 013b 21000000 		.4byte	.LVL12-1
 1888 013f 0100     		.2byte	0x1
 1889 0141 50       		.byte	0x50
 1890 0142 36000000 		.4byte	.LVL18
 1891 0146 38000000 		.4byte	.LVL19
 1892 014a 0100     		.2byte	0x1
 1893 014c 50       		.byte	0x50
 1894 014d 00000000 		.4byte	0
 1895 0151 00000000 		.4byte	0
 1896              	.LLST7:
 1897 0155 2A000000 		.4byte	.LVL13
 1898 0159 2D000000 		.4byte	.LVL14-1
 1899 015d 0100     		.2byte	0x1
 1900 015f 50       		.byte	0x50
 1901 0160 2D000000 		.4byte	.LVL14-1
 1902 0164 32000000 		.4byte	.LVL15
 1903 0168 0100     		.2byte	0x1
 1904 016a 54       		.byte	0x54
 1905 016b 00000000 		.4byte	0
 1906 016f 00000000 		.4byte	0
 1907              	.LLST8:
 1908 0173 00000000 		.4byte	.LVL20
 1909 0177 0F000000 		.4byte	.LVL21-1
 1910 017b 0100     		.2byte	0x1
 1911 017d 50       		.byte	0x50
 1912 017e 0F000000 		.4byte	.LVL21-1
 1913 0182 36000000 		.4byte	.LVL26
 1914 0186 0100     		.2byte	0x1
 1915 0188 55       		.byte	0x55
 1916 0189 36000000 		.4byte	.LVL26
 1917 018d 38000000 		.4byte	.LVL29
 1918 0191 0400     		.2byte	0x4
 1919 0193 F3       		.byte	0xf3
 1920 0194 01       		.uleb128 0x1
 1921 0195 50       		.byte	0x50
 1922 0196 9F       		.byte	0x9f
 1923 0197 38000000 		.4byte	.LVL29
 1924 019b 3C000000 		.4byte	.LFE10
 1925 019f 0100     		.2byte	0x1
 1926 01a1 55       		.byte	0x55
 1927 01a2 00000000 		.4byte	0
 1928 01a6 00000000 		.4byte	0
 1929              	.LLST9:
 1930 01aa 00000000 		.4byte	.LVL20
 1931 01ae 0F000000 		.4byte	.LVL21-1
 1932 01b2 0100     		.2byte	0x1
 1933 01b4 51       		.byte	0x51
 1934 01b5 0F000000 		.4byte	.LVL21-1
 1935 01b9 36000000 		.4byte	.LVL27
 1936 01bd 0100     		.2byte	0x1
 1937 01bf 56       		.byte	0x56
ARM GAS  /tmp/ccqyQdS0.s 			page 35


 1938 01c0 36000000 		.4byte	.LVL27
 1939 01c4 38000000 		.4byte	.LVL29
 1940 01c8 0400     		.2byte	0x4
 1941 01ca F3       		.byte	0xf3
 1942 01cb 01       		.uleb128 0x1
 1943 01cc 51       		.byte	0x51
 1944 01cd 9F       		.byte	0x9f
 1945 01ce 38000000 		.4byte	.LVL29
 1946 01d2 3C000000 		.4byte	.LFE10
 1947 01d6 0100     		.2byte	0x1
 1948 01d8 56       		.byte	0x56
 1949 01d9 00000000 		.4byte	0
 1950 01dd 00000000 		.4byte	0
 1951              	.LLST10:
 1952 01e1 00000000 		.4byte	.LVL20
 1953 01e5 0F000000 		.4byte	.LVL21-1
 1954 01e9 0100     		.2byte	0x1
 1955 01eb 52       		.byte	0x52
 1956 01ec 0F000000 		.4byte	.LVL21-1
 1957 01f0 2C000000 		.4byte	.LVL23
 1958 01f4 0100     		.2byte	0x1
 1959 01f6 54       		.byte	0x54
 1960 01f7 2C000000 		.4byte	.LVL23
 1961 01fb 38000000 		.4byte	.LVL29
 1962 01ff 0400     		.2byte	0x4
 1963 0201 F3       		.byte	0xf3
 1964 0202 01       		.uleb128 0x1
 1965 0203 52       		.byte	0x52
 1966 0204 9F       		.byte	0x9f
 1967 0205 38000000 		.4byte	.LVL29
 1968 0209 3C000000 		.4byte	.LFE10
 1969 020d 0100     		.2byte	0x1
 1970 020f 54       		.byte	0x54
 1971 0210 00000000 		.4byte	0
 1972 0214 00000000 		.4byte	0
 1973              	.LLST11:
 1974 0218 00000000 		.4byte	.LVL20
 1975 021c 0F000000 		.4byte	.LVL21-1
 1976 0220 0100     		.2byte	0x1
 1977 0222 53       		.byte	0x53
 1978 0223 0F000000 		.4byte	.LVL21-1
 1979 0227 36000000 		.4byte	.LVL28
 1980 022b 0100     		.2byte	0x1
 1981 022d 57       		.byte	0x57
 1982 022e 36000000 		.4byte	.LVL28
 1983 0232 38000000 		.4byte	.LVL29
 1984 0236 0400     		.2byte	0x4
 1985 0238 F3       		.byte	0xf3
 1986 0239 01       		.uleb128 0x1
 1987 023a 53       		.byte	0x53
 1988 023b 9F       		.byte	0x9f
 1989 023c 38000000 		.4byte	.LVL29
 1990 0240 3C000000 		.4byte	.LFE10
 1991 0244 0100     		.2byte	0x1
 1992 0246 57       		.byte	0x57
 1993 0247 00000000 		.4byte	0
 1994 024b 00000000 		.4byte	0
ARM GAS  /tmp/ccqyQdS0.s 			page 36


 1995              	.LLST12:
 1996 024f 10000000 		.4byte	.LVL21
 1997 0253 21000000 		.4byte	.LVL22-1
 1998 0257 0100     		.2byte	0x1
 1999 0259 50       		.byte	0x50
 2000 025a 38000000 		.4byte	.LVL29
 2001 025e 3A000000 		.4byte	.LVL30
 2002 0262 0100     		.2byte	0x1
 2003 0264 50       		.byte	0x50
 2004 0265 00000000 		.4byte	0
 2005 0269 00000000 		.4byte	0
 2006              	.LLST13:
 2007 026d 2C000000 		.4byte	.LVL23
 2008 0271 2F000000 		.4byte	.LVL24-1
 2009 0275 0100     		.2byte	0x1
 2010 0277 50       		.byte	0x50
 2011 0278 2F000000 		.4byte	.LVL24-1
 2012 027c 34000000 		.4byte	.LVL25
 2013 0280 0100     		.2byte	0x1
 2014 0282 54       		.byte	0x54
 2015 0283 00000000 		.4byte	0
 2016 0287 00000000 		.4byte	0
 2017              		.section	.debug_aranges,"",%progbits
 2018 0000 34000000 		.4byte	0x34
 2019 0004 0200     		.2byte	0x2
 2020 0006 00000000 		.4byte	.Ldebug_info0
 2021 000a 04       		.byte	0x4
 2022 000b 00       		.byte	0
 2023 000c 0000     		.2byte	0
 2024 000e 0000     		.2byte	0
 2025 0010 00000000 		.4byte	.LFB7
 2026 0014 0C000000 		.4byte	.LFE7-.LFB7
 2027 0018 00000000 		.4byte	.LFB8
 2028 001c 4C000000 		.4byte	.LFE8-.LFB8
 2029 0020 00000000 		.4byte	.LFB9
 2030 0024 3A000000 		.4byte	.LFE9-.LFB9
 2031 0028 00000000 		.4byte	.LFB10
 2032 002c 3C000000 		.4byte	.LFE10-.LFB10
 2033 0030 00000000 		.4byte	0
 2034 0034 00000000 		.4byte	0
 2035              		.section	.debug_ranges,"",%progbits
 2036              	.Ldebug_ranges0:
 2037 0000 00000000 		.4byte	.LFB7
 2038 0004 0C000000 		.4byte	.LFE7
 2039 0008 00000000 		.4byte	.LFB8
 2040 000c 4C000000 		.4byte	.LFE8
 2041 0010 00000000 		.4byte	.LFB9
 2042 0014 3A000000 		.4byte	.LFE9
 2043 0018 00000000 		.4byte	.LFB10
 2044 001c 3C000000 		.4byte	.LFE10
 2045 0020 00000000 		.4byte	0
 2046 0024 00000000 		.4byte	0
 2047              		.section	.debug_line,"",%progbits
 2048              	.Ldebug_line0:
 2049 0000 00020000 		.section	.debug_str,"MS",%progbits,1
 2049      02007601 
 2049      00000201 
ARM GAS  /tmp/ccqyQdS0.s 			page 37


 2049      FB0E0D00 
 2049      01010101 
 2050              	.LASF79:
 2051 0000 7466756E 		.ascii	"tfunc_t\000"
 2051      635F7400 
 2052              	.LASF42:
 2053 0008 705F6D73 		.ascii	"p_msg\000"
 2053      6700
 2054              	.LASF93:
 2055 000e 2E2E2F2E 		.ascii	"../../os/kernel/src/chdynamic.c\000"
 2055      2E2F6F73 
 2055      2F6B6572 
 2055      6E656C2F 
 2055      7372632F 
 2056              	.LASF2:
 2057 002e 73697A65 		.ascii	"size_t\000"
 2057      5F7400
 2058              	.LASF74:
 2059 0035 7264796D 		.ascii	"rdymsg\000"
 2059      736700
 2060              	.LASF17:
 2061 003c 75696E74 		.ascii	"uint64_t\000"
 2061      36345F74 
 2061      00
 2062              	.LASF3:
 2063 0045 5F5F7569 		.ascii	"__uint8_t\000"
 2063      6E74385F 
 2063      7400
 2064              	.LASF73:
 2065 004f 4D656D6F 		.ascii	"MemoryPool\000"
 2065      7279506F 
 2065      6F6C00
 2066              	.LASF58:
 2067 005a 6D656D67 		.ascii	"memgetfunc_t\000"
 2067      65746675 
 2067      6E635F74 
 2067      00
 2068              	.LASF13:
 2069 0067 6C6F6E67 		.ascii	"long long unsigned int\000"
 2069      206C6F6E 
 2069      6720756E 
 2069      7369676E 
 2069      65642069 
 2070              	.LASF75:
 2071 007e 65786974 		.ascii	"exitcode\000"
 2071      636F6465 
 2071      00
 2072              	.LASF62:
 2073 0087 685F6672 		.ascii	"h_free\000"
 2073      656500
 2074              	.LASF82:
 2075 008e 68656170 		.ascii	"heapp\000"
 2075      7000
 2076              	.LASF64:
 2077 0094 6E657874 		.ascii	"next\000"
 2077      00
 2078              	.LASF30:
ARM GAS  /tmp/ccqyQdS0.s 			page 38


 2079 0099 705F7072 		.ascii	"p_prio\000"
 2079      696F00
 2080              	.LASF11:
 2081 00a0 6C6F6E67 		.ascii	"long long int\000"
 2081      206C6F6E 
 2081      6720696E 
 2081      7400
 2082              	.LASF1:
 2083 00ae 7369676E 		.ascii	"signed char\000"
 2083      65642063 
 2083      68617200 
 2084              	.LASF63:
 2085 00ba 685F6D74 		.ascii	"h_mtx\000"
 2085      7800
 2086              	.LASF46:
 2087 00c0 705F6D70 		.ascii	"p_mpool\000"
 2087      6F6F6C00 
 2088              	.LASF55:
 2089 00c8 6D5F7175 		.ascii	"m_queue\000"
 2089      65756500 
 2090              	.LASF87:
 2091 00d0 63684865 		.ascii	"chHeapFree\000"
 2091      61704672 
 2091      656500
 2092              	.LASF22:
 2093 00db 74736C69 		.ascii	"tslices_t\000"
 2093      6365735F 
 2093      7400
 2094              	.LASF89:
 2095 00e5 63685468 		.ascii	"chThdCreateI\000"
 2095      64437265 
 2095      61746549 
 2095      00
 2096              	.LASF8:
 2097 00f2 6C6F6E67 		.ascii	"long int\000"
 2097      20696E74 
 2097      00
 2098              	.LASF81:
 2099 00fb 63685468 		.ascii	"chThdCreateFromHeap\000"
 2099      64437265 
 2099      61746546 
 2099      726F6D48 
 2099      65617000 
 2100              	.LASF20:
 2101 010f 74737461 		.ascii	"tstate_t\000"
 2101      74655F74 
 2101      00
 2102              	.LASF70:
 2103 0118 6D705F6E 		.ascii	"mp_next\000"
 2103      65787400 
 2104              	.LASF32:
 2105 0120 705F6E65 		.ascii	"p_newer\000"
 2105      77657200 
 2106              	.LASF85:
 2107 0128 63685468 		.ascii	"chThdCreateFromMemoryPool\000"
 2107      64437265 
 2107      61746546 
ARM GAS  /tmp/ccqyQdS0.s 			page 39


 2107      726F6D4D 
 2107      656D6F72 
 2108              	.LASF92:
 2109 0142 474E5520 		.ascii	"GNU C 4.8.2 -mcpu=cortex-m0 -mno-thumb-interwork -m"
 2109      4320342E 
 2109      382E3220 
 2109      2D6D6370 
 2109      753D636F 
 2110 0175 7468756D 		.ascii	"thumb -ggdb -O2 -fomit-frame-pointer -falign-functi"
 2110      62202D67 
 2110      67646220 
 2110      2D4F3220 
 2110      2D666F6D 
 2111 01a8 6F6E733D 		.ascii	"ons=16 -ffunction-sections -fdata-sections -fno-com"
 2111      3136202D 
 2111      6666756E 
 2111      6374696F 
 2111      6E2D7365 
 2112 01db 6D6F6E00 		.ascii	"mon\000"
 2113              	.LASF9:
 2114 01df 5F5F7569 		.ascii	"__uint32_t\000"
 2114      6E743332 
 2114      5F7400
 2115              	.LASF72:
 2116 01ea 6D705F70 		.ascii	"mp_provider\000"
 2116      726F7669 
 2116      64657200 
 2117              	.LASF49:
 2118 01f6 72656761 		.ascii	"regarm_t\000"
 2118      726D5F74 
 2118      00
 2119              	.LASF66:
 2120 01ff 616C6967 		.ascii	"align\000"
 2120      6E00
 2121              	.LASF0:
 2122 0205 756E7369 		.ascii	"unsigned int\000"
 2122      676E6564 
 2122      20696E74 
 2122      00
 2123              	.LASF10:
 2124 0212 6C6F6E67 		.ascii	"long unsigned int\000"
 2124      20756E73 
 2124      69676E65 
 2124      6420696E 
 2124      7400
 2125              	.LASF52:
 2126 0224 636F6E74 		.ascii	"context\000"
 2126      65787400 
 2127              	.LASF67:
 2128 022c 73697A65 		.ascii	"size\000"
 2128      00
 2129              	.LASF6:
 2130 0231 73686F72 		.ascii	"short unsigned int\000"
 2130      7420756E 
 2130      7369676E 
 2130      65642069 
 2130      6E7400
ARM GAS  /tmp/ccqyQdS0.s 			page 40


 2131              	.LASF24:
 2132 0244 6D73675F 		.ascii	"msg_t\000"
 2132      7400
 2133              	.LASF19:
 2134 024a 746D6F64 		.ascii	"tmode_t\000"
 2134      655F7400 
 2135              	.LASF48:
 2136 0252 54687265 		.ascii	"ThreadsList\000"
 2136      6164734C 
 2136      69737400 
 2137              	.LASF25:
 2138 025e 6576656E 		.ascii	"eventmask_t\000"
 2138      746D6173 
 2138      6B5F7400 
 2139              	.LASF54:
 2140 026a 4D757465 		.ascii	"Mutex\000"
 2140      7800
 2141              	.LASF80:
 2142 0270 63685468 		.ascii	"chThdAddRef\000"
 2142      64416464 
 2142      52656600 
 2143              	.LASF50:
 2144 027c 73746B61 		.ascii	"stkalign_t\000"
 2144      6C69676E 
 2144      5F7400
 2145              	.LASF53:
 2146 0287 73697A65 		.ascii	"sizetype\000"
 2146      74797065 
 2146      00
 2147              	.LASF33:
 2148 0290 705F6F6C 		.ascii	"p_older\000"
 2148      64657200 
 2149              	.LASF47:
 2150 0298 54687265 		.ascii	"ThreadsQueue\000"
 2150      61647351 
 2150      75657565 
 2150      00
 2151              	.LASF71:
 2152 02a5 6D705F6F 		.ascii	"mp_object_size\000"
 2152      626A6563 
 2152      745F7369 
 2152      7A6500
 2153              	.LASF94:
 2154 02b4 2F686F6D 		.ascii	"/home/ece497/vbox-shared/mplayer/ChibiOS-RT-stable_"
 2154      652F6563 
 2154      65343937 
 2154      2F76626F 
 2154      782D7368 
 2155 02e7 322E362E 		.ascii	"2.6.x/demos/ARMCM0-STM32F051-DISCOVERY\000"
 2155      782F6465 
 2155      6D6F732F 
 2155      41524D43 
 2155      4D302D53 
 2156              	.LASF83:
 2157 030e 7072696F 		.ascii	"prio\000"
 2157      00
 2158              	.LASF59:
ARM GAS  /tmp/ccqyQdS0.s 			page 41


 2159 0313 4D656D6F 		.ascii	"MemoryHeap\000"
 2159      72794865 
 2159      617000
 2160              	.LASF12:
 2161 031e 5F5F7569 		.ascii	"__uint64_t\000"
 2161      6E743634 
 2161      5F7400
 2162              	.LASF69:
 2163 0329 70685F6E 		.ascii	"ph_next\000"
 2163      65787400 
 2164              	.LASF21:
 2165 0331 74726566 		.ascii	"trefs_t\000"
 2165      735F7400 
 2166              	.LASF84:
 2167 0339 72656673 		.ascii	"refs\000"
 2167      00
 2168              	.LASF29:
 2169 033e 705F7072 		.ascii	"p_prev\000"
 2169      657600
 2170              	.LASF23:
 2171 0345 74707269 		.ascii	"tprio_t\000"
 2171      6F5F7400 
 2172              	.LASF18:
 2173 034d 5F426F6F 		.ascii	"_Bool\000"
 2173      6C00
 2174              	.LASF15:
 2175 0353 696E7433 		.ascii	"int32_t\000"
 2175      325F7400 
 2176              	.LASF4:
 2177 035b 756E7369 		.ascii	"unsigned char\000"
 2177      676E6564 
 2177      20636861 
 2177      7200
 2178              	.LASF61:
 2179 0369 685F7072 		.ascii	"h_provider\000"
 2179      6F766964 
 2179      657200
 2180              	.LASF44:
 2181 0374 705F6D74 		.ascii	"p_mtxlist\000"
 2181      786C6973 
 2181      7400
 2182              	.LASF5:
 2183 037e 73686F72 		.ascii	"short int\000"
 2183      7420696E 
 2183      7400
 2184              	.LASF35:
 2185 0388 705F7374 		.ascii	"p_state\000"
 2185      61746500 
 2186              	.LASF38:
 2187 0390 705F7072 		.ascii	"p_preempt\000"
 2187      65656D70 
 2187      7400
 2188              	.LASF95:
 2189 039a 68656170 		.ascii	"heap_header\000"
 2189      5F686561 
 2189      64657200 
 2190              	.LASF77:
ARM GAS  /tmp/ccqyQdS0.s 			page 42


 2191 03a6 65776D61 		.ascii	"ewmask\000"
 2191      736B00
 2192              	.LASF28:
 2193 03ad 705F6E65 		.ascii	"p_next\000"
 2193      787400
 2194              	.LASF36:
 2195 03b4 705F666C 		.ascii	"p_flags\000"
 2195      61677300 
 2196              	.LASF96:
 2197 03bc 63685468 		.ascii	"chThdRelease\000"
 2197      6452656C 
 2197      65617365 
 2197      00
 2198              	.LASF27:
 2199 03c9 54687265 		.ascii	"Thread\000"
 2199      616400
 2200              	.LASF88:
 2201 03d0 63684865 		.ascii	"chHeapAlloc\000"
 2201      6170416C 
 2201      6C6F6300 
 2202              	.LASF43:
 2203 03dc 705F6570 		.ascii	"p_epending\000"
 2203      656E6469 
 2203      6E6700
 2204              	.LASF16:
 2205 03e7 75696E74 		.ascii	"uint32_t\000"
 2205      33325F74 
 2205      00
 2206              	.LASF65:
 2207 03f0 68656170 		.ascii	"heap\000"
 2207      00
 2208              	.LASF78:
 2209 03f5 63686172 		.ascii	"char\000"
 2209      00
 2210              	.LASF57:
 2211 03fa 6D5F6E65 		.ascii	"m_next\000"
 2211      787400
 2212              	.LASF26:
 2213 0401 73797374 		.ascii	"systime_t\000"
 2213      696D655F 
 2213      7400
 2214              	.LASF45:
 2215 040b 705F7265 		.ascii	"p_realprio\000"
 2215      616C7072 
 2215      696F00
 2216              	.LASF7:
 2217 0416 5F5F696E 		.ascii	"__int32_t\000"
 2217      7433325F 
 2217      7400
 2218              	.LASF39:
 2219 0420 705F7469 		.ascii	"p_time\000"
 2219      6D6500
 2220              	.LASF51:
 2221 0427 696E7463 		.ascii	"intctx\000"
 2221      747800
 2222              	.LASF41:
 2223 042e 705F6D73 		.ascii	"p_msgqueue\000"
ARM GAS  /tmp/ccqyQdS0.s 			page 43


 2223      67717565 
 2223      756500
 2224              	.LASF90:
 2225 0439 63685363 		.ascii	"chSchWakeupS\000"
 2225      6857616B 
 2225      65757053 
 2225      00
 2226              	.LASF68:
 2227 0446 706F6F6C 		.ascii	"pool_header\000"
 2227      5F686561 
 2227      64657200 
 2228              	.LASF37:
 2229 0452 705F7265 		.ascii	"p_refs\000"
 2229      667300
 2230              	.LASF14:
 2231 0459 75696E74 		.ascii	"uint8_t\000"
 2231      385F7400 
 2232              	.LASF91:
 2233 0461 6368506F 		.ascii	"chPoolAlloc\000"
 2233      6F6C416C 
 2233      6C6F6300 
 2234              	.LASF86:
 2235 046d 6368506F 		.ascii	"chPoolFree\000"
 2235      6F6C4672 
 2235      656500
 2236              	.LASF76:
 2237 0478 77746F62 		.ascii	"wtobjp\000"
 2237      6A7000
 2238              	.LASF34:
 2239 047f 705F6E61 		.ascii	"p_name\000"
 2239      6D6500
 2240              	.LASF56:
 2241 0486 6D5F6F77 		.ascii	"m_owner\000"
 2241      6E657200 
 2242              	.LASF31:
 2243 048e 705F6374 		.ascii	"p_ctx\000"
 2243      7800
 2244              	.LASF40:
 2245 0494 705F7761 		.ascii	"p_waiting\000"
 2245      6974696E 
 2245      6700
 2246              	.LASF60:
 2247 049e 6D656D6F 		.ascii	"memory_heap\000"
 2247      72795F68 
 2247      65617000 
 2248              		.ident	"GCC: (Arch Repository) 4.8.2"
ARM GAS  /tmp/ccqyQdS0.s 			page 44


DEFINED SYMBOLS
                            *ABS*:0000000000000000 chdynamic.c
     /tmp/ccqyQdS0.s:18     .text.chThdAddRef:0000000000000000 $t
     /tmp/ccqyQdS0.s:24     .text.chThdAddRef:0000000000000000 chThdAddRef
     /tmp/ccqyQdS0.s:51     .text.chThdRelease:0000000000000000 $t
     /tmp/ccqyQdS0.s:57     .text.chThdRelease:0000000000000000 chThdRelease
     /tmp/ccqyQdS0.s:139    .text.chThdCreateFromHeap:0000000000000000 $t
     /tmp/ccqyQdS0.s:145    .text.chThdCreateFromHeap:0000000000000000 chThdCreateFromHeap
     /tmp/ccqyQdS0.s:217    .text.chThdCreateFromMemoryPool:0000000000000000 $t
     /tmp/ccqyQdS0.s:223    .text.chThdCreateFromMemoryPool:0000000000000000 chThdCreateFromMemoryPool
                     .debug_frame:0000000000000010 $d

UNDEFINED SYMBOLS
chPoolFree
chHeapFree
chHeapAlloc
chThdCreateI
chSchWakeupS
chPoolAlloc
