ARM GAS  /tmp/ccmfK003.s 			page 1


   1              		.cpu cortex-m0
   2              		.fpu softvfp
   3              		.eabi_attribute 20, 1
   4              		.eabi_attribute 21, 1
   5              		.eabi_attribute 23, 3
   6              		.eabi_attribute 24, 1
   7              		.eabi_attribute 25, 1
   8              		.eabi_attribute 26, 1
   9              		.eabi_attribute 30, 2
  10              		.eabi_attribute 34, 0
  11              		.eabi_attribute 18, 4
  12              		.code	16
  13              		.file	"chheap.c"
  14              		.text
  15              	.Ltext0:
  16              		.cfi_sections	.debug_frame
  17              		.section	.text._heap_init,"ax",%progbits
  18              		.align	2
  19              		.p2align 4,,15
  20              		.global	_heap_init
  21              		.code	16
  22              		.thumb_func
  23              		.type	_heap_init, %function
  24              	_heap_init:
  25              	.LFB7:
  26              		.file 1 "../../os/kernel/src/chheap.c"
  27              		.loc 1 75 0
  28              		.cfi_startproc
  29 0000 08B5     		push	{r3, lr}
  30              		.cfi_def_cfa_offset 8
  31              		.cfi_offset 3, -8
  32              		.cfi_offset 14, -4
  33              		.loc 1 76 0
  34 0002 0548     		ldr	r0, .L2
  35 0004 054B     		ldr	r3, .L2+4
  36              		.loc 1 84 0
  37              		@ sp needed
  38              		.loc 1 76 0
  39 0006 0360     		str	r3, [r0]
  40              		.loc 1 77 0
  41 0008 0023     		mov	r3, #0
  42 000a 8360     		str	r3, [r0, #8]
  43              		.loc 1 78 0
  44 000c C360     		str	r3, [r0, #12]
  45              		.loc 1 80 0
  46 000e 1030     		add	r0, r0, #16
  47 0010 FFF7FEFF 		bl	chMtxInit
  48              	.LVL0:
  49              		.loc 1 84 0
  50 0014 08BD     		pop	{r3, pc}
  51              	.L3:
  52 0016 C046     		.align	2
  53              	.L2:
  54 0018 00000000 		.word	.LANCHOR0
  55 001c 00000000 		.word	chCoreAlloc
  56              		.cfi_endproc
  57              	.LFE7:
ARM GAS  /tmp/ccmfK003.s 			page 2


  58              		.size	_heap_init, .-_heap_init
  59              		.section	.text.chHeapInit,"ax",%progbits
  60              		.align	2
  61              		.p2align 4,,15
  62              		.global	chHeapInit
  63              		.code	16
  64              		.thumb_func
  65              		.type	chHeapInit, %function
  66              	chHeapInit:
  67              	.LFB8:
  68              		.loc 1 99 0
  69              		.cfi_startproc
  70              	.LVL1:
  71 0000 08B5     		push	{r3, lr}
  72              		.cfi_def_cfa_offset 8
  73              		.cfi_offset 3, -8
  74              		.cfi_offset 14, -4
  75              		.loc 1 108 0
  76 0002 083A     		sub	r2, r2, #8
  77              	.LVL2:
  78              		.loc 1 104 0
  79 0004 0023     		mov	r3, #0
  80 0006 0360     		str	r3, [r0]
  81              	.LVL3:
  82              		.loc 1 105 0
  83 0008 8160     		str	r1, [r0, #8]
  84              		.loc 1 106 0
  85 000a C360     		str	r3, [r0, #12]
  86              		.loc 1 107 0
  87 000c 0B60     		str	r3, [r1]
  88              		.loc 1 108 0
  89 000e 4A60     		str	r2, [r1, #4]
  90              		.loc 1 110 0
  91 0010 1030     		add	r0, r0, #16
  92              	.LVL4:
  93 0012 FFF7FEFF 		bl	chMtxInit
  94              	.LVL5:
  95              		.loc 1 114 0
  96              		@ sp needed
  97 0016 08BD     		pop	{r3, pc}
  98              		.cfi_endproc
  99              	.LFE8:
 100              		.size	chHeapInit, .-chHeapInit
 101 0018 C046C046 		.section	.text.chHeapAlloc,"ax",%progbits
 101      C046C046 
 102              		.align	2
 103              		.p2align 4,,15
 104              		.global	chHeapAlloc
 105              		.code	16
 106              		.thumb_func
 107              		.type	chHeapAlloc, %function
 108              	chHeapAlloc:
 109              	.LFB9:
 110              		.loc 1 132 0
 111              		.cfi_startproc
 112              	.LVL6:
 113 0000 F8B5     		push	{r3, r4, r5, r6, r7, lr}
ARM GAS  /tmp/ccmfK003.s 			page 3


 114              		.cfi_def_cfa_offset 24
 115              		.cfi_offset 3, -24
 116              		.cfi_offset 4, -20
 117              		.cfi_offset 5, -16
 118              		.cfi_offset 6, -12
 119              		.cfi_offset 7, -8
 120              		.cfi_offset 14, -4
 121              		.loc 1 132 0
 122 0002 071E     		sub	r7, r0, #0
 123              		.loc 1 135 0
 124 0004 33D0     		beq	.L20
 125              	.L6:
 126              	.LVL7:
 127              		.loc 1 140 0
 128 0006 381C     		mov	r0, r7
 129              		.loc 1 138 0
 130 0008 CE1D     		add	r6, r1, #7
 131 000a 0723     		mov	r3, #7
 132              		.loc 1 139 0
 133 000c 3D1C     		mov	r5, r7
 134              		.loc 1 140 0
 135 000e 1030     		add	r0, r0, #16
 136              		.loc 1 138 0
 137 0010 9E43     		bic	r6, r3
 138              	.LVL8:
 139              		.loc 1 139 0
 140 0012 0835     		add	r5, r5, #8
 141              	.LVL9:
 142              		.loc 1 140 0
 143 0014 FFF7FEFF 		bl	chMtxLock
 144              	.LVL10:
 145              		.loc 1 142 0
 146 0018 03E0     		b	.L7
 147              	.L12:
 148              	.LVL11:
 149              		.loc 1 144 0
 150 001a 6368     		ldr	r3, [r4, #4]
 151 001c 9E42     		cmp	r6, r3
 152 001e 11D9     		bls	.L21
 153 0020 251C     		mov	r5, r4
 154              	.LVL12:
 155              	.L7:
 156              		.loc 1 142 0 discriminator 1
 157 0022 2C68     		ldr	r4, [r5]
 158 0024 002C     		cmp	r4, #0
 159 0026 F8D1     		bne	.L12
 160              		.loc 1 167 0
 161 0028 FFF7FEFF 		bl	chMtxUnlock
 162              	.LVL13:
 163              		.loc 1 171 0
 164 002c 3B68     		ldr	r3, [r7]
 165 002e 002B     		cmp	r3, #0
 166 0030 1FD0     		beq	.L14
 167              		.loc 1 172 0
 168 0032 301C     		mov	r0, r6
 169 0034 0830     		add	r0, r0, #8
 170 0036 9847     		blx	r3
ARM GAS  /tmp/ccmfK003.s 			page 4


 171              	.LVL14:
 172              		.loc 1 173 0
 173 0038 0028     		cmp	r0, #0
 174 003a 1AD0     		beq	.L14
 175              		.loc 1 174 0
 176 003c 0760     		str	r7, [r0]
 177              		.loc 1 175 0
 178 003e 4660     		str	r6, [r0, #4]
 179              	.LVL15:
 180              		.loc 1 177 0
 181 0040 0830     		add	r0, r0, #8
 182              	.LVL16:
 183              	.L11:
 184              		.loc 1 181 0
 185              		@ sp needed
 186              	.LVL17:
 187              	.LVL18:
 188              	.LVL19:
 189 0042 F8BD     		pop	{r3, r4, r5, r6, r7, pc}
 190              	.LVL20:
 191              	.L21:
 192              		.loc 1 145 0
 193 0044 321C     		mov	r2, r6
 194 0046 0832     		add	r2, r2, #8
 195 0048 9A42     		cmp	r2, r3
 196 004a 07D9     		bls	.L9
 197              		.loc 1 149 0
 198 004c 2168     		ldr	r1, [r4]
 199 004e 2960     		str	r1, [r5]
 200              	.L10:
 201              		.loc 1 159 0
 202 0050 2760     		str	r7, [r4]
 203              		.loc 1 161 0
 204 0052 FFF7FEFF 		bl	chMtxUnlock
 205              	.LVL21:
 206              		.loc 1 162 0
 207 0056 201C     		mov	r0, r4
 208 0058 0830     		add	r0, r0, #8
 209 005a F2E7     		b	.L11
 210              	.L9:
 211              		.loc 1 154 0
 212 005c 2168     		ldr	r1, [r4]
 213              		.loc 1 155 0
 214 005e 9B1B     		sub	r3, r3, r6
 215              		.loc 1 153 0
 216 0060 A218     		add	r2, r4, r2
 217              	.LVL22:
 218              		.loc 1 155 0
 219 0062 083B     		sub	r3, r3, #8
 220              		.loc 1 154 0
 221 0064 1160     		str	r1, [r2]
 222              		.loc 1 155 0
 223 0066 5360     		str	r3, [r2, #4]
 224              		.loc 1 156 0
 225 0068 2A60     		str	r2, [r5]
 226              		.loc 1 157 0
 227 006a 6660     		str	r6, [r4, #4]
ARM GAS  /tmp/ccmfK003.s 			page 5


 228 006c F0E7     		b	.L10
 229              	.LVL23:
 230              	.L20:
 231              		.loc 1 136 0
 232 006e 024F     		ldr	r7, .L22
 233 0070 C9E7     		b	.L6
 234              	.LVL24:
 235              	.L14:
 236              		.loc 1 180 0
 237 0072 0020     		mov	r0, #0
 238 0074 E5E7     		b	.L11
 239              	.L23:
 240 0076 C046     		.align	2
 241              	.L22:
 242 0078 00000000 		.word	.LANCHOR0
 243              		.cfi_endproc
 244              	.LFE9:
 245              		.size	chHeapAlloc, .-chHeapAlloc
 246 007c C046C046 		.section	.text.chHeapFree,"ax",%progbits
 247              		.align	2
 248              		.p2align 4,,15
 249              		.global	chHeapFree
 250              		.code	16
 251              		.thumb_func
 252              		.type	chHeapFree, %function
 253              	chHeapFree:
 254              	.LFB10:
 255              		.loc 1 194 0
 256              		.cfi_startproc
 257              	.LVL25:
 258 0000 38B5     		push	{r3, r4, r5, lr}
 259              		.cfi_def_cfa_offset 16
 260              		.cfi_offset 3, -16
 261              		.cfi_offset 4, -12
 262              		.cfi_offset 5, -8
 263              		.cfi_offset 14, -4
 264              		.loc 1 200 0
 265 0002 041C     		mov	r4, r0
 266 0004 083C     		sub	r4, r4, #8
 267              	.LVL26:
 268              		.loc 1 201 0
 269 0006 2068     		ldr	r0, [r4]
 270              	.LVL27:
 271              		.loc 1 202 0
 272 0008 051C     		mov	r5, r0
 273 000a 0835     		add	r5, r5, #8
 274              	.LVL28:
 275              		.loc 1 203 0
 276 000c 1030     		add	r0, r0, #16
 277              	.LVL29:
 278 000e FFF7FEFF 		bl	chMtxLock
 279              	.LVL30:
 280              		.loc 1 202 0
 281 0012 2B1C     		mov	r3, r5
 282              	.LVL31:
 283              	.L31:
 284              		.loc 1 210 0
ARM GAS  /tmp/ccmfK003.s 			page 6


 285 0014 AB42     		cmp	r3, r5
 286 0016 04D0     		beq	.L25
 287              	.L36:
 288              		.loc 1 210 0 is_stmt 0 discriminator 2
 289 0018 A342     		cmp	r3, r4
 290 001a 02D3     		bcc	.L25
 291 001c 1B68     		ldr	r3, [r3]
 292              	.LVL32:
 293              		.loc 1 210 0
 294 001e AB42     		cmp	r3, r5
 295 0020 FAD1     		bne	.L36
 296              	.L25:
 297              		.loc 1 211 0 is_stmt 1 discriminator 1
 298 0022 1A68     		ldr	r2, [r3]
 299              		.loc 1 210 0 discriminator 1
 300 0024 002A     		cmp	r2, #0
 301 0026 03D0     		beq	.L27
 302              		.loc 1 211 0
 303 0028 9442     		cmp	r4, r2
 304 002a 01D3     		bcc	.L27
 305 002c 131C     		mov	r3, r2
 306              	.LVL33:
 307              		.loc 1 229 0
 308 002e F1E7     		b	.L31
 309              	.LVL34:
 310              	.L27:
 311              		.loc 1 216 0
 312 0030 6168     		ldr	r1, [r4, #4]
 313              		.loc 1 213 0
 314 0032 2260     		str	r2, [r4]
 315              		.loc 1 214 0
 316 0034 1C60     		str	r4, [r3]
 317              		.loc 1 216 0
 318 0036 0A1C     		mov	r2, r1
 319 0038 0832     		add	r2, r2, #8
 320 003a 2068     		ldr	r0, [r4]
 321 003c A218     		add	r2, r4, r2
 322 003e 8242     		cmp	r2, r0
 323 0040 08D0     		beq	.L37
 324              		.loc 1 221 0
 325 0042 5A68     		ldr	r2, [r3, #4]
 326 0044 111C     		mov	r1, r2
 327 0046 0831     		add	r1, r1, #8
 328 0048 5918     		add	r1, r3, r1
 329 004a 8C42     		cmp	r4, r1
 330 004c 0ED0     		beq	.L38
 331              	.LVL35:
 332              	.L30:
 333              		.loc 1 231 0
 334 004e FFF7FEFF 		bl	chMtxUnlock
 335              	.LVL36:
 336              		.loc 1 233 0
 337              		@ sp needed
 338              	.LVL37:
 339 0052 38BD     		pop	{r3, r4, r5, pc}
 340              	.LVL38:
 341              	.L37:
ARM GAS  /tmp/ccmfK003.s 			page 7


 342              		.loc 1 218 0
 343 0054 5068     		ldr	r0, [r2, #4]
 344              		.loc 1 219 0
 345 0056 1268     		ldr	r2, [r2]
 346              		.loc 1 218 0
 347 0058 0918     		add	r1, r1, r0
 348 005a 0831     		add	r1, r1, #8
 349 005c 6160     		str	r1, [r4, #4]
 350              		.loc 1 219 0
 351 005e 2260     		str	r2, [r4]
 352              		.loc 1 221 0
 353 0060 5A68     		ldr	r2, [r3, #4]
 354 0062 111C     		mov	r1, r2
 355 0064 0831     		add	r1, r1, #8
 356 0066 5918     		add	r1, r3, r1
 357 0068 8C42     		cmp	r4, r1
 358 006a F0D1     		bne	.L30
 359              	.L38:
 360              		.loc 1 223 0
 361 006c 6168     		ldr	r1, [r4, #4]
 362              		.loc 1 224 0
 363 006e 2468     		ldr	r4, [r4]
 364              	.LVL39:
 365              		.loc 1 223 0
 366 0070 5218     		add	r2, r2, r1
 367 0072 0832     		add	r2, r2, #8
 368 0074 5A60     		str	r2, [r3, #4]
 369              		.loc 1 224 0
 370 0076 1C60     		str	r4, [r3]
 371 0078 E9E7     		b	.L30
 372              		.cfi_endproc
 373              	.LFE10:
 374              		.size	chHeapFree, .-chHeapFree
 375 007a C046C046 		.section	.text.chHeapStatus,"ax",%progbits
 375      C046
 376              		.align	2
 377              		.p2align 4,,15
 378              		.global	chHeapStatus
 379              		.code	16
 380              		.thumb_func
 381              		.type	chHeapStatus, %function
 382              	chHeapStatus:
 383              	.LFB11:
 384              		.loc 1 250 0
 385              		.cfi_startproc
 386              	.LVL40:
 387 0000 38B5     		push	{r3, r4, r5, lr}
 388              		.cfi_def_cfa_offset 16
 389              		.cfi_offset 3, -16
 390              		.cfi_offset 4, -12
 391              		.cfi_offset 5, -8
 392              		.cfi_offset 14, -4
 393              		.loc 1 250 0
 394 0002 041C     		mov	r4, r0
 395 0004 0D1C     		mov	r5, r1
 396              		.loc 1 254 0
 397 0006 0028     		cmp	r0, #0
ARM GAS  /tmp/ccmfK003.s 			page 8


 398 0008 15D0     		beq	.L52
 399              	.L40:
 400              	.LVL41:
 401              		.loc 1 257 0
 402 000a 201C     		mov	r0, r4
 403 000c 1030     		add	r0, r0, #16
 404 000e FFF7FEFF 		bl	chMtxLock
 405              	.LVL42:
 406              		.loc 1 260 0
 407 0012 A368     		ldr	r3, [r4, #8]
 408              		.loc 1 259 0
 409 0014 0022     		mov	r2, #0
 410              		.loc 1 260 0
 411 0016 0024     		mov	r4, #0
 412              	.LVL43:
 413 0018 002B     		cmp	r3, #0
 414 001a 05D0     		beq	.L41
 415              	.LVL44:
 416              	.L42:
 417              		.loc 1 261 0 discriminator 2
 418 001c 5968     		ldr	r1, [r3, #4]
 419              		.loc 1 260 0 discriminator 2
 420 001e 1B68     		ldr	r3, [r3]
 421              		.loc 1 261 0 discriminator 2
 422 0020 5218     		add	r2, r2, r1
 423              	.LVL45:
 424              		.loc 1 260 0 discriminator 2
 425 0022 0134     		add	r4, r4, #1
 426              	.LVL46:
 427 0024 002B     		cmp	r3, #0
 428 0026 F9D1     		bne	.L42
 429              	.LVL47:
 430              	.L41:
 431              		.loc 1 262 0
 432 0028 002D     		cmp	r5, #0
 433 002a 00D0     		beq	.L43
 434              		.loc 1 263 0
 435 002c 2A60     		str	r2, [r5]
 436              	.L43:
 437              		.loc 1 265 0
 438 002e FFF7FEFF 		bl	chMtxUnlock
 439              	.LVL48:
 440              		.loc 1 267 0
 441              		@ sp needed
 442 0032 201C     		mov	r0, r4
 443              	.LVL49:
 444 0034 38BD     		pop	{r3, r4, r5, pc}
 445              	.LVL50:
 446              	.L52:
 447              		.loc 1 255 0
 448 0036 014C     		ldr	r4, .L53
 449 0038 E7E7     		b	.L40
 450              	.L54:
 451 003a C046     		.align	2
 452              	.L53:
 453 003c 00000000 		.word	.LANCHOR0
 454              		.cfi_endproc
ARM GAS  /tmp/ccmfK003.s 			page 9


 455              	.LFE11:
 456              		.size	chHeapStatus, .-chHeapStatus
 457              		.section	.bss.default_heap,"aw",%nobits
 458              		.align	3
 459              		.set	.LANCHOR0,. + 0
 460              		.type	default_heap, %object
 461              		.size	default_heap, 32
 462              	default_heap:
 463 0000 00000000 		.space	32
 463      00000000 
 463      00000000 
 463      00000000 
 463      00000000 
 464              		.text
 465              	.Letext0:
 466              		.file 2 "/usr/lib/gcc/arm-none-eabi/4.8.2/include/stddef.h"
 467              		.file 3 "/usr/arm-none-eabi/include/machine/_default_types.h"
 468              		.file 4 "/usr/arm-none-eabi/include/stdint.h"
 469              		.file 5 "../../os/ports/GCC/ARMCMx/chtypes.h"
 470              		.file 6 "../../os/kernel/include/chlists.h"
 471              		.file 7 "../../os/kernel/include/chthreads.h"
 472              		.file 8 "../../os/ports/GCC/ARMCMx/chcore_v6m.h"
 473              		.file 9 "../../os/kernel/include/chmtx.h"
 474              		.file 10 "../../os/kernel/include/chmemcore.h"
 475              		.file 11 "../../os/kernel/include/chheap.h"
 476              		.section	.debug_info,"",%progbits
 477              	.Ldebug_info0:
 478 0000 E1060000 		.4byte	0x6e1
 479 0004 0400     		.2byte	0x4
 480 0006 00000000 		.4byte	.Ldebug_abbrev0
 481 000a 04       		.byte	0x4
 482 000b 01       		.uleb128 0x1
 483 000c 00010000 		.4byte	.LASF83
 484 0010 01       		.byte	0x1
 485 0011 D2000000 		.4byte	.LASF84
 486 0015 55020000 		.4byte	.LASF85
 487 0019 00000000 		.4byte	.Ldebug_ranges0+0
 488 001d 00000000 		.4byte	0
 489 0021 00000000 		.4byte	.Ldebug_line0
 490 0025 02       		.uleb128 0x2
 491 0026 04       		.byte	0x4
 492 0027 05       		.byte	0x5
 493 0028 696E7400 		.ascii	"int\000"
 494 002c 03       		.uleb128 0x3
 495 002d 06000000 		.4byte	.LASF2
 496 0031 02       		.byte	0x2
 497 0032 D4       		.byte	0xd4
 498 0033 37000000 		.4byte	0x37
 499 0037 04       		.uleb128 0x4
 500 0038 04       		.byte	0x4
 501 0039 07       		.byte	0x7
 502 003a B7010000 		.4byte	.LASF0
 503 003e 04       		.uleb128 0x4
 504 003f 01       		.byte	0x1
 505 0040 06       		.byte	0x6
 506 0041 92000000 		.4byte	.LASF1
 507 0045 03       		.uleb128 0x3
ARM GAS  /tmp/ccmfK003.s 			page 10


 508 0046 1D000000 		.4byte	.LASF3
 509 004a 03       		.byte	0x3
 510 004b 1C       		.byte	0x1c
 511 004c 50000000 		.4byte	0x50
 512 0050 04       		.uleb128 0x4
 513 0051 01       		.byte	0x1
 514 0052 08       		.byte	0x8
 515 0053 EA020000 		.4byte	.LASF4
 516 0057 04       		.uleb128 0x4
 517 0058 02       		.byte	0x2
 518 0059 05       		.byte	0x5
 519 005a 0D030000 		.4byte	.LASF5
 520 005e 04       		.uleb128 0x4
 521 005f 02       		.byte	0x2
 522 0060 07       		.byte	0x7
 523 0061 E3010000 		.4byte	.LASF6
 524 0065 03       		.uleb128 0x3
 525 0066 B2030000 		.4byte	.LASF7
 526 006a 03       		.byte	0x3
 527 006b 37       		.byte	0x37
 528 006c 70000000 		.4byte	0x70
 529 0070 04       		.uleb128 0x4
 530 0071 04       		.byte	0x4
 531 0072 05       		.byte	0x5
 532 0073 C9000000 		.4byte	.LASF8
 533 0077 03       		.uleb128 0x3
 534 0078 9D010000 		.4byte	.LASF9
 535 007c 03       		.byte	0x3
 536 007d 38       		.byte	0x38
 537 007e 82000000 		.4byte	0x82
 538 0082 04       		.uleb128 0x4
 539 0083 04       		.byte	0x4
 540 0084 07       		.byte	0x7
 541 0085 C4010000 		.4byte	.LASF10
 542 0089 04       		.uleb128 0x4
 543 008a 08       		.byte	0x8
 544 008b 05       		.byte	0x5
 545 008c 84000000 		.4byte	.LASF11
 546 0090 03       		.uleb128 0x3
 547 0091 BA020000 		.4byte	.LASF12
 548 0095 03       		.byte	0x3
 549 0096 4E       		.byte	0x4e
 550 0097 9B000000 		.4byte	0x9b
 551 009b 04       		.uleb128 0x4
 552 009c 08       		.byte	0x8
 553 009d 07       		.byte	0x7
 554 009e 34000000 		.4byte	.LASF13
 555 00a2 03       		.uleb128 0x3
 556 00a3 E6030000 		.4byte	.LASF14
 557 00a7 04       		.byte	0x4
 558 00a8 2A       		.byte	0x2a
 559 00a9 45000000 		.4byte	0x45
 560 00ad 03       		.uleb128 0x3
 561 00ae E2020000 		.4byte	.LASF15
 562 00b2 04       		.byte	0x4
 563 00b3 41       		.byte	0x41
 564 00b4 65000000 		.4byte	0x65
ARM GAS  /tmp/ccmfK003.s 			page 11


 565 00b8 03       		.uleb128 0x3
 566 00b9 69030000 		.4byte	.LASF16
 567 00bd 04       		.byte	0x4
 568 00be 42       		.byte	0x42
 569 00bf 77000000 		.4byte	0x77
 570 00c3 03       		.uleb128 0x3
 571 00c4 14000000 		.4byte	.LASF17
 572 00c8 04       		.byte	0x4
 573 00c9 4E       		.byte	0x4e
 574 00ca 90000000 		.4byte	0x90
 575 00ce 04       		.uleb128 0x4
 576 00cf 01       		.byte	0x1
 577 00d0 02       		.byte	0x2
 578 00d1 DC020000 		.4byte	.LASF18
 579 00d5 03       		.uleb128 0x3
 580 00d6 FC010000 		.4byte	.LASF19
 581 00da 05       		.byte	0x5
 582 00db 2C       		.byte	0x2c
 583 00dc A2000000 		.4byte	0xa2
 584 00e0 03       		.uleb128 0x3
 585 00e1 EF000000 		.4byte	.LASF20
 586 00e5 05       		.byte	0x5
 587 00e6 2D       		.byte	0x2d
 588 00e7 A2000000 		.4byte	0xa2
 589 00eb 03       		.uleb128 0x3
 590 00ec C5020000 		.4byte	.LASF21
 591 00f0 05       		.byte	0x5
 592 00f1 2E       		.byte	0x2e
 593 00f2 A2000000 		.4byte	0xa2
 594 00f6 03       		.uleb128 0x3
 595 00f7 BF000000 		.4byte	.LASF22
 596 00fb 05       		.byte	0x5
 597 00fc 2F       		.byte	0x2f
 598 00fd A2000000 		.4byte	0xa2
 599 0101 03       		.uleb128 0x3
 600 0102 D4020000 		.4byte	.LASF23
 601 0106 05       		.byte	0x5
 602 0107 30       		.byte	0x30
 603 0108 B8000000 		.4byte	0xb8
 604 010c 03       		.uleb128 0x3
 605 010d F6010000 		.4byte	.LASF24
 606 0111 05       		.byte	0x5
 607 0112 31       		.byte	0x31
 608 0113 AD000000 		.4byte	0xad
 609 0117 03       		.uleb128 0x3
 610 0118 10020000 		.4byte	.LASF25
 611 011c 05       		.byte	0x5
 612 011d 33       		.byte	0x33
 613 011e B8000000 		.4byte	0xb8
 614 0122 03       		.uleb128 0x3
 615 0123 9D030000 		.4byte	.LASF26
 616 0127 05       		.byte	0x5
 617 0128 35       		.byte	0x35
 618 0129 B8000000 		.4byte	0xb8
 619 012d 03       		.uleb128 0x3
 620 012e 4B030000 		.4byte	.LASF27
 621 0132 06       		.byte	0x6
ARM GAS  /tmp/ccmfK003.s 			page 12


 622 0133 2A       		.byte	0x2a
 623 0134 38010000 		.4byte	0x138
 624 0138 05       		.uleb128 0x5
 625 0139 4B030000 		.4byte	.LASF27
 626 013d 48       		.byte	0x48
 627 013e 07       		.byte	0x7
 628 013f 5E       		.byte	0x5e
 629 0140 35020000 		.4byte	0x235
 630 0144 06       		.uleb128 0x6
 631 0145 3C030000 		.4byte	.LASF28
 632 0149 07       		.byte	0x7
 633 014a 5F       		.byte	0x5f
 634 014b 56020000 		.4byte	0x256
 635 014f 00       		.byte	0
 636 0150 06       		.uleb128 0x6
 637 0151 CD020000 		.4byte	.LASF29
 638 0155 07       		.byte	0x7
 639 0156 61       		.byte	0x61
 640 0157 56020000 		.4byte	0x256
 641 015b 04       		.byte	0x4
 642 015c 06       		.uleb128 0x6
 643 015d 7D000000 		.4byte	.LASF30
 644 0161 07       		.byte	0x7
 645 0162 63       		.byte	0x63
 646 0163 01010000 		.4byte	0x101
 647 0167 08       		.byte	0x8
 648 0168 06       		.uleb128 0x6
 649 0169 15040000 		.4byte	.LASF31
 650 016d 07       		.byte	0x7
 651 016e 64       		.byte	0x64
 652 016f 11030000 		.4byte	0x311
 653 0173 0C       		.byte	0xc
 654 0174 06       		.uleb128 0x6
 655 0175 F8000000 		.4byte	.LASF32
 656 0179 07       		.byte	0x7
 657 017a 66       		.byte	0x66
 658 017b 56020000 		.4byte	0x256
 659 017f 10       		.byte	0x10
 660 0180 06       		.uleb128 0x6
 661 0181 40020000 		.4byte	.LASF33
 662 0185 07       		.byte	0x7
 663 0186 67       		.byte	0x67
 664 0187 56020000 		.4byte	0x256
 665 018b 14       		.byte	0x14
 666 018c 06       		.uleb128 0x6
 667 018d FB030000 		.4byte	.LASF34
 668 0191 07       		.byte	0x7
 669 0192 6E       		.byte	0x6e
 670 0193 7A040000 		.4byte	0x47a
 671 0197 18       		.byte	0x18
 672 0198 06       		.uleb128 0x6
 673 0199 17030000 		.4byte	.LASF35
 674 019d 07       		.byte	0x7
 675 019e 79       		.byte	0x79
 676 019f E0000000 		.4byte	0xe0
 677 01a3 1C       		.byte	0x1c
 678 01a4 06       		.uleb128 0x6
ARM GAS  /tmp/ccmfK003.s 			page 13


 679 01a5 43030000 		.4byte	.LASF36
 680 01a9 07       		.byte	0x7
 681 01aa 7D       		.byte	0x7d
 682 01ab D5000000 		.4byte	0xd5
 683 01af 1D       		.byte	0x1d
 684 01b0 06       		.uleb128 0x6
 685 01b1 DF030000 		.4byte	.LASF37
 686 01b5 07       		.byte	0x7
 687 01b6 82       		.byte	0x82
 688 01b7 EB000000 		.4byte	0xeb
 689 01bb 1E       		.byte	0x1e
 690 01bc 06       		.uleb128 0x6
 691 01bd 1F030000 		.4byte	.LASF38
 692 01c1 07       		.byte	0x7
 693 01c2 88       		.byte	0x88
 694 01c3 F6000000 		.4byte	0xf6
 695 01c7 1F       		.byte	0x1f
 696 01c8 06       		.uleb128 0x6
 697 01c9 BC030000 		.4byte	.LASF39
 698 01cd 07       		.byte	0x7
 699 01ce 8F       		.byte	0x8f
 700 01cf 37030000 		.4byte	0x337
 701 01d3 20       		.byte	0x20
 702 01d4 07       		.uleb128 0x7
 703 01d5 705F7500 		.ascii	"p_u\000"
 704 01d9 07       		.byte	0x7
 705 01da B4       		.byte	0xb4
 706 01db 45040000 		.4byte	0x445
 707 01df 24       		.byte	0x24
 708 01e0 06       		.uleb128 0x6
 709 01e1 1B040000 		.4byte	.LASF40
 710 01e5 07       		.byte	0x7
 711 01e6 B9       		.byte	0xb9
 712 01e7 7C020000 		.4byte	0x27c
 713 01eb 28       		.byte	0x28
 714 01ec 06       		.uleb128 0x6
 715 01ed CA030000 		.4byte	.LASF41
 716 01f1 07       		.byte	0x7
 717 01f2 BF       		.byte	0xbf
 718 01f3 5C020000 		.4byte	0x25c
 719 01f7 2C       		.byte	0x2c
 720 01f8 06       		.uleb128 0x6
 721 01f9 00000000 		.4byte	.LASF42
 722 01fd 07       		.byte	0x7
 723 01fe C3       		.byte	0xc3
 724 01ff 0C010000 		.4byte	0x10c
 725 0203 34       		.byte	0x34
 726 0204 06       		.uleb128 0x6
 727 0205 5E030000 		.4byte	.LASF43
 728 0209 07       		.byte	0x7
 729 020a C9       		.byte	0xc9
 730 020b 17010000 		.4byte	0x117
 731 020f 38       		.byte	0x38
 732 0210 06       		.uleb128 0x6
 733 0211 03030000 		.4byte	.LASF44
 734 0215 07       		.byte	0x7
 735 0216 D0       		.byte	0xd0
ARM GAS  /tmp/ccmfK003.s 			page 14


 736 0217 8C040000 		.4byte	0x48c
 737 021b 3C       		.byte	0x3c
 738 021c 06       		.uleb128 0x6
 739 021d A7030000 		.4byte	.LASF45
 740 0221 07       		.byte	0x7
 741 0222 D4       		.byte	0xd4
 742 0223 01010000 		.4byte	0x101
 743 0227 40       		.byte	0x40
 744 0228 06       		.uleb128 0x6
 745 0229 A4000000 		.4byte	.LASF46
 746 022d 07       		.byte	0x7
 747 022e DA       		.byte	0xda
 748 022f 92020000 		.4byte	0x292
 749 0233 44       		.byte	0x44
 750 0234 00       		.byte	0
 751 0235 08       		.uleb128 0x8
 752 0236 08       		.byte	0x8
 753 0237 06       		.byte	0x6
 754 0238 61       		.byte	0x61
 755 0239 56020000 		.4byte	0x256
 756 023d 06       		.uleb128 0x6
 757 023e 3C030000 		.4byte	.LASF28
 758 0242 06       		.byte	0x6
 759 0243 62       		.byte	0x62
 760 0244 56020000 		.4byte	0x256
 761 0248 00       		.byte	0
 762 0249 06       		.uleb128 0x6
 763 024a CD020000 		.4byte	.LASF29
 764 024e 06       		.byte	0x6
 765 024f 64       		.byte	0x64
 766 0250 56020000 		.4byte	0x256
 767 0254 04       		.byte	0x4
 768 0255 00       		.byte	0
 769 0256 09       		.uleb128 0x9
 770 0257 04       		.byte	0x4
 771 0258 2D010000 		.4byte	0x12d
 772 025c 03       		.uleb128 0x3
 773 025d 48020000 		.4byte	.LASF47
 774 0261 06       		.byte	0x6
 775 0262 66       		.byte	0x66
 776 0263 35020000 		.4byte	0x235
 777 0267 08       		.uleb128 0x8
 778 0268 04       		.byte	0x4
 779 0269 06       		.byte	0x6
 780 026a 6B       		.byte	0x6b
 781 026b 7C020000 		.4byte	0x27c
 782 026f 06       		.uleb128 0x6
 783 0270 3C030000 		.4byte	.LASF28
 784 0274 06       		.byte	0x6
 785 0275 6D       		.byte	0x6d
 786 0276 56020000 		.4byte	0x256
 787 027a 00       		.byte	0
 788 027b 00       		.byte	0
 789 027c 03       		.uleb128 0x3
 790 027d 04020000 		.4byte	.LASF48
 791 0281 06       		.byte	0x6
 792 0282 70       		.byte	0x70
ARM GAS  /tmp/ccmfK003.s 			page 15


 793 0283 67020000 		.4byte	0x267
 794 0287 03       		.uleb128 0x3
 795 0288 A8010000 		.4byte	.LASF49
 796 028c 08       		.byte	0x8
 797 028d A7       		.byte	0xa7
 798 028e 92020000 		.4byte	0x292
 799 0292 0A       		.uleb128 0xa
 800 0293 04       		.byte	0x4
 801 0294 03       		.uleb128 0x3
 802 0295 22020000 		.4byte	.LASF50
 803 0299 08       		.byte	0x8
 804 029a AD       		.byte	0xad
 805 029b C3000000 		.4byte	0xc3
 806 029f 05       		.uleb128 0x5
 807 02a0 C3030000 		.4byte	.LASF51
 808 02a4 24       		.byte	0x24
 809 02a5 08       		.byte	0x8
 810 02a6 BA       		.byte	0xba
 811 02a7 11030000 		.4byte	0x311
 812 02ab 07       		.uleb128 0x7
 813 02ac 723800   		.ascii	"r8\000"
 814 02af 08       		.byte	0x8
 815 02b0 BB       		.byte	0xbb
 816 02b1 87020000 		.4byte	0x287
 817 02b5 00       		.byte	0
 818 02b6 07       		.uleb128 0x7
 819 02b7 723900   		.ascii	"r9\000"
 820 02ba 08       		.byte	0x8
 821 02bb BC       		.byte	0xbc
 822 02bc 87020000 		.4byte	0x287
 823 02c0 04       		.byte	0x4
 824 02c1 07       		.uleb128 0x7
 825 02c2 72313000 		.ascii	"r10\000"
 826 02c6 08       		.byte	0x8
 827 02c7 BD       		.byte	0xbd
 828 02c8 87020000 		.4byte	0x287
 829 02cc 08       		.byte	0x8
 830 02cd 07       		.uleb128 0x7
 831 02ce 72313100 		.ascii	"r11\000"
 832 02d2 08       		.byte	0x8
 833 02d3 BE       		.byte	0xbe
 834 02d4 87020000 		.4byte	0x287
 835 02d8 0C       		.byte	0xc
 836 02d9 07       		.uleb128 0x7
 837 02da 723400   		.ascii	"r4\000"
 838 02dd 08       		.byte	0x8
 839 02de BF       		.byte	0xbf
 840 02df 87020000 		.4byte	0x287
 841 02e3 10       		.byte	0x10
 842 02e4 07       		.uleb128 0x7
 843 02e5 723500   		.ascii	"r5\000"
 844 02e8 08       		.byte	0x8
 845 02e9 C0       		.byte	0xc0
 846 02ea 87020000 		.4byte	0x287
 847 02ee 14       		.byte	0x14
 848 02ef 07       		.uleb128 0x7
 849 02f0 723600   		.ascii	"r6\000"
ARM GAS  /tmp/ccmfK003.s 			page 16


 850 02f3 08       		.byte	0x8
 851 02f4 C1       		.byte	0xc1
 852 02f5 87020000 		.4byte	0x287
 853 02f9 18       		.byte	0x18
 854 02fa 07       		.uleb128 0x7
 855 02fb 723700   		.ascii	"r7\000"
 856 02fe 08       		.byte	0x8
 857 02ff C2       		.byte	0xc2
 858 0300 87020000 		.4byte	0x287
 859 0304 1C       		.byte	0x1c
 860 0305 07       		.uleb128 0x7
 861 0306 6C7200   		.ascii	"lr\000"
 862 0309 08       		.byte	0x8
 863 030a C3       		.byte	0xc3
 864 030b 87020000 		.4byte	0x287
 865 030f 20       		.byte	0x20
 866 0310 00       		.byte	0
 867 0311 05       		.uleb128 0x5
 868 0312 D6010000 		.4byte	.LASF52
 869 0316 04       		.byte	0x4
 870 0317 08       		.byte	0x8
 871 0318 CD       		.byte	0xcd
 872 0319 2A030000 		.4byte	0x32a
 873 031d 07       		.uleb128 0x7
 874 031e 72313300 		.ascii	"r13\000"
 875 0322 08       		.byte	0x8
 876 0323 CE       		.byte	0xce
 877 0324 2A030000 		.4byte	0x32a
 878 0328 00       		.byte	0
 879 0329 00       		.byte	0
 880 032a 09       		.uleb128 0x9
 881 032b 04       		.byte	0x4
 882 032c 9F020000 		.4byte	0x29f
 883 0330 04       		.uleb128 0x4
 884 0331 04       		.byte	0x4
 885 0332 07       		.byte	0x7
 886 0333 2D020000 		.4byte	.LASF53
 887 0337 0B       		.uleb128 0xb
 888 0338 22010000 		.4byte	0x122
 889 033c 05       		.uleb128 0x5
 890 033d 1C020000 		.4byte	.LASF54
 891 0341 10       		.byte	0x10
 892 0342 09       		.byte	0x9
 893 0343 2C       		.byte	0x2c
 894 0344 6D030000 		.4byte	0x36d
 895 0348 06       		.uleb128 0x6
 896 0349 AC000000 		.4byte	.LASF55
 897 034d 09       		.byte	0x9
 898 034e 2D       		.byte	0x2d
 899 034f 5C020000 		.4byte	0x25c
 900 0353 00       		.byte	0
 901 0354 06       		.uleb128 0x6
 902 0355 0D040000 		.4byte	.LASF56
 903 0359 09       		.byte	0x9
 904 035a 2F       		.byte	0x2f
 905 035b 56020000 		.4byte	0x256
 906 035f 08       		.byte	0x8
ARM GAS  /tmp/ccmfK003.s 			page 17


 907 0360 06       		.uleb128 0x6
 908 0361 96030000 		.4byte	.LASF57
 909 0365 09       		.byte	0x9
 910 0366 31       		.byte	0x31
 911 0367 6D030000 		.4byte	0x36d
 912 036b 0C       		.byte	0xc
 913 036c 00       		.byte	0
 914 036d 09       		.uleb128 0x9
 915 036e 04       		.byte	0x4
 916 036f 3C030000 		.4byte	0x33c
 917 0373 03       		.uleb128 0x3
 918 0374 1C020000 		.4byte	.LASF54
 919 0378 09       		.byte	0x9
 920 0379 33       		.byte	0x33
 921 037a 3C030000 		.4byte	0x33c
 922 037e 03       		.uleb128 0x3
 923 037f 27000000 		.4byte	.LASF58
 924 0383 0A       		.byte	0xa
 925 0384 2C       		.byte	0x2c
 926 0385 89030000 		.4byte	0x389
 927 0389 09       		.uleb128 0x9
 928 038a 04       		.byte	0x4
 929 038b 8F030000 		.4byte	0x38f
 930 038f 0C       		.uleb128 0xc
 931 0390 92020000 		.4byte	0x292
 932 0394 9E030000 		.4byte	0x39e
 933 0398 0D       		.uleb128 0xd
 934 0399 2C000000 		.4byte	0x2c
 935 039d 00       		.byte	0
 936 039e 03       		.uleb128 0x3
 937 039f AF020000 		.4byte	.LASF59
 938 03a3 0B       		.byte	0xb
 939 03a4 34       		.byte	0x34
 940 03a5 A9030000 		.4byte	0x3a9
 941 03a9 05       		.uleb128 0x5
 942 03aa 25040000 		.4byte	.LASF60
 943 03ae 20       		.byte	0x20
 944 03af 0B       		.byte	0xb
 945 03b0 47       		.byte	0x47
 946 03b1 DA030000 		.4byte	0x3da
 947 03b5 06       		.uleb128 0x6
 948 03b6 F8020000 		.4byte	.LASF61
 949 03ba 0B       		.byte	0xb
 950 03bb 48       		.byte	0x48
 951 03bc 7E030000 		.4byte	0x37e
 952 03c0 00       		.byte	0
 953 03c1 06       		.uleb128 0x6
 954 03c2 54000000 		.4byte	.LASF62
 955 03c6 0B       		.byte	0xb
 956 03c7 4A       		.byte	0x4a
 957 03c8 F9030000 		.4byte	0x3f9
 958 03cc 08       		.byte	0x8
 959 03cd 06       		.uleb128 0x6
 960 03ce 9E000000 		.4byte	.LASF63
 961 03d2 0B       		.byte	0xb
 962 03d3 4C       		.byte	0x4c
 963 03d4 73030000 		.4byte	0x373
ARM GAS  /tmp/ccmfK003.s 			page 18


 964 03d8 10       		.byte	0x10
 965 03d9 00       		.byte	0
 966 03da 0E       		.uleb128 0xe
 967 03db 04       		.byte	0x4
 968 03dc 0B       		.byte	0xb
 969 03dd 3C       		.byte	0x3c
 970 03de F9030000 		.4byte	0x3f9
 971 03e2 0F       		.uleb128 0xf
 972 03e3 78000000 		.4byte	.LASF64
 973 03e7 0B       		.byte	0xb
 974 03e8 3D       		.byte	0x3d
 975 03e9 1A040000 		.4byte	0x41a
 976 03ed 0F       		.uleb128 0xf
 977 03ee 72030000 		.4byte	.LASF65
 978 03f2 0B       		.byte	0xb
 979 03f3 3E       		.byte	0x3e
 980 03f4 20040000 		.4byte	0x420
 981 03f8 00       		.byte	0
 982 03f9 10       		.uleb128 0x10
 983 03fa 29030000 		.4byte	.LASF86
 984 03fe 08       		.byte	0x8
 985 03ff 0B       		.byte	0xb
 986 0400 39       		.byte	0x39
 987 0401 1A040000 		.4byte	0x41a
 988 0405 0F       		.uleb128 0xf
 989 0406 B1010000 		.4byte	.LASF66
 990 040a 0B       		.byte	0xb
 991 040b 3A       		.byte	0x3a
 992 040c 94020000 		.4byte	0x294
 993 0410 11       		.uleb128 0x11
 994 0411 6800     		.ascii	"h\000"
 995 0413 0B       		.byte	0xb
 996 0414 41       		.byte	0x41
 997 0415 26040000 		.4byte	0x426
 998 0419 00       		.byte	0
 999 041a 09       		.uleb128 0x9
 1000 041b 04       		.byte	0x4
 1001 041c F9030000 		.4byte	0x3f9
 1002 0420 09       		.uleb128 0x9
 1003 0421 04       		.byte	0x4
 1004 0422 9E030000 		.4byte	0x39e
 1005 0426 08       		.uleb128 0x8
 1006 0427 08       		.byte	0x8
 1007 0428 0B       		.byte	0xb
 1008 0429 3B       		.byte	0x3b
 1009 042a 45040000 		.4byte	0x445
 1010 042e 07       		.uleb128 0x7
 1011 042f 7500     		.ascii	"u\000"
 1012 0431 0B       		.byte	0xb
 1013 0432 3F       		.byte	0x3f
 1014 0433 DA030000 		.4byte	0x3da
 1015 0437 00       		.byte	0
 1016 0438 06       		.uleb128 0x6
 1017 0439 DE010000 		.4byte	.LASF67
 1018 043d 0B       		.byte	0xb
 1019 043e 40       		.byte	0x40
 1020 043f 2C000000 		.4byte	0x2c
ARM GAS  /tmp/ccmfK003.s 			page 19


 1021 0443 04       		.byte	0x4
 1022 0444 00       		.byte	0
 1023 0445 0E       		.uleb128 0xe
 1024 0446 04       		.byte	0x4
 1025 0447 07       		.byte	0x7
 1026 0448 96       		.byte	0x96
 1027 0449 7A040000 		.4byte	0x47a
 1028 044d 0F       		.uleb128 0xf
 1029 044e 0D000000 		.4byte	.LASF68
 1030 0452 07       		.byte	0x7
 1031 0453 9D       		.byte	0x9d
 1032 0454 0C010000 		.4byte	0x10c
 1033 0458 0F       		.uleb128 0xf
 1034 0459 4B000000 		.4byte	.LASF69
 1035 045d 07       		.byte	0x7
 1036 045e A4       		.byte	0xa4
 1037 045f 0C010000 		.4byte	0x10c
 1038 0463 0F       		.uleb128 0xf
 1039 0464 EE030000 		.4byte	.LASF70
 1040 0468 07       		.byte	0x7
 1041 0469 AB       		.byte	0xab
 1042 046a 92020000 		.4byte	0x292
 1043 046e 0F       		.uleb128 0xf
 1044 046f 35030000 		.4byte	.LASF71
 1045 0473 07       		.byte	0x7
 1046 0474 B2       		.byte	0xb2
 1047 0475 17010000 		.4byte	0x117
 1048 0479 00       		.byte	0
 1049 047a 09       		.uleb128 0x9
 1050 047b 04       		.byte	0x4
 1051 047c 80040000 		.4byte	0x480
 1052 0480 12       		.uleb128 0x12
 1053 0481 85040000 		.4byte	0x485
 1054 0485 04       		.uleb128 0x4
 1055 0486 01       		.byte	0x1
 1056 0487 08       		.byte	0x8
 1057 0488 84030000 		.4byte	.LASF72
 1058 048c 09       		.uleb128 0x9
 1059 048d 04       		.byte	0x4
 1060 048e 73030000 		.4byte	0x373
 1061 0492 13       		.uleb128 0x13
 1062 0493 02040000 		.4byte	.LASF73
 1063 0497 01       		.byte	0x1
 1064 0498 4B       		.byte	0x4b
 1065 0499 00000000 		.4byte	.LFB7
 1066 049d 20000000 		.4byte	.LFE7-.LFB7
 1067 04a1 01       		.uleb128 0x1
 1068 04a2 9C       		.byte	0x9c
 1069 04a3 BB040000 		.4byte	0x4bb
 1070 04a7 14       		.uleb128 0x14
 1071 04a8 14000000 		.4byte	.LVL0
 1072 04ac B7060000 		.4byte	0x6b7
 1073 04b0 15       		.uleb128 0x15
 1074 04b1 01       		.uleb128 0x1
 1075 04b2 50       		.byte	0x50
 1076 04b3 05       		.uleb128 0x5
 1077 04b4 03       		.byte	0x3
ARM GAS  /tmp/ccmfK003.s 			page 20


 1078 04b5 10000000 		.4byte	.LANCHOR0+16
 1079 04b9 00       		.byte	0
 1080 04ba 00       		.byte	0
 1081 04bb 13       		.uleb128 0x13
 1082 04bc 6D000000 		.4byte	.LASF74
 1083 04c0 01       		.byte	0x1
 1084 04c1 63       		.byte	0x63
 1085 04c2 00000000 		.4byte	.LFB8
 1086 04c6 18000000 		.4byte	.LFE8-.LFB8
 1087 04ca 01       		.uleb128 0x1
 1088 04cb 9C       		.byte	0x9c
 1089 04cc 1F050000 		.4byte	0x51f
 1090 04d0 16       		.uleb128 0x16
 1091 04d1 5B000000 		.4byte	.LASF75
 1092 04d5 01       		.byte	0x1
 1093 04d6 63       		.byte	0x63
 1094 04d7 20040000 		.4byte	0x420
 1095 04db 00000000 		.4byte	.LLST0
 1096 04df 17       		.uleb128 0x17
 1097 04e0 62756600 		.ascii	"buf\000"
 1098 04e4 01       		.byte	0x1
 1099 04e5 63       		.byte	0x63
 1100 04e6 92020000 		.4byte	0x292
 1101 04ea 2E000000 		.4byte	.LLST1
 1102 04ee 16       		.uleb128 0x16
 1103 04ef DE010000 		.4byte	.LASF67
 1104 04f3 01       		.byte	0x1
 1105 04f4 63       		.byte	0x63
 1106 04f5 2C000000 		.4byte	0x2c
 1107 04f9 4F000000 		.4byte	.LLST2
 1108 04fd 18       		.uleb128 0x18
 1109 04fe 687000   		.ascii	"hp\000"
 1110 0501 01       		.byte	0x1
 1111 0502 64       		.byte	0x64
 1112 0503 1A040000 		.4byte	0x41a
 1113 0507 7D000000 		.4byte	.LLST3
 1114 050b 14       		.uleb128 0x14
 1115 050c 16000000 		.4byte	.LVL5
 1116 0510 B7060000 		.4byte	0x6b7
 1117 0514 15       		.uleb128 0x15
 1118 0515 01       		.uleb128 0x1
 1119 0516 50       		.byte	0x50
 1120 0517 05       		.uleb128 0x5
 1121 0518 F3       		.byte	0xf3
 1122 0519 01       		.uleb128 0x1
 1123 051a 50       		.byte	0x50
 1124 051b 23       		.byte	0x23
 1125 051c 10       		.uleb128 0x10
 1126 051d 00       		.byte	0
 1127 051e 00       		.byte	0
 1128 051f 19       		.uleb128 0x19
 1129 0520 52030000 		.4byte	.LASF77
 1130 0524 01       		.byte	0x1
 1131 0525 84       		.byte	0x84
 1132 0526 92020000 		.4byte	0x292
 1133 052a 00000000 		.4byte	.LFB9
 1134 052e 7C000000 		.4byte	.LFE9-.LFB9
ARM GAS  /tmp/ccmfK003.s 			page 21


 1135 0532 01       		.uleb128 0x1
 1136 0533 9C       		.byte	0x9c
 1137 0534 B7050000 		.4byte	0x5b7
 1138 0538 16       		.uleb128 0x16
 1139 0539 5B000000 		.4byte	.LASF75
 1140 053d 01       		.byte	0x1
 1141 053e 84       		.byte	0x84
 1142 053f 20040000 		.4byte	0x420
 1143 0543 9E000000 		.4byte	.LLST4
 1144 0547 16       		.uleb128 0x16
 1145 0548 DE010000 		.4byte	.LASF67
 1146 054c 01       		.byte	0x1
 1147 054d 84       		.byte	0x84
 1148 054e 2C000000 		.4byte	0x2c
 1149 0552 DD000000 		.4byte	.LLST5
 1150 0556 18       		.uleb128 0x18
 1151 0557 717000   		.ascii	"qp\000"
 1152 055a 01       		.byte	0x1
 1153 055b 85       		.byte	0x85
 1154 055c 1A040000 		.4byte	0x41a
 1155 0560 2F010000 		.4byte	.LLST6
 1156 0564 18       		.uleb128 0x18
 1157 0565 687000   		.ascii	"hp\000"
 1158 0568 01       		.byte	0x1
 1159 0569 85       		.byte	0x85
 1160 056a 1A040000 		.4byte	0x41a
 1161 056e 58010000 		.4byte	.LLST7
 1162 0572 18       		.uleb128 0x18
 1163 0573 667000   		.ascii	"fp\000"
 1164 0576 01       		.byte	0x1
 1165 0577 85       		.byte	0x85
 1166 0578 1A040000 		.4byte	0x41a
 1167 057c 8E010000 		.4byte	.LLST8
 1168 0580 1A       		.uleb128 0x1a
 1169 0581 18000000 		.4byte	.LVL10
 1170 0585 C8060000 		.4byte	0x6c8
 1171 0589 94050000 		.4byte	0x594
 1172 058d 15       		.uleb128 0x15
 1173 058e 01       		.uleb128 0x1
 1174 058f 50       		.byte	0x50
 1175 0590 02       		.uleb128 0x2
 1176 0591 77       		.byte	0x77
 1177 0592 10       		.sleb128 16
 1178 0593 00       		.byte	0
 1179 0594 1B       		.uleb128 0x1b
 1180 0595 2C000000 		.4byte	.LVL13
 1181 0599 D9060000 		.4byte	0x6d9
 1182 059d 1C       		.uleb128 0x1c
 1183 059e 38000000 		.4byte	.LVL14
 1184 05a2 AD050000 		.4byte	0x5ad
 1185 05a6 15       		.uleb128 0x15
 1186 05a7 01       		.uleb128 0x1
 1187 05a8 50       		.byte	0x50
 1188 05a9 02       		.uleb128 0x2
 1189 05aa 76       		.byte	0x76
 1190 05ab 08       		.sleb128 8
 1191 05ac 00       		.byte	0
ARM GAS  /tmp/ccmfK003.s 			page 22


 1192 05ad 1B       		.uleb128 0x1b
 1193 05ae 56000000 		.4byte	.LVL21
 1194 05b2 D9060000 		.4byte	0x6d9
 1195 05b6 00       		.byte	0
 1196 05b7 13       		.uleb128 0x13
 1197 05b8 B4000000 		.4byte	.LASF76
 1198 05bc 01       		.byte	0x1
 1199 05bd C2       		.byte	0xc2
 1200 05be 00000000 		.4byte	.LFB10
 1201 05c2 7A000000 		.4byte	.LFE10-.LFB10
 1202 05c6 01       		.uleb128 0x1
 1203 05c7 9C       		.byte	0x9c
 1204 05c8 22060000 		.4byte	0x622
 1205 05cc 17       		.uleb128 0x17
 1206 05cd 7000     		.ascii	"p\000"
 1207 05cf 01       		.byte	0x1
 1208 05d0 C2       		.byte	0xc2
 1209 05d1 92020000 		.4byte	0x292
 1210 05d5 A1010000 		.4byte	.LLST9
 1211 05d9 18       		.uleb128 0x18
 1212 05da 717000   		.ascii	"qp\000"
 1213 05dd 01       		.byte	0x1
 1214 05de C3       		.byte	0xc3
 1215 05df 1A040000 		.4byte	0x41a
 1216 05e3 CF010000 		.4byte	.LLST10
 1217 05e7 18       		.uleb128 0x18
 1218 05e8 687000   		.ascii	"hp\000"
 1219 05eb 01       		.byte	0x1
 1220 05ec C3       		.byte	0xc3
 1221 05ed 1A040000 		.4byte	0x41a
 1222 05f1 0E020000 		.4byte	.LLST11
 1223 05f5 1D       		.uleb128 0x1d
 1224 05f6 5B000000 		.4byte	.LASF75
 1225 05fa 01       		.byte	0x1
 1226 05fb C4       		.byte	0xc4
 1227 05fc 20040000 		.4byte	0x420
 1228 0600 4C020000 		.4byte	.LLST12
 1229 0604 1A       		.uleb128 0x1a
 1230 0605 12000000 		.4byte	.LVL30
 1231 0609 C8060000 		.4byte	0x6c8
 1232 060d 18060000 		.4byte	0x618
 1233 0611 15       		.uleb128 0x15
 1234 0612 01       		.uleb128 0x1
 1235 0613 50       		.byte	0x50
 1236 0614 02       		.uleb128 0x2
 1237 0615 75       		.byte	0x75
 1238 0616 08       		.sleb128 8
 1239 0617 00       		.byte	0
 1240 0618 1B       		.uleb128 0x1b
 1241 0619 52000000 		.4byte	.LVL36
 1242 061d D9060000 		.4byte	0x6d9
 1243 0621 00       		.byte	0
 1244 0622 19       		.uleb128 0x19
 1245 0623 89030000 		.4byte	.LASF78
 1246 0627 01       		.byte	0x1
 1247 0628 FA       		.byte	0xfa
 1248 0629 2C000000 		.4byte	0x2c
ARM GAS  /tmp/ccmfK003.s 			page 23


 1249 062d 00000000 		.4byte	.LFB11
 1250 0631 40000000 		.4byte	.LFE11-.LFB11
 1251 0635 01       		.uleb128 0x1
 1252 0636 9C       		.byte	0x9c
 1253 0637 A0060000 		.4byte	0x6a0
 1254 063b 16       		.uleb128 0x16
 1255 063c 5B000000 		.4byte	.LASF75
 1256 0640 01       		.byte	0x1
 1257 0641 FA       		.byte	0xfa
 1258 0642 20040000 		.4byte	0x420
 1259 0646 85020000 		.4byte	.LLST13
 1260 064a 16       		.uleb128 0x16
 1261 064b F5030000 		.4byte	.LASF79
 1262 064f 01       		.byte	0x1
 1263 0650 FA       		.byte	0xfa
 1264 0651 A0060000 		.4byte	0x6a0
 1265 0655 AE020000 		.4byte	.LLST14
 1266 0659 18       		.uleb128 0x18
 1267 065a 717000   		.ascii	"qp\000"
 1268 065d 01       		.byte	0x1
 1269 065e FB       		.byte	0xfb
 1270 065f 1A040000 		.4byte	0x41a
 1271 0663 E5020000 		.4byte	.LLST15
 1272 0667 18       		.uleb128 0x18
 1273 0668 6E00     		.ascii	"n\000"
 1274 066a 01       		.byte	0x1
 1275 066b FC       		.byte	0xfc
 1276 066c 2C000000 		.4byte	0x2c
 1277 0670 FA020000 		.4byte	.LLST16
 1278 0674 18       		.uleb128 0x18
 1279 0675 737A00   		.ascii	"sz\000"
 1280 0678 01       		.byte	0x1
 1281 0679 FC       		.byte	0xfc
 1282 067a 2C000000 		.4byte	0x2c
 1283 067e 19030000 		.4byte	.LLST17
 1284 0682 1A       		.uleb128 0x1a
 1285 0683 12000000 		.4byte	.LVL42
 1286 0687 C8060000 		.4byte	0x6c8
 1287 068b 96060000 		.4byte	0x696
 1288 068f 15       		.uleb128 0x15
 1289 0690 01       		.uleb128 0x1
 1290 0691 50       		.byte	0x50
 1291 0692 02       		.uleb128 0x2
 1292 0693 74       		.byte	0x74
 1293 0694 10       		.sleb128 16
 1294 0695 00       		.byte	0
 1295 0696 1B       		.uleb128 0x1b
 1296 0697 32000000 		.4byte	.LVL48
 1297 069b D9060000 		.4byte	0x6d9
 1298 069f 00       		.byte	0
 1299 06a0 09       		.uleb128 0x9
 1300 06a1 04       		.byte	0x4
 1301 06a2 2C000000 		.4byte	0x2c
 1302 06a6 1E       		.uleb128 0x1e
 1303 06a7 77030000 		.4byte	.LASF80
 1304 06ab 01       		.byte	0x1
 1305 06ac 44       		.byte	0x44
ARM GAS  /tmp/ccmfK003.s 			page 24


 1306 06ad 9E030000 		.4byte	0x39e
 1307 06b1 05       		.uleb128 0x5
 1308 06b2 03       		.byte	0x3
 1309 06b3 00000000 		.4byte	default_heap
 1310 06b7 1F       		.uleb128 0x1f
 1311 06b8 D5030000 		.4byte	.LASF81
 1312 06bc 09       		.byte	0x9
 1313 06bd 38       		.byte	0x38
 1314 06be C8060000 		.4byte	0x6c8
 1315 06c2 0D       		.uleb128 0xd
 1316 06c3 8C040000 		.4byte	0x48c
 1317 06c7 00       		.byte	0
 1318 06c8 1F       		.uleb128 0x1f
 1319 06c9 36020000 		.4byte	.LASF82
 1320 06cd 09       		.byte	0x9
 1321 06ce 39       		.byte	0x39
 1322 06cf D9060000 		.4byte	0x6d9
 1323 06d3 0D       		.uleb128 0xd
 1324 06d4 8C040000 		.4byte	0x48c
 1325 06d8 00       		.byte	0
 1326 06d9 20       		.uleb128 0x20
 1327 06da 61000000 		.4byte	.LASF87
 1328 06de 09       		.byte	0x9
 1329 06df 3D       		.byte	0x3d
 1330 06e0 8C040000 		.4byte	0x48c
 1331 06e4 00       		.byte	0
 1332              		.section	.debug_abbrev,"",%progbits
 1333              	.Ldebug_abbrev0:
 1334 0000 01       		.uleb128 0x1
 1335 0001 11       		.uleb128 0x11
 1336 0002 01       		.byte	0x1
 1337 0003 25       		.uleb128 0x25
 1338 0004 0E       		.uleb128 0xe
 1339 0005 13       		.uleb128 0x13
 1340 0006 0B       		.uleb128 0xb
 1341 0007 03       		.uleb128 0x3
 1342 0008 0E       		.uleb128 0xe
 1343 0009 1B       		.uleb128 0x1b
 1344 000a 0E       		.uleb128 0xe
 1345 000b 55       		.uleb128 0x55
 1346 000c 17       		.uleb128 0x17
 1347 000d 11       		.uleb128 0x11
 1348 000e 01       		.uleb128 0x1
 1349 000f 10       		.uleb128 0x10
 1350 0010 17       		.uleb128 0x17
 1351 0011 00       		.byte	0
 1352 0012 00       		.byte	0
 1353 0013 02       		.uleb128 0x2
 1354 0014 24       		.uleb128 0x24
 1355 0015 00       		.byte	0
 1356 0016 0B       		.uleb128 0xb
 1357 0017 0B       		.uleb128 0xb
 1358 0018 3E       		.uleb128 0x3e
 1359 0019 0B       		.uleb128 0xb
 1360 001a 03       		.uleb128 0x3
 1361 001b 08       		.uleb128 0x8
 1362 001c 00       		.byte	0
ARM GAS  /tmp/ccmfK003.s 			page 25


 1363 001d 00       		.byte	0
 1364 001e 03       		.uleb128 0x3
 1365 001f 16       		.uleb128 0x16
 1366 0020 00       		.byte	0
 1367 0021 03       		.uleb128 0x3
 1368 0022 0E       		.uleb128 0xe
 1369 0023 3A       		.uleb128 0x3a
 1370 0024 0B       		.uleb128 0xb
 1371 0025 3B       		.uleb128 0x3b
 1372 0026 0B       		.uleb128 0xb
 1373 0027 49       		.uleb128 0x49
 1374 0028 13       		.uleb128 0x13
 1375 0029 00       		.byte	0
 1376 002a 00       		.byte	0
 1377 002b 04       		.uleb128 0x4
 1378 002c 24       		.uleb128 0x24
 1379 002d 00       		.byte	0
 1380 002e 0B       		.uleb128 0xb
 1381 002f 0B       		.uleb128 0xb
 1382 0030 3E       		.uleb128 0x3e
 1383 0031 0B       		.uleb128 0xb
 1384 0032 03       		.uleb128 0x3
 1385 0033 0E       		.uleb128 0xe
 1386 0034 00       		.byte	0
 1387 0035 00       		.byte	0
 1388 0036 05       		.uleb128 0x5
 1389 0037 13       		.uleb128 0x13
 1390 0038 01       		.byte	0x1
 1391 0039 03       		.uleb128 0x3
 1392 003a 0E       		.uleb128 0xe
 1393 003b 0B       		.uleb128 0xb
 1394 003c 0B       		.uleb128 0xb
 1395 003d 3A       		.uleb128 0x3a
 1396 003e 0B       		.uleb128 0xb
 1397 003f 3B       		.uleb128 0x3b
 1398 0040 0B       		.uleb128 0xb
 1399 0041 01       		.uleb128 0x1
 1400 0042 13       		.uleb128 0x13
 1401 0043 00       		.byte	0
 1402 0044 00       		.byte	0
 1403 0045 06       		.uleb128 0x6
 1404 0046 0D       		.uleb128 0xd
 1405 0047 00       		.byte	0
 1406 0048 03       		.uleb128 0x3
 1407 0049 0E       		.uleb128 0xe
 1408 004a 3A       		.uleb128 0x3a
 1409 004b 0B       		.uleb128 0xb
 1410 004c 3B       		.uleb128 0x3b
 1411 004d 0B       		.uleb128 0xb
 1412 004e 49       		.uleb128 0x49
 1413 004f 13       		.uleb128 0x13
 1414 0050 38       		.uleb128 0x38
 1415 0051 0B       		.uleb128 0xb
 1416 0052 00       		.byte	0
 1417 0053 00       		.byte	0
 1418 0054 07       		.uleb128 0x7
 1419 0055 0D       		.uleb128 0xd
ARM GAS  /tmp/ccmfK003.s 			page 26


 1420 0056 00       		.byte	0
 1421 0057 03       		.uleb128 0x3
 1422 0058 08       		.uleb128 0x8
 1423 0059 3A       		.uleb128 0x3a
 1424 005a 0B       		.uleb128 0xb
 1425 005b 3B       		.uleb128 0x3b
 1426 005c 0B       		.uleb128 0xb
 1427 005d 49       		.uleb128 0x49
 1428 005e 13       		.uleb128 0x13
 1429 005f 38       		.uleb128 0x38
 1430 0060 0B       		.uleb128 0xb
 1431 0061 00       		.byte	0
 1432 0062 00       		.byte	0
 1433 0063 08       		.uleb128 0x8
 1434 0064 13       		.uleb128 0x13
 1435 0065 01       		.byte	0x1
 1436 0066 0B       		.uleb128 0xb
 1437 0067 0B       		.uleb128 0xb
 1438 0068 3A       		.uleb128 0x3a
 1439 0069 0B       		.uleb128 0xb
 1440 006a 3B       		.uleb128 0x3b
 1441 006b 0B       		.uleb128 0xb
 1442 006c 01       		.uleb128 0x1
 1443 006d 13       		.uleb128 0x13
 1444 006e 00       		.byte	0
 1445 006f 00       		.byte	0
 1446 0070 09       		.uleb128 0x9
 1447 0071 0F       		.uleb128 0xf
 1448 0072 00       		.byte	0
 1449 0073 0B       		.uleb128 0xb
 1450 0074 0B       		.uleb128 0xb
 1451 0075 49       		.uleb128 0x49
 1452 0076 13       		.uleb128 0x13
 1453 0077 00       		.byte	0
 1454 0078 00       		.byte	0
 1455 0079 0A       		.uleb128 0xa
 1456 007a 0F       		.uleb128 0xf
 1457 007b 00       		.byte	0
 1458 007c 0B       		.uleb128 0xb
 1459 007d 0B       		.uleb128 0xb
 1460 007e 00       		.byte	0
 1461 007f 00       		.byte	0
 1462 0080 0B       		.uleb128 0xb
 1463 0081 35       		.uleb128 0x35
 1464 0082 00       		.byte	0
 1465 0083 49       		.uleb128 0x49
 1466 0084 13       		.uleb128 0x13
 1467 0085 00       		.byte	0
 1468 0086 00       		.byte	0
 1469 0087 0C       		.uleb128 0xc
 1470 0088 15       		.uleb128 0x15
 1471 0089 01       		.byte	0x1
 1472 008a 27       		.uleb128 0x27
 1473 008b 19       		.uleb128 0x19
 1474 008c 49       		.uleb128 0x49
 1475 008d 13       		.uleb128 0x13
 1476 008e 01       		.uleb128 0x1
ARM GAS  /tmp/ccmfK003.s 			page 27


 1477 008f 13       		.uleb128 0x13
 1478 0090 00       		.byte	0
 1479 0091 00       		.byte	0
 1480 0092 0D       		.uleb128 0xd
 1481 0093 05       		.uleb128 0x5
 1482 0094 00       		.byte	0
 1483 0095 49       		.uleb128 0x49
 1484 0096 13       		.uleb128 0x13
 1485 0097 00       		.byte	0
 1486 0098 00       		.byte	0
 1487 0099 0E       		.uleb128 0xe
 1488 009a 17       		.uleb128 0x17
 1489 009b 01       		.byte	0x1
 1490 009c 0B       		.uleb128 0xb
 1491 009d 0B       		.uleb128 0xb
 1492 009e 3A       		.uleb128 0x3a
 1493 009f 0B       		.uleb128 0xb
 1494 00a0 3B       		.uleb128 0x3b
 1495 00a1 0B       		.uleb128 0xb
 1496 00a2 01       		.uleb128 0x1
 1497 00a3 13       		.uleb128 0x13
 1498 00a4 00       		.byte	0
 1499 00a5 00       		.byte	0
 1500 00a6 0F       		.uleb128 0xf
 1501 00a7 0D       		.uleb128 0xd
 1502 00a8 00       		.byte	0
 1503 00a9 03       		.uleb128 0x3
 1504 00aa 0E       		.uleb128 0xe
 1505 00ab 3A       		.uleb128 0x3a
 1506 00ac 0B       		.uleb128 0xb
 1507 00ad 3B       		.uleb128 0x3b
 1508 00ae 0B       		.uleb128 0xb
 1509 00af 49       		.uleb128 0x49
 1510 00b0 13       		.uleb128 0x13
 1511 00b1 00       		.byte	0
 1512 00b2 00       		.byte	0
 1513 00b3 10       		.uleb128 0x10
 1514 00b4 17       		.uleb128 0x17
 1515 00b5 01       		.byte	0x1
 1516 00b6 03       		.uleb128 0x3
 1517 00b7 0E       		.uleb128 0xe
 1518 00b8 0B       		.uleb128 0xb
 1519 00b9 0B       		.uleb128 0xb
 1520 00ba 3A       		.uleb128 0x3a
 1521 00bb 0B       		.uleb128 0xb
 1522 00bc 3B       		.uleb128 0x3b
 1523 00bd 0B       		.uleb128 0xb
 1524 00be 01       		.uleb128 0x1
 1525 00bf 13       		.uleb128 0x13
 1526 00c0 00       		.byte	0
 1527 00c1 00       		.byte	0
 1528 00c2 11       		.uleb128 0x11
 1529 00c3 0D       		.uleb128 0xd
 1530 00c4 00       		.byte	0
 1531 00c5 03       		.uleb128 0x3
 1532 00c6 08       		.uleb128 0x8
 1533 00c7 3A       		.uleb128 0x3a
ARM GAS  /tmp/ccmfK003.s 			page 28


 1534 00c8 0B       		.uleb128 0xb
 1535 00c9 3B       		.uleb128 0x3b
 1536 00ca 0B       		.uleb128 0xb
 1537 00cb 49       		.uleb128 0x49
 1538 00cc 13       		.uleb128 0x13
 1539 00cd 00       		.byte	0
 1540 00ce 00       		.byte	0
 1541 00cf 12       		.uleb128 0x12
 1542 00d0 26       		.uleb128 0x26
 1543 00d1 00       		.byte	0
 1544 00d2 49       		.uleb128 0x49
 1545 00d3 13       		.uleb128 0x13
 1546 00d4 00       		.byte	0
 1547 00d5 00       		.byte	0
 1548 00d6 13       		.uleb128 0x13
 1549 00d7 2E       		.uleb128 0x2e
 1550 00d8 01       		.byte	0x1
 1551 00d9 3F       		.uleb128 0x3f
 1552 00da 19       		.uleb128 0x19
 1553 00db 03       		.uleb128 0x3
 1554 00dc 0E       		.uleb128 0xe
 1555 00dd 3A       		.uleb128 0x3a
 1556 00de 0B       		.uleb128 0xb
 1557 00df 3B       		.uleb128 0x3b
 1558 00e0 0B       		.uleb128 0xb
 1559 00e1 27       		.uleb128 0x27
 1560 00e2 19       		.uleb128 0x19
 1561 00e3 11       		.uleb128 0x11
 1562 00e4 01       		.uleb128 0x1
 1563 00e5 12       		.uleb128 0x12
 1564 00e6 06       		.uleb128 0x6
 1565 00e7 40       		.uleb128 0x40
 1566 00e8 18       		.uleb128 0x18
 1567 00e9 9742     		.uleb128 0x2117
 1568 00eb 19       		.uleb128 0x19
 1569 00ec 01       		.uleb128 0x1
 1570 00ed 13       		.uleb128 0x13
 1571 00ee 00       		.byte	0
 1572 00ef 00       		.byte	0
 1573 00f0 14       		.uleb128 0x14
 1574 00f1 898201   		.uleb128 0x4109
 1575 00f4 01       		.byte	0x1
 1576 00f5 11       		.uleb128 0x11
 1577 00f6 01       		.uleb128 0x1
 1578 00f7 31       		.uleb128 0x31
 1579 00f8 13       		.uleb128 0x13
 1580 00f9 00       		.byte	0
 1581 00fa 00       		.byte	0
 1582 00fb 15       		.uleb128 0x15
 1583 00fc 8A8201   		.uleb128 0x410a
 1584 00ff 00       		.byte	0
 1585 0100 02       		.uleb128 0x2
 1586 0101 18       		.uleb128 0x18
 1587 0102 9142     		.uleb128 0x2111
 1588 0104 18       		.uleb128 0x18
 1589 0105 00       		.byte	0
 1590 0106 00       		.byte	0
ARM GAS  /tmp/ccmfK003.s 			page 29


 1591 0107 16       		.uleb128 0x16
 1592 0108 05       		.uleb128 0x5
 1593 0109 00       		.byte	0
 1594 010a 03       		.uleb128 0x3
 1595 010b 0E       		.uleb128 0xe
 1596 010c 3A       		.uleb128 0x3a
 1597 010d 0B       		.uleb128 0xb
 1598 010e 3B       		.uleb128 0x3b
 1599 010f 0B       		.uleb128 0xb
 1600 0110 49       		.uleb128 0x49
 1601 0111 13       		.uleb128 0x13
 1602 0112 02       		.uleb128 0x2
 1603 0113 17       		.uleb128 0x17
 1604 0114 00       		.byte	0
 1605 0115 00       		.byte	0
 1606 0116 17       		.uleb128 0x17
 1607 0117 05       		.uleb128 0x5
 1608 0118 00       		.byte	0
 1609 0119 03       		.uleb128 0x3
 1610 011a 08       		.uleb128 0x8
 1611 011b 3A       		.uleb128 0x3a
 1612 011c 0B       		.uleb128 0xb
 1613 011d 3B       		.uleb128 0x3b
 1614 011e 0B       		.uleb128 0xb
 1615 011f 49       		.uleb128 0x49
 1616 0120 13       		.uleb128 0x13
 1617 0121 02       		.uleb128 0x2
 1618 0122 17       		.uleb128 0x17
 1619 0123 00       		.byte	0
 1620 0124 00       		.byte	0
 1621 0125 18       		.uleb128 0x18
 1622 0126 34       		.uleb128 0x34
 1623 0127 00       		.byte	0
 1624 0128 03       		.uleb128 0x3
 1625 0129 08       		.uleb128 0x8
 1626 012a 3A       		.uleb128 0x3a
 1627 012b 0B       		.uleb128 0xb
 1628 012c 3B       		.uleb128 0x3b
 1629 012d 0B       		.uleb128 0xb
 1630 012e 49       		.uleb128 0x49
 1631 012f 13       		.uleb128 0x13
 1632 0130 02       		.uleb128 0x2
 1633 0131 17       		.uleb128 0x17
 1634 0132 00       		.byte	0
 1635 0133 00       		.byte	0
 1636 0134 19       		.uleb128 0x19
 1637 0135 2E       		.uleb128 0x2e
 1638 0136 01       		.byte	0x1
 1639 0137 3F       		.uleb128 0x3f
 1640 0138 19       		.uleb128 0x19
 1641 0139 03       		.uleb128 0x3
 1642 013a 0E       		.uleb128 0xe
 1643 013b 3A       		.uleb128 0x3a
 1644 013c 0B       		.uleb128 0xb
 1645 013d 3B       		.uleb128 0x3b
 1646 013e 0B       		.uleb128 0xb
 1647 013f 27       		.uleb128 0x27
ARM GAS  /tmp/ccmfK003.s 			page 30


 1648 0140 19       		.uleb128 0x19
 1649 0141 49       		.uleb128 0x49
 1650 0142 13       		.uleb128 0x13
 1651 0143 11       		.uleb128 0x11
 1652 0144 01       		.uleb128 0x1
 1653 0145 12       		.uleb128 0x12
 1654 0146 06       		.uleb128 0x6
 1655 0147 40       		.uleb128 0x40
 1656 0148 18       		.uleb128 0x18
 1657 0149 9742     		.uleb128 0x2117
 1658 014b 19       		.uleb128 0x19
 1659 014c 01       		.uleb128 0x1
 1660 014d 13       		.uleb128 0x13
 1661 014e 00       		.byte	0
 1662 014f 00       		.byte	0
 1663 0150 1A       		.uleb128 0x1a
 1664 0151 898201   		.uleb128 0x4109
 1665 0154 01       		.byte	0x1
 1666 0155 11       		.uleb128 0x11
 1667 0156 01       		.uleb128 0x1
 1668 0157 31       		.uleb128 0x31
 1669 0158 13       		.uleb128 0x13
 1670 0159 01       		.uleb128 0x1
 1671 015a 13       		.uleb128 0x13
 1672 015b 00       		.byte	0
 1673 015c 00       		.byte	0
 1674 015d 1B       		.uleb128 0x1b
 1675 015e 898201   		.uleb128 0x4109
 1676 0161 00       		.byte	0
 1677 0162 11       		.uleb128 0x11
 1678 0163 01       		.uleb128 0x1
 1679 0164 31       		.uleb128 0x31
 1680 0165 13       		.uleb128 0x13
 1681 0166 00       		.byte	0
 1682 0167 00       		.byte	0
 1683 0168 1C       		.uleb128 0x1c
 1684 0169 898201   		.uleb128 0x4109
 1685 016c 01       		.byte	0x1
 1686 016d 11       		.uleb128 0x11
 1687 016e 01       		.uleb128 0x1
 1688 016f 01       		.uleb128 0x1
 1689 0170 13       		.uleb128 0x13
 1690 0171 00       		.byte	0
 1691 0172 00       		.byte	0
 1692 0173 1D       		.uleb128 0x1d
 1693 0174 34       		.uleb128 0x34
 1694 0175 00       		.byte	0
 1695 0176 03       		.uleb128 0x3
 1696 0177 0E       		.uleb128 0xe
 1697 0178 3A       		.uleb128 0x3a
 1698 0179 0B       		.uleb128 0xb
 1699 017a 3B       		.uleb128 0x3b
 1700 017b 0B       		.uleb128 0xb
 1701 017c 49       		.uleb128 0x49
 1702 017d 13       		.uleb128 0x13
 1703 017e 02       		.uleb128 0x2
 1704 017f 17       		.uleb128 0x17
ARM GAS  /tmp/ccmfK003.s 			page 31


 1705 0180 00       		.byte	0
 1706 0181 00       		.byte	0
 1707 0182 1E       		.uleb128 0x1e
 1708 0183 34       		.uleb128 0x34
 1709 0184 00       		.byte	0
 1710 0185 03       		.uleb128 0x3
 1711 0186 0E       		.uleb128 0xe
 1712 0187 3A       		.uleb128 0x3a
 1713 0188 0B       		.uleb128 0xb
 1714 0189 3B       		.uleb128 0x3b
 1715 018a 0B       		.uleb128 0xb
 1716 018b 49       		.uleb128 0x49
 1717 018c 13       		.uleb128 0x13
 1718 018d 02       		.uleb128 0x2
 1719 018e 18       		.uleb128 0x18
 1720 018f 00       		.byte	0
 1721 0190 00       		.byte	0
 1722 0191 1F       		.uleb128 0x1f
 1723 0192 2E       		.uleb128 0x2e
 1724 0193 01       		.byte	0x1
 1725 0194 3F       		.uleb128 0x3f
 1726 0195 19       		.uleb128 0x19
 1727 0196 03       		.uleb128 0x3
 1728 0197 0E       		.uleb128 0xe
 1729 0198 3A       		.uleb128 0x3a
 1730 0199 0B       		.uleb128 0xb
 1731 019a 3B       		.uleb128 0x3b
 1732 019b 0B       		.uleb128 0xb
 1733 019c 27       		.uleb128 0x27
 1734 019d 19       		.uleb128 0x19
 1735 019e 3C       		.uleb128 0x3c
 1736 019f 19       		.uleb128 0x19
 1737 01a0 01       		.uleb128 0x1
 1738 01a1 13       		.uleb128 0x13
 1739 01a2 00       		.byte	0
 1740 01a3 00       		.byte	0
 1741 01a4 20       		.uleb128 0x20
 1742 01a5 2E       		.uleb128 0x2e
 1743 01a6 00       		.byte	0
 1744 01a7 3F       		.uleb128 0x3f
 1745 01a8 19       		.uleb128 0x19
 1746 01a9 03       		.uleb128 0x3
 1747 01aa 0E       		.uleb128 0xe
 1748 01ab 3A       		.uleb128 0x3a
 1749 01ac 0B       		.uleb128 0xb
 1750 01ad 3B       		.uleb128 0x3b
 1751 01ae 0B       		.uleb128 0xb
 1752 01af 27       		.uleb128 0x27
 1753 01b0 19       		.uleb128 0x19
 1754 01b1 49       		.uleb128 0x49
 1755 01b2 13       		.uleb128 0x13
 1756 01b3 3C       		.uleb128 0x3c
 1757 01b4 19       		.uleb128 0x19
 1758 01b5 00       		.byte	0
 1759 01b6 00       		.byte	0
 1760 01b7 00       		.byte	0
 1761              		.section	.debug_loc,"",%progbits
ARM GAS  /tmp/ccmfK003.s 			page 32


 1762              	.Ldebug_loc0:
 1763              	.LLST0:
 1764 0000 00000000 		.4byte	.LVL1
 1765 0004 12000000 		.4byte	.LVL4
 1766 0008 0100     		.2byte	0x1
 1767 000a 50       		.byte	0x50
 1768 000b 12000000 		.4byte	.LVL4
 1769 000f 15000000 		.4byte	.LVL5-1
 1770 0013 0300     		.2byte	0x3
 1771 0015 70       		.byte	0x70
 1772 0016 70       		.sleb128 -16
 1773 0017 9F       		.byte	0x9f
 1774 0018 15000000 		.4byte	.LVL5-1
 1775 001c 18000000 		.4byte	.LFE8
 1776 0020 0400     		.2byte	0x4
 1777 0022 F3       		.byte	0xf3
 1778 0023 01       		.uleb128 0x1
 1779 0024 50       		.byte	0x50
 1780 0025 9F       		.byte	0x9f
 1781 0026 00000000 		.4byte	0
 1782 002a 00000000 		.4byte	0
 1783              	.LLST1:
 1784 002e 00000000 		.4byte	.LVL1
 1785 0032 15000000 		.4byte	.LVL5-1
 1786 0036 0100     		.2byte	0x1
 1787 0038 51       		.byte	0x51
 1788 0039 15000000 		.4byte	.LVL5-1
 1789 003d 18000000 		.4byte	.LFE8
 1790 0041 0400     		.2byte	0x4
 1791 0043 F3       		.byte	0xf3
 1792 0044 01       		.uleb128 0x1
 1793 0045 51       		.byte	0x51
 1794 0046 9F       		.byte	0x9f
 1795 0047 00000000 		.4byte	0
 1796 004b 00000000 		.4byte	0
 1797              	.LLST2:
 1798 004f 00000000 		.4byte	.LVL1
 1799 0053 04000000 		.4byte	.LVL2
 1800 0057 0100     		.2byte	0x1
 1801 0059 52       		.byte	0x52
 1802 005a 04000000 		.4byte	.LVL2
 1803 005e 15000000 		.4byte	.LVL5-1
 1804 0062 0300     		.2byte	0x3
 1805 0064 72       		.byte	0x72
 1806 0065 08       		.sleb128 8
 1807 0066 9F       		.byte	0x9f
 1808 0067 15000000 		.4byte	.LVL5-1
 1809 006b 18000000 		.4byte	.LFE8
 1810 006f 0400     		.2byte	0x4
 1811 0071 F3       		.byte	0xf3
 1812 0072 01       		.uleb128 0x1
 1813 0073 52       		.byte	0x52
 1814 0074 9F       		.byte	0x9f
 1815 0075 00000000 		.4byte	0
 1816 0079 00000000 		.4byte	0
 1817              	.LLST3:
 1818 007d 08000000 		.4byte	.LVL3
ARM GAS  /tmp/ccmfK003.s 			page 33


 1819 0081 15000000 		.4byte	.LVL5-1
 1820 0085 0100     		.2byte	0x1
 1821 0087 51       		.byte	0x51
 1822 0088 15000000 		.4byte	.LVL5-1
 1823 008c 18000000 		.4byte	.LFE8
 1824 0090 0400     		.2byte	0x4
 1825 0092 F3       		.byte	0xf3
 1826 0093 01       		.uleb128 0x1
 1827 0094 51       		.byte	0x51
 1828 0095 9F       		.byte	0x9f
 1829 0096 00000000 		.4byte	0
 1830 009a 00000000 		.4byte	0
 1831              	.LLST4:
 1832 009e 00000000 		.4byte	.LVL6
 1833 00a2 06000000 		.4byte	.LVL7
 1834 00a6 0100     		.2byte	0x1
 1835 00a8 50       		.byte	0x50
 1836 00a9 06000000 		.4byte	.LVL7
 1837 00ad 42000000 		.4byte	.LVL19
 1838 00b1 0100     		.2byte	0x1
 1839 00b3 57       		.byte	0x57
 1840 00b4 44000000 		.4byte	.LVL20
 1841 00b8 6E000000 		.4byte	.LVL23
 1842 00bc 0100     		.2byte	0x1
 1843 00be 57       		.byte	0x57
 1844 00bf 6E000000 		.4byte	.LVL23
 1845 00c3 72000000 		.4byte	.LVL24
 1846 00c7 0100     		.2byte	0x1
 1847 00c9 50       		.byte	0x50
 1848 00ca 72000000 		.4byte	.LVL24
 1849 00ce 7C000000 		.4byte	.LFE9
 1850 00d2 0100     		.2byte	0x1
 1851 00d4 57       		.byte	0x57
 1852 00d5 00000000 		.4byte	0
 1853 00d9 00000000 		.4byte	0
 1854              	.LLST5:
 1855 00dd 00000000 		.4byte	.LVL6
 1856 00e1 12000000 		.4byte	.LVL8
 1857 00e5 0100     		.2byte	0x1
 1858 00e7 51       		.byte	0x51
 1859 00e8 12000000 		.4byte	.LVL8
 1860 00ec 42000000 		.4byte	.LVL18
 1861 00f0 0100     		.2byte	0x1
 1862 00f2 56       		.byte	0x56
 1863 00f3 42000000 		.4byte	.LVL18
 1864 00f7 44000000 		.4byte	.LVL20
 1865 00fb 0900     		.2byte	0x9
 1866 00fd F3       		.byte	0xf3
 1867 00fe 01       		.uleb128 0x1
 1868 00ff 51       		.byte	0x51
 1869 0100 23       		.byte	0x23
 1870 0101 07       		.uleb128 0x7
 1871 0102 09       		.byte	0x9
 1872 0103 F8       		.byte	0xf8
 1873 0104 1A       		.byte	0x1a
 1874 0105 9F       		.byte	0x9f
 1875 0106 44000000 		.4byte	.LVL20
ARM GAS  /tmp/ccmfK003.s 			page 34


 1876 010a 6E000000 		.4byte	.LVL23
 1877 010e 0100     		.2byte	0x1
 1878 0110 56       		.byte	0x56
 1879 0111 6E000000 		.4byte	.LVL23
 1880 0115 72000000 		.4byte	.LVL24
 1881 0119 0100     		.2byte	0x1
 1882 011b 51       		.byte	0x51
 1883 011c 72000000 		.4byte	.LVL24
 1884 0120 7C000000 		.4byte	.LFE9
 1885 0124 0100     		.2byte	0x1
 1886 0126 56       		.byte	0x56
 1887 0127 00000000 		.4byte	0
 1888 012b 00000000 		.4byte	0
 1889              	.LLST6:
 1890 012f 14000000 		.4byte	.LVL9
 1891 0133 42000000 		.4byte	.LVL17
 1892 0137 0100     		.2byte	0x1
 1893 0139 55       		.byte	0x55
 1894 013a 44000000 		.4byte	.LVL20
 1895 013e 6E000000 		.4byte	.LVL23
 1896 0142 0100     		.2byte	0x1
 1897 0144 55       		.byte	0x55
 1898 0145 72000000 		.4byte	.LVL24
 1899 0149 7C000000 		.4byte	.LFE9
 1900 014d 0100     		.2byte	0x1
 1901 014f 55       		.byte	0x55
 1902 0150 00000000 		.4byte	0
 1903 0154 00000000 		.4byte	0
 1904              	.LLST7:
 1905 0158 1A000000 		.4byte	.LVL11
 1906 015c 22000000 		.4byte	.LVL12
 1907 0160 0100     		.2byte	0x1
 1908 0162 54       		.byte	0x54
 1909 0163 38000000 		.4byte	.LVL14
 1910 0167 40000000 		.4byte	.LVL15
 1911 016b 0100     		.2byte	0x1
 1912 016d 50       		.byte	0x50
 1913 016e 40000000 		.4byte	.LVL15
 1914 0172 42000000 		.4byte	.LVL16
 1915 0176 0300     		.2byte	0x3
 1916 0178 70       		.byte	0x70
 1917 0179 08       		.sleb128 8
 1918 017a 9F       		.byte	0x9f
 1919 017b 44000000 		.4byte	.LVL20
 1920 017f 6E000000 		.4byte	.LVL23
 1921 0183 0100     		.2byte	0x1
 1922 0185 54       		.byte	0x54
 1923 0186 00000000 		.4byte	0
 1924 018a 00000000 		.4byte	0
 1925              	.LLST8:
 1926 018e 62000000 		.4byte	.LVL22
 1927 0192 6E000000 		.4byte	.LVL23
 1928 0196 0100     		.2byte	0x1
 1929 0198 52       		.byte	0x52
 1930 0199 00000000 		.4byte	0
 1931 019d 00000000 		.4byte	0
 1932              	.LLST9:
ARM GAS  /tmp/ccmfK003.s 			page 35


 1933 01a1 00000000 		.4byte	.LVL25
 1934 01a5 08000000 		.4byte	.LVL27
 1935 01a9 0100     		.2byte	0x1
 1936 01ab 50       		.byte	0x50
 1937 01ac 08000000 		.4byte	.LVL27
 1938 01b0 4E000000 		.4byte	.LVL35
 1939 01b4 0300     		.2byte	0x3
 1940 01b6 74       		.byte	0x74
 1941 01b7 08       		.sleb128 8
 1942 01b8 9F       		.byte	0x9f
 1943 01b9 4E000000 		.4byte	.LVL35
 1944 01bd 7A000000 		.4byte	.LFE10
 1945 01c1 0400     		.2byte	0x4
 1946 01c3 F3       		.byte	0xf3
 1947 01c4 01       		.uleb128 0x1
 1948 01c5 50       		.byte	0x50
 1949 01c6 9F       		.byte	0x9f
 1950 01c7 00000000 		.4byte	0
 1951 01cb 00000000 		.4byte	0
 1952              	.LLST10:
 1953 01cf 0C000000 		.4byte	.LVL28
 1954 01d3 14000000 		.4byte	.LVL31
 1955 01d7 0100     		.2byte	0x1
 1956 01d9 55       		.byte	0x55
 1957 01da 14000000 		.4byte	.LVL31
 1958 01de 2E000000 		.4byte	.LVL33
 1959 01e2 0100     		.2byte	0x1
 1960 01e4 53       		.byte	0x53
 1961 01e5 2E000000 		.4byte	.LVL33
 1962 01e9 30000000 		.4byte	.LVL34
 1963 01ed 0100     		.2byte	0x1
 1964 01ef 52       		.byte	0x52
 1965 01f0 30000000 		.4byte	.LVL34
 1966 01f4 51000000 		.4byte	.LVL36-1
 1967 01f8 0100     		.2byte	0x1
 1968 01fa 53       		.byte	0x53
 1969 01fb 54000000 		.4byte	.LVL38
 1970 01ff 7A000000 		.4byte	.LFE10
 1971 0203 0100     		.2byte	0x1
 1972 0205 53       		.byte	0x53
 1973 0206 00000000 		.4byte	0
 1974 020a 00000000 		.4byte	0
 1975              	.LLST11:
 1976 020e 06000000 		.4byte	.LVL26
 1977 0212 4E000000 		.4byte	.LVL35
 1978 0216 0100     		.2byte	0x1
 1979 0218 54       		.byte	0x54
 1980 0219 4E000000 		.4byte	.LVL35
 1981 021d 54000000 		.4byte	.LVL38
 1982 0221 0600     		.2byte	0x6
 1983 0223 F3       		.byte	0xf3
 1984 0224 01       		.uleb128 0x1
 1985 0225 50       		.byte	0x50
 1986 0226 38       		.byte	0x38
 1987 0227 1C       		.byte	0x1c
 1988 0228 9F       		.byte	0x9f
 1989 0229 54000000 		.4byte	.LVL38
ARM GAS  /tmp/ccmfK003.s 			page 36


 1990 022d 70000000 		.4byte	.LVL39
 1991 0231 0100     		.2byte	0x1
 1992 0233 54       		.byte	0x54
 1993 0234 70000000 		.4byte	.LVL39
 1994 0238 7A000000 		.4byte	.LFE10
 1995 023c 0600     		.2byte	0x6
 1996 023e F3       		.byte	0xf3
 1997 023f 01       		.uleb128 0x1
 1998 0240 50       		.byte	0x50
 1999 0241 38       		.byte	0x38
 2000 0242 1C       		.byte	0x1c
 2001 0243 9F       		.byte	0x9f
 2002 0244 00000000 		.4byte	0
 2003 0248 00000000 		.4byte	0
 2004              	.LLST12:
 2005 024c 08000000 		.4byte	.LVL27
 2006 0250 0E000000 		.4byte	.LVL29
 2007 0254 0100     		.2byte	0x1
 2008 0256 50       		.byte	0x50
 2009 0257 0E000000 		.4byte	.LVL29
 2010 025b 11000000 		.4byte	.LVL30-1
 2011 025f 0200     		.2byte	0x2
 2012 0261 74       		.byte	0x74
 2013 0262 00       		.sleb128 0
 2014 0263 11000000 		.4byte	.LVL30-1
 2015 0267 52000000 		.4byte	.LVL37
 2016 026b 0300     		.2byte	0x3
 2017 026d 75       		.byte	0x75
 2018 026e 78       		.sleb128 -8
 2019 026f 9F       		.byte	0x9f
 2020 0270 54000000 		.4byte	.LVL38
 2021 0274 7A000000 		.4byte	.LFE10
 2022 0278 0300     		.2byte	0x3
 2023 027a 75       		.byte	0x75
 2024 027b 78       		.sleb128 -8
 2025 027c 9F       		.byte	0x9f
 2026 027d 00000000 		.4byte	0
 2027 0281 00000000 		.4byte	0
 2028              	.LLST13:
 2029 0285 00000000 		.4byte	.LVL40
 2030 0289 0A000000 		.4byte	.LVL41
 2031 028d 0100     		.2byte	0x1
 2032 028f 50       		.byte	0x50
 2033 0290 0A000000 		.4byte	.LVL41
 2034 0294 18000000 		.4byte	.LVL43
 2035 0298 0100     		.2byte	0x1
 2036 029a 54       		.byte	0x54
 2037 029b 36000000 		.4byte	.LVL50
 2038 029f 40000000 		.4byte	.LFE11
 2039 02a3 0100     		.2byte	0x1
 2040 02a5 50       		.byte	0x50
 2041 02a6 00000000 		.4byte	0
 2042 02aa 00000000 		.4byte	0
 2043              	.LLST14:
 2044 02ae 00000000 		.4byte	.LVL40
 2045 02b2 11000000 		.4byte	.LVL42-1
 2046 02b6 0100     		.2byte	0x1
ARM GAS  /tmp/ccmfK003.s 			page 37


 2047 02b8 51       		.byte	0x51
 2048 02b9 11000000 		.4byte	.LVL42-1
 2049 02bd 34000000 		.4byte	.LVL49
 2050 02c1 0100     		.2byte	0x1
 2051 02c3 55       		.byte	0x55
 2052 02c4 34000000 		.4byte	.LVL49
 2053 02c8 36000000 		.4byte	.LVL50
 2054 02cc 0400     		.2byte	0x4
 2055 02ce F3       		.byte	0xf3
 2056 02cf 01       		.uleb128 0x1
 2057 02d0 51       		.byte	0x51
 2058 02d1 9F       		.byte	0x9f
 2059 02d2 36000000 		.4byte	.LVL50
 2060 02d6 40000000 		.4byte	.LFE11
 2061 02da 0100     		.2byte	0x1
 2062 02dc 51       		.byte	0x51
 2063 02dd 00000000 		.4byte	0
 2064 02e1 00000000 		.4byte	0
 2065              	.LLST15:
 2066 02e5 12000000 		.4byte	.LVL42
 2067 02e9 18000000 		.4byte	.LVL43
 2068 02ed 0300     		.2byte	0x3
 2069 02ef 74       		.byte	0x74
 2070 02f0 08       		.sleb128 8
 2071 02f1 9F       		.byte	0x9f
 2072 02f2 00000000 		.4byte	0
 2073 02f6 00000000 		.4byte	0
 2074              	.LLST16:
 2075 02fa 12000000 		.4byte	.LVL42
 2076 02fe 1C000000 		.4byte	.LVL44
 2077 0302 0200     		.2byte	0x2
 2078 0304 30       		.byte	0x30
 2079 0305 9F       		.byte	0x9f
 2080 0306 1C000000 		.4byte	.LVL44
 2081 030a 28000000 		.4byte	.LVL47
 2082 030e 0100     		.2byte	0x1
 2083 0310 54       		.byte	0x54
 2084 0311 00000000 		.4byte	0
 2085 0315 00000000 		.4byte	0
 2086              	.LLST17:
 2087 0319 12000000 		.4byte	.LVL42
 2088 031d 1C000000 		.4byte	.LVL44
 2089 0321 0200     		.2byte	0x2
 2090 0323 30       		.byte	0x30
 2091 0324 9F       		.byte	0x9f
 2092 0325 1C000000 		.4byte	.LVL44
 2093 0329 28000000 		.4byte	.LVL47
 2094 032d 0100     		.2byte	0x1
 2095 032f 52       		.byte	0x52
 2096 0330 00000000 		.4byte	0
 2097 0334 00000000 		.4byte	0
 2098              		.section	.debug_aranges,"",%progbits
 2099 0000 3C000000 		.4byte	0x3c
 2100 0004 0200     		.2byte	0x2
 2101 0006 00000000 		.4byte	.Ldebug_info0
 2102 000a 04       		.byte	0x4
 2103 000b 00       		.byte	0
ARM GAS  /tmp/ccmfK003.s 			page 38


 2104 000c 0000     		.2byte	0
 2105 000e 0000     		.2byte	0
 2106 0010 00000000 		.4byte	.LFB7
 2107 0014 20000000 		.4byte	.LFE7-.LFB7
 2108 0018 00000000 		.4byte	.LFB8
 2109 001c 18000000 		.4byte	.LFE8-.LFB8
 2110 0020 00000000 		.4byte	.LFB9
 2111 0024 7C000000 		.4byte	.LFE9-.LFB9
 2112 0028 00000000 		.4byte	.LFB10
 2113 002c 7A000000 		.4byte	.LFE10-.LFB10
 2114 0030 00000000 		.4byte	.LFB11
 2115 0034 40000000 		.4byte	.LFE11-.LFB11
 2116 0038 00000000 		.4byte	0
 2117 003c 00000000 		.4byte	0
 2118              		.section	.debug_ranges,"",%progbits
 2119              	.Ldebug_ranges0:
 2120 0000 00000000 		.4byte	.LFB7
 2121 0004 20000000 		.4byte	.LFE7
 2122 0008 00000000 		.4byte	.LFB8
 2123 000c 18000000 		.4byte	.LFE8
 2124 0010 00000000 		.4byte	.LFB9
 2125 0014 7C000000 		.4byte	.LFE9
 2126 0018 00000000 		.4byte	.LFB10
 2127 001c 7A000000 		.4byte	.LFE10
 2128 0020 00000000 		.4byte	.LFB11
 2129 0024 40000000 		.4byte	.LFE11
 2130 0028 00000000 		.4byte	0
 2131 002c 00000000 		.4byte	0
 2132              		.section	.debug_line,"",%progbits
 2133              	.Ldebug_line0:
 2134 0000 46020000 		.section	.debug_str,"MS",%progbits,1
 2134      02005701 
 2134      00000201 
 2134      FB0E0D00 
 2134      01010101 
 2135              	.LASF42:
 2136 0000 705F6D73 		.ascii	"p_msg\000"
 2136      6700
 2137              	.LASF2:
 2138 0006 73697A65 		.ascii	"size_t\000"
 2138      5F7400
 2139              	.LASF68:
 2140 000d 7264796D 		.ascii	"rdymsg\000"
 2140      736700
 2141              	.LASF17:
 2142 0014 75696E74 		.ascii	"uint64_t\000"
 2142      36345F74 
 2142      00
 2143              	.LASF3:
 2144 001d 5F5F7569 		.ascii	"__uint8_t\000"
 2144      6E74385F 
 2144      7400
 2145              	.LASF58:
 2146 0027 6D656D67 		.ascii	"memgetfunc_t\000"
 2146      65746675 
 2146      6E635F74 
 2146      00
ARM GAS  /tmp/ccmfK003.s 			page 39


 2147              	.LASF13:
 2148 0034 6C6F6E67 		.ascii	"long long unsigned int\000"
 2148      206C6F6E 
 2148      6720756E 
 2148      7369676E 
 2148      65642069 
 2149              	.LASF69:
 2150 004b 65786974 		.ascii	"exitcode\000"
 2150      636F6465 
 2150      00
 2151              	.LASF62:
 2152 0054 685F6672 		.ascii	"h_free\000"
 2152      656500
 2153              	.LASF75:
 2154 005b 68656170 		.ascii	"heapp\000"
 2154      7000
 2155              	.LASF87:
 2156 0061 63684D74 		.ascii	"chMtxUnlock\000"
 2156      78556E6C 
 2156      6F636B00 
 2157              	.LASF74:
 2158 006d 63684865 		.ascii	"chHeapInit\000"
 2158      6170496E 
 2158      697400
 2159              	.LASF64:
 2160 0078 6E657874 		.ascii	"next\000"
 2160      00
 2161              	.LASF30:
 2162 007d 705F7072 		.ascii	"p_prio\000"
 2162      696F00
 2163              	.LASF11:
 2164 0084 6C6F6E67 		.ascii	"long long int\000"
 2164      206C6F6E 
 2164      6720696E 
 2164      7400
 2165              	.LASF1:
 2166 0092 7369676E 		.ascii	"signed char\000"
 2166      65642063 
 2166      68617200 
 2167              	.LASF63:
 2168 009e 685F6D74 		.ascii	"h_mtx\000"
 2168      7800
 2169              	.LASF46:
 2170 00a4 705F6D70 		.ascii	"p_mpool\000"
 2170      6F6F6C00 
 2171              	.LASF55:
 2172 00ac 6D5F7175 		.ascii	"m_queue\000"
 2172      65756500 
 2173              	.LASF76:
 2174 00b4 63684865 		.ascii	"chHeapFree\000"
 2174      61704672 
 2174      656500
 2175              	.LASF22:
 2176 00bf 74736C69 		.ascii	"tslices_t\000"
 2176      6365735F 
 2176      7400
 2177              	.LASF8:
ARM GAS  /tmp/ccmfK003.s 			page 40


 2178 00c9 6C6F6E67 		.ascii	"long int\000"
 2178      20696E74 
 2178      00
 2179              	.LASF84:
 2180 00d2 2E2E2F2E 		.ascii	"../../os/kernel/src/chheap.c\000"
 2180      2E2F6F73 
 2180      2F6B6572 
 2180      6E656C2F 
 2180      7372632F 
 2181              	.LASF20:
 2182 00ef 74737461 		.ascii	"tstate_t\000"
 2182      74655F74 
 2182      00
 2183              	.LASF32:
 2184 00f8 705F6E65 		.ascii	"p_newer\000"
 2184      77657200 
 2185              	.LASF83:
 2186 0100 474E5520 		.ascii	"GNU C 4.8.2 -mcpu=cortex-m0 -mno-thumb-interwork -m"
 2186      4320342E 
 2186      382E3220 
 2186      2D6D6370 
 2186      753D636F 
 2187 0133 7468756D 		.ascii	"thumb -ggdb -O2 -fomit-frame-pointer -falign-functi"
 2187      62202D67 
 2187      67646220 
 2187      2D4F3220 
 2187      2D666F6D 
 2188 0166 6F6E733D 		.ascii	"ons=16 -ffunction-sections -fdata-sections -fno-com"
 2188      3136202D 
 2188      6666756E 
 2188      6374696F 
 2188      6E2D7365 
 2189 0199 6D6F6E00 		.ascii	"mon\000"
 2190              	.LASF9:
 2191 019d 5F5F7569 		.ascii	"__uint32_t\000"
 2191      6E743332 
 2191      5F7400
 2192              	.LASF49:
 2193 01a8 72656761 		.ascii	"regarm_t\000"
 2193      726D5F74 
 2193      00
 2194              	.LASF66:
 2195 01b1 616C6967 		.ascii	"align\000"
 2195      6E00
 2196              	.LASF0:
 2197 01b7 756E7369 		.ascii	"unsigned int\000"
 2197      676E6564 
 2197      20696E74 
 2197      00
 2198              	.LASF10:
 2199 01c4 6C6F6E67 		.ascii	"long unsigned int\000"
 2199      20756E73 
 2199      69676E65 
 2199      6420696E 
 2199      7400
 2200              	.LASF52:
 2201 01d6 636F6E74 		.ascii	"context\000"
ARM GAS  /tmp/ccmfK003.s 			page 41


 2201      65787400 
 2202              	.LASF67:
 2203 01de 73697A65 		.ascii	"size\000"
 2203      00
 2204              	.LASF6:
 2205 01e3 73686F72 		.ascii	"short unsigned int\000"
 2205      7420756E 
 2205      7369676E 
 2205      65642069 
 2205      6E7400
 2206              	.LASF24:
 2207 01f6 6D73675F 		.ascii	"msg_t\000"
 2207      7400
 2208              	.LASF19:
 2209 01fc 746D6F64 		.ascii	"tmode_t\000"
 2209      655F7400 
 2210              	.LASF48:
 2211 0204 54687265 		.ascii	"ThreadsList\000"
 2211      6164734C 
 2211      69737400 
 2212              	.LASF25:
 2213 0210 6576656E 		.ascii	"eventmask_t\000"
 2213      746D6173 
 2213      6B5F7400 
 2214              	.LASF54:
 2215 021c 4D757465 		.ascii	"Mutex\000"
 2215      7800
 2216              	.LASF50:
 2217 0222 73746B61 		.ascii	"stkalign_t\000"
 2217      6C69676E 
 2217      5F7400
 2218              	.LASF53:
 2219 022d 73697A65 		.ascii	"sizetype\000"
 2219      74797065 
 2219      00
 2220              	.LASF82:
 2221 0236 63684D74 		.ascii	"chMtxLock\000"
 2221      784C6F63 
 2221      6B00
 2222              	.LASF33:
 2223 0240 705F6F6C 		.ascii	"p_older\000"
 2223      64657200 
 2224              	.LASF47:
 2225 0248 54687265 		.ascii	"ThreadsQueue\000"
 2225      61647351 
 2225      75657565 
 2225      00
 2226              	.LASF85:
 2227 0255 2F686F6D 		.ascii	"/home/ece497/vbox-shared/mplayer/ChibiOS-RT-stable_"
 2227      652F6563 
 2227      65343937 
 2227      2F76626F 
 2227      782D7368 
 2228 0288 322E362E 		.ascii	"2.6.x/demos/ARMCM0-STM32F051-DISCOVERY\000"
 2228      782F6465 
 2228      6D6F732F 
 2228      41524D43 
ARM GAS  /tmp/ccmfK003.s 			page 42


 2228      4D302D53 
 2229              	.LASF59:
 2230 02af 4D656D6F 		.ascii	"MemoryHeap\000"
 2230      72794865 
 2230      617000
 2231              	.LASF12:
 2232 02ba 5F5F7569 		.ascii	"__uint64_t\000"
 2232      6E743634 
 2232      5F7400
 2233              	.LASF21:
 2234 02c5 74726566 		.ascii	"trefs_t\000"
 2234      735F7400 
 2235              	.LASF29:
 2236 02cd 705F7072 		.ascii	"p_prev\000"
 2236      657600
 2237              	.LASF23:
 2238 02d4 74707269 		.ascii	"tprio_t\000"
 2238      6F5F7400 
 2239              	.LASF18:
 2240 02dc 5F426F6F 		.ascii	"_Bool\000"
 2240      6C00
 2241              	.LASF15:
 2242 02e2 696E7433 		.ascii	"int32_t\000"
 2242      325F7400 
 2243              	.LASF4:
 2244 02ea 756E7369 		.ascii	"unsigned char\000"
 2244      676E6564 
 2244      20636861 
 2244      7200
 2245              	.LASF61:
 2246 02f8 685F7072 		.ascii	"h_provider\000"
 2246      6F766964 
 2246      657200
 2247              	.LASF44:
 2248 0303 705F6D74 		.ascii	"p_mtxlist\000"
 2248      786C6973 
 2248      7400
 2249              	.LASF5:
 2250 030d 73686F72 		.ascii	"short int\000"
 2250      7420696E 
 2250      7400
 2251              	.LASF35:
 2252 0317 705F7374 		.ascii	"p_state\000"
 2252      61746500 
 2253              	.LASF38:
 2254 031f 705F7072 		.ascii	"p_preempt\000"
 2254      65656D70 
 2254      7400
 2255              	.LASF86:
 2256 0329 68656170 		.ascii	"heap_header\000"
 2256      5F686561 
 2256      64657200 
 2257              	.LASF71:
 2258 0335 65776D61 		.ascii	"ewmask\000"
 2258      736B00
 2259              	.LASF28:
 2260 033c 705F6E65 		.ascii	"p_next\000"
ARM GAS  /tmp/ccmfK003.s 			page 43


 2260      787400
 2261              	.LASF36:
 2262 0343 705F666C 		.ascii	"p_flags\000"
 2262      61677300 
 2263              	.LASF27:
 2264 034b 54687265 		.ascii	"Thread\000"
 2264      616400
 2265              	.LASF77:
 2266 0352 63684865 		.ascii	"chHeapAlloc\000"
 2266      6170416C 
 2266      6C6F6300 
 2267              	.LASF43:
 2268 035e 705F6570 		.ascii	"p_epending\000"
 2268      656E6469 
 2268      6E6700
 2269              	.LASF16:
 2270 0369 75696E74 		.ascii	"uint32_t\000"
 2270      33325F74 
 2270      00
 2271              	.LASF65:
 2272 0372 68656170 		.ascii	"heap\000"
 2272      00
 2273              	.LASF80:
 2274 0377 64656661 		.ascii	"default_heap\000"
 2274      756C745F 
 2274      68656170 
 2274      00
 2275              	.LASF72:
 2276 0384 63686172 		.ascii	"char\000"
 2276      00
 2277              	.LASF78:
 2278 0389 63684865 		.ascii	"chHeapStatus\000"
 2278      61705374 
 2278      61747573 
 2278      00
 2279              	.LASF57:
 2280 0396 6D5F6E65 		.ascii	"m_next\000"
 2280      787400
 2281              	.LASF26:
 2282 039d 73797374 		.ascii	"systime_t\000"
 2282      696D655F 
 2282      7400
 2283              	.LASF45:
 2284 03a7 705F7265 		.ascii	"p_realprio\000"
 2284      616C7072 
 2284      696F00
 2285              	.LASF7:
 2286 03b2 5F5F696E 		.ascii	"__int32_t\000"
 2286      7433325F 
 2286      7400
 2287              	.LASF39:
 2288 03bc 705F7469 		.ascii	"p_time\000"
 2288      6D6500
 2289              	.LASF51:
 2290 03c3 696E7463 		.ascii	"intctx\000"
 2290      747800
 2291              	.LASF41:
ARM GAS  /tmp/ccmfK003.s 			page 44


 2292 03ca 705F6D73 		.ascii	"p_msgqueue\000"
 2292      67717565 
 2292      756500
 2293              	.LASF81:
 2294 03d5 63684D74 		.ascii	"chMtxInit\000"
 2294      78496E69 
 2294      7400
 2295              	.LASF37:
 2296 03df 705F7265 		.ascii	"p_refs\000"
 2296      667300
 2297              	.LASF14:
 2298 03e6 75696E74 		.ascii	"uint8_t\000"
 2298      385F7400 
 2299              	.LASF70:
 2300 03ee 77746F62 		.ascii	"wtobjp\000"
 2300      6A7000
 2301              	.LASF79:
 2302 03f5 73697A65 		.ascii	"sizep\000"
 2302      7000
 2303              	.LASF34:
 2304 03fb 705F6E61 		.ascii	"p_name\000"
 2304      6D6500
 2305              	.LASF73:
 2306 0402 5F686561 		.ascii	"_heap_init\000"
 2306      705F696E 
 2306      697400
 2307              	.LASF56:
 2308 040d 6D5F6F77 		.ascii	"m_owner\000"
 2308      6E657200 
 2309              	.LASF31:
 2310 0415 705F6374 		.ascii	"p_ctx\000"
 2310      7800
 2311              	.LASF40:
 2312 041b 705F7761 		.ascii	"p_waiting\000"
 2312      6974696E 
 2312      6700
 2313              	.LASF60:
 2314 0425 6D656D6F 		.ascii	"memory_heap\000"
 2314      72795F68 
 2314      65617000 
 2315              		.ident	"GCC: (Arch Repository) 4.8.2"
ARM GAS  /tmp/ccmfK003.s 			page 45


DEFINED SYMBOLS
                            *ABS*:0000000000000000 chheap.c
     /tmp/ccmfK003.s:18     .text._heap_init:0000000000000000 $t
     /tmp/ccmfK003.s:24     .text._heap_init:0000000000000000 _heap_init
     /tmp/ccmfK003.s:54     .text._heap_init:0000000000000018 $d
     /tmp/ccmfK003.s:60     .text.chHeapInit:0000000000000000 $t
     /tmp/ccmfK003.s:66     .text.chHeapInit:0000000000000000 chHeapInit
     /tmp/ccmfK003.s:102    .text.chHeapAlloc:0000000000000000 $t
     /tmp/ccmfK003.s:108    .text.chHeapAlloc:0000000000000000 chHeapAlloc
     /tmp/ccmfK003.s:242    .text.chHeapAlloc:0000000000000078 $d
     /tmp/ccmfK003.s:247    .text.chHeapFree:0000000000000000 $t
     /tmp/ccmfK003.s:253    .text.chHeapFree:0000000000000000 chHeapFree
     /tmp/ccmfK003.s:376    .text.chHeapStatus:0000000000000000 $t
     /tmp/ccmfK003.s:382    .text.chHeapStatus:0000000000000000 chHeapStatus
     /tmp/ccmfK003.s:453    .text.chHeapStatus:000000000000003c $d
     /tmp/ccmfK003.s:458    .bss.default_heap:0000000000000000 $d
     /tmp/ccmfK003.s:462    .bss.default_heap:0000000000000000 default_heap
                     .debug_frame:0000000000000010 $d
     /tmp/ccmfK003.s:246    .text.chHeapAlloc:000000000000007c $t

UNDEFINED SYMBOLS
chMtxInit
chCoreAlloc
chMtxLock
chMtxUnlock
