ARM GAS  /tmp/ccYmxzvX.s 			page 1


   1              		.cpu cortex-m0
   2              		.fpu softvfp
   3              		.eabi_attribute 20, 1
   4              		.eabi_attribute 21, 1
   5              		.eabi_attribute 23, 3
   6              		.eabi_attribute 24, 1
   7              		.eabi_attribute 25, 1
   8              		.eabi_attribute 26, 1
   9              		.eabi_attribute 30, 2
  10              		.eabi_attribute 34, 0
  11              		.eabi_attribute 18, 4
  12              		.code	16
  13              		.file	"chmemcore.c"
  14              		.text
  15              	.Ltext0:
  16              		.cfi_sections	.debug_frame
  17              		.section	.text._core_init,"ax",%progbits
  18              		.align	2
  19              		.p2align 4,,15
  20              		.global	_core_init
  21              		.code	16
  22              		.thumb_func
  23              		.type	_core_init, %function
  24              	_core_init:
  25              	.LFB7:
  26              		.file 1 "../../os/kernel/src/chmemcore.c"
  27              		.loc 1 66 0
  28              		.cfi_startproc
  29              		.loc 1 70 0
  30 0000 0549     		ldr	r1, .L2
  31 0002 0723     		mov	r3, #7
  32 0004 054A     		ldr	r2, .L2+4
  33 0006 0731     		add	r1, r1, #7
  34 0008 9943     		bic	r1, r3
  35 000a 1160     		str	r1, [r2]
  36              		.loc 1 71 0
  37 000c 044A     		ldr	r2, .L2+8
  38              		.loc 1 77 0
  39              		@ sp needed
  40              		.loc 1 71 0
  41 000e 9A43     		bic	r2, r3
  42 0010 044B     		ldr	r3, .L2+12
  43 0012 1A60     		str	r2, [r3]
  44              		.loc 1 77 0
  45 0014 7047     		bx	lr
  46              	.L3:
  47 0016 C046     		.align	2
  48              	.L2:
  49 0018 00000000 		.word	__heap_base__
  50 001c 00000000 		.word	.LANCHOR0
  51 0020 00000000 		.word	__heap_end__
  52 0024 00000000 		.word	.LANCHOR1
  53              		.cfi_endproc
  54              	.LFE7:
  55              		.size	_core_init, .-_core_init
  56 0028 C046C046 		.section	.text.chCoreAlloc,"ax",%progbits
  56      C046C046 
ARM GAS  /tmp/ccYmxzvX.s 			page 2


  57              		.align	2
  58              		.p2align 4,,15
  59              		.global	chCoreAlloc
  60              		.code	16
  61              		.thumb_func
  62              		.type	chCoreAlloc, %function
  63              	chCoreAlloc:
  64              	.LFB8:
  65              		.loc 1 91 0
  66              		.cfi_startproc
  67              	.LVL0:
  68 0000 00B5     		push	{lr}
  69              		.cfi_def_cfa_offset 4
  70              		.cfi_offset 14, -4
  71              		.loc 1 94 0
  72              	@ 94 "../../os/kernel/src/chmemcore.c" 1
  73 0002 72B6     		cpsid   i
  74              	@ 0 "" 2
  75              	.LVL1:
  76              		.code	16
  77              	.LBB4:
  78              	.LBB5:
  79              		.loc 1 117 0
  80 0004 0723     		mov	r3, #7
  81 0006 C21D     		add	r2, r0, #7
  82 0008 9A43     		bic	r2, r3
  83              	.LVL2:
  84              		.loc 1 118 0
  85 000a 0649     		ldr	r1, .L8
  86 000c 064B     		ldr	r3, .L8+4
  87 000e 0968     		ldr	r1, [r1]
  88 0010 1868     		ldr	r0, [r3]
  89              	.LVL3:
  90 0012 091A     		sub	r1, r1, r0
  91 0014 8A42     		cmp	r2, r1
  92 0016 03D8     		bhi	.L6
  93              	.LVL4:
  94              		.loc 1 121 0
  95 0018 8218     		add	r2, r0, r2
  96              	.LVL5:
  97 001a 1A60     		str	r2, [r3]
  98              	.LVL6:
  99              	.L5:
 100              	.LBE5:
 101              	.LBE4:
 102              		.loc 1 96 0
 103              	@ 96 "../../os/kernel/src/chmemcore.c" 1
 104 001c 62B6     		cpsie   i
 105              	@ 0 "" 2
 106              		.loc 1 98 0
 107              		.code	16
 108              		@ sp needed
 109 001e 00BD     		pop	{pc}
 110              	.LVL7:
 111              	.L6:
 112              	.LBB7:
 113              	.LBB6:
ARM GAS  /tmp/ccYmxzvX.s 			page 3


 114              		.loc 1 119 0
 115 0020 0020     		mov	r0, #0
 116 0022 FBE7     		b	.L5
 117              	.L9:
 118              		.align	2
 119              	.L8:
 120 0024 00000000 		.word	.LANCHOR1
 121 0028 00000000 		.word	.LANCHOR0
 122              	.LBE6:
 123              	.LBE7:
 124              		.cfi_endproc
 125              	.LFE8:
 126              		.size	chCoreAlloc, .-chCoreAlloc
 127 002c C046C046 		.section	.text.chCoreAllocI,"ax",%progbits
 128              		.align	2
 129              		.p2align 4,,15
 130              		.global	chCoreAllocI
 131              		.code	16
 132              		.thumb_func
 133              		.type	chCoreAllocI, %function
 134              	chCoreAllocI:
 135              	.LFB9:
 136              		.loc 1 112 0
 137              		.cfi_startproc
 138              	.LVL8:
 139              		.loc 1 117 0
 140 0000 C21D     		add	r2, r0, #7
 141 0002 0723     		mov	r3, #7
 142 0004 9A43     		bic	r2, r3
 143              	.LVL9:
 144              		.loc 1 118 0
 145 0006 0649     		ldr	r1, .L13
 146 0008 064B     		ldr	r3, .L13+4
 147 000a 0968     		ldr	r1, [r1]
 148 000c 1868     		ldr	r0, [r3]
 149              		.loc 1 112 0
 150 000e 00B5     		push	{lr}
 151              		.cfi_def_cfa_offset 4
 152              		.cfi_offset 14, -4
 153              		.loc 1 118 0
 154 0010 091A     		sub	r1, r1, r0
 155 0012 8A42     		cmp	r2, r1
 156 0014 02D8     		bhi	.L12
 157              	.LVL10:
 158              		.loc 1 121 0
 159 0016 8218     		add	r2, r0, r2
 160              	.LVL11:
 161 0018 1A60     		str	r2, [r3]
 162              	.LVL12:
 163              	.L11:
 164              		.loc 1 123 0
 165              		@ sp needed
 166 001a 00BD     		pop	{pc}
 167              	.LVL13:
 168              	.L12:
 169              		.loc 1 119 0
 170 001c 0020     		mov	r0, #0
ARM GAS  /tmp/ccYmxzvX.s 			page 4


 171 001e FCE7     		b	.L11
 172              	.L14:
 173              		.align	2
 174              	.L13:
 175 0020 00000000 		.word	.LANCHOR1
 176 0024 00000000 		.word	.LANCHOR0
 177              		.cfi_endproc
 178              	.LFE9:
 179              		.size	chCoreAllocI, .-chCoreAllocI
 180 0028 C046C046 		.section	.text.chCoreStatus,"ax",%progbits
 180      C046C046 
 181              		.align	2
 182              		.p2align 4,,15
 183              		.global	chCoreStatus
 184              		.code	16
 185              		.thumb_func
 186              		.type	chCoreStatus, %function
 187              	chCoreStatus:
 188              	.LFB10:
 189              		.loc 1 132 0
 190              		.cfi_startproc
 191              		.loc 1 134 0
 192 0000 024B     		ldr	r3, .L16
 193              		.loc 1 135 0
 194              		@ sp needed
 195              		.loc 1 134 0
 196 0002 1868     		ldr	r0, [r3]
 197 0004 024B     		ldr	r3, .L16+4
 198 0006 1B68     		ldr	r3, [r3]
 199 0008 C01A     		sub	r0, r0, r3
 200              		.loc 1 135 0
 201 000a 7047     		bx	lr
 202              	.L17:
 203              		.align	2
 204              	.L16:
 205 000c 00000000 		.word	.LANCHOR1
 206 0010 00000000 		.word	.LANCHOR0
 207              		.cfi_endproc
 208              	.LFE10:
 209              		.size	chCoreStatus, .-chCoreStatus
 210 0014 C046C046 		.section	.bss.endmem,"aw",%nobits
 210      C046C046 
 210      C046C046 
 211              		.align	2
 212              		.set	.LANCHOR1,. + 0
 213              		.type	endmem, %object
 214              		.size	endmem, 4
 215              	endmem:
 216 0000 00000000 		.space	4
 217              		.section	.bss.nextmem,"aw",%nobits
 218              		.align	2
 219              		.set	.LANCHOR0,. + 0
 220              		.type	nextmem, %object
 221              		.size	nextmem, 4
 222              	nextmem:
 223 0000 00000000 		.space	4
 224              		.text
ARM GAS  /tmp/ccYmxzvX.s 			page 5


 225              	.Letext0:
 226              		.file 2 "/usr/lib/gcc/arm-none-eabi/4.8.2/include/stddef.h"
 227              		.file 3 "/usr/arm-none-eabi/include/machine/_default_types.h"
 228              		.file 4 "/usr/arm-none-eabi/include/stdint.h"
 229              		.section	.debug_info,"",%progbits
 230              	.Ldebug_info0:
 231 0000 CF010000 		.4byte	0x1cf
 232 0004 0400     		.2byte	0x4
 233 0006 00000000 		.4byte	.Ldebug_abbrev0
 234 000a 04       		.byte	0x4
 235 000b 01       		.uleb128 0x1
 236 000c 1B010000 		.4byte	.LASF19
 237 0010 01       		.byte	0x1
 238 0011 B4000000 		.4byte	.LASF20
 239 0015 B8010000 		.4byte	.LASF21
 240 0019 18000000 		.4byte	.Ldebug_ranges0+0x18
 241 001d 00000000 		.4byte	0
 242 0021 00000000 		.4byte	.Ldebug_line0
 243 0025 02       		.uleb128 0x2
 244 0026 04       		.byte	0x4
 245 0027 05       		.byte	0x5
 246 0028 696E7400 		.ascii	"int\000"
 247 002c 03       		.uleb128 0x3
 248 002d 21000000 		.4byte	.LASF2
 249 0031 02       		.byte	0x2
 250 0032 D4       		.byte	0xd4
 251 0033 37000000 		.4byte	0x37
 252 0037 04       		.uleb128 0x4
 253 0038 04       		.byte	0x4
 254 0039 07       		.byte	0x7
 255 003a F9000000 		.4byte	.LASF0
 256 003e 04       		.uleb128 0x4
 257 003f 01       		.byte	0x1
 258 0040 06       		.byte	0x6
 259 0041 E8000000 		.4byte	.LASF1
 260 0045 03       		.uleb128 0x3
 261 0046 74000000 		.4byte	.LASF3
 262 004a 03       		.byte	0x3
 263 004b 1C       		.byte	0x1c
 264 004c 50000000 		.4byte	0x50
 265 0050 04       		.uleb128 0x4
 266 0051 01       		.byte	0x1
 267 0052 08       		.byte	0x8
 268 0053 86000000 		.4byte	.LASF4
 269 0057 04       		.uleb128 0x4
 270 0058 02       		.byte	0x2
 271 0059 05       		.byte	0x5
 272 005a 11010000 		.4byte	.LASF5
 273 005e 04       		.uleb128 0x4
 274 005f 02       		.byte	0x2
 275 0060 07       		.byte	0x7
 276 0061 0E000000 		.4byte	.LASF6
 277 0065 04       		.uleb128 0x4
 278 0066 04       		.byte	0x4
 279 0067 05       		.byte	0x5
 280 0068 A5000000 		.4byte	.LASF7
 281 006c 04       		.uleb128 0x4
ARM GAS  /tmp/ccYmxzvX.s 			page 6


 282 006d 04       		.byte	0x4
 283 006e 07       		.byte	0x7
 284 006f 4B000000 		.4byte	.LASF8
 285 0073 04       		.uleb128 0x4
 286 0074 08       		.byte	0x8
 287 0075 05       		.byte	0x5
 288 0076 00000000 		.4byte	.LASF9
 289 007a 04       		.uleb128 0x4
 290 007b 08       		.byte	0x8
 291 007c 07       		.byte	0x7
 292 007d 5D000000 		.4byte	.LASF10
 293 0081 03       		.uleb128 0x3
 294 0082 7E000000 		.4byte	.LASF11
 295 0086 04       		.byte	0x4
 296 0087 2A       		.byte	0x2a
 297 0088 45000000 		.4byte	0x45
 298 008c 04       		.uleb128 0x4
 299 008d 01       		.byte	0x1
 300 008e 02       		.byte	0x2
 301 008f AE000000 		.4byte	.LASF12
 302 0093 05       		.uleb128 0x5
 303 0094 04       		.byte	0x4
 304 0095 04       		.uleb128 0x4
 305 0096 04       		.byte	0x4
 306 0097 07       		.byte	0x7
 307 0098 12020000 		.4byte	.LASF13
 308 009c 04       		.uleb128 0x4
 309 009d 01       		.byte	0x1
 310 009e 08       		.byte	0x8
 311 009f 94000000 		.4byte	.LASF14
 312 00a3 06       		.uleb128 0x6
 313 00a4 04       		.byte	0x4
 314 00a5 81000000 		.4byte	0x81
 315 00a9 07       		.uleb128 0x7
 316 00aa DB000000 		.4byte	.LASF22
 317 00ae 01       		.byte	0x1
 318 00af 70       		.byte	0x70
 319 00b0 93000000 		.4byte	0x93
 320 00b4 01       		.byte	0x1
 321 00b5 CE000000 		.4byte	0xce
 322 00b9 08       		.uleb128 0x8
 323 00ba F4000000 		.4byte	.LASF23
 324 00be 01       		.byte	0x1
 325 00bf 70       		.byte	0x70
 326 00c0 2C000000 		.4byte	0x2c
 327 00c4 09       		.uleb128 0x9
 328 00c5 7000     		.ascii	"p\000"
 329 00c7 01       		.byte	0x1
 330 00c8 71       		.byte	0x71
 331 00c9 93000000 		.4byte	0x93
 332 00cd 00       		.byte	0
 333 00ce 0A       		.uleb128 0xa
 334 00cf 06010000 		.4byte	.LASF24
 335 00d3 01       		.byte	0x1
 336 00d4 42       		.byte	0x42
 337 00d5 00000000 		.4byte	.LFB7
 338 00d9 28000000 		.4byte	.LFE7-.LFB7
ARM GAS  /tmp/ccYmxzvX.s 			page 7


 339 00dd 01       		.uleb128 0x1
 340 00de 9C       		.byte	0x9c
 341 00df FA000000 		.4byte	0xfa
 342 00e3 0B       		.uleb128 0xb
 343 00e4 3D000000 		.4byte	.LASF15
 344 00e8 01       		.byte	0x1
 345 00e9 44       		.byte	0x44
 346 00ea FA000000 		.4byte	0xfa
 347 00ee 0B       		.uleb128 0xb
 348 00ef 30000000 		.4byte	.LASF16
 349 00f3 01       		.byte	0x1
 350 00f4 45       		.byte	0x45
 351 00f5 FA000000 		.4byte	0xfa
 352 00f9 00       		.byte	0
 353 00fa 0C       		.uleb128 0xc
 354 00fb 81000000 		.4byte	0x81
 355 00ff 05010000 		.4byte	0x105
 356 0103 0D       		.uleb128 0xd
 357 0104 00       		.byte	0
 358 0105 0E       		.uleb128 0xe
 359 0106 99000000 		.4byte	.LASF25
 360 010a 01       		.byte	0x1
 361 010b 5B       		.byte	0x5b
 362 010c 93000000 		.4byte	0x93
 363 0110 00000000 		.4byte	.LFB8
 364 0114 2C000000 		.4byte	.LFE8-.LFB8
 365 0118 01       		.uleb128 0x1
 366 0119 9C       		.byte	0x9c
 367 011a 5F010000 		.4byte	0x15f
 368 011e 0F       		.uleb128 0xf
 369 011f F4000000 		.4byte	.LASF23
 370 0123 01       		.byte	0x1
 371 0124 5B       		.byte	0x5b
 372 0125 2C000000 		.4byte	0x2c
 373 0129 00000000 		.4byte	.LLST0
 374 012d 09       		.uleb128 0x9
 375 012e 7000     		.ascii	"p\000"
 376 0130 01       		.byte	0x1
 377 0131 5C       		.byte	0x5c
 378 0132 93000000 		.4byte	0x93
 379 0136 10       		.uleb128 0x10
 380 0137 A9000000 		.4byte	0xa9
 381 013b 04000000 		.4byte	.LBB4
 382 013f 00000000 		.4byte	.Ldebug_ranges0+0
 383 0143 01       		.byte	0x1
 384 0144 5F       		.byte	0x5f
 385 0145 11       		.uleb128 0x11
 386 0146 B9000000 		.4byte	0xb9
 387 014a 21000000 		.4byte	.LLST1
 388 014e 12       		.uleb128 0x12
 389 014f 00000000 		.4byte	.Ldebug_ranges0+0
 390 0153 13       		.uleb128 0x13
 391 0154 C4000000 		.4byte	0xc4
 392 0158 5D000000 		.4byte	.LLST2
 393 015c 00       		.byte	0
 394 015d 00       		.byte	0
 395 015e 00       		.byte	0
ARM GAS  /tmp/ccYmxzvX.s 			page 8


 396 015f 14       		.uleb128 0x14
 397 0160 A9000000 		.4byte	0xa9
 398 0164 00000000 		.4byte	.LFB9
 399 0168 28000000 		.4byte	.LFE9-.LFB9
 400 016c 01       		.uleb128 0x1
 401 016d 9C       		.byte	0x9c
 402 016e 85010000 		.4byte	0x185
 403 0172 11       		.uleb128 0x11
 404 0173 B9000000 		.4byte	0xb9
 405 0177 70000000 		.4byte	.LLST3
 406 017b 13       		.uleb128 0x13
 407 017c C4000000 		.4byte	0xc4
 408 0180 AC000000 		.4byte	.LLST4
 409 0184 00       		.byte	0
 410 0185 15       		.uleb128 0x15
 411 0186 1B020000 		.4byte	.LASF26
 412 018a 01       		.byte	0x1
 413 018b 84       		.byte	0x84
 414 018c 2C000000 		.4byte	0x2c
 415 0190 00000000 		.4byte	.LFB10
 416 0194 14000000 		.4byte	.LFE10-.LFB10
 417 0198 01       		.uleb128 0x1
 418 0199 9C       		.byte	0x9c
 419 019a 16       		.uleb128 0x16
 420 019b 28000000 		.4byte	.LASF17
 421 019f 01       		.byte	0x1
 422 01a0 3A       		.byte	0x3a
 423 01a1 A3000000 		.4byte	0xa3
 424 01a5 05       		.uleb128 0x5
 425 01a6 03       		.byte	0x3
 426 01a7 00000000 		.4byte	nextmem
 427 01ab 16       		.uleb128 0x16
 428 01ac D4000000 		.4byte	.LASF18
 429 01b0 01       		.byte	0x1
 430 01b1 3B       		.byte	0x3b
 431 01b2 A3000000 		.4byte	0xa3
 432 01b6 05       		.uleb128 0x5
 433 01b7 03       		.byte	0x3
 434 01b8 00000000 		.4byte	endmem
 435 01bc 0B       		.uleb128 0xb
 436 01bd 3D000000 		.4byte	.LASF15
 437 01c1 01       		.byte	0x1
 438 01c2 44       		.byte	0x44
 439 01c3 FA000000 		.4byte	0xfa
 440 01c7 0B       		.uleb128 0xb
 441 01c8 30000000 		.4byte	.LASF16
 442 01cc 01       		.byte	0x1
 443 01cd 45       		.byte	0x45
 444 01ce FA000000 		.4byte	0xfa
 445 01d2 00       		.byte	0
 446              		.section	.debug_abbrev,"",%progbits
 447              	.Ldebug_abbrev0:
 448 0000 01       		.uleb128 0x1
 449 0001 11       		.uleb128 0x11
 450 0002 01       		.byte	0x1
 451 0003 25       		.uleb128 0x25
 452 0004 0E       		.uleb128 0xe
ARM GAS  /tmp/ccYmxzvX.s 			page 9


 453 0005 13       		.uleb128 0x13
 454 0006 0B       		.uleb128 0xb
 455 0007 03       		.uleb128 0x3
 456 0008 0E       		.uleb128 0xe
 457 0009 1B       		.uleb128 0x1b
 458 000a 0E       		.uleb128 0xe
 459 000b 55       		.uleb128 0x55
 460 000c 17       		.uleb128 0x17
 461 000d 11       		.uleb128 0x11
 462 000e 01       		.uleb128 0x1
 463 000f 10       		.uleb128 0x10
 464 0010 17       		.uleb128 0x17
 465 0011 00       		.byte	0
 466 0012 00       		.byte	0
 467 0013 02       		.uleb128 0x2
 468 0014 24       		.uleb128 0x24
 469 0015 00       		.byte	0
 470 0016 0B       		.uleb128 0xb
 471 0017 0B       		.uleb128 0xb
 472 0018 3E       		.uleb128 0x3e
 473 0019 0B       		.uleb128 0xb
 474 001a 03       		.uleb128 0x3
 475 001b 08       		.uleb128 0x8
 476 001c 00       		.byte	0
 477 001d 00       		.byte	0
 478 001e 03       		.uleb128 0x3
 479 001f 16       		.uleb128 0x16
 480 0020 00       		.byte	0
 481 0021 03       		.uleb128 0x3
 482 0022 0E       		.uleb128 0xe
 483 0023 3A       		.uleb128 0x3a
 484 0024 0B       		.uleb128 0xb
 485 0025 3B       		.uleb128 0x3b
 486 0026 0B       		.uleb128 0xb
 487 0027 49       		.uleb128 0x49
 488 0028 13       		.uleb128 0x13
 489 0029 00       		.byte	0
 490 002a 00       		.byte	0
 491 002b 04       		.uleb128 0x4
 492 002c 24       		.uleb128 0x24
 493 002d 00       		.byte	0
 494 002e 0B       		.uleb128 0xb
 495 002f 0B       		.uleb128 0xb
 496 0030 3E       		.uleb128 0x3e
 497 0031 0B       		.uleb128 0xb
 498 0032 03       		.uleb128 0x3
 499 0033 0E       		.uleb128 0xe
 500 0034 00       		.byte	0
 501 0035 00       		.byte	0
 502 0036 05       		.uleb128 0x5
 503 0037 0F       		.uleb128 0xf
 504 0038 00       		.byte	0
 505 0039 0B       		.uleb128 0xb
 506 003a 0B       		.uleb128 0xb
 507 003b 00       		.byte	0
 508 003c 00       		.byte	0
 509 003d 06       		.uleb128 0x6
ARM GAS  /tmp/ccYmxzvX.s 			page 10


 510 003e 0F       		.uleb128 0xf
 511 003f 00       		.byte	0
 512 0040 0B       		.uleb128 0xb
 513 0041 0B       		.uleb128 0xb
 514 0042 49       		.uleb128 0x49
 515 0043 13       		.uleb128 0x13
 516 0044 00       		.byte	0
 517 0045 00       		.byte	0
 518 0046 07       		.uleb128 0x7
 519 0047 2E       		.uleb128 0x2e
 520 0048 01       		.byte	0x1
 521 0049 3F       		.uleb128 0x3f
 522 004a 19       		.uleb128 0x19
 523 004b 03       		.uleb128 0x3
 524 004c 0E       		.uleb128 0xe
 525 004d 3A       		.uleb128 0x3a
 526 004e 0B       		.uleb128 0xb
 527 004f 3B       		.uleb128 0x3b
 528 0050 0B       		.uleb128 0xb
 529 0051 27       		.uleb128 0x27
 530 0052 19       		.uleb128 0x19
 531 0053 49       		.uleb128 0x49
 532 0054 13       		.uleb128 0x13
 533 0055 20       		.uleb128 0x20
 534 0056 0B       		.uleb128 0xb
 535 0057 01       		.uleb128 0x1
 536 0058 13       		.uleb128 0x13
 537 0059 00       		.byte	0
 538 005a 00       		.byte	0
 539 005b 08       		.uleb128 0x8
 540 005c 05       		.uleb128 0x5
 541 005d 00       		.byte	0
 542 005e 03       		.uleb128 0x3
 543 005f 0E       		.uleb128 0xe
 544 0060 3A       		.uleb128 0x3a
 545 0061 0B       		.uleb128 0xb
 546 0062 3B       		.uleb128 0x3b
 547 0063 0B       		.uleb128 0xb
 548 0064 49       		.uleb128 0x49
 549 0065 13       		.uleb128 0x13
 550 0066 00       		.byte	0
 551 0067 00       		.byte	0
 552 0068 09       		.uleb128 0x9
 553 0069 34       		.uleb128 0x34
 554 006a 00       		.byte	0
 555 006b 03       		.uleb128 0x3
 556 006c 08       		.uleb128 0x8
 557 006d 3A       		.uleb128 0x3a
 558 006e 0B       		.uleb128 0xb
 559 006f 3B       		.uleb128 0x3b
 560 0070 0B       		.uleb128 0xb
 561 0071 49       		.uleb128 0x49
 562 0072 13       		.uleb128 0x13
 563 0073 00       		.byte	0
 564 0074 00       		.byte	0
 565 0075 0A       		.uleb128 0xa
 566 0076 2E       		.uleb128 0x2e
ARM GAS  /tmp/ccYmxzvX.s 			page 11


 567 0077 01       		.byte	0x1
 568 0078 3F       		.uleb128 0x3f
 569 0079 19       		.uleb128 0x19
 570 007a 03       		.uleb128 0x3
 571 007b 0E       		.uleb128 0xe
 572 007c 3A       		.uleb128 0x3a
 573 007d 0B       		.uleb128 0xb
 574 007e 3B       		.uleb128 0x3b
 575 007f 0B       		.uleb128 0xb
 576 0080 27       		.uleb128 0x27
 577 0081 19       		.uleb128 0x19
 578 0082 11       		.uleb128 0x11
 579 0083 01       		.uleb128 0x1
 580 0084 12       		.uleb128 0x12
 581 0085 06       		.uleb128 0x6
 582 0086 40       		.uleb128 0x40
 583 0087 18       		.uleb128 0x18
 584 0088 9742     		.uleb128 0x2117
 585 008a 19       		.uleb128 0x19
 586 008b 01       		.uleb128 0x1
 587 008c 13       		.uleb128 0x13
 588 008d 00       		.byte	0
 589 008e 00       		.byte	0
 590 008f 0B       		.uleb128 0xb
 591 0090 34       		.uleb128 0x34
 592 0091 00       		.byte	0
 593 0092 03       		.uleb128 0x3
 594 0093 0E       		.uleb128 0xe
 595 0094 3A       		.uleb128 0x3a
 596 0095 0B       		.uleb128 0xb
 597 0096 3B       		.uleb128 0x3b
 598 0097 0B       		.uleb128 0xb
 599 0098 49       		.uleb128 0x49
 600 0099 13       		.uleb128 0x13
 601 009a 3F       		.uleb128 0x3f
 602 009b 19       		.uleb128 0x19
 603 009c 3C       		.uleb128 0x3c
 604 009d 19       		.uleb128 0x19
 605 009e 00       		.byte	0
 606 009f 00       		.byte	0
 607 00a0 0C       		.uleb128 0xc
 608 00a1 01       		.uleb128 0x1
 609 00a2 01       		.byte	0x1
 610 00a3 49       		.uleb128 0x49
 611 00a4 13       		.uleb128 0x13
 612 00a5 01       		.uleb128 0x1
 613 00a6 13       		.uleb128 0x13
 614 00a7 00       		.byte	0
 615 00a8 00       		.byte	0
 616 00a9 0D       		.uleb128 0xd
 617 00aa 21       		.uleb128 0x21
 618 00ab 00       		.byte	0
 619 00ac 00       		.byte	0
 620 00ad 00       		.byte	0
 621 00ae 0E       		.uleb128 0xe
 622 00af 2E       		.uleb128 0x2e
 623 00b0 01       		.byte	0x1
ARM GAS  /tmp/ccYmxzvX.s 			page 12


 624 00b1 3F       		.uleb128 0x3f
 625 00b2 19       		.uleb128 0x19
 626 00b3 03       		.uleb128 0x3
 627 00b4 0E       		.uleb128 0xe
 628 00b5 3A       		.uleb128 0x3a
 629 00b6 0B       		.uleb128 0xb
 630 00b7 3B       		.uleb128 0x3b
 631 00b8 0B       		.uleb128 0xb
 632 00b9 27       		.uleb128 0x27
 633 00ba 19       		.uleb128 0x19
 634 00bb 49       		.uleb128 0x49
 635 00bc 13       		.uleb128 0x13
 636 00bd 11       		.uleb128 0x11
 637 00be 01       		.uleb128 0x1
 638 00bf 12       		.uleb128 0x12
 639 00c0 06       		.uleb128 0x6
 640 00c1 40       		.uleb128 0x40
 641 00c2 18       		.uleb128 0x18
 642 00c3 9742     		.uleb128 0x2117
 643 00c5 19       		.uleb128 0x19
 644 00c6 01       		.uleb128 0x1
 645 00c7 13       		.uleb128 0x13
 646 00c8 00       		.byte	0
 647 00c9 00       		.byte	0
 648 00ca 0F       		.uleb128 0xf
 649 00cb 05       		.uleb128 0x5
 650 00cc 00       		.byte	0
 651 00cd 03       		.uleb128 0x3
 652 00ce 0E       		.uleb128 0xe
 653 00cf 3A       		.uleb128 0x3a
 654 00d0 0B       		.uleb128 0xb
 655 00d1 3B       		.uleb128 0x3b
 656 00d2 0B       		.uleb128 0xb
 657 00d3 49       		.uleb128 0x49
 658 00d4 13       		.uleb128 0x13
 659 00d5 02       		.uleb128 0x2
 660 00d6 17       		.uleb128 0x17
 661 00d7 00       		.byte	0
 662 00d8 00       		.byte	0
 663 00d9 10       		.uleb128 0x10
 664 00da 1D       		.uleb128 0x1d
 665 00db 01       		.byte	0x1
 666 00dc 31       		.uleb128 0x31
 667 00dd 13       		.uleb128 0x13
 668 00de 52       		.uleb128 0x52
 669 00df 01       		.uleb128 0x1
 670 00e0 55       		.uleb128 0x55
 671 00e1 17       		.uleb128 0x17
 672 00e2 58       		.uleb128 0x58
 673 00e3 0B       		.uleb128 0xb
 674 00e4 59       		.uleb128 0x59
 675 00e5 0B       		.uleb128 0xb
 676 00e6 00       		.byte	0
 677 00e7 00       		.byte	0
 678 00e8 11       		.uleb128 0x11
 679 00e9 05       		.uleb128 0x5
 680 00ea 00       		.byte	0
ARM GAS  /tmp/ccYmxzvX.s 			page 13


 681 00eb 31       		.uleb128 0x31
 682 00ec 13       		.uleb128 0x13
 683 00ed 02       		.uleb128 0x2
 684 00ee 17       		.uleb128 0x17
 685 00ef 00       		.byte	0
 686 00f0 00       		.byte	0
 687 00f1 12       		.uleb128 0x12
 688 00f2 0B       		.uleb128 0xb
 689 00f3 01       		.byte	0x1
 690 00f4 55       		.uleb128 0x55
 691 00f5 17       		.uleb128 0x17
 692 00f6 00       		.byte	0
 693 00f7 00       		.byte	0
 694 00f8 13       		.uleb128 0x13
 695 00f9 34       		.uleb128 0x34
 696 00fa 00       		.byte	0
 697 00fb 31       		.uleb128 0x31
 698 00fc 13       		.uleb128 0x13
 699 00fd 02       		.uleb128 0x2
 700 00fe 17       		.uleb128 0x17
 701 00ff 00       		.byte	0
 702 0100 00       		.byte	0
 703 0101 14       		.uleb128 0x14
 704 0102 2E       		.uleb128 0x2e
 705 0103 01       		.byte	0x1
 706 0104 31       		.uleb128 0x31
 707 0105 13       		.uleb128 0x13
 708 0106 11       		.uleb128 0x11
 709 0107 01       		.uleb128 0x1
 710 0108 12       		.uleb128 0x12
 711 0109 06       		.uleb128 0x6
 712 010a 40       		.uleb128 0x40
 713 010b 18       		.uleb128 0x18
 714 010c 9742     		.uleb128 0x2117
 715 010e 19       		.uleb128 0x19
 716 010f 01       		.uleb128 0x1
 717 0110 13       		.uleb128 0x13
 718 0111 00       		.byte	0
 719 0112 00       		.byte	0
 720 0113 15       		.uleb128 0x15
 721 0114 2E       		.uleb128 0x2e
 722 0115 00       		.byte	0
 723 0116 3F       		.uleb128 0x3f
 724 0117 19       		.uleb128 0x19
 725 0118 03       		.uleb128 0x3
 726 0119 0E       		.uleb128 0xe
 727 011a 3A       		.uleb128 0x3a
 728 011b 0B       		.uleb128 0xb
 729 011c 3B       		.uleb128 0x3b
 730 011d 0B       		.uleb128 0xb
 731 011e 27       		.uleb128 0x27
 732 011f 19       		.uleb128 0x19
 733 0120 49       		.uleb128 0x49
 734 0121 13       		.uleb128 0x13
 735 0122 11       		.uleb128 0x11
 736 0123 01       		.uleb128 0x1
 737 0124 12       		.uleb128 0x12
ARM GAS  /tmp/ccYmxzvX.s 			page 14


 738 0125 06       		.uleb128 0x6
 739 0126 40       		.uleb128 0x40
 740 0127 18       		.uleb128 0x18
 741 0128 9742     		.uleb128 0x2117
 742 012a 19       		.uleb128 0x19
 743 012b 00       		.byte	0
 744 012c 00       		.byte	0
 745 012d 16       		.uleb128 0x16
 746 012e 34       		.uleb128 0x34
 747 012f 00       		.byte	0
 748 0130 03       		.uleb128 0x3
 749 0131 0E       		.uleb128 0xe
 750 0132 3A       		.uleb128 0x3a
 751 0133 0B       		.uleb128 0xb
 752 0134 3B       		.uleb128 0x3b
 753 0135 0B       		.uleb128 0xb
 754 0136 49       		.uleb128 0x49
 755 0137 13       		.uleb128 0x13
 756 0138 02       		.uleb128 0x2
 757 0139 18       		.uleb128 0x18
 758 013a 00       		.byte	0
 759 013b 00       		.byte	0
 760 013c 00       		.byte	0
 761              		.section	.debug_loc,"",%progbits
 762              	.Ldebug_loc0:
 763              	.LLST0:
 764 0000 00000000 		.4byte	.LVL0
 765 0004 12000000 		.4byte	.LVL3
 766 0008 0100     		.2byte	0x1
 767 000a 50       		.byte	0x50
 768 000b 12000000 		.4byte	.LVL3
 769 000f 2C000000 		.4byte	.LFE8
 770 0013 0400     		.2byte	0x4
 771 0015 F3       		.byte	0xf3
 772 0016 01       		.uleb128 0x1
 773 0017 50       		.byte	0x50
 774 0018 9F       		.byte	0x9f
 775 0019 00000000 		.4byte	0
 776 001d 00000000 		.4byte	0
 777              	.LLST1:
 778 0021 04000000 		.4byte	.LVL1
 779 0025 0A000000 		.4byte	.LVL2
 780 0029 0100     		.2byte	0x1
 781 002b 50       		.byte	0x50
 782 002c 0A000000 		.4byte	.LVL2
 783 0030 1A000000 		.4byte	.LVL5
 784 0034 0100     		.2byte	0x1
 785 0036 52       		.byte	0x52
 786 0037 1A000000 		.4byte	.LVL5
 787 003b 20000000 		.4byte	.LVL7
 788 003f 0900     		.2byte	0x9
 789 0041 F3       		.byte	0xf3
 790 0042 01       		.uleb128 0x1
 791 0043 50       		.byte	0x50
 792 0044 23       		.byte	0x23
 793 0045 07       		.uleb128 0x7
 794 0046 09       		.byte	0x9
ARM GAS  /tmp/ccYmxzvX.s 			page 15


 795 0047 F8       		.byte	0xf8
 796 0048 1A       		.byte	0x1a
 797 0049 9F       		.byte	0x9f
 798 004a 20000000 		.4byte	.LVL7
 799 004e 2C000000 		.4byte	.LFE8
 800 0052 0100     		.2byte	0x1
 801 0054 52       		.byte	0x52
 802 0055 00000000 		.4byte	0
 803 0059 00000000 		.4byte	0
 804              	.LLST2:
 805 005d 18000000 		.4byte	.LVL4
 806 0061 1C000000 		.4byte	.LVL6
 807 0065 0100     		.2byte	0x1
 808 0067 50       		.byte	0x50
 809 0068 00000000 		.4byte	0
 810 006c 00000000 		.4byte	0
 811              	.LLST3:
 812 0070 00000000 		.4byte	.LVL8
 813 0074 06000000 		.4byte	.LVL9
 814 0078 0100     		.2byte	0x1
 815 007a 50       		.byte	0x50
 816 007b 06000000 		.4byte	.LVL9
 817 007f 18000000 		.4byte	.LVL11
 818 0083 0100     		.2byte	0x1
 819 0085 52       		.byte	0x52
 820 0086 18000000 		.4byte	.LVL11
 821 008a 1C000000 		.4byte	.LVL13
 822 008e 0900     		.2byte	0x9
 823 0090 F3       		.byte	0xf3
 824 0091 01       		.uleb128 0x1
 825 0092 50       		.byte	0x50
 826 0093 23       		.byte	0x23
 827 0094 07       		.uleb128 0x7
 828 0095 09       		.byte	0x9
 829 0096 F8       		.byte	0xf8
 830 0097 1A       		.byte	0x1a
 831 0098 9F       		.byte	0x9f
 832 0099 1C000000 		.4byte	.LVL13
 833 009d 28000000 		.4byte	.LFE9
 834 00a1 0100     		.2byte	0x1
 835 00a3 52       		.byte	0x52
 836 00a4 00000000 		.4byte	0
 837 00a8 00000000 		.4byte	0
 838              	.LLST4:
 839 00ac 16000000 		.4byte	.LVL10
 840 00b0 1A000000 		.4byte	.LVL12
 841 00b4 0100     		.2byte	0x1
 842 00b6 50       		.byte	0x50
 843 00b7 00000000 		.4byte	0
 844 00bb 00000000 		.4byte	0
 845              		.section	.debug_aranges,"",%progbits
 846 0000 34000000 		.4byte	0x34
 847 0004 0200     		.2byte	0x2
 848 0006 00000000 		.4byte	.Ldebug_info0
 849 000a 04       		.byte	0x4
 850 000b 00       		.byte	0
 851 000c 0000     		.2byte	0
ARM GAS  /tmp/ccYmxzvX.s 			page 16


 852 000e 0000     		.2byte	0
 853 0010 00000000 		.4byte	.LFB7
 854 0014 28000000 		.4byte	.LFE7-.LFB7
 855 0018 00000000 		.4byte	.LFB8
 856 001c 2C000000 		.4byte	.LFE8-.LFB8
 857 0020 00000000 		.4byte	.LFB9
 858 0024 28000000 		.4byte	.LFE9-.LFB9
 859 0028 00000000 		.4byte	.LFB10
 860 002c 14000000 		.4byte	.LFE10-.LFB10
 861 0030 00000000 		.4byte	0
 862 0034 00000000 		.4byte	0
 863              		.section	.debug_ranges,"",%progbits
 864              	.Ldebug_ranges0:
 865 0000 04000000 		.4byte	.LBB4
 866 0004 1C000000 		.4byte	.LBE4
 867 0008 20000000 		.4byte	.LBB7
 868 000c 2C000000 		.4byte	.LBE7
 869 0010 00000000 		.4byte	0
 870 0014 00000000 		.4byte	0
 871 0018 00000000 		.4byte	.LFB7
 872 001c 28000000 		.4byte	.LFE7
 873 0020 00000000 		.4byte	.LFB8
 874 0024 2C000000 		.4byte	.LFE8
 875 0028 00000000 		.4byte	.LFB9
 876 002c 28000000 		.4byte	.LFE9
 877 0030 00000000 		.4byte	.LFB10
 878 0034 14000000 		.4byte	.LFE10
 879 0038 00000000 		.4byte	0
 880 003c 00000000 		.4byte	0
 881              		.section	.debug_line,"",%progbits
 882              	.Ldebug_line0:
 883 0000 30010000 		.section	.debug_str,"MS",%progbits,1
 883      0200C900 
 883      00000201 
 883      FB0E0D00 
 883      01010101 
 884              	.LASF9:
 885 0000 6C6F6E67 		.ascii	"long long int\000"
 885      206C6F6E 
 885      6720696E 
 885      7400
 886              	.LASF6:
 887 000e 73686F72 		.ascii	"short unsigned int\000"
 887      7420756E 
 887      7369676E 
 887      65642069 
 887      6E7400
 888              	.LASF2:
 889 0021 73697A65 		.ascii	"size_t\000"
 889      5F7400
 890              	.LASF17:
 891 0028 6E657874 		.ascii	"nextmem\000"
 891      6D656D00 
 892              	.LASF16:
 893 0030 5F5F6865 		.ascii	"__heap_end__\000"
 893      61705F65 
 893      6E645F5F 
ARM GAS  /tmp/ccYmxzvX.s 			page 17


 893      00
 894              	.LASF15:
 895 003d 5F5F6865 		.ascii	"__heap_base__\000"
 895      61705F62 
 895      6173655F 
 895      5F00
 896              	.LASF8:
 897 004b 6C6F6E67 		.ascii	"long unsigned int\000"
 897      20756E73 
 897      69676E65 
 897      6420696E 
 897      7400
 898              	.LASF10:
 899 005d 6C6F6E67 		.ascii	"long long unsigned int\000"
 899      206C6F6E 
 899      6720756E 
 899      7369676E 
 899      65642069 
 900              	.LASF3:
 901 0074 5F5F7569 		.ascii	"__uint8_t\000"
 901      6E74385F 
 901      7400
 902              	.LASF11:
 903 007e 75696E74 		.ascii	"uint8_t\000"
 903      385F7400 
 904              	.LASF4:
 905 0086 756E7369 		.ascii	"unsigned char\000"
 905      676E6564 
 905      20636861 
 905      7200
 906              	.LASF14:
 907 0094 63686172 		.ascii	"char\000"
 907      00
 908              	.LASF25:
 909 0099 6368436F 		.ascii	"chCoreAlloc\000"
 909      7265416C 
 909      6C6F6300 
 910              	.LASF7:
 911 00a5 6C6F6E67 		.ascii	"long int\000"
 911      20696E74 
 911      00
 912              	.LASF12:
 913 00ae 5F426F6F 		.ascii	"_Bool\000"
 913      6C00
 914              	.LASF20:
 915 00b4 2E2E2F2E 		.ascii	"../../os/kernel/src/chmemcore.c\000"
 915      2E2F6F73 
 915      2F6B6572 
 915      6E656C2F 
 915      7372632F 
 916              	.LASF18:
 917 00d4 656E646D 		.ascii	"endmem\000"
 917      656D00
 918              	.LASF22:
 919 00db 6368436F 		.ascii	"chCoreAllocI\000"
 919      7265416C 
 919      6C6F6349 
ARM GAS  /tmp/ccYmxzvX.s 			page 18


 919      00
 920              	.LASF1:
 921 00e8 7369676E 		.ascii	"signed char\000"
 921      65642063 
 921      68617200 
 922              	.LASF23:
 923 00f4 73697A65 		.ascii	"size\000"
 923      00
 924              	.LASF0:
 925 00f9 756E7369 		.ascii	"unsigned int\000"
 925      676E6564 
 925      20696E74 
 925      00
 926              	.LASF24:
 927 0106 5F636F72 		.ascii	"_core_init\000"
 927      655F696E 
 927      697400
 928              	.LASF5:
 929 0111 73686F72 		.ascii	"short int\000"
 929      7420696E 
 929      7400
 930              	.LASF19:
 931 011b 474E5520 		.ascii	"GNU C 4.8.2 -mcpu=cortex-m0 -mno-thumb-interwork -m"
 931      4320342E 
 931      382E3220 
 931      2D6D6370 
 931      753D636F 
 932 014e 7468756D 		.ascii	"thumb -ggdb -O2 -fomit-frame-pointer -falign-functi"
 932      62202D67 
 932      67646220 
 932      2D4F3220 
 932      2D666F6D 
 933 0181 6F6E733D 		.ascii	"ons=16 -ffunction-sections -fdata-sections -fno-com"
 933      3136202D 
 933      6666756E 
 933      6374696F 
 933      6E2D7365 
 934 01b4 6D6F6E00 		.ascii	"mon\000"
 935              	.LASF21:
 936 01b8 2F686F6D 		.ascii	"/home/ece497/vbox-shared/mplayer/ChibiOS-RT-stable_"
 936      652F6563 
 936      65343937 
 936      2F76626F 
 936      782D7368 
 937 01eb 322E362E 		.ascii	"2.6.x/demos/ARMCM0-STM32F051-DISCOVERY\000"
 937      782F6465 
 937      6D6F732F 
 937      41524D43 
 937      4D302D53 
 938              	.LASF13:
 939 0212 73697A65 		.ascii	"sizetype\000"
 939      74797065 
 939      00
 940              	.LASF26:
 941 021b 6368436F 		.ascii	"chCoreStatus\000"
 941      72655374 
 941      61747573 
ARM GAS  /tmp/ccYmxzvX.s 			page 19


 941      00
 942              		.ident	"GCC: (Arch Repository) 4.8.2"
ARM GAS  /tmp/ccYmxzvX.s 			page 20


DEFINED SYMBOLS
                            *ABS*:0000000000000000 chmemcore.c
     /tmp/ccYmxzvX.s:18     .text._core_init:0000000000000000 $t
     /tmp/ccYmxzvX.s:24     .text._core_init:0000000000000000 _core_init
     /tmp/ccYmxzvX.s:49     .text._core_init:0000000000000018 $d
     /tmp/ccYmxzvX.s:57     .text.chCoreAlloc:0000000000000000 $t
     /tmp/ccYmxzvX.s:63     .text.chCoreAlloc:0000000000000000 chCoreAlloc
     /tmp/ccYmxzvX.s:120    .text.chCoreAlloc:0000000000000024 $d
     /tmp/ccYmxzvX.s:128    .text.chCoreAllocI:0000000000000000 $t
     /tmp/ccYmxzvX.s:134    .text.chCoreAllocI:0000000000000000 chCoreAllocI
     /tmp/ccYmxzvX.s:175    .text.chCoreAllocI:0000000000000020 $d
     /tmp/ccYmxzvX.s:181    .text.chCoreStatus:0000000000000000 $t
     /tmp/ccYmxzvX.s:187    .text.chCoreStatus:0000000000000000 chCoreStatus
     /tmp/ccYmxzvX.s:205    .text.chCoreStatus:000000000000000c $d
     /tmp/ccYmxzvX.s:211    .bss.endmem:0000000000000000 $d
     /tmp/ccYmxzvX.s:215    .bss.endmem:0000000000000000 endmem
     /tmp/ccYmxzvX.s:218    .bss.nextmem:0000000000000000 $d
     /tmp/ccYmxzvX.s:222    .bss.nextmem:0000000000000000 nextmem
                     .debug_frame:0000000000000010 $d
     /tmp/ccYmxzvX.s:56     .text._core_init:0000000000000028 $t
     /tmp/ccYmxzvX.s:127    .text.chCoreAlloc:000000000000002c $t
     /tmp/ccYmxzvX.s:180    .text.chCoreAllocI:0000000000000028 $t
     /tmp/ccYmxzvX.s:210    .text.chCoreStatus:0000000000000014 $t

UNDEFINED SYMBOLS
__heap_base__
__heap_end__
