ARM GAS  /tmp/ccJAIiL0.s 			page 1


   1              		.cpu cortex-m0
   2              		.fpu softvfp
   3              		.eabi_attribute 20, 1
   4              		.eabi_attribute 21, 1
   5              		.eabi_attribute 23, 3
   6              		.eabi_attribute 24, 1
   7              		.eabi_attribute 25, 1
   8              		.eabi_attribute 26, 1
   9              		.eabi_attribute 30, 2
  10              		.eabi_attribute 34, 0
  11              		.eabi_attribute 18, 4
  12              		.code	16
  13              		.file	"chmempools.c"
  14              		.text
  15              	.Ltext0:
  16              		.cfi_sections	.debug_frame
  17              		.section	.text.chPoolInit,"ax",%progbits
  18              		.align	2
  19              		.p2align 4,,15
  20              		.global	chPoolInit
  21              		.code	16
  22              		.thumb_func
  23              		.type	chPoolInit, %function
  24              	chPoolInit:
  25              	.LFB7:
  26              		.file 1 "../../os/kernel/src/chmempools.c"
  27              		.loc 1 62 0
  28              		.cfi_startproc
  29              	.LVL0:
  30              		.loc 1 66 0
  31 0000 0023     		mov	r3, #0
  32 0002 0360     		str	r3, [r0]
  33              		.loc 1 67 0
  34 0004 4160     		str	r1, [r0, #4]
  35              		.loc 1 68 0
  36 0006 8260     		str	r2, [r0, #8]
  37              		.loc 1 69 0
  38              		@ sp needed
  39 0008 7047     		bx	lr
  40              		.cfi_endproc
  41              	.LFE7:
  42              		.size	chPoolInit, .-chPoolInit
  43 000a C046C046 		.section	.text.chPoolLoadArray,"ax",%progbits
  43      C046
  44              		.align	2
  45              		.p2align 4,,15
  46              		.global	chPoolLoadArray
  47              		.code	16
  48              		.thumb_func
  49              		.type	chPoolLoadArray, %function
  50              	chPoolLoadArray:
  51              	.LFB8:
  52              		.loc 1 84 0
  53              		.cfi_startproc
  54              	.LVL1:
  55 0000 00B5     		push	{lr}
  56              		.cfi_def_cfa_offset 4
ARM GAS  /tmp/ccJAIiL0.s 			page 2


  57              		.cfi_offset 14, -4
  58              		.loc 1 88 0
  59 0002 002A     		cmp	r2, #0
  60 0004 09D0     		beq	.L2
  61              	.L8:
  62              	.LVL2:
  63              	.LBB10:
  64              	.LBB11:
  65              		.loc 1 173 0
  66              	@ 173 "../../os/kernel/src/chmempools.c" 1
  67 0006 72B6     		cpsid   i
  68              	@ 0 "" 2
  69              	.LVL3:
  70              		.code	16
  71              	.LBB12:
  72              	.LBB13:
  73              		.loc 1 155 0
  74 0008 0368     		ldr	r3, [r0]
  75 000a 0B60     		str	r3, [r1]
  76              		.loc 1 156 0
  77 000c 0160     		str	r1, [r0]
  78              	.LBE13:
  79              	.LBE12:
  80              		.loc 1 175 0
  81              	@ 175 "../../os/kernel/src/chmempools.c" 1
  82 000e 62B6     		cpsie   i
  83              	@ 0 "" 2
  84              		.code	16
  85              	.LBE11:
  86              	.LBE10:
  87              		.loc 1 90 0
  88 0010 4368     		ldr	r3, [r0, #4]
  89              		.loc 1 91 0
  90 0012 013A     		sub	r2, r2, #1
  91              	.LVL4:
  92              		.loc 1 90 0
  93 0014 C918     		add	r1, r1, r3
  94              	.LVL5:
  95              		.loc 1 88 0
  96 0016 002A     		cmp	r2, #0
  97 0018 F5D1     		bne	.L8
  98              	.LVL6:
  99              	.L2:
 100              		.loc 1 93 0
 101              		@ sp needed
 102 001a 00BD     		pop	{pc}
 103              		.cfi_endproc
 104              	.LFE8:
 105              		.size	chPoolLoadArray, .-chPoolLoadArray
 106 001c C046C046 		.section	.text.chPoolAllocI,"ax",%progbits
 107              		.align	2
 108              		.p2align 4,,15
 109              		.global	chPoolAllocI
 110              		.code	16
 111              		.thumb_func
 112              		.type	chPoolAllocI, %function
 113              	chPoolAllocI:
ARM GAS  /tmp/ccJAIiL0.s 			page 3


 114              	.LFB9:
 115              		.loc 1 105 0
 116              		.cfi_startproc
 117              	.LVL7:
 118 0000 08B5     		push	{r3, lr}
 119              		.cfi_def_cfa_offset 8
 120              		.cfi_offset 3, -8
 121              		.cfi_offset 14, -4
 122              		.loc 1 105 0
 123 0002 031C     		mov	r3, r0
 124              		.loc 1 111 0
 125 0004 0068     		ldr	r0, [r0]
 126              	.LVL8:
 127 0006 0028     		cmp	r0, #0
 128 0008 02D0     		beq	.L12
 129              		.loc 1 112 0
 130 000a 0268     		ldr	r2, [r0]
 131 000c 1A60     		str	r2, [r3]
 132              	.LVL9:
 133              	.L13:
 134              		.loc 1 116 0
 135              		@ sp needed
 136 000e 08BD     		pop	{r3, pc}
 137              	.LVL10:
 138              	.L12:
 139              		.loc 1 113 0
 140 0010 9A68     		ldr	r2, [r3, #8]
 141 0012 002A     		cmp	r2, #0
 142 0014 FBD0     		beq	.L13
 143              		.loc 1 114 0
 144 0016 5868     		ldr	r0, [r3, #4]
 145              	.LVL11:
 146 0018 9047     		blx	r2
 147              	.LVL12:
 148 001a F8E7     		b	.L13
 149              		.cfi_endproc
 150              	.LFE9:
 151              		.size	chPoolAllocI, .-chPoolAllocI
 152 001c C046C046 		.section	.text.chPoolAlloc,"ax",%progbits
 153              		.align	2
 154              		.p2align 4,,15
 155              		.global	chPoolAlloc
 156              		.code	16
 157              		.thumb_func
 158              		.type	chPoolAlloc, %function
 159              	chPoolAlloc:
 160              	.LFB10:
 161              		.loc 1 128 0
 162              		.cfi_startproc
 163              	.LVL13:
 164 0000 08B5     		push	{r3, lr}
 165              		.cfi_def_cfa_offset 8
 166              		.cfi_offset 3, -8
 167              		.cfi_offset 14, -4
 168              		.loc 1 128 0
 169 0002 031C     		mov	r3, r0
 170              		.loc 1 131 0
ARM GAS  /tmp/ccJAIiL0.s 			page 4


 171              	@ 131 "../../os/kernel/src/chmempools.c" 1
 172 0004 72B6     		cpsid   i
 173              	@ 0 "" 2
 174              	.LVL14:
 175              		.code	16
 176              	.LBB14:
 177              	.LBB15:
 178              		.loc 1 111 0
 179 0006 0068     		ldr	r0, [r0]
 180              	.LVL15:
 181 0008 0028     		cmp	r0, #0
 182 000a 03D0     		beq	.L18
 183              		.loc 1 112 0
 184 000c 0268     		ldr	r2, [r0]
 185 000e 1A60     		str	r2, [r3]
 186              	.LVL16:
 187              	.L19:
 188              	.LBE15:
 189              	.LBE14:
 190              		.loc 1 133 0
 191              	@ 133 "../../os/kernel/src/chmempools.c" 1
 192 0010 62B6     		cpsie   i
 193              	@ 0 "" 2
 194              		.loc 1 135 0
 195              		.code	16
 196              		@ sp needed
 197 0012 08BD     		pop	{r3, pc}
 198              	.LVL17:
 199              	.L18:
 200              	.LBB17:
 201              	.LBB16:
 202              		.loc 1 113 0
 203 0014 9A68     		ldr	r2, [r3, #8]
 204 0016 002A     		cmp	r2, #0
 205 0018 FAD0     		beq	.L19
 206              		.loc 1 114 0
 207 001a 5868     		ldr	r0, [r3, #4]
 208              	.LVL18:
 209 001c 9047     		blx	r2
 210              	.LVL19:
 211 001e F7E7     		b	.L19
 212              	.LBE16:
 213              	.LBE17:
 214              		.cfi_endproc
 215              	.LFE10:
 216              		.size	chPoolAlloc, .-chPoolAlloc
 217              		.section	.text.chPoolFreeI,"ax",%progbits
 218              		.align	2
 219              		.p2align 4,,15
 220              		.global	chPoolFreeI
 221              		.code	16
 222              		.thumb_func
 223              		.type	chPoolFreeI, %function
 224              	chPoolFreeI:
 225              	.LFB11:
 226              		.loc 1 149 0
 227              		.cfi_startproc
ARM GAS  /tmp/ccJAIiL0.s 			page 5


 228              	.LVL20:
 229              		.loc 1 155 0
 230 0000 0368     		ldr	r3, [r0]
 231              		.loc 1 157 0
 232              		@ sp needed
 233              		.loc 1 155 0
 234 0002 0B60     		str	r3, [r1]
 235              		.loc 1 156 0
 236 0004 0160     		str	r1, [r0]
 237              		.loc 1 157 0
 238 0006 7047     		bx	lr
 239              		.cfi_endproc
 240              	.LFE11:
 241              		.size	chPoolFreeI, .-chPoolFreeI
 242 0008 C046C046 		.section	.text.chPoolFree,"ax",%progbits
 242      C046C046 
 243              		.align	2
 244              		.p2align 4,,15
 245              		.global	chPoolFree
 246              		.code	16
 247              		.thumb_func
 248              		.type	chPoolFree, %function
 249              	chPoolFree:
 250              	.LFB12:
 251              		.loc 1 171 0
 252              		.cfi_startproc
 253              	.LVL21:
 254              		.loc 1 173 0
 255              	@ 173 "../../os/kernel/src/chmempools.c" 1
 256 0000 72B6     		cpsid   i
 257              	@ 0 "" 2
 258              	.LVL22:
 259              		.code	16
 260              	.LBB18:
 261              	.LBB19:
 262              		.loc 1 155 0
 263 0002 0368     		ldr	r3, [r0]
 264 0004 0B60     		str	r3, [r1]
 265              		.loc 1 156 0
 266 0006 0160     		str	r1, [r0]
 267              	.LBE19:
 268              	.LBE18:
 269              		.loc 1 175 0
 270              	@ 175 "../../os/kernel/src/chmempools.c" 1
 271 0008 62B6     		cpsie   i
 272              	@ 0 "" 2
 273              		.loc 1 176 0
 274              		.code	16
 275              		@ sp needed
 276 000a 7047     		bx	lr
 277              		.cfi_endproc
 278              	.LFE12:
 279              		.size	chPoolFree, .-chPoolFree
 280 000c C046C046 		.text
 281              	.Letext0:
 282              		.file 2 "/usr/lib/gcc/arm-none-eabi/4.8.2/include/stddef.h"
 283              		.file 3 "/usr/arm-none-eabi/include/machine/_default_types.h"
ARM GAS  /tmp/ccJAIiL0.s 			page 6


 284              		.file 4 "/usr/arm-none-eabi/include/stdint.h"
 285              		.file 5 "../../os/kernel/include/chmemcore.h"
 286              		.file 6 "../../os/kernel/include/chmempools.h"
 287              		.section	.debug_info,"",%progbits
 288              	.Ldebug_info0:
 289 0000 5A030000 		.4byte	0x35a
 290 0004 0400     		.2byte	0x4
 291 0006 00000000 		.4byte	.Ldebug_abbrev0
 292 000a 04       		.byte	0x4
 293 000b 01       		.uleb128 0x1
 294 000c 20000000 		.4byte	.LASF28
 295 0010 01       		.byte	0x1
 296 0011 27020000 		.4byte	.LASF29
 297 0015 82010000 		.4byte	.LASF30
 298 0019 18000000 		.4byte	.Ldebug_ranges0+0x18
 299 001d 00000000 		.4byte	0
 300 0021 00000000 		.4byte	.Ldebug_line0
 301 0025 02       		.uleb128 0x2
 302 0026 04       		.byte	0x4
 303 0027 05       		.byte	0x5
 304 0028 696E7400 		.ascii	"int\000"
 305 002c 03       		.uleb128 0x3
 306 002d 0A000000 		.4byte	.LASF2
 307 0031 02       		.byte	0x2
 308 0032 D4       		.byte	0xd4
 309 0033 37000000 		.4byte	0x37
 310 0037 04       		.uleb128 0x4
 311 0038 04       		.byte	0x4
 312 0039 07       		.byte	0x7
 313 003a 56010000 		.4byte	.LASF0
 314 003e 04       		.uleb128 0x4
 315 003f 01       		.byte	0x1
 316 0040 06       		.byte	0x6
 317 0041 51020000 		.4byte	.LASF1
 318 0045 03       		.uleb128 0x3
 319 0046 00000000 		.4byte	.LASF3
 320 004a 03       		.byte	0x3
 321 004b 1C       		.byte	0x1c
 322 004c 50000000 		.4byte	0x50
 323 0050 04       		.uleb128 0x4
 324 0051 01       		.byte	0x1
 325 0052 08       		.byte	0x8
 326 0053 18010000 		.4byte	.LASF4
 327 0057 04       		.uleb128 0x4
 328 0058 02       		.byte	0x2
 329 0059 05       		.byte	0x5
 330 005a 11020000 		.4byte	.LASF5
 331 005e 04       		.uleb128 0x4
 332 005f 02       		.byte	0x2
 333 0060 07       		.byte	0x7
 334 0061 F0000000 		.4byte	.LASF6
 335 0065 04       		.uleb128 0x4
 336 0066 04       		.byte	0x4
 337 0067 05       		.byte	0x5
 338 0068 48020000 		.4byte	.LASF7
 339 006c 04       		.uleb128 0x4
 340 006d 04       		.byte	0x4
ARM GAS  /tmp/ccJAIiL0.s 			page 7


 341 006e 07       		.byte	0x7
 342 006f DE000000 		.4byte	.LASF8
 343 0073 04       		.uleb128 0x4
 344 0074 08       		.byte	0x8
 345 0075 05       		.byte	0x5
 346 0076 E5010000 		.4byte	.LASF9
 347 007a 04       		.uleb128 0x4
 348 007b 08       		.byte	0x8
 349 007c 07       		.byte	0x7
 350 007d 63010000 		.4byte	.LASF10
 351 0081 03       		.uleb128 0x3
 352 0082 7A010000 		.4byte	.LASF11
 353 0086 04       		.byte	0x4
 354 0087 2A       		.byte	0x2a
 355 0088 45000000 		.4byte	0x45
 356 008c 04       		.uleb128 0x4
 357 008d 01       		.byte	0x1
 358 008e 02       		.byte	0x2
 359 008f 65020000 		.4byte	.LASF12
 360 0093 05       		.uleb128 0x5
 361 0094 04       		.byte	0x4
 362 0095 04       		.uleb128 0x4
 363 0096 04       		.byte	0x4
 364 0097 07       		.byte	0x7
 365 0098 DC010000 		.4byte	.LASF13
 366 009c 03       		.uleb128 0x3
 367 009d F8010000 		.4byte	.LASF14
 368 00a1 05       		.byte	0x5
 369 00a2 2C       		.byte	0x2c
 370 00a3 A7000000 		.4byte	0xa7
 371 00a7 06       		.uleb128 0x6
 372 00a8 04       		.byte	0x4
 373 00a9 AD000000 		.4byte	0xad
 374 00ad 07       		.uleb128 0x7
 375 00ae 93000000 		.4byte	0x93
 376 00b2 BC000000 		.4byte	0xbc
 377 00b6 08       		.uleb128 0x8
 378 00b7 2C000000 		.4byte	0x2c
 379 00bb 00       		.byte	0
 380 00bc 09       		.uleb128 0x9
 381 00bd CD000000 		.4byte	.LASF31
 382 00c1 04       		.byte	0x4
 383 00c2 06       		.byte	0x6
 384 00c3 2C       		.byte	0x2c
 385 00c4 D5000000 		.4byte	0xd5
 386 00c8 0A       		.uleb128 0xa
 387 00c9 26010000 		.4byte	.LASF15
 388 00cd 06       		.byte	0x6
 389 00ce 2D       		.byte	0x2d
 390 00cf D5000000 		.4byte	0xd5
 391 00d3 00       		.byte	0
 392 00d4 00       		.byte	0
 393 00d5 06       		.uleb128 0x6
 394 00d6 04       		.byte	0x4
 395 00d7 BC000000 		.4byte	0xbc
 396 00db 0B       		.uleb128 0xb
 397 00dc 0C       		.byte	0xc
ARM GAS  /tmp/ccJAIiL0.s 			page 8


 398 00dd 06       		.byte	0x6
 399 00de 34       		.byte	0x34
 400 00df 08010000 		.4byte	0x108
 401 00e3 0A       		.uleb128 0xa
 402 00e4 5D020000 		.4byte	.LASF16
 403 00e8 06       		.byte	0x6
 404 00e9 35       		.byte	0x35
 405 00ea D5000000 		.4byte	0xd5
 406 00ee 00       		.byte	0
 407 00ef 0A       		.uleb128 0xa
 408 00f0 11000000 		.4byte	.LASF17
 409 00f4 06       		.byte	0x6
 410 00f5 36       		.byte	0x36
 411 00f6 2C000000 		.4byte	0x2c
 412 00fa 04       		.byte	0x4
 413 00fb 0A       		.uleb128 0xa
 414 00fc 05020000 		.4byte	.LASF18
 415 0100 06       		.byte	0x6
 416 0101 38       		.byte	0x38
 417 0102 9C000000 		.4byte	0x9c
 418 0106 08       		.byte	0x8
 419 0107 00       		.byte	0
 420 0108 03       		.uleb128 0x3
 421 0109 39010000 		.4byte	.LASF19
 422 010d 06       		.byte	0x6
 423 010e 3A       		.byte	0x3a
 424 010f DB000000 		.4byte	0xdb
 425 0113 04       		.uleb128 0x4
 426 0114 01       		.byte	0x1
 427 0115 08       		.byte	0x8
 428 0116 F3010000 		.4byte	.LASF20
 429 011a 0C       		.uleb128 0xc
 430 011b 49010000 		.4byte	.LASF32
 431 011f 01       		.byte	0x1
 432 0120 69       		.byte	0x69
 433 0121 93000000 		.4byte	0x93
 434 0125 01       		.byte	0x1
 435 0126 40010000 		.4byte	0x140
 436 012a 0D       		.uleb128 0xd
 437 012b 6D7000   		.ascii	"mp\000"
 438 012e 01       		.byte	0x1
 439 012f 69       		.byte	0x69
 440 0130 40010000 		.4byte	0x140
 441 0134 0E       		.uleb128 0xe
 442 0135 44010000 		.4byte	.LASF21
 443 0139 01       		.byte	0x1
 444 013a 6A       		.byte	0x6a
 445 013b 93000000 		.4byte	0x93
 446 013f 00       		.byte	0
 447 0140 06       		.uleb128 0x6
 448 0141 04       		.byte	0x4
 449 0142 08010000 		.4byte	0x108
 450 0146 0F       		.uleb128 0xf
 451 0147 0C010000 		.4byte	.LASF22
 452 014b 01       		.byte	0x1
 453 014c 95       		.byte	0x95
 454 014d 01       		.byte	0x1
ARM GAS  /tmp/ccJAIiL0.s 			page 9


 455 014e 73010000 		.4byte	0x173
 456 0152 0D       		.uleb128 0xd
 457 0153 6D7000   		.ascii	"mp\000"
 458 0156 01       		.byte	0x1
 459 0157 95       		.byte	0x95
 460 0158 40010000 		.4byte	0x140
 461 015c 10       		.uleb128 0x10
 462 015d 44010000 		.4byte	.LASF21
 463 0161 01       		.byte	0x1
 464 0162 95       		.byte	0x95
 465 0163 93000000 		.4byte	0x93
 466 0167 11       		.uleb128 0x11
 467 0168 70687000 		.ascii	"php\000"
 468 016c 01       		.byte	0x1
 469 016d 96       		.byte	0x96
 470 016e D5000000 		.4byte	0xd5
 471 0172 00       		.byte	0
 472 0173 0F       		.uleb128 0xf
 473 0174 2E010000 		.4byte	.LASF23
 474 0178 01       		.byte	0x1
 475 0179 AB       		.byte	0xab
 476 017a 01       		.byte	0x1
 477 017b 95010000 		.4byte	0x195
 478 017f 0D       		.uleb128 0xd
 479 0180 6D7000   		.ascii	"mp\000"
 480 0183 01       		.byte	0x1
 481 0184 AB       		.byte	0xab
 482 0185 40010000 		.4byte	0x140
 483 0189 10       		.uleb128 0x10
 484 018a 44010000 		.4byte	.LASF21
 485 018e 01       		.byte	0x1
 486 018f AB       		.byte	0xab
 487 0190 93000000 		.4byte	0x93
 488 0194 00       		.byte	0
 489 0195 12       		.uleb128 0x12
 490 0196 6B020000 		.4byte	.LASF26
 491 019a 01       		.byte	0x1
 492 019b 3E       		.byte	0x3e
 493 019c 00000000 		.4byte	.LFB7
 494 01a0 0A000000 		.4byte	.LFE7-.LFB7
 495 01a4 01       		.uleb128 0x1
 496 01a5 9C       		.byte	0x9c
 497 01a6 D1010000 		.4byte	0x1d1
 498 01aa 13       		.uleb128 0x13
 499 01ab 6D7000   		.ascii	"mp\000"
 500 01ae 01       		.byte	0x1
 501 01af 3E       		.byte	0x3e
 502 01b0 40010000 		.4byte	0x140
 503 01b4 01       		.uleb128 0x1
 504 01b5 50       		.byte	0x50
 505 01b6 14       		.uleb128 0x14
 506 01b7 D9000000 		.4byte	.LASF24
 507 01bb 01       		.byte	0x1
 508 01bc 3E       		.byte	0x3e
 509 01bd 2C000000 		.4byte	0x2c
 510 01c1 01       		.uleb128 0x1
 511 01c2 51       		.byte	0x51
ARM GAS  /tmp/ccJAIiL0.s 			page 10


 512 01c3 14       		.uleb128 0x14
 513 01c4 03010000 		.4byte	.LASF25
 514 01c8 01       		.byte	0x1
 515 01c9 3E       		.byte	0x3e
 516 01ca 9C000000 		.4byte	0x9c
 517 01ce 01       		.uleb128 0x1
 518 01cf 52       		.byte	0x52
 519 01d0 00       		.byte	0
 520 01d1 12       		.uleb128 0x12
 521 01d2 BD000000 		.4byte	.LASF27
 522 01d6 01       		.byte	0x1
 523 01d7 54       		.byte	0x54
 524 01d8 00000000 		.4byte	.LFB8
 525 01dc 1C000000 		.4byte	.LFE8-.LFB8
 526 01e0 01       		.uleb128 0x1
 527 01e1 9C       		.byte	0x9c
 528 01e2 64020000 		.4byte	0x264
 529 01e6 13       		.uleb128 0x13
 530 01e7 6D7000   		.ascii	"mp\000"
 531 01ea 01       		.byte	0x1
 532 01eb 54       		.byte	0x54
 533 01ec 40010000 		.4byte	0x140
 534 01f0 01       		.uleb128 0x1
 535 01f1 50       		.byte	0x50
 536 01f2 15       		.uleb128 0x15
 537 01f3 7000     		.ascii	"p\000"
 538 01f5 01       		.byte	0x1
 539 01f6 54       		.byte	0x54
 540 01f7 93000000 		.4byte	0x93
 541 01fb 00000000 		.4byte	.LLST0
 542 01ff 15       		.uleb128 0x15
 543 0200 6E00     		.ascii	"n\000"
 544 0202 01       		.byte	0x1
 545 0203 54       		.byte	0x54
 546 0204 2C000000 		.4byte	0x2c
 547 0208 1E000000 		.4byte	.LLST1
 548 020c 16       		.uleb128 0x16
 549 020d 73010000 		.4byte	0x173
 550 0211 06000000 		.4byte	.LBB10
 551 0215 0A000000 		.4byte	.LBE10-.LBB10
 552 0219 01       		.byte	0x1
 553 021a 59       		.byte	0x59
 554 021b 17       		.uleb128 0x17
 555 021c 89010000 		.4byte	0x189
 556 0220 49000000 		.4byte	.LLST2
 557 0224 17       		.uleb128 0x17
 558 0225 7F010000 		.4byte	0x17f
 559 0229 68000000 		.4byte	.LLST3
 560 022d 16       		.uleb128 0x16
 561 022e 46010000 		.4byte	0x146
 562 0232 08000000 		.4byte	.LBB12
 563 0236 06000000 		.4byte	.LBE12-.LBB12
 564 023a 01       		.byte	0x1
 565 023b AE       		.byte	0xae
 566 023c 17       		.uleb128 0x17
 567 023d 5C010000 		.4byte	0x15c
 568 0241 7B000000 		.4byte	.LLST4
ARM GAS  /tmp/ccJAIiL0.s 			page 11


 569 0245 17       		.uleb128 0x17
 570 0246 52010000 		.4byte	0x152
 571 024a 9A000000 		.4byte	.LLST5
 572 024e 18       		.uleb128 0x18
 573 024f 08000000 		.4byte	.LBB13
 574 0253 06000000 		.4byte	.LBE13-.LBB13
 575 0257 19       		.uleb128 0x19
 576 0258 67010000 		.4byte	0x167
 577 025c 7B000000 		.4byte	.LLST4
 578 0260 00       		.byte	0
 579 0261 00       		.byte	0
 580 0262 00       		.byte	0
 581 0263 00       		.byte	0
 582 0264 1A       		.uleb128 0x1a
 583 0265 1A010000 		.4byte	0x11a
 584 0269 00000000 		.4byte	.LFB9
 585 026d 1C000000 		.4byte	.LFE9-.LFB9
 586 0271 01       		.uleb128 0x1
 587 0272 9C       		.byte	0x9c
 588 0273 8A020000 		.4byte	0x28a
 589 0277 17       		.uleb128 0x17
 590 0278 2A010000 		.4byte	0x12a
 591 027c AD000000 		.4byte	.LLST7
 592 0280 19       		.uleb128 0x19
 593 0281 34010000 		.4byte	0x134
 594 0285 F2000000 		.4byte	.LLST8
 595 0289 00       		.byte	0
 596 028a 1B       		.uleb128 0x1b
 597 028b 1B020000 		.4byte	.LASF33
 598 028f 01       		.byte	0x1
 599 0290 80       		.byte	0x80
 600 0291 93000000 		.4byte	0x93
 601 0295 00000000 		.4byte	.LFB10
 602 0299 20000000 		.4byte	.LFE10-.LFB10
 603 029d 01       		.uleb128 0x1
 604 029e 9C       		.byte	0x9c
 605 029f E7020000 		.4byte	0x2e7
 606 02a3 15       		.uleb128 0x15
 607 02a4 6D7000   		.ascii	"mp\000"
 608 02a7 01       		.byte	0x1
 609 02a8 80       		.byte	0x80
 610 02a9 40010000 		.4byte	0x140
 611 02ad 1C010000 		.4byte	.LLST9
 612 02b1 1C       		.uleb128 0x1c
 613 02b2 44010000 		.4byte	.LASF21
 614 02b6 01       		.byte	0x1
 615 02b7 81       		.byte	0x81
 616 02b8 93000000 		.4byte	0x93
 617 02bc 01       		.uleb128 0x1
 618 02bd 50       		.byte	0x50
 619 02be 1D       		.uleb128 0x1d
 620 02bf 1A010000 		.4byte	0x11a
 621 02c3 06000000 		.4byte	.LBB14
 622 02c7 00000000 		.4byte	.Ldebug_ranges0+0
 623 02cb 01       		.byte	0x1
 624 02cc 84       		.byte	0x84
 625 02cd 17       		.uleb128 0x17
ARM GAS  /tmp/ccJAIiL0.s 			page 12


 626 02ce 2A010000 		.4byte	0x12a
 627 02d2 61010000 		.4byte	.LLST10
 628 02d6 1E       		.uleb128 0x1e
 629 02d7 00000000 		.4byte	.Ldebug_ranges0+0
 630 02db 19       		.uleb128 0x19
 631 02dc 34010000 		.4byte	0x134
 632 02e0 A6010000 		.4byte	.LLST11
 633 02e4 00       		.byte	0
 634 02e5 00       		.byte	0
 635 02e6 00       		.byte	0
 636 02e7 1F       		.uleb128 0x1f
 637 02e8 46010000 		.4byte	0x146
 638 02ec 00000000 		.4byte	.LFB11
 639 02f0 08000000 		.4byte	.LFE11-.LFB11
 640 02f4 01       		.uleb128 0x1
 641 02f5 9C       		.byte	0x9c
 642 02f6 10030000 		.4byte	0x310
 643 02fa 20       		.uleb128 0x20
 644 02fb 52010000 		.4byte	0x152
 645 02ff 01       		.uleb128 0x1
 646 0300 50       		.byte	0x50
 647 0301 20       		.uleb128 0x20
 648 0302 5C010000 		.4byte	0x15c
 649 0306 01       		.uleb128 0x1
 650 0307 51       		.byte	0x51
 651 0308 21       		.uleb128 0x21
 652 0309 67010000 		.4byte	0x167
 653 030d 01       		.uleb128 0x1
 654 030e 51       		.byte	0x51
 655 030f 00       		.byte	0
 656 0310 22       		.uleb128 0x22
 657 0311 73010000 		.4byte	0x173
 658 0315 00000000 		.4byte	.LFB12
 659 0319 0C000000 		.4byte	.LFE12-.LFB12
 660 031d 01       		.uleb128 0x1
 661 031e 9C       		.byte	0x9c
 662 031f 20       		.uleb128 0x20
 663 0320 7F010000 		.4byte	0x17f
 664 0324 01       		.uleb128 0x1
 665 0325 50       		.byte	0x50
 666 0326 20       		.uleb128 0x20
 667 0327 89010000 		.4byte	0x189
 668 032b 01       		.uleb128 0x1
 669 032c 51       		.byte	0x51
 670 032d 16       		.uleb128 0x16
 671 032e 46010000 		.4byte	0x146
 672 0332 02000000 		.4byte	.LBB18
 673 0336 06000000 		.4byte	.LBE18-.LBB18
 674 033a 01       		.byte	0x1
 675 033b AE       		.byte	0xae
 676 033c 20       		.uleb128 0x20
 677 033d 5C010000 		.4byte	0x15c
 678 0341 01       		.uleb128 0x1
 679 0342 51       		.byte	0x51
 680 0343 20       		.uleb128 0x20
 681 0344 52010000 		.4byte	0x152
 682 0348 01       		.uleb128 0x1
ARM GAS  /tmp/ccJAIiL0.s 			page 13


 683 0349 50       		.byte	0x50
 684 034a 18       		.uleb128 0x18
 685 034b 02000000 		.4byte	.LBB19
 686 034f 06000000 		.4byte	.LBE19-.LBB19
 687 0353 21       		.uleb128 0x21
 688 0354 67010000 		.4byte	0x167
 689 0358 01       		.uleb128 0x1
 690 0359 51       		.byte	0x51
 691 035a 00       		.byte	0
 692 035b 00       		.byte	0
 693 035c 00       		.byte	0
 694 035d 00       		.byte	0
 695              		.section	.debug_abbrev,"",%progbits
 696              	.Ldebug_abbrev0:
 697 0000 01       		.uleb128 0x1
 698 0001 11       		.uleb128 0x11
 699 0002 01       		.byte	0x1
 700 0003 25       		.uleb128 0x25
 701 0004 0E       		.uleb128 0xe
 702 0005 13       		.uleb128 0x13
 703 0006 0B       		.uleb128 0xb
 704 0007 03       		.uleb128 0x3
 705 0008 0E       		.uleb128 0xe
 706 0009 1B       		.uleb128 0x1b
 707 000a 0E       		.uleb128 0xe
 708 000b 55       		.uleb128 0x55
 709 000c 17       		.uleb128 0x17
 710 000d 11       		.uleb128 0x11
 711 000e 01       		.uleb128 0x1
 712 000f 10       		.uleb128 0x10
 713 0010 17       		.uleb128 0x17
 714 0011 00       		.byte	0
 715 0012 00       		.byte	0
 716 0013 02       		.uleb128 0x2
 717 0014 24       		.uleb128 0x24
 718 0015 00       		.byte	0
 719 0016 0B       		.uleb128 0xb
 720 0017 0B       		.uleb128 0xb
 721 0018 3E       		.uleb128 0x3e
 722 0019 0B       		.uleb128 0xb
 723 001a 03       		.uleb128 0x3
 724 001b 08       		.uleb128 0x8
 725 001c 00       		.byte	0
 726 001d 00       		.byte	0
 727 001e 03       		.uleb128 0x3
 728 001f 16       		.uleb128 0x16
 729 0020 00       		.byte	0
 730 0021 03       		.uleb128 0x3
 731 0022 0E       		.uleb128 0xe
 732 0023 3A       		.uleb128 0x3a
 733 0024 0B       		.uleb128 0xb
 734 0025 3B       		.uleb128 0x3b
 735 0026 0B       		.uleb128 0xb
 736 0027 49       		.uleb128 0x49
 737 0028 13       		.uleb128 0x13
 738 0029 00       		.byte	0
 739 002a 00       		.byte	0
ARM GAS  /tmp/ccJAIiL0.s 			page 14


 740 002b 04       		.uleb128 0x4
 741 002c 24       		.uleb128 0x24
 742 002d 00       		.byte	0
 743 002e 0B       		.uleb128 0xb
 744 002f 0B       		.uleb128 0xb
 745 0030 3E       		.uleb128 0x3e
 746 0031 0B       		.uleb128 0xb
 747 0032 03       		.uleb128 0x3
 748 0033 0E       		.uleb128 0xe
 749 0034 00       		.byte	0
 750 0035 00       		.byte	0
 751 0036 05       		.uleb128 0x5
 752 0037 0F       		.uleb128 0xf
 753 0038 00       		.byte	0
 754 0039 0B       		.uleb128 0xb
 755 003a 0B       		.uleb128 0xb
 756 003b 00       		.byte	0
 757 003c 00       		.byte	0
 758 003d 06       		.uleb128 0x6
 759 003e 0F       		.uleb128 0xf
 760 003f 00       		.byte	0
 761 0040 0B       		.uleb128 0xb
 762 0041 0B       		.uleb128 0xb
 763 0042 49       		.uleb128 0x49
 764 0043 13       		.uleb128 0x13
 765 0044 00       		.byte	0
 766 0045 00       		.byte	0
 767 0046 07       		.uleb128 0x7
 768 0047 15       		.uleb128 0x15
 769 0048 01       		.byte	0x1
 770 0049 27       		.uleb128 0x27
 771 004a 19       		.uleb128 0x19
 772 004b 49       		.uleb128 0x49
 773 004c 13       		.uleb128 0x13
 774 004d 01       		.uleb128 0x1
 775 004e 13       		.uleb128 0x13
 776 004f 00       		.byte	0
 777 0050 00       		.byte	0
 778 0051 08       		.uleb128 0x8
 779 0052 05       		.uleb128 0x5
 780 0053 00       		.byte	0
 781 0054 49       		.uleb128 0x49
 782 0055 13       		.uleb128 0x13
 783 0056 00       		.byte	0
 784 0057 00       		.byte	0
 785 0058 09       		.uleb128 0x9
 786 0059 13       		.uleb128 0x13
 787 005a 01       		.byte	0x1
 788 005b 03       		.uleb128 0x3
 789 005c 0E       		.uleb128 0xe
 790 005d 0B       		.uleb128 0xb
 791 005e 0B       		.uleb128 0xb
 792 005f 3A       		.uleb128 0x3a
 793 0060 0B       		.uleb128 0xb
 794 0061 3B       		.uleb128 0x3b
 795 0062 0B       		.uleb128 0xb
 796 0063 01       		.uleb128 0x1
ARM GAS  /tmp/ccJAIiL0.s 			page 15


 797 0064 13       		.uleb128 0x13
 798 0065 00       		.byte	0
 799 0066 00       		.byte	0
 800 0067 0A       		.uleb128 0xa
 801 0068 0D       		.uleb128 0xd
 802 0069 00       		.byte	0
 803 006a 03       		.uleb128 0x3
 804 006b 0E       		.uleb128 0xe
 805 006c 3A       		.uleb128 0x3a
 806 006d 0B       		.uleb128 0xb
 807 006e 3B       		.uleb128 0x3b
 808 006f 0B       		.uleb128 0xb
 809 0070 49       		.uleb128 0x49
 810 0071 13       		.uleb128 0x13
 811 0072 38       		.uleb128 0x38
 812 0073 0B       		.uleb128 0xb
 813 0074 00       		.byte	0
 814 0075 00       		.byte	0
 815 0076 0B       		.uleb128 0xb
 816 0077 13       		.uleb128 0x13
 817 0078 01       		.byte	0x1
 818 0079 0B       		.uleb128 0xb
 819 007a 0B       		.uleb128 0xb
 820 007b 3A       		.uleb128 0x3a
 821 007c 0B       		.uleb128 0xb
 822 007d 3B       		.uleb128 0x3b
 823 007e 0B       		.uleb128 0xb
 824 007f 01       		.uleb128 0x1
 825 0080 13       		.uleb128 0x13
 826 0081 00       		.byte	0
 827 0082 00       		.byte	0
 828 0083 0C       		.uleb128 0xc
 829 0084 2E       		.uleb128 0x2e
 830 0085 01       		.byte	0x1
 831 0086 3F       		.uleb128 0x3f
 832 0087 19       		.uleb128 0x19
 833 0088 03       		.uleb128 0x3
 834 0089 0E       		.uleb128 0xe
 835 008a 3A       		.uleb128 0x3a
 836 008b 0B       		.uleb128 0xb
 837 008c 3B       		.uleb128 0x3b
 838 008d 0B       		.uleb128 0xb
 839 008e 27       		.uleb128 0x27
 840 008f 19       		.uleb128 0x19
 841 0090 49       		.uleb128 0x49
 842 0091 13       		.uleb128 0x13
 843 0092 20       		.uleb128 0x20
 844 0093 0B       		.uleb128 0xb
 845 0094 01       		.uleb128 0x1
 846 0095 13       		.uleb128 0x13
 847 0096 00       		.byte	0
 848 0097 00       		.byte	0
 849 0098 0D       		.uleb128 0xd
 850 0099 05       		.uleb128 0x5
 851 009a 00       		.byte	0
 852 009b 03       		.uleb128 0x3
 853 009c 08       		.uleb128 0x8
ARM GAS  /tmp/ccJAIiL0.s 			page 16


 854 009d 3A       		.uleb128 0x3a
 855 009e 0B       		.uleb128 0xb
 856 009f 3B       		.uleb128 0x3b
 857 00a0 0B       		.uleb128 0xb
 858 00a1 49       		.uleb128 0x49
 859 00a2 13       		.uleb128 0x13
 860 00a3 00       		.byte	0
 861 00a4 00       		.byte	0
 862 00a5 0E       		.uleb128 0xe
 863 00a6 34       		.uleb128 0x34
 864 00a7 00       		.byte	0
 865 00a8 03       		.uleb128 0x3
 866 00a9 0E       		.uleb128 0xe
 867 00aa 3A       		.uleb128 0x3a
 868 00ab 0B       		.uleb128 0xb
 869 00ac 3B       		.uleb128 0x3b
 870 00ad 0B       		.uleb128 0xb
 871 00ae 49       		.uleb128 0x49
 872 00af 13       		.uleb128 0x13
 873 00b0 00       		.byte	0
 874 00b1 00       		.byte	0
 875 00b2 0F       		.uleb128 0xf
 876 00b3 2E       		.uleb128 0x2e
 877 00b4 01       		.byte	0x1
 878 00b5 3F       		.uleb128 0x3f
 879 00b6 19       		.uleb128 0x19
 880 00b7 03       		.uleb128 0x3
 881 00b8 0E       		.uleb128 0xe
 882 00b9 3A       		.uleb128 0x3a
 883 00ba 0B       		.uleb128 0xb
 884 00bb 3B       		.uleb128 0x3b
 885 00bc 0B       		.uleb128 0xb
 886 00bd 27       		.uleb128 0x27
 887 00be 19       		.uleb128 0x19
 888 00bf 20       		.uleb128 0x20
 889 00c0 0B       		.uleb128 0xb
 890 00c1 01       		.uleb128 0x1
 891 00c2 13       		.uleb128 0x13
 892 00c3 00       		.byte	0
 893 00c4 00       		.byte	0
 894 00c5 10       		.uleb128 0x10
 895 00c6 05       		.uleb128 0x5
 896 00c7 00       		.byte	0
 897 00c8 03       		.uleb128 0x3
 898 00c9 0E       		.uleb128 0xe
 899 00ca 3A       		.uleb128 0x3a
 900 00cb 0B       		.uleb128 0xb
 901 00cc 3B       		.uleb128 0x3b
 902 00cd 0B       		.uleb128 0xb
 903 00ce 49       		.uleb128 0x49
 904 00cf 13       		.uleb128 0x13
 905 00d0 00       		.byte	0
 906 00d1 00       		.byte	0
 907 00d2 11       		.uleb128 0x11
 908 00d3 34       		.uleb128 0x34
 909 00d4 00       		.byte	0
 910 00d5 03       		.uleb128 0x3
ARM GAS  /tmp/ccJAIiL0.s 			page 17


 911 00d6 08       		.uleb128 0x8
 912 00d7 3A       		.uleb128 0x3a
 913 00d8 0B       		.uleb128 0xb
 914 00d9 3B       		.uleb128 0x3b
 915 00da 0B       		.uleb128 0xb
 916 00db 49       		.uleb128 0x49
 917 00dc 13       		.uleb128 0x13
 918 00dd 00       		.byte	0
 919 00de 00       		.byte	0
 920 00df 12       		.uleb128 0x12
 921 00e0 2E       		.uleb128 0x2e
 922 00e1 01       		.byte	0x1
 923 00e2 3F       		.uleb128 0x3f
 924 00e3 19       		.uleb128 0x19
 925 00e4 03       		.uleb128 0x3
 926 00e5 0E       		.uleb128 0xe
 927 00e6 3A       		.uleb128 0x3a
 928 00e7 0B       		.uleb128 0xb
 929 00e8 3B       		.uleb128 0x3b
 930 00e9 0B       		.uleb128 0xb
 931 00ea 27       		.uleb128 0x27
 932 00eb 19       		.uleb128 0x19
 933 00ec 11       		.uleb128 0x11
 934 00ed 01       		.uleb128 0x1
 935 00ee 12       		.uleb128 0x12
 936 00ef 06       		.uleb128 0x6
 937 00f0 40       		.uleb128 0x40
 938 00f1 18       		.uleb128 0x18
 939 00f2 9742     		.uleb128 0x2117
 940 00f4 19       		.uleb128 0x19
 941 00f5 01       		.uleb128 0x1
 942 00f6 13       		.uleb128 0x13
 943 00f7 00       		.byte	0
 944 00f8 00       		.byte	0
 945 00f9 13       		.uleb128 0x13
 946 00fa 05       		.uleb128 0x5
 947 00fb 00       		.byte	0
 948 00fc 03       		.uleb128 0x3
 949 00fd 08       		.uleb128 0x8
 950 00fe 3A       		.uleb128 0x3a
 951 00ff 0B       		.uleb128 0xb
 952 0100 3B       		.uleb128 0x3b
 953 0101 0B       		.uleb128 0xb
 954 0102 49       		.uleb128 0x49
 955 0103 13       		.uleb128 0x13
 956 0104 02       		.uleb128 0x2
 957 0105 18       		.uleb128 0x18
 958 0106 00       		.byte	0
 959 0107 00       		.byte	0
 960 0108 14       		.uleb128 0x14
 961 0109 05       		.uleb128 0x5
 962 010a 00       		.byte	0
 963 010b 03       		.uleb128 0x3
 964 010c 0E       		.uleb128 0xe
 965 010d 3A       		.uleb128 0x3a
 966 010e 0B       		.uleb128 0xb
 967 010f 3B       		.uleb128 0x3b
ARM GAS  /tmp/ccJAIiL0.s 			page 18


 968 0110 0B       		.uleb128 0xb
 969 0111 49       		.uleb128 0x49
 970 0112 13       		.uleb128 0x13
 971 0113 02       		.uleb128 0x2
 972 0114 18       		.uleb128 0x18
 973 0115 00       		.byte	0
 974 0116 00       		.byte	0
 975 0117 15       		.uleb128 0x15
 976 0118 05       		.uleb128 0x5
 977 0119 00       		.byte	0
 978 011a 03       		.uleb128 0x3
 979 011b 08       		.uleb128 0x8
 980 011c 3A       		.uleb128 0x3a
 981 011d 0B       		.uleb128 0xb
 982 011e 3B       		.uleb128 0x3b
 983 011f 0B       		.uleb128 0xb
 984 0120 49       		.uleb128 0x49
 985 0121 13       		.uleb128 0x13
 986 0122 02       		.uleb128 0x2
 987 0123 17       		.uleb128 0x17
 988 0124 00       		.byte	0
 989 0125 00       		.byte	0
 990 0126 16       		.uleb128 0x16
 991 0127 1D       		.uleb128 0x1d
 992 0128 01       		.byte	0x1
 993 0129 31       		.uleb128 0x31
 994 012a 13       		.uleb128 0x13
 995 012b 11       		.uleb128 0x11
 996 012c 01       		.uleb128 0x1
 997 012d 12       		.uleb128 0x12
 998 012e 06       		.uleb128 0x6
 999 012f 58       		.uleb128 0x58
 1000 0130 0B       		.uleb128 0xb
 1001 0131 59       		.uleb128 0x59
 1002 0132 0B       		.uleb128 0xb
 1003 0133 00       		.byte	0
 1004 0134 00       		.byte	0
 1005 0135 17       		.uleb128 0x17
 1006 0136 05       		.uleb128 0x5
 1007 0137 00       		.byte	0
 1008 0138 31       		.uleb128 0x31
 1009 0139 13       		.uleb128 0x13
 1010 013a 02       		.uleb128 0x2
 1011 013b 17       		.uleb128 0x17
 1012 013c 00       		.byte	0
 1013 013d 00       		.byte	0
 1014 013e 18       		.uleb128 0x18
 1015 013f 0B       		.uleb128 0xb
 1016 0140 01       		.byte	0x1
 1017 0141 11       		.uleb128 0x11
 1018 0142 01       		.uleb128 0x1
 1019 0143 12       		.uleb128 0x12
 1020 0144 06       		.uleb128 0x6
 1021 0145 00       		.byte	0
 1022 0146 00       		.byte	0
 1023 0147 19       		.uleb128 0x19
 1024 0148 34       		.uleb128 0x34
ARM GAS  /tmp/ccJAIiL0.s 			page 19


 1025 0149 00       		.byte	0
 1026 014a 31       		.uleb128 0x31
 1027 014b 13       		.uleb128 0x13
 1028 014c 02       		.uleb128 0x2
 1029 014d 17       		.uleb128 0x17
 1030 014e 00       		.byte	0
 1031 014f 00       		.byte	0
 1032 0150 1A       		.uleb128 0x1a
 1033 0151 2E       		.uleb128 0x2e
 1034 0152 01       		.byte	0x1
 1035 0153 31       		.uleb128 0x31
 1036 0154 13       		.uleb128 0x13
 1037 0155 11       		.uleb128 0x11
 1038 0156 01       		.uleb128 0x1
 1039 0157 12       		.uleb128 0x12
 1040 0158 06       		.uleb128 0x6
 1041 0159 40       		.uleb128 0x40
 1042 015a 18       		.uleb128 0x18
 1043 015b 9642     		.uleb128 0x2116
 1044 015d 19       		.uleb128 0x19
 1045 015e 01       		.uleb128 0x1
 1046 015f 13       		.uleb128 0x13
 1047 0160 00       		.byte	0
 1048 0161 00       		.byte	0
 1049 0162 1B       		.uleb128 0x1b
 1050 0163 2E       		.uleb128 0x2e
 1051 0164 01       		.byte	0x1
 1052 0165 3F       		.uleb128 0x3f
 1053 0166 19       		.uleb128 0x19
 1054 0167 03       		.uleb128 0x3
 1055 0168 0E       		.uleb128 0xe
 1056 0169 3A       		.uleb128 0x3a
 1057 016a 0B       		.uleb128 0xb
 1058 016b 3B       		.uleb128 0x3b
 1059 016c 0B       		.uleb128 0xb
 1060 016d 27       		.uleb128 0x27
 1061 016e 19       		.uleb128 0x19
 1062 016f 49       		.uleb128 0x49
 1063 0170 13       		.uleb128 0x13
 1064 0171 11       		.uleb128 0x11
 1065 0172 01       		.uleb128 0x1
 1066 0173 12       		.uleb128 0x12
 1067 0174 06       		.uleb128 0x6
 1068 0175 40       		.uleb128 0x40
 1069 0176 18       		.uleb128 0x18
 1070 0177 9642     		.uleb128 0x2116
 1071 0179 19       		.uleb128 0x19
 1072 017a 01       		.uleb128 0x1
 1073 017b 13       		.uleb128 0x13
 1074 017c 00       		.byte	0
 1075 017d 00       		.byte	0
 1076 017e 1C       		.uleb128 0x1c
 1077 017f 34       		.uleb128 0x34
 1078 0180 00       		.byte	0
 1079 0181 03       		.uleb128 0x3
 1080 0182 0E       		.uleb128 0xe
 1081 0183 3A       		.uleb128 0x3a
ARM GAS  /tmp/ccJAIiL0.s 			page 20


 1082 0184 0B       		.uleb128 0xb
 1083 0185 3B       		.uleb128 0x3b
 1084 0186 0B       		.uleb128 0xb
 1085 0187 49       		.uleb128 0x49
 1086 0188 13       		.uleb128 0x13
 1087 0189 02       		.uleb128 0x2
 1088 018a 18       		.uleb128 0x18
 1089 018b 00       		.byte	0
 1090 018c 00       		.byte	0
 1091 018d 1D       		.uleb128 0x1d
 1092 018e 1D       		.uleb128 0x1d
 1093 018f 01       		.byte	0x1
 1094 0190 31       		.uleb128 0x31
 1095 0191 13       		.uleb128 0x13
 1096 0192 52       		.uleb128 0x52
 1097 0193 01       		.uleb128 0x1
 1098 0194 55       		.uleb128 0x55
 1099 0195 17       		.uleb128 0x17
 1100 0196 58       		.uleb128 0x58
 1101 0197 0B       		.uleb128 0xb
 1102 0198 59       		.uleb128 0x59
 1103 0199 0B       		.uleb128 0xb
 1104 019a 00       		.byte	0
 1105 019b 00       		.byte	0
 1106 019c 1E       		.uleb128 0x1e
 1107 019d 0B       		.uleb128 0xb
 1108 019e 01       		.byte	0x1
 1109 019f 55       		.uleb128 0x55
 1110 01a0 17       		.uleb128 0x17
 1111 01a1 00       		.byte	0
 1112 01a2 00       		.byte	0
 1113 01a3 1F       		.uleb128 0x1f
 1114 01a4 2E       		.uleb128 0x2e
 1115 01a5 01       		.byte	0x1
 1116 01a6 31       		.uleb128 0x31
 1117 01a7 13       		.uleb128 0x13
 1118 01a8 11       		.uleb128 0x11
 1119 01a9 01       		.uleb128 0x1
 1120 01aa 12       		.uleb128 0x12
 1121 01ab 06       		.uleb128 0x6
 1122 01ac 40       		.uleb128 0x40
 1123 01ad 18       		.uleb128 0x18
 1124 01ae 9742     		.uleb128 0x2117
 1125 01b0 19       		.uleb128 0x19
 1126 01b1 01       		.uleb128 0x1
 1127 01b2 13       		.uleb128 0x13
 1128 01b3 00       		.byte	0
 1129 01b4 00       		.byte	0
 1130 01b5 20       		.uleb128 0x20
 1131 01b6 05       		.uleb128 0x5
 1132 01b7 00       		.byte	0
 1133 01b8 31       		.uleb128 0x31
 1134 01b9 13       		.uleb128 0x13
 1135 01ba 02       		.uleb128 0x2
 1136 01bb 18       		.uleb128 0x18
 1137 01bc 00       		.byte	0
 1138 01bd 00       		.byte	0
ARM GAS  /tmp/ccJAIiL0.s 			page 21


 1139 01be 21       		.uleb128 0x21
 1140 01bf 34       		.uleb128 0x34
 1141 01c0 00       		.byte	0
 1142 01c1 31       		.uleb128 0x31
 1143 01c2 13       		.uleb128 0x13
 1144 01c3 02       		.uleb128 0x2
 1145 01c4 18       		.uleb128 0x18
 1146 01c5 00       		.byte	0
 1147 01c6 00       		.byte	0
 1148 01c7 22       		.uleb128 0x22
 1149 01c8 2E       		.uleb128 0x2e
 1150 01c9 01       		.byte	0x1
 1151 01ca 31       		.uleb128 0x31
 1152 01cb 13       		.uleb128 0x13
 1153 01cc 11       		.uleb128 0x11
 1154 01cd 01       		.uleb128 0x1
 1155 01ce 12       		.uleb128 0x12
 1156 01cf 06       		.uleb128 0x6
 1157 01d0 40       		.uleb128 0x40
 1158 01d1 18       		.uleb128 0x18
 1159 01d2 9742     		.uleb128 0x2117
 1160 01d4 19       		.uleb128 0x19
 1161 01d5 00       		.byte	0
 1162 01d6 00       		.byte	0
 1163 01d7 00       		.byte	0
 1164              		.section	.debug_loc,"",%progbits
 1165              	.Ldebug_loc0:
 1166              	.LLST0:
 1167 0000 00000000 		.4byte	.LVL1
 1168 0004 16000000 		.4byte	.LVL5
 1169 0008 0100     		.2byte	0x1
 1170 000a 51       		.byte	0x51
 1171 000b 16000000 		.4byte	.LVL5
 1172 000f 1C000000 		.4byte	.LFE8
 1173 0013 0100     		.2byte	0x1
 1174 0015 51       		.byte	0x51
 1175 0016 00000000 		.4byte	0
 1176 001a 00000000 		.4byte	0
 1177              	.LLST1:
 1178 001e 00000000 		.4byte	.LVL1
 1179 0022 14000000 		.4byte	.LVL4
 1180 0026 0100     		.2byte	0x1
 1181 0028 52       		.byte	0x52
 1182 0029 14000000 		.4byte	.LVL4
 1183 002d 16000000 		.4byte	.LVL5
 1184 0031 0300     		.2byte	0x3
 1185 0033 72       		.byte	0x72
 1186 0034 01       		.sleb128 1
 1187 0035 9F       		.byte	0x9f
 1188 0036 16000000 		.4byte	.LVL5
 1189 003a 1C000000 		.4byte	.LFE8
 1190 003e 0100     		.2byte	0x1
 1191 0040 52       		.byte	0x52
 1192 0041 00000000 		.4byte	0
 1193 0045 00000000 		.4byte	0
 1194              	.LLST2:
 1195 0049 06000000 		.4byte	.LVL2
ARM GAS  /tmp/ccJAIiL0.s 			page 22


 1196 004d 16000000 		.4byte	.LVL5
 1197 0051 0100     		.2byte	0x1
 1198 0053 51       		.byte	0x51
 1199 0054 16000000 		.4byte	.LVL5
 1200 0058 1A000000 		.4byte	.LVL6
 1201 005c 0200     		.2byte	0x2
 1202 005e 70       		.byte	0x70
 1203 005f 00       		.sleb128 0
 1204 0060 00000000 		.4byte	0
 1205 0064 00000000 		.4byte	0
 1206              	.LLST3:
 1207 0068 06000000 		.4byte	.LVL2
 1208 006c 1A000000 		.4byte	.LVL6
 1209 0070 0100     		.2byte	0x1
 1210 0072 50       		.byte	0x50
 1211 0073 00000000 		.4byte	0
 1212 0077 00000000 		.4byte	0
 1213              	.LLST4:
 1214 007b 08000000 		.4byte	.LVL3
 1215 007f 16000000 		.4byte	.LVL5
 1216 0083 0100     		.2byte	0x1
 1217 0085 51       		.byte	0x51
 1218 0086 16000000 		.4byte	.LVL5
 1219 008a 1A000000 		.4byte	.LVL6
 1220 008e 0200     		.2byte	0x2
 1221 0090 70       		.byte	0x70
 1222 0091 00       		.sleb128 0
 1223 0092 00000000 		.4byte	0
 1224 0096 00000000 		.4byte	0
 1225              	.LLST5:
 1226 009a 08000000 		.4byte	.LVL3
 1227 009e 1A000000 		.4byte	.LVL6
 1228 00a2 0100     		.2byte	0x1
 1229 00a4 50       		.byte	0x50
 1230 00a5 00000000 		.4byte	0
 1231 00a9 00000000 		.4byte	0
 1232              	.LLST7:
 1233 00ad 00000000 		.4byte	.LVL7
 1234 00b1 06000000 		.4byte	.LVL8
 1235 00b5 0100     		.2byte	0x1
 1236 00b7 50       		.byte	0x50
 1237 00b8 06000000 		.4byte	.LVL8
 1238 00bc 0E000000 		.4byte	.LVL9
 1239 00c0 0100     		.2byte	0x1
 1240 00c2 53       		.byte	0x53
 1241 00c3 0E000000 		.4byte	.LVL9
 1242 00c7 10000000 		.4byte	.LVL10
 1243 00cb 0400     		.2byte	0x4
 1244 00cd F3       		.byte	0xf3
 1245 00ce 01       		.uleb128 0x1
 1246 00cf 50       		.byte	0x50
 1247 00d0 9F       		.byte	0x9f
 1248 00d1 10000000 		.4byte	.LVL10
 1249 00d5 19000000 		.4byte	.LVL12-1
 1250 00d9 0100     		.2byte	0x1
 1251 00db 53       		.byte	0x53
 1252 00dc 19000000 		.4byte	.LVL12-1
ARM GAS  /tmp/ccJAIiL0.s 			page 23


 1253 00e0 1C000000 		.4byte	.LFE9
 1254 00e4 0400     		.2byte	0x4
 1255 00e6 F3       		.byte	0xf3
 1256 00e7 01       		.uleb128 0x1
 1257 00e8 50       		.byte	0x50
 1258 00e9 9F       		.byte	0x9f
 1259 00ea 00000000 		.4byte	0
 1260 00ee 00000000 		.4byte	0
 1261              	.LLST8:
 1262 00f2 06000000 		.4byte	.LVL8
 1263 00f6 18000000 		.4byte	.LVL11
 1264 00fa 0100     		.2byte	0x1
 1265 00fc 50       		.byte	0x50
 1266 00fd 18000000 		.4byte	.LVL11
 1267 0101 19000000 		.4byte	.LVL12-1
 1268 0105 0200     		.2byte	0x2
 1269 0107 73       		.byte	0x73
 1270 0108 00       		.sleb128 0
 1271 0109 1A000000 		.4byte	.LVL12
 1272 010d 1C000000 		.4byte	.LFE9
 1273 0111 0100     		.2byte	0x1
 1274 0113 50       		.byte	0x50
 1275 0114 00000000 		.4byte	0
 1276 0118 00000000 		.4byte	0
 1277              	.LLST9:
 1278 011c 00000000 		.4byte	.LVL13
 1279 0120 08000000 		.4byte	.LVL15
 1280 0124 0100     		.2byte	0x1
 1281 0126 50       		.byte	0x50
 1282 0127 08000000 		.4byte	.LVL15
 1283 012b 10000000 		.4byte	.LVL16
 1284 012f 0100     		.2byte	0x1
 1285 0131 53       		.byte	0x53
 1286 0132 10000000 		.4byte	.LVL16
 1287 0136 14000000 		.4byte	.LVL17
 1288 013a 0400     		.2byte	0x4
 1289 013c F3       		.byte	0xf3
 1290 013d 01       		.uleb128 0x1
 1291 013e 50       		.byte	0x50
 1292 013f 9F       		.byte	0x9f
 1293 0140 14000000 		.4byte	.LVL17
 1294 0144 1D000000 		.4byte	.LVL19-1
 1295 0148 0100     		.2byte	0x1
 1296 014a 53       		.byte	0x53
 1297 014b 1D000000 		.4byte	.LVL19-1
 1298 014f 20000000 		.4byte	.LFE10
 1299 0153 0400     		.2byte	0x4
 1300 0155 F3       		.byte	0xf3
 1301 0156 01       		.uleb128 0x1
 1302 0157 50       		.byte	0x50
 1303 0158 9F       		.byte	0x9f
 1304 0159 00000000 		.4byte	0
 1305 015d 00000000 		.4byte	0
 1306              	.LLST10:
 1307 0161 06000000 		.4byte	.LVL14
 1308 0165 08000000 		.4byte	.LVL15
 1309 0169 0100     		.2byte	0x1
ARM GAS  /tmp/ccJAIiL0.s 			page 24


 1310 016b 50       		.byte	0x50
 1311 016c 08000000 		.4byte	.LVL15
 1312 0170 10000000 		.4byte	.LVL16
 1313 0174 0100     		.2byte	0x1
 1314 0176 53       		.byte	0x53
 1315 0177 10000000 		.4byte	.LVL16
 1316 017b 14000000 		.4byte	.LVL17
 1317 017f 0400     		.2byte	0x4
 1318 0181 F3       		.byte	0xf3
 1319 0182 01       		.uleb128 0x1
 1320 0183 50       		.byte	0x50
 1321 0184 9F       		.byte	0x9f
 1322 0185 14000000 		.4byte	.LVL17
 1323 0189 1D000000 		.4byte	.LVL19-1
 1324 018d 0100     		.2byte	0x1
 1325 018f 53       		.byte	0x53
 1326 0190 1D000000 		.4byte	.LVL19-1
 1327 0194 20000000 		.4byte	.LFE10
 1328 0198 0400     		.2byte	0x4
 1329 019a F3       		.byte	0xf3
 1330 019b 01       		.uleb128 0x1
 1331 019c 50       		.byte	0x50
 1332 019d 9F       		.byte	0x9f
 1333 019e 00000000 		.4byte	0
 1334 01a2 00000000 		.4byte	0
 1335              	.LLST11:
 1336 01a6 08000000 		.4byte	.LVL15
 1337 01aa 1C000000 		.4byte	.LVL18
 1338 01ae 0100     		.2byte	0x1
 1339 01b0 50       		.byte	0x50
 1340 01b1 1C000000 		.4byte	.LVL18
 1341 01b5 1D000000 		.4byte	.LVL19-1
 1342 01b9 0200     		.2byte	0x2
 1343 01bb 73       		.byte	0x73
 1344 01bc 00       		.sleb128 0
 1345 01bd 1E000000 		.4byte	.LVL19
 1346 01c1 20000000 		.4byte	.LFE10
 1347 01c5 0100     		.2byte	0x1
 1348 01c7 50       		.byte	0x50
 1349 01c8 00000000 		.4byte	0
 1350 01cc 00000000 		.4byte	0
 1351              		.section	.debug_aranges,"",%progbits
 1352 0000 44000000 		.4byte	0x44
 1353 0004 0200     		.2byte	0x2
 1354 0006 00000000 		.4byte	.Ldebug_info0
 1355 000a 04       		.byte	0x4
 1356 000b 00       		.byte	0
 1357 000c 0000     		.2byte	0
 1358 000e 0000     		.2byte	0
 1359 0010 00000000 		.4byte	.LFB7
 1360 0014 0A000000 		.4byte	.LFE7-.LFB7
 1361 0018 00000000 		.4byte	.LFB8
 1362 001c 1C000000 		.4byte	.LFE8-.LFB8
 1363 0020 00000000 		.4byte	.LFB9
 1364 0024 1C000000 		.4byte	.LFE9-.LFB9
 1365 0028 00000000 		.4byte	.LFB10
 1366 002c 20000000 		.4byte	.LFE10-.LFB10
ARM GAS  /tmp/ccJAIiL0.s 			page 25


 1367 0030 00000000 		.4byte	.LFB11
 1368 0034 08000000 		.4byte	.LFE11-.LFB11
 1369 0038 00000000 		.4byte	.LFB12
 1370 003c 0C000000 		.4byte	.LFE12-.LFB12
 1371 0040 00000000 		.4byte	0
 1372 0044 00000000 		.4byte	0
 1373              		.section	.debug_ranges,"",%progbits
 1374              	.Ldebug_ranges0:
 1375 0000 06000000 		.4byte	.LBB14
 1376 0004 10000000 		.4byte	.LBE14
 1377 0008 14000000 		.4byte	.LBB17
 1378 000c 20000000 		.4byte	.LBE17
 1379 0010 00000000 		.4byte	0
 1380 0014 00000000 		.4byte	0
 1381 0018 00000000 		.4byte	.LFB7
 1382 001c 0A000000 		.4byte	.LFE7
 1383 0020 00000000 		.4byte	.LFB8
 1384 0024 1C000000 		.4byte	.LFE8
 1385 0028 00000000 		.4byte	.LFB9
 1386 002c 1C000000 		.4byte	.LFE9
 1387 0030 00000000 		.4byte	.LFB10
 1388 0034 20000000 		.4byte	.LFE10
 1389 0038 00000000 		.4byte	.LFB11
 1390 003c 08000000 		.4byte	.LFE11
 1391 0040 00000000 		.4byte	.LFB12
 1392 0044 0C000000 		.4byte	.LFE12
 1393 0048 00000000 		.4byte	0
 1394 004c 00000000 		.4byte	0
 1395              		.section	.debug_line,"",%progbits
 1396              	.Ldebug_line0:
 1397 0000 A0010000 		.section	.debug_str,"MS",%progbits,1
 1397      02000101 
 1397      00000201 
 1397      FB0E0D00 
 1397      01010101 
 1398              	.LASF3:
 1399 0000 5F5F7569 		.ascii	"__uint8_t\000"
 1399      6E74385F 
 1399      7400
 1400              	.LASF2:
 1401 000a 73697A65 		.ascii	"size_t\000"
 1401      5F7400
 1402              	.LASF17:
 1403 0011 6D705F6F 		.ascii	"mp_object_size\000"
 1403      626A6563 
 1403      745F7369 
 1403      7A6500
 1404              	.LASF28:
 1405 0020 474E5520 		.ascii	"GNU C 4.8.2 -mcpu=cortex-m0 -mno-thumb-interwork -m"
 1405      4320342E 
 1405      382E3220 
 1405      2D6D6370 
 1405      753D636F 
 1406 0053 7468756D 		.ascii	"thumb -ggdb -O2 -fomit-frame-pointer -falign-functi"
 1406      62202D67 
 1406      67646220 
 1406      2D4F3220 
ARM GAS  /tmp/ccJAIiL0.s 			page 26


 1406      2D666F6D 
 1407 0086 6F6E733D 		.ascii	"ons=16 -ffunction-sections -fdata-sections -fno-com"
 1407      3136202D 
 1407      6666756E 
 1407      6374696F 
 1407      6E2D7365 
 1408 00b9 6D6F6E00 		.ascii	"mon\000"
 1409              	.LASF27:
 1410 00bd 6368506F 		.ascii	"chPoolLoadArray\000"
 1410      6F6C4C6F 
 1410      61644172 
 1410      72617900 
 1411              	.LASF31:
 1412 00cd 706F6F6C 		.ascii	"pool_header\000"
 1412      5F686561 
 1412      64657200 
 1413              	.LASF24:
 1414 00d9 73697A65 		.ascii	"size\000"
 1414      00
 1415              	.LASF8:
 1416 00de 6C6F6E67 		.ascii	"long unsigned int\000"
 1416      20756E73 
 1416      69676E65 
 1416      6420696E 
 1416      7400
 1417              	.LASF6:
 1418 00f0 73686F72 		.ascii	"short unsigned int\000"
 1418      7420756E 
 1418      7369676E 
 1418      65642069 
 1418      6E7400
 1419              	.LASF25:
 1420 0103 70726F76 		.ascii	"provider\000"
 1420      69646572 
 1420      00
 1421              	.LASF22:
 1422 010c 6368506F 		.ascii	"chPoolFreeI\000"
 1422      6F6C4672 
 1422      65654900 
 1423              	.LASF4:
 1424 0118 756E7369 		.ascii	"unsigned char\000"
 1424      676E6564 
 1424      20636861 
 1424      7200
 1425              	.LASF15:
 1426 0126 70685F6E 		.ascii	"ph_next\000"
 1426      65787400 
 1427              	.LASF23:
 1428 012e 6368506F 		.ascii	"chPoolFree\000"
 1428      6F6C4672 
 1428      656500
 1429              	.LASF19:
 1430 0139 4D656D6F 		.ascii	"MemoryPool\000"
 1430      7279506F 
 1430      6F6C00
 1431              	.LASF21:
 1432 0144 6F626A70 		.ascii	"objp\000"
ARM GAS  /tmp/ccJAIiL0.s 			page 27


 1432      00
 1433              	.LASF32:
 1434 0149 6368506F 		.ascii	"chPoolAllocI\000"
 1434      6F6C416C 
 1434      6C6F6349 
 1434      00
 1435              	.LASF0:
 1436 0156 756E7369 		.ascii	"unsigned int\000"
 1436      676E6564 
 1436      20696E74 
 1436      00
 1437              	.LASF10:
 1438 0163 6C6F6E67 		.ascii	"long long unsigned int\000"
 1438      206C6F6E 
 1438      6720756E 
 1438      7369676E 
 1438      65642069 
 1439              	.LASF11:
 1440 017a 75696E74 		.ascii	"uint8_t\000"
 1440      385F7400 
 1441              	.LASF30:
 1442 0182 2F686F6D 		.ascii	"/home/ece497/vbox-shared/mplayer/ChibiOS-RT-stable_"
 1442      652F6563 
 1442      65343937 
 1442      2F76626F 
 1442      782D7368 
 1443 01b5 322E362E 		.ascii	"2.6.x/demos/ARMCM0-STM32F051-DISCOVERY\000"
 1443      782F6465 
 1443      6D6F732F 
 1443      41524D43 
 1443      4D302D53 
 1444              	.LASF13:
 1445 01dc 73697A65 		.ascii	"sizetype\000"
 1445      74797065 
 1445      00
 1446              	.LASF9:
 1447 01e5 6C6F6E67 		.ascii	"long long int\000"
 1447      206C6F6E 
 1447      6720696E 
 1447      7400
 1448              	.LASF20:
 1449 01f3 63686172 		.ascii	"char\000"
 1449      00
 1450              	.LASF14:
 1451 01f8 6D656D67 		.ascii	"memgetfunc_t\000"
 1451      65746675 
 1451      6E635F74 
 1451      00
 1452              	.LASF18:
 1453 0205 6D705F70 		.ascii	"mp_provider\000"
 1453      726F7669 
 1453      64657200 
 1454              	.LASF5:
 1455 0211 73686F72 		.ascii	"short int\000"
 1455      7420696E 
 1455      7400
 1456              	.LASF33:
ARM GAS  /tmp/ccJAIiL0.s 			page 28


 1457 021b 6368506F 		.ascii	"chPoolAlloc\000"
 1457      6F6C416C 
 1457      6C6F6300 
 1458              	.LASF29:
 1459 0227 2E2E2F2E 		.ascii	"../../os/kernel/src/chmempools.c\000"
 1459      2E2F6F73 
 1459      2F6B6572 
 1459      6E656C2F 
 1459      7372632F 
 1460              	.LASF7:
 1461 0248 6C6F6E67 		.ascii	"long int\000"
 1461      20696E74 
 1461      00
 1462              	.LASF1:
 1463 0251 7369676E 		.ascii	"signed char\000"
 1463      65642063 
 1463      68617200 
 1464              	.LASF16:
 1465 025d 6D705F6E 		.ascii	"mp_next\000"
 1465      65787400 
 1466              	.LASF12:
 1467 0265 5F426F6F 		.ascii	"_Bool\000"
 1467      6C00
 1468              	.LASF26:
 1469 026b 6368506F 		.ascii	"chPoolInit\000"
 1469      6F6C496E 
 1469      697400
 1470              		.ident	"GCC: (Arch Repository) 4.8.2"
ARM GAS  /tmp/ccJAIiL0.s 			page 29


DEFINED SYMBOLS
                            *ABS*:0000000000000000 chmempools.c
     /tmp/ccJAIiL0.s:18     .text.chPoolInit:0000000000000000 $t
     /tmp/ccJAIiL0.s:24     .text.chPoolInit:0000000000000000 chPoolInit
     /tmp/ccJAIiL0.s:44     .text.chPoolLoadArray:0000000000000000 $t
     /tmp/ccJAIiL0.s:50     .text.chPoolLoadArray:0000000000000000 chPoolLoadArray
     /tmp/ccJAIiL0.s:107    .text.chPoolAllocI:0000000000000000 $t
     /tmp/ccJAIiL0.s:113    .text.chPoolAllocI:0000000000000000 chPoolAllocI
     /tmp/ccJAIiL0.s:153    .text.chPoolAlloc:0000000000000000 $t
     /tmp/ccJAIiL0.s:159    .text.chPoolAlloc:0000000000000000 chPoolAlloc
     /tmp/ccJAIiL0.s:218    .text.chPoolFreeI:0000000000000000 $t
     /tmp/ccJAIiL0.s:224    .text.chPoolFreeI:0000000000000000 chPoolFreeI
     /tmp/ccJAIiL0.s:243    .text.chPoolFree:0000000000000000 $t
     /tmp/ccJAIiL0.s:249    .text.chPoolFree:0000000000000000 chPoolFree
                     .debug_frame:0000000000000010 $d

NO UNDEFINED SYMBOLS
