ARM GAS  /tmp/cccAr2I5.s 			page 1


   1              		.cpu cortex-m0
   2              		.fpu softvfp
   3              		.eabi_attribute 20, 1
   4              		.eabi_attribute 21, 1
   5              		.eabi_attribute 23, 3
   6              		.eabi_attribute 24, 1
   7              		.eabi_attribute 25, 1
   8              		.eabi_attribute 26, 1
   9              		.eabi_attribute 30, 2
  10              		.eabi_attribute 34, 0
  11              		.eabi_attribute 18, 4
  12              		.code	16
  13              		.file	"chregistry.c"
  14              		.text
  15              	.Ltext0:
  16              		.cfi_sections	.debug_frame
  17              		.section	.text.chRegFirstThread,"ax",%progbits
  18              		.align	2
  19              		.p2align 4,,15
  20              		.global	chRegFirstThread
  21              		.code	16
  22              		.thumb_func
  23              		.type	chRegFirstThread, %function
  24              	chRegFirstThread:
  25              	.LFB7:
  26              		.file 1 "../../os/kernel/src/chregistry.c"
  27              		.loc 1 117 0
  28              		.cfi_startproc
  29              		.loc 1 120 0
  30              	@ 120 "../../os/kernel/src/chregistry.c" 1
  31 0000 72B6     		cpsid   i
  32              	@ 0 "" 2
  33              		.loc 1 121 0
  34              		.code	16
  35 0002 034B     		ldr	r3, .L2
  36 0004 1869     		ldr	r0, [r3, #16]
  37              	.LVL0:
  38              		.loc 1 123 0
  39 0006 837F     		ldrb	r3, [r0, #30]
  40 0008 0133     		add	r3, r3, #1
  41 000a 8377     		strb	r3, [r0, #30]
  42              		.loc 1 125 0
  43              	@ 125 "../../os/kernel/src/chregistry.c" 1
  44 000c 62B6     		cpsie   i
  45              	@ 0 "" 2
  46              		.loc 1 127 0
  47              		.code	16
  48              		@ sp needed
  49 000e 7047     		bx	lr
  50              	.L3:
  51              		.align	2
  52              	.L2:
  53 0010 00000000 		.word	rlist
  54              		.cfi_endproc
  55              	.LFE7:
  56              		.size	chRegFirstThread, .-chRegFirstThread
  57 0014 C046C046 		.section	.text.chRegNextThread,"ax",%progbits
ARM GAS  /tmp/cccAr2I5.s 			page 2


  57      C046C046 
  57      C046C046 
  58              		.align	2
  59              		.p2align 4,,15
  60              		.global	chRegNextThread
  61              		.code	16
  62              		.thumb_func
  63              		.type	chRegNextThread, %function
  64              	chRegNextThread:
  65              	.LFB8:
  66              		.loc 1 140 0
  67              		.cfi_startproc
  68              	.LVL1:
  69 0000 10B5     		push	{r4, lr}
  70              		.cfi_def_cfa_offset 8
  71              		.cfi_offset 4, -8
  72              		.cfi_offset 14, -4
  73              		.loc 1 143 0
  74              	@ 143 "../../os/kernel/src/chregistry.c" 1
  75 0002 72B6     		cpsid   i
  76              	@ 0 "" 2
  77              		.loc 1 145 0
  78              		.code	16
  79 0004 064B     		ldr	r3, .L8
  80              		.loc 1 144 0
  81 0006 0469     		ldr	r4, [r0, #16]
  82              	.LVL2:
  83              		.loc 1 145 0
  84 0008 9C42     		cmp	r4, r3
  85 000a 07D0     		beq	.L6
  86              		.loc 1 151 0
  87 000c A37F     		ldrb	r3, [r4, #30]
  88 000e 0133     		add	r3, r3, #1
  89 0010 A377     		strb	r3, [r4, #30]
  90              	.LVL3:
  91              	.L5:
  92              		.loc 1 154 0
  93              	@ 154 "../../os/kernel/src/chregistry.c" 1
  94 0012 62B6     		cpsie   i
  95              	@ 0 "" 2
  96              		.loc 1 156 0
  97              		.code	16
  98 0014 FFF7FEFF 		bl	chThdRelease
  99              	.LVL4:
 100              		.loc 1 159 0
 101              		@ sp needed
 102 0018 201C     		mov	r0, r4
 103              	.LVL5:
 104 001a 10BD     		pop	{r4, pc}
 105              	.LVL6:
 106              	.L6:
 107              		.loc 1 146 0
 108 001c 0024     		mov	r4, #0
 109              	.LVL7:
 110 001e F8E7     		b	.L5
 111              	.L9:
 112              		.align	2
ARM GAS  /tmp/cccAr2I5.s 			page 3


 113              	.L8:
 114 0020 00000000 		.word	rlist
 115              		.cfi_endproc
 116              	.LFE8:
 117              		.size	chRegNextThread, .-chRegNextThread
 118              		.global	ch_debug
 119 0024 C046C046 		.section	.rodata.ch_debug,"a",%progbits
 119      C046C046 
 119      C046C046 
 120              		.align	2
 121              		.type	ch_debug, %object
 122              		.size	ch_debug, 22
 123              	ch_debug:
 124 0000 6D61696E 		.ascii	"main"
 125 0004 00       		.byte	0
 126 0005 16       		.byte	22
 127 0006 8311     		.short	4483
 128 0008 04       		.byte	4
 129 0009 04       		.byte	4
 130 000a 48       		.byte	72
 131 000b 08       		.byte	8
 132 000c 0C       		.byte	12
 133 000d 10       		.byte	16
 134 000e 14       		.byte	20
 135 000f 18       		.byte	24
 136 0010 00       		.byte	0
 137 0011 1C       		.byte	28
 138 0012 1D       		.byte	29
 139 0013 1E       		.byte	30
 140 0014 1F       		.byte	31
 141 0015 20       		.byte	32
 142 0016 0000     		.text
 143              	.Letext0:
 144              		.file 2 "/usr/lib/gcc/arm-none-eabi/4.8.2/include/stddef.h"
 145              		.file 3 "/usr/arm-none-eabi/include/machine/_default_types.h"
 146              		.file 4 "/usr/arm-none-eabi/include/stdint.h"
 147              		.file 5 "../../os/ports/GCC/ARMCMx/chtypes.h"
 148              		.file 6 "../../os/kernel/include/chlists.h"
 149              		.file 7 "../../os/kernel/include/chthreads.h"
 150              		.file 8 "../../os/ports/GCC/ARMCMx/chcore_v6m.h"
 151              		.file 9 "../../os/kernel/include/chschd.h"
 152              		.file 10 "../../os/kernel/include/chmtx.h"
 153              		.file 11 "../../os/kernel/include/chregistry.h"
 154              		.file 12 "../../os/kernel/include/chdynamic.h"
 155              		.section	.debug_info,"",%progbits
 156              	.Ldebug_info0:
 157 0000 A9050000 		.4byte	0x5a9
 158 0004 0400     		.2byte	0x4
 159 0006 00000000 		.4byte	.Ldebug_abbrev0
 160 000a 04       		.byte	0x4
 161 000b 01       		.uleb128 0x1
 162 000c FC000000 		.4byte	.LASF92
 163 0010 01       		.byte	0x1
 164 0011 3A040000 		.4byte	.LASF93
 165 0015 8A020000 		.4byte	.LASF94
 166 0019 00000000 		.4byte	.Ldebug_ranges0+0
 167 001d 00000000 		.4byte	0
ARM GAS  /tmp/cccAr2I5.s 			page 4


 168 0021 00000000 		.4byte	.Ldebug_line0
 169 0025 02       		.uleb128 0x2
 170 0026 04       		.byte	0x4
 171 0027 05       		.byte	0x5
 172 0028 696E7400 		.ascii	"int\000"
 173 002c 03       		.uleb128 0x3
 174 002d 13000000 		.4byte	.LASF2
 175 0031 02       		.byte	0x2
 176 0032 D4       		.byte	0xd4
 177 0033 37000000 		.4byte	0x37
 178 0037 04       		.uleb128 0x4
 179 0038 04       		.byte	0x4
 180 0039 07       		.byte	0x7
 181 003a AD010000 		.4byte	.LASF0
 182 003e 04       		.uleb128 0x4
 183 003f 01       		.byte	0x1
 184 0040 06       		.byte	0x6
 185 0041 8C000000 		.4byte	.LASF1
 186 0045 03       		.uleb128 0x3
 187 0046 21000000 		.4byte	.LASF3
 188 004a 03       		.byte	0x3
 189 004b 1C       		.byte	0x1c
 190 004c 50000000 		.4byte	0x50
 191 0050 04       		.uleb128 0x4
 192 0051 01       		.byte	0x1
 193 0052 08       		.byte	0x8
 194 0053 26030000 		.4byte	.LASF4
 195 0057 04       		.uleb128 0x4
 196 0058 02       		.byte	0x2
 197 0059 05       		.byte	0x5
 198 005a 3E030000 		.4byte	.LASF5
 199 005e 03       		.uleb128 0x3
 200 005f F0030000 		.4byte	.LASF6
 201 0063 03       		.byte	0x3
 202 0064 26       		.byte	0x26
 203 0065 69000000 		.4byte	0x69
 204 0069 04       		.uleb128 0x4
 205 006a 02       		.byte	0x2
 206 006b 07       		.byte	0x7
 207 006c EB010000 		.4byte	.LASF7
 208 0070 03       		.uleb128 0x3
 209 0071 17040000 		.4byte	.LASF8
 210 0075 03       		.byte	0x3
 211 0076 37       		.byte	0x37
 212 0077 7B000000 		.4byte	0x7b
 213 007b 04       		.uleb128 0x4
 214 007c 04       		.byte	0x4
 215 007d 05       		.byte	0x5
 216 007e CF000000 		.4byte	.LASF9
 217 0082 03       		.uleb128 0x3
 218 0083 99010000 		.4byte	.LASF10
 219 0087 03       		.byte	0x3
 220 0088 38       		.byte	0x38
 221 0089 8D000000 		.4byte	0x8d
 222 008d 04       		.uleb128 0x4
 223 008e 04       		.byte	0x4
 224 008f 07       		.byte	0x7
ARM GAS  /tmp/cccAr2I5.s 			page 5


 225 0090 BA010000 		.4byte	.LASF11
 226 0094 04       		.uleb128 0x4
 227 0095 08       		.byte	0x8
 228 0096 05       		.byte	0x5
 229 0097 7E000000 		.4byte	.LASF12
 230 009b 04       		.uleb128 0x4
 231 009c 08       		.byte	0x8
 232 009d 07       		.byte	0x7
 233 009e 2B000000 		.4byte	.LASF13
 234 00a2 03       		.uleb128 0x3
 235 00a3 7D040000 		.4byte	.LASF14
 236 00a7 04       		.byte	0x4
 237 00a8 2A       		.byte	0x2a
 238 00a9 45000000 		.4byte	0x45
 239 00ad 03       		.uleb128 0x3
 240 00ae E1000000 		.4byte	.LASF15
 241 00b2 04       		.byte	0x4
 242 00b3 36       		.byte	0x36
 243 00b4 5E000000 		.4byte	0x5e
 244 00b8 03       		.uleb128 0x3
 245 00b9 1E030000 		.4byte	.LASF16
 246 00bd 04       		.byte	0x4
 247 00be 41       		.byte	0x41
 248 00bf 70000000 		.4byte	0x70
 249 00c3 03       		.uleb128 0x3
 250 00c4 BE030000 		.4byte	.LASF17
 251 00c8 04       		.byte	0x4
 252 00c9 42       		.byte	0x42
 253 00ca 82000000 		.4byte	0x82
 254 00ce 04       		.uleb128 0x4
 255 00cf 01       		.byte	0x1
 256 00d0 02       		.byte	0x2
 257 00d1 18030000 		.4byte	.LASF18
 258 00d5 03       		.uleb128 0x3
 259 00d6 0C020000 		.4byte	.LASF19
 260 00da 05       		.byte	0x5
 261 00db 2C       		.byte	0x2c
 262 00dc A2000000 		.4byte	0xa2
 263 00e0 03       		.uleb128 0x3
 264 00e1 D8000000 		.4byte	.LASF20
 265 00e5 05       		.byte	0x5
 266 00e6 2D       		.byte	0x2d
 267 00e7 A2000000 		.4byte	0xa2
 268 00eb 03       		.uleb128 0x3
 269 00ec F6020000 		.4byte	.LASF21
 270 00f0 05       		.byte	0x5
 271 00f1 2E       		.byte	0x2e
 272 00f2 A2000000 		.4byte	0xa2
 273 00f6 03       		.uleb128 0x3
 274 00f7 C5000000 		.4byte	.LASF22
 275 00fb 05       		.byte	0x5
 276 00fc 2F       		.byte	0x2f
 277 00fd A2000000 		.4byte	0xa2
 278 0101 03       		.uleb128 0x3
 279 0102 10030000 		.4byte	.LASF23
 280 0106 05       		.byte	0x5
 281 0107 30       		.byte	0x30
ARM GAS  /tmp/cccAr2I5.s 			page 6


 282 0108 C3000000 		.4byte	0xc3
 283 010c 03       		.uleb128 0x3
 284 010d FE010000 		.4byte	.LASF24
 285 0111 05       		.byte	0x5
 286 0112 31       		.byte	0x31
 287 0113 B8000000 		.4byte	0xb8
 288 0117 03       		.uleb128 0x3
 289 0118 20020000 		.4byte	.LASF25
 290 011c 05       		.byte	0x5
 291 011d 33       		.byte	0x33
 292 011e C3000000 		.4byte	0xc3
 293 0122 03       		.uleb128 0x3
 294 0123 02040000 		.4byte	.LASF26
 295 0127 05       		.byte	0x5
 296 0128 35       		.byte	0x35
 297 0129 C3000000 		.4byte	0xc3
 298 012d 03       		.uleb128 0x3
 299 012e 9F030000 		.4byte	.LASF27
 300 0132 06       		.byte	0x6
 301 0133 2A       		.byte	0x2a
 302 0134 38010000 		.4byte	0x138
 303 0138 05       		.uleb128 0x5
 304 0139 9F030000 		.4byte	.LASF27
 305 013d 48       		.byte	0x48
 306 013e 07       		.byte	0x7
 307 013f 5E       		.byte	0x5e
 308 0140 35020000 		.4byte	0x235
 309 0144 06       		.uleb128 0x6
 310 0145 74030000 		.4byte	.LASF28
 311 0149 07       		.byte	0x7
 312 014a 5F       		.byte	0x5f
 313 014b 56020000 		.4byte	0x256
 314 014f 00       		.byte	0
 315 0150 06       		.uleb128 0x6
 316 0151 09030000 		.4byte	.LASF29
 317 0155 07       		.byte	0x7
 318 0156 61       		.byte	0x61
 319 0157 56020000 		.4byte	0x256
 320 015b 04       		.byte	0x4
 321 015c 06       		.uleb128 0x6
 322 015d 6A000000 		.4byte	.LASF30
 323 0161 07       		.byte	0x7
 324 0162 63       		.byte	0x63
 325 0163 01010000 		.4byte	0x101
 326 0167 08       		.byte	0x8
 327 0168 06       		.uleb128 0x6
 328 0169 A6040000 		.4byte	.LASF31
 329 016d 07       		.byte	0x7
 330 016e 64       		.byte	0x64
 331 016f 06030000 		.4byte	0x306
 332 0173 0C       		.byte	0xc
 333 0174 06       		.uleb128 0x6
 334 0175 F4000000 		.4byte	.LASF32
 335 0179 07       		.byte	0x7
 336 017a 66       		.byte	0x66
 337 017b 56020000 		.4byte	0x256
 338 017f 10       		.byte	0x10
ARM GAS  /tmp/cccAr2I5.s 			page 7


 339 0180 06       		.uleb128 0x6
 340 0181 67020000 		.4byte	.LASF33
 341 0185 07       		.byte	0x7
 342 0186 67       		.byte	0x67
 343 0187 56020000 		.4byte	0x256
 344 018b 14       		.byte	0x14
 345 018c 06       		.uleb128 0x6
 346 018d 8C040000 		.4byte	.LASF34
 347 0191 07       		.byte	0x7
 348 0192 6E       		.byte	0x6e
 349 0193 04040000 		.4byte	0x404
 350 0197 18       		.byte	0x18
 351 0198 06       		.uleb128 0x6
 352 0199 48030000 		.4byte	.LASF35
 353 019d 07       		.byte	0x7
 354 019e 79       		.byte	0x79
 355 019f E0000000 		.4byte	0xe0
 356 01a3 1C       		.byte	0x1c
 357 01a4 06       		.uleb128 0x6
 358 01a5 8A030000 		.4byte	.LASF36
 359 01a9 07       		.byte	0x7
 360 01aa 7D       		.byte	0x7d
 361 01ab D5000000 		.4byte	0xd5
 362 01af 1D       		.byte	0x1d
 363 01b0 06       		.uleb128 0x6
 364 01b1 66040000 		.4byte	.LASF37
 365 01b5 07       		.byte	0x7
 366 01b6 82       		.byte	0x82
 367 01b7 EB000000 		.4byte	0xeb
 368 01bb 1E       		.byte	0x1e
 369 01bc 06       		.uleb128 0x6
 370 01bd 50030000 		.4byte	.LASF38
 371 01c1 07       		.byte	0x7
 372 01c2 88       		.byte	0x88
 373 01c3 F6000000 		.4byte	0xf6
 374 01c7 1F       		.byte	0x1f
 375 01c8 06       		.uleb128 0x6
 376 01c9 21040000 		.4byte	.LASF39
 377 01cd 07       		.byte	0x7
 378 01ce 8F       		.byte	0x8f
 379 01cf 2C030000 		.4byte	0x32c
 380 01d3 20       		.byte	0x20
 381 01d4 07       		.uleb128 0x7
 382 01d5 705F7500 		.ascii	"p_u\000"
 383 01d9 07       		.byte	0x7
 384 01da B4       		.byte	0xb4
 385 01db CF030000 		.4byte	0x3cf
 386 01df 24       		.byte	0x24
 387 01e0 06       		.uleb128 0x6
 388 01e1 AC040000 		.4byte	.LASF40
 389 01e5 07       		.byte	0x7
 390 01e6 B9       		.byte	0xb9
 391 01e7 7C020000 		.4byte	0x27c
 392 01eb 28       		.byte	0x28
 393 01ec 06       		.uleb128 0x6
 394 01ed 2F040000 		.4byte	.LASF41
 395 01f1 07       		.byte	0x7
ARM GAS  /tmp/cccAr2I5.s 			page 8


 396 01f2 BF       		.byte	0xbf
 397 01f3 5C020000 		.4byte	0x25c
 398 01f7 2C       		.byte	0x2c
 399 01f8 06       		.uleb128 0x6
 400 01f9 0D000000 		.4byte	.LASF42
 401 01fd 07       		.byte	0x7
 402 01fe C3       		.byte	0xc3
 403 01ff 0C010000 		.4byte	0x10c
 404 0203 34       		.byte	0x34
 405 0204 06       		.uleb128 0x6
 406 0205 B3030000 		.4byte	.LASF43
 407 0209 07       		.byte	0x7
 408 020a C9       		.byte	0xc9
 409 020b 17010000 		.4byte	0x117
 410 020f 38       		.byte	0x38
 411 0210 06       		.uleb128 0x6
 412 0211 34030000 		.4byte	.LASF44
 413 0215 07       		.byte	0x7
 414 0216 D0       		.byte	0xd0
 415 0217 16040000 		.4byte	0x416
 416 021b 3C       		.byte	0x3c
 417 021c 06       		.uleb128 0x6
 418 021d 0C040000 		.4byte	.LASF45
 419 0221 07       		.byte	0x7
 420 0222 D4       		.byte	0xd4
 421 0223 01010000 		.4byte	0x101
 422 0227 40       		.byte	0x40
 423 0228 06       		.uleb128 0x6
 424 0229 B5000000 		.4byte	.LASF46
 425 022d 07       		.byte	0x7
 426 022e DA       		.byte	0xda
 427 022f 92020000 		.4byte	0x292
 428 0233 44       		.byte	0x44
 429 0234 00       		.byte	0
 430 0235 08       		.uleb128 0x8
 431 0236 08       		.byte	0x8
 432 0237 06       		.byte	0x6
 433 0238 61       		.byte	0x61
 434 0239 56020000 		.4byte	0x256
 435 023d 06       		.uleb128 0x6
 436 023e 74030000 		.4byte	.LASF28
 437 0242 06       		.byte	0x6
 438 0243 62       		.byte	0x62
 439 0244 56020000 		.4byte	0x256
 440 0248 00       		.byte	0
 441 0249 06       		.uleb128 0x6
 442 024a 09030000 		.4byte	.LASF29
 443 024e 06       		.byte	0x6
 444 024f 64       		.byte	0x64
 445 0250 56020000 		.4byte	0x256
 446 0254 04       		.byte	0x4
 447 0255 00       		.byte	0
 448 0256 09       		.uleb128 0x9
 449 0257 04       		.byte	0x4
 450 0258 2D010000 		.4byte	0x12d
 451 025c 03       		.uleb128 0x3
 452 025d 75020000 		.4byte	.LASF47
ARM GAS  /tmp/cccAr2I5.s 			page 9


 453 0261 06       		.byte	0x6
 454 0262 66       		.byte	0x66
 455 0263 35020000 		.4byte	0x235
 456 0267 08       		.uleb128 0x8
 457 0268 04       		.byte	0x4
 458 0269 06       		.byte	0x6
 459 026a 6B       		.byte	0x6b
 460 026b 7C020000 		.4byte	0x27c
 461 026f 06       		.uleb128 0x6
 462 0270 74030000 		.4byte	.LASF28
 463 0274 06       		.byte	0x6
 464 0275 6D       		.byte	0x6d
 465 0276 56020000 		.4byte	0x256
 466 027a 00       		.byte	0
 467 027b 00       		.byte	0
 468 027c 03       		.uleb128 0x3
 469 027d 14020000 		.4byte	.LASF48
 470 0281 06       		.byte	0x6
 471 0282 70       		.byte	0x70
 472 0283 67020000 		.4byte	0x267
 473 0287 03       		.uleb128 0x3
 474 0288 A4010000 		.4byte	.LASF49
 475 028c 08       		.byte	0x8
 476 028d A7       		.byte	0xa7
 477 028e 92020000 		.4byte	0x292
 478 0292 0A       		.uleb128 0xa
 479 0293 04       		.byte	0x4
 480 0294 05       		.uleb128 0x5
 481 0295 28040000 		.4byte	.LASF50
 482 0299 24       		.byte	0x24
 483 029a 08       		.byte	0x8
 484 029b BA       		.byte	0xba
 485 029c 06030000 		.4byte	0x306
 486 02a0 07       		.uleb128 0x7
 487 02a1 723800   		.ascii	"r8\000"
 488 02a4 08       		.byte	0x8
 489 02a5 BB       		.byte	0xbb
 490 02a6 87020000 		.4byte	0x287
 491 02aa 00       		.byte	0
 492 02ab 07       		.uleb128 0x7
 493 02ac 723900   		.ascii	"r9\000"
 494 02af 08       		.byte	0x8
 495 02b0 BC       		.byte	0xbc
 496 02b1 87020000 		.4byte	0x287
 497 02b5 04       		.byte	0x4
 498 02b6 07       		.uleb128 0x7
 499 02b7 72313000 		.ascii	"r10\000"
 500 02bb 08       		.byte	0x8
 501 02bc BD       		.byte	0xbd
 502 02bd 87020000 		.4byte	0x287
 503 02c1 08       		.byte	0x8
 504 02c2 07       		.uleb128 0x7
 505 02c3 72313100 		.ascii	"r11\000"
 506 02c7 08       		.byte	0x8
 507 02c8 BE       		.byte	0xbe
 508 02c9 87020000 		.4byte	0x287
 509 02cd 0C       		.byte	0xc
ARM GAS  /tmp/cccAr2I5.s 			page 10


 510 02ce 07       		.uleb128 0x7
 511 02cf 723400   		.ascii	"r4\000"
 512 02d2 08       		.byte	0x8
 513 02d3 BF       		.byte	0xbf
 514 02d4 87020000 		.4byte	0x287
 515 02d8 10       		.byte	0x10
 516 02d9 07       		.uleb128 0x7
 517 02da 723500   		.ascii	"r5\000"
 518 02dd 08       		.byte	0x8
 519 02de C0       		.byte	0xc0
 520 02df 87020000 		.4byte	0x287
 521 02e3 14       		.byte	0x14
 522 02e4 07       		.uleb128 0x7
 523 02e5 723600   		.ascii	"r6\000"
 524 02e8 08       		.byte	0x8
 525 02e9 C1       		.byte	0xc1
 526 02ea 87020000 		.4byte	0x287
 527 02ee 18       		.byte	0x18
 528 02ef 07       		.uleb128 0x7
 529 02f0 723700   		.ascii	"r7\000"
 530 02f3 08       		.byte	0x8
 531 02f4 C2       		.byte	0xc2
 532 02f5 87020000 		.4byte	0x287
 533 02f9 1C       		.byte	0x1c
 534 02fa 07       		.uleb128 0x7
 535 02fb 6C7200   		.ascii	"lr\000"
 536 02fe 08       		.byte	0x8
 537 02ff C3       		.byte	0xc3
 538 0300 87020000 		.4byte	0x287
 539 0304 20       		.byte	0x20
 540 0305 00       		.byte	0
 541 0306 05       		.uleb128 0x5
 542 0307 E3010000 		.4byte	.LASF51
 543 030b 04       		.byte	0x4
 544 030c 08       		.byte	0x8
 545 030d CD       		.byte	0xcd
 546 030e 1F030000 		.4byte	0x31f
 547 0312 07       		.uleb128 0x7
 548 0313 72313300 		.ascii	"r13\000"
 549 0317 08       		.byte	0x8
 550 0318 CE       		.byte	0xce
 551 0319 1F030000 		.4byte	0x31f
 552 031d 00       		.byte	0
 553 031e 00       		.byte	0
 554 031f 09       		.uleb128 0x9
 555 0320 04       		.byte	0x4
 556 0321 94020000 		.4byte	0x294
 557 0325 04       		.uleb128 0x4
 558 0326 04       		.byte	0x4
 559 0327 07       		.byte	0x7
 560 0328 46020000 		.4byte	.LASF52
 561 032c 0B       		.uleb128 0xb
 562 032d 22010000 		.4byte	0x122
 563 0331 08       		.uleb128 0x8
 564 0332 1C       		.byte	0x1c
 565 0333 09       		.byte	0x9
 566 0334 5E       		.byte	0x5e
ARM GAS  /tmp/cccAr2I5.s 			page 11


 567 0335 82030000 		.4byte	0x382
 568 0339 06       		.uleb128 0x6
 569 033a D3030000 		.4byte	.LASF53
 570 033e 09       		.byte	0x9
 571 033f 5F       		.byte	0x5f
 572 0340 5C020000 		.4byte	0x25c
 573 0344 00       		.byte	0
 574 0345 06       		.uleb128 0x6
 575 0346 66030000 		.4byte	.LASF54
 576 034a 09       		.byte	0x9
 577 034b 60       		.byte	0x60
 578 034c 01010000 		.4byte	0x101
 579 0350 08       		.byte	0x8
 580 0351 06       		.uleb128 0x6
 581 0352 6F020000 		.4byte	.LASF55
 582 0356 09       		.byte	0x9
 583 0357 62       		.byte	0x62
 584 0358 06030000 		.4byte	0x306
 585 035c 0C       		.byte	0xc
 586 035d 06       		.uleb128 0x6
 587 035e 04020000 		.4byte	.LASF56
 588 0362 09       		.byte	0x9
 589 0363 65       		.byte	0x65
 590 0364 56020000 		.4byte	0x256
 591 0368 10       		.byte	0x10
 592 0369 06       		.uleb128 0x6
 593 036a EE020000 		.4byte	.LASF57
 594 036e 09       		.byte	0x9
 595 036f 66       		.byte	0x66
 596 0370 56020000 		.4byte	0x256
 597 0374 14       		.byte	0x14
 598 0375 06       		.uleb128 0x6
 599 0376 E4020000 		.4byte	.LASF58
 600 037a 09       		.byte	0x9
 601 037b 69       		.byte	0x69
 602 037c 56020000 		.4byte	0x256
 603 0380 18       		.byte	0x18
 604 0381 00       		.byte	0
 605 0382 03       		.uleb128 0x3
 606 0383 6D040000 		.4byte	.LASF59
 607 0387 09       		.byte	0x9
 608 0388 6B       		.byte	0x6b
 609 0389 31030000 		.4byte	0x331
 610 038d 05       		.uleb128 0x5
 611 038e 2C020000 		.4byte	.LASF60
 612 0392 10       		.byte	0x10
 613 0393 0A       		.byte	0xa
 614 0394 2C       		.byte	0x2c
 615 0395 BE030000 		.4byte	0x3be
 616 0399 06       		.uleb128 0x6
 617 039a BD000000 		.4byte	.LASF61
 618 039e 0A       		.byte	0xa
 619 039f 2D       		.byte	0x2d
 620 03a0 5C020000 		.4byte	0x25c
 621 03a4 00       		.byte	0
 622 03a5 06       		.uleb128 0x6
 623 03a6 9E040000 		.4byte	.LASF62
ARM GAS  /tmp/cccAr2I5.s 			page 12


 624 03aa 0A       		.byte	0xa
 625 03ab 2F       		.byte	0x2f
 626 03ac 56020000 		.4byte	0x256
 627 03b0 08       		.byte	0x8
 628 03b1 06       		.uleb128 0x6
 629 03b2 FB030000 		.4byte	.LASF63
 630 03b6 0A       		.byte	0xa
 631 03b7 31       		.byte	0x31
 632 03b8 BE030000 		.4byte	0x3be
 633 03bc 0C       		.byte	0xc
 634 03bd 00       		.byte	0
 635 03be 09       		.uleb128 0x9
 636 03bf 04       		.byte	0x4
 637 03c0 8D030000 		.4byte	0x38d
 638 03c4 03       		.uleb128 0x3
 639 03c5 2C020000 		.4byte	.LASF60
 640 03c9 0A       		.byte	0xa
 641 03ca 33       		.byte	0x33
 642 03cb 8D030000 		.4byte	0x38d
 643 03cf 0C       		.uleb128 0xc
 644 03d0 04       		.byte	0x4
 645 03d1 07       		.byte	0x7
 646 03d2 96       		.byte	0x96
 647 03d3 04040000 		.4byte	0x404
 648 03d7 0D       		.uleb128 0xd
 649 03d8 1A000000 		.4byte	.LASF64
 650 03dc 07       		.byte	0x7
 651 03dd 9D       		.byte	0x9d
 652 03de 0C010000 		.4byte	0x10c
 653 03e2 0D       		.uleb128 0xd
 654 03e3 50000000 		.4byte	.LASF65
 655 03e7 07       		.byte	0x7
 656 03e8 A4       		.byte	0xa4
 657 03e9 0C010000 		.4byte	0x10c
 658 03ed 0D       		.uleb128 0xd
 659 03ee 85040000 		.4byte	.LASF66
 660 03f2 07       		.byte	0x7
 661 03f3 AB       		.byte	0xab
 662 03f4 92020000 		.4byte	0x292
 663 03f8 0D       		.uleb128 0xd
 664 03f9 6D030000 		.4byte	.LASF67
 665 03fd 07       		.byte	0x7
 666 03fe B2       		.byte	0xb2
 667 03ff 17010000 		.4byte	0x117
 668 0403 00       		.byte	0
 669 0404 09       		.uleb128 0x9
 670 0405 04       		.byte	0x4
 671 0406 0A040000 		.4byte	0x40a
 672 040a 0E       		.uleb128 0xe
 673 040b 0F040000 		.4byte	0x40f
 674 040f 04       		.uleb128 0x4
 675 0410 01       		.byte	0x1
 676 0411 08       		.byte	0x8
 677 0412 DB030000 		.4byte	.LASF68
 678 0416 09       		.uleb128 0x9
 679 0417 04       		.byte	0x4
 680 0418 C4030000 		.4byte	0x3c4
ARM GAS  /tmp/cccAr2I5.s 			page 13


 681 041c 08       		.uleb128 0x8
 682 041d 16       		.byte	0x16
 683 041e 0B       		.byte	0xb
 684 041f 2C       		.byte	0x2c
 685 0420 FD040000 		.4byte	0x4fd
 686 0424 06       		.uleb128 0x6
 687 0425 D5010000 		.4byte	.LASF69
 688 0429 0B       		.byte	0xb
 689 042a 2D       		.byte	0x2d
 690 042b FD040000 		.4byte	0x4fd
 691 042f 00       		.byte	0
 692 0430 06       		.uleb128 0x6
 693 0431 32020000 		.4byte	.LASF70
 694 0435 0B       		.byte	0xb
 695 0436 2E       		.byte	0x2e
 696 0437 A2000000 		.4byte	0xa2
 697 043b 04       		.byte	0x4
 698 043c 06       		.uleb128 0x6
 699 043d 82020000 		.4byte	.LASF71
 700 0441 0B       		.byte	0xb
 701 0442 2F       		.byte	0x2f
 702 0443 A2000000 		.4byte	0xa2
 703 0447 05       		.byte	0x5
 704 0448 06       		.uleb128 0x6
 705 0449 93040000 		.4byte	.LASF72
 706 044d 0B       		.byte	0xb
 707 044e 30       		.byte	0x30
 708 044f AD000000 		.4byte	0xad
 709 0453 06       		.byte	0x6
 710 0454 06       		.uleb128 0x6
 711 0455 FE020000 		.4byte	.LASF73
 712 0459 0B       		.byte	0xb
 713 045a 31       		.byte	0x31
 714 045b A2000000 		.4byte	0xa2
 715 045f 08       		.byte	0x8
 716 0460 06       		.uleb128 0x6
 717 0461 4F020000 		.4byte	.LASF74
 718 0465 0B       		.byte	0xb
 719 0466 32       		.byte	0x32
 720 0467 A2000000 		.4byte	0xa2
 721 046b 09       		.byte	0x9
 722 046c 06       		.uleb128 0x6
 723 046d 42000000 		.4byte	.LASF75
 724 0471 0B       		.byte	0xb
 725 0472 33       		.byte	0x33
 726 0473 A2000000 		.4byte	0xa2
 727 0477 0A       		.byte	0xa
 728 0478 06       		.uleb128 0x6
 729 0479 C7030000 		.4byte	.LASF76
 730 047d 0B       		.byte	0xb
 731 047e 34       		.byte	0x34
 732 047f A2000000 		.4byte	0xa2
 733 0483 0B       		.byte	0xb
 734 0484 06       		.uleb128 0x6
 735 0485 5B040000 		.4byte	.LASF77
 736 0489 0B       		.byte	0xb
 737 048a 35       		.byte	0x35
ARM GAS  /tmp/cccAr2I5.s 			page 14


 738 048b A2000000 		.4byte	0xa2
 739 048f 0C       		.byte	0xc
 740 0490 06       		.uleb128 0x6
 741 0491 A6030000 		.4byte	.LASF78
 742 0495 0B       		.byte	0xb
 743 0496 36       		.byte	0x36
 744 0497 A2000000 		.4byte	0xa2
 745 049b 0D       		.byte	0xd
 746 049c 06       		.uleb128 0x6
 747 049d 00000000 		.4byte	.LASF79
 748 04a1 0B       		.byte	0xb
 749 04a2 37       		.byte	0x37
 750 04a3 A2000000 		.4byte	0xa2
 751 04a7 0E       		.byte	0xe
 752 04a8 06       		.uleb128 0x6
 753 04a9 5B020000 		.4byte	.LASF80
 754 04ad 0B       		.byte	0xb
 755 04ae 38       		.byte	0x38
 756 04af A2000000 		.4byte	0xa2
 757 04b3 0F       		.byte	0xf
 758 04b4 06       		.uleb128 0x6
 759 04b5 98000000 		.4byte	.LASF81
 760 04b9 0B       		.byte	0xb
 761 04ba 39       		.byte	0x39
 762 04bb A2000000 		.4byte	0xa2
 763 04bf 10       		.byte	0x10
 764 04c0 06       		.uleb128 0x6
 765 04c1 71000000 		.4byte	.LASF82
 766 04c5 0B       		.byte	0xb
 767 04c6 3B       		.byte	0x3b
 768 04c7 A2000000 		.4byte	0xa2
 769 04cb 11       		.byte	0x11
 770 04cc 06       		.uleb128 0x6
 771 04cd A8000000 		.4byte	.LASF83
 772 04d1 0B       		.byte	0xb
 773 04d2 3C       		.byte	0x3c
 774 04d3 A2000000 		.4byte	0xa2
 775 04d7 12       		.byte	0x12
 776 04d8 06       		.uleb128 0x6
 777 04d9 3A020000 		.4byte	.LASF84
 778 04dd 0B       		.byte	0xb
 779 04de 3D       		.byte	0x3d
 780 04df A2000000 		.4byte	0xa2
 781 04e3 13       		.byte	0x13
 782 04e4 06       		.uleb128 0x6
 783 04e5 7B030000 		.4byte	.LASF85
 784 04e9 0B       		.byte	0xb
 785 04ea 3E       		.byte	0x3e
 786 04eb A2000000 		.4byte	0xa2
 787 04ef 14       		.byte	0x14
 788 04f0 06       		.uleb128 0x6
 789 04f1 5A030000 		.4byte	.LASF86
 790 04f5 0B       		.byte	0xb
 791 04f6 40       		.byte	0x40
 792 04f7 A2000000 		.4byte	0xa2
 793 04fb 15       		.byte	0x15
 794 04fc 00       		.byte	0
ARM GAS  /tmp/cccAr2I5.s 			page 15


 795 04fd 0F       		.uleb128 0xf
 796 04fe 0F040000 		.4byte	0x40f
 797 0502 0D050000 		.4byte	0x50d
 798 0506 10       		.uleb128 0x10
 799 0507 25030000 		.4byte	0x325
 800 050b 03       		.byte	0x3
 801 050c 00       		.byte	0
 802 050d 03       		.uleb128 0x3
 803 050e EA000000 		.4byte	.LASF87
 804 0512 0B       		.byte	0xb
 805 0513 41       		.byte	0x41
 806 0514 1C040000 		.4byte	0x41c
 807 0518 11       		.uleb128 0x11
 808 0519 59000000 		.4byte	.LASF88
 809 051d 01       		.byte	0x1
 810 051e 75       		.byte	0x75
 811 051f 56020000 		.4byte	0x256
 812 0523 00000000 		.4byte	.LFB7
 813 0527 14000000 		.4byte	.LFE7-.LFB7
 814 052b 01       		.uleb128 0x1
 815 052c 9C       		.byte	0x9c
 816 052d 3E050000 		.4byte	0x53e
 817 0531 12       		.uleb128 0x12
 818 0532 747000   		.ascii	"tp\000"
 819 0535 01       		.byte	0x1
 820 0536 76       		.byte	0x76
 821 0537 56020000 		.4byte	0x256
 822 053b 01       		.uleb128 0x1
 823 053c 50       		.byte	0x50
 824 053d 00       		.byte	0
 825 053e 11       		.uleb128 0x11
 826 053f E0030000 		.4byte	.LASF89
 827 0543 01       		.byte	0x1
 828 0544 8C       		.byte	0x8c
 829 0545 56020000 		.4byte	0x256
 830 0549 00000000 		.4byte	.LFB8
 831 054d 24000000 		.4byte	.LFE8-.LFB8
 832 0551 01       		.uleb128 0x1
 833 0552 9C       		.byte	0x9c
 834 0553 7E050000 		.4byte	0x57e
 835 0557 13       		.uleb128 0x13
 836 0558 747000   		.ascii	"tp\000"
 837 055b 01       		.byte	0x1
 838 055c 8C       		.byte	0x8c
 839 055d 56020000 		.4byte	0x256
 840 0561 00000000 		.4byte	.LLST0
 841 0565 14       		.uleb128 0x14
 842 0566 6E747000 		.ascii	"ntp\000"
 843 056a 01       		.byte	0x1
 844 056b 8D       		.byte	0x8d
 845 056c 56020000 		.4byte	0x256
 846 0570 2C000000 		.4byte	.LLST1
 847 0574 15       		.uleb128 0x15
 848 0575 18000000 		.4byte	.LVL4
 849 0579 9F050000 		.4byte	0x59f
 850 057d 00       		.byte	0
 851 057e 16       		.uleb128 0x16
ARM GAS  /tmp/cccAr2I5.s 			page 16


 852 057f 77040000 		.4byte	.LASF90
 853 0583 09       		.byte	0x9
 854 0584 6F       		.byte	0x6f
 855 0585 82030000 		.4byte	0x382
 856 0589 17       		.uleb128 0x17
 857 058a CC010000 		.4byte	.LASF91
 858 058e 01       		.byte	0x1
 859 058f 42       		.byte	0x42
 860 0590 9A050000 		.4byte	0x59a
 861 0594 05       		.uleb128 0x5
 862 0595 03       		.byte	0x3
 863 0596 00000000 		.4byte	ch_debug
 864 059a 0E       		.uleb128 0xe
 865 059b 0D050000 		.4byte	0x50d
 866 059f 18       		.uleb128 0x18
 867 05a0 92030000 		.4byte	.LASF95
 868 05a4 0C       		.byte	0xc
 869 05a5 3A       		.byte	0x3a
 870 05a6 19       		.uleb128 0x19
 871 05a7 56020000 		.4byte	0x256
 872 05ab 00       		.byte	0
 873 05ac 00       		.byte	0
 874              		.section	.debug_abbrev,"",%progbits
 875              	.Ldebug_abbrev0:
 876 0000 01       		.uleb128 0x1
 877 0001 11       		.uleb128 0x11
 878 0002 01       		.byte	0x1
 879 0003 25       		.uleb128 0x25
 880 0004 0E       		.uleb128 0xe
 881 0005 13       		.uleb128 0x13
 882 0006 0B       		.uleb128 0xb
 883 0007 03       		.uleb128 0x3
 884 0008 0E       		.uleb128 0xe
 885 0009 1B       		.uleb128 0x1b
 886 000a 0E       		.uleb128 0xe
 887 000b 55       		.uleb128 0x55
 888 000c 17       		.uleb128 0x17
 889 000d 11       		.uleb128 0x11
 890 000e 01       		.uleb128 0x1
 891 000f 10       		.uleb128 0x10
 892 0010 17       		.uleb128 0x17
 893 0011 00       		.byte	0
 894 0012 00       		.byte	0
 895 0013 02       		.uleb128 0x2
 896 0014 24       		.uleb128 0x24
 897 0015 00       		.byte	0
 898 0016 0B       		.uleb128 0xb
 899 0017 0B       		.uleb128 0xb
 900 0018 3E       		.uleb128 0x3e
 901 0019 0B       		.uleb128 0xb
 902 001a 03       		.uleb128 0x3
 903 001b 08       		.uleb128 0x8
 904 001c 00       		.byte	0
 905 001d 00       		.byte	0
 906 001e 03       		.uleb128 0x3
 907 001f 16       		.uleb128 0x16
 908 0020 00       		.byte	0
ARM GAS  /tmp/cccAr2I5.s 			page 17


 909 0021 03       		.uleb128 0x3
 910 0022 0E       		.uleb128 0xe
 911 0023 3A       		.uleb128 0x3a
 912 0024 0B       		.uleb128 0xb
 913 0025 3B       		.uleb128 0x3b
 914 0026 0B       		.uleb128 0xb
 915 0027 49       		.uleb128 0x49
 916 0028 13       		.uleb128 0x13
 917 0029 00       		.byte	0
 918 002a 00       		.byte	0
 919 002b 04       		.uleb128 0x4
 920 002c 24       		.uleb128 0x24
 921 002d 00       		.byte	0
 922 002e 0B       		.uleb128 0xb
 923 002f 0B       		.uleb128 0xb
 924 0030 3E       		.uleb128 0x3e
 925 0031 0B       		.uleb128 0xb
 926 0032 03       		.uleb128 0x3
 927 0033 0E       		.uleb128 0xe
 928 0034 00       		.byte	0
 929 0035 00       		.byte	0
 930 0036 05       		.uleb128 0x5
 931 0037 13       		.uleb128 0x13
 932 0038 01       		.byte	0x1
 933 0039 03       		.uleb128 0x3
 934 003a 0E       		.uleb128 0xe
 935 003b 0B       		.uleb128 0xb
 936 003c 0B       		.uleb128 0xb
 937 003d 3A       		.uleb128 0x3a
 938 003e 0B       		.uleb128 0xb
 939 003f 3B       		.uleb128 0x3b
 940 0040 0B       		.uleb128 0xb
 941 0041 01       		.uleb128 0x1
 942 0042 13       		.uleb128 0x13
 943 0043 00       		.byte	0
 944 0044 00       		.byte	0
 945 0045 06       		.uleb128 0x6
 946 0046 0D       		.uleb128 0xd
 947 0047 00       		.byte	0
 948 0048 03       		.uleb128 0x3
 949 0049 0E       		.uleb128 0xe
 950 004a 3A       		.uleb128 0x3a
 951 004b 0B       		.uleb128 0xb
 952 004c 3B       		.uleb128 0x3b
 953 004d 0B       		.uleb128 0xb
 954 004e 49       		.uleb128 0x49
 955 004f 13       		.uleb128 0x13
 956 0050 38       		.uleb128 0x38
 957 0051 0B       		.uleb128 0xb
 958 0052 00       		.byte	0
 959 0053 00       		.byte	0
 960 0054 07       		.uleb128 0x7
 961 0055 0D       		.uleb128 0xd
 962 0056 00       		.byte	0
 963 0057 03       		.uleb128 0x3
 964 0058 08       		.uleb128 0x8
 965 0059 3A       		.uleb128 0x3a
ARM GAS  /tmp/cccAr2I5.s 			page 18


 966 005a 0B       		.uleb128 0xb
 967 005b 3B       		.uleb128 0x3b
 968 005c 0B       		.uleb128 0xb
 969 005d 49       		.uleb128 0x49
 970 005e 13       		.uleb128 0x13
 971 005f 38       		.uleb128 0x38
 972 0060 0B       		.uleb128 0xb
 973 0061 00       		.byte	0
 974 0062 00       		.byte	0
 975 0063 08       		.uleb128 0x8
 976 0064 13       		.uleb128 0x13
 977 0065 01       		.byte	0x1
 978 0066 0B       		.uleb128 0xb
 979 0067 0B       		.uleb128 0xb
 980 0068 3A       		.uleb128 0x3a
 981 0069 0B       		.uleb128 0xb
 982 006a 3B       		.uleb128 0x3b
 983 006b 0B       		.uleb128 0xb
 984 006c 01       		.uleb128 0x1
 985 006d 13       		.uleb128 0x13
 986 006e 00       		.byte	0
 987 006f 00       		.byte	0
 988 0070 09       		.uleb128 0x9
 989 0071 0F       		.uleb128 0xf
 990 0072 00       		.byte	0
 991 0073 0B       		.uleb128 0xb
 992 0074 0B       		.uleb128 0xb
 993 0075 49       		.uleb128 0x49
 994 0076 13       		.uleb128 0x13
 995 0077 00       		.byte	0
 996 0078 00       		.byte	0
 997 0079 0A       		.uleb128 0xa
 998 007a 0F       		.uleb128 0xf
 999 007b 00       		.byte	0
 1000 007c 0B       		.uleb128 0xb
 1001 007d 0B       		.uleb128 0xb
 1002 007e 00       		.byte	0
 1003 007f 00       		.byte	0
 1004 0080 0B       		.uleb128 0xb
 1005 0081 35       		.uleb128 0x35
 1006 0082 00       		.byte	0
 1007 0083 49       		.uleb128 0x49
 1008 0084 13       		.uleb128 0x13
 1009 0085 00       		.byte	0
 1010 0086 00       		.byte	0
 1011 0087 0C       		.uleb128 0xc
 1012 0088 17       		.uleb128 0x17
 1013 0089 01       		.byte	0x1
 1014 008a 0B       		.uleb128 0xb
 1015 008b 0B       		.uleb128 0xb
 1016 008c 3A       		.uleb128 0x3a
 1017 008d 0B       		.uleb128 0xb
 1018 008e 3B       		.uleb128 0x3b
 1019 008f 0B       		.uleb128 0xb
 1020 0090 01       		.uleb128 0x1
 1021 0091 13       		.uleb128 0x13
 1022 0092 00       		.byte	0
ARM GAS  /tmp/cccAr2I5.s 			page 19


 1023 0093 00       		.byte	0
 1024 0094 0D       		.uleb128 0xd
 1025 0095 0D       		.uleb128 0xd
 1026 0096 00       		.byte	0
 1027 0097 03       		.uleb128 0x3
 1028 0098 0E       		.uleb128 0xe
 1029 0099 3A       		.uleb128 0x3a
 1030 009a 0B       		.uleb128 0xb
 1031 009b 3B       		.uleb128 0x3b
 1032 009c 0B       		.uleb128 0xb
 1033 009d 49       		.uleb128 0x49
 1034 009e 13       		.uleb128 0x13
 1035 009f 00       		.byte	0
 1036 00a0 00       		.byte	0
 1037 00a1 0E       		.uleb128 0xe
 1038 00a2 26       		.uleb128 0x26
 1039 00a3 00       		.byte	0
 1040 00a4 49       		.uleb128 0x49
 1041 00a5 13       		.uleb128 0x13
 1042 00a6 00       		.byte	0
 1043 00a7 00       		.byte	0
 1044 00a8 0F       		.uleb128 0xf
 1045 00a9 01       		.uleb128 0x1
 1046 00aa 01       		.byte	0x1
 1047 00ab 49       		.uleb128 0x49
 1048 00ac 13       		.uleb128 0x13
 1049 00ad 01       		.uleb128 0x1
 1050 00ae 13       		.uleb128 0x13
 1051 00af 00       		.byte	0
 1052 00b0 00       		.byte	0
 1053 00b1 10       		.uleb128 0x10
 1054 00b2 21       		.uleb128 0x21
 1055 00b3 00       		.byte	0
 1056 00b4 49       		.uleb128 0x49
 1057 00b5 13       		.uleb128 0x13
 1058 00b6 2F       		.uleb128 0x2f
 1059 00b7 0B       		.uleb128 0xb
 1060 00b8 00       		.byte	0
 1061 00b9 00       		.byte	0
 1062 00ba 11       		.uleb128 0x11
 1063 00bb 2E       		.uleb128 0x2e
 1064 00bc 01       		.byte	0x1
 1065 00bd 3F       		.uleb128 0x3f
 1066 00be 19       		.uleb128 0x19
 1067 00bf 03       		.uleb128 0x3
 1068 00c0 0E       		.uleb128 0xe
 1069 00c1 3A       		.uleb128 0x3a
 1070 00c2 0B       		.uleb128 0xb
 1071 00c3 3B       		.uleb128 0x3b
 1072 00c4 0B       		.uleb128 0xb
 1073 00c5 27       		.uleb128 0x27
 1074 00c6 19       		.uleb128 0x19
 1075 00c7 49       		.uleb128 0x49
 1076 00c8 13       		.uleb128 0x13
 1077 00c9 11       		.uleb128 0x11
 1078 00ca 01       		.uleb128 0x1
 1079 00cb 12       		.uleb128 0x12
ARM GAS  /tmp/cccAr2I5.s 			page 20


 1080 00cc 06       		.uleb128 0x6
 1081 00cd 40       		.uleb128 0x40
 1082 00ce 18       		.uleb128 0x18
 1083 00cf 9742     		.uleb128 0x2117
 1084 00d1 19       		.uleb128 0x19
 1085 00d2 01       		.uleb128 0x1
 1086 00d3 13       		.uleb128 0x13
 1087 00d4 00       		.byte	0
 1088 00d5 00       		.byte	0
 1089 00d6 12       		.uleb128 0x12
 1090 00d7 34       		.uleb128 0x34
 1091 00d8 00       		.byte	0
 1092 00d9 03       		.uleb128 0x3
 1093 00da 08       		.uleb128 0x8
 1094 00db 3A       		.uleb128 0x3a
 1095 00dc 0B       		.uleb128 0xb
 1096 00dd 3B       		.uleb128 0x3b
 1097 00de 0B       		.uleb128 0xb
 1098 00df 49       		.uleb128 0x49
 1099 00e0 13       		.uleb128 0x13
 1100 00e1 02       		.uleb128 0x2
 1101 00e2 18       		.uleb128 0x18
 1102 00e3 00       		.byte	0
 1103 00e4 00       		.byte	0
 1104 00e5 13       		.uleb128 0x13
 1105 00e6 05       		.uleb128 0x5
 1106 00e7 00       		.byte	0
 1107 00e8 03       		.uleb128 0x3
 1108 00e9 08       		.uleb128 0x8
 1109 00ea 3A       		.uleb128 0x3a
 1110 00eb 0B       		.uleb128 0xb
 1111 00ec 3B       		.uleb128 0x3b
 1112 00ed 0B       		.uleb128 0xb
 1113 00ee 49       		.uleb128 0x49
 1114 00ef 13       		.uleb128 0x13
 1115 00f0 02       		.uleb128 0x2
 1116 00f1 17       		.uleb128 0x17
 1117 00f2 00       		.byte	0
 1118 00f3 00       		.byte	0
 1119 00f4 14       		.uleb128 0x14
 1120 00f5 34       		.uleb128 0x34
 1121 00f6 00       		.byte	0
 1122 00f7 03       		.uleb128 0x3
 1123 00f8 08       		.uleb128 0x8
 1124 00f9 3A       		.uleb128 0x3a
 1125 00fa 0B       		.uleb128 0xb
 1126 00fb 3B       		.uleb128 0x3b
 1127 00fc 0B       		.uleb128 0xb
 1128 00fd 49       		.uleb128 0x49
 1129 00fe 13       		.uleb128 0x13
 1130 00ff 02       		.uleb128 0x2
 1131 0100 17       		.uleb128 0x17
 1132 0101 00       		.byte	0
 1133 0102 00       		.byte	0
 1134 0103 15       		.uleb128 0x15
 1135 0104 898201   		.uleb128 0x4109
 1136 0107 00       		.byte	0
ARM GAS  /tmp/cccAr2I5.s 			page 21


 1137 0108 11       		.uleb128 0x11
 1138 0109 01       		.uleb128 0x1
 1139 010a 31       		.uleb128 0x31
 1140 010b 13       		.uleb128 0x13
 1141 010c 00       		.byte	0
 1142 010d 00       		.byte	0
 1143 010e 16       		.uleb128 0x16
 1144 010f 34       		.uleb128 0x34
 1145 0110 00       		.byte	0
 1146 0111 03       		.uleb128 0x3
 1147 0112 0E       		.uleb128 0xe
 1148 0113 3A       		.uleb128 0x3a
 1149 0114 0B       		.uleb128 0xb
 1150 0115 3B       		.uleb128 0x3b
 1151 0116 0B       		.uleb128 0xb
 1152 0117 49       		.uleb128 0x49
 1153 0118 13       		.uleb128 0x13
 1154 0119 3F       		.uleb128 0x3f
 1155 011a 19       		.uleb128 0x19
 1156 011b 3C       		.uleb128 0x3c
 1157 011c 19       		.uleb128 0x19
 1158 011d 00       		.byte	0
 1159 011e 00       		.byte	0
 1160 011f 17       		.uleb128 0x17
 1161 0120 34       		.uleb128 0x34
 1162 0121 00       		.byte	0
 1163 0122 03       		.uleb128 0x3
 1164 0123 0E       		.uleb128 0xe
 1165 0124 3A       		.uleb128 0x3a
 1166 0125 0B       		.uleb128 0xb
 1167 0126 3B       		.uleb128 0x3b
 1168 0127 0B       		.uleb128 0xb
 1169 0128 49       		.uleb128 0x49
 1170 0129 13       		.uleb128 0x13
 1171 012a 3F       		.uleb128 0x3f
 1172 012b 19       		.uleb128 0x19
 1173 012c 02       		.uleb128 0x2
 1174 012d 18       		.uleb128 0x18
 1175 012e 00       		.byte	0
 1176 012f 00       		.byte	0
 1177 0130 18       		.uleb128 0x18
 1178 0131 2E       		.uleb128 0x2e
 1179 0132 01       		.byte	0x1
 1180 0133 3F       		.uleb128 0x3f
 1181 0134 19       		.uleb128 0x19
 1182 0135 03       		.uleb128 0x3
 1183 0136 0E       		.uleb128 0xe
 1184 0137 3A       		.uleb128 0x3a
 1185 0138 0B       		.uleb128 0xb
 1186 0139 3B       		.uleb128 0x3b
 1187 013a 0B       		.uleb128 0xb
 1188 013b 27       		.uleb128 0x27
 1189 013c 19       		.uleb128 0x19
 1190 013d 3C       		.uleb128 0x3c
 1191 013e 19       		.uleb128 0x19
 1192 013f 00       		.byte	0
 1193 0140 00       		.byte	0
ARM GAS  /tmp/cccAr2I5.s 			page 22


 1194 0141 19       		.uleb128 0x19
 1195 0142 05       		.uleb128 0x5
 1196 0143 00       		.byte	0
 1197 0144 49       		.uleb128 0x49
 1198 0145 13       		.uleb128 0x13
 1199 0146 00       		.byte	0
 1200 0147 00       		.byte	0
 1201 0148 00       		.byte	0
 1202              		.section	.debug_loc,"",%progbits
 1203              	.Ldebug_loc0:
 1204              	.LLST0:
 1205 0000 00000000 		.4byte	.LVL1
 1206 0004 17000000 		.4byte	.LVL4-1
 1207 0008 0100     		.2byte	0x1
 1208 000a 50       		.byte	0x50
 1209 000b 17000000 		.4byte	.LVL4-1
 1210 000f 1C000000 		.4byte	.LVL6
 1211 0013 0400     		.2byte	0x4
 1212 0015 F3       		.byte	0xf3
 1213 0016 01       		.uleb128 0x1
 1214 0017 50       		.byte	0x50
 1215 0018 9F       		.byte	0x9f
 1216 0019 1C000000 		.4byte	.LVL6
 1217 001d 24000000 		.4byte	.LFE8
 1218 0021 0100     		.2byte	0x1
 1219 0023 50       		.byte	0x50
 1220 0024 00000000 		.4byte	0
 1221 0028 00000000 		.4byte	0
 1222              	.LLST1:
 1223 002c 08000000 		.4byte	.LVL2
 1224 0030 1A000000 		.4byte	.LVL5
 1225 0034 0100     		.2byte	0x1
 1226 0036 54       		.byte	0x54
 1227 0037 1A000000 		.4byte	.LVL5
 1228 003b 1C000000 		.4byte	.LVL6
 1229 003f 0100     		.2byte	0x1
 1230 0041 50       		.byte	0x50
 1231 0042 1C000000 		.4byte	.LVL6
 1232 0046 1E000000 		.4byte	.LVL7
 1233 004a 0100     		.2byte	0x1
 1234 004c 54       		.byte	0x54
 1235 004d 1E000000 		.4byte	.LVL7
 1236 0051 24000000 		.4byte	.LFE8
 1237 0055 0200     		.2byte	0x2
 1238 0057 70       		.byte	0x70
 1239 0058 10       		.sleb128 16
 1240 0059 00000000 		.4byte	0
 1241 005d 00000000 		.4byte	0
 1242              		.section	.debug_aranges,"",%progbits
 1243 0000 24000000 		.4byte	0x24
 1244 0004 0200     		.2byte	0x2
 1245 0006 00000000 		.4byte	.Ldebug_info0
 1246 000a 04       		.byte	0x4
 1247 000b 00       		.byte	0
 1248 000c 0000     		.2byte	0
 1249 000e 0000     		.2byte	0
 1250 0010 00000000 		.4byte	.LFB7
ARM GAS  /tmp/cccAr2I5.s 			page 23


 1251 0014 14000000 		.4byte	.LFE7-.LFB7
 1252 0018 00000000 		.4byte	.LFB8
 1253 001c 24000000 		.4byte	.LFE8-.LFB8
 1254 0020 00000000 		.4byte	0
 1255 0024 00000000 		.4byte	0
 1256              		.section	.debug_ranges,"",%progbits
 1257              	.Ldebug_ranges0:
 1258 0000 00000000 		.4byte	.LFB7
 1259 0004 14000000 		.4byte	.LFE7
 1260 0008 00000000 		.4byte	.LFB8
 1261 000c 24000000 		.4byte	.LFE8
 1262 0010 00000000 		.4byte	0
 1263 0014 00000000 		.4byte	0
 1264              		.section	.debug_line,"",%progbits
 1265              	.Ldebug_line0:
 1266 0000 A1010000 		.section	.debug_str,"MS",%progbits,1
 1266      02006B01 
 1266      00000201 
 1266      FB0E0D00 
 1266      01010101 
 1267              	.LASF79:
 1268 0000 63665F6F 		.ascii	"cf_off_older\000"
 1268      66665F6F 
 1268      6C646572 
 1268      00
 1269              	.LASF42:
 1270 000d 705F6D73 		.ascii	"p_msg\000"
 1270      6700
 1271              	.LASF2:
 1272 0013 73697A65 		.ascii	"size_t\000"
 1272      5F7400
 1273              	.LASF64:
 1274 001a 7264796D 		.ascii	"rdymsg\000"
 1274      736700
 1275              	.LASF3:
 1276 0021 5F5F7569 		.ascii	"__uint8_t\000"
 1276      6E74385F 
 1276      7400
 1277              	.LASF13:
 1278 002b 6C6F6E67 		.ascii	"long long unsigned int\000"
 1278      206C6F6E 
 1278      6720756E 
 1278      7369676E 
 1278      65642069 
 1279              	.LASF75:
 1280 0042 63685F74 		.ascii	"ch_threadsize\000"
 1280      68726561 
 1280      6473697A 
 1280      6500
 1281              	.LASF65:
 1282 0050 65786974 		.ascii	"exitcode\000"
 1282      636F6465 
 1282      00
 1283              	.LASF88:
 1284 0059 63685265 		.ascii	"chRegFirstThread\000"
 1284      67466972 
 1284      73745468 
ARM GAS  /tmp/cccAr2I5.s 			page 24


 1284      72656164 
 1284      00
 1285              	.LASF30:
 1286 006a 705F7072 		.ascii	"p_prio\000"
 1286      696F00
 1287              	.LASF82:
 1288 0071 63665F6F 		.ascii	"cf_off_state\000"
 1288      66665F73 
 1288      74617465 
 1288      00
 1289              	.LASF12:
 1290 007e 6C6F6E67 		.ascii	"long long int\000"
 1290      206C6F6E 
 1290      6720696E 
 1290      7400
 1291              	.LASF1:
 1292 008c 7369676E 		.ascii	"signed char\000"
 1292      65642063 
 1292      68617200 
 1293              	.LASF81:
 1294 0098 63665F6F 		.ascii	"cf_off_stklimit\000"
 1294      66665F73 
 1294      746B6C69 
 1294      6D697400 
 1295              	.LASF83:
 1296 00a8 63665F6F 		.ascii	"cf_off_flags\000"
 1296      66665F66 
 1296      6C616773 
 1296      00
 1297              	.LASF46:
 1298 00b5 705F6D70 		.ascii	"p_mpool\000"
 1298      6F6F6C00 
 1299              	.LASF61:
 1300 00bd 6D5F7175 		.ascii	"m_queue\000"
 1300      65756500 
 1301              	.LASF22:
 1302 00c5 74736C69 		.ascii	"tslices_t\000"
 1302      6365735F 
 1302      7400
 1303              	.LASF9:
 1304 00cf 6C6F6E67 		.ascii	"long int\000"
 1304      20696E74 
 1304      00
 1305              	.LASF20:
 1306 00d8 74737461 		.ascii	"tstate_t\000"
 1306      74655F74 
 1306      00
 1307              	.LASF15:
 1308 00e1 75696E74 		.ascii	"uint16_t\000"
 1308      31365F74 
 1308      00
 1309              	.LASF87:
 1310 00ea 63686465 		.ascii	"chdebug_t\000"
 1310      6275675F 
 1310      7400
 1311              	.LASF32:
 1312 00f4 705F6E65 		.ascii	"p_newer\000"
ARM GAS  /tmp/cccAr2I5.s 			page 25


 1312      77657200 
 1313              	.LASF92:
 1314 00fc 474E5520 		.ascii	"GNU C 4.8.2 -mcpu=cortex-m0 -mno-thumb-interwork -m"
 1314      4320342E 
 1314      382E3220 
 1314      2D6D6370 
 1314      753D636F 
 1315 012f 7468756D 		.ascii	"thumb -ggdb -O2 -fomit-frame-pointer -falign-functi"
 1315      62202D67 
 1315      67646220 
 1315      2D4F3220 
 1315      2D666F6D 
 1316 0162 6F6E733D 		.ascii	"ons=16 -ffunction-sections -fdata-sections -fno-com"
 1316      3136202D 
 1316      6666756E 
 1316      6374696F 
 1316      6E2D7365 
 1317 0195 6D6F6E00 		.ascii	"mon\000"
 1318              	.LASF10:
 1319 0199 5F5F7569 		.ascii	"__uint32_t\000"
 1319      6E743332 
 1319      5F7400
 1320              	.LASF49:
 1321 01a4 72656761 		.ascii	"regarm_t\000"
 1321      726D5F74 
 1321      00
 1322              	.LASF0:
 1323 01ad 756E7369 		.ascii	"unsigned int\000"
 1323      676E6564 
 1323      20696E74 
 1323      00
 1324              	.LASF11:
 1325 01ba 6C6F6E67 		.ascii	"long unsigned int\000"
 1325      20756E73 
 1325      69676E65 
 1325      6420696E 
 1325      7400
 1326              	.LASF91:
 1327 01cc 63685F64 		.ascii	"ch_debug\000"
 1327      65627567 
 1327      00
 1328              	.LASF69:
 1329 01d5 63685F69 		.ascii	"ch_identifier\000"
 1329      64656E74 
 1329      69666965 
 1329      7200
 1330              	.LASF51:
 1331 01e3 636F6E74 		.ascii	"context\000"
 1331      65787400 
 1332              	.LASF7:
 1333 01eb 73686F72 		.ascii	"short unsigned int\000"
 1333      7420756E 
 1333      7369676E 
 1333      65642069 
 1333      6E7400
 1334              	.LASF24:
 1335 01fe 6D73675F 		.ascii	"msg_t\000"
ARM GAS  /tmp/cccAr2I5.s 			page 26


 1335      7400
 1336              	.LASF56:
 1337 0204 725F6E65 		.ascii	"r_newer\000"
 1337      77657200 
 1338              	.LASF19:
 1339 020c 746D6F64 		.ascii	"tmode_t\000"
 1339      655F7400 
 1340              	.LASF48:
 1341 0214 54687265 		.ascii	"ThreadsList\000"
 1341      6164734C 
 1341      69737400 
 1342              	.LASF25:
 1343 0220 6576656E 		.ascii	"eventmask_t\000"
 1343      746D6173 
 1343      6B5F7400 
 1344              	.LASF60:
 1345 022c 4D757465 		.ascii	"Mutex\000"
 1345      7800
 1346              	.LASF70:
 1347 0232 63685F7A 		.ascii	"ch_zero\000"
 1347      65726F00 
 1348              	.LASF84:
 1349 023a 63665F6F 		.ascii	"cf_off_refs\000"
 1349      66665F72 
 1349      65667300 
 1350              	.LASF52:
 1351 0246 73697A65 		.ascii	"sizetype\000"
 1351      74797065 
 1351      00
 1352              	.LASF74:
 1353 024f 63685F74 		.ascii	"ch_timesize\000"
 1353      696D6573 
 1353      697A6500 
 1354              	.LASF80:
 1355 025b 63665F6F 		.ascii	"cf_off_name\000"
 1355      66665F6E 
 1355      616D6500 
 1356              	.LASF33:
 1357 0267 705F6F6C 		.ascii	"p_older\000"
 1357      64657200 
 1358              	.LASF55:
 1359 026f 725F6374 		.ascii	"r_ctx\000"
 1359      7800
 1360              	.LASF47:
 1361 0275 54687265 		.ascii	"ThreadsQueue\000"
 1361      61647351 
 1361      75657565 
 1361      00
 1362              	.LASF71:
 1363 0282 63685F73 		.ascii	"ch_size\000"
 1363      697A6500 
 1364              	.LASF94:
 1365 028a 2F686F6D 		.ascii	"/home/ece497/vbox-shared/mplayer/ChibiOS-RT-stable_"
 1365      652F6563 
 1365      65343937 
 1365      2F76626F 
 1365      782D7368 
ARM GAS  /tmp/cccAr2I5.s 			page 27


 1366 02bd 322E362E 		.ascii	"2.6.x/demos/ARMCM0-STM32F051-DISCOVERY\000"
 1366      782F6465 
 1366      6D6F732F 
 1366      41524D43 
 1366      4D302D53 
 1367              	.LASF58:
 1368 02e4 725F6375 		.ascii	"r_current\000"
 1368      7272656E 
 1368      7400
 1369              	.LASF57:
 1370 02ee 725F6F6C 		.ascii	"r_older\000"
 1370      64657200 
 1371              	.LASF21:
 1372 02f6 74726566 		.ascii	"trefs_t\000"
 1372      735F7400 
 1373              	.LASF73:
 1374 02fe 63685F70 		.ascii	"ch_ptrsize\000"
 1374      74727369 
 1374      7A6500
 1375              	.LASF29:
 1376 0309 705F7072 		.ascii	"p_prev\000"
 1376      657600
 1377              	.LASF23:
 1378 0310 74707269 		.ascii	"tprio_t\000"
 1378      6F5F7400 
 1379              	.LASF18:
 1380 0318 5F426F6F 		.ascii	"_Bool\000"
 1380      6C00
 1381              	.LASF16:
 1382 031e 696E7433 		.ascii	"int32_t\000"
 1382      325F7400 
 1383              	.LASF4:
 1384 0326 756E7369 		.ascii	"unsigned char\000"
 1384      676E6564 
 1384      20636861 
 1384      7200
 1385              	.LASF44:
 1386 0334 705F6D74 		.ascii	"p_mtxlist\000"
 1386      786C6973 
 1386      7400
 1387              	.LASF5:
 1388 033e 73686F72 		.ascii	"short int\000"
 1388      7420696E 
 1388      7400
 1389              	.LASF35:
 1390 0348 705F7374 		.ascii	"p_state\000"
 1390      61746500 
 1391              	.LASF38:
 1392 0350 705F7072 		.ascii	"p_preempt\000"
 1392      65656D70 
 1392      7400
 1393              	.LASF86:
 1394 035a 63665F6F 		.ascii	"cf_off_time\000"
 1394      66665F74 
 1394      696D6500 
 1395              	.LASF54:
 1396 0366 725F7072 		.ascii	"r_prio\000"
ARM GAS  /tmp/cccAr2I5.s 			page 28


 1396      696F00
 1397              	.LASF67:
 1398 036d 65776D61 		.ascii	"ewmask\000"
 1398      736B00
 1399              	.LASF28:
 1400 0374 705F6E65 		.ascii	"p_next\000"
 1400      787400
 1401              	.LASF85:
 1402 037b 63665F6F 		.ascii	"cf_off_preempt\000"
 1402      66665F70 
 1402      7265656D 
 1402      707400
 1403              	.LASF36:
 1404 038a 705F666C 		.ascii	"p_flags\000"
 1404      61677300 
 1405              	.LASF95:
 1406 0392 63685468 		.ascii	"chThdRelease\000"
 1406      6452656C 
 1406      65617365 
 1406      00
 1407              	.LASF27:
 1408 039f 54687265 		.ascii	"Thread\000"
 1408      616400
 1409              	.LASF78:
 1410 03a6 63665F6F 		.ascii	"cf_off_newer\000"
 1410      66665F6E 
 1410      65776572 
 1410      00
 1411              	.LASF43:
 1412 03b3 705F6570 		.ascii	"p_epending\000"
 1412      656E6469 
 1412      6E6700
 1413              	.LASF17:
 1414 03be 75696E74 		.ascii	"uint32_t\000"
 1414      33325F74 
 1414      00
 1415              	.LASF76:
 1416 03c7 63665F6F 		.ascii	"cf_off_prio\000"
 1416      66665F70 
 1416      72696F00 
 1417              	.LASF53:
 1418 03d3 725F7175 		.ascii	"r_queue\000"
 1418      65756500 
 1419              	.LASF68:
 1420 03db 63686172 		.ascii	"char\000"
 1420      00
 1421              	.LASF89:
 1422 03e0 63685265 		.ascii	"chRegNextThread\000"
 1422      674E6578 
 1422      74546872 
 1422      65616400 
 1423              	.LASF6:
 1424 03f0 5F5F7569 		.ascii	"__uint16_t\000"
 1424      6E743136 
 1424      5F7400
 1425              	.LASF63:
 1426 03fb 6D5F6E65 		.ascii	"m_next\000"
ARM GAS  /tmp/cccAr2I5.s 			page 29


 1426      787400
 1427              	.LASF26:
 1428 0402 73797374 		.ascii	"systime_t\000"
 1428      696D655F 
 1428      7400
 1429              	.LASF45:
 1430 040c 705F7265 		.ascii	"p_realprio\000"
 1430      616C7072 
 1430      696F00
 1431              	.LASF8:
 1432 0417 5F5F696E 		.ascii	"__int32_t\000"
 1432      7433325F 
 1432      7400
 1433              	.LASF39:
 1434 0421 705F7469 		.ascii	"p_time\000"
 1434      6D6500
 1435              	.LASF50:
 1436 0428 696E7463 		.ascii	"intctx\000"
 1436      747800
 1437              	.LASF41:
 1438 042f 705F6D73 		.ascii	"p_msgqueue\000"
 1438      67717565 
 1438      756500
 1439              	.LASF93:
 1440 043a 2E2E2F2E 		.ascii	"../../os/kernel/src/chregistry.c\000"
 1440      2E2F6F73 
 1440      2F6B6572 
 1440      6E656C2F 
 1440      7372632F 
 1441              	.LASF77:
 1442 045b 63665F6F 		.ascii	"cf_off_ctx\000"
 1442      66665F63 
 1442      747800
 1443              	.LASF37:
 1444 0466 705F7265 		.ascii	"p_refs\000"
 1444      667300
 1445              	.LASF59:
 1446 046d 52656164 		.ascii	"ReadyList\000"
 1446      794C6973 
 1446      7400
 1447              	.LASF90:
 1448 0477 726C6973 		.ascii	"rlist\000"
 1448      7400
 1449              	.LASF14:
 1450 047d 75696E74 		.ascii	"uint8_t\000"
 1450      385F7400 
 1451              	.LASF66:
 1452 0485 77746F62 		.ascii	"wtobjp\000"
 1452      6A7000
 1453              	.LASF34:
 1454 048c 705F6E61 		.ascii	"p_name\000"
 1454      6D6500
 1455              	.LASF72:
 1456 0493 63685F76 		.ascii	"ch_version\000"
 1456      65727369 
 1456      6F6E00
 1457              	.LASF62:
ARM GAS  /tmp/cccAr2I5.s 			page 30


 1458 049e 6D5F6F77 		.ascii	"m_owner\000"
 1458      6E657200 
 1459              	.LASF31:
 1460 04a6 705F6374 		.ascii	"p_ctx\000"
 1460      7800
 1461              	.LASF40:
 1462 04ac 705F7761 		.ascii	"p_waiting\000"
 1462      6974696E 
 1462      6700
 1463              		.ident	"GCC: (Arch Repository) 4.8.2"
ARM GAS  /tmp/cccAr2I5.s 			page 31


DEFINED SYMBOLS
                            *ABS*:0000000000000000 chregistry.c
     /tmp/cccAr2I5.s:18     .text.chRegFirstThread:0000000000000000 $t
     /tmp/cccAr2I5.s:24     .text.chRegFirstThread:0000000000000000 chRegFirstThread
     /tmp/cccAr2I5.s:53     .text.chRegFirstThread:0000000000000010 $d
     /tmp/cccAr2I5.s:58     .text.chRegNextThread:0000000000000000 $t
     /tmp/cccAr2I5.s:64     .text.chRegNextThread:0000000000000000 chRegNextThread
     /tmp/cccAr2I5.s:114    .text.chRegNextThread:0000000000000020 $d
     /tmp/cccAr2I5.s:123    .rodata.ch_debug:0000000000000000 ch_debug
     /tmp/cccAr2I5.s:120    .rodata.ch_debug:0000000000000000 $d
                     .debug_frame:0000000000000010 $d
     /tmp/cccAr2I5.s:57     .text.chRegFirstThread:0000000000000014 $t
     /tmp/cccAr2I5.s:119    .text.chRegNextThread:0000000000000024 $t

UNDEFINED SYMBOLS
rlist
chThdRelease
