ARM GAS  /tmp/cctQ04nK.s 			page 1


   1              		.cpu cortex-m0
   2              		.fpu softvfp
   3              		.eabi_attribute 20, 1
   4              		.eabi_attribute 21, 1
   5              		.eabi_attribute 23, 3
   6              		.eabi_attribute 24, 1
   7              		.eabi_attribute 25, 1
   8              		.eabi_attribute 26, 1
   9              		.eabi_attribute 30, 2
  10              		.eabi_attribute 34, 0
  11              		.eabi_attribute 18, 4
  12              		.code	16
  13              		.file	"chsys.c"
  14              		.text
  15              	.Ltext0:
  16              		.cfi_sections	.debug_frame
  17              		.section	.text._idle_thread,"ax",%progbits
  18              		.align	2
  19              		.p2align 4,,15
  20              		.global	_idle_thread
  21              		.code	16
  22              		.thumb_func
  23              		.type	_idle_thread, %function
  24              	_idle_thread:
  25              	.LFB7:
  26              		.file 1 "../../os/kernel/src/chsys.c"
  27              		.loc 1 61 0
  28              		.cfi_startproc
  29              	.LVL0:
  30              		.loc 1 64 0
  31 0000 024B     		ldr	r3, .L4
  32 0002 034A     		ldr	r2, .L4+4
  33 0004 9B69     		ldr	r3, [r3, #24]
  34              		.loc 1 61 0
  35 0006 00B5     		push	{lr}
  36              		.cfi_def_cfa_offset 4
  37              		.cfi_offset 14, -4
  38              		.loc 1 64 0
  39 0008 9A61     		str	r2, [r3, #24]
  40              	.L2:
  41 000a FEE7     		b	.L2
  42              	.L5:
  43              		.align	2
  44              	.L4:
  45 000c 00000000 		.word	rlist
  46 0010 00000000 		.word	.LC1
  47              		.cfi_endproc
  48              	.LFE7:
  49              		.size	_idle_thread, .-_idle_thread
  50 0014 C046C046 		.section	.text.chSysInit,"ax",%progbits
  50      C046C046 
  50      C046C046 
  51              		.align	2
  52              		.p2align 4,,15
  53              		.global	chSysInit
  54              		.code	16
  55              		.thumb_func
ARM GAS  /tmp/cctQ04nK.s 			page 2


  56              		.type	chSysInit, %function
  57              	chSysInit:
  58              	.LFB8:
  59              		.loc 1 84 0
  60              		.cfi_startproc
  61 0000 00B5     		push	{lr}
  62              		.cfi_def_cfa_offset 4
  63              		.cfi_offset 14, -4
  64              		.loc 1 90 0
  65 0002 154A     		ldr	r2, .L7
  66 0004 154B     		ldr	r3, .L7+4
  67              		.loc 1 84 0
  68 0006 83B0     		sub	sp, sp, #12
  69              		.cfi_def_cfa_offset 16
  70              		.loc 1 90 0
  71 0008 DA60     		str	r2, [r3, #12]
  72 000a 0A20     		mov	r0, #10
  73 000c 0021     		mov	r1, #0
  74 000e FFF7FEFF 		bl	nvicSetSystemHandlerPriority
  75              	.LVL1:
  76 0012 0B20     		mov	r0, #11
  77 0014 8021     		mov	r1, #128
  78 0016 FFF7FEFF 		bl	nvicSetSystemHandlerPriority
  79              	.LVL2:
  80              		.loc 1 91 0
  81 001a FFF7FEFF 		bl	_scheduler_init
  82              	.LVL3:
  83              		.loc 1 92 0
  84 001e FFF7FEFF 		bl	_vt_init
  85              	.LVL4:
  86              		.loc 1 94 0
  87 0022 FFF7FEFF 		bl	_core_init
  88              	.LVL5:
  89              		.loc 1 97 0
  90 0026 FFF7FEFF 		bl	_heap_init
  91              	.LVL6:
  92              		.loc 1 104 0
  93 002a 4021     		mov	r1, #64
  94 002c 0C48     		ldr	r0, .L7+8
  95 002e FFF7FEFF 		bl	_thread_init
  96              	.LVL7:
  97 0032 0C4B     		ldr	r3, .L7+12
  98 0034 9861     		str	r0, [r3, #24]
  99              		.loc 1 105 0
 100 0036 0123     		mov	r3, #1
 101 0038 0377     		strb	r3, [r0, #28]
 102              		.loc 1 111 0
 103              	@ 111 "../../os/kernel/src/chsys.c" 1
 104 003a 62B6     		cpsie   i
 105              	@ 0 "" 2
 106              		.loc 1 115 0
 107              		.code	16
 108 003c 094B     		ldr	r3, .L7+12
 109 003e 0A4A     		ldr	r2, .L7+16
 110 0040 9B69     		ldr	r3, [r3, #24]
 111              		.loc 1 121 0
 112 0042 C021     		mov	r1, #192
ARM GAS  /tmp/cctQ04nK.s 			page 3


 113              		.loc 1 115 0
 114 0044 9A61     		str	r2, [r3, #24]
 115              		.loc 1 121 0
 116 0046 0023     		mov	r3, #0
 117 0048 0093     		str	r3, [sp]
 118 004a 0122     		mov	r2, #1
 119 004c 074B     		ldr	r3, .L7+20
 120 004e 0848     		ldr	r0, .L7+24
 121 0050 FFF7FEFF 		bl	chThdCreateStatic
 122              	.LVL8:
 123              		.loc 1 124 0
 124 0054 03B0     		add	sp, sp, #12
 125              		@ sp needed
 126 0056 00BD     		pop	{pc}
 127              	.L8:
 128              		.align	2
 129              	.L7:
 130 0058 0000FA05 		.word	100270080
 131 005c 00ED00E0 		.word	-536810240
 132 0060 00000000 		.word	.LANCHOR0
 133 0064 00000000 		.word	rlist
 134 0068 00000000 		.word	ch_debug
 135 006c 00000000 		.word	_idle_thread
 136 0070 00000000 		.word	.LANCHOR1
 137              		.cfi_endproc
 138              	.LFE8:
 139              		.size	chSysInit, .-chSysInit
 140 0074 C046C046 		.section	.text.chSysTimerHandlerI,"ax",%progbits
 140      C046C046 
 140      C046C046 
 141              		.align	2
 142              		.p2align 4,,15
 143              		.global	chSysTimerHandlerI
 144              		.code	16
 145              		.thumb_func
 146              		.type	chSysTimerHandlerI, %function
 147              	chSysTimerHandlerI:
 148              	.LFB9:
 149              		.loc 1 137 0
 150              		.cfi_startproc
 151 0000 70B5     		push	{r4, r5, r6, lr}
 152              		.cfi_def_cfa_offset 16
 153              		.cfi_offset 4, -16
 154              		.cfi_offset 5, -12
 155              		.cfi_offset 6, -8
 156              		.cfi_offset 14, -4
 157              		.loc 1 143 0
 158 0002 134B     		ldr	r3, .L17
 159 0004 9B69     		ldr	r3, [r3, #24]
 160 0006 DA7F     		ldrb	r2, [r3, #31]
 161 0008 002A     		cmp	r2, #0
 162 000a 01D0     		beq	.L10
 163              		.loc 1 145 0
 164 000c 013A     		sub	r2, r2, #1
 165 000e DA77     		strb	r2, [r3, #31]
 166              	.L10:
 167              		.loc 1 148 0
ARM GAS  /tmp/cctQ04nK.s 			page 4


 168 0010 1A6A     		ldr	r2, [r3, #32]
 169 0012 0132     		add	r2, r2, #1
 170 0014 1A62     		str	r2, [r3, #32]
 171              		.loc 1 150 0
 172 0016 0F4A     		ldr	r2, .L17+4
 173 0018 D368     		ldr	r3, [r2, #12]
 174 001a 0133     		add	r3, r3, #1
 175 001c D360     		str	r3, [r2, #12]
 176 001e 1368     		ldr	r3, [r2]
 177 0020 9342     		cmp	r3, r2
 178 0022 14D0     		beq	.L9
 179              	.LBB2:
 180              		.loc 1 150 0 is_stmt 0 discriminator 1
 181 0024 9968     		ldr	r1, [r3, #8]
 182 0026 0139     		sub	r1, r1, #1
 183 0028 9960     		str	r1, [r3, #8]
 184              	.LVL9:
 185 002a 0029     		cmp	r1, #0
 186 002c 0FD1     		bne	.L9
 187              	.LBB3:
 188              		.loc 1 150 0
 189 002e 0026     		mov	r6, #0
 190              	.LBE3:
 191 0030 141C     		mov	r4, r2
 192              	.L13:
 193              	.LBB4:
 194              		.loc 1 150 0 discriminator 2
 195 0032 1968     		ldr	r1, [r3]
 196 0034 DD68     		ldr	r5, [r3, #12]
 197              	.LVL10:
 198 0036 1160     		str	r1, [r2]
 199 0038 DE60     		str	r6, [r3, #12]
 200 003a 4A60     		str	r2, [r1, #4]
 201              	@ 150 "../../os/kernel/src/chsys.c" 1
 202 003c 62B6     		cpsie   i
 203              	@ 0 "" 2
 204              		.code	16
 205 003e 1869     		ldr	r0, [r3, #16]
 206 0040 A847     		blx	r5
 207              	.LVL11:
 208              	@ 150 "../../os/kernel/src/chsys.c" 1
 209 0042 72B6     		cpsid   i
 210              	@ 0 "" 2
 211              		.code	16
 212              	.LBE4:
 213 0044 2368     		ldr	r3, [r4]
 214              	.LVL12:
 215 0046 221C     		mov	r2, r4
 216 0048 9968     		ldr	r1, [r3, #8]
 217 004a 0029     		cmp	r1, #0
 218 004c F1D0     		beq	.L13
 219              	.LVL13:
 220              	.L9:
 221              	.LBE2:
 222              		.loc 1 154 0 is_stmt 1
 223              		@ sp needed
 224 004e 70BD     		pop	{r4, r5, r6, pc}
ARM GAS  /tmp/cctQ04nK.s 			page 5


 225              	.L18:
 226              		.align	2
 227              	.L17:
 228 0050 00000000 		.word	rlist
 229 0054 00000000 		.word	vtlist
 230              		.cfi_endproc
 231              	.LFE9:
 232              		.size	chSysTimerHandlerI, .-chSysTimerHandlerI
 233              		.global	_idle_thread_wa
 234 0058 C046C046 		.section	.rodata.str1.4,"aMS",%progbits,1
 234      C046C046 
 235              		.align	2
 236              	.LC1:
 237 0000 69646C65 		.ascii	"idle\000"
 237      00
 238 0005 000000   		.section	.bss.mainthread.4790,"aw",%nobits
 239              		.align	2
 240              		.set	.LANCHOR0,. + 0
 241              		.type	mainthread.4790, %object
 242              		.size	mainthread.4790, 72
 243              	mainthread.4790:
 244 0000 00000000 		.space	72
 244      00000000 
 244      00000000 
 244      00000000 
 244      00000000 
 245              		.section	.bss._idle_thread_wa,"aw",%nobits
 246              		.align	3
 247              		.set	.LANCHOR1,. + 0
 248              		.type	_idle_thread_wa, %object
 249              		.size	_idle_thread_wa, 192
 250              	_idle_thread_wa:
 251 0000 00000000 		.space	192
 251      00000000 
 251      00000000 
 251      00000000 
 251      00000000 
 252              		.text
 253              	.Letext0:
 254              		.file 2 "/usr/lib/gcc/arm-none-eabi/4.8.2/include/stddef.h"
 255              		.file 3 "/usr/arm-none-eabi/include/machine/_default_types.h"
 256              		.file 4 "/usr/arm-none-eabi/include/stdint.h"
 257              		.file 5 "../../os/ports/GCC/ARMCMx/chtypes.h"
 258              		.file 6 "../../os/kernel/include/chlists.h"
 259              		.file 7 "../../os/kernel/include/chthreads.h"
 260              		.file 8 "../../os/ports/GCC/ARMCMx/chcore_v6m.h"
 261              		.file 9 "../../os/ports/common/ARMCMx/nvic.h"
 262              		.file 10 "../../os/kernel/include/chvt.h"
 263              		.file 11 "../../os/kernel/include/chschd.h"
 264              		.file 12 "../../os/kernel/include/chmtx.h"
 265              		.file 13 "../../os/kernel/include/chregistry.h"
 266              		.file 14 "../../os/kernel/include/chmemcore.h"
 267              		.file 15 "../../os/kernel/include/chheap.h"
 268              		.section	.debug_info,"",%progbits
 269              	.Ldebug_info0:
 270 0000 76090000 		.4byte	0x976
 271 0004 0400     		.2byte	0x4
ARM GAS  /tmp/cctQ04nK.s 			page 6


 272 0006 00000000 		.4byte	.Ldebug_abbrev0
 273 000a 04       		.byte	0x4
 274 000b 01       		.uleb128 0x1
 275 000c 4F010000 		.4byte	.LASF132
 276 0010 01       		.byte	0x1
 277 0011 AC050000 		.4byte	.LASF133
 278 0015 74030000 		.4byte	.LASF134
 279 0019 18000000 		.4byte	.Ldebug_ranges0+0x18
 280 001d 00000000 		.4byte	0
 281 0021 00000000 		.4byte	.Ldebug_line0
 282 0025 02       		.uleb128 0x2
 283 0026 04       		.byte	0x4
 284 0027 05       		.byte	0x5
 285 0028 696E7400 		.ascii	"int\000"
 286 002c 03       		.uleb128 0x3
 287 002d 1B000000 		.4byte	.LASF2
 288 0031 02       		.byte	0x2
 289 0032 D4       		.byte	0xd4
 290 0033 37000000 		.4byte	0x37
 291 0037 04       		.uleb128 0x4
 292 0038 04       		.byte	0x4
 293 0039 07       		.byte	0x7
 294 003a 1D020000 		.4byte	.LASF0
 295 003e 04       		.uleb128 0x4
 296 003f 01       		.byte	0x1
 297 0040 06       		.byte	0x6
 298 0041 CA000000 		.4byte	.LASF1
 299 0045 03       		.uleb128 0x3
 300 0046 32000000 		.4byte	.LASF3
 301 004a 03       		.byte	0x3
 302 004b 1C       		.byte	0x1c
 303 004c 50000000 		.4byte	0x50
 304 0050 04       		.uleb128 0x4
 305 0051 01       		.byte	0x1
 306 0052 08       		.byte	0x8
 307 0053 36040000 		.4byte	.LASF4
 308 0057 04       		.uleb128 0x4
 309 0058 02       		.byte	0x2
 310 0059 05       		.byte	0x5
 311 005a 5F040000 		.4byte	.LASF5
 312 005e 03       		.uleb128 0x3
 313 005f 26050000 		.4byte	.LASF6
 314 0063 03       		.byte	0x3
 315 0064 26       		.byte	0x26
 316 0065 69000000 		.4byte	0x69
 317 0069 04       		.uleb128 0x4
 318 006a 02       		.byte	0x2
 319 006b 07       		.byte	0x7
 320 006c 89020000 		.4byte	.LASF7
 321 0070 03       		.uleb128 0x3
 322 0071 4D050000 		.4byte	.LASF8
 323 0075 03       		.byte	0x3
 324 0076 37       		.byte	0x37
 325 0077 7B000000 		.4byte	0x7b
 326 007b 04       		.uleb128 0x4
 327 007c 04       		.byte	0x4
 328 007d 05       		.byte	0x5
ARM GAS  /tmp/cctQ04nK.s 			page 7


 329 007e 0D010000 		.4byte	.LASF9
 330 0082 03       		.uleb128 0x3
 331 0083 EC010000 		.4byte	.LASF10
 332 0087 03       		.byte	0x3
 333 0088 38       		.byte	0x38
 334 0089 8D000000 		.4byte	0x8d
 335 008d 04       		.uleb128 0x4
 336 008e 04       		.byte	0x4
 337 008f 07       		.byte	0x7
 338 0090 3F020000 		.4byte	.LASF11
 339 0094 04       		.uleb128 0x4
 340 0095 08       		.byte	0x8
 341 0096 05       		.byte	0x5
 342 0097 BC000000 		.4byte	.LASF12
 343 009b 03       		.uleb128 0x3
 344 009c FB030000 		.4byte	.LASF13
 345 00a0 03       		.byte	0x3
 346 00a1 4E       		.byte	0x4e
 347 00a2 A6000000 		.4byte	0xa6
 348 00a6 04       		.uleb128 0x4
 349 00a7 08       		.byte	0x8
 350 00a8 07       		.byte	0x7
 351 00a9 5E000000 		.4byte	.LASF14
 352 00ad 03       		.uleb128 0x3
 353 00ae C8050000 		.4byte	.LASF15
 354 00b2 04       		.byte	0x4
 355 00b3 2A       		.byte	0x2a
 356 00b4 45000000 		.4byte	0x45
 357 00b8 03       		.uleb128 0x3
 358 00b9 1F010000 		.4byte	.LASF16
 359 00bd 04       		.byte	0x4
 360 00be 36       		.byte	0x36
 361 00bf 5E000000 		.4byte	0x5e
 362 00c3 03       		.uleb128 0x3
 363 00c4 2E040000 		.4byte	.LASF17
 364 00c8 04       		.byte	0x4
 365 00c9 41       		.byte	0x41
 366 00ca 70000000 		.4byte	0x70
 367 00ce 03       		.uleb128 0x3
 368 00cf EF040000 		.4byte	.LASF18
 369 00d3 04       		.byte	0x4
 370 00d4 42       		.byte	0x42
 371 00d5 82000000 		.4byte	0x82
 372 00d9 03       		.uleb128 0x3
 373 00da 29000000 		.4byte	.LASF19
 374 00de 04       		.byte	0x4
 375 00df 4E       		.byte	0x4e
 376 00e0 9B000000 		.4byte	0x9b
 377 00e4 04       		.uleb128 0x4
 378 00e5 01       		.byte	0x1
 379 00e6 02       		.byte	0x2
 380 00e7 28040000 		.4byte	.LASF20
 381 00eb 03       		.uleb128 0x3
 382 00ec C0020000 		.4byte	.LASF21
 383 00f0 05       		.byte	0x5
 384 00f1 2C       		.byte	0x2c
 385 00f2 AD000000 		.4byte	0xad
ARM GAS  /tmp/cctQ04nK.s 			page 8


 386 00f6 03       		.uleb128 0x3
 387 00f7 16010000 		.4byte	.LASF22
 388 00fb 05       		.byte	0x5
 389 00fc 2D       		.byte	0x2d
 390 00fd AD000000 		.4byte	0xad
 391 0101 03       		.uleb128 0x3
 392 0102 06040000 		.4byte	.LASF23
 393 0106 05       		.byte	0x5
 394 0107 2E       		.byte	0x2e
 395 0108 AD000000 		.4byte	0xad
 396 010c 03       		.uleb128 0x3
 397 010d 03010000 		.4byte	.LASF24
 398 0111 05       		.byte	0x5
 399 0112 2F       		.byte	0x2f
 400 0113 AD000000 		.4byte	0xad
 401 0117 03       		.uleb128 0x3
 402 0118 20040000 		.4byte	.LASF25
 403 011c 05       		.byte	0x5
 404 011d 30       		.byte	0x30
 405 011e CE000000 		.4byte	0xce
 406 0122 03       		.uleb128 0x3
 407 0123 A1020000 		.4byte	.LASF26
 408 0127 05       		.byte	0x5
 409 0128 31       		.byte	0x31
 410 0129 C3000000 		.4byte	0xc3
 411 012d 03       		.uleb128 0x3
 412 012e D4020000 		.4byte	.LASF27
 413 0132 05       		.byte	0x5
 414 0133 33       		.byte	0x33
 415 0134 CE000000 		.4byte	0xce
 416 0138 03       		.uleb128 0x3
 417 0139 38050000 		.4byte	.LASF28
 418 013d 05       		.byte	0x5
 419 013e 35       		.byte	0x35
 420 013f CE000000 		.4byte	0xce
 421 0143 03       		.uleb128 0x3
 422 0144 D0040000 		.4byte	.LASF29
 423 0148 06       		.byte	0x6
 424 0149 2A       		.byte	0x2a
 425 014a 4E010000 		.4byte	0x14e
 426 014e 05       		.uleb128 0x5
 427 014f D0040000 		.4byte	.LASF29
 428 0153 48       		.byte	0x48
 429 0154 07       		.byte	0x7
 430 0155 5E       		.byte	0x5e
 431 0156 4B020000 		.4byte	0x24b
 432 015a 06       		.uleb128 0x6
 433 015b B2040000 		.4byte	.LASF30
 434 015f 07       		.byte	0x7
 435 0160 5F       		.byte	0x5f
 436 0161 6C020000 		.4byte	0x26c
 437 0165 00       		.byte	0
 438 0166 06       		.uleb128 0x6
 439 0167 19040000 		.4byte	.LASF31
 440 016b 07       		.byte	0x7
 441 016c 61       		.byte	0x61
 442 016d 6C020000 		.4byte	0x26c
ARM GAS  /tmp/cctQ04nK.s 			page 9


 443 0171 04       		.byte	0x4
 444 0172 06       		.uleb128 0x6
 445 0173 9D000000 		.4byte	.LASF32
 446 0177 07       		.byte	0x7
 447 0178 63       		.byte	0x63
 448 0179 17010000 		.4byte	0x117
 449 017d 08       		.byte	0x8
 450 017e 06       		.uleb128 0x6
 451 017f 03060000 		.4byte	.LASF33
 452 0183 07       		.byte	0x7
 453 0184 64       		.byte	0x64
 454 0185 27030000 		.4byte	0x327
 455 0189 0C       		.byte	0xc
 456 018a 06       		.uleb128 0x6
 457 018b 32010000 		.4byte	.LASF34
 458 018f 07       		.byte	0x7
 459 0190 66       		.byte	0x66
 460 0191 6C020000 		.4byte	0x26c
 461 0195 10       		.byte	0x10
 462 0196 06       		.uleb128 0x6
 463 0197 51030000 		.4byte	.LASF35
 464 019b 07       		.byte	0x7
 465 019c 67       		.byte	0x67
 466 019d 6C020000 		.4byte	0x26c
 467 01a1 14       		.byte	0x14
 468 01a2 06       		.uleb128 0x6
 469 01a3 D7050000 		.4byte	.LASF36
 470 01a7 07       		.byte	0x7
 471 01a8 6E       		.byte	0x6e
 472 01a9 58060000 		.4byte	0x658
 473 01ad 18       		.byte	0x18
 474 01ae 06       		.uleb128 0x6
 475 01af 69040000 		.4byte	.LASF37
 476 01b3 07       		.byte	0x7
 477 01b4 79       		.byte	0x79
 478 01b5 F6000000 		.4byte	0xf6
 479 01b9 1C       		.byte	0x1c
 480 01ba 06       		.uleb128 0x6
 481 01bb C8040000 		.4byte	.LASF38
 482 01bf 07       		.byte	0x7
 483 01c0 7D       		.byte	0x7d
 484 01c1 EB000000 		.4byte	0xeb
 485 01c5 1D       		.byte	0x1d
 486 01c6 06       		.uleb128 0x6
 487 01c7 90050000 		.4byte	.LASF39
 488 01cb 07       		.byte	0x7
 489 01cc 82       		.byte	0x82
 490 01cd 01010000 		.4byte	0x101
 491 01d1 1E       		.byte	0x1e
 492 01d2 06       		.uleb128 0x6
 493 01d3 71040000 		.4byte	.LASF40
 494 01d7 07       		.byte	0x7
 495 01d8 88       		.byte	0x88
 496 01d9 0C010000 		.4byte	0x10c
 497 01dd 1F       		.byte	0x1f
 498 01de 06       		.uleb128 0x6
 499 01df 60050000 		.4byte	.LASF41
ARM GAS  /tmp/cctQ04nK.s 			page 10


 500 01e3 07       		.byte	0x7
 501 01e4 8F       		.byte	0x8f
 502 01e5 75050000 		.4byte	0x575
 503 01e9 20       		.byte	0x20
 504 01ea 07       		.uleb128 0x7
 505 01eb 705F7500 		.ascii	"p_u\000"
 506 01ef 07       		.byte	0x7
 507 01f0 B4       		.byte	0xb4
 508 01f1 23060000 		.4byte	0x623
 509 01f5 24       		.byte	0x24
 510 01f6 06       		.uleb128 0x6
 511 01f7 09060000 		.4byte	.LASF42
 512 01fb 07       		.byte	0x7
 513 01fc B9       		.byte	0xb9
 514 01fd 92020000 		.4byte	0x292
 515 0201 28       		.byte	0x28
 516 0202 06       		.uleb128 0x6
 517 0203 73050000 		.4byte	.LASF43
 518 0207 07       		.byte	0x7
 519 0208 BF       		.byte	0xbf
 520 0209 72020000 		.4byte	0x272
 521 020d 2C       		.byte	0x2c
 522 020e 06       		.uleb128 0x6
 523 020f 15000000 		.4byte	.LASF44
 524 0213 07       		.byte	0x7
 525 0214 C3       		.byte	0xc3
 526 0215 22010000 		.4byte	0x122
 527 0219 34       		.byte	0x34
 528 021a 06       		.uleb128 0x6
 529 021b E4040000 		.4byte	.LASF45
 530 021f 07       		.byte	0x7
 531 0220 C9       		.byte	0xc9
 532 0221 2D010000 		.4byte	0x12d
 533 0225 38       		.byte	0x38
 534 0226 06       		.uleb128 0x6
 535 0227 55040000 		.4byte	.LASF46
 536 022b 07       		.byte	0x7
 537 022c D0       		.byte	0xd0
 538 022d 6A060000 		.4byte	0x66a
 539 0231 3C       		.byte	0x3c
 540 0232 06       		.uleb128 0x6
 541 0233 42050000 		.4byte	.LASF47
 542 0237 07       		.byte	0x7
 543 0238 D4       		.byte	0xd4
 544 0239 17010000 		.4byte	0x117
 545 023d 40       		.byte	0x40
 546 023e 06       		.uleb128 0x6
 547 023f F3000000 		.4byte	.LASF48
 548 0243 07       		.byte	0x7
 549 0244 DA       		.byte	0xda
 550 0245 A8020000 		.4byte	0x2a8
 551 0249 44       		.byte	0x44
 552 024a 00       		.byte	0
 553 024b 08       		.uleb128 0x8
 554 024c 08       		.byte	0x8
 555 024d 06       		.byte	0x6
 556 024e 61       		.byte	0x61
ARM GAS  /tmp/cctQ04nK.s 			page 11


 557 024f 6C020000 		.4byte	0x26c
 558 0253 06       		.uleb128 0x6
 559 0254 B2040000 		.4byte	.LASF30
 560 0258 06       		.byte	0x6
 561 0259 62       		.byte	0x62
 562 025a 6C020000 		.4byte	0x26c
 563 025e 00       		.byte	0
 564 025f 06       		.uleb128 0x6
 565 0260 19040000 		.4byte	.LASF31
 566 0264 06       		.byte	0x6
 567 0265 64       		.byte	0x64
 568 0266 6C020000 		.4byte	0x26c
 569 026a 04       		.byte	0x4
 570 026b 00       		.byte	0
 571 026c 09       		.uleb128 0x9
 572 026d 04       		.byte	0x4
 573 026e 43010000 		.4byte	0x143
 574 0272 03       		.uleb128 0x3
 575 0273 5F030000 		.4byte	.LASF49
 576 0277 06       		.byte	0x6
 577 0278 66       		.byte	0x66
 578 0279 4B020000 		.4byte	0x24b
 579 027d 08       		.uleb128 0x8
 580 027e 04       		.byte	0x4
 581 027f 06       		.byte	0x6
 582 0280 6B       		.byte	0x6b
 583 0281 92020000 		.4byte	0x292
 584 0285 06       		.uleb128 0x6
 585 0286 B2040000 		.4byte	.LASF30
 586 028a 06       		.byte	0x6
 587 028b 6D       		.byte	0x6d
 588 028c 6C020000 		.4byte	0x26c
 589 0290 00       		.byte	0
 590 0291 00       		.byte	0
 591 0292 03       		.uleb128 0x3
 592 0293 C8020000 		.4byte	.LASF50
 593 0297 06       		.byte	0x6
 594 0298 70       		.byte	0x70
 595 0299 7D020000 		.4byte	0x27d
 596 029d 03       		.uleb128 0x3
 597 029e F7010000 		.4byte	.LASF51
 598 02a2 08       		.byte	0x8
 599 02a3 A7       		.byte	0xa7
 600 02a4 A8020000 		.4byte	0x2a8
 601 02a8 0A       		.uleb128 0xa
 602 02a9 04       		.byte	0x4
 603 02aa 03       		.uleb128 0x3
 604 02ab E6020000 		.4byte	.LASF52
 605 02af 08       		.byte	0x8
 606 02b0 AD       		.byte	0xad
 607 02b1 D9000000 		.4byte	0xd9
 608 02b5 05       		.uleb128 0x5
 609 02b6 6C050000 		.4byte	.LASF53
 610 02ba 24       		.byte	0x24
 611 02bb 08       		.byte	0x8
 612 02bc BA       		.byte	0xba
 613 02bd 27030000 		.4byte	0x327
ARM GAS  /tmp/cctQ04nK.s 			page 12


 614 02c1 07       		.uleb128 0x7
 615 02c2 723800   		.ascii	"r8\000"
 616 02c5 08       		.byte	0x8
 617 02c6 BB       		.byte	0xbb
 618 02c7 9D020000 		.4byte	0x29d
 619 02cb 00       		.byte	0
 620 02cc 07       		.uleb128 0x7
 621 02cd 723900   		.ascii	"r9\000"
 622 02d0 08       		.byte	0x8
 623 02d1 BC       		.byte	0xbc
 624 02d2 9D020000 		.4byte	0x29d
 625 02d6 04       		.byte	0x4
 626 02d7 07       		.uleb128 0x7
 627 02d8 72313000 		.ascii	"r10\000"
 628 02dc 08       		.byte	0x8
 629 02dd BD       		.byte	0xbd
 630 02de 9D020000 		.4byte	0x29d
 631 02e2 08       		.byte	0x8
 632 02e3 07       		.uleb128 0x7
 633 02e4 72313100 		.ascii	"r11\000"
 634 02e8 08       		.byte	0x8
 635 02e9 BE       		.byte	0xbe
 636 02ea 9D020000 		.4byte	0x29d
 637 02ee 0C       		.byte	0xc
 638 02ef 07       		.uleb128 0x7
 639 02f0 723400   		.ascii	"r4\000"
 640 02f3 08       		.byte	0x8
 641 02f4 BF       		.byte	0xbf
 642 02f5 9D020000 		.4byte	0x29d
 643 02f9 10       		.byte	0x10
 644 02fa 07       		.uleb128 0x7
 645 02fb 723500   		.ascii	"r5\000"
 646 02fe 08       		.byte	0x8
 647 02ff C0       		.byte	0xc0
 648 0300 9D020000 		.4byte	0x29d
 649 0304 14       		.byte	0x14
 650 0305 07       		.uleb128 0x7
 651 0306 723600   		.ascii	"r6\000"
 652 0309 08       		.byte	0x8
 653 030a C1       		.byte	0xc1
 654 030b 9D020000 		.4byte	0x29d
 655 030f 18       		.byte	0x18
 656 0310 07       		.uleb128 0x7
 657 0311 723700   		.ascii	"r7\000"
 658 0314 08       		.byte	0x8
 659 0315 C2       		.byte	0xc2
 660 0316 9D020000 		.4byte	0x29d
 661 031a 1C       		.byte	0x1c
 662 031b 07       		.uleb128 0x7
 663 031c 6C7200   		.ascii	"lr\000"
 664 031f 08       		.byte	0x8
 665 0320 C3       		.byte	0xc3
 666 0321 9D020000 		.4byte	0x29d
 667 0325 20       		.byte	0x20
 668 0326 00       		.byte	0
 669 0327 05       		.uleb128 0x5
 670 0328 81020000 		.4byte	.LASF54
ARM GAS  /tmp/cctQ04nK.s 			page 13


 671 032c 04       		.byte	0x4
 672 032d 08       		.byte	0x8
 673 032e CD       		.byte	0xcd
 674 032f 40030000 		.4byte	0x340
 675 0333 07       		.uleb128 0x7
 676 0334 72313300 		.ascii	"r13\000"
 677 0338 08       		.byte	0x8
 678 0339 CE       		.byte	0xce
 679 033a 40030000 		.4byte	0x340
 680 033e 00       		.byte	0
 681 033f 00       		.byte	0
 682 0340 09       		.uleb128 0x9
 683 0341 04       		.byte	0x4
 684 0342 B5020000 		.4byte	0x2b5
 685 0346 03       		.uleb128 0x3
 686 0347 1E050000 		.4byte	.LASF55
 687 034b 09       		.byte	0x9
 688 034c 3A       		.byte	0x3a
 689 034d 51030000 		.4byte	0x351
 690 0351 0B       		.uleb128 0xb
 691 0352 CE000000 		.4byte	0xce
 692 0356 04       		.uleb128 0x4
 693 0357 04       		.byte	0x4
 694 0358 07       		.byte	0x7
 695 0359 2F030000 		.4byte	.LASF56
 696 035d 08       		.uleb128 0x8
 697 035e 8C       		.byte	0x8c
 698 035f 09       		.byte	0x9
 699 0360 89       		.byte	0x89
 700 0361 62040000 		.4byte	0x462
 701 0365 06       		.uleb128 0x6
 702 0366 97000000 		.4byte	.LASF57
 703 036a 09       		.byte	0x9
 704 036b 8A       		.byte	0x8a
 705 036c 46030000 		.4byte	0x346
 706 0370 00       		.byte	0
 707 0371 06       		.uleb128 0x6
 708 0372 9C020000 		.4byte	.LASF58
 709 0376 09       		.byte	0x9
 710 0377 8B       		.byte	0x8b
 711 0378 46030000 		.4byte	0x346
 712 037c 04       		.byte	0x4
 713 037d 06       		.uleb128 0x6
 714 037e 6F020000 		.4byte	.LASF59
 715 0382 09       		.byte	0x9
 716 0383 8C       		.byte	0x8c
 717 0384 46030000 		.4byte	0x346
 718 0388 08       		.byte	0x8
 719 0389 06       		.uleb128 0x6
 720 038a A7020000 		.4byte	.LASF60
 721 038e 09       		.byte	0x9
 722 038f 8D       		.byte	0x8d
 723 0390 46030000 		.4byte	0x346
 724 0394 0C       		.byte	0xc
 725 0395 07       		.uleb128 0x7
 726 0396 53435200 		.ascii	"SCR\000"
 727 039a 09       		.byte	0x9
ARM GAS  /tmp/cctQ04nK.s 			page 14


 728 039b 8E       		.byte	0x8e
 729 039c 46030000 		.4byte	0x346
 730 03a0 10       		.byte	0x10
 731 03a1 07       		.uleb128 0x7
 732 03a2 43435200 		.ascii	"CCR\000"
 733 03a6 09       		.byte	0x9
 734 03a7 8F       		.byte	0x8f
 735 03a8 46030000 		.4byte	0x346
 736 03ac 14       		.byte	0x14
 737 03ad 06       		.uleb128 0x6
 738 03ae 67050000 		.4byte	.LASF61
 739 03b2 09       		.byte	0x9
 740 03b3 90       		.byte	0x90
 741 03b4 72040000 		.4byte	0x472
 742 03b8 18       		.byte	0x18
 743 03b9 06       		.uleb128 0x6
 744 03ba 4F040000 		.4byte	.LASF62
 745 03be 09       		.byte	0x9
 746 03bf 91       		.byte	0x91
 747 03c0 46030000 		.4byte	0x346
 748 03c4 24       		.byte	0x24
 749 03c5 06       		.uleb128 0x6
 750 03c6 40030000 		.4byte	.LASF63
 751 03ca 09       		.byte	0x9
 752 03cb 92       		.byte	0x92
 753 03cc 46030000 		.4byte	0x346
 754 03d0 28       		.byte	0x28
 755 03d1 06       		.uleb128 0x6
 756 03d2 F6050000 		.4byte	.LASF64
 757 03d6 09       		.byte	0x9
 758 03d7 93       		.byte	0x93
 759 03d8 46030000 		.4byte	0x346
 760 03dc 2C       		.byte	0x2c
 761 03dd 06       		.uleb128 0x6
 762 03de AD020000 		.4byte	.LASF65
 763 03e2 09       		.byte	0x9
 764 03e3 94       		.byte	0x94
 765 03e4 46030000 		.4byte	0x346
 766 03e8 30       		.byte	0x30
 767 03e9 06       		.uleb128 0x6
 768 03ea BA020000 		.4byte	.LASF66
 769 03ee 09       		.byte	0x9
 770 03ef 95       		.byte	0x95
 771 03f0 46030000 		.4byte	0x346
 772 03f4 34       		.byte	0x34
 773 03f5 06       		.uleb128 0x6
 774 03f6 4A010000 		.4byte	.LASF67
 775 03fa 09       		.byte	0x9
 776 03fb 96       		.byte	0x96
 777 03fc 46030000 		.4byte	0x346
 778 0400 38       		.byte	0x38
 779 0401 06       		.uleb128 0x6
 780 0402 0C050000 		.4byte	.LASF68
 781 0406 09       		.byte	0x9
 782 0407 97       		.byte	0x97
 783 0408 46030000 		.4byte	0x346
 784 040c 3C       		.byte	0x3c
ARM GAS  /tmp/cctQ04nK.s 			page 15


 785 040d 07       		.uleb128 0x7
 786 040e 50465200 		.ascii	"PFR\000"
 787 0412 09       		.byte	0x9
 788 0413 98       		.byte	0x98
 789 0414 87040000 		.4byte	0x487
 790 0418 40       		.byte	0x40
 791 0419 07       		.uleb128 0x7
 792 041a 44465200 		.ascii	"DFR\000"
 793 041e 09       		.byte	0x9
 794 041f 99       		.byte	0x99
 795 0420 46030000 		.4byte	0x346
 796 0424 48       		.byte	0x48
 797 0425 07       		.uleb128 0x7
 798 0426 41445200 		.ascii	"ADR\000"
 799 042a 09       		.byte	0x9
 800 042b 9A       		.byte	0x9a
 801 042c 46030000 		.4byte	0x346
 802 0430 4C       		.byte	0x4c
 803 0431 06       		.uleb128 0x6
 804 0432 A1050000 		.4byte	.LASF69
 805 0436 09       		.byte	0x9
 806 0437 9B       		.byte	0x9b
 807 0438 9C040000 		.4byte	0x49c
 808 043c 50       		.byte	0x50
 809 043d 07       		.uleb128 0x7
 810 043e 53415200 		.ascii	"SAR\000"
 811 0442 09       		.byte	0x9
 812 0443 9C       		.byte	0x9c
 813 0444 B1040000 		.4byte	0x4b1
 814 0448 60       		.byte	0x60
 815 0449 06       		.uleb128 0x6
 816 044a 11050000 		.4byte	.LASF70
 817 044e 09       		.byte	0x9
 818 044f 9D       		.byte	0x9d
 819 0450 B6040000 		.4byte	0x4b6
 820 0454 74       		.byte	0x74
 821 0455 06       		.uleb128 0x6
 822 0456 F0050000 		.4byte	.LASF71
 823 045a 09       		.byte	0x9
 824 045b 9E       		.byte	0x9e
 825 045c 46030000 		.4byte	0x346
 826 0460 88       		.byte	0x88
 827 0461 00       		.byte	0
 828 0462 0C       		.uleb128 0xc
 829 0463 46030000 		.4byte	0x346
 830 0467 72040000 		.4byte	0x472
 831 046b 0D       		.uleb128 0xd
 832 046c 56030000 		.4byte	0x356
 833 0470 02       		.byte	0x2
 834 0471 00       		.byte	0
 835 0472 0B       		.uleb128 0xb
 836 0473 62040000 		.4byte	0x462
 837 0477 0C       		.uleb128 0xc
 838 0478 46030000 		.4byte	0x346
 839 047c 87040000 		.4byte	0x487
 840 0480 0D       		.uleb128 0xd
 841 0481 56030000 		.4byte	0x356
ARM GAS  /tmp/cctQ04nK.s 			page 16


 842 0485 01       		.byte	0x1
 843 0486 00       		.byte	0
 844 0487 0B       		.uleb128 0xb
 845 0488 77040000 		.4byte	0x477
 846 048c 0C       		.uleb128 0xc
 847 048d 46030000 		.4byte	0x346
 848 0491 9C040000 		.4byte	0x49c
 849 0495 0D       		.uleb128 0xd
 850 0496 56030000 		.4byte	0x356
 851 049a 03       		.byte	0x3
 852 049b 00       		.byte	0
 853 049c 0B       		.uleb128 0xb
 854 049d 8C040000 		.4byte	0x48c
 855 04a1 0C       		.uleb128 0xc
 856 04a2 46030000 		.4byte	0x346
 857 04a6 B1040000 		.4byte	0x4b1
 858 04aa 0D       		.uleb128 0xd
 859 04ab 56030000 		.4byte	0x356
 860 04af 04       		.byte	0x4
 861 04b0 00       		.byte	0
 862 04b1 0B       		.uleb128 0xb
 863 04b2 A1040000 		.4byte	0x4a1
 864 04b6 0B       		.uleb128 0xb
 865 04b7 A1040000 		.4byte	0x4a1
 866 04bb 03       		.uleb128 0x3
 867 04bc 3C000000 		.4byte	.LASF72
 868 04c0 09       		.byte	0x9
 869 04c1 9F       		.byte	0x9f
 870 04c2 5D030000 		.4byte	0x35d
 871 04c6 03       		.uleb128 0x3
 872 04c7 66020000 		.4byte	.LASF73
 873 04cb 0A       		.byte	0xa
 874 04cc 58       		.byte	0x58
 875 04cd D1040000 		.4byte	0x4d1
 876 04d1 09       		.uleb128 0x9
 877 04d2 04       		.byte	0x4
 878 04d3 D7040000 		.4byte	0x4d7
 879 04d7 0E       		.uleb128 0xe
 880 04d8 E2040000 		.4byte	0x4e2
 881 04dc 0F       		.uleb128 0xf
 882 04dd A8020000 		.4byte	0x2a8
 883 04e1 00       		.byte	0
 884 04e2 03       		.uleb128 0x3
 885 04e3 74020000 		.4byte	.LASF74
 886 04e7 0A       		.byte	0xa
 887 04e8 5D       		.byte	0x5d
 888 04e9 ED040000 		.4byte	0x4ed
 889 04ed 05       		.uleb128 0x5
 890 04ee 74020000 		.4byte	.LASF74
 891 04f2 14       		.byte	0x14
 892 04f3 0A       		.byte	0xa
 893 04f4 64       		.byte	0x64
 894 04f5 36050000 		.4byte	0x536
 895 04f9 06       		.uleb128 0x6
 896 04fa 37020000 		.4byte	.LASF75
 897 04fe 0A       		.byte	0xa
 898 04ff 65       		.byte	0x65
ARM GAS  /tmp/cctQ04nK.s 			page 17


 899 0500 36050000 		.4byte	0x536
 900 0504 00       		.byte	0
 901 0505 06       		.uleb128 0x6
 902 0506 00020000 		.4byte	.LASF76
 903 050a 0A       		.byte	0xa
 904 050b 67       		.byte	0x67
 905 050c 36050000 		.4byte	0x536
 906 0510 04       		.byte	0x4
 907 0511 06       		.uleb128 0x6
 908 0512 27030000 		.4byte	.LASF77
 909 0516 0A       		.byte	0xa
 910 0517 69       		.byte	0x69
 911 0518 38010000 		.4byte	0x138
 912 051c 08       		.byte	0x8
 913 051d 06       		.uleb128 0x6
 914 051e 38030000 		.4byte	.LASF78
 915 0522 0A       		.byte	0xa
 916 0523 6A       		.byte	0x6a
 917 0524 C6040000 		.4byte	0x4c6
 918 0528 0C       		.byte	0xc
 919 0529 06       		.uleb128 0x6
 920 052a 7E050000 		.4byte	.LASF79
 921 052e 0A       		.byte	0xa
 922 052f 6C       		.byte	0x6c
 923 0530 A8020000 		.4byte	0x2a8
 924 0534 10       		.byte	0x10
 925 0535 00       		.byte	0
 926 0536 09       		.uleb128 0x9
 927 0537 04       		.byte	0x4
 928 0538 E2040000 		.4byte	0x4e2
 929 053c 08       		.uleb128 0x8
 930 053d 10       		.byte	0x10
 931 053e 0A       		.byte	0xa
 932 053f 76       		.byte	0x76
 933 0540 75050000 		.4byte	0x575
 934 0544 06       		.uleb128 0x6
 935 0545 37020000 		.4byte	.LASF75
 936 0549 0A       		.byte	0xa
 937 054a 77       		.byte	0x77
 938 054b 36050000 		.4byte	0x536
 939 054f 00       		.byte	0
 940 0550 06       		.uleb128 0x6
 941 0551 00020000 		.4byte	.LASF76
 942 0555 0A       		.byte	0xa
 943 0556 79       		.byte	0x79
 944 0557 36050000 		.4byte	0x536
 945 055b 04       		.byte	0x4
 946 055c 06       		.uleb128 0x6
 947 055d 27030000 		.4byte	.LASF77
 948 0561 0A       		.byte	0xa
 949 0562 7B       		.byte	0x7b
 950 0563 38010000 		.4byte	0x138
 951 0567 08       		.byte	0x8
 952 0568 06       		.uleb128 0x6
 953 0569 B1000000 		.4byte	.LASF80
 954 056d 0A       		.byte	0xa
 955 056e 7C       		.byte	0x7c
ARM GAS  /tmp/cctQ04nK.s 			page 18


 956 056f 75050000 		.4byte	0x575
 957 0573 0C       		.byte	0xc
 958 0574 00       		.byte	0
 959 0575 0B       		.uleb128 0xb
 960 0576 38010000 		.4byte	0x138
 961 057a 03       		.uleb128 0x3
 962 057b E9050000 		.4byte	.LASF81
 963 057f 0A       		.byte	0xa
 964 0580 7D       		.byte	0x7d
 965 0581 3C050000 		.4byte	0x53c
 966 0585 08       		.uleb128 0x8
 967 0586 1C       		.byte	0x1c
 968 0587 0B       		.byte	0xb
 969 0588 5E       		.byte	0x5e
 970 0589 D6050000 		.4byte	0x5d6
 971 058d 06       		.uleb128 0x6
 972 058e 04050000 		.4byte	.LASF82
 973 0592 0B       		.byte	0xb
 974 0593 5F       		.byte	0x5f
 975 0594 72020000 		.4byte	0x272
 976 0598 00       		.byte	0
 977 0599 06       		.uleb128 0x6
 978 059a A4040000 		.4byte	.LASF83
 979 059e 0B       		.byte	0xb
 980 059f 60       		.byte	0x60
 981 05a0 17010000 		.4byte	0x117
 982 05a4 08       		.byte	0x8
 983 05a5 06       		.uleb128 0x6
 984 05a6 59030000 		.4byte	.LASF84
 985 05aa 0B       		.byte	0xb
 986 05ab 62       		.byte	0x62
 987 05ac 27030000 		.4byte	0x327
 988 05b0 0C       		.byte	0xc
 989 05b1 06       		.uleb128 0x6
 990 05b2 B2020000 		.4byte	.LASF85
 991 05b6 0B       		.byte	0xb
 992 05b7 65       		.byte	0x65
 993 05b8 6C020000 		.4byte	0x26c
 994 05bc 10       		.byte	0x10
 995 05bd 06       		.uleb128 0x6
 996 05be E6030000 		.4byte	.LASF86
 997 05c2 0B       		.byte	0xb
 998 05c3 66       		.byte	0x66
 999 05c4 6C020000 		.4byte	0x26c
 1000 05c8 14       		.byte	0x14
 1001 05c9 06       		.uleb128 0x6
 1002 05ca DC030000 		.4byte	.LASF87
 1003 05ce 0B       		.byte	0xb
 1004 05cf 69       		.byte	0x69
 1005 05d0 6C020000 		.4byte	0x26c
 1006 05d4 18       		.byte	0x18
 1007 05d5 00       		.byte	0
 1008 05d6 03       		.uleb128 0x3
 1009 05d7 97050000 		.4byte	.LASF88
 1010 05db 0B       		.byte	0xb
 1011 05dc 6B       		.byte	0x6b
 1012 05dd 85050000 		.4byte	0x585
ARM GAS  /tmp/cctQ04nK.s 			page 19


 1013 05e1 05       		.uleb128 0x5
 1014 05e2 E0020000 		.4byte	.LASF89
 1015 05e6 10       		.byte	0x10
 1016 05e7 0C       		.byte	0xc
 1017 05e8 2C       		.byte	0x2c
 1018 05e9 12060000 		.4byte	0x612
 1019 05ed 06       		.uleb128 0x6
 1020 05ee FB000000 		.4byte	.LASF90
 1021 05f2 0C       		.byte	0xc
 1022 05f3 2D       		.byte	0x2d
 1023 05f4 72020000 		.4byte	0x272
 1024 05f8 00       		.byte	0
 1025 05f9 06       		.uleb128 0x6
 1026 05fa FB050000 		.4byte	.LASF91
 1027 05fe 0C       		.byte	0xc
 1028 05ff 2F       		.byte	0x2f
 1029 0600 6C020000 		.4byte	0x26c
 1030 0604 08       		.byte	0x8
 1031 0605 06       		.uleb128 0x6
 1032 0606 31050000 		.4byte	.LASF92
 1033 060a 0C       		.byte	0xc
 1034 060b 31       		.byte	0x31
 1035 060c 12060000 		.4byte	0x612
 1036 0610 0C       		.byte	0xc
 1037 0611 00       		.byte	0
 1038 0612 09       		.uleb128 0x9
 1039 0613 04       		.byte	0x4
 1040 0614 E1050000 		.4byte	0x5e1
 1041 0618 03       		.uleb128 0x3
 1042 0619 E0020000 		.4byte	.LASF89
 1043 061d 0C       		.byte	0xc
 1044 061e 33       		.byte	0x33
 1045 061f E1050000 		.4byte	0x5e1
 1046 0623 10       		.uleb128 0x10
 1047 0624 04       		.byte	0x4
 1048 0625 07       		.byte	0x7
 1049 0626 96       		.byte	0x96
 1050 0627 58060000 		.4byte	0x658
 1051 062b 11       		.uleb128 0x11
 1052 062c 22000000 		.4byte	.LASF93
 1053 0630 07       		.byte	0x7
 1054 0631 9D       		.byte	0x9d
 1055 0632 22010000 		.4byte	0x122
 1056 0636 11       		.uleb128 0x11
 1057 0637 83000000 		.4byte	.LASF94
 1058 063b 07       		.byte	0x7
 1059 063c A4       		.byte	0xa4
 1060 063d 22010000 		.4byte	0x122
 1061 0641 11       		.uleb128 0x11
 1062 0642 D0050000 		.4byte	.LASF95
 1063 0646 07       		.byte	0x7
 1064 0647 AB       		.byte	0xab
 1065 0648 A8020000 		.4byte	0x2a8
 1066 064c 11       		.uleb128 0x11
 1067 064d AB040000 		.4byte	.LASF96
 1068 0651 07       		.byte	0x7
 1069 0652 B2       		.byte	0xb2
ARM GAS  /tmp/cctQ04nK.s 			page 20


 1070 0653 2D010000 		.4byte	0x12d
 1071 0657 00       		.byte	0
 1072 0658 09       		.uleb128 0x9
 1073 0659 04       		.byte	0x4
 1074 065a 5E060000 		.4byte	0x65e
 1075 065e 12       		.uleb128 0x12
 1076 065f 63060000 		.4byte	0x663
 1077 0663 04       		.uleb128 0x4
 1078 0664 01       		.byte	0x1
 1079 0665 08       		.byte	0x8
 1080 0666 19050000 		.4byte	.LASF97
 1081 066a 09       		.uleb128 0x9
 1082 066b 04       		.byte	0x4
 1083 066c 18060000 		.4byte	0x618
 1084 0670 03       		.uleb128 0x3
 1085 0671 00000000 		.4byte	.LASF98
 1086 0675 07       		.byte	0x7
 1087 0676 E5       		.byte	0xe5
 1088 0677 7B060000 		.4byte	0x67b
 1089 067b 09       		.uleb128 0x9
 1090 067c 04       		.byte	0x4
 1091 067d 81060000 		.4byte	0x681
 1092 0681 13       		.uleb128 0x13
 1093 0682 22010000 		.4byte	0x122
 1094 0686 90060000 		.4byte	0x690
 1095 068a 0F       		.uleb128 0xf
 1096 068b A8020000 		.4byte	0x2a8
 1097 068f 00       		.byte	0
 1098 0690 08       		.uleb128 0x8
 1099 0691 16       		.byte	0x16
 1100 0692 0D       		.byte	0xd
 1101 0693 2C       		.byte	0x2c
 1102 0694 71070000 		.4byte	0x771
 1103 0698 06       		.uleb128 0x6
 1104 0699 CE030000 		.4byte	.LASF99
 1105 069d 0D       		.byte	0xd
 1106 069e 2D       		.byte	0x2d
 1107 069f 71070000 		.4byte	0x771
 1108 06a3 00       		.byte	0
 1109 06a4 06       		.uleb128 0x6
 1110 06a5 13030000 		.4byte	.LASF100
 1111 06a9 0D       		.byte	0xd
 1112 06aa 2E       		.byte	0x2e
 1113 06ab AD000000 		.4byte	0xad
 1114 06af 04       		.byte	0x4
 1115 06b0 06       		.uleb128 0x6
 1116 06b1 6C030000 		.4byte	.LASF101
 1117 06b5 0D       		.byte	0xd
 1118 06b6 2F       		.byte	0x2f
 1119 06b7 AD000000 		.4byte	0xad
 1120 06bb 05       		.byte	0x5
 1121 06bc 06       		.uleb128 0x6
 1122 06bd DE050000 		.4byte	.LASF102
 1123 06c1 0D       		.byte	0xd
 1124 06c2 30       		.byte	0x30
 1125 06c3 B8000000 		.4byte	0xb8
 1126 06c7 06       		.byte	0x6
ARM GAS  /tmp/cctQ04nK.s 			page 21


 1127 06c8 06       		.uleb128 0x6
 1128 06c9 0E040000 		.4byte	.LASF103
 1129 06cd 0D       		.byte	0xd
 1130 06ce 31       		.byte	0x31
 1131 06cf AD000000 		.4byte	0xad
 1132 06d3 08       		.byte	0x8
 1133 06d4 06       		.uleb128 0x6
 1134 06d5 5A020000 		.4byte	.LASF104
 1135 06d9 0D       		.byte	0xd
 1136 06da 32       		.byte	0x32
 1137 06db AD000000 		.4byte	0xad
 1138 06df 09       		.byte	0x9
 1139 06e0 06       		.uleb128 0x6
 1140 06e1 75000000 		.4byte	.LASF105
 1141 06e5 0D       		.byte	0xd
 1142 06e6 33       		.byte	0x33
 1143 06e7 AD000000 		.4byte	0xad
 1144 06eb 0A       		.byte	0xa
 1145 06ec 06       		.uleb128 0x6
 1146 06ed F8040000 		.4byte	.LASF106
 1147 06f1 0D       		.byte	0xd
 1148 06f2 34       		.byte	0x34
 1149 06f3 AD000000 		.4byte	0xad
 1150 06f7 0B       		.byte	0xb
 1151 06f8 06       		.uleb128 0x6
 1152 06f9 85050000 		.4byte	.LASF107
 1153 06fd 0D       		.byte	0xd
 1154 06fe 35       		.byte	0x35
 1155 06ff AD000000 		.4byte	0xad
 1156 0703 0C       		.byte	0xc
 1157 0704 06       		.uleb128 0x6
 1158 0705 D7040000 		.4byte	.LASF108
 1159 0709 0D       		.byte	0xd
 1160 070a 36       		.byte	0x36
 1161 070b AD000000 		.4byte	0xad
 1162 070f 0D       		.byte	0xd
 1163 0710 06       		.uleb128 0x6
 1164 0711 08000000 		.4byte	.LASF109
 1165 0715 0D       		.byte	0xd
 1166 0716 37       		.byte	0x37
 1167 0717 AD000000 		.4byte	0xad
 1168 071b 0E       		.byte	0xe
 1169 071c 06       		.uleb128 0x6
 1170 071d 45030000 		.4byte	.LASF110
 1171 0721 0D       		.byte	0xd
 1172 0722 38       		.byte	0x38
 1173 0723 AD000000 		.4byte	0xad
 1174 0727 0F       		.byte	0xf
 1175 0728 06       		.uleb128 0x6
 1176 0729 D6000000 		.4byte	.LASF111
 1177 072d 0D       		.byte	0xd
 1178 072e 39       		.byte	0x39
 1179 072f AD000000 		.4byte	0xad
 1180 0733 10       		.byte	0x10
 1181 0734 06       		.uleb128 0x6
 1182 0735 A4000000 		.4byte	.LASF112
 1183 0739 0D       		.byte	0xd
ARM GAS  /tmp/cctQ04nK.s 			page 22


 1184 073a 3B       		.byte	0x3b
 1185 073b AD000000 		.4byte	0xad
 1186 073f 11       		.byte	0x11
 1187 0740 06       		.uleb128 0x6
 1188 0741 E6000000 		.4byte	.LASF113
 1189 0745 0D       		.byte	0xd
 1190 0746 3C       		.byte	0x3c
 1191 0747 AD000000 		.4byte	0xad
 1192 074b 12       		.byte	0x12
 1193 074c 06       		.uleb128 0x6
 1194 074d 1B030000 		.4byte	.LASF114
 1195 0751 0D       		.byte	0xd
 1196 0752 3D       		.byte	0x3d
 1197 0753 AD000000 		.4byte	0xad
 1198 0757 13       		.byte	0x13
 1199 0758 06       		.uleb128 0x6
 1200 0759 B9040000 		.4byte	.LASF115
 1201 075d 0D       		.byte	0xd
 1202 075e 3E       		.byte	0x3e
 1203 075f AD000000 		.4byte	0xad
 1204 0763 14       		.byte	0x14
 1205 0764 06       		.uleb128 0x6
 1206 0765 7B040000 		.4byte	.LASF116
 1207 0769 0D       		.byte	0xd
 1208 076a 40       		.byte	0x40
 1209 076b AD000000 		.4byte	0xad
 1210 076f 15       		.byte	0x15
 1211 0770 00       		.byte	0
 1212 0771 0C       		.uleb128 0xc
 1213 0772 63060000 		.4byte	0x663
 1214 0776 81070000 		.4byte	0x781
 1215 077a 0D       		.uleb128 0xd
 1216 077b 56030000 		.4byte	0x356
 1217 077f 03       		.byte	0x3
 1218 0780 00       		.byte	0
 1219 0781 03       		.uleb128 0x3
 1220 0782 28010000 		.4byte	.LASF117
 1221 0786 0D       		.byte	0xd
 1222 0787 41       		.byte	0x41
 1223 0788 90060000 		.4byte	0x690
 1224 078c 14       		.uleb128 0x14
 1225 078d EE030000 		.4byte	.LASF118
 1226 0791 01       		.byte	0x1
 1227 0792 3D       		.byte	0x3d
 1228 0793 00000000 		.4byte	.LFB7
 1229 0797 14000000 		.4byte	.LFE7-.LFB7
 1230 079b 01       		.uleb128 0x1
 1231 079c 9C       		.byte	0x9c
 1232 079d AD070000 		.4byte	0x7ad
 1233 07a1 15       		.uleb128 0x15
 1234 07a2 7000     		.ascii	"p\000"
 1235 07a4 01       		.byte	0x1
 1236 07a5 3D       		.byte	0x3d
 1237 07a6 A8020000 		.4byte	0x2a8
 1238 07aa 01       		.uleb128 0x1
 1239 07ab 50       		.byte	0x50
 1240 07ac 00       		.byte	0
ARM GAS  /tmp/cctQ04nK.s 			page 23


 1241 07ad 14       		.uleb128 0x14
 1242 07ae 08020000 		.4byte	.LASF119
 1243 07b2 01       		.byte	0x1
 1244 07b3 54       		.byte	0x54
 1245 07b4 00000000 		.4byte	.LFB8
 1246 07b8 74000000 		.4byte	.LFE8-.LFB8
 1247 07bc 01       		.uleb128 0x1
 1248 07bd 9C       		.byte	0x9c
 1249 07be 73080000 		.4byte	0x873
 1250 07c2 16       		.uleb128 0x16
 1251 07c3 8C000000 		.4byte	.LASF121
 1252 07c7 01       		.byte	0x1
 1253 07c8 55       		.byte	0x55
 1254 07c9 43010000 		.4byte	0x143
 1255 07cd 05       		.uleb128 0x5
 1256 07ce 03       		.byte	0x3
 1257 07cf 00000000 		.4byte	mainthread.4790
 1258 07d3 17       		.uleb128 0x17
 1259 07d4 12000000 		.4byte	.LVL1
 1260 07d8 05090000 		.4byte	0x905
 1261 07dc EB070000 		.4byte	0x7eb
 1262 07e0 18       		.uleb128 0x18
 1263 07e1 01       		.uleb128 0x1
 1264 07e2 51       		.byte	0x51
 1265 07e3 01       		.uleb128 0x1
 1266 07e4 30       		.byte	0x30
 1267 07e5 18       		.uleb128 0x18
 1268 07e6 01       		.uleb128 0x1
 1269 07e7 50       		.byte	0x50
 1270 07e8 01       		.uleb128 0x1
 1271 07e9 3A       		.byte	0x3a
 1272 07ea 00       		.byte	0
 1273 07eb 17       		.uleb128 0x17
 1274 07ec 1A000000 		.4byte	.LVL2
 1275 07f0 05090000 		.4byte	0x905
 1276 07f4 04080000 		.4byte	0x804
 1277 07f8 18       		.uleb128 0x18
 1278 07f9 01       		.uleb128 0x1
 1279 07fa 51       		.byte	0x51
 1280 07fb 02       		.uleb128 0x2
 1281 07fc 08       		.byte	0x8
 1282 07fd 80       		.byte	0x80
 1283 07fe 18       		.uleb128 0x18
 1284 07ff 01       		.uleb128 0x1
 1285 0800 50       		.byte	0x50
 1286 0801 01       		.uleb128 0x1
 1287 0802 3B       		.byte	0x3b
 1288 0803 00       		.byte	0
 1289 0804 19       		.uleb128 0x19
 1290 0805 1E000000 		.4byte	.LVL3
 1291 0809 1C090000 		.4byte	0x91c
 1292 080d 19       		.uleb128 0x19
 1293 080e 22000000 		.4byte	.LVL4
 1294 0812 23090000 		.4byte	0x923
 1295 0816 19       		.uleb128 0x19
 1296 0817 26000000 		.4byte	.LVL5
 1297 081b 2A090000 		.4byte	0x92a
ARM GAS  /tmp/cctQ04nK.s 			page 24


 1298 081f 19       		.uleb128 0x19
 1299 0820 2A000000 		.4byte	.LVL6
 1300 0824 31090000 		.4byte	0x931
 1301 0828 17       		.uleb128 0x17
 1302 0829 32000000 		.4byte	.LVL7
 1303 082d 38090000 		.4byte	0x938
 1304 0831 45080000 		.4byte	0x845
 1305 0835 18       		.uleb128 0x18
 1306 0836 01       		.uleb128 0x1
 1307 0837 51       		.byte	0x51
 1308 0838 02       		.uleb128 0x2
 1309 0839 08       		.byte	0x8
 1310 083a 40       		.byte	0x40
 1311 083b 18       		.uleb128 0x18
 1312 083c 01       		.uleb128 0x1
 1313 083d 50       		.byte	0x50
 1314 083e 05       		.uleb128 0x5
 1315 083f 03       		.byte	0x3
 1316 0840 00000000 		.4byte	.LANCHOR0
 1317 0844 00       		.byte	0
 1318 0845 1A       		.uleb128 0x1a
 1319 0846 54000000 		.4byte	.LVL8
 1320 084a 53090000 		.4byte	0x953
 1321 084e 18       		.uleb128 0x18
 1322 084f 01       		.uleb128 0x1
 1323 0850 53       		.byte	0x53
 1324 0851 05       		.uleb128 0x5
 1325 0852 03       		.byte	0x3
 1326 0853 00000000 		.4byte	_idle_thread
 1327 0857 18       		.uleb128 0x18
 1328 0858 01       		.uleb128 0x1
 1329 0859 52       		.byte	0x52
 1330 085a 01       		.uleb128 0x1
 1331 085b 31       		.byte	0x31
 1332 085c 18       		.uleb128 0x18
 1333 085d 01       		.uleb128 0x1
 1334 085e 51       		.byte	0x51
 1335 085f 02       		.uleb128 0x2
 1336 0860 08       		.byte	0x8
 1337 0861 C0       		.byte	0xc0
 1338 0862 18       		.uleb128 0x18
 1339 0863 01       		.uleb128 0x1
 1340 0864 50       		.byte	0x50
 1341 0865 05       		.uleb128 0x5
 1342 0866 03       		.byte	0x3
 1343 0867 00000000 		.4byte	.LANCHOR1
 1344 086b 18       		.uleb128 0x18
 1345 086c 02       		.uleb128 0x2
 1346 086d 7D       		.byte	0x7d
 1347 086e 00       		.sleb128 0
 1348 086f 01       		.uleb128 0x1
 1349 0870 30       		.byte	0x30
 1350 0871 00       		.byte	0
 1351 0872 00       		.byte	0
 1352 0873 14       		.uleb128 0x14
 1353 0874 4B000000 		.4byte	.LASF120
 1354 0878 01       		.byte	0x1
ARM GAS  /tmp/cctQ04nK.s 			page 25


 1355 0879 89       		.byte	0x89
 1356 087a 00000000 		.4byte	.LFB9
 1357 087e 58000000 		.4byte	.LFE9-.LFB9
 1358 0882 01       		.uleb128 0x1
 1359 0883 9C       		.byte	0x9c
 1360 0884 BE080000 		.4byte	0x8be
 1361 0888 1B       		.uleb128 0x1b
 1362 0889 24000000 		.4byte	.LBB2
 1363 088d 2A000000 		.4byte	.LBE2-.LBB2
 1364 0891 1C       		.uleb128 0x1c
 1365 0892 76747000 		.ascii	"vtp\000"
 1366 0896 01       		.byte	0x1
 1367 0897 96       		.byte	0x96
 1368 0898 36050000 		.4byte	0x536
 1369 089c 00000000 		.4byte	.LLST0
 1370 08a0 1D       		.uleb128 0x1d
 1371 08a1 00000000 		.4byte	.Ldebug_ranges0+0
 1372 08a5 1C       		.uleb128 0x1c
 1373 08a6 666E00   		.ascii	"fn\000"
 1374 08a9 01       		.byte	0x1
 1375 08aa 96       		.byte	0x96
 1376 08ab C6040000 		.4byte	0x4c6
 1377 08af 1E000000 		.4byte	.LLST1
 1378 08b3 1E       		.uleb128 0x1e
 1379 08b4 42000000 		.4byte	.LVL11
 1380 08b8 02       		.uleb128 0x2
 1381 08b9 75       		.byte	0x75
 1382 08ba 00       		.sleb128 0
 1383 08bb 00       		.byte	0
 1384 08bc 00       		.byte	0
 1385 08bd 00       		.byte	0
 1386 08be 1F       		.uleb128 0x1f
 1387 08bf 44000000 		.4byte	.LASF122
 1388 08c3 0A       		.byte	0xa
 1389 08c4 F5       		.byte	0xf5
 1390 08c5 7A050000 		.4byte	0x57a
 1391 08c9 1F       		.uleb128 0x1f
 1392 08ca A6050000 		.4byte	.LASF123
 1393 08ce 0B       		.byte	0xb
 1394 08cf 6F       		.byte	0x6f
 1395 08d0 D6050000 		.4byte	0x5d6
 1396 08d4 1F       		.uleb128 0x1f
 1397 08d5 51020000 		.4byte	.LASF124
 1398 08d9 0D       		.byte	0xd
 1399 08da 7E       		.byte	0x7e
 1400 08db DF080000 		.4byte	0x8df
 1401 08df 12       		.uleb128 0x12
 1402 08e0 81070000 		.4byte	0x781
 1403 08e4 0C       		.uleb128 0xc
 1404 08e5 AA020000 		.4byte	0x2aa
 1405 08e9 F4080000 		.4byte	0x8f4
 1406 08ed 0D       		.uleb128 0xd
 1407 08ee 56030000 		.4byte	0x356
 1408 08f2 17       		.byte	0x17
 1409 08f3 00       		.byte	0
 1410 08f4 20       		.uleb128 0x20
 1411 08f5 3A010000 		.4byte	.LASF125
ARM GAS  /tmp/cctQ04nK.s 			page 26


 1412 08f9 01       		.byte	0x1
 1413 08fa 31       		.byte	0x31
 1414 08fb E4080000 		.4byte	0x8e4
 1415 08ff 05       		.uleb128 0x5
 1416 0900 03       		.byte	0x3
 1417 0901 00000000 		.4byte	_idle_thread_wa
 1418 0905 21       		.uleb128 0x21
 1419 0906 87040000 		.4byte	.LASF130
 1420 090a 09       		.byte	0x9
 1421 090b 2501     		.2byte	0x125
 1422 090d 1C090000 		.4byte	0x91c
 1423 0911 0F       		.uleb128 0xf
 1424 0912 CE000000 		.4byte	0xce
 1425 0916 0F       		.uleb128 0xf
 1426 0917 CE000000 		.4byte	0xce
 1427 091b 00       		.byte	0
 1428 091c 22       		.uleb128 0x22
 1429 091d 03030000 		.4byte	.LASF126
 1430 0921 0B       		.byte	0xb
 1431 0922 8E       		.byte	0x8e
 1432 0923 22       		.uleb128 0x22
 1433 0924 57050000 		.4byte	.LASF127
 1434 0928 0A       		.byte	0xa
 1435 0929 FD       		.byte	0xfd
 1436 092a 22       		.uleb128 0x22
 1437 092b 44040000 		.4byte	.LASF128
 1438 092f 0E       		.byte	0xe
 1439 0930 51       		.byte	0x51
 1440 0931 22       		.uleb128 0x22
 1441 0932 12020000 		.4byte	.LASF129
 1442 0936 0F       		.byte	0xf
 1443 0937 55       		.byte	0x55
 1444 0938 23       		.uleb128 0x23
 1445 0939 2A020000 		.4byte	.LASF135
 1446 093d 07       		.byte	0x7
 1447 093e 6A01     		.2byte	0x16a
 1448 0940 6C020000 		.4byte	0x26c
 1449 0944 53090000 		.4byte	0x953
 1450 0948 0F       		.uleb128 0xf
 1451 0949 6C020000 		.4byte	0x26c
 1452 094d 0F       		.uleb128 0xf
 1453 094e 17010000 		.4byte	0x117
 1454 0952 00       		.byte	0
 1455 0953 24       		.uleb128 0x24
 1456 0954 F1020000 		.4byte	.LASF131
 1457 0958 07       		.byte	0x7
 1458 0959 7001     		.2byte	0x170
 1459 095b 6C020000 		.4byte	0x26c
 1460 095f 0F       		.uleb128 0xf
 1461 0960 A8020000 		.4byte	0x2a8
 1462 0964 0F       		.uleb128 0xf
 1463 0965 2C000000 		.4byte	0x2c
 1464 0969 0F       		.uleb128 0xf
 1465 096a 17010000 		.4byte	0x117
 1466 096e 0F       		.uleb128 0xf
 1467 096f 70060000 		.4byte	0x670
 1468 0973 0F       		.uleb128 0xf
ARM GAS  /tmp/cctQ04nK.s 			page 27


 1469 0974 A8020000 		.4byte	0x2a8
 1470 0978 00       		.byte	0
 1471 0979 00       		.byte	0
 1472              		.section	.debug_abbrev,"",%progbits
 1473              	.Ldebug_abbrev0:
 1474 0000 01       		.uleb128 0x1
 1475 0001 11       		.uleb128 0x11
 1476 0002 01       		.byte	0x1
 1477 0003 25       		.uleb128 0x25
 1478 0004 0E       		.uleb128 0xe
 1479 0005 13       		.uleb128 0x13
 1480 0006 0B       		.uleb128 0xb
 1481 0007 03       		.uleb128 0x3
 1482 0008 0E       		.uleb128 0xe
 1483 0009 1B       		.uleb128 0x1b
 1484 000a 0E       		.uleb128 0xe
 1485 000b 55       		.uleb128 0x55
 1486 000c 17       		.uleb128 0x17
 1487 000d 11       		.uleb128 0x11
 1488 000e 01       		.uleb128 0x1
 1489 000f 10       		.uleb128 0x10
 1490 0010 17       		.uleb128 0x17
 1491 0011 00       		.byte	0
 1492 0012 00       		.byte	0
 1493 0013 02       		.uleb128 0x2
 1494 0014 24       		.uleb128 0x24
 1495 0015 00       		.byte	0
 1496 0016 0B       		.uleb128 0xb
 1497 0017 0B       		.uleb128 0xb
 1498 0018 3E       		.uleb128 0x3e
 1499 0019 0B       		.uleb128 0xb
 1500 001a 03       		.uleb128 0x3
 1501 001b 08       		.uleb128 0x8
 1502 001c 00       		.byte	0
 1503 001d 00       		.byte	0
 1504 001e 03       		.uleb128 0x3
 1505 001f 16       		.uleb128 0x16
 1506 0020 00       		.byte	0
 1507 0021 03       		.uleb128 0x3
 1508 0022 0E       		.uleb128 0xe
 1509 0023 3A       		.uleb128 0x3a
 1510 0024 0B       		.uleb128 0xb
 1511 0025 3B       		.uleb128 0x3b
 1512 0026 0B       		.uleb128 0xb
 1513 0027 49       		.uleb128 0x49
 1514 0028 13       		.uleb128 0x13
 1515 0029 00       		.byte	0
 1516 002a 00       		.byte	0
 1517 002b 04       		.uleb128 0x4
 1518 002c 24       		.uleb128 0x24
 1519 002d 00       		.byte	0
 1520 002e 0B       		.uleb128 0xb
 1521 002f 0B       		.uleb128 0xb
 1522 0030 3E       		.uleb128 0x3e
 1523 0031 0B       		.uleb128 0xb
 1524 0032 03       		.uleb128 0x3
 1525 0033 0E       		.uleb128 0xe
ARM GAS  /tmp/cctQ04nK.s 			page 28


 1526 0034 00       		.byte	0
 1527 0035 00       		.byte	0
 1528 0036 05       		.uleb128 0x5
 1529 0037 13       		.uleb128 0x13
 1530 0038 01       		.byte	0x1
 1531 0039 03       		.uleb128 0x3
 1532 003a 0E       		.uleb128 0xe
 1533 003b 0B       		.uleb128 0xb
 1534 003c 0B       		.uleb128 0xb
 1535 003d 3A       		.uleb128 0x3a
 1536 003e 0B       		.uleb128 0xb
 1537 003f 3B       		.uleb128 0x3b
 1538 0040 0B       		.uleb128 0xb
 1539 0041 01       		.uleb128 0x1
 1540 0042 13       		.uleb128 0x13
 1541 0043 00       		.byte	0
 1542 0044 00       		.byte	0
 1543 0045 06       		.uleb128 0x6
 1544 0046 0D       		.uleb128 0xd
 1545 0047 00       		.byte	0
 1546 0048 03       		.uleb128 0x3
 1547 0049 0E       		.uleb128 0xe
 1548 004a 3A       		.uleb128 0x3a
 1549 004b 0B       		.uleb128 0xb
 1550 004c 3B       		.uleb128 0x3b
 1551 004d 0B       		.uleb128 0xb
 1552 004e 49       		.uleb128 0x49
 1553 004f 13       		.uleb128 0x13
 1554 0050 38       		.uleb128 0x38
 1555 0051 0B       		.uleb128 0xb
 1556 0052 00       		.byte	0
 1557 0053 00       		.byte	0
 1558 0054 07       		.uleb128 0x7
 1559 0055 0D       		.uleb128 0xd
 1560 0056 00       		.byte	0
 1561 0057 03       		.uleb128 0x3
 1562 0058 08       		.uleb128 0x8
 1563 0059 3A       		.uleb128 0x3a
 1564 005a 0B       		.uleb128 0xb
 1565 005b 3B       		.uleb128 0x3b
 1566 005c 0B       		.uleb128 0xb
 1567 005d 49       		.uleb128 0x49
 1568 005e 13       		.uleb128 0x13
 1569 005f 38       		.uleb128 0x38
 1570 0060 0B       		.uleb128 0xb
 1571 0061 00       		.byte	0
 1572 0062 00       		.byte	0
 1573 0063 08       		.uleb128 0x8
 1574 0064 13       		.uleb128 0x13
 1575 0065 01       		.byte	0x1
 1576 0066 0B       		.uleb128 0xb
 1577 0067 0B       		.uleb128 0xb
 1578 0068 3A       		.uleb128 0x3a
 1579 0069 0B       		.uleb128 0xb
 1580 006a 3B       		.uleb128 0x3b
 1581 006b 0B       		.uleb128 0xb
 1582 006c 01       		.uleb128 0x1
ARM GAS  /tmp/cctQ04nK.s 			page 29


 1583 006d 13       		.uleb128 0x13
 1584 006e 00       		.byte	0
 1585 006f 00       		.byte	0
 1586 0070 09       		.uleb128 0x9
 1587 0071 0F       		.uleb128 0xf
 1588 0072 00       		.byte	0
 1589 0073 0B       		.uleb128 0xb
 1590 0074 0B       		.uleb128 0xb
 1591 0075 49       		.uleb128 0x49
 1592 0076 13       		.uleb128 0x13
 1593 0077 00       		.byte	0
 1594 0078 00       		.byte	0
 1595 0079 0A       		.uleb128 0xa
 1596 007a 0F       		.uleb128 0xf
 1597 007b 00       		.byte	0
 1598 007c 0B       		.uleb128 0xb
 1599 007d 0B       		.uleb128 0xb
 1600 007e 00       		.byte	0
 1601 007f 00       		.byte	0
 1602 0080 0B       		.uleb128 0xb
 1603 0081 35       		.uleb128 0x35
 1604 0082 00       		.byte	0
 1605 0083 49       		.uleb128 0x49
 1606 0084 13       		.uleb128 0x13
 1607 0085 00       		.byte	0
 1608 0086 00       		.byte	0
 1609 0087 0C       		.uleb128 0xc
 1610 0088 01       		.uleb128 0x1
 1611 0089 01       		.byte	0x1
 1612 008a 49       		.uleb128 0x49
 1613 008b 13       		.uleb128 0x13
 1614 008c 01       		.uleb128 0x1
 1615 008d 13       		.uleb128 0x13
 1616 008e 00       		.byte	0
 1617 008f 00       		.byte	0
 1618 0090 0D       		.uleb128 0xd
 1619 0091 21       		.uleb128 0x21
 1620 0092 00       		.byte	0
 1621 0093 49       		.uleb128 0x49
 1622 0094 13       		.uleb128 0x13
 1623 0095 2F       		.uleb128 0x2f
 1624 0096 0B       		.uleb128 0xb
 1625 0097 00       		.byte	0
 1626 0098 00       		.byte	0
 1627 0099 0E       		.uleb128 0xe
 1628 009a 15       		.uleb128 0x15
 1629 009b 01       		.byte	0x1
 1630 009c 27       		.uleb128 0x27
 1631 009d 19       		.uleb128 0x19
 1632 009e 01       		.uleb128 0x1
 1633 009f 13       		.uleb128 0x13
 1634 00a0 00       		.byte	0
 1635 00a1 00       		.byte	0
 1636 00a2 0F       		.uleb128 0xf
 1637 00a3 05       		.uleb128 0x5
 1638 00a4 00       		.byte	0
 1639 00a5 49       		.uleb128 0x49
ARM GAS  /tmp/cctQ04nK.s 			page 30


 1640 00a6 13       		.uleb128 0x13
 1641 00a7 00       		.byte	0
 1642 00a8 00       		.byte	0
 1643 00a9 10       		.uleb128 0x10
 1644 00aa 17       		.uleb128 0x17
 1645 00ab 01       		.byte	0x1
 1646 00ac 0B       		.uleb128 0xb
 1647 00ad 0B       		.uleb128 0xb
 1648 00ae 3A       		.uleb128 0x3a
 1649 00af 0B       		.uleb128 0xb
 1650 00b0 3B       		.uleb128 0x3b
 1651 00b1 0B       		.uleb128 0xb
 1652 00b2 01       		.uleb128 0x1
 1653 00b3 13       		.uleb128 0x13
 1654 00b4 00       		.byte	0
 1655 00b5 00       		.byte	0
 1656 00b6 11       		.uleb128 0x11
 1657 00b7 0D       		.uleb128 0xd
 1658 00b8 00       		.byte	0
 1659 00b9 03       		.uleb128 0x3
 1660 00ba 0E       		.uleb128 0xe
 1661 00bb 3A       		.uleb128 0x3a
 1662 00bc 0B       		.uleb128 0xb
 1663 00bd 3B       		.uleb128 0x3b
 1664 00be 0B       		.uleb128 0xb
 1665 00bf 49       		.uleb128 0x49
 1666 00c0 13       		.uleb128 0x13
 1667 00c1 00       		.byte	0
 1668 00c2 00       		.byte	0
 1669 00c3 12       		.uleb128 0x12
 1670 00c4 26       		.uleb128 0x26
 1671 00c5 00       		.byte	0
 1672 00c6 49       		.uleb128 0x49
 1673 00c7 13       		.uleb128 0x13
 1674 00c8 00       		.byte	0
 1675 00c9 00       		.byte	0
 1676 00ca 13       		.uleb128 0x13
 1677 00cb 15       		.uleb128 0x15
 1678 00cc 01       		.byte	0x1
 1679 00cd 27       		.uleb128 0x27
 1680 00ce 19       		.uleb128 0x19
 1681 00cf 49       		.uleb128 0x49
 1682 00d0 13       		.uleb128 0x13
 1683 00d1 01       		.uleb128 0x1
 1684 00d2 13       		.uleb128 0x13
 1685 00d3 00       		.byte	0
 1686 00d4 00       		.byte	0
 1687 00d5 14       		.uleb128 0x14
 1688 00d6 2E       		.uleb128 0x2e
 1689 00d7 01       		.byte	0x1
 1690 00d8 3F       		.uleb128 0x3f
 1691 00d9 19       		.uleb128 0x19
 1692 00da 03       		.uleb128 0x3
 1693 00db 0E       		.uleb128 0xe
 1694 00dc 3A       		.uleb128 0x3a
 1695 00dd 0B       		.uleb128 0xb
 1696 00de 3B       		.uleb128 0x3b
ARM GAS  /tmp/cctQ04nK.s 			page 31


 1697 00df 0B       		.uleb128 0xb
 1698 00e0 27       		.uleb128 0x27
 1699 00e1 19       		.uleb128 0x19
 1700 00e2 11       		.uleb128 0x11
 1701 00e3 01       		.uleb128 0x1
 1702 00e4 12       		.uleb128 0x12
 1703 00e5 06       		.uleb128 0x6
 1704 00e6 40       		.uleb128 0x40
 1705 00e7 18       		.uleb128 0x18
 1706 00e8 9742     		.uleb128 0x2117
 1707 00ea 19       		.uleb128 0x19
 1708 00eb 01       		.uleb128 0x1
 1709 00ec 13       		.uleb128 0x13
 1710 00ed 00       		.byte	0
 1711 00ee 00       		.byte	0
 1712 00ef 15       		.uleb128 0x15
 1713 00f0 05       		.uleb128 0x5
 1714 00f1 00       		.byte	0
 1715 00f2 03       		.uleb128 0x3
 1716 00f3 08       		.uleb128 0x8
 1717 00f4 3A       		.uleb128 0x3a
 1718 00f5 0B       		.uleb128 0xb
 1719 00f6 3B       		.uleb128 0x3b
 1720 00f7 0B       		.uleb128 0xb
 1721 00f8 49       		.uleb128 0x49
 1722 00f9 13       		.uleb128 0x13
 1723 00fa 02       		.uleb128 0x2
 1724 00fb 18       		.uleb128 0x18
 1725 00fc 00       		.byte	0
 1726 00fd 00       		.byte	0
 1727 00fe 16       		.uleb128 0x16
 1728 00ff 34       		.uleb128 0x34
 1729 0100 00       		.byte	0
 1730 0101 03       		.uleb128 0x3
 1731 0102 0E       		.uleb128 0xe
 1732 0103 3A       		.uleb128 0x3a
 1733 0104 0B       		.uleb128 0xb
 1734 0105 3B       		.uleb128 0x3b
 1735 0106 0B       		.uleb128 0xb
 1736 0107 49       		.uleb128 0x49
 1737 0108 13       		.uleb128 0x13
 1738 0109 02       		.uleb128 0x2
 1739 010a 18       		.uleb128 0x18
 1740 010b 00       		.byte	0
 1741 010c 00       		.byte	0
 1742 010d 17       		.uleb128 0x17
 1743 010e 898201   		.uleb128 0x4109
 1744 0111 01       		.byte	0x1
 1745 0112 11       		.uleb128 0x11
 1746 0113 01       		.uleb128 0x1
 1747 0114 31       		.uleb128 0x31
 1748 0115 13       		.uleb128 0x13
 1749 0116 01       		.uleb128 0x1
 1750 0117 13       		.uleb128 0x13
 1751 0118 00       		.byte	0
 1752 0119 00       		.byte	0
 1753 011a 18       		.uleb128 0x18
ARM GAS  /tmp/cctQ04nK.s 			page 32


 1754 011b 8A8201   		.uleb128 0x410a
 1755 011e 00       		.byte	0
 1756 011f 02       		.uleb128 0x2
 1757 0120 18       		.uleb128 0x18
 1758 0121 9142     		.uleb128 0x2111
 1759 0123 18       		.uleb128 0x18
 1760 0124 00       		.byte	0
 1761 0125 00       		.byte	0
 1762 0126 19       		.uleb128 0x19
 1763 0127 898201   		.uleb128 0x4109
 1764 012a 00       		.byte	0
 1765 012b 11       		.uleb128 0x11
 1766 012c 01       		.uleb128 0x1
 1767 012d 31       		.uleb128 0x31
 1768 012e 13       		.uleb128 0x13
 1769 012f 00       		.byte	0
 1770 0130 00       		.byte	0
 1771 0131 1A       		.uleb128 0x1a
 1772 0132 898201   		.uleb128 0x4109
 1773 0135 01       		.byte	0x1
 1774 0136 11       		.uleb128 0x11
 1775 0137 01       		.uleb128 0x1
 1776 0138 31       		.uleb128 0x31
 1777 0139 13       		.uleb128 0x13
 1778 013a 00       		.byte	0
 1779 013b 00       		.byte	0
 1780 013c 1B       		.uleb128 0x1b
 1781 013d 0B       		.uleb128 0xb
 1782 013e 01       		.byte	0x1
 1783 013f 11       		.uleb128 0x11
 1784 0140 01       		.uleb128 0x1
 1785 0141 12       		.uleb128 0x12
 1786 0142 06       		.uleb128 0x6
 1787 0143 00       		.byte	0
 1788 0144 00       		.byte	0
 1789 0145 1C       		.uleb128 0x1c
 1790 0146 34       		.uleb128 0x34
 1791 0147 00       		.byte	0
 1792 0148 03       		.uleb128 0x3
 1793 0149 08       		.uleb128 0x8
 1794 014a 3A       		.uleb128 0x3a
 1795 014b 0B       		.uleb128 0xb
 1796 014c 3B       		.uleb128 0x3b
 1797 014d 0B       		.uleb128 0xb
 1798 014e 49       		.uleb128 0x49
 1799 014f 13       		.uleb128 0x13
 1800 0150 02       		.uleb128 0x2
 1801 0151 17       		.uleb128 0x17
 1802 0152 00       		.byte	0
 1803 0153 00       		.byte	0
 1804 0154 1D       		.uleb128 0x1d
 1805 0155 0B       		.uleb128 0xb
 1806 0156 01       		.byte	0x1
 1807 0157 55       		.uleb128 0x55
 1808 0158 17       		.uleb128 0x17
 1809 0159 00       		.byte	0
 1810 015a 00       		.byte	0
ARM GAS  /tmp/cctQ04nK.s 			page 33


 1811 015b 1E       		.uleb128 0x1e
 1812 015c 898201   		.uleb128 0x4109
 1813 015f 00       		.byte	0
 1814 0160 11       		.uleb128 0x11
 1815 0161 01       		.uleb128 0x1
 1816 0162 9342     		.uleb128 0x2113
 1817 0164 18       		.uleb128 0x18
 1818 0165 00       		.byte	0
 1819 0166 00       		.byte	0
 1820 0167 1F       		.uleb128 0x1f
 1821 0168 34       		.uleb128 0x34
 1822 0169 00       		.byte	0
 1823 016a 03       		.uleb128 0x3
 1824 016b 0E       		.uleb128 0xe
 1825 016c 3A       		.uleb128 0x3a
 1826 016d 0B       		.uleb128 0xb
 1827 016e 3B       		.uleb128 0x3b
 1828 016f 0B       		.uleb128 0xb
 1829 0170 49       		.uleb128 0x49
 1830 0171 13       		.uleb128 0x13
 1831 0172 3F       		.uleb128 0x3f
 1832 0173 19       		.uleb128 0x19
 1833 0174 3C       		.uleb128 0x3c
 1834 0175 19       		.uleb128 0x19
 1835 0176 00       		.byte	0
 1836 0177 00       		.byte	0
 1837 0178 20       		.uleb128 0x20
 1838 0179 34       		.uleb128 0x34
 1839 017a 00       		.byte	0
 1840 017b 03       		.uleb128 0x3
 1841 017c 0E       		.uleb128 0xe
 1842 017d 3A       		.uleb128 0x3a
 1843 017e 0B       		.uleb128 0xb
 1844 017f 3B       		.uleb128 0x3b
 1845 0180 0B       		.uleb128 0xb
 1846 0181 49       		.uleb128 0x49
 1847 0182 13       		.uleb128 0x13
 1848 0183 3F       		.uleb128 0x3f
 1849 0184 19       		.uleb128 0x19
 1850 0185 02       		.uleb128 0x2
 1851 0186 18       		.uleb128 0x18
 1852 0187 00       		.byte	0
 1853 0188 00       		.byte	0
 1854 0189 21       		.uleb128 0x21
 1855 018a 2E       		.uleb128 0x2e
 1856 018b 01       		.byte	0x1
 1857 018c 3F       		.uleb128 0x3f
 1858 018d 19       		.uleb128 0x19
 1859 018e 03       		.uleb128 0x3
 1860 018f 0E       		.uleb128 0xe
 1861 0190 3A       		.uleb128 0x3a
 1862 0191 0B       		.uleb128 0xb
 1863 0192 3B       		.uleb128 0x3b
 1864 0193 05       		.uleb128 0x5
 1865 0194 27       		.uleb128 0x27
 1866 0195 19       		.uleb128 0x19
 1867 0196 3C       		.uleb128 0x3c
ARM GAS  /tmp/cctQ04nK.s 			page 34


 1868 0197 19       		.uleb128 0x19
 1869 0198 01       		.uleb128 0x1
 1870 0199 13       		.uleb128 0x13
 1871 019a 00       		.byte	0
 1872 019b 00       		.byte	0
 1873 019c 22       		.uleb128 0x22
 1874 019d 2E       		.uleb128 0x2e
 1875 019e 00       		.byte	0
 1876 019f 3F       		.uleb128 0x3f
 1877 01a0 19       		.uleb128 0x19
 1878 01a1 03       		.uleb128 0x3
 1879 01a2 0E       		.uleb128 0xe
 1880 01a3 3A       		.uleb128 0x3a
 1881 01a4 0B       		.uleb128 0xb
 1882 01a5 3B       		.uleb128 0x3b
 1883 01a6 0B       		.uleb128 0xb
 1884 01a7 27       		.uleb128 0x27
 1885 01a8 19       		.uleb128 0x19
 1886 01a9 3C       		.uleb128 0x3c
 1887 01aa 19       		.uleb128 0x19
 1888 01ab 00       		.byte	0
 1889 01ac 00       		.byte	0
 1890 01ad 23       		.uleb128 0x23
 1891 01ae 2E       		.uleb128 0x2e
 1892 01af 01       		.byte	0x1
 1893 01b0 3F       		.uleb128 0x3f
 1894 01b1 19       		.uleb128 0x19
 1895 01b2 03       		.uleb128 0x3
 1896 01b3 0E       		.uleb128 0xe
 1897 01b4 3A       		.uleb128 0x3a
 1898 01b5 0B       		.uleb128 0xb
 1899 01b6 3B       		.uleb128 0x3b
 1900 01b7 05       		.uleb128 0x5
 1901 01b8 27       		.uleb128 0x27
 1902 01b9 19       		.uleb128 0x19
 1903 01ba 49       		.uleb128 0x49
 1904 01bb 13       		.uleb128 0x13
 1905 01bc 3C       		.uleb128 0x3c
 1906 01bd 19       		.uleb128 0x19
 1907 01be 01       		.uleb128 0x1
 1908 01bf 13       		.uleb128 0x13
 1909 01c0 00       		.byte	0
 1910 01c1 00       		.byte	0
 1911 01c2 24       		.uleb128 0x24
 1912 01c3 2E       		.uleb128 0x2e
 1913 01c4 01       		.byte	0x1
 1914 01c5 3F       		.uleb128 0x3f
 1915 01c6 19       		.uleb128 0x19
 1916 01c7 03       		.uleb128 0x3
 1917 01c8 0E       		.uleb128 0xe
 1918 01c9 3A       		.uleb128 0x3a
 1919 01ca 0B       		.uleb128 0xb
 1920 01cb 3B       		.uleb128 0x3b
 1921 01cc 05       		.uleb128 0x5
 1922 01cd 27       		.uleb128 0x27
 1923 01ce 19       		.uleb128 0x19
 1924 01cf 49       		.uleb128 0x49
ARM GAS  /tmp/cctQ04nK.s 			page 35


 1925 01d0 13       		.uleb128 0x13
 1926 01d1 3C       		.uleb128 0x3c
 1927 01d2 19       		.uleb128 0x19
 1928 01d3 00       		.byte	0
 1929 01d4 00       		.byte	0
 1930 01d5 00       		.byte	0
 1931              		.section	.debug_loc,"",%progbits
 1932              	.Ldebug_loc0:
 1933              	.LLST0:
 1934 0000 2A000000 		.4byte	.LVL9
 1935 0004 41000000 		.4byte	.LVL11-1
 1936 0008 0100     		.2byte	0x1
 1937 000a 53       		.byte	0x53
 1938 000b 46000000 		.4byte	.LVL12
 1939 000f 4E000000 		.4byte	.LVL13
 1940 0013 0100     		.2byte	0x1
 1941 0015 53       		.byte	0x53
 1942 0016 00000000 		.4byte	0
 1943 001a 00000000 		.4byte	0
 1944              	.LLST1:
 1945 001e 36000000 		.4byte	.LVL10
 1946 0022 4E000000 		.4byte	.LVL13
 1947 0026 0100     		.2byte	0x1
 1948 0028 55       		.byte	0x55
 1949 0029 00000000 		.4byte	0
 1950 002d 00000000 		.4byte	0
 1951              		.section	.debug_aranges,"",%progbits
 1952 0000 2C000000 		.4byte	0x2c
 1953 0004 0200     		.2byte	0x2
 1954 0006 00000000 		.4byte	.Ldebug_info0
 1955 000a 04       		.byte	0x4
 1956 000b 00       		.byte	0
 1957 000c 0000     		.2byte	0
 1958 000e 0000     		.2byte	0
 1959 0010 00000000 		.4byte	.LFB7
 1960 0014 14000000 		.4byte	.LFE7-.LFB7
 1961 0018 00000000 		.4byte	.LFB8
 1962 001c 74000000 		.4byte	.LFE8-.LFB8
 1963 0020 00000000 		.4byte	.LFB9
 1964 0024 58000000 		.4byte	.LFE9-.LFB9
 1965 0028 00000000 		.4byte	0
 1966 002c 00000000 		.4byte	0
 1967              		.section	.debug_ranges,"",%progbits
 1968              	.Ldebug_ranges0:
 1969 0000 2E000000 		.4byte	.LBB3
 1970 0004 30000000 		.4byte	.LBE3
 1971 0008 32000000 		.4byte	.LBB4
 1972 000c 44000000 		.4byte	.LBE4
 1973 0010 00000000 		.4byte	0
 1974 0014 00000000 		.4byte	0
 1975 0018 00000000 		.4byte	.LFB7
 1976 001c 14000000 		.4byte	.LFE7
 1977 0020 00000000 		.4byte	.LFB8
 1978 0024 74000000 		.4byte	.LFE8
 1979 0028 00000000 		.4byte	.LFB9
 1980 002c 58000000 		.4byte	.LFE9
 1981 0030 00000000 		.4byte	0
ARM GAS  /tmp/cctQ04nK.s 			page 36


 1982 0034 00000000 		.4byte	0
 1983              		.section	.debug_line,"",%progbits
 1984              	.Ldebug_line0:
 1985 0000 00020000 		.section	.debug_str,"MS",%progbits,1
 1985      0200A301 
 1985      00000201 
 1985      FB0E0D00 
 1985      01010101 
 1986              	.LASF98:
 1987 0000 7466756E 		.ascii	"tfunc_t\000"
 1987      635F7400 
 1988              	.LASF109:
 1989 0008 63665F6F 		.ascii	"cf_off_older\000"
 1989      66665F6F 
 1989      6C646572 
 1989      00
 1990              	.LASF44:
 1991 0015 705F6D73 		.ascii	"p_msg\000"
 1991      6700
 1992              	.LASF2:
 1993 001b 73697A65 		.ascii	"size_t\000"
 1993      5F7400
 1994              	.LASF93:
 1995 0022 7264796D 		.ascii	"rdymsg\000"
 1995      736700
 1996              	.LASF19:
 1997 0029 75696E74 		.ascii	"uint64_t\000"
 1997      36345F74 
 1997      00
 1998              	.LASF3:
 1999 0032 5F5F7569 		.ascii	"__uint8_t\000"
 1999      6E74385F 
 1999      7400
 2000              	.LASF72:
 2001 003c 434D785F 		.ascii	"CMx_SCB\000"
 2001      53434200 
 2002              	.LASF122:
 2003 0044 76746C69 		.ascii	"vtlist\000"
 2003      737400
 2004              	.LASF120:
 2005 004b 63685379 		.ascii	"chSysTimerHandlerI\000"
 2005      7354696D 
 2005      65724861 
 2005      6E646C65 
 2005      724900
 2006              	.LASF14:
 2007 005e 6C6F6E67 		.ascii	"long long unsigned int\000"
 2007      206C6F6E 
 2007      6720756E 
 2007      7369676E 
 2007      65642069 
 2008              	.LASF105:
 2009 0075 63685F74 		.ascii	"ch_threadsize\000"
 2009      68726561 
 2009      6473697A 
 2009      6500
 2010              	.LASF94:
ARM GAS  /tmp/cctQ04nK.s 			page 37


 2011 0083 65786974 		.ascii	"exitcode\000"
 2011      636F6465 
 2011      00
 2012              	.LASF121:
 2013 008c 6D61696E 		.ascii	"mainthread\000"
 2013      74687265 
 2013      616400
 2014              	.LASF57:
 2015 0097 43505549 		.ascii	"CPUID\000"
 2015      4400
 2016              	.LASF32:
 2017 009d 705F7072 		.ascii	"p_prio\000"
 2017      696F00
 2018              	.LASF112:
 2019 00a4 63665F6F 		.ascii	"cf_off_state\000"
 2019      66665F73 
 2019      74617465 
 2019      00
 2020              	.LASF80:
 2021 00b1 76745F73 		.ascii	"vt_systime\000"
 2021      79737469 
 2021      6D6500
 2022              	.LASF12:
 2023 00bc 6C6F6E67 		.ascii	"long long int\000"
 2023      206C6F6E 
 2023      6720696E 
 2023      7400
 2024              	.LASF1:
 2025 00ca 7369676E 		.ascii	"signed char\000"
 2025      65642063 
 2025      68617200 
 2026              	.LASF111:
 2027 00d6 63665F6F 		.ascii	"cf_off_stklimit\000"
 2027      66665F73 
 2027      746B6C69 
 2027      6D697400 
 2028              	.LASF113:
 2029 00e6 63665F6F 		.ascii	"cf_off_flags\000"
 2029      66665F66 
 2029      6C616773 
 2029      00
 2030              	.LASF48:
 2031 00f3 705F6D70 		.ascii	"p_mpool\000"
 2031      6F6F6C00 
 2032              	.LASF90:
 2033 00fb 6D5F7175 		.ascii	"m_queue\000"
 2033      65756500 
 2034              	.LASF24:
 2035 0103 74736C69 		.ascii	"tslices_t\000"
 2035      6365735F 
 2035      7400
 2036              	.LASF9:
 2037 010d 6C6F6E67 		.ascii	"long int\000"
 2037      20696E74 
 2037      00
 2038              	.LASF22:
 2039 0116 74737461 		.ascii	"tstate_t\000"
ARM GAS  /tmp/cctQ04nK.s 			page 38


 2039      74655F74 
 2039      00
 2040              	.LASF16:
 2041 011f 75696E74 		.ascii	"uint16_t\000"
 2041      31365F74 
 2041      00
 2042              	.LASF117:
 2043 0128 63686465 		.ascii	"chdebug_t\000"
 2043      6275675F 
 2043      7400
 2044              	.LASF34:
 2045 0132 705F6E65 		.ascii	"p_newer\000"
 2045      77657200 
 2046              	.LASF125:
 2047 013a 5F69646C 		.ascii	"_idle_thread_wa\000"
 2047      655F7468 
 2047      72656164 
 2047      5F776100 
 2048              	.LASF67:
 2049 014a 42464152 		.ascii	"BFAR\000"
 2049      00
 2050              	.LASF132:
 2051 014f 474E5520 		.ascii	"GNU C 4.8.2 -mcpu=cortex-m0 -mno-thumb-interwork -m"
 2051      4320342E 
 2051      382E3220 
 2051      2D6D6370 
 2051      753D636F 
 2052 0182 7468756D 		.ascii	"thumb -ggdb -O2 -fomit-frame-pointer -falign-functi"
 2052      62202D67 
 2052      67646220 
 2052      2D4F3220 
 2052      2D666F6D 
 2053 01b5 6F6E733D 		.ascii	"ons=16 -ffunction-sections -fdata-sections -fno-com"
 2053      3136202D 
 2053      6666756E 
 2053      6374696F 
 2053      6E2D7365 
 2054 01e8 6D6F6E00 		.ascii	"mon\000"
 2055              	.LASF10:
 2056 01ec 5F5F7569 		.ascii	"__uint32_t\000"
 2056      6E743332 
 2056      5F7400
 2057              	.LASF51:
 2058 01f7 72656761 		.ascii	"regarm_t\000"
 2058      726D5F74 
 2058      00
 2059              	.LASF76:
 2060 0200 76745F70 		.ascii	"vt_prev\000"
 2060      72657600 
 2061              	.LASF119:
 2062 0208 63685379 		.ascii	"chSysInit\000"
 2062      73496E69 
 2062      7400
 2063              	.LASF129:
 2064 0212 5F686561 		.ascii	"_heap_init\000"
 2064      705F696E 
 2064      697400
ARM GAS  /tmp/cctQ04nK.s 			page 39


 2065              	.LASF0:
 2066 021d 756E7369 		.ascii	"unsigned int\000"
 2066      676E6564 
 2066      20696E74 
 2066      00
 2067              	.LASF135:
 2068 022a 5F746872 		.ascii	"_thread_init\000"
 2068      6561645F 
 2068      696E6974 
 2068      00
 2069              	.LASF75:
 2070 0237 76745F6E 		.ascii	"vt_next\000"
 2070      65787400 
 2071              	.LASF11:
 2072 023f 6C6F6E67 		.ascii	"long unsigned int\000"
 2072      20756E73 
 2072      69676E65 
 2072      6420696E 
 2072      7400
 2073              	.LASF124:
 2074 0251 63685F64 		.ascii	"ch_debug\000"
 2074      65627567 
 2074      00
 2075              	.LASF104:
 2076 025a 63685F74 		.ascii	"ch_timesize\000"
 2076      696D6573 
 2076      697A6500 
 2077              	.LASF73:
 2078 0266 76746675 		.ascii	"vtfunc_t\000"
 2078      6E635F74 
 2078      00
 2079              	.LASF59:
 2080 026f 56544F52 		.ascii	"VTOR\000"
 2080      00
 2081              	.LASF74:
 2082 0274 56697274 		.ascii	"VirtualTimer\000"
 2082      75616C54 
 2082      696D6572 
 2082      00
 2083              	.LASF54:
 2084 0281 636F6E74 		.ascii	"context\000"
 2084      65787400 
 2085              	.LASF7:
 2086 0289 73686F72 		.ascii	"short unsigned int\000"
 2086      7420756E 
 2086      7369676E 
 2086      65642069 
 2086      6E7400
 2087              	.LASF58:
 2088 029c 49435352 		.ascii	"ICSR\000"
 2088      00
 2089              	.LASF26:
 2090 02a1 6D73675F 		.ascii	"msg_t\000"
 2090      7400
 2091              	.LASF60:
 2092 02a7 41495243 		.ascii	"AIRCR\000"
 2092      5200
ARM GAS  /tmp/cctQ04nK.s 			page 40


 2093              	.LASF65:
 2094 02ad 44465352 		.ascii	"DFSR\000"
 2094      00
 2095              	.LASF85:
 2096 02b2 725F6E65 		.ascii	"r_newer\000"
 2096      77657200 
 2097              	.LASF66:
 2098 02ba 4D4D4641 		.ascii	"MMFAR\000"
 2098      5200
 2099              	.LASF21:
 2100 02c0 746D6F64 		.ascii	"tmode_t\000"
 2100      655F7400 
 2101              	.LASF50:
 2102 02c8 54687265 		.ascii	"ThreadsList\000"
 2102      6164734C 
 2102      69737400 
 2103              	.LASF27:
 2104 02d4 6576656E 		.ascii	"eventmask_t\000"
 2104      746D6173 
 2104      6B5F7400 
 2105              	.LASF89:
 2106 02e0 4D757465 		.ascii	"Mutex\000"
 2106      7800
 2107              	.LASF52:
 2108 02e6 73746B61 		.ascii	"stkalign_t\000"
 2108      6C69676E 
 2108      5F7400
 2109              	.LASF131:
 2110 02f1 63685468 		.ascii	"chThdCreateStatic\000"
 2110      64437265 
 2110      61746553 
 2110      74617469 
 2110      6300
 2111              	.LASF126:
 2112 0303 5F736368 		.ascii	"_scheduler_init\000"
 2112      6564756C 
 2112      65725F69 
 2112      6E697400 
 2113              	.LASF100:
 2114 0313 63685F7A 		.ascii	"ch_zero\000"
 2114      65726F00 
 2115              	.LASF114:
 2116 031b 63665F6F 		.ascii	"cf_off_refs\000"
 2116      66665F72 
 2116      65667300 
 2117              	.LASF77:
 2118 0327 76745F74 		.ascii	"vt_time\000"
 2118      696D6500 
 2119              	.LASF56:
 2120 032f 73697A65 		.ascii	"sizetype\000"
 2120      74797065 
 2120      00
 2121              	.LASF78:
 2122 0338 76745F66 		.ascii	"vt_func\000"
 2122      756E6300 
 2123              	.LASF63:
 2124 0340 43465352 		.ascii	"CFSR\000"
ARM GAS  /tmp/cctQ04nK.s 			page 41


 2124      00
 2125              	.LASF110:
 2126 0345 63665F6F 		.ascii	"cf_off_name\000"
 2126      66665F6E 
 2126      616D6500 
 2127              	.LASF35:
 2128 0351 705F6F6C 		.ascii	"p_older\000"
 2128      64657200 
 2129              	.LASF84:
 2130 0359 725F6374 		.ascii	"r_ctx\000"
 2130      7800
 2131              	.LASF49:
 2132 035f 54687265 		.ascii	"ThreadsQueue\000"
 2132      61647351 
 2132      75657565 
 2132      00
 2133              	.LASF101:
 2134 036c 63685F73 		.ascii	"ch_size\000"
 2134      697A6500 
 2135              	.LASF134:
 2136 0374 2F686F6D 		.ascii	"/home/ece497/vbox-shared/mplayer/ChibiOS-RT-stable_"
 2136      652F6563 
 2136      65343937 
 2136      2F76626F 
 2136      782D7368 
 2137 03a7 322E362E 		.ascii	"2.6.x/demos/ARMCM0-STM32F051-DISCOVERY\000"
 2137      782F6465 
 2137      6D6F732F 
 2137      41524D43 
 2137      4D302D53 
 2138              	.LASF99:
 2139 03ce 63685F69 		.ascii	"ch_identifier\000"
 2139      64656E74 
 2139      69666965 
 2139      7200
 2140              	.LASF87:
 2141 03dc 725F6375 		.ascii	"r_current\000"
 2141      7272656E 
 2141      7400
 2142              	.LASF86:
 2143 03e6 725F6F6C 		.ascii	"r_older\000"
 2143      64657200 
 2144              	.LASF118:
 2145 03ee 5F69646C 		.ascii	"_idle_thread\000"
 2145      655F7468 
 2145      72656164 
 2145      00
 2146              	.LASF13:
 2147 03fb 5F5F7569 		.ascii	"__uint64_t\000"
 2147      6E743634 
 2147      5F7400
 2148              	.LASF23:
 2149 0406 74726566 		.ascii	"trefs_t\000"
 2149      735F7400 
 2150              	.LASF103:
 2151 040e 63685F70 		.ascii	"ch_ptrsize\000"
 2151      74727369 
ARM GAS  /tmp/cctQ04nK.s 			page 42


 2151      7A6500
 2152              	.LASF31:
 2153 0419 705F7072 		.ascii	"p_prev\000"
 2153      657600
 2154              	.LASF25:
 2155 0420 74707269 		.ascii	"tprio_t\000"
 2155      6F5F7400 
 2156              	.LASF20:
 2157 0428 5F426F6F 		.ascii	"_Bool\000"
 2157      6C00
 2158              	.LASF17:
 2159 042e 696E7433 		.ascii	"int32_t\000"
 2159      325F7400 
 2160              	.LASF4:
 2161 0436 756E7369 		.ascii	"unsigned char\000"
 2161      676E6564 
 2161      20636861 
 2161      7200
 2162              	.LASF128:
 2163 0444 5F636F72 		.ascii	"_core_init\000"
 2163      655F696E 
 2163      697400
 2164              	.LASF62:
 2165 044f 53484353 		.ascii	"SHCSR\000"
 2165      5200
 2166              	.LASF46:
 2167 0455 705F6D74 		.ascii	"p_mtxlist\000"
 2167      786C6973 
 2167      7400
 2168              	.LASF5:
 2169 045f 73686F72 		.ascii	"short int\000"
 2169      7420696E 
 2169      7400
 2170              	.LASF37:
 2171 0469 705F7374 		.ascii	"p_state\000"
 2171      61746500 
 2172              	.LASF40:
 2173 0471 705F7072 		.ascii	"p_preempt\000"
 2173      65656D70 
 2173      7400
 2174              	.LASF116:
 2175 047b 63665F6F 		.ascii	"cf_off_time\000"
 2175      66665F74 
 2175      696D6500 
 2176              	.LASF130:
 2177 0487 6E766963 		.ascii	"nvicSetSystemHandlerPriority\000"
 2177      53657453 
 2177      79737465 
 2177      6D48616E 
 2177      646C6572 
 2178              	.LASF83:
 2179 04a4 725F7072 		.ascii	"r_prio\000"
 2179      696F00
 2180              	.LASF96:
 2181 04ab 65776D61 		.ascii	"ewmask\000"
 2181      736B00
 2182              	.LASF30:
ARM GAS  /tmp/cctQ04nK.s 			page 43


 2183 04b2 705F6E65 		.ascii	"p_next\000"
 2183      787400
 2184              	.LASF115:
 2185 04b9 63665F6F 		.ascii	"cf_off_preempt\000"
 2185      66665F70 
 2185      7265656D 
 2185      707400
 2186              	.LASF38:
 2187 04c8 705F666C 		.ascii	"p_flags\000"
 2187      61677300 
 2188              	.LASF29:
 2189 04d0 54687265 		.ascii	"Thread\000"
 2189      616400
 2190              	.LASF108:
 2191 04d7 63665F6F 		.ascii	"cf_off_newer\000"
 2191      66665F6E 
 2191      65776572 
 2191      00
 2192              	.LASF45:
 2193 04e4 705F6570 		.ascii	"p_epending\000"
 2193      656E6469 
 2193      6E6700
 2194              	.LASF18:
 2195 04ef 75696E74 		.ascii	"uint32_t\000"
 2195      33325F74 
 2195      00
 2196              	.LASF106:
 2197 04f8 63665F6F 		.ascii	"cf_off_prio\000"
 2197      66665F70 
 2197      72696F00 
 2198              	.LASF82:
 2199 0504 725F7175 		.ascii	"r_queue\000"
 2199      65756500 
 2200              	.LASF68:
 2201 050c 41465352 		.ascii	"AFSR\000"
 2201      00
 2202              	.LASF70:
 2203 0511 756E7573 		.ascii	"unused1\000"
 2203      65643100 
 2204              	.LASF97:
 2205 0519 63686172 		.ascii	"char\000"
 2205      00
 2206              	.LASF55:
 2207 051e 494F5245 		.ascii	"IOREG32\000"
 2207      47333200 
 2208              	.LASF6:
 2209 0526 5F5F7569 		.ascii	"__uint16_t\000"
 2209      6E743136 
 2209      5F7400
 2210              	.LASF92:
 2211 0531 6D5F6E65 		.ascii	"m_next\000"
 2211      787400
 2212              	.LASF28:
 2213 0538 73797374 		.ascii	"systime_t\000"
 2213      696D655F 
 2213      7400
 2214              	.LASF47:
ARM GAS  /tmp/cctQ04nK.s 			page 44


 2215 0542 705F7265 		.ascii	"p_realprio\000"
 2215      616C7072 
 2215      696F00
 2216              	.LASF8:
 2217 054d 5F5F696E 		.ascii	"__int32_t\000"
 2217      7433325F 
 2217      7400
 2218              	.LASF127:
 2219 0557 5F76745F 		.ascii	"_vt_init\000"
 2219      696E6974 
 2219      00
 2220              	.LASF41:
 2221 0560 705F7469 		.ascii	"p_time\000"
 2221      6D6500
 2222              	.LASF61:
 2223 0567 53485052 		.ascii	"SHPR\000"
 2223      00
 2224              	.LASF53:
 2225 056c 696E7463 		.ascii	"intctx\000"
 2225      747800
 2226              	.LASF43:
 2227 0573 705F6D73 		.ascii	"p_msgqueue\000"
 2227      67717565 
 2227      756500
 2228              	.LASF79:
 2229 057e 76745F70 		.ascii	"vt_par\000"
 2229      617200
 2230              	.LASF107:
 2231 0585 63665F6F 		.ascii	"cf_off_ctx\000"
 2231      66665F63 
 2231      747800
 2232              	.LASF39:
 2233 0590 705F7265 		.ascii	"p_refs\000"
 2233      667300
 2234              	.LASF88:
 2235 0597 52656164 		.ascii	"ReadyList\000"
 2235      794C6973 
 2235      7400
 2236              	.LASF69:
 2237 05a1 4D4D4652 		.ascii	"MMFR\000"
 2237      00
 2238              	.LASF123:
 2239 05a6 726C6973 		.ascii	"rlist\000"
 2239      7400
 2240              	.LASF133:
 2241 05ac 2E2E2F2E 		.ascii	"../../os/kernel/src/chsys.c\000"
 2241      2E2F6F73 
 2241      2F6B6572 
 2241      6E656C2F 
 2241      7372632F 
 2242              	.LASF15:
 2243 05c8 75696E74 		.ascii	"uint8_t\000"
 2243      385F7400 
 2244              	.LASF95:
 2245 05d0 77746F62 		.ascii	"wtobjp\000"
 2245      6A7000
 2246              	.LASF36:
ARM GAS  /tmp/cctQ04nK.s 			page 45


 2247 05d7 705F6E61 		.ascii	"p_name\000"
 2247      6D6500
 2248              	.LASF102:
 2249 05de 63685F76 		.ascii	"ch_version\000"
 2249      65727369 
 2249      6F6E00
 2250              	.LASF81:
 2251 05e9 56544C69 		.ascii	"VTList\000"
 2251      737400
 2252              	.LASF71:
 2253 05f0 43504143 		.ascii	"CPACR\000"
 2253      5200
 2254              	.LASF64:
 2255 05f6 48465352 		.ascii	"HFSR\000"
 2255      00
 2256              	.LASF91:
 2257 05fb 6D5F6F77 		.ascii	"m_owner\000"
 2257      6E657200 
 2258              	.LASF33:
 2259 0603 705F6374 		.ascii	"p_ctx\000"
 2259      7800
 2260              	.LASF42:
 2261 0609 705F7761 		.ascii	"p_waiting\000"
 2261      6974696E 
 2261      6700
 2262              		.ident	"GCC: (Arch Repository) 4.8.2"
ARM GAS  /tmp/cctQ04nK.s 			page 46


DEFINED SYMBOLS
                            *ABS*:0000000000000000 chsys.c
     /tmp/cctQ04nK.s:18     .text._idle_thread:0000000000000000 $t
     /tmp/cctQ04nK.s:24     .text._idle_thread:0000000000000000 _idle_thread
     /tmp/cctQ04nK.s:45     .text._idle_thread:000000000000000c $d
     /tmp/cctQ04nK.s:51     .text.chSysInit:0000000000000000 $t
     /tmp/cctQ04nK.s:57     .text.chSysInit:0000000000000000 chSysInit
     /tmp/cctQ04nK.s:130    .text.chSysInit:0000000000000058 $d
     /tmp/cctQ04nK.s:141    .text.chSysTimerHandlerI:0000000000000000 $t
     /tmp/cctQ04nK.s:147    .text.chSysTimerHandlerI:0000000000000000 chSysTimerHandlerI
     /tmp/cctQ04nK.s:228    .text.chSysTimerHandlerI:0000000000000050 $d
     /tmp/cctQ04nK.s:250    .bss._idle_thread_wa:0000000000000000 _idle_thread_wa
     /tmp/cctQ04nK.s:235    .rodata.str1.4:0000000000000000 $d
     /tmp/cctQ04nK.s:239    .bss.mainthread.4790:0000000000000000 $d
     /tmp/cctQ04nK.s:243    .bss.mainthread.4790:0000000000000000 mainthread.4790
     /tmp/cctQ04nK.s:246    .bss._idle_thread_wa:0000000000000000 $d
                     .debug_frame:0000000000000010 $d
     /tmp/cctQ04nK.s:50     .text._idle_thread:0000000000000014 $t
     /tmp/cctQ04nK.s:140    .text.chSysInit:0000000000000074 $t
     /tmp/cctQ04nK.s:234    .text.chSysTimerHandlerI:0000000000000058 $t

UNDEFINED SYMBOLS
rlist
nvicSetSystemHandlerPriority
_scheduler_init
_vt_init
_core_init
_heap_init
_thread_init
chThdCreateStatic
ch_debug
vtlist
