ARM GAS  /tmp/cciuqYDQ.s 			page 1


   1              		.cpu cortex-m0
   2              		.fpu softvfp
   3              		.eabi_attribute 20, 1
   4              		.eabi_attribute 21, 1
   5              		.eabi_attribute 23, 3
   6              		.eabi_attribute 24, 1
   7              		.eabi_attribute 25, 1
   8              		.eabi_attribute 26, 1
   9              		.eabi_attribute 30, 2
  10              		.eabi_attribute 34, 0
  11              		.eabi_attribute 18, 4
  12              		.code	16
  13              		.file	"hal_lld.c"
  14              		.text
  15              	.Ltext0:
  16              		.cfi_sections	.debug_frame
  17              		.section	.text.hal_lld_init,"ax",%progbits
  18              		.align	2
  19              		.p2align 4,,15
  20              		.global	hal_lld_init
  21              		.code	16
  22              		.thumb_func
  23              		.type	hal_lld_init, %function
  24              	hal_lld_init:
  25              	.LFB41:
  26              		.file 1 "../../os/hal/platforms/STM32F0xx/hal_lld.c"
  27              		.loc 1 100 0
  28              		.cfi_startproc
  29              		.loc 1 103 0
  30 0000 1C4B     		ldr	r3, .L5
  31              		.loc 1 100 0
  32 0002 10B5     		push	{r4, lr}
  33              		.cfi_def_cfa_offset 8
  34              		.cfi_offset 4, -8
  35              		.cfi_offset 14, -4
  36              		.loc 1 103 0
  37 0004 1A69     		ldr	r2, [r3, #16]
  38 0006 0122     		mov	r2, #1
  39 0008 5242     		neg	r2, r2
  40 000a 1A61     		str	r2, [r3, #16]
  41 000c 0022     		mov	r2, #0
  42 000e 1A61     		str	r2, [r3, #16]
  43              		.loc 1 104 0
  44 0010 D968     		ldr	r1, [r3, #12]
  45 0012 1948     		ldr	r0, .L5+4
  46 0014 0143     		orr	r1, r0
  47 0016 D960     		str	r1, [r3, #12]
  48              		.loc 1 107 0
  49 0018 1848     		ldr	r0, .L5+8
  50 001a 1949     		ldr	r1, .L5+12
  51              		.loc 1 104 0
  52 001c DA60     		str	r2, [r3, #12]
  53              		.loc 1 107 0
  54 001e 4860     		str	r0, [r1, #4]
  55              		.loc 1 109 0
  56 0020 0720     		mov	r0, #7
  57              		.loc 1 108 0
ARM GAS  /tmp/cciuqYDQ.s 			page 2


  58 0022 8A60     		str	r2, [r1, #8]
  59              		.loc 1 109 0
  60 0024 0860     		str	r0, [r1]
  61              		.loc 1 114 0
  62 0026 D869     		ldr	r0, [r3, #28]
  63 0028 8021     		mov	r1, #128
  64 002a 4905     		lsl	r1, r1, #21
  65 002c 0143     		orr	r1, r0
  66 002e D961     		str	r1, [r3, #28]
  67              	.LBB4:
  68              	.LBB5:
  69              		.loc 1 52 0
  70 0030 1449     		ldr	r1, .L5+16
  71 0032 8020     		mov	r0, #128
  72 0034 0C68     		ldr	r4, [r1]
  73 0036 4000     		lsl	r0, r0, #1
  74 0038 2043     		orr	r0, r4
  75 003a 0860     		str	r0, [r1]
  76              		.loc 1 55 0
  77 003c 196A     		ldr	r1, [r3, #32]
  78 003e C020     		mov	r0, #192
  79 0040 8000     		lsl	r0, r0, #2
  80 0042 0840     		and	r0, r1
  81 0044 8021     		mov	r1, #128
  82 0046 8900     		lsl	r1, r1, #2
  83 0048 8842     		cmp	r0, r1
  84 004a 03D0     		beq	.L2
  85              		.loc 1 57 0
  86 004c 8021     		mov	r1, #128
  87 004e 4902     		lsl	r1, r1, #9
  88 0050 1962     		str	r1, [r3, #32]
  89              		.loc 1 58 0
  90 0052 1A62     		str	r2, [r3, #32]
  91              	.L2:
  92              		.loc 1 77 0
  93 0054 074B     		ldr	r3, .L5
  94 0056 8022     		mov	r2, #128
  95 0058 196A     		ldr	r1, [r3, #32]
  96 005a 1202     		lsl	r2, r2, #8
  97 005c 1142     		tst	r1, r2
  98 005e 07D1     		bne	.L1
  99              		.loc 1 79 0
 100 0060 186A     		ldr	r0, [r3, #32]
 101 0062 8021     		mov	r1, #128
 102 0064 8900     		lsl	r1, r1, #2
 103 0066 0143     		orr	r1, r0
 104 0068 1962     		str	r1, [r3, #32]
 105              		.loc 1 82 0
 106 006a 196A     		ldr	r1, [r3, #32]
 107 006c 0A43     		orr	r2, r1
 108 006e 1A62     		str	r2, [r3, #32]
 109              	.L1:
 110              	.LBE5:
 111              	.LBE4:
 112              		.loc 1 127 0
 113              		@ sp needed
 114 0070 10BD     		pop	{r4, pc}
ARM GAS  /tmp/cciuqYDQ.s 			page 3


 115              	.L6:
 116 0072 C046     		.align	2
 117              	.L5:
 118 0074 00100240 		.word	1073876992
 119 0078 FFFFBFFF 		.word	-4194305
 120 007c 7FBB0000 		.word	47999
 121 0080 10E000E0 		.word	-536813552
 122 0084 00700040 		.word	1073770496
 123              		.cfi_endproc
 124              	.LFE41:
 125              		.size	hal_lld_init, .-hal_lld_init
 126 0088 C046C046 		.section	.text.stm32_clock_init,"ax",%progbits
 126      C046C046 
 127              		.align	2
 128              		.p2align 4,,15
 129              		.global	stm32_clock_init
 130              		.code	16
 131              		.thumb_func
 132              		.type	stm32_clock_init, %function
 133              	stm32_clock_init:
 134              	.LFB42:
 135              		.loc 1 136 0
 136              		.cfi_startproc
 137              		.loc 1 141 0
 138 0000 2048     		ldr	r0, .L18
 139 0002 0123     		mov	r3, #1
 140 0004 0268     		ldr	r2, [r0]
 141              		.loc 1 136 0
 142 0006 00B5     		push	{lr}
 143              		.cfi_def_cfa_offset 4
 144              		.cfi_offset 14, -4
 145              		.loc 1 141 0
 146 0008 1343     		orr	r3, r2
 147 000a 0360     		str	r3, [r0]
 148              		.loc 1 142 0
 149 000c 0221     		mov	r1, #2
 150              	.L9:
 151              		.loc 1 142 0 is_stmt 0 discriminator 1
 152 000e 0368     		ldr	r3, [r0]
 153 0010 1C4A     		ldr	r2, .L18
 154 0012 1942     		tst	r1, r3
 155 0014 FBD0     		beq	.L9
 156              		.loc 1 144 0 is_stmt 1
 157 0016 1368     		ldr	r3, [r2]
 158 0018 F921     		mov	r1, #249
 159 001a 0B40     		and	r3, r1
 160 001c 1360     		str	r3, [r2]
 161              		.loc 1 145 0
 162 001e 0023     		mov	r3, #0
 163 0020 5360     		str	r3, [r2, #4]
 164              		.loc 1 146 0
 165 0022 0C20     		mov	r0, #12
 166              	.L11:
 167              		.loc 1 146 0 is_stmt 0 discriminator 1
 168 0024 5368     		ldr	r3, [r2, #4]
 169 0026 1749     		ldr	r1, .L18
 170 0028 1842     		tst	r0, r3
ARM GAS  /tmp/cciuqYDQ.s 			page 4


 171 002a FBD1     		bne	.L11
 172              		.loc 1 171 0 is_stmt 1
 173 002c 4A6A     		ldr	r2, [r1, #36]
 174 002e 0123     		mov	r3, #1
 175 0030 1343     		orr	r3, r2
 176 0032 4B62     		str	r3, [r1, #36]
 177              		.loc 1 172 0
 178 0034 0220     		mov	r0, #2
 179              	.L13:
 180              		.loc 1 172 0 is_stmt 0 discriminator 1
 181 0036 4B6A     		ldr	r3, [r1, #36]
 182 0038 124A     		ldr	r2, .L18
 183 003a 1842     		tst	r0, r3
 184 003c FBD0     		beq	.L13
 185              		.loc 1 177 0 is_stmt 1
 186 003e A123     		mov	r3, #161
 187 0040 9B03     		lsl	r3, r3, #14
 188 0042 5360     		str	r3, [r2, #4]
 189              		.loc 1 179 0
 190 0044 0023     		mov	r3, #0
 191 0046 D362     		str	r3, [r2, #44]
 192              		.loc 1 180 0
 193 0048 1363     		str	r3, [r2, #48]
 194              		.loc 1 185 0
 195 004a 1168     		ldr	r1, [r2]
 196 004c 8023     		mov	r3, #128
 197 004e 5B04     		lsl	r3, r3, #17
 198 0050 0B43     		orr	r3, r1
 199              		.loc 1 186 0
 200 0052 8020     		mov	r0, #128
 201              		.loc 1 185 0
 202 0054 1360     		str	r3, [r2]
 203              		.loc 1 186 0
 204 0056 8004     		lsl	r0, r0, #18
 205              	.L15:
 206              		.loc 1 186 0 is_stmt 0 discriminator 1
 207 0058 1368     		ldr	r3, [r2]
 208 005a 0A49     		ldr	r1, .L18
 209 005c 0342     		tst	r3, r0
 210 005e FBD0     		beq	.L15
 211              		.loc 1 191 0 is_stmt 1
 212 0060 094B     		ldr	r3, .L18+4
 213 0062 1122     		mov	r2, #17
 214 0064 1A60     		str	r2, [r3]
 215              		.loc 1 196 0
 216 0066 4A68     		ldr	r2, [r1, #4]
 217 0068 0223     		mov	r3, #2
 218 006a 1343     		orr	r3, r2
 219 006c 4B60     		str	r3, [r1, #4]
 220              		.loc 1 197 0
 221 006e 0C20     		mov	r0, #12
 222              	.L17:
 223              		.loc 1 197 0 is_stmt 0 discriminator 1
 224 0070 4B68     		ldr	r3, [r1, #4]
 225 0072 044A     		ldr	r2, .L18
 226 0074 0340     		and	r3, r0
 227 0076 082B     		cmp	r3, #8
ARM GAS  /tmp/cciuqYDQ.s 			page 5


 228 0078 FAD1     		bne	.L17
 229              		.loc 1 203 0 is_stmt 1
 230 007a 9169     		ldr	r1, [r2, #24]
 231 007c 0123     		mov	r3, #1
 232 007e 0B43     		orr	r3, r1
 233 0080 9361     		str	r3, [r2, #24]
 234              		.loc 1 205 0
 235              		@ sp needed
 236 0082 00BD     		pop	{pc}
 237              	.L19:
 238              		.align	2
 239              	.L18:
 240 0084 00100240 		.word	1073876992
 241 0088 00200240 		.word	1073881088
 242              		.cfi_endproc
 243              	.LFE42:
 244              		.size	stm32_clock_init, .-stm32_clock_init
 245 008c C046C046 		.text
 246              	.Letext0:
 247              		.file 2 "/usr/arm-none-eabi/include/machine/_default_types.h"
 248              		.file 3 "/usr/arm-none-eabi/include/stdint.h"
 249              		.file 4 "../../os/ports/common/ARMCMx/CMSIS/include/core_cm0.h"
 250              		.file 5 "../../os/hal/platforms/STM32F0xx/stm32f0xx.h"
 251              		.section	.debug_info,"",%progbits
 252              	.Ldebug_info0:
 253 0000 BD020000 		.4byte	0x2bd
 254 0004 0400     		.2byte	0x4
 255 0006 00000000 		.4byte	.Ldebug_abbrev0
 256 000a 04       		.byte	0x4
 257 000b 01       		.uleb128 0x1
 258 000c 60000000 		.4byte	.LASF37
 259 0010 01       		.byte	0x1
 260 0011 27000000 		.4byte	.LASF38
 261 0015 E0010000 		.4byte	.LASF39
 262 0019 00000000 		.4byte	.Ldebug_ranges0+0
 263 001d 00000000 		.4byte	0
 264 0021 00000000 		.4byte	.Ldebug_line0
 265 0025 02       		.uleb128 0x2
 266 0026 04       		.byte	0x4
 267 0027 05       		.byte	0x5
 268 0028 696E7400 		.ascii	"int\000"
 269 002c 03       		.uleb128 0x3
 270 002d 04       		.byte	0x4
 271 002e 07       		.byte	0x7
 272 002f BC010000 		.4byte	.LASF0
 273 0033 03       		.uleb128 0x3
 274 0034 01       		.byte	0x1
 275 0035 06       		.byte	0x6
 276 0036 A1020000 		.4byte	.LASF1
 277 003a 03       		.uleb128 0x3
 278 003b 01       		.byte	0x1
 279 003c 08       		.byte	0x8
 280 003d AE010000 		.4byte	.LASF2
 281 0041 03       		.uleb128 0x3
 282 0042 02       		.byte	0x2
 283 0043 05       		.byte	0x5
 284 0044 78010000 		.4byte	.LASF3
ARM GAS  /tmp/cciuqYDQ.s 			page 6


 285 0048 04       		.uleb128 0x4
 286 0049 4A010000 		.4byte	.LASF6
 287 004d 02       		.byte	0x2
 288 004e 26       		.byte	0x26
 289 004f 53000000 		.4byte	0x53
 290 0053 03       		.uleb128 0x3
 291 0054 02       		.byte	0x2
 292 0055 07       		.byte	0x7
 293 0056 12010000 		.4byte	.LASF4
 294 005a 03       		.uleb128 0x3
 295 005b 04       		.byte	0x4
 296 005c 05       		.byte	0x5
 297 005d 52000000 		.4byte	.LASF5
 298 0061 04       		.uleb128 0x4
 299 0062 2B010000 		.4byte	.LASF7
 300 0066 02       		.byte	0x2
 301 0067 38       		.byte	0x38
 302 0068 6C000000 		.4byte	0x6c
 303 006c 03       		.uleb128 0x3
 304 006d 04       		.byte	0x4
 305 006e 07       		.byte	0x7
 306 006f 55010000 		.4byte	.LASF8
 307 0073 03       		.uleb128 0x3
 308 0074 08       		.byte	0x8
 309 0075 05       		.byte	0x5
 310 0076 48020000 		.4byte	.LASF9
 311 007a 03       		.uleb128 0x3
 312 007b 08       		.byte	0x8
 313 007c 07       		.byte	0x7
 314 007d C9010000 		.4byte	.LASF10
 315 0081 04       		.uleb128 0x4
 316 0082 71020000 		.4byte	.LASF11
 317 0086 03       		.byte	0x3
 318 0087 36       		.byte	0x36
 319 0088 48000000 		.4byte	0x48
 320 008c 04       		.uleb128 0x4
 321 008d 86020000 		.4byte	.LASF12
 322 0091 03       		.byte	0x3
 323 0092 42       		.byte	0x42
 324 0093 61000000 		.4byte	0x61
 325 0097 03       		.uleb128 0x3
 326 0098 01       		.byte	0x1
 327 0099 02       		.byte	0x2
 328 009a BA020000 		.4byte	.LASF13
 329 009e 05       		.uleb128 0x5
 330 009f 8C000000 		.4byte	0x8c
 331 00a3 03       		.uleb128 0x3
 332 00a4 04       		.byte	0x4
 333 00a5 07       		.byte	0x7
 334 00a6 3F020000 		.4byte	.LASF14
 335 00aa 03       		.uleb128 0x3
 336 00ab 01       		.byte	0x1
 337 00ac 08       		.byte	0x8
 338 00ad 56020000 		.4byte	.LASF15
 339 00b1 06       		.uleb128 0x6
 340 00b2 9E000000 		.4byte	0x9e
 341 00b6 07       		.uleb128 0x7
ARM GAS  /tmp/cciuqYDQ.s 			page 7


 342 00b7 10       		.byte	0x10
 343 00b8 04       		.byte	0x4
 344 00b9 8B01     		.2byte	0x18b
 345 00bb F4000000 		.4byte	0xf4
 346 00bf 08       		.uleb128 0x8
 347 00c0 3A020000 		.4byte	.LASF16
 348 00c4 04       		.byte	0x4
 349 00c5 8D01     		.2byte	0x18d
 350 00c7 9E000000 		.4byte	0x9e
 351 00cb 00       		.byte	0
 352 00cc 08       		.uleb128 0x8
 353 00cd 5B020000 		.4byte	.LASF17
 354 00d1 04       		.byte	0x4
 355 00d2 8E01     		.2byte	0x18e
 356 00d4 9E000000 		.4byte	0x9e
 357 00d8 04       		.byte	0x4
 358 00d9 09       		.uleb128 0x9
 359 00da 56414C00 		.ascii	"VAL\000"
 360 00de 04       		.byte	0x4
 361 00df 8F01     		.2byte	0x18f
 362 00e1 9E000000 		.4byte	0x9e
 363 00e5 08       		.byte	0x8
 364 00e6 08       		.uleb128 0x8
 365 00e7 25010000 		.4byte	.LASF18
 366 00eb 04       		.byte	0x4
 367 00ec 9001     		.2byte	0x190
 368 00ee B1000000 		.4byte	0xb1
 369 00f2 0C       		.byte	0xc
 370 00f3 00       		.byte	0
 371 00f4 0A       		.uleb128 0xa
 372 00f5 8F020000 		.4byte	.LASF19
 373 00f9 04       		.byte	0x4
 374 00fa 9101     		.2byte	0x191
 375 00fc B6000000 		.4byte	0xb6
 376 0100 07       		.uleb128 0x7
 377 0101 24       		.byte	0x24
 378 0102 05       		.byte	0x5
 379 0103 A901     		.2byte	0x1a9
 380 0105 7C010000 		.4byte	0x17c
 381 0109 09       		.uleb128 0x9
 382 010a 41435200 		.ascii	"ACR\000"
 383 010e 05       		.byte	0x5
 384 010f AB01     		.2byte	0x1ab
 385 0111 9E000000 		.4byte	0x9e
 386 0115 00       		.byte	0
 387 0116 08       		.uleb128 0x8
 388 0117 9C020000 		.4byte	.LASF20
 389 011b 05       		.byte	0x5
 390 011c AC01     		.2byte	0x1ac
 391 011e 9E000000 		.4byte	0x9e
 392 0122 04       		.byte	0x4
 393 0123 08       		.uleb128 0x8
 394 0124 36010000 		.4byte	.LASF21
 395 0128 05       		.byte	0x5
 396 0129 AD01     		.2byte	0x1ad
 397 012b 9E000000 		.4byte	0x9e
 398 012f 08       		.byte	0x8
ARM GAS  /tmp/cciuqYDQ.s 			page 8


 399 0130 09       		.uleb128 0x9
 400 0131 535200   		.ascii	"SR\000"
 401 0134 05       		.byte	0x5
 402 0135 AE01     		.2byte	0x1ae
 403 0137 9E000000 		.4byte	0x9e
 404 013b 0C       		.byte	0xc
 405 013c 09       		.uleb128 0x9
 406 013d 435200   		.ascii	"CR\000"
 407 0140 05       		.byte	0x5
 408 0141 AF01     		.2byte	0x1af
 409 0143 9E000000 		.4byte	0x9e
 410 0147 10       		.byte	0x10
 411 0148 09       		.uleb128 0x9
 412 0149 415200   		.ascii	"AR\000"
 413 014c 05       		.byte	0x5
 414 014d B001     		.2byte	0x1b0
 415 014f 9E000000 		.4byte	0x9e
 416 0153 14       		.byte	0x14
 417 0154 08       		.uleb128 0x8
 418 0155 67010000 		.4byte	.LASF22
 419 0159 05       		.byte	0x5
 420 015a B101     		.2byte	0x1b1
 421 015c 9E000000 		.4byte	0x9e
 422 0160 18       		.byte	0x18
 423 0161 09       		.uleb128 0x9
 424 0162 4F425200 		.ascii	"OBR\000"
 425 0166 05       		.byte	0x5
 426 0167 B201     		.2byte	0x1b2
 427 0169 9E000000 		.4byte	0x9e
 428 016d 1C       		.byte	0x1c
 429 016e 08       		.uleb128 0x8
 430 016f 5B000000 		.4byte	.LASF23
 431 0173 05       		.byte	0x5
 432 0174 B301     		.2byte	0x1b3
 433 0176 9E000000 		.4byte	0x9e
 434 017a 20       		.byte	0x20
 435 017b 00       		.byte	0
 436 017c 0A       		.uleb128 0xa
 437 017d 19000000 		.4byte	.LASF24
 438 0181 05       		.byte	0x5
 439 0182 B401     		.2byte	0x1b4
 440 0184 00010000 		.4byte	0x100
 441 0188 07       		.uleb128 0x7
 442 0189 08       		.byte	0x8
 443 018a 05       		.byte	0x5
 444 018b 0D02     		.2byte	0x20d
 445 018d AB010000 		.4byte	0x1ab
 446 0191 09       		.uleb128 0x9
 447 0192 435200   		.ascii	"CR\000"
 448 0195 05       		.byte	0x5
 449 0196 0F02     		.2byte	0x20f
 450 0198 9E000000 		.4byte	0x9e
 451 019c 00       		.byte	0
 452 019d 09       		.uleb128 0x9
 453 019e 43535200 		.ascii	"CSR\000"
 454 01a2 05       		.byte	0x5
 455 01a3 1002     		.2byte	0x210
ARM GAS  /tmp/cciuqYDQ.s 			page 9


 456 01a5 9E000000 		.4byte	0x9e
 457 01a9 04       		.byte	0x4
 458 01aa 00       		.byte	0
 459 01ab 0A       		.uleb128 0xa
 460 01ac 3E010000 		.4byte	.LASF25
 461 01b0 05       		.byte	0x5
 462 01b1 1102     		.2byte	0x211
 463 01b3 88010000 		.4byte	0x188
 464 01b7 07       		.uleb128 0x7
 465 01b8 38       		.byte	0x38
 466 01b9 05       		.byte	0x5
 467 01ba 1702     		.2byte	0x217
 468 01bc 76020000 		.4byte	0x276
 469 01c0 09       		.uleb128 0x9
 470 01c1 435200   		.ascii	"CR\000"
 471 01c4 05       		.byte	0x5
 472 01c5 1902     		.2byte	0x219
 473 01c7 9E000000 		.4byte	0x9e
 474 01cb 00       		.byte	0
 475 01cc 08       		.uleb128 0x8
 476 01cd 05000000 		.4byte	.LASF26
 477 01d1 05       		.byte	0x5
 478 01d2 1A02     		.2byte	0x21a
 479 01d4 9E000000 		.4byte	0x9e
 480 01d8 04       		.byte	0x4
 481 01d9 09       		.uleb128 0x9
 482 01da 43495200 		.ascii	"CIR\000"
 483 01de 05       		.byte	0x5
 484 01df 1B02     		.2byte	0x21b
 485 01e1 9E000000 		.4byte	0x9e
 486 01e5 08       		.byte	0x8
 487 01e6 08       		.uleb128 0x8
 488 01e7 A5010000 		.4byte	.LASF27
 489 01eb 05       		.byte	0x5
 490 01ec 1C02     		.2byte	0x21c
 491 01ee 9E000000 		.4byte	0x9e
 492 01f2 0C       		.byte	0xc
 493 01f3 08       		.uleb128 0x8
 494 01f4 FD000000 		.4byte	.LASF28
 495 01f8 05       		.byte	0x5
 496 01f9 1D02     		.2byte	0x21d
 497 01fb 9E000000 		.4byte	0x9e
 498 01ff 10       		.byte	0x10
 499 0200 08       		.uleb128 0x8
 500 0201 0A000000 		.4byte	.LASF29
 501 0205 05       		.byte	0x5
 502 0206 1E02     		.2byte	0x21e
 503 0208 9E000000 		.4byte	0x9e
 504 020c 14       		.byte	0x14
 505 020d 08       		.uleb128 0x8
 506 020e 70010000 		.4byte	.LASF30
 507 0212 05       		.byte	0x5
 508 0213 1F02     		.2byte	0x21f
 509 0215 9E000000 		.4byte	0x9e
 510 0219 18       		.byte	0x18
 511 021a 08       		.uleb128 0x8
 512 021b 9D010000 		.4byte	.LASF31
ARM GAS  /tmp/cciuqYDQ.s 			page 10


 513 021f 05       		.byte	0x5
 514 0220 2002     		.2byte	0x220
 515 0222 9E000000 		.4byte	0x9e
 516 0226 1C       		.byte	0x1c
 517 0227 08       		.uleb128 0x8
 518 0228 00000000 		.4byte	.LASF32
 519 022c 05       		.byte	0x5
 520 022d 2102     		.2byte	0x221
 521 022f 9E000000 		.4byte	0x9e
 522 0233 20       		.byte	0x20
 523 0234 09       		.uleb128 0x9
 524 0235 43535200 		.ascii	"CSR\000"
 525 0239 05       		.byte	0x5
 526 023a 2202     		.2byte	0x222
 527 023c 9E000000 		.4byte	0x9e
 528 0240 24       		.byte	0x24
 529 0241 08       		.uleb128 0x8
 530 0242 11000000 		.4byte	.LASF33
 531 0246 05       		.byte	0x5
 532 0247 2302     		.2byte	0x223
 533 0249 9E000000 		.4byte	0x9e
 534 024d 28       		.byte	0x28
 535 024e 08       		.uleb128 0x8
 536 024f 06010000 		.4byte	.LASF34
 537 0253 05       		.byte	0x5
 538 0254 2402     		.2byte	0x224
 539 0256 9E000000 		.4byte	0x9e
 540 025a 2C       		.byte	0x2c
 541 025b 08       		.uleb128 0x8
 542 025c 0C010000 		.4byte	.LASF35
 543 0260 05       		.byte	0x5
 544 0261 2502     		.2byte	0x225
 545 0263 9E000000 		.4byte	0x9e
 546 0267 30       		.byte	0x30
 547 0268 09       		.uleb128 0x9
 548 0269 43523200 		.ascii	"CR2\000"
 549 026d 05       		.byte	0x5
 550 026e 2602     		.2byte	0x226
 551 0270 9E000000 		.4byte	0x9e
 552 0274 34       		.byte	0x34
 553 0275 00       		.byte	0
 554 0276 0A       		.uleb128 0xa
 555 0277 7A020000 		.4byte	.LASF36
 556 027b 05       		.byte	0x5
 557 027c 2702     		.2byte	0x227
 558 027e B7010000 		.4byte	0x1b7
 559 0282 0B       		.uleb128 0xb
 560 0283 82010000 		.4byte	.LASF40
 561 0287 01       		.byte	0x1
 562 0288 31       		.byte	0x31
 563 0289 01       		.byte	0x1
 564 028a 0C       		.uleb128 0xc
 565 028b AD020000 		.4byte	.LASF41
 566 028f 01       		.byte	0x1
 567 0290 64       		.byte	0x64
 568 0291 00000000 		.4byte	.LFB41
 569 0295 88000000 		.4byte	.LFE41-.LFB41
ARM GAS  /tmp/cciuqYDQ.s 			page 11


 570 0299 01       		.uleb128 0x1
 571 029a 9C       		.byte	0x9c
 572 029b AF020000 		.4byte	0x2af
 573 029f 0D       		.uleb128 0xd
 574 02a0 82020000 		.4byte	0x282
 575 02a4 30000000 		.4byte	.LBB4
 576 02a8 40000000 		.4byte	.LBE4-.LBB4
 577 02ac 01       		.byte	0x1
 578 02ad 75       		.byte	0x75
 579 02ae 00       		.byte	0
 580 02af 0E       		.uleb128 0xe
 581 02b0 60020000 		.4byte	.LASF42
 582 02b4 01       		.byte	0x1
 583 02b5 88       		.byte	0x88
 584 02b6 00000000 		.4byte	.LFB42
 585 02ba 8C000000 		.4byte	.LFE42-.LFB42
 586 02be 01       		.uleb128 0x1
 587 02bf 9C       		.byte	0x9c
 588 02c0 00       		.byte	0
 589              		.section	.debug_abbrev,"",%progbits
 590              	.Ldebug_abbrev0:
 591 0000 01       		.uleb128 0x1
 592 0001 11       		.uleb128 0x11
 593 0002 01       		.byte	0x1
 594 0003 25       		.uleb128 0x25
 595 0004 0E       		.uleb128 0xe
 596 0005 13       		.uleb128 0x13
 597 0006 0B       		.uleb128 0xb
 598 0007 03       		.uleb128 0x3
 599 0008 0E       		.uleb128 0xe
 600 0009 1B       		.uleb128 0x1b
 601 000a 0E       		.uleb128 0xe
 602 000b 55       		.uleb128 0x55
 603 000c 17       		.uleb128 0x17
 604 000d 11       		.uleb128 0x11
 605 000e 01       		.uleb128 0x1
 606 000f 10       		.uleb128 0x10
 607 0010 17       		.uleb128 0x17
 608 0011 00       		.byte	0
 609 0012 00       		.byte	0
 610 0013 02       		.uleb128 0x2
 611 0014 24       		.uleb128 0x24
 612 0015 00       		.byte	0
 613 0016 0B       		.uleb128 0xb
 614 0017 0B       		.uleb128 0xb
 615 0018 3E       		.uleb128 0x3e
 616 0019 0B       		.uleb128 0xb
 617 001a 03       		.uleb128 0x3
 618 001b 08       		.uleb128 0x8
 619 001c 00       		.byte	0
 620 001d 00       		.byte	0
 621 001e 03       		.uleb128 0x3
 622 001f 24       		.uleb128 0x24
 623 0020 00       		.byte	0
 624 0021 0B       		.uleb128 0xb
 625 0022 0B       		.uleb128 0xb
 626 0023 3E       		.uleb128 0x3e
ARM GAS  /tmp/cciuqYDQ.s 			page 12


 627 0024 0B       		.uleb128 0xb
 628 0025 03       		.uleb128 0x3
 629 0026 0E       		.uleb128 0xe
 630 0027 00       		.byte	0
 631 0028 00       		.byte	0
 632 0029 04       		.uleb128 0x4
 633 002a 16       		.uleb128 0x16
 634 002b 00       		.byte	0
 635 002c 03       		.uleb128 0x3
 636 002d 0E       		.uleb128 0xe
 637 002e 3A       		.uleb128 0x3a
 638 002f 0B       		.uleb128 0xb
 639 0030 3B       		.uleb128 0x3b
 640 0031 0B       		.uleb128 0xb
 641 0032 49       		.uleb128 0x49
 642 0033 13       		.uleb128 0x13
 643 0034 00       		.byte	0
 644 0035 00       		.byte	0
 645 0036 05       		.uleb128 0x5
 646 0037 35       		.uleb128 0x35
 647 0038 00       		.byte	0
 648 0039 49       		.uleb128 0x49
 649 003a 13       		.uleb128 0x13
 650 003b 00       		.byte	0
 651 003c 00       		.byte	0
 652 003d 06       		.uleb128 0x6
 653 003e 26       		.uleb128 0x26
 654 003f 00       		.byte	0
 655 0040 49       		.uleb128 0x49
 656 0041 13       		.uleb128 0x13
 657 0042 00       		.byte	0
 658 0043 00       		.byte	0
 659 0044 07       		.uleb128 0x7
 660 0045 13       		.uleb128 0x13
 661 0046 01       		.byte	0x1
 662 0047 0B       		.uleb128 0xb
 663 0048 0B       		.uleb128 0xb
 664 0049 3A       		.uleb128 0x3a
 665 004a 0B       		.uleb128 0xb
 666 004b 3B       		.uleb128 0x3b
 667 004c 05       		.uleb128 0x5
 668 004d 01       		.uleb128 0x1
 669 004e 13       		.uleb128 0x13
 670 004f 00       		.byte	0
 671 0050 00       		.byte	0
 672 0051 08       		.uleb128 0x8
 673 0052 0D       		.uleb128 0xd
 674 0053 00       		.byte	0
 675 0054 03       		.uleb128 0x3
 676 0055 0E       		.uleb128 0xe
 677 0056 3A       		.uleb128 0x3a
 678 0057 0B       		.uleb128 0xb
 679 0058 3B       		.uleb128 0x3b
 680 0059 05       		.uleb128 0x5
 681 005a 49       		.uleb128 0x49
 682 005b 13       		.uleb128 0x13
 683 005c 38       		.uleb128 0x38
ARM GAS  /tmp/cciuqYDQ.s 			page 13


 684 005d 0B       		.uleb128 0xb
 685 005e 00       		.byte	0
 686 005f 00       		.byte	0
 687 0060 09       		.uleb128 0x9
 688 0061 0D       		.uleb128 0xd
 689 0062 00       		.byte	0
 690 0063 03       		.uleb128 0x3
 691 0064 08       		.uleb128 0x8
 692 0065 3A       		.uleb128 0x3a
 693 0066 0B       		.uleb128 0xb
 694 0067 3B       		.uleb128 0x3b
 695 0068 05       		.uleb128 0x5
 696 0069 49       		.uleb128 0x49
 697 006a 13       		.uleb128 0x13
 698 006b 38       		.uleb128 0x38
 699 006c 0B       		.uleb128 0xb
 700 006d 00       		.byte	0
 701 006e 00       		.byte	0
 702 006f 0A       		.uleb128 0xa
 703 0070 16       		.uleb128 0x16
 704 0071 00       		.byte	0
 705 0072 03       		.uleb128 0x3
 706 0073 0E       		.uleb128 0xe
 707 0074 3A       		.uleb128 0x3a
 708 0075 0B       		.uleb128 0xb
 709 0076 3B       		.uleb128 0x3b
 710 0077 05       		.uleb128 0x5
 711 0078 49       		.uleb128 0x49
 712 0079 13       		.uleb128 0x13
 713 007a 00       		.byte	0
 714 007b 00       		.byte	0
 715 007c 0B       		.uleb128 0xb
 716 007d 2E       		.uleb128 0x2e
 717 007e 00       		.byte	0
 718 007f 03       		.uleb128 0x3
 719 0080 0E       		.uleb128 0xe
 720 0081 3A       		.uleb128 0x3a
 721 0082 0B       		.uleb128 0xb
 722 0083 3B       		.uleb128 0x3b
 723 0084 0B       		.uleb128 0xb
 724 0085 27       		.uleb128 0x27
 725 0086 19       		.uleb128 0x19
 726 0087 20       		.uleb128 0x20
 727 0088 0B       		.uleb128 0xb
 728 0089 00       		.byte	0
 729 008a 00       		.byte	0
 730 008b 0C       		.uleb128 0xc
 731 008c 2E       		.uleb128 0x2e
 732 008d 01       		.byte	0x1
 733 008e 3F       		.uleb128 0x3f
 734 008f 19       		.uleb128 0x19
 735 0090 03       		.uleb128 0x3
 736 0091 0E       		.uleb128 0xe
 737 0092 3A       		.uleb128 0x3a
 738 0093 0B       		.uleb128 0xb
 739 0094 3B       		.uleb128 0x3b
 740 0095 0B       		.uleb128 0xb
ARM GAS  /tmp/cciuqYDQ.s 			page 14


 741 0096 27       		.uleb128 0x27
 742 0097 19       		.uleb128 0x19
 743 0098 11       		.uleb128 0x11
 744 0099 01       		.uleb128 0x1
 745 009a 12       		.uleb128 0x12
 746 009b 06       		.uleb128 0x6
 747 009c 40       		.uleb128 0x40
 748 009d 18       		.uleb128 0x18
 749 009e 9742     		.uleb128 0x2117
 750 00a0 19       		.uleb128 0x19
 751 00a1 01       		.uleb128 0x1
 752 00a2 13       		.uleb128 0x13
 753 00a3 00       		.byte	0
 754 00a4 00       		.byte	0
 755 00a5 0D       		.uleb128 0xd
 756 00a6 1D       		.uleb128 0x1d
 757 00a7 00       		.byte	0
 758 00a8 31       		.uleb128 0x31
 759 00a9 13       		.uleb128 0x13
 760 00aa 11       		.uleb128 0x11
 761 00ab 01       		.uleb128 0x1
 762 00ac 12       		.uleb128 0x12
 763 00ad 06       		.uleb128 0x6
 764 00ae 58       		.uleb128 0x58
 765 00af 0B       		.uleb128 0xb
 766 00b0 59       		.uleb128 0x59
 767 00b1 0B       		.uleb128 0xb
 768 00b2 00       		.byte	0
 769 00b3 00       		.byte	0
 770 00b4 0E       		.uleb128 0xe
 771 00b5 2E       		.uleb128 0x2e
 772 00b6 00       		.byte	0
 773 00b7 3F       		.uleb128 0x3f
 774 00b8 19       		.uleb128 0x19
 775 00b9 03       		.uleb128 0x3
 776 00ba 0E       		.uleb128 0xe
 777 00bb 3A       		.uleb128 0x3a
 778 00bc 0B       		.uleb128 0xb
 779 00bd 3B       		.uleb128 0x3b
 780 00be 0B       		.uleb128 0xb
 781 00bf 27       		.uleb128 0x27
 782 00c0 19       		.uleb128 0x19
 783 00c1 11       		.uleb128 0x11
 784 00c2 01       		.uleb128 0x1
 785 00c3 12       		.uleb128 0x12
 786 00c4 06       		.uleb128 0x6
 787 00c5 40       		.uleb128 0x40
 788 00c6 18       		.uleb128 0x18
 789 00c7 9742     		.uleb128 0x2117
 790 00c9 19       		.uleb128 0x19
 791 00ca 00       		.byte	0
 792 00cb 00       		.byte	0
 793 00cc 00       		.byte	0
 794              		.section	.debug_aranges,"",%progbits
 795 0000 24000000 		.4byte	0x24
 796 0004 0200     		.2byte	0x2
 797 0006 00000000 		.4byte	.Ldebug_info0
ARM GAS  /tmp/cciuqYDQ.s 			page 15


 798 000a 04       		.byte	0x4
 799 000b 00       		.byte	0
 800 000c 0000     		.2byte	0
 801 000e 0000     		.2byte	0
 802 0010 00000000 		.4byte	.LFB41
 803 0014 88000000 		.4byte	.LFE41-.LFB41
 804 0018 00000000 		.4byte	.LFB42
 805 001c 8C000000 		.4byte	.LFE42-.LFB42
 806 0020 00000000 		.4byte	0
 807 0024 00000000 		.4byte	0
 808              		.section	.debug_ranges,"",%progbits
 809              	.Ldebug_ranges0:
 810 0000 00000000 		.4byte	.LFB41
 811 0004 88000000 		.4byte	.LFE41
 812 0008 00000000 		.4byte	.LFB42
 813 000c 8C000000 		.4byte	.LFE42
 814 0010 00000000 		.4byte	0
 815 0014 00000000 		.4byte	0
 816              		.section	.debug_line,"",%progbits
 817              	.Ldebug_line0:
 818 0000 60010000 		.section	.debug_str,"MS",%progbits,1
 818      0200E700 
 818      00000201 
 818      FB0E0D00 
 818      01010101 
 819              	.LASF32:
 820 0000 42444352 		.ascii	"BDCR\000"
 820      00
 821              	.LASF26:
 822 0005 43464752 		.ascii	"CFGR\000"
 822      00
 823              	.LASF29:
 824 000a 41484245 		.ascii	"AHBENR\000"
 824      4E5200
 825              	.LASF33:
 826 0011 41484252 		.ascii	"AHBRSTR\000"
 826      53545200 
 827              	.LASF24:
 828 0019 464C4153 		.ascii	"FLASH_TypeDef\000"
 828      485F5479 
 828      70654465 
 828      6600
 829              	.LASF38:
 830 0027 2E2E2F2E 		.ascii	"../../os/hal/platforms/STM32F0xx/hal_lld.c\000"
 830      2E2F6F73 
 830      2F68616C 
 830      2F706C61 
 830      74666F72 
 831              	.LASF5:
 832 0052 6C6F6E67 		.ascii	"long int\000"
 832      20696E74 
 832      00
 833              	.LASF23:
 834 005b 57525052 		.ascii	"WRPR\000"
 834      00
 835              	.LASF37:
 836 0060 474E5520 		.ascii	"GNU C 4.8.2 -mcpu=cortex-m0 -mno-thumb-interwork -m"
ARM GAS  /tmp/cciuqYDQ.s 			page 16


 836      4320342E 
 836      382E3220 
 836      2D6D6370 
 836      753D636F 
 837 0093 7468756D 		.ascii	"thumb -ggdb -O2 -fomit-frame-pointer -falign-functi"
 837      62202D67 
 837      67646220 
 837      2D4F3220 
 837      2D666F6D 
 838 00c6 6F6E733D 		.ascii	"ons=16 -ffunction-sections -fdata-sections -fno-com"
 838      3136202D 
 838      6666756E 
 838      6374696F 
 838      6E2D7365 
 839 00f9 6D6F6E00 		.ascii	"mon\000"
 840              	.LASF28:
 841 00fd 41504231 		.ascii	"APB1RSTR\000"
 841      52535452 
 841      00
 842              	.LASF34:
 843 0106 43464752 		.ascii	"CFGR2\000"
 843      3200
 844              	.LASF35:
 845 010c 43464752 		.ascii	"CFGR3\000"
 845      3300
 846              	.LASF4:
 847 0112 73686F72 		.ascii	"short unsigned int\000"
 847      7420756E 
 847      7369676E 
 847      65642069 
 847      6E7400
 848              	.LASF18:
 849 0125 43414C49 		.ascii	"CALIB\000"
 849      4200
 850              	.LASF7:
 851 012b 5F5F7569 		.ascii	"__uint32_t\000"
 851      6E743332 
 851      5F7400
 852              	.LASF21:
 853 0136 4F50544B 		.ascii	"OPTKEYR\000"
 853      45595200 
 854              	.LASF25:
 855 013e 5057525F 		.ascii	"PWR_TypeDef\000"
 855      54797065 
 855      44656600 
 856              	.LASF6:
 857 014a 5F5F7569 		.ascii	"__uint16_t\000"
 857      6E743136 
 857      5F7400
 858              	.LASF8:
 859 0155 6C6F6E67 		.ascii	"long unsigned int\000"
 859      20756E73 
 859      69676E65 
 859      6420696E 
 859      7400
 860              	.LASF22:
 861 0167 52455345 		.ascii	"RESERVED\000"
ARM GAS  /tmp/cciuqYDQ.s 			page 17


 861      52564544 
 861      00
 862              	.LASF30:
 863 0170 41504232 		.ascii	"APB2ENR\000"
 863      454E5200 
 864              	.LASF3:
 865 0178 73686F72 		.ascii	"short int\000"
 865      7420696E 
 865      7400
 866              	.LASF40:
 867 0182 68616C5F 		.ascii	"hal_lld_backup_domain_init\000"
 867      6C6C645F 
 867      6261636B 
 867      75705F64 
 867      6F6D6169 
 868              	.LASF31:
 869 019d 41504231 		.ascii	"APB1ENR\000"
 869      454E5200 
 870              	.LASF27:
 871 01a5 41504232 		.ascii	"APB2RSTR\000"
 871      52535452 
 871      00
 872              	.LASF2:
 873 01ae 756E7369 		.ascii	"unsigned char\000"
 873      676E6564 
 873      20636861 
 873      7200
 874              	.LASF0:
 875 01bc 756E7369 		.ascii	"unsigned int\000"
 875      676E6564 
 875      20696E74 
 875      00
 876              	.LASF10:
 877 01c9 6C6F6E67 		.ascii	"long long unsigned int\000"
 877      206C6F6E 
 877      6720756E 
 877      7369676E 
 877      65642069 
 878              	.LASF39:
 879 01e0 2F686F6D 		.ascii	"/home/ece497/vbox-shared/mplayer/ChibiOS-RT-stable_"
 879      652F6563 
 879      65343937 
 879      2F76626F 
 879      782D7368 
 880 0213 322E362E 		.ascii	"2.6.x/demos/ARMCM0-STM32F051-DISCOVERY\000"
 880      782F6465 
 880      6D6F732F 
 880      41524D43 
 880      4D302D53 
 881              	.LASF16:
 882 023a 4354524C 		.ascii	"CTRL\000"
 882      00
 883              	.LASF14:
 884 023f 73697A65 		.ascii	"sizetype\000"
 884      74797065 
 884      00
 885              	.LASF9:
ARM GAS  /tmp/cciuqYDQ.s 			page 18


 886 0248 6C6F6E67 		.ascii	"long long int\000"
 886      206C6F6E 
 886      6720696E 
 886      7400
 887              	.LASF15:
 888 0256 63686172 		.ascii	"char\000"
 888      00
 889              	.LASF17:
 890 025b 4C4F4144 		.ascii	"LOAD\000"
 890      00
 891              	.LASF42:
 892 0260 73746D33 		.ascii	"stm32_clock_init\000"
 892      325F636C 
 892      6F636B5F 
 892      696E6974 
 892      00
 893              	.LASF11:
 894 0271 75696E74 		.ascii	"uint16_t\000"
 894      31365F74 
 894      00
 895              	.LASF36:
 896 027a 5243435F 		.ascii	"RCC_TypeDef\000"
 896      54797065 
 896      44656600 
 897              	.LASF12:
 898 0286 75696E74 		.ascii	"uint32_t\000"
 898      33325F74 
 898      00
 899              	.LASF19:
 900 028f 53797354 		.ascii	"SysTick_Type\000"
 900      69636B5F 
 900      54797065 
 900      00
 901              	.LASF20:
 902 029c 4B455952 		.ascii	"KEYR\000"
 902      00
 903              	.LASF1:
 904 02a1 7369676E 		.ascii	"signed char\000"
 904      65642063 
 904      68617200 
 905              	.LASF41:
 906 02ad 68616C5F 		.ascii	"hal_lld_init\000"
 906      6C6C645F 
 906      696E6974 
 906      00
 907              	.LASF13:
 908 02ba 5F426F6F 		.ascii	"_Bool\000"
 908      6C00
 909              		.ident	"GCC: (Arch Repository) 4.8.2"
ARM GAS  /tmp/cciuqYDQ.s 			page 19


DEFINED SYMBOLS
                            *ABS*:0000000000000000 hal_lld.c
     /tmp/cciuqYDQ.s:18     .text.hal_lld_init:0000000000000000 $t
     /tmp/cciuqYDQ.s:24     .text.hal_lld_init:0000000000000000 hal_lld_init
     /tmp/cciuqYDQ.s:118    .text.hal_lld_init:0000000000000074 $d
     /tmp/cciuqYDQ.s:127    .text.stm32_clock_init:0000000000000000 $t
     /tmp/cciuqYDQ.s:133    .text.stm32_clock_init:0000000000000000 stm32_clock_init
     /tmp/cciuqYDQ.s:240    .text.stm32_clock_init:0000000000000084 $d
                     .debug_frame:0000000000000010 $d
     /tmp/cciuqYDQ.s:126    .text.hal_lld_init:0000000000000088 $t
     /tmp/cciuqYDQ.s:245    .text.stm32_clock_init:000000000000008c $t

NO UNDEFINED SYMBOLS
