ARM GAS  /tmp/ccRf7uXD.s 			page 1


   1              		.cpu cortex-m0
   2              		.fpu softvfp
   3              		.eabi_attribute 20, 1
   4              		.eabi_attribute 21, 1
   5              		.eabi_attribute 23, 3
   6              		.eabi_attribute 24, 1
   7              		.eabi_attribute 25, 1
   8              		.eabi_attribute 26, 1
   9              		.eabi_attribute 30, 2
  10              		.eabi_attribute 34, 0
  11              		.eabi_attribute 18, 4
  12              		.code	16
  13              		.file	"nvic.c"
  14              		.text
  15              	.Ltext0:
  16              		.cfi_sections	.debug_frame
  17              		.section	.text.nvicEnableVector,"ax",%progbits
  18              		.align	2
  19              		.p2align 4,,15
  20              		.global	nvicEnableVector
  21              		.code	16
  22              		.thumb_func
  23              		.type	nvicEnableVector, %function
  24              	nvicEnableVector:
  25              	.LFB7:
  26              		.file 1 "../../os/ports/common/ARMCMx/nvic.c"
  27              		.loc 1 46 0
  28              		.cfi_startproc
  29              	.LVL0:
  30              		.loc 1 49 0
  31 0000 8208     		lsr	r2, r0, #2
  32 0002 0F4B     		ldr	r3, .L2
  33 0004 9200     		lsl	r2, r2, #2
  34              		.loc 1 46 0
  35 0006 70B5     		push	{r4, r5, r6, lr}
  36              		.cfi_def_cfa_offset 16
  37              		.cfi_offset 4, -16
  38              		.cfi_offset 5, -12
  39              		.cfi_offset 6, -8
  40              		.cfi_offset 14, -4
  41 0008 D218     		add	r2, r2, r3
  42              		.loc 1 47 0
  43 000a 0324     		mov	r4, #3
  44              		.loc 1 49 0
  45 000c C023     		mov	r3, #192
  46 000e 9B00     		lsl	r3, r3, #2
  47              		.loc 1 47 0
  48 0010 0440     		and	r4, r0
  49              		.loc 1 49 0
  50 0012 D558     		ldr	r5, [r2, r3]
  51              		.loc 1 47 0
  52 0014 E400     		lsl	r4, r4, #3
  53              	.LVL1:
  54              		.loc 1 49 0
  55 0016 FF26     		mov	r6, #255
  56 0018 A640     		lsl	r6, r6, r4
  57 001a B543     		bic	r5, r6
ARM GAS  /tmp/ccRf7uXD.s 			page 2


  58 001c A140     		lsl	r1, r1, r4
  59              	.LVL2:
  60 001e 2C1C     		mov	r4, r5
  61              	.LVL3:
  62 0020 0C43     		orr	r4, r1
  63 0022 D450     		str	r4, [r2, r3]
  64              		.loc 1 50 0
  65 0024 1F23     		mov	r3, #31
  66 0026 0340     		and	r3, r0
  67 0028 0122     		mov	r2, #1
  68 002a 9A40     		lsl	r2, r2, r3
  69 002c 131C     		mov	r3, r2
  70 002e 4009     		lsr	r0, r0, #5
  71              	.LVL4:
  72 0030 034A     		ldr	r2, .L2
  73 0032 8000     		lsl	r0, r0, #2
  74 0034 8018     		add	r0, r0, r2
  75 0036 C022     		mov	r2, #192
  76 0038 5200     		lsl	r2, r2, #1
  77 003a 8350     		str	r3, [r0, r2]
  78              		.loc 1 52 0
  79              		@ sp needed
  80              		.loc 1 51 0
  81 003c 0360     		str	r3, [r0]
  82              		.loc 1 52 0
  83 003e 70BD     		pop	{r4, r5, r6, pc}
  84              	.L3:
  85              		.align	2
  86              	.L2:
  87 0040 00E100E0 		.word	-536813312
  88              		.cfi_endproc
  89              	.LFE7:
  90              		.size	nvicEnableVector, .-nvicEnableVector
  91 0044 C046C046 		.section	.text.nvicDisableVector,"ax",%progbits
  91      C046C046 
  91      C046C046 
  92              		.align	2
  93              		.p2align 4,,15
  94              		.global	nvicDisableVector
  95              		.code	16
  96              		.thumb_func
  97              		.type	nvicDisableVector, %function
  98              	nvicDisableVector:
  99              	.LFB8:
 100              		.loc 1 60 0
 101              		.cfi_startproc
 102              	.LVL5:
 103              		.loc 1 63 0
 104 0000 1F21     		mov	r1, #31
 105 0002 0140     		and	r1, r0
 106 0004 0123     		mov	r3, #1
 107 0006 4209     		lsr	r2, r0, #5
 108 0008 8B40     		lsl	r3, r3, r1
 109 000a 191C     		mov	r1, r3
 110 000c 2032     		add	r2, r2, #32
 111 000e 094B     		ldr	r3, .L5
 112 0010 9200     		lsl	r2, r2, #2
ARM GAS  /tmp/ccRf7uXD.s 			page 3


 113              		.loc 1 60 0
 114 0012 10B5     		push	{r4, lr}
 115              		.cfi_def_cfa_offset 8
 116              		.cfi_offset 4, -8
 117              		.cfi_offset 14, -4
 118              		.loc 1 63 0
 119 0014 D150     		str	r1, [r2, r3]
 120              		.loc 1 64 0
 121 0016 8208     		lsr	r2, r0, #2
 122 0018 9200     		lsl	r2, r2, #2
 123 001a D218     		add	r2, r2, r3
 124              		.loc 1 61 0
 125 001c 0324     		mov	r4, #3
 126              		.loc 1 64 0
 127 001e C023     		mov	r3, #192
 128 0020 9B00     		lsl	r3, r3, #2
 129              		.loc 1 61 0
 130 0022 2040     		and	r0, r4
 131              	.LVL6:
 132              		.loc 1 64 0
 133 0024 D158     		ldr	r1, [r2, r3]
 134              		.loc 1 61 0
 135 0026 C000     		lsl	r0, r0, #3
 136              	.LVL7:
 137              		.loc 1 64 0
 138 0028 FF24     		mov	r4, #255
 139 002a 8440     		lsl	r4, r4, r0
 140 002c A143     		bic	r1, r4
 141 002e D150     		str	r1, [r2, r3]
 142              		.loc 1 65 0
 143              		@ sp needed
 144 0030 10BD     		pop	{r4, pc}
 145              	.L6:
 146 0032 C046     		.align	2
 147              	.L5:
 148 0034 00E100E0 		.word	-536813312
 149              		.cfi_endproc
 150              	.LFE8:
 151              		.size	nvicDisableVector, .-nvicDisableVector
 152 0038 C046C046 		.section	.text.nvicSetSystemHandlerPriority,"ax",%progbits
 152      C046C046 
 153              		.align	2
 154              		.p2align 4,,15
 155              		.global	nvicSetSystemHandlerPriority
 156              		.code	16
 157              		.thumb_func
 158              		.type	nvicSetSystemHandlerPriority, %function
 159              	nvicSetSystemHandlerPriority:
 160              	.LFB9:
 161              		.loc 1 74 0
 162              		.cfi_startproc
 163              	.LVL8:
 164              		.loc 1 77 0
 165 0000 8308     		lsr	r3, r0, #2
 166 0002 084A     		ldr	r2, .L8
 167              		.loc 1 74 0
 168 0004 10B5     		push	{r4, lr}
ARM GAS  /tmp/ccRf7uXD.s 			page 4


 169              		.cfi_def_cfa_offset 8
 170              		.cfi_offset 4, -8
 171              		.cfi_offset 14, -4
 172 0006 9B00     		lsl	r3, r3, #2
 173              		.loc 1 75 0
 174 0008 0324     		mov	r4, #3
 175 000a 9B18     		add	r3, r3, r2
 176 000c 2040     		and	r0, r4
 177              	.LVL9:
 178              		.loc 1 77 0
 179 000e 9A69     		ldr	r2, [r3, #24]
 180              		.loc 1 75 0
 181 0010 C000     		lsl	r0, r0, #3
 182              	.LVL10:
 183              		.loc 1 78 0
 184 0012 FF24     		mov	r4, #255
 185 0014 8440     		lsl	r4, r4, r0
 186              		.loc 1 77 0
 187 0016 A243     		bic	r2, r4
 188              		.loc 1 78 0
 189 0018 8140     		lsl	r1, r1, r0
 190              	.LVL11:
 191 001a 101C     		mov	r0, r2
 192              	.LVL12:
 193 001c 0843     		orr	r0, r1
 194              		.loc 1 77 0
 195 001e 9861     		str	r0, [r3, #24]
 196              		.loc 1 79 0
 197              		@ sp needed
 198 0020 10BD     		pop	{r4, pc}
 199              	.L9:
 200 0022 C046     		.align	2
 201              	.L8:
 202 0024 00ED00E0 		.word	-536810240
 203              		.cfi_endproc
 204              	.LFE9:
 205              		.size	nvicSetSystemHandlerPriority, .-nvicSetSystemHandlerPriority
 206 0028 C046C046 		.text
 206      C046C046 
 207              	.Letext0:
 208              		.file 2 "/usr/arm-none-eabi/include/machine/_default_types.h"
 209              		.file 3 "/usr/arm-none-eabi/include/stdint.h"
 210              		.file 4 "../../os/ports/common/ARMCMx/nvic.h"
 211              		.section	.debug_info,"",%progbits
 212              	.Ldebug_info0:
 213 0000 02040000 		.4byte	0x402
 214 0004 0400     		.2byte	0x4
 215 0006 00000000 		.4byte	.Ldebug_abbrev0
 216 000a 04       		.byte	0x4
 217 000b 01       		.uleb128 0x1
 218 000c BD010000 		.4byte	.LASF47
 219 0010 01       		.byte	0x1
 220 0011 0F000000 		.4byte	.LASF48
 221 0015 26010000 		.4byte	.LASF49
 222 0019 00000000 		.4byte	.Ldebug_ranges0+0
 223 001d 00000000 		.4byte	0
 224 0021 00000000 		.4byte	.Ldebug_line0
ARM GAS  /tmp/ccRf7uXD.s 			page 5


 225 0025 02       		.uleb128 0x2
 226 0026 04       		.byte	0x4
 227 0027 05       		.byte	0x5
 228 0028 696E7400 		.ascii	"int\000"
 229 002c 03       		.uleb128 0x3
 230 002d 04       		.byte	0x4
 231 002e 07       		.byte	0x7
 232 002f F3000000 		.4byte	.LASF0
 233 0033 03       		.uleb128 0x3
 234 0034 01       		.byte	0x1
 235 0035 06       		.byte	0x6
 236 0036 87020000 		.4byte	.LASF1
 237 003a 03       		.uleb128 0x3
 238 003b 01       		.byte	0x1
 239 003c 08       		.byte	0x8
 240 003d 70000000 		.4byte	.LASF2
 241 0041 03       		.uleb128 0x3
 242 0042 02       		.byte	0x2
 243 0043 05       		.byte	0x5
 244 0044 53000000 		.4byte	.LASF3
 245 0048 03       		.uleb128 0x3
 246 0049 02       		.byte	0x2
 247 004a 07       		.byte	0x7
 248 004b AE000000 		.4byte	.LASF4
 249 004f 03       		.uleb128 0x3
 250 0050 04       		.byte	0x4
 251 0051 05       		.byte	0x5
 252 0052 79020000 		.4byte	.LASF5
 253 0056 04       		.uleb128 0x4
 254 0057 E8000000 		.4byte	.LASF9
 255 005b 02       		.byte	0x2
 256 005c 38       		.byte	0x38
 257 005d 61000000 		.4byte	0x61
 258 0061 03       		.uleb128 0x3
 259 0062 04       		.byte	0x4
 260 0063 07       		.byte	0x7
 261 0064 CB000000 		.4byte	.LASF6
 262 0068 03       		.uleb128 0x3
 263 0069 08       		.byte	0x8
 264 006a 05       		.byte	0x5
 265 006b A4010000 		.4byte	.LASF7
 266 006f 03       		.uleb128 0x3
 267 0070 08       		.byte	0x8
 268 0071 07       		.byte	0x7
 269 0072 0A010000 		.4byte	.LASF8
 270 0076 04       		.uleb128 0x4
 271 0077 70020000 		.4byte	.LASF10
 272 007b 03       		.byte	0x3
 273 007c 42       		.byte	0x42
 274 007d 56000000 		.4byte	0x56
 275 0081 03       		.uleb128 0x3
 276 0082 01       		.byte	0x1
 277 0083 02       		.byte	0x2
 278 0084 5D000000 		.4byte	.LASF11
 279 0088 04       		.uleb128 0x4
 280 0089 68000000 		.4byte	.LASF12
 281 008d 04       		.byte	0x4
ARM GAS  /tmp/ccRf7uXD.s 			page 6


 282 008e 3A       		.byte	0x3a
 283 008f 93000000 		.4byte	0x93
 284 0093 05       		.uleb128 0x5
 285 0094 76000000 		.4byte	0x76
 286 0098 06       		.uleb128 0x6
 287 0099 040E     		.2byte	0xe04
 288 009b 04       		.byte	0x4
 289 009c 6A       		.byte	0x6a
 290 009d 47010000 		.4byte	0x147
 291 00a1 07       		.uleb128 0x7
 292 00a2 5A020000 		.4byte	.LASF13
 293 00a6 04       		.byte	0x4
 294 00a7 6B       		.byte	0x6b
 295 00a8 5E010000 		.4byte	0x15e
 296 00ac 00       		.byte	0
 297 00ad 07       		.uleb128 0x7
 298 00ae 7E000000 		.4byte	.LASF14
 299 00b2 04       		.byte	0x4
 300 00b3 6C       		.byte	0x6c
 301 00b4 73010000 		.4byte	0x173
 302 00b8 20       		.byte	0x20
 303 00b9 07       		.uleb128 0x7
 304 00ba 63000000 		.4byte	.LASF15
 305 00be 04       		.byte	0x4
 306 00bf 6D       		.byte	0x6d
 307 00c0 78010000 		.4byte	0x178
 308 00c4 80       		.byte	0x80
 309 00c5 07       		.uleb128 0x7
 310 00c6 86000000 		.4byte	.LASF16
 311 00ca 04       		.byte	0x4
 312 00cb 6E       		.byte	0x6e
 313 00cc 7D010000 		.4byte	0x17d
 314 00d0 A0       		.byte	0xa0
 315 00d1 08       		.uleb128 0x8
 316 00d2 00010000 		.4byte	.LASF17
 317 00d6 04       		.byte	0x4
 318 00d7 6F       		.byte	0x6f
 319 00d8 82010000 		.4byte	0x182
 320 00dc 0001     		.2byte	0x100
 321 00de 08       		.uleb128 0x8
 322 00df 8E000000 		.4byte	.LASF18
 323 00e3 04       		.byte	0x4
 324 00e4 70       		.byte	0x70
 325 00e5 87010000 		.4byte	0x187
 326 00e9 2001     		.2byte	0x120
 327 00eb 08       		.uleb128 0x8
 328 00ec 05000000 		.4byte	.LASF19
 329 00f0 04       		.byte	0x4
 330 00f1 71       		.byte	0x71
 331 00f2 8C010000 		.4byte	0x18c
 332 00f6 8001     		.2byte	0x180
 333 00f8 08       		.uleb128 0x8
 334 00f9 96000000 		.4byte	.LASF20
 335 00fd 04       		.byte	0x4
 336 00fe 72       		.byte	0x72
 337 00ff 91010000 		.4byte	0x191
 338 0103 A001     		.2byte	0x1a0
ARM GAS  /tmp/ccRf7uXD.s 			page 7


 339 0105 08       		.uleb128 0x8
 340 0106 B0020000 		.4byte	.LASF21
 341 010a 04       		.byte	0x4
 342 010b 73       		.byte	0x73
 343 010c 96010000 		.4byte	0x196
 344 0110 0002     		.2byte	0x200
 345 0112 08       		.uleb128 0x8
 346 0113 9E000000 		.4byte	.LASF22
 347 0117 04       		.byte	0x4
 348 0118 74       		.byte	0x74
 349 0119 AB010000 		.4byte	0x1ab
 350 011d 2002     		.2byte	0x220
 351 011f 09       		.uleb128 0x9
 352 0120 49505200 		.ascii	"IPR\000"
 353 0124 04       		.byte	0x4
 354 0125 75       		.byte	0x75
 355 0126 C0010000 		.4byte	0x1c0
 356 012a 0003     		.2byte	0x300
 357 012c 08       		.uleb128 0x8
 358 012d A6000000 		.4byte	.LASF23
 359 0131 04       		.byte	0x4
 360 0132 76       		.byte	0x76
 361 0133 D6010000 		.4byte	0x1d6
 362 0137 F003     		.2byte	0x3f0
 363 0139 08       		.uleb128 0x8
 364 013a E3000000 		.4byte	.LASF24
 365 013e 04       		.byte	0x4
 366 013f 77       		.byte	0x77
 367 0140 88000000 		.4byte	0x88
 368 0144 000E     		.2byte	0xe00
 369 0146 00       		.byte	0
 370 0147 0A       		.uleb128 0xa
 371 0148 88000000 		.4byte	0x88
 372 014c 57010000 		.4byte	0x157
 373 0150 0B       		.uleb128 0xb
 374 0151 57010000 		.4byte	0x157
 375 0155 07       		.byte	0x7
 376 0156 00       		.byte	0
 377 0157 03       		.uleb128 0x3
 378 0158 04       		.byte	0x4
 379 0159 07       		.byte	0x7
 380 015a 9B010000 		.4byte	.LASF25
 381 015e 05       		.uleb128 0x5
 382 015f 47010000 		.4byte	0x147
 383 0163 0A       		.uleb128 0xa
 384 0164 88000000 		.4byte	0x88
 385 0168 73010000 		.4byte	0x173
 386 016c 0B       		.uleb128 0xb
 387 016d 57010000 		.4byte	0x157
 388 0171 17       		.byte	0x17
 389 0172 00       		.byte	0
 390 0173 05       		.uleb128 0x5
 391 0174 63010000 		.4byte	0x163
 392 0178 05       		.uleb128 0x5
 393 0179 47010000 		.4byte	0x147
 394 017d 05       		.uleb128 0x5
 395 017e 63010000 		.4byte	0x163
ARM GAS  /tmp/ccRf7uXD.s 			page 8


 396 0182 05       		.uleb128 0x5
 397 0183 47010000 		.4byte	0x147
 398 0187 05       		.uleb128 0x5
 399 0188 63010000 		.4byte	0x163
 400 018c 05       		.uleb128 0x5
 401 018d 47010000 		.4byte	0x147
 402 0191 05       		.uleb128 0x5
 403 0192 63010000 		.4byte	0x163
 404 0196 05       		.uleb128 0x5
 405 0197 47010000 		.4byte	0x147
 406 019b 0A       		.uleb128 0xa
 407 019c 88000000 		.4byte	0x88
 408 01a0 AB010000 		.4byte	0x1ab
 409 01a4 0B       		.uleb128 0xb
 410 01a5 57010000 		.4byte	0x157
 411 01a9 37       		.byte	0x37
 412 01aa 00       		.byte	0
 413 01ab 05       		.uleb128 0x5
 414 01ac 9B010000 		.4byte	0x19b
 415 01b0 0A       		.uleb128 0xa
 416 01b1 88000000 		.4byte	0x88
 417 01b5 C0010000 		.4byte	0x1c0
 418 01b9 0B       		.uleb128 0xb
 419 01ba 57010000 		.4byte	0x157
 420 01be 3B       		.byte	0x3b
 421 01bf 00       		.byte	0
 422 01c0 05       		.uleb128 0x5
 423 01c1 B0010000 		.4byte	0x1b0
 424 01c5 0A       		.uleb128 0xa
 425 01c6 88000000 		.4byte	0x88
 426 01ca D6010000 		.4byte	0x1d6
 427 01ce 0C       		.uleb128 0xc
 428 01cf 57010000 		.4byte	0x157
 429 01d3 8302     		.2byte	0x283
 430 01d5 00       		.byte	0
 431 01d6 05       		.uleb128 0x5
 432 01d7 C5010000 		.4byte	0x1c5
 433 01db 04       		.uleb128 0x4
 434 01dc 45000000 		.4byte	.LASF26
 435 01e0 04       		.byte	0x4
 436 01e1 78       		.byte	0x78
 437 01e2 98000000 		.4byte	0x98
 438 01e6 0D       		.uleb128 0xd
 439 01e7 8C       		.byte	0x8c
 440 01e8 04       		.byte	0x4
 441 01e9 89       		.byte	0x89
 442 01ea EB020000 		.4byte	0x2eb
 443 01ee 07       		.uleb128 0x7
 444 01ef B2010000 		.4byte	.LASF27
 445 01f3 04       		.byte	0x4
 446 01f4 8A       		.byte	0x8a
 447 01f5 88000000 		.4byte	0x88
 448 01f9 00       		.byte	0
 449 01fa 07       		.uleb128 0x7
 450 01fb 21010000 		.4byte	.LASF28
 451 01ff 04       		.byte	0x4
 452 0200 8B       		.byte	0x8b
ARM GAS  /tmp/ccRf7uXD.s 			page 9


 453 0201 88000000 		.4byte	0x88
 454 0205 04       		.byte	0x4
 455 0206 07       		.uleb128 0x7
 456 0207 4E000000 		.4byte	.LASF29
 457 020b 04       		.byte	0x4
 458 020c 8C       		.byte	0x8c
 459 020d 88000000 		.4byte	0x88
 460 0211 08       		.byte	0x8
 461 0212 07       		.uleb128 0x7
 462 0213 88010000 		.4byte	.LASF30
 463 0217 04       		.byte	0x4
 464 0218 8D       		.byte	0x8d
 465 0219 88000000 		.4byte	0x88
 466 021d 0C       		.byte	0xc
 467 021e 0E       		.uleb128 0xe
 468 021f 53435200 		.ascii	"SCR\000"
 469 0223 04       		.byte	0x4
 470 0224 8E       		.byte	0x8e
 471 0225 88000000 		.4byte	0x88
 472 0229 10       		.byte	0x10
 473 022a 0E       		.uleb128 0xe
 474 022b 43435200 		.ascii	"CCR\000"
 475 022f 04       		.byte	0x4
 476 0230 8F       		.byte	0x8f
 477 0231 88000000 		.4byte	0x88
 478 0235 14       		.byte	0x14
 479 0236 07       		.uleb128 0x7
 480 0237 82020000 		.4byte	.LASF31
 481 023b 04       		.byte	0x4
 482 023c 90       		.byte	0x90
 483 023d FB020000 		.4byte	0x2fb
 484 0241 18       		.byte	0x18
 485 0242 07       		.uleb128 0x7
 486 0243 6A020000 		.4byte	.LASF32
 487 0247 04       		.byte	0x4
 488 0248 91       		.byte	0x91
 489 0249 88000000 		.4byte	0x88
 490 024d 24       		.byte	0x24
 491 024e 07       		.uleb128 0x7
 492 024f C1000000 		.4byte	.LASF33
 493 0253 04       		.byte	0x4
 494 0254 92       		.byte	0x92
 495 0255 88000000 		.4byte	0x88
 496 0259 28       		.byte	0x28
 497 025a 07       		.uleb128 0x7
 498 025b C6000000 		.4byte	.LASF34
 499 025f 04       		.byte	0x4
 500 0260 93       		.byte	0x93
 501 0261 88000000 		.4byte	0x88
 502 0265 2C       		.byte	0x2c
 503 0266 07       		.uleb128 0x7
 504 0267 05010000 		.4byte	.LASF35
 505 026b 04       		.byte	0x4
 506 026c 94       		.byte	0x94
 507 026d 88000000 		.4byte	0x88
 508 0271 30       		.byte	0x30
 509 0272 07       		.uleb128 0x7
ARM GAS  /tmp/ccRf7uXD.s 			page 10


 510 0273 64020000 		.4byte	.LASF36
 511 0277 04       		.byte	0x4
 512 0278 95       		.byte	0x95
 513 0279 88000000 		.4byte	0x88
 514 027d 34       		.byte	0x34
 515 027e 07       		.uleb128 0x7
 516 027f 8E010000 		.4byte	.LASF37
 517 0283 04       		.byte	0x4
 518 0284 96       		.byte	0x96
 519 0285 88000000 		.4byte	0x88
 520 0289 38       		.byte	0x38
 521 028a 07       		.uleb128 0x7
 522 028b 5F020000 		.4byte	.LASF38
 523 028f 04       		.byte	0x4
 524 0290 97       		.byte	0x97
 525 0291 88000000 		.4byte	0x88
 526 0295 3C       		.byte	0x3c
 527 0296 0E       		.uleb128 0xe
 528 0297 50465200 		.ascii	"PFR\000"
 529 029b 04       		.byte	0x4
 530 029c 98       		.byte	0x98
 531 029d 10030000 		.4byte	0x310
 532 02a1 40       		.byte	0x40
 533 02a2 0E       		.uleb128 0xe
 534 02a3 44465200 		.ascii	"DFR\000"
 535 02a7 04       		.byte	0x4
 536 02a8 99       		.byte	0x99
 537 02a9 88000000 		.4byte	0x88
 538 02ad 48       		.byte	0x48
 539 02ae 0E       		.uleb128 0xe
 540 02af 41445200 		.ascii	"ADR\000"
 541 02b3 04       		.byte	0x4
 542 02b4 9A       		.byte	0x9a
 543 02b5 88000000 		.4byte	0x88
 544 02b9 4C       		.byte	0x4c
 545 02ba 07       		.uleb128 0x7
 546 02bb 0A000000 		.4byte	.LASF39
 547 02bf 04       		.byte	0x4
 548 02c0 9B       		.byte	0x9b
 549 02c1 25030000 		.4byte	0x325
 550 02c5 50       		.byte	0x50
 551 02c6 0E       		.uleb128 0xe
 552 02c7 53415200 		.ascii	"SAR\000"
 553 02cb 04       		.byte	0x4
 554 02cc 9C       		.byte	0x9c
 555 02cd 3A030000 		.4byte	0x33a
 556 02d1 60       		.byte	0x60
 557 02d2 07       		.uleb128 0x7
 558 02d3 7E000000 		.4byte	.LASF14
 559 02d7 04       		.byte	0x4
 560 02d8 9D       		.byte	0x9d
 561 02d9 3F030000 		.4byte	0x33f
 562 02dd 74       		.byte	0x74
 563 02de 07       		.uleb128 0x7
 564 02df DD000000 		.4byte	.LASF40
 565 02e3 04       		.byte	0x4
 566 02e4 9E       		.byte	0x9e
ARM GAS  /tmp/ccRf7uXD.s 			page 11


 567 02e5 88000000 		.4byte	0x88
 568 02e9 88       		.byte	0x88
 569 02ea 00       		.byte	0
 570 02eb 0A       		.uleb128 0xa
 571 02ec 88000000 		.4byte	0x88
 572 02f0 FB020000 		.4byte	0x2fb
 573 02f4 0B       		.uleb128 0xb
 574 02f5 57010000 		.4byte	0x157
 575 02f9 02       		.byte	0x2
 576 02fa 00       		.byte	0
 577 02fb 05       		.uleb128 0x5
 578 02fc EB020000 		.4byte	0x2eb
 579 0300 0A       		.uleb128 0xa
 580 0301 88000000 		.4byte	0x88
 581 0305 10030000 		.4byte	0x310
 582 0309 0B       		.uleb128 0xb
 583 030a 57010000 		.4byte	0x157
 584 030e 01       		.byte	0x1
 585 030f 00       		.byte	0
 586 0310 05       		.uleb128 0x5
 587 0311 00030000 		.4byte	0x300
 588 0315 0A       		.uleb128 0xa
 589 0316 88000000 		.4byte	0x88
 590 031a 25030000 		.4byte	0x325
 591 031e 0B       		.uleb128 0xb
 592 031f 57010000 		.4byte	0x157
 593 0323 03       		.byte	0x3
 594 0324 00       		.byte	0
 595 0325 05       		.uleb128 0x5
 596 0326 15030000 		.4byte	0x315
 597 032a 0A       		.uleb128 0xa
 598 032b 88000000 		.4byte	0x88
 599 032f 3A030000 		.4byte	0x33a
 600 0333 0B       		.uleb128 0xb
 601 0334 57010000 		.4byte	0x157
 602 0338 04       		.byte	0x4
 603 0339 00       		.byte	0
 604 033a 05       		.uleb128 0x5
 605 033b 2A030000 		.4byte	0x32a
 606 033f 05       		.uleb128 0x5
 607 0340 2A030000 		.4byte	0x32a
 608 0344 04       		.uleb128 0x4
 609 0345 80010000 		.4byte	.LASF41
 610 0349 04       		.byte	0x4
 611 034a 9F       		.byte	0x9f
 612 034b E6010000 		.4byte	0x1e6
 613 034f 03       		.uleb128 0x3
 614 0350 01       		.byte	0x1
 615 0351 08       		.byte	0x8
 616 0352 B8010000 		.4byte	.LASF42
 617 0356 0F       		.uleb128 0xf
 618 0357 B5020000 		.4byte	.LASF44
 619 035b 01       		.byte	0x1
 620 035c 2E       		.byte	0x2e
 621 035d 00000000 		.4byte	.LFB7
 622 0361 44000000 		.4byte	.LFE7-.LFB7
 623 0365 01       		.uleb128 0x1
ARM GAS  /tmp/ccRf7uXD.s 			page 12


 624 0366 9C       		.byte	0x9c
 625 0367 96030000 		.4byte	0x396
 626 036b 10       		.uleb128 0x10
 627 036c 6E00     		.ascii	"n\000"
 628 036e 01       		.byte	0x1
 629 036f 2E       		.byte	0x2e
 630 0370 76000000 		.4byte	0x76
 631 0374 00000000 		.4byte	.LLST0
 632 0378 11       		.uleb128 0x11
 633 0379 00000000 		.4byte	.LASF43
 634 037d 01       		.byte	0x1
 635 037e 2E       		.byte	0x2e
 636 037f 76000000 		.4byte	0x76
 637 0383 21000000 		.4byte	.LLST1
 638 0387 12       		.uleb128 0x12
 639 0388 736800   		.ascii	"sh\000"
 640 038b 01       		.byte	0x1
 641 038c 2F       		.byte	0x2f
 642 038d 2C000000 		.4byte	0x2c
 643 0391 42000000 		.4byte	.LLST2
 644 0395 00       		.byte	0
 645 0396 0F       		.uleb128 0xf
 646 0397 33000000 		.4byte	.LASF45
 647 039b 01       		.byte	0x1
 648 039c 3C       		.byte	0x3c
 649 039d 00000000 		.4byte	.LFB8
 650 03a1 38000000 		.4byte	.LFE8-.LFB8
 651 03a5 01       		.uleb128 0x1
 652 03a6 9C       		.byte	0x9c
 653 03a7 C7030000 		.4byte	0x3c7
 654 03ab 10       		.uleb128 0x10
 655 03ac 6E00     		.ascii	"n\000"
 656 03ae 01       		.byte	0x1
 657 03af 3C       		.byte	0x3c
 658 03b0 76000000 		.4byte	0x76
 659 03b4 89000000 		.4byte	.LLST3
 660 03b8 12       		.uleb128 0x12
 661 03b9 736800   		.ascii	"sh\000"
 662 03bc 01       		.byte	0x1
 663 03bd 3D       		.byte	0x3d
 664 03be 2C000000 		.4byte	0x2c
 665 03c2 AA000000 		.4byte	.LLST4
 666 03c6 00       		.byte	0
 667 03c7 13       		.uleb128 0x13
 668 03c8 93020000 		.4byte	.LASF50
 669 03cc 01       		.byte	0x1
 670 03cd 4A       		.byte	0x4a
 671 03ce 00000000 		.4byte	.LFB9
 672 03d2 28000000 		.4byte	.LFE9-.LFB9
 673 03d6 01       		.uleb128 0x1
 674 03d7 9C       		.byte	0x9c
 675 03d8 11       		.uleb128 0x11
 676 03d9 93010000 		.4byte	.LASF46
 677 03dd 01       		.byte	0x1
 678 03de 4A       		.byte	0x4a
 679 03df 76000000 		.4byte	0x76
 680 03e3 E0000000 		.4byte	.LLST5
ARM GAS  /tmp/ccRf7uXD.s 			page 13


 681 03e7 11       		.uleb128 0x11
 682 03e8 00000000 		.4byte	.LASF43
 683 03ec 01       		.byte	0x1
 684 03ed 4A       		.byte	0x4a
 685 03ee 76000000 		.4byte	0x76
 686 03f2 01010000 		.4byte	.LLST6
 687 03f6 12       		.uleb128 0x12
 688 03f7 736800   		.ascii	"sh\000"
 689 03fa 01       		.byte	0x1
 690 03fb 4B       		.byte	0x4b
 691 03fc 2C000000 		.4byte	0x2c
 692 0400 22010000 		.4byte	.LLST7
 693 0404 00       		.byte	0
 694 0405 00       		.byte	0
 695              		.section	.debug_abbrev,"",%progbits
 696              	.Ldebug_abbrev0:
 697 0000 01       		.uleb128 0x1
 698 0001 11       		.uleb128 0x11
 699 0002 01       		.byte	0x1
 700 0003 25       		.uleb128 0x25
 701 0004 0E       		.uleb128 0xe
 702 0005 13       		.uleb128 0x13
 703 0006 0B       		.uleb128 0xb
 704 0007 03       		.uleb128 0x3
 705 0008 0E       		.uleb128 0xe
 706 0009 1B       		.uleb128 0x1b
 707 000a 0E       		.uleb128 0xe
 708 000b 55       		.uleb128 0x55
 709 000c 17       		.uleb128 0x17
 710 000d 11       		.uleb128 0x11
 711 000e 01       		.uleb128 0x1
 712 000f 10       		.uleb128 0x10
 713 0010 17       		.uleb128 0x17
 714 0011 00       		.byte	0
 715 0012 00       		.byte	0
 716 0013 02       		.uleb128 0x2
 717 0014 24       		.uleb128 0x24
 718 0015 00       		.byte	0
 719 0016 0B       		.uleb128 0xb
 720 0017 0B       		.uleb128 0xb
 721 0018 3E       		.uleb128 0x3e
 722 0019 0B       		.uleb128 0xb
 723 001a 03       		.uleb128 0x3
 724 001b 08       		.uleb128 0x8
 725 001c 00       		.byte	0
 726 001d 00       		.byte	0
 727 001e 03       		.uleb128 0x3
 728 001f 24       		.uleb128 0x24
 729 0020 00       		.byte	0
 730 0021 0B       		.uleb128 0xb
 731 0022 0B       		.uleb128 0xb
 732 0023 3E       		.uleb128 0x3e
 733 0024 0B       		.uleb128 0xb
 734 0025 03       		.uleb128 0x3
 735 0026 0E       		.uleb128 0xe
 736 0027 00       		.byte	0
 737 0028 00       		.byte	0
ARM GAS  /tmp/ccRf7uXD.s 			page 14


 738 0029 04       		.uleb128 0x4
 739 002a 16       		.uleb128 0x16
 740 002b 00       		.byte	0
 741 002c 03       		.uleb128 0x3
 742 002d 0E       		.uleb128 0xe
 743 002e 3A       		.uleb128 0x3a
 744 002f 0B       		.uleb128 0xb
 745 0030 3B       		.uleb128 0x3b
 746 0031 0B       		.uleb128 0xb
 747 0032 49       		.uleb128 0x49
 748 0033 13       		.uleb128 0x13
 749 0034 00       		.byte	0
 750 0035 00       		.byte	0
 751 0036 05       		.uleb128 0x5
 752 0037 35       		.uleb128 0x35
 753 0038 00       		.byte	0
 754 0039 49       		.uleb128 0x49
 755 003a 13       		.uleb128 0x13
 756 003b 00       		.byte	0
 757 003c 00       		.byte	0
 758 003d 06       		.uleb128 0x6
 759 003e 13       		.uleb128 0x13
 760 003f 01       		.byte	0x1
 761 0040 0B       		.uleb128 0xb
 762 0041 05       		.uleb128 0x5
 763 0042 3A       		.uleb128 0x3a
 764 0043 0B       		.uleb128 0xb
 765 0044 3B       		.uleb128 0x3b
 766 0045 0B       		.uleb128 0xb
 767 0046 01       		.uleb128 0x1
 768 0047 13       		.uleb128 0x13
 769 0048 00       		.byte	0
 770 0049 00       		.byte	0
 771 004a 07       		.uleb128 0x7
 772 004b 0D       		.uleb128 0xd
 773 004c 00       		.byte	0
 774 004d 03       		.uleb128 0x3
 775 004e 0E       		.uleb128 0xe
 776 004f 3A       		.uleb128 0x3a
 777 0050 0B       		.uleb128 0xb
 778 0051 3B       		.uleb128 0x3b
 779 0052 0B       		.uleb128 0xb
 780 0053 49       		.uleb128 0x49
 781 0054 13       		.uleb128 0x13
 782 0055 38       		.uleb128 0x38
 783 0056 0B       		.uleb128 0xb
 784 0057 00       		.byte	0
 785 0058 00       		.byte	0
 786 0059 08       		.uleb128 0x8
 787 005a 0D       		.uleb128 0xd
 788 005b 00       		.byte	0
 789 005c 03       		.uleb128 0x3
 790 005d 0E       		.uleb128 0xe
 791 005e 3A       		.uleb128 0x3a
 792 005f 0B       		.uleb128 0xb
 793 0060 3B       		.uleb128 0x3b
 794 0061 0B       		.uleb128 0xb
ARM GAS  /tmp/ccRf7uXD.s 			page 15


 795 0062 49       		.uleb128 0x49
 796 0063 13       		.uleb128 0x13
 797 0064 38       		.uleb128 0x38
 798 0065 05       		.uleb128 0x5
 799 0066 00       		.byte	0
 800 0067 00       		.byte	0
 801 0068 09       		.uleb128 0x9
 802 0069 0D       		.uleb128 0xd
 803 006a 00       		.byte	0
 804 006b 03       		.uleb128 0x3
 805 006c 08       		.uleb128 0x8
 806 006d 3A       		.uleb128 0x3a
 807 006e 0B       		.uleb128 0xb
 808 006f 3B       		.uleb128 0x3b
 809 0070 0B       		.uleb128 0xb
 810 0071 49       		.uleb128 0x49
 811 0072 13       		.uleb128 0x13
 812 0073 38       		.uleb128 0x38
 813 0074 05       		.uleb128 0x5
 814 0075 00       		.byte	0
 815 0076 00       		.byte	0
 816 0077 0A       		.uleb128 0xa
 817 0078 01       		.uleb128 0x1
 818 0079 01       		.byte	0x1
 819 007a 49       		.uleb128 0x49
 820 007b 13       		.uleb128 0x13
 821 007c 01       		.uleb128 0x1
 822 007d 13       		.uleb128 0x13
 823 007e 00       		.byte	0
 824 007f 00       		.byte	0
 825 0080 0B       		.uleb128 0xb
 826 0081 21       		.uleb128 0x21
 827 0082 00       		.byte	0
 828 0083 49       		.uleb128 0x49
 829 0084 13       		.uleb128 0x13
 830 0085 2F       		.uleb128 0x2f
 831 0086 0B       		.uleb128 0xb
 832 0087 00       		.byte	0
 833 0088 00       		.byte	0
 834 0089 0C       		.uleb128 0xc
 835 008a 21       		.uleb128 0x21
 836 008b 00       		.byte	0
 837 008c 49       		.uleb128 0x49
 838 008d 13       		.uleb128 0x13
 839 008e 2F       		.uleb128 0x2f
 840 008f 05       		.uleb128 0x5
 841 0090 00       		.byte	0
 842 0091 00       		.byte	0
 843 0092 0D       		.uleb128 0xd
 844 0093 13       		.uleb128 0x13
 845 0094 01       		.byte	0x1
 846 0095 0B       		.uleb128 0xb
 847 0096 0B       		.uleb128 0xb
 848 0097 3A       		.uleb128 0x3a
 849 0098 0B       		.uleb128 0xb
 850 0099 3B       		.uleb128 0x3b
 851 009a 0B       		.uleb128 0xb
ARM GAS  /tmp/ccRf7uXD.s 			page 16


 852 009b 01       		.uleb128 0x1
 853 009c 13       		.uleb128 0x13
 854 009d 00       		.byte	0
 855 009e 00       		.byte	0
 856 009f 0E       		.uleb128 0xe
 857 00a0 0D       		.uleb128 0xd
 858 00a1 00       		.byte	0
 859 00a2 03       		.uleb128 0x3
 860 00a3 08       		.uleb128 0x8
 861 00a4 3A       		.uleb128 0x3a
 862 00a5 0B       		.uleb128 0xb
 863 00a6 3B       		.uleb128 0x3b
 864 00a7 0B       		.uleb128 0xb
 865 00a8 49       		.uleb128 0x49
 866 00a9 13       		.uleb128 0x13
 867 00aa 38       		.uleb128 0x38
 868 00ab 0B       		.uleb128 0xb
 869 00ac 00       		.byte	0
 870 00ad 00       		.byte	0
 871 00ae 0F       		.uleb128 0xf
 872 00af 2E       		.uleb128 0x2e
 873 00b0 01       		.byte	0x1
 874 00b1 3F       		.uleb128 0x3f
 875 00b2 19       		.uleb128 0x19
 876 00b3 03       		.uleb128 0x3
 877 00b4 0E       		.uleb128 0xe
 878 00b5 3A       		.uleb128 0x3a
 879 00b6 0B       		.uleb128 0xb
 880 00b7 3B       		.uleb128 0x3b
 881 00b8 0B       		.uleb128 0xb
 882 00b9 27       		.uleb128 0x27
 883 00ba 19       		.uleb128 0x19
 884 00bb 11       		.uleb128 0x11
 885 00bc 01       		.uleb128 0x1
 886 00bd 12       		.uleb128 0x12
 887 00be 06       		.uleb128 0x6
 888 00bf 40       		.uleb128 0x40
 889 00c0 18       		.uleb128 0x18
 890 00c1 9742     		.uleb128 0x2117
 891 00c3 19       		.uleb128 0x19
 892 00c4 01       		.uleb128 0x1
 893 00c5 13       		.uleb128 0x13
 894 00c6 00       		.byte	0
 895 00c7 00       		.byte	0
 896 00c8 10       		.uleb128 0x10
 897 00c9 05       		.uleb128 0x5
 898 00ca 00       		.byte	0
 899 00cb 03       		.uleb128 0x3
 900 00cc 08       		.uleb128 0x8
 901 00cd 3A       		.uleb128 0x3a
 902 00ce 0B       		.uleb128 0xb
 903 00cf 3B       		.uleb128 0x3b
 904 00d0 0B       		.uleb128 0xb
 905 00d1 49       		.uleb128 0x49
 906 00d2 13       		.uleb128 0x13
 907 00d3 02       		.uleb128 0x2
 908 00d4 17       		.uleb128 0x17
ARM GAS  /tmp/ccRf7uXD.s 			page 17


 909 00d5 00       		.byte	0
 910 00d6 00       		.byte	0
 911 00d7 11       		.uleb128 0x11
 912 00d8 05       		.uleb128 0x5
 913 00d9 00       		.byte	0
 914 00da 03       		.uleb128 0x3
 915 00db 0E       		.uleb128 0xe
 916 00dc 3A       		.uleb128 0x3a
 917 00dd 0B       		.uleb128 0xb
 918 00de 3B       		.uleb128 0x3b
 919 00df 0B       		.uleb128 0xb
 920 00e0 49       		.uleb128 0x49
 921 00e1 13       		.uleb128 0x13
 922 00e2 02       		.uleb128 0x2
 923 00e3 17       		.uleb128 0x17
 924 00e4 00       		.byte	0
 925 00e5 00       		.byte	0
 926 00e6 12       		.uleb128 0x12
 927 00e7 34       		.uleb128 0x34
 928 00e8 00       		.byte	0
 929 00e9 03       		.uleb128 0x3
 930 00ea 08       		.uleb128 0x8
 931 00eb 3A       		.uleb128 0x3a
 932 00ec 0B       		.uleb128 0xb
 933 00ed 3B       		.uleb128 0x3b
 934 00ee 0B       		.uleb128 0xb
 935 00ef 49       		.uleb128 0x49
 936 00f0 13       		.uleb128 0x13
 937 00f1 02       		.uleb128 0x2
 938 00f2 17       		.uleb128 0x17
 939 00f3 00       		.byte	0
 940 00f4 00       		.byte	0
 941 00f5 13       		.uleb128 0x13
 942 00f6 2E       		.uleb128 0x2e
 943 00f7 01       		.byte	0x1
 944 00f8 3F       		.uleb128 0x3f
 945 00f9 19       		.uleb128 0x19
 946 00fa 03       		.uleb128 0x3
 947 00fb 0E       		.uleb128 0xe
 948 00fc 3A       		.uleb128 0x3a
 949 00fd 0B       		.uleb128 0xb
 950 00fe 3B       		.uleb128 0x3b
 951 00ff 0B       		.uleb128 0xb
 952 0100 27       		.uleb128 0x27
 953 0101 19       		.uleb128 0x19
 954 0102 11       		.uleb128 0x11
 955 0103 01       		.uleb128 0x1
 956 0104 12       		.uleb128 0x12
 957 0105 06       		.uleb128 0x6
 958 0106 40       		.uleb128 0x40
 959 0107 18       		.uleb128 0x18
 960 0108 9742     		.uleb128 0x2117
 961 010a 19       		.uleb128 0x19
 962 010b 00       		.byte	0
 963 010c 00       		.byte	0
 964 010d 00       		.byte	0
 965              		.section	.debug_loc,"",%progbits
ARM GAS  /tmp/ccRf7uXD.s 			page 18


 966              	.Ldebug_loc0:
 967              	.LLST0:
 968 0000 00000000 		.4byte	.LVL0
 969 0004 30000000 		.4byte	.LVL4
 970 0008 0100     		.2byte	0x1
 971 000a 50       		.byte	0x50
 972 000b 30000000 		.4byte	.LVL4
 973 000f 44000000 		.4byte	.LFE7
 974 0013 0400     		.2byte	0x4
 975 0015 F3       		.byte	0xf3
 976 0016 01       		.uleb128 0x1
 977 0017 50       		.byte	0x50
 978 0018 9F       		.byte	0x9f
 979 0019 00000000 		.4byte	0
 980 001d 00000000 		.4byte	0
 981              	.LLST1:
 982 0021 00000000 		.4byte	.LVL0
 983 0025 1E000000 		.4byte	.LVL2
 984 0029 0100     		.2byte	0x1
 985 002b 51       		.byte	0x51
 986 002c 1E000000 		.4byte	.LVL2
 987 0030 44000000 		.4byte	.LFE7
 988 0034 0400     		.2byte	0x4
 989 0036 F3       		.byte	0xf3
 990 0037 01       		.uleb128 0x1
 991 0038 51       		.byte	0x51
 992 0039 9F       		.byte	0x9f
 993 003a 00000000 		.4byte	0
 994 003e 00000000 		.4byte	0
 995              	.LLST2:
 996 0042 00000000 		.4byte	.LVL0
 997 0046 16000000 		.4byte	.LVL1
 998 004a 0700     		.2byte	0x7
 999 004c 70       		.byte	0x70
 1000 004d 00       		.sleb128 0
 1001 004e 33       		.byte	0x33
 1002 004f 1A       		.byte	0x1a
 1003 0050 33       		.byte	0x33
 1004 0051 24       		.byte	0x24
 1005 0052 9F       		.byte	0x9f
 1006 0053 16000000 		.4byte	.LVL1
 1007 0057 20000000 		.4byte	.LVL3
 1008 005b 0100     		.2byte	0x1
 1009 005d 54       		.byte	0x54
 1010 005e 20000000 		.4byte	.LVL3
 1011 0062 30000000 		.4byte	.LVL4
 1012 0066 0700     		.2byte	0x7
 1013 0068 70       		.byte	0x70
 1014 0069 00       		.sleb128 0
 1015 006a 33       		.byte	0x33
 1016 006b 1A       		.byte	0x1a
 1017 006c 33       		.byte	0x33
 1018 006d 24       		.byte	0x24
 1019 006e 9F       		.byte	0x9f
 1020 006f 30000000 		.4byte	.LVL4
 1021 0073 44000000 		.4byte	.LFE7
 1022 0077 0800     		.2byte	0x8
ARM GAS  /tmp/ccRf7uXD.s 			page 19


 1023 0079 F3       		.byte	0xf3
 1024 007a 01       		.uleb128 0x1
 1025 007b 50       		.byte	0x50
 1026 007c 33       		.byte	0x33
 1027 007d 1A       		.byte	0x1a
 1028 007e 33       		.byte	0x33
 1029 007f 24       		.byte	0x24
 1030 0080 9F       		.byte	0x9f
 1031 0081 00000000 		.4byte	0
 1032 0085 00000000 		.4byte	0
 1033              	.LLST3:
 1034 0089 00000000 		.4byte	.LVL5
 1035 008d 24000000 		.4byte	.LVL6
 1036 0091 0100     		.2byte	0x1
 1037 0093 50       		.byte	0x50
 1038 0094 24000000 		.4byte	.LVL6
 1039 0098 38000000 		.4byte	.LFE8
 1040 009c 0400     		.2byte	0x4
 1041 009e F3       		.byte	0xf3
 1042 009f 01       		.uleb128 0x1
 1043 00a0 50       		.byte	0x50
 1044 00a1 9F       		.byte	0x9f
 1045 00a2 00000000 		.4byte	0
 1046 00a6 00000000 		.4byte	0
 1047              	.LLST4:
 1048 00aa 00000000 		.4byte	.LVL5
 1049 00ae 24000000 		.4byte	.LVL6
 1050 00b2 0700     		.2byte	0x7
 1051 00b4 70       		.byte	0x70
 1052 00b5 00       		.sleb128 0
 1053 00b6 33       		.byte	0x33
 1054 00b7 1A       		.byte	0x1a
 1055 00b8 33       		.byte	0x33
 1056 00b9 24       		.byte	0x24
 1057 00ba 9F       		.byte	0x9f
 1058 00bb 24000000 		.4byte	.LVL6
 1059 00bf 28000000 		.4byte	.LVL7
 1060 00c3 0800     		.2byte	0x8
 1061 00c5 F3       		.byte	0xf3
 1062 00c6 01       		.uleb128 0x1
 1063 00c7 50       		.byte	0x50
 1064 00c8 33       		.byte	0x33
 1065 00c9 1A       		.byte	0x1a
 1066 00ca 33       		.byte	0x33
 1067 00cb 24       		.byte	0x24
 1068 00cc 9F       		.byte	0x9f
 1069 00cd 28000000 		.4byte	.LVL7
 1070 00d1 38000000 		.4byte	.LFE8
 1071 00d5 0100     		.2byte	0x1
 1072 00d7 50       		.byte	0x50
 1073 00d8 00000000 		.4byte	0
 1074 00dc 00000000 		.4byte	0
 1075              	.LLST5:
 1076 00e0 00000000 		.4byte	.LVL8
 1077 00e4 0E000000 		.4byte	.LVL9
 1078 00e8 0100     		.2byte	0x1
 1079 00ea 50       		.byte	0x50
ARM GAS  /tmp/ccRf7uXD.s 			page 20


 1080 00eb 0E000000 		.4byte	.LVL9
 1081 00ef 28000000 		.4byte	.LFE9
 1082 00f3 0400     		.2byte	0x4
 1083 00f5 F3       		.byte	0xf3
 1084 00f6 01       		.uleb128 0x1
 1085 00f7 50       		.byte	0x50
 1086 00f8 9F       		.byte	0x9f
 1087 00f9 00000000 		.4byte	0
 1088 00fd 00000000 		.4byte	0
 1089              	.LLST6:
 1090 0101 00000000 		.4byte	.LVL8
 1091 0105 1A000000 		.4byte	.LVL11
 1092 0109 0100     		.2byte	0x1
 1093 010b 51       		.byte	0x51
 1094 010c 1A000000 		.4byte	.LVL11
 1095 0110 28000000 		.4byte	.LFE9
 1096 0114 0400     		.2byte	0x4
 1097 0116 F3       		.byte	0xf3
 1098 0117 01       		.uleb128 0x1
 1099 0118 51       		.byte	0x51
 1100 0119 9F       		.byte	0x9f
 1101 011a 00000000 		.4byte	0
 1102 011e 00000000 		.4byte	0
 1103              	.LLST7:
 1104 0122 00000000 		.4byte	.LVL8
 1105 0126 0E000000 		.4byte	.LVL9
 1106 012a 0700     		.2byte	0x7
 1107 012c 70       		.byte	0x70
 1108 012d 00       		.sleb128 0
 1109 012e 33       		.byte	0x33
 1110 012f 1A       		.byte	0x1a
 1111 0130 33       		.byte	0x33
 1112 0131 24       		.byte	0x24
 1113 0132 9F       		.byte	0x9f
 1114 0133 0E000000 		.4byte	.LVL9
 1115 0137 12000000 		.4byte	.LVL10
 1116 013b 0800     		.2byte	0x8
 1117 013d F3       		.byte	0xf3
 1118 013e 01       		.uleb128 0x1
 1119 013f 50       		.byte	0x50
 1120 0140 33       		.byte	0x33
 1121 0141 1A       		.byte	0x1a
 1122 0142 33       		.byte	0x33
 1123 0143 24       		.byte	0x24
 1124 0144 9F       		.byte	0x9f
 1125 0145 12000000 		.4byte	.LVL10
 1126 0149 1C000000 		.4byte	.LVL12
 1127 014d 0100     		.2byte	0x1
 1128 014f 50       		.byte	0x50
 1129 0150 1C000000 		.4byte	.LVL12
 1130 0154 28000000 		.4byte	.LFE9
 1131 0158 0800     		.2byte	0x8
 1132 015a F3       		.byte	0xf3
 1133 015b 01       		.uleb128 0x1
 1134 015c 50       		.byte	0x50
 1135 015d 33       		.byte	0x33
 1136 015e 1A       		.byte	0x1a
ARM GAS  /tmp/ccRf7uXD.s 			page 21


 1137 015f 33       		.byte	0x33
 1138 0160 24       		.byte	0x24
 1139 0161 9F       		.byte	0x9f
 1140 0162 00000000 		.4byte	0
 1141 0166 00000000 		.4byte	0
 1142              		.section	.debug_aranges,"",%progbits
 1143 0000 2C000000 		.4byte	0x2c
 1144 0004 0200     		.2byte	0x2
 1145 0006 00000000 		.4byte	.Ldebug_info0
 1146 000a 04       		.byte	0x4
 1147 000b 00       		.byte	0
 1148 000c 0000     		.2byte	0
 1149 000e 0000     		.2byte	0
 1150 0010 00000000 		.4byte	.LFB7
 1151 0014 44000000 		.4byte	.LFE7-.LFB7
 1152 0018 00000000 		.4byte	.LFB8
 1153 001c 38000000 		.4byte	.LFE8-.LFB8
 1154 0020 00000000 		.4byte	.LFB9
 1155 0024 28000000 		.4byte	.LFE9-.LFB9
 1156 0028 00000000 		.4byte	0
 1157 002c 00000000 		.4byte	0
 1158              		.section	.debug_ranges,"",%progbits
 1159              	.Ldebug_ranges0:
 1160 0000 00000000 		.4byte	.LFB7
 1161 0004 44000000 		.4byte	.LFE7
 1162 0008 00000000 		.4byte	.LFB8
 1163 000c 38000000 		.4byte	.LFE8
 1164 0010 00000000 		.4byte	.LFB9
 1165 0014 28000000 		.4byte	.LFE9
 1166 0018 00000000 		.4byte	0
 1167 001c 00000000 		.4byte	0
 1168              		.section	.debug_line,"",%progbits
 1169              	.Ldebug_line0:
 1170 0000 F7000000 		.section	.debug_str,"MS",%progbits,1
 1170      0200A200 
 1170      00000201 
 1170      FB0E0D00 
 1170      01010101 
 1171              	.LASF43:
 1172 0000 7072696F 		.ascii	"prio\000"
 1172      00
 1173              	.LASF19:
 1174 0005 49435052 		.ascii	"ICPR\000"
 1174      00
 1175              	.LASF39:
 1176 000a 4D4D4652 		.ascii	"MMFR\000"
 1176      00
 1177              	.LASF48:
 1178 000f 2E2E2F2E 		.ascii	"../../os/ports/common/ARMCMx/nvic.c\000"
 1178      2E2F6F73 
 1178      2F706F72 
 1178      74732F63 
 1178      6F6D6D6F 
 1179              	.LASF45:
 1180 0033 6E766963 		.ascii	"nvicDisableVector\000"
 1180      44697361 
 1180      626C6556 
ARM GAS  /tmp/ccRf7uXD.s 			page 22


 1180      6563746F 
 1180      7200
 1181              	.LASF26:
 1182 0045 434D785F 		.ascii	"CMx_NVIC\000"
 1182      4E564943 
 1182      00
 1183              	.LASF29:
 1184 004e 56544F52 		.ascii	"VTOR\000"
 1184      00
 1185              	.LASF3:
 1186 0053 73686F72 		.ascii	"short int\000"
 1186      7420696E 
 1186      7400
 1187              	.LASF11:
 1188 005d 5F426F6F 		.ascii	"_Bool\000"
 1188      6C00
 1189              	.LASF15:
 1190 0063 49434552 		.ascii	"ICER\000"
 1190      00
 1191              	.LASF12:
 1192 0068 494F5245 		.ascii	"IOREG32\000"
 1192      47333200 
 1193              	.LASF2:
 1194 0070 756E7369 		.ascii	"unsigned char\000"
 1194      676E6564 
 1194      20636861 
 1194      7200
 1195              	.LASF14:
 1196 007e 756E7573 		.ascii	"unused1\000"
 1196      65643100 
 1197              	.LASF16:
 1198 0086 756E7573 		.ascii	"unused2\000"
 1198      65643200 
 1199              	.LASF18:
 1200 008e 756E7573 		.ascii	"unused3\000"
 1200      65643300 
 1201              	.LASF20:
 1202 0096 756E7573 		.ascii	"unused4\000"
 1202      65643400 
 1203              	.LASF22:
 1204 009e 756E7573 		.ascii	"unused5\000"
 1204      65643500 
 1205              	.LASF23:
 1206 00a6 756E7573 		.ascii	"unused6\000"
 1206      65643600 
 1207              	.LASF4:
 1208 00ae 73686F72 		.ascii	"short unsigned int\000"
 1208      7420756E 
 1208      7369676E 
 1208      65642069 
 1208      6E7400
 1209              	.LASF33:
 1210 00c1 43465352 		.ascii	"CFSR\000"
 1210      00
 1211              	.LASF34:
 1212 00c6 48465352 		.ascii	"HFSR\000"
 1212      00
ARM GAS  /tmp/ccRf7uXD.s 			page 23


 1213              	.LASF6:
 1214 00cb 6C6F6E67 		.ascii	"long unsigned int\000"
 1214      20756E73 
 1214      69676E65 
 1214      6420696E 
 1214      7400
 1215              	.LASF40:
 1216 00dd 43504143 		.ascii	"CPACR\000"
 1216      5200
 1217              	.LASF24:
 1218 00e3 53544952 		.ascii	"STIR\000"
 1218      00
 1219              	.LASF9:
 1220 00e8 5F5F7569 		.ascii	"__uint32_t\000"
 1220      6E743332 
 1220      5F7400
 1221              	.LASF0:
 1222 00f3 756E7369 		.ascii	"unsigned int\000"
 1222      676E6564 
 1222      20696E74 
 1222      00
 1223              	.LASF17:
 1224 0100 49535052 		.ascii	"ISPR\000"
 1224      00
 1225              	.LASF35:
 1226 0105 44465352 		.ascii	"DFSR\000"
 1226      00
 1227              	.LASF8:
 1228 010a 6C6F6E67 		.ascii	"long long unsigned int\000"
 1228      206C6F6E 
 1228      6720756E 
 1228      7369676E 
 1228      65642069 
 1229              	.LASF28:
 1230 0121 49435352 		.ascii	"ICSR\000"
 1230      00
 1231              	.LASF49:
 1232 0126 2F686F6D 		.ascii	"/home/ece497/vbox-shared/mplayer/ChibiOS-RT-stable_"
 1232      652F6563 
 1232      65343937 
 1232      2F76626F 
 1232      782D7368 
 1233 0159 322E362E 		.ascii	"2.6.x/demos/ARMCM0-STM32F051-DISCOVERY\000"
 1233      782F6465 
 1233      6D6F732F 
 1233      41524D43 
 1233      4D302D53 
 1234              	.LASF41:
 1235 0180 434D785F 		.ascii	"CMx_SCB\000"
 1235      53434200 
 1236              	.LASF30:
 1237 0188 41495243 		.ascii	"AIRCR\000"
 1237      5200
 1238              	.LASF37:
 1239 018e 42464152 		.ascii	"BFAR\000"
 1239      00
 1240              	.LASF46:
ARM GAS  /tmp/ccRf7uXD.s 			page 24


 1241 0193 68616E64 		.ascii	"handler\000"
 1241      6C657200 
 1242              	.LASF25:
 1243 019b 73697A65 		.ascii	"sizetype\000"
 1243      74797065 
 1243      00
 1244              	.LASF7:
 1245 01a4 6C6F6E67 		.ascii	"long long int\000"
 1245      206C6F6E 
 1245      6720696E 
 1245      7400
 1246              	.LASF27:
 1247 01b2 43505549 		.ascii	"CPUID\000"
 1247      4400
 1248              	.LASF42:
 1249 01b8 63686172 		.ascii	"char\000"
 1249      00
 1250              	.LASF47:
 1251 01bd 474E5520 		.ascii	"GNU C 4.8.2 -mcpu=cortex-m0 -mno-thumb-interwork -m"
 1251      4320342E 
 1251      382E3220 
 1251      2D6D6370 
 1251      753D636F 
 1252 01f0 7468756D 		.ascii	"thumb -ggdb -O2 -fomit-frame-pointer -falign-functi"
 1252      62202D67 
 1252      67646220 
 1252      2D4F3220 
 1252      2D666F6D 
 1253 0223 6F6E733D 		.ascii	"ons=16 -ffunction-sections -fdata-sections -fno-com"
 1253      3136202D 
 1253      6666756E 
 1253      6374696F 
 1253      6E2D7365 
 1254 0256 6D6F6E00 		.ascii	"mon\000"
 1255              	.LASF13:
 1256 025a 49534552 		.ascii	"ISER\000"
 1256      00
 1257              	.LASF38:
 1258 025f 41465352 		.ascii	"AFSR\000"
 1258      00
 1259              	.LASF36:
 1260 0264 4D4D4641 		.ascii	"MMFAR\000"
 1260      5200
 1261              	.LASF32:
 1262 026a 53484353 		.ascii	"SHCSR\000"
 1262      5200
 1263              	.LASF10:
 1264 0270 75696E74 		.ascii	"uint32_t\000"
 1264      33325F74 
 1264      00
 1265              	.LASF5:
 1266 0279 6C6F6E67 		.ascii	"long int\000"
 1266      20696E74 
 1266      00
 1267              	.LASF31:
 1268 0282 53485052 		.ascii	"SHPR\000"
 1268      00
ARM GAS  /tmp/ccRf7uXD.s 			page 25


 1269              	.LASF1:
 1270 0287 7369676E 		.ascii	"signed char\000"
 1270      65642063 
 1270      68617200 
 1271              	.LASF50:
 1272 0293 6E766963 		.ascii	"nvicSetSystemHandlerPriority\000"
 1272      53657453 
 1272      79737465 
 1272      6D48616E 
 1272      646C6572 
 1273              	.LASF21:
 1274 02b0 49414252 		.ascii	"IABR\000"
 1274      00
 1275              	.LASF44:
 1276 02b5 6E766963 		.ascii	"nvicEnableVector\000"
 1276      456E6162 
 1276      6C655665 
 1276      63746F72 
 1276      00
 1277              		.ident	"GCC: (Arch Repository) 4.8.2"
ARM GAS  /tmp/ccRf7uXD.s 			page 26


DEFINED SYMBOLS
                            *ABS*:0000000000000000 nvic.c
     /tmp/ccRf7uXD.s:18     .text.nvicEnableVector:0000000000000000 $t
     /tmp/ccRf7uXD.s:24     .text.nvicEnableVector:0000000000000000 nvicEnableVector
     /tmp/ccRf7uXD.s:87     .text.nvicEnableVector:0000000000000040 $d
     /tmp/ccRf7uXD.s:92     .text.nvicDisableVector:0000000000000000 $t
     /tmp/ccRf7uXD.s:98     .text.nvicDisableVector:0000000000000000 nvicDisableVector
     /tmp/ccRf7uXD.s:148    .text.nvicDisableVector:0000000000000034 $d
     /tmp/ccRf7uXD.s:153    .text.nvicSetSystemHandlerPriority:0000000000000000 $t
     /tmp/ccRf7uXD.s:159    .text.nvicSetSystemHandlerPriority:0000000000000000 nvicSetSystemHandlerPriority
     /tmp/ccRf7uXD.s:202    .text.nvicSetSystemHandlerPriority:0000000000000024 $d
                     .debug_frame:0000000000000010 $d
     /tmp/ccRf7uXD.s:91     .text.nvicEnableVector:0000000000000044 $t
     /tmp/ccRf7uXD.s:152    .text.nvicDisableVector:0000000000000038 $t
     /tmp/ccRf7uXD.s:206    .text.nvicSetSystemHandlerPriority:0000000000000028 $t

NO UNDEFINED SYMBOLS
