ARM GAS  /tmp/ccCrXa88.s 			page 1


   1              		.cpu cortex-m0
   2              		.fpu softvfp
   3              		.eabi_attribute 20, 1
   4              		.eabi_attribute 21, 1
   5              		.eabi_attribute 23, 3
   6              		.eabi_attribute 24, 1
   7              		.eabi_attribute 25, 1
   8              		.eabi_attribute 26, 1
   9              		.eabi_attribute 30, 2
  10              		.eabi_attribute 34, 0
  11              		.eabi_attribute 18, 4
  12              		.code	16
  13              		.file	"pal_lld.c"
  14              		.text
  15              	.Ltext0:
  16              		.cfi_sections	.debug_frame
  17              		.section	.text._pal_lld_init,"ax",%progbits
  18              		.align	2
  19              		.p2align 4,,15
  20              		.global	_pal_lld_init
  21              		.code	16
  22              		.thumb_func
  23              		.type	_pal_lld_init, %function
  24              	_pal_lld_init:
  25              	.LFB41:
  26              		.file 1 "../../os/hal/platforms/STM32/GPIOv2/pal_lld.c"
  27              		.loc 1 113 0
  28              		.cfi_startproc
  29              	.LVL0:
  30              		.loc 1 122 0
  31 0000 2A4B     		ldr	r3, .L2
  32 0002 BC22     		mov	r2, #188
  33 0004 5969     		ldr	r1, [r3, #20]
  34 0006 D203     		lsl	r2, r2, #15
  35 0008 0A43     		orr	r2, r1
  36 000a 5A61     		str	r2, [r3, #20]
  37              	.LVL1:
  38              	.LBB12:
  39              	.LBB13:
  40              		.loc 1 88 0
  41 000c 4268     		ldr	r2, [r0, #4]
  42 000e 9023     		mov	r3, #144
  43 0010 DB05     		lsl	r3, r3, #23
  44 0012 5A60     		str	r2, [r3, #4]
  45              		.loc 1 89 0
  46 0014 8268     		ldr	r2, [r0, #8]
  47              	.LBE13:
  48              	.LBE12:
  49              		.loc 1 160 0
  50              		@ sp needed
  51              	.LBB15:
  52              	.LBB14:
  53              		.loc 1 89 0
  54 0016 9A60     		str	r2, [r3, #8]
  55              		.loc 1 90 0
  56 0018 C268     		ldr	r2, [r0, #12]
  57 001a DA60     		str	r2, [r3, #12]
ARM GAS  /tmp/ccCrXa88.s 			page 2


  58              		.loc 1 91 0
  59 001c 0269     		ldr	r2, [r0, #16]
  60 001e 5A61     		str	r2, [r3, #20]
  61              		.loc 1 92 0
  62 0020 4269     		ldr	r2, [r0, #20]
  63 0022 1A62     		str	r2, [r3, #32]
  64              		.loc 1 93 0
  65 0024 8269     		ldr	r2, [r0, #24]
  66 0026 5A62     		str	r2, [r3, #36]
  67              		.loc 1 94 0
  68 0028 0268     		ldr	r2, [r0]
  69 002a 1A60     		str	r2, [r3]
  70              	.LVL2:
  71              	.LBE14:
  72              	.LBE15:
  73              	.LBB16:
  74              	.LBB17:
  75              		.loc 1 88 0
  76 002c 026A     		ldr	r2, [r0, #32]
  77 002e 204B     		ldr	r3, .L2+4
  78 0030 5A60     		str	r2, [r3, #4]
  79              		.loc 1 89 0
  80 0032 426A     		ldr	r2, [r0, #36]
  81 0034 9A60     		str	r2, [r3, #8]
  82              		.loc 1 90 0
  83 0036 826A     		ldr	r2, [r0, #40]
  84 0038 DA60     		str	r2, [r3, #12]
  85              		.loc 1 91 0
  86 003a C26A     		ldr	r2, [r0, #44]
  87 003c 5A61     		str	r2, [r3, #20]
  88              		.loc 1 92 0
  89 003e 026B     		ldr	r2, [r0, #48]
  90 0040 1A62     		str	r2, [r3, #32]
  91              		.loc 1 93 0
  92 0042 426B     		ldr	r2, [r0, #52]
  93 0044 5A62     		str	r2, [r3, #36]
  94              		.loc 1 94 0
  95 0046 C269     		ldr	r2, [r0, #28]
  96 0048 1A60     		str	r2, [r3]
  97              	.LVL3:
  98              	.LBE17:
  99              	.LBE16:
 100              	.LBB18:
 101              	.LBB19:
 102              		.loc 1 88 0
 103 004a C26B     		ldr	r2, [r0, #60]
 104 004c 194B     		ldr	r3, .L2+8
 105 004e 5A60     		str	r2, [r3, #4]
 106              		.loc 1 89 0
 107 0050 026C     		ldr	r2, [r0, #64]
 108 0052 9A60     		str	r2, [r3, #8]
 109              		.loc 1 90 0
 110 0054 426C     		ldr	r2, [r0, #68]
 111 0056 DA60     		str	r2, [r3, #12]
 112              		.loc 1 91 0
 113 0058 826C     		ldr	r2, [r0, #72]
 114 005a 5A61     		str	r2, [r3, #20]
ARM GAS  /tmp/ccCrXa88.s 			page 3


 115              		.loc 1 92 0
 116 005c C26C     		ldr	r2, [r0, #76]
 117 005e 1A62     		str	r2, [r3, #32]
 118              		.loc 1 93 0
 119 0060 026D     		ldr	r2, [r0, #80]
 120 0062 5A62     		str	r2, [r3, #36]
 121              		.loc 1 94 0
 122 0064 826B     		ldr	r2, [r0, #56]
 123 0066 1A60     		str	r2, [r3]
 124              	.LVL4:
 125              	.LBE19:
 126              	.LBE18:
 127              	.LBB20:
 128              	.LBB21:
 129              		.loc 1 88 0
 130 0068 826D     		ldr	r2, [r0, #88]
 131 006a 134B     		ldr	r3, .L2+12
 132 006c 5A60     		str	r2, [r3, #4]
 133              		.loc 1 89 0
 134 006e C26D     		ldr	r2, [r0, #92]
 135 0070 9A60     		str	r2, [r3, #8]
 136              		.loc 1 90 0
 137 0072 026E     		ldr	r2, [r0, #96]
 138 0074 DA60     		str	r2, [r3, #12]
 139              		.loc 1 91 0
 140 0076 426E     		ldr	r2, [r0, #100]
 141 0078 5A61     		str	r2, [r3, #20]
 142              		.loc 1 92 0
 143 007a 826E     		ldr	r2, [r0, #104]
 144 007c 1A62     		str	r2, [r3, #32]
 145              		.loc 1 93 0
 146 007e C26E     		ldr	r2, [r0, #108]
 147 0080 5A62     		str	r2, [r3, #36]
 148              		.loc 1 94 0
 149 0082 426D     		ldr	r2, [r0, #84]
 150 0084 1A60     		str	r2, [r3]
 151              	.LVL5:
 152              	.LBE21:
 153              	.LBE20:
 154              	.LBB22:
 155              	.LBB23:
 156              		.loc 1 88 0
 157 0086 426F     		ldr	r2, [r0, #116]
 158 0088 0C4B     		ldr	r3, .L2+16
 159 008a 5A60     		str	r2, [r3, #4]
 160              		.loc 1 89 0
 161 008c 826F     		ldr	r2, [r0, #120]
 162 008e 9A60     		str	r2, [r3, #8]
 163              		.loc 1 90 0
 164 0090 C26F     		ldr	r2, [r0, #124]
 165 0092 DA60     		str	r2, [r3, #12]
 166              		.loc 1 91 0
 167 0094 8022     		mov	r2, #128
 168 0096 8258     		ldr	r2, [r0, r2]
 169 0098 5A61     		str	r2, [r3, #20]
 170              		.loc 1 92 0
 171 009a 8422     		mov	r2, #132
ARM GAS  /tmp/ccCrXa88.s 			page 4


 172 009c 8258     		ldr	r2, [r0, r2]
 173 009e 1A62     		str	r2, [r3, #32]
 174              		.loc 1 93 0
 175 00a0 8822     		mov	r2, #136
 176 00a2 8258     		ldr	r2, [r0, r2]
 177 00a4 5A62     		str	r2, [r3, #36]
 178              		.loc 1 94 0
 179 00a6 026F     		ldr	r2, [r0, #112]
 180 00a8 1A60     		str	r2, [r3]
 181              	.LBE23:
 182              	.LBE22:
 183              		.loc 1 160 0
 184 00aa 7047     		bx	lr
 185              	.L3:
 186              		.align	2
 187              	.L2:
 188 00ac 00100240 		.word	1073876992
 189 00b0 00040048 		.word	1207960576
 190 00b4 00080048 		.word	1207961600
 191 00b8 000C0048 		.word	1207962624
 192 00bc 00140048 		.word	1207964672
 193              		.cfi_endproc
 194              	.LFE41:
 195              		.size	_pal_lld_init, .-_pal_lld_init
 196              		.section	.text._pal_lld_setgroupmode,"ax",%progbits
 197              		.align	2
 198              		.p2align 4,,15
 199              		.global	_pal_lld_setgroupmode
 200              		.code	16
 201              		.thumb_func
 202              		.type	_pal_lld_setgroupmode, %function
 203              	_pal_lld_setgroupmode:
 204              	.LFB42:
 205              		.loc 1 178 0
 206              		.cfi_startproc
 207              	.LVL6:
 208 0000 F0B5     		push	{r4, r5, r6, r7, lr}
 209              		.cfi_def_cfa_offset 20
 210              		.cfi_offset 4, -20
 211              		.cfi_offset 5, -16
 212              		.cfi_offset 6, -12
 213              		.cfi_offset 7, -8
 214              		.cfi_offset 14, -4
 215 0002 5646     		mov	r6, r10
 216 0004 4D46     		mov	r5, r9
 217 0006 5F46     		mov	r7, fp
 218 0008 4446     		mov	r4, r8
 219 000a F0B4     		push	{r4, r5, r6, r7}
 220              		.cfi_def_cfa_offset 36
 221              		.cfi_offset 8, -36
 222              		.cfi_offset 9, -32
 223              		.cfi_offset 10, -28
 224              		.cfi_offset 11, -24
 225              		.loc 1 180 0
 226 000c 0327     		mov	r7, #3
 227              		.loc 1 181 0
 228 000e 5607     		lsl	r6, r2, #29
ARM GAS  /tmp/ccCrXa88.s 			page 5


 229              		.loc 1 182 0
 230 0010 D506     		lsl	r5, r2, #27
 231              		.loc 1 183 0
 232 0012 5406     		lsl	r4, r2, #25
 233              		.loc 1 180 0
 234 0014 1740     		and	r7, r2
 235              	.LVL7:
 236              		.loc 1 184 0
 237 0016 5205     		lsl	r2, r2, #21
 238              	.LVL8:
 239 0018 120F     		lsr	r2, r2, #28
 240              	.LBB24:
 241              		.loc 1 190 0
 242 001a 0723     		mov	r3, #7
 243              	.LBE24:
 244              		.loc 1 178 0
 245 001c 83B0     		sub	sp, sp, #12
 246              		.cfi_def_cfa_offset 48
 247              		.loc 1 183 0
 248 001e A40F     		lsr	r4, r4, #30
 249              		.loc 1 184 0
 250 0020 9246     		mov	r10, r2
 251              		.loc 1 185 0
 252 0022 0022     		mov	r2, #0
 253              	.LBB25:
 254              		.loc 1 190 0
 255 0024 9946     		mov	r9, r3
 256              	.LBE25:
 257              		.loc 1 181 0
 258 0026 F60F     		lsr	r6, r6, #31
 259              	.LVL9:
 260              		.loc 1 182 0
 261 0028 AD0F     		lsr	r5, r5, #30
 262              	.LVL10:
 263              	.LBB26:
 264              		.loc 1 198 0
 265 002a 0194     		str	r4, [sp, #4]
 266 002c 131C     		mov	r3, r2
 267 002e 2BE0     		b	.L9
 268              	.LVL11:
 269              	.L14:
 270              		.loc 1 193 0
 271 0030 026A     		ldr	r2, [r0, #32]
 272 0032 A243     		bic	r2, r4
 273 0034 4446     		mov	r4, r8
 274              	.LVL12:
 275 0036 2243     		orr	r2, r4
 276 0038 0262     		str	r2, [r0, #32]
 277              	.L7:
 278              	.LVL13:
 279              		.loc 1 197 0
 280 003a 4468     		ldr	r4, [r0, #4]
 281              		.loc 1 196 0
 282 003c 0122     		mov	r2, #1
 283 003e 9A40     		lsl	r2, r2, r3
 284              	.LVL14:
 285              		.loc 1 197 0
ARM GAS  /tmp/ccCrXa88.s 			page 6


 286 0040 9443     		bic	r4, r2
 287 0042 3443     		orr	r4, r6
 288 0044 4460     		str	r4, [r0, #4]
 289              	.LVL15:
 290              		.loc 1 199 0
 291 0046 8268     		ldr	r2, [r0, #8]
 292              	.LVL16:
 293 0048 5C00     		lsl	r4, r3, #1
 294 004a 9046     		mov	r8, r2
 295              	.LVL17:
 296              		.loc 1 198 0
 297 004c 0322     		mov	r2, #3
 298 004e A240     		lsl	r2, r2, r4
 299              	.LVL18:
 300              		.loc 1 199 0
 301 0050 D243     		mvn	r2, r2
 302              	.LVL19:
 303 0052 4446     		mov	r4, r8
 304 0054 1440     		and	r4, r2
 305 0056 2C43     		orr	r4, r5
 306 0058 8460     		str	r4, [r0, #8]
 307 005a 9446     		mov	ip, r2
 308              	.LVL20:
 309              		.loc 1 200 0
 310 005c C268     		ldr	r2, [r0, #12]
 311              	.LVL21:
 312 005e 141C     		mov	r4, r2
 313 0060 6246     		mov	r2, ip
 314 0062 1440     		and	r4, r2
 315 0064 019A     		ldr	r2, [sp, #4]
 316 0066 1443     		orr	r4, r2
 317 0068 C460     		str	r4, [r0, #12]
 318              		.loc 1 201 0
 319 006a 0468     		ldr	r4, [r0]
 320 006c 221C     		mov	r2, r4
 321 006e 6446     		mov	r4, ip
 322 0070 2240     		and	r2, r4
 323 0072 3A43     		orr	r2, r7
 324 0074 0260     		str	r2, [r0]
 325              	.LVL22:
 326              	.L5:
 327              	.LBE26:
 328              		.loc 1 203 0
 329 0076 4908     		lsr	r1, r1, #1
 330              	.LVL23:
 331              		.loc 1 204 0
 332 0078 1CD0     		beq	.L4
 333              		.loc 1 208 0
 334 007a 019A     		ldr	r2, [sp, #4]
 335              		.loc 1 206 0
 336 007c 7600     		lsl	r6, r6, #1
 337              	.LVL24:
 338              		.loc 1 208 0
 339 007e 9200     		lsl	r2, r2, #2
 340              		.loc 1 207 0
 341 0080 AD00     		lsl	r5, r5, #2
 342              	.LVL25:
ARM GAS  /tmp/ccCrXa88.s 			page 7


 343              		.loc 1 208 0
 344 0082 0192     		str	r2, [sp, #4]
 345              	.LVL26:
 346              		.loc 1 209 0
 347 0084 BF00     		lsl	r7, r7, #2
 348              	.LVL27:
 349              		.loc 1 210 0
 350 0086 0133     		add	r3, r3, #1
 351              	.LVL28:
 352              	.L9:
 353              		.loc 1 187 0
 354 0088 0124     		mov	r4, #1
 355 008a 0C42     		tst	r4, r1
 356 008c F3D0     		beq	.L5
 357              	.LBB27:
 358              		.loc 1 190 0
 359 008e 4A46     		mov	r2, r9
 360 0090 1A40     		and	r2, r3
 361 0092 9200     		lsl	r2, r2, #2
 362 0094 5446     		mov	r4, r10
 363 0096 9440     		lsl	r4, r4, r2
 364 0098 A046     		mov	r8, r4
 365              	.LVL29:
 366              		.loc 1 191 0
 367 009a 0F24     		mov	r4, #15
 368              	.LVL30:
 369 009c 9440     		lsl	r4, r4, r2
 370 009e A446     		mov	ip, r4
 371              	.LVL31:
 372              		.loc 1 192 0
 373 00a0 072B     		cmp	r3, #7
 374 00a2 C5D9     		bls	.L14
 375              		.loc 1 195 0
 376 00a4 426A     		ldr	r2, [r0, #36]
 377 00a6 141C     		mov	r4, r2
 378              	.LVL32:
 379 00a8 6246     		mov	r2, ip
 380 00aa 9443     		bic	r4, r2
 381 00ac 4246     		mov	r2, r8
 382 00ae 1443     		orr	r4, r2
 383 00b0 4462     		str	r4, [r0, #36]
 384 00b2 C2E7     		b	.L7
 385              	.LVL33:
 386              	.L4:
 387              	.LBE27:
 388              		.loc 1 212 0
 389 00b4 03B0     		add	sp, sp, #12
 390              		@ sp needed
 391              	.LVL34:
 392              	.LVL35:
 393              	.LVL36:
 394              	.LVL37:
 395 00b6 3CBC     		pop	{r2, r3, r4, r5}
 396 00b8 9046     		mov	r8, r2
 397 00ba 9946     		mov	r9, r3
 398 00bc A246     		mov	r10, r4
 399 00be AB46     		mov	fp, r5
ARM GAS  /tmp/ccCrXa88.s 			page 8


 400 00c0 F0BD     		pop	{r4, r5, r6, r7, pc}
 401              		.cfi_endproc
 402              	.LFE42:
 403              		.size	_pal_lld_setgroupmode, .-_pal_lld_setgroupmode
 404 00c2 C046C046 		.text
 404      C046C046 
 404      C046C046 
 404      C046
 405              	.Letext0:
 406              		.file 2 "/usr/arm-none-eabi/include/machine/_default_types.h"
 407              		.file 3 "/usr/arm-none-eabi/include/stdint.h"
 408              		.file 4 "../../os/hal/platforms/STM32F0xx/stm32f0xx.h"
 409              		.file 5 "../../os/hal/platforms/STM32/GPIOv2/pal_lld.h"
 410              		.section	.debug_info,"",%progbits
 411              	.Ldebug_info0:
 412 0000 11050000 		.4byte	0x511
 413 0004 0400     		.2byte	0x4
 414 0006 00000000 		.4byte	.Ldebug_abbrev0
 415 000a 04       		.byte	0x4
 416 000b 01       		.uleb128 0x1
 417 000c 5B020000 		.4byte	.LASF60
 418 0010 01       		.byte	0x1
 419 0011 29030000 		.4byte	.LASF61
 420 0015 E7010000 		.4byte	.LASF62
 421 0019 40000000 		.4byte	.Ldebug_ranges0+0x40
 422 001d 00000000 		.4byte	0
 423 0021 00000000 		.4byte	.Ldebug_line0
 424 0025 02       		.uleb128 0x2
 425 0026 04       		.byte	0x4
 426 0027 05       		.byte	0x5
 427 0028 696E7400 		.ascii	"int\000"
 428 002c 03       		.uleb128 0x3
 429 002d 04       		.byte	0x4
 430 002e 07       		.byte	0x7
 431 002f 6C010000 		.4byte	.LASF0
 432 0033 03       		.uleb128 0x3
 433 0034 01       		.byte	0x1
 434 0035 06       		.byte	0x6
 435 0036 40010000 		.4byte	.LASF1
 436 003a 03       		.uleb128 0x3
 437 003b 01       		.byte	0x1
 438 003c 08       		.byte	0x8
 439 003d 2A010000 		.4byte	.LASF2
 440 0041 03       		.uleb128 0x3
 441 0042 02       		.byte	0x2
 442 0043 05       		.byte	0x5
 443 0044 5B000000 		.4byte	.LASF3
 444 0048 04       		.uleb128 0x4
 445 0049 92000000 		.4byte	.LASF6
 446 004d 02       		.byte	0x2
 447 004e 26       		.byte	0x26
 448 004f 53000000 		.4byte	0x53
 449 0053 03       		.uleb128 0x3
 450 0054 02       		.byte	0x2
 451 0055 07       		.byte	0x7
 452 0056 98010000 		.4byte	.LASF4
 453 005a 03       		.uleb128 0x3
ARM GAS  /tmp/ccCrXa88.s 			page 9


 454 005b 04       		.byte	0x4
 455 005c 05       		.byte	0x5
 456 005d E2000000 		.4byte	.LASF5
 457 0061 04       		.uleb128 0x4
 458 0062 82000000 		.4byte	.LASF7
 459 0066 02       		.byte	0x2
 460 0067 38       		.byte	0x38
 461 0068 6C000000 		.4byte	0x6c
 462 006c 03       		.uleb128 0x3
 463 006d 04       		.byte	0x4
 464 006e 07       		.byte	0x7
 465 006f 49020000 		.4byte	.LASF8
 466 0073 03       		.uleb128 0x3
 467 0074 08       		.byte	0x8
 468 0075 05       		.byte	0x5
 469 0076 C6000000 		.4byte	.LASF9
 470 007a 03       		.uleb128 0x3
 471 007b 08       		.byte	0x8
 472 007c 07       		.byte	0x7
 473 007d 4C010000 		.4byte	.LASF10
 474 0081 04       		.uleb128 0x4
 475 0082 BD010000 		.4byte	.LASF11
 476 0086 03       		.byte	0x3
 477 0087 36       		.byte	0x36
 478 0088 48000000 		.4byte	0x48
 479 008c 04       		.uleb128 0x4
 480 008d 63010000 		.4byte	.LASF12
 481 0091 03       		.byte	0x3
 482 0092 42       		.byte	0x42
 483 0093 61000000 		.4byte	0x61
 484 0097 03       		.uleb128 0x3
 485 0098 01       		.byte	0x1
 486 0099 02       		.byte	0x2
 487 009a D7010000 		.4byte	.LASF13
 488 009e 05       		.uleb128 0x5
 489 009f 8C000000 		.4byte	0x8c
 490 00a3 03       		.uleb128 0x3
 491 00a4 04       		.byte	0x4
 492 00a5 07       		.byte	0x7
 493 00a6 6E000000 		.4byte	.LASF14
 494 00aa 03       		.uleb128 0x3
 495 00ab 01       		.byte	0x1
 496 00ac 08       		.byte	0x8
 497 00ad B8010000 		.4byte	.LASF15
 498 00b1 06       		.uleb128 0x6
 499 00b2 38       		.byte	0x38
 500 00b3 04       		.byte	0x4
 501 00b4 1702     		.2byte	0x217
 502 00b6 70010000 		.4byte	0x170
 503 00ba 07       		.uleb128 0x7
 504 00bb 435200   		.ascii	"CR\000"
 505 00be 04       		.byte	0x4
 506 00bf 1902     		.2byte	0x219
 507 00c1 9E000000 		.4byte	0x9e
 508 00c5 00       		.byte	0
 509 00c6 08       		.uleb128 0x8
 510 00c7 A4000000 		.4byte	.LASF16
ARM GAS  /tmp/ccCrXa88.s 			page 10


 511 00cb 04       		.byte	0x4
 512 00cc 1A02     		.2byte	0x21a
 513 00ce 9E000000 		.4byte	0x9e
 514 00d2 04       		.byte	0x4
 515 00d3 07       		.uleb128 0x7
 516 00d4 43495200 		.ascii	"CIR\000"
 517 00d8 04       		.byte	0x4
 518 00d9 1B02     		.2byte	0x21b
 519 00db 9E000000 		.4byte	0x9e
 520 00df 08       		.byte	0x8
 521 00e0 08       		.uleb128 0x8
 522 00e1 10010000 		.4byte	.LASF17
 523 00e5 04       		.byte	0x4
 524 00e6 1C02     		.2byte	0x21c
 525 00e8 9E000000 		.4byte	0x9e
 526 00ec 0C       		.byte	0xc
 527 00ed 08       		.uleb128 0x8
 528 00ee 2A000000 		.4byte	.LASF18
 529 00f2 04       		.byte	0x4
 530 00f3 1D02     		.2byte	0x21d
 531 00f5 9E000000 		.4byte	0x9e
 532 00f9 10       		.byte	0x10
 533 00fa 08       		.uleb128 0x8
 534 00fb 03010000 		.4byte	.LASF19
 535 00ff 04       		.byte	0x4
 536 0100 1E02     		.2byte	0x21e
 537 0102 9E000000 		.4byte	0x9e
 538 0106 14       		.byte	0x14
 539 0107 08       		.uleb128 0x8
 540 0108 38010000 		.4byte	.LASF20
 541 010c 04       		.byte	0x4
 542 010d 1F02     		.2byte	0x21f
 543 010f 9E000000 		.4byte	0x9e
 544 0113 18       		.byte	0x18
 545 0114 08       		.uleb128 0x8
 546 0115 B0000000 		.4byte	.LASF21
 547 0119 04       		.byte	0x4
 548 011a 2002     		.2byte	0x220
 549 011c 9E000000 		.4byte	0x9e
 550 0120 1C       		.byte	0x1c
 551 0121 08       		.uleb128 0x8
 552 0122 77000000 		.4byte	.LASF22
 553 0126 04       		.byte	0x4
 554 0127 2102     		.2byte	0x221
 555 0129 9E000000 		.4byte	0x9e
 556 012d 20       		.byte	0x20
 557 012e 07       		.uleb128 0x7
 558 012f 43535200 		.ascii	"CSR\000"
 559 0133 04       		.byte	0x4
 560 0134 2202     		.2byte	0x222
 561 0136 9E000000 		.4byte	0x9e
 562 013a 24       		.byte	0x24
 563 013b 08       		.uleb128 0x8
 564 013c 08030000 		.4byte	.LASF23
 565 0140 04       		.byte	0x4
 566 0141 2302     		.2byte	0x223
 567 0143 9E000000 		.4byte	0x9e
ARM GAS  /tmp/ccCrXa88.s 			page 11


 568 0147 28       		.byte	0x28
 569 0148 08       		.uleb128 0x8
 570 0149 79010000 		.4byte	.LASF24
 571 014d 04       		.byte	0x4
 572 014e 2402     		.2byte	0x224
 573 0150 9E000000 		.4byte	0x9e
 574 0154 2C       		.byte	0x2c
 575 0155 08       		.uleb128 0x8
 576 0156 7F010000 		.4byte	.LASF25
 577 015a 04       		.byte	0x4
 578 015b 2502     		.2byte	0x225
 579 015d 9E000000 		.4byte	0x9e
 580 0161 30       		.byte	0x30
 581 0162 07       		.uleb128 0x7
 582 0163 43523200 		.ascii	"CR2\000"
 583 0167 04       		.byte	0x4
 584 0168 2602     		.2byte	0x226
 585 016a 9E000000 		.4byte	0x9e
 586 016e 34       		.byte	0x34
 587 016f 00       		.byte	0
 588 0170 09       		.uleb128 0x9
 589 0171 F2000000 		.4byte	.LASF26
 590 0175 04       		.byte	0x4
 591 0176 2702     		.2byte	0x227
 592 0178 B1000000 		.4byte	0xb1
 593 017c 0A       		.uleb128 0xa
 594 017d 04       		.byte	0x4
 595 017e 05       		.byte	0x5
 596 017f 96       		.byte	0x96
 597 0180 9D010000 		.4byte	0x19d
 598 0184 0B       		.uleb128 0xb
 599 0185 73657400 		.ascii	"set\000"
 600 0189 05       		.byte	0x5
 601 018a 97       		.byte	0x97
 602 018b 81000000 		.4byte	0x81
 603 018f 00       		.byte	0
 604 0190 0C       		.uleb128 0xc
 605 0191 19010000 		.4byte	.LASF27
 606 0195 05       		.byte	0x5
 607 0196 98       		.byte	0x98
 608 0197 81000000 		.4byte	0x81
 609 019b 02       		.byte	0x2
 610 019c 00       		.byte	0
 611 019d 0D       		.uleb128 0xd
 612 019e 04       		.byte	0x4
 613 019f 05       		.byte	0x5
 614 01a0 94       		.byte	0x94
 615 01a1 B8010000 		.4byte	0x1b8
 616 01a5 0E       		.uleb128 0xe
 617 01a6 5700     		.ascii	"W\000"
 618 01a8 05       		.byte	0x5
 619 01a9 95       		.byte	0x95
 620 01aa 8C000000 		.4byte	0x8c
 621 01ae 0E       		.uleb128 0xe
 622 01af 4800     		.ascii	"H\000"
 623 01b1 05       		.byte	0x5
 624 01b2 99       		.byte	0x99
ARM GAS  /tmp/ccCrXa88.s 			page 12


 625 01b3 7C010000 		.4byte	0x17c
 626 01b7 00       		.byte	0
 627 01b8 0A       		.uleb128 0xa
 628 01b9 28       		.byte	0x28
 629 01ba 05       		.byte	0x5
 630 01bb 8C       		.byte	0x8c
 631 01bc 39020000 		.4byte	0x239
 632 01c0 0C       		.uleb128 0xc
 633 01c1 0A010000 		.4byte	.LASF28
 634 01c5 05       		.byte	0x5
 635 01c6 8E       		.byte	0x8e
 636 01c7 9E000000 		.4byte	0x9e
 637 01cb 00       		.byte	0
 638 01cc 0C       		.uleb128 0xc
 639 01cd B8000000 		.4byte	.LASF29
 640 01d1 05       		.byte	0x5
 641 01d2 8F       		.byte	0x8f
 642 01d3 9E000000 		.4byte	0x9e
 643 01d7 04       		.byte	0x4
 644 01d8 0C       		.uleb128 0xc
 645 01d9 41020000 		.4byte	.LASF30
 646 01dd 05       		.byte	0x5
 647 01de 90       		.byte	0x90
 648 01df 9E000000 		.4byte	0x9e
 649 01e3 08       		.byte	0x8
 650 01e4 0C       		.uleb128 0xc
 651 01e5 D4000000 		.4byte	.LASF31
 652 01e9 05       		.byte	0x5
 653 01ea 91       		.byte	0x91
 654 01eb 9E000000 		.4byte	0x9e
 655 01ef 0C       		.byte	0xc
 656 01f0 0B       		.uleb128 0xb
 657 01f1 49445200 		.ascii	"IDR\000"
 658 01f5 05       		.byte	0x5
 659 01f6 92       		.byte	0x92
 660 01f7 9E000000 		.4byte	0x9e
 661 01fb 10       		.byte	0x10
 662 01fc 0B       		.uleb128 0xb
 663 01fd 4F445200 		.ascii	"ODR\000"
 664 0201 05       		.byte	0x5
 665 0202 93       		.byte	0x93
 666 0203 9E000000 		.4byte	0x9e
 667 0207 14       		.byte	0x14
 668 0208 0C       		.uleb128 0xc
 669 0209 FE000000 		.4byte	.LASF32
 670 020d 05       		.byte	0x5
 671 020e 9A       		.byte	0x9a
 672 020f 39020000 		.4byte	0x239
 673 0213 18       		.byte	0x18
 674 0214 0C       		.uleb128 0xc
 675 0215 24030000 		.4byte	.LASF33
 676 0219 05       		.byte	0x5
 677 021a 9B       		.byte	0x9b
 678 021b 9E000000 		.4byte	0x9e
 679 021f 1C       		.byte	0x1c
 680 0220 0C       		.uleb128 0xc
 681 0221 93010000 		.4byte	.LASF34
ARM GAS  /tmp/ccCrXa88.s 			page 13


 682 0225 05       		.byte	0x5
 683 0226 9C       		.byte	0x9c
 684 0227 9E000000 		.4byte	0x9e
 685 022b 20       		.byte	0x20
 686 022c 0C       		.uleb128 0xc
 687 022d 8E010000 		.4byte	.LASF35
 688 0231 05       		.byte	0x5
 689 0232 9D       		.byte	0x9d
 690 0233 9E000000 		.4byte	0x9e
 691 0237 24       		.byte	0x24
 692 0238 00       		.byte	0
 693 0239 05       		.uleb128 0x5
 694 023a 9D010000 		.4byte	0x19d
 695 023e 04       		.uleb128 0x4
 696 023f 00000000 		.4byte	.LASF36
 697 0243 05       		.byte	0x5
 698 0244 9E       		.byte	0x9e
 699 0245 B8010000 		.4byte	0x1b8
 700 0249 0A       		.uleb128 0xa
 701 024a 1C       		.byte	0x1c
 702 024b 05       		.byte	0x5
 703 024c A3       		.byte	0xa3
 704 024d A6020000 		.4byte	0x2a6
 705 0251 0C       		.uleb128 0xc
 706 0252 15030000 		.4byte	.LASF37
 707 0256 05       		.byte	0x5
 708 0257 A5       		.byte	0xa5
 709 0258 8C000000 		.4byte	0x8c
 710 025c 00       		.byte	0
 711 025d 0C       		.uleb128 0xc
 712 025e A9000000 		.4byte	.LASF38
 713 0262 05       		.byte	0x5
 714 0263 A7       		.byte	0xa7
 715 0264 8C000000 		.4byte	0x8c
 716 0268 04       		.byte	0x4
 717 0269 0C       		.uleb128 0xc
 718 026a DA000000 		.4byte	.LASF39
 719 026e 05       		.byte	0x5
 720 026f A9       		.byte	0xa9
 721 0270 8C000000 		.4byte	0x8c
 722 0274 08       		.byte	0x8
 723 0275 0C       		.uleb128 0xc
 724 0276 FD020000 		.4byte	.LASF40
 725 027a 05       		.byte	0x5
 726 027b AB       		.byte	0xab
 727 027c 8C000000 		.4byte	0x8c
 728 0280 0C       		.byte	0xc
 729 0281 0B       		.uleb128 0xb
 730 0282 6F647200 		.ascii	"odr\000"
 731 0286 05       		.byte	0x5
 732 0287 AD       		.byte	0xad
 733 0288 8C000000 		.4byte	0x8c
 734 028c 10       		.byte	0x10
 735 028d 0C       		.uleb128 0xc
 736 028e 10030000 		.4byte	.LASF41
 737 0292 05       		.byte	0x5
 738 0293 AF       		.byte	0xaf
ARM GAS  /tmp/ccCrXa88.s 			page 14


 739 0294 8C000000 		.4byte	0x8c
 740 0298 14       		.byte	0x14
 741 0299 0C       		.uleb128 0xc
 742 029a 03030000 		.4byte	.LASF42
 743 029e 05       		.byte	0x5
 744 029f B1       		.byte	0xb1
 745 02a0 8C000000 		.4byte	0x8c
 746 02a4 18       		.byte	0x18
 747 02a5 00       		.byte	0
 748 02a6 04       		.uleb128 0x4
 749 02a7 41000000 		.4byte	.LASF43
 750 02ab 05       		.byte	0x5
 751 02ac B2       		.byte	0xb2
 752 02ad 49020000 		.4byte	0x249
 753 02b1 0A       		.uleb128 0xa
 754 02b2 8C       		.byte	0x8c
 755 02b3 05       		.byte	0x5
 756 02b4 BB       		.byte	0xbb
 757 02b5 F6020000 		.4byte	0x2f6
 758 02b9 0C       		.uleb128 0xc
 759 02ba BF000000 		.4byte	.LASF44
 760 02be 05       		.byte	0x5
 761 02bf BE       		.byte	0xbe
 762 02c0 A6020000 		.4byte	0x2a6
 763 02c4 00       		.byte	0
 764 02c5 0C       		.uleb128 0xc
 765 02c6 D0010000 		.4byte	.LASF45
 766 02ca 05       		.byte	0x5
 767 02cb C2       		.byte	0xc2
 768 02cc A6020000 		.4byte	0x2a6
 769 02d0 1C       		.byte	0x1c
 770 02d1 0C       		.uleb128 0xc
 771 02d2 0D000000 		.4byte	.LASF46
 772 02d6 05       		.byte	0x5
 773 02d7 C6       		.byte	0xc6
 774 02d8 A6020000 		.4byte	0x2a6
 775 02dc 38       		.byte	0x38
 776 02dd 0C       		.uleb128 0xc
 777 02de EB000000 		.4byte	.LASF47
 778 02e2 05       		.byte	0x5
 779 02e3 CA       		.byte	0xca
 780 02e4 A6020000 		.4byte	0x2a6
 781 02e8 54       		.byte	0x54
 782 02e9 0C       		.uleb128 0xc
 783 02ea 54000000 		.4byte	.LASF48
 784 02ee 05       		.byte	0x5
 785 02ef D2       		.byte	0xd2
 786 02f0 A6020000 		.4byte	0x2a6
 787 02f4 70       		.byte	0x70
 788 02f5 00       		.byte	0
 789 02f6 04       		.uleb128 0x4
 790 02f7 C6010000 		.4byte	.LASF49
 791 02fb 05       		.byte	0x5
 792 02fc E0       		.byte	0xe0
 793 02fd B1020000 		.4byte	0x2b1
 794 0301 04       		.uleb128 0x4
 795 0302 AB010000 		.4byte	.LASF50
ARM GAS  /tmp/ccCrXa88.s 			page 15


 796 0306 05       		.byte	0x5
 797 0307 F0       		.byte	0xf0
 798 0308 8C000000 		.4byte	0x8c
 799 030c 04       		.uleb128 0x4
 800 030d 85010000 		.4byte	.LASF51
 801 0311 05       		.byte	0x5
 802 0312 F5       		.byte	0xf5
 803 0313 8C000000 		.4byte	0x8c
 804 0317 04       		.uleb128 0x4
 805 0318 1F010000 		.4byte	.LASF52
 806 031c 05       		.byte	0x5
 807 031d FD       		.byte	0xfd
 808 031e 22030000 		.4byte	0x322
 809 0322 0F       		.uleb128 0xf
 810 0323 04       		.byte	0x4
 811 0324 3E020000 		.4byte	0x23e
 812 0328 10       		.uleb128 0x10
 813 0329 65000000 		.4byte	.LASF63
 814 032d 01       		.byte	0x1
 815 032e 56       		.byte	0x56
 816 032f 01       		.byte	0x1
 817 0330 4B030000 		.4byte	0x34b
 818 0334 11       		.uleb128 0x11
 819 0335 7C000000 		.4byte	.LASF53
 820 0339 01       		.byte	0x1
 821 033a 56       		.byte	0x56
 822 033b 22030000 		.4byte	0x322
 823 033f 11       		.uleb128 0x11
 824 0340 9D000000 		.4byte	.LASF54
 825 0344 01       		.byte	0x1
 826 0345 56       		.byte	0x56
 827 0346 4B030000 		.4byte	0x34b
 828 034a 00       		.byte	0
 829 034b 0F       		.uleb128 0xf
 830 034c 04       		.byte	0x4
 831 034d 51030000 		.4byte	0x351
 832 0351 12       		.uleb128 0x12
 833 0352 A6020000 		.4byte	0x2a6
 834 0356 13       		.uleb128 0x13
 835 0357 33000000 		.4byte	.LASF64
 836 035b 01       		.byte	0x1
 837 035c 71       		.byte	0x71
 838 035d 00000000 		.4byte	.LFB41
 839 0361 C0000000 		.4byte	.LFE41-.LFB41
 840 0365 01       		.uleb128 0x1
 841 0366 9C       		.byte	0x9c
 842 0367 33040000 		.4byte	0x433
 843 036b 14       		.uleb128 0x14
 844 036c 9D000000 		.4byte	.LASF54
 845 0370 01       		.byte	0x1
 846 0371 71       		.byte	0x71
 847 0372 33040000 		.4byte	0x433
 848 0376 01       		.uleb128 0x1
 849 0377 50       		.byte	0x50
 850 0378 15       		.uleb128 0x15
 851 0379 28030000 		.4byte	0x328
 852 037d 0C000000 		.4byte	.LBB12
ARM GAS  /tmp/ccCrXa88.s 			page 16


 853 0381 00000000 		.4byte	.Ldebug_ranges0+0
 854 0385 01       		.byte	0x1
 855 0386 86       		.byte	0x86
 856 0387 9C030000 		.4byte	0x39c
 857 038b 16       		.uleb128 0x16
 858 038c 3F030000 		.4byte	0x33f
 859 0390 01       		.uleb128 0x1
 860 0391 50       		.byte	0x50
 861 0392 17       		.uleb128 0x17
 862 0393 34030000 		.4byte	0x334
 863 0397 00000048 		.4byte	0x48000000
 864 039b 00       		.byte	0
 865 039c 18       		.uleb128 0x18
 866 039d 28030000 		.4byte	0x328
 867 03a1 2C000000 		.4byte	.LBB16
 868 03a5 1E000000 		.4byte	.LBE16-.LBB16
 869 03a9 01       		.byte	0x1
 870 03aa 89       		.byte	0x89
 871 03ab C2030000 		.4byte	0x3c2
 872 03af 16       		.uleb128 0x16
 873 03b0 3F030000 		.4byte	0x33f
 874 03b4 03       		.uleb128 0x3
 875 03b5 70       		.byte	0x70
 876 03b6 1C       		.sleb128 28
 877 03b7 9F       		.byte	0x9f
 878 03b8 17       		.uleb128 0x17
 879 03b9 34030000 		.4byte	0x334
 880 03bd 00040048 		.4byte	0x48000400
 881 03c1 00       		.byte	0
 882 03c2 18       		.uleb128 0x18
 883 03c3 28030000 		.4byte	0x328
 884 03c7 4A000000 		.4byte	.LBB18
 885 03cb 1E000000 		.4byte	.LBE18-.LBB18
 886 03cf 01       		.byte	0x1
 887 03d0 8C       		.byte	0x8c
 888 03d1 E8030000 		.4byte	0x3e8
 889 03d5 16       		.uleb128 0x16
 890 03d6 3F030000 		.4byte	0x33f
 891 03da 03       		.uleb128 0x3
 892 03db 70       		.byte	0x70
 893 03dc 38       		.sleb128 56
 894 03dd 9F       		.byte	0x9f
 895 03de 17       		.uleb128 0x17
 896 03df 34030000 		.4byte	0x334
 897 03e3 00080048 		.4byte	0x48000800
 898 03e7 00       		.byte	0
 899 03e8 18       		.uleb128 0x18
 900 03e9 28030000 		.4byte	0x328
 901 03ed 68000000 		.4byte	.LBB20
 902 03f1 1E000000 		.4byte	.LBE20-.LBB20
 903 03f5 01       		.byte	0x1
 904 03f6 8F       		.byte	0x8f
 905 03f7 0F040000 		.4byte	0x40f
 906 03fb 16       		.uleb128 0x16
 907 03fc 3F030000 		.4byte	0x33f
 908 0400 04       		.uleb128 0x4
 909 0401 70       		.byte	0x70
ARM GAS  /tmp/ccCrXa88.s 			page 17


 910 0402 D400     		.sleb128 84
 911 0404 9F       		.byte	0x9f
 912 0405 17       		.uleb128 0x17
 913 0406 34030000 		.4byte	0x334
 914 040a 000C0048 		.4byte	0x48000c00
 915 040e 00       		.byte	0
 916 040f 19       		.uleb128 0x19
 917 0410 28030000 		.4byte	0x328
 918 0414 86000000 		.4byte	.LBB22
 919 0418 24000000 		.4byte	.LBE22-.LBB22
 920 041c 01       		.byte	0x1
 921 041d 95       		.byte	0x95
 922 041e 16       		.uleb128 0x16
 923 041f 3F030000 		.4byte	0x33f
 924 0423 04       		.uleb128 0x4
 925 0424 70       		.byte	0x70
 926 0425 F000     		.sleb128 112
 927 0427 9F       		.byte	0x9f
 928 0428 17       		.uleb128 0x17
 929 0429 34030000 		.4byte	0x334
 930 042d 00140048 		.4byte	0x48001400
 931 0431 00       		.byte	0
 932 0432 00       		.byte	0
 933 0433 0F       		.uleb128 0xf
 934 0434 04       		.byte	0x4
 935 0435 39040000 		.4byte	0x439
 936 0439 12       		.uleb128 0x12
 937 043a F6020000 		.4byte	0x2f6
 938 043e 1A       		.uleb128 0x1a
 939 043f 14000000 		.4byte	.LASF65
 940 0443 01       		.byte	0x1
 941 0444 B0       		.byte	0xb0
 942 0445 00000000 		.4byte	.LFB42
 943 0449 C2000000 		.4byte	.LFE42-.LFB42
 944 044d 01       		.uleb128 0x1
 945 044e 9C       		.byte	0x9c
 946 044f 14       		.uleb128 0x14
 947 0450 DD010000 		.4byte	.LASF55
 948 0454 01       		.byte	0x1
 949 0455 B0       		.byte	0xb0
 950 0456 17030000 		.4byte	0x317
 951 045a 01       		.uleb128 0x1
 952 045b 50       		.byte	0x50
 953 045c 1B       		.uleb128 0x1b
 954 045d F8020000 		.4byte	.LASF56
 955 0461 01       		.byte	0x1
 956 0462 B1       		.byte	0xb1
 957 0463 01030000 		.4byte	0x301
 958 0467 00000000 		.4byte	.LLST0
 959 046b 1B       		.uleb128 0x1b
 960 046c 8D000000 		.4byte	.LASF57
 961 0470 01       		.byte	0x1
 962 0471 B2       		.byte	0xb2
 963 0472 0C030000 		.4byte	0x30c
 964 0476 1E000000 		.4byte	.LLST1
 965 047a 1C       		.uleb128 0x1c
 966 047b 15030000 		.4byte	.LASF37
ARM GAS  /tmp/ccCrXa88.s 			page 18


 967 047f 01       		.byte	0x1
 968 0480 B4       		.byte	0xb4
 969 0481 8C000000 		.4byte	0x8c
 970 0485 3F000000 		.4byte	.LLST2
 971 0489 1C       		.uleb128 0x1c
 972 048a A9000000 		.4byte	.LASF38
 973 048e 01       		.byte	0x1
 974 048f B5       		.byte	0xb5
 975 0490 8C000000 		.4byte	0x8c
 976 0494 52000000 		.4byte	.LLST3
 977 0498 1C       		.uleb128 0x1c
 978 0499 DA000000 		.4byte	.LASF39
 979 049d 01       		.byte	0x1
 980 049e B6       		.byte	0xb6
 981 049f 8C000000 		.4byte	0x8c
 982 04a3 65000000 		.4byte	.LLST4
 983 04a7 1C       		.uleb128 0x1c
 984 04a8 FD020000 		.4byte	.LASF40
 985 04ac 01       		.byte	0x1
 986 04ad B7       		.byte	0xb7
 987 04ae 8C000000 		.4byte	0x8c
 988 04b2 78000000 		.4byte	.LLST5
 989 04b6 1C       		.uleb128 0x1c
 990 04b7 E2010000 		.4byte	.LASF58
 991 04bb 01       		.byte	0x1
 992 04bc B8       		.byte	0xb8
 993 04bd 8C000000 		.4byte	0x8c
 994 04c1 AE000000 		.4byte	.LLST6
 995 04c5 1D       		.uleb128 0x1d
 996 04c6 62697400 		.ascii	"bit\000"
 997 04ca 01       		.byte	0x1
 998 04cb B9       		.byte	0xb9
 999 04cc 8C000000 		.4byte	0x8c
 1000 04d0 D3000000 		.4byte	.LLST7
 1001 04d4 1E       		.uleb128 0x1e
 1002 04d5 18000000 		.4byte	.Ldebug_ranges0+0x18
 1003 04d9 1C       		.uleb128 0x1c
 1004 04da 1B030000 		.4byte	.LASF59
 1005 04de 01       		.byte	0x1
 1006 04df BC       		.byte	0xbc
 1007 04e0 8C000000 		.4byte	0x8c
 1008 04e4 F2000000 		.4byte	.LLST8
 1009 04e8 1D       		.uleb128 0x1d
 1010 04e9 6D3100   		.ascii	"m1\000"
 1011 04ec 01       		.byte	0x1
 1012 04ed BC       		.byte	0xbc
 1013 04ee 8C000000 		.4byte	0x8c
 1014 04f2 30010000 		.4byte	.LLST9
 1015 04f6 1D       		.uleb128 0x1d
 1016 04f7 6D3200   		.ascii	"m2\000"
 1017 04fa 01       		.byte	0x1
 1018 04fb BC       		.byte	0xbc
 1019 04fc 8C000000 		.4byte	0x8c
 1020 0500 61010000 		.4byte	.LLST10
 1021 0504 1D       		.uleb128 0x1d
 1022 0505 6D3400   		.ascii	"m4\000"
 1023 0508 01       		.byte	0x1
ARM GAS  /tmp/ccCrXa88.s 			page 19


 1024 0509 BC       		.byte	0xbc
 1025 050a 8C000000 		.4byte	0x8c
 1026 050e A1010000 		.4byte	.LLST11
 1027 0512 00       		.byte	0
 1028 0513 00       		.byte	0
 1029 0514 00       		.byte	0
 1030              		.section	.debug_abbrev,"",%progbits
 1031              	.Ldebug_abbrev0:
 1032 0000 01       		.uleb128 0x1
 1033 0001 11       		.uleb128 0x11
 1034 0002 01       		.byte	0x1
 1035 0003 25       		.uleb128 0x25
 1036 0004 0E       		.uleb128 0xe
 1037 0005 13       		.uleb128 0x13
 1038 0006 0B       		.uleb128 0xb
 1039 0007 03       		.uleb128 0x3
 1040 0008 0E       		.uleb128 0xe
 1041 0009 1B       		.uleb128 0x1b
 1042 000a 0E       		.uleb128 0xe
 1043 000b 55       		.uleb128 0x55
 1044 000c 17       		.uleb128 0x17
 1045 000d 11       		.uleb128 0x11
 1046 000e 01       		.uleb128 0x1
 1047 000f 10       		.uleb128 0x10
 1048 0010 17       		.uleb128 0x17
 1049 0011 00       		.byte	0
 1050 0012 00       		.byte	0
 1051 0013 02       		.uleb128 0x2
 1052 0014 24       		.uleb128 0x24
 1053 0015 00       		.byte	0
 1054 0016 0B       		.uleb128 0xb
 1055 0017 0B       		.uleb128 0xb
 1056 0018 3E       		.uleb128 0x3e
 1057 0019 0B       		.uleb128 0xb
 1058 001a 03       		.uleb128 0x3
 1059 001b 08       		.uleb128 0x8
 1060 001c 00       		.byte	0
 1061 001d 00       		.byte	0
 1062 001e 03       		.uleb128 0x3
 1063 001f 24       		.uleb128 0x24
 1064 0020 00       		.byte	0
 1065 0021 0B       		.uleb128 0xb
 1066 0022 0B       		.uleb128 0xb
 1067 0023 3E       		.uleb128 0x3e
 1068 0024 0B       		.uleb128 0xb
 1069 0025 03       		.uleb128 0x3
 1070 0026 0E       		.uleb128 0xe
 1071 0027 00       		.byte	0
 1072 0028 00       		.byte	0
 1073 0029 04       		.uleb128 0x4
 1074 002a 16       		.uleb128 0x16
 1075 002b 00       		.byte	0
 1076 002c 03       		.uleb128 0x3
 1077 002d 0E       		.uleb128 0xe
 1078 002e 3A       		.uleb128 0x3a
 1079 002f 0B       		.uleb128 0xb
 1080 0030 3B       		.uleb128 0x3b
ARM GAS  /tmp/ccCrXa88.s 			page 20


 1081 0031 0B       		.uleb128 0xb
 1082 0032 49       		.uleb128 0x49
 1083 0033 13       		.uleb128 0x13
 1084 0034 00       		.byte	0
 1085 0035 00       		.byte	0
 1086 0036 05       		.uleb128 0x5
 1087 0037 35       		.uleb128 0x35
 1088 0038 00       		.byte	0
 1089 0039 49       		.uleb128 0x49
 1090 003a 13       		.uleb128 0x13
 1091 003b 00       		.byte	0
 1092 003c 00       		.byte	0
 1093 003d 06       		.uleb128 0x6
 1094 003e 13       		.uleb128 0x13
 1095 003f 01       		.byte	0x1
 1096 0040 0B       		.uleb128 0xb
 1097 0041 0B       		.uleb128 0xb
 1098 0042 3A       		.uleb128 0x3a
 1099 0043 0B       		.uleb128 0xb
 1100 0044 3B       		.uleb128 0x3b
 1101 0045 05       		.uleb128 0x5
 1102 0046 01       		.uleb128 0x1
 1103 0047 13       		.uleb128 0x13
 1104 0048 00       		.byte	0
 1105 0049 00       		.byte	0
 1106 004a 07       		.uleb128 0x7
 1107 004b 0D       		.uleb128 0xd
 1108 004c 00       		.byte	0
 1109 004d 03       		.uleb128 0x3
 1110 004e 08       		.uleb128 0x8
 1111 004f 3A       		.uleb128 0x3a
 1112 0050 0B       		.uleb128 0xb
 1113 0051 3B       		.uleb128 0x3b
 1114 0052 05       		.uleb128 0x5
 1115 0053 49       		.uleb128 0x49
 1116 0054 13       		.uleb128 0x13
 1117 0055 38       		.uleb128 0x38
 1118 0056 0B       		.uleb128 0xb
 1119 0057 00       		.byte	0
 1120 0058 00       		.byte	0
 1121 0059 08       		.uleb128 0x8
 1122 005a 0D       		.uleb128 0xd
 1123 005b 00       		.byte	0
 1124 005c 03       		.uleb128 0x3
 1125 005d 0E       		.uleb128 0xe
 1126 005e 3A       		.uleb128 0x3a
 1127 005f 0B       		.uleb128 0xb
 1128 0060 3B       		.uleb128 0x3b
 1129 0061 05       		.uleb128 0x5
 1130 0062 49       		.uleb128 0x49
 1131 0063 13       		.uleb128 0x13
 1132 0064 38       		.uleb128 0x38
 1133 0065 0B       		.uleb128 0xb
 1134 0066 00       		.byte	0
 1135 0067 00       		.byte	0
 1136 0068 09       		.uleb128 0x9
 1137 0069 16       		.uleb128 0x16
ARM GAS  /tmp/ccCrXa88.s 			page 21


 1138 006a 00       		.byte	0
 1139 006b 03       		.uleb128 0x3
 1140 006c 0E       		.uleb128 0xe
 1141 006d 3A       		.uleb128 0x3a
 1142 006e 0B       		.uleb128 0xb
 1143 006f 3B       		.uleb128 0x3b
 1144 0070 05       		.uleb128 0x5
 1145 0071 49       		.uleb128 0x49
 1146 0072 13       		.uleb128 0x13
 1147 0073 00       		.byte	0
 1148 0074 00       		.byte	0
 1149 0075 0A       		.uleb128 0xa
 1150 0076 13       		.uleb128 0x13
 1151 0077 01       		.byte	0x1
 1152 0078 0B       		.uleb128 0xb
 1153 0079 0B       		.uleb128 0xb
 1154 007a 3A       		.uleb128 0x3a
 1155 007b 0B       		.uleb128 0xb
 1156 007c 3B       		.uleb128 0x3b
 1157 007d 0B       		.uleb128 0xb
 1158 007e 01       		.uleb128 0x1
 1159 007f 13       		.uleb128 0x13
 1160 0080 00       		.byte	0
 1161 0081 00       		.byte	0
 1162 0082 0B       		.uleb128 0xb
 1163 0083 0D       		.uleb128 0xd
 1164 0084 00       		.byte	0
 1165 0085 03       		.uleb128 0x3
 1166 0086 08       		.uleb128 0x8
 1167 0087 3A       		.uleb128 0x3a
 1168 0088 0B       		.uleb128 0xb
 1169 0089 3B       		.uleb128 0x3b
 1170 008a 0B       		.uleb128 0xb
 1171 008b 49       		.uleb128 0x49
 1172 008c 13       		.uleb128 0x13
 1173 008d 38       		.uleb128 0x38
 1174 008e 0B       		.uleb128 0xb
 1175 008f 00       		.byte	0
 1176 0090 00       		.byte	0
 1177 0091 0C       		.uleb128 0xc
 1178 0092 0D       		.uleb128 0xd
 1179 0093 00       		.byte	0
 1180 0094 03       		.uleb128 0x3
 1181 0095 0E       		.uleb128 0xe
 1182 0096 3A       		.uleb128 0x3a
 1183 0097 0B       		.uleb128 0xb
 1184 0098 3B       		.uleb128 0x3b
 1185 0099 0B       		.uleb128 0xb
 1186 009a 49       		.uleb128 0x49
 1187 009b 13       		.uleb128 0x13
 1188 009c 38       		.uleb128 0x38
 1189 009d 0B       		.uleb128 0xb
 1190 009e 00       		.byte	0
 1191 009f 00       		.byte	0
 1192 00a0 0D       		.uleb128 0xd
 1193 00a1 17       		.uleb128 0x17
 1194 00a2 01       		.byte	0x1
ARM GAS  /tmp/ccCrXa88.s 			page 22


 1195 00a3 0B       		.uleb128 0xb
 1196 00a4 0B       		.uleb128 0xb
 1197 00a5 3A       		.uleb128 0x3a
 1198 00a6 0B       		.uleb128 0xb
 1199 00a7 3B       		.uleb128 0x3b
 1200 00a8 0B       		.uleb128 0xb
 1201 00a9 01       		.uleb128 0x1
 1202 00aa 13       		.uleb128 0x13
 1203 00ab 00       		.byte	0
 1204 00ac 00       		.byte	0
 1205 00ad 0E       		.uleb128 0xe
 1206 00ae 0D       		.uleb128 0xd
 1207 00af 00       		.byte	0
 1208 00b0 03       		.uleb128 0x3
 1209 00b1 08       		.uleb128 0x8
 1210 00b2 3A       		.uleb128 0x3a
 1211 00b3 0B       		.uleb128 0xb
 1212 00b4 3B       		.uleb128 0x3b
 1213 00b5 0B       		.uleb128 0xb
 1214 00b6 49       		.uleb128 0x49
 1215 00b7 13       		.uleb128 0x13
 1216 00b8 00       		.byte	0
 1217 00b9 00       		.byte	0
 1218 00ba 0F       		.uleb128 0xf
 1219 00bb 0F       		.uleb128 0xf
 1220 00bc 00       		.byte	0
 1221 00bd 0B       		.uleb128 0xb
 1222 00be 0B       		.uleb128 0xb
 1223 00bf 49       		.uleb128 0x49
 1224 00c0 13       		.uleb128 0x13
 1225 00c1 00       		.byte	0
 1226 00c2 00       		.byte	0
 1227 00c3 10       		.uleb128 0x10
 1228 00c4 2E       		.uleb128 0x2e
 1229 00c5 01       		.byte	0x1
 1230 00c6 03       		.uleb128 0x3
 1231 00c7 0E       		.uleb128 0xe
 1232 00c8 3A       		.uleb128 0x3a
 1233 00c9 0B       		.uleb128 0xb
 1234 00ca 3B       		.uleb128 0x3b
 1235 00cb 0B       		.uleb128 0xb
 1236 00cc 27       		.uleb128 0x27
 1237 00cd 19       		.uleb128 0x19
 1238 00ce 20       		.uleb128 0x20
 1239 00cf 0B       		.uleb128 0xb
 1240 00d0 01       		.uleb128 0x1
 1241 00d1 13       		.uleb128 0x13
 1242 00d2 00       		.byte	0
 1243 00d3 00       		.byte	0
 1244 00d4 11       		.uleb128 0x11
 1245 00d5 05       		.uleb128 0x5
 1246 00d6 00       		.byte	0
 1247 00d7 03       		.uleb128 0x3
 1248 00d8 0E       		.uleb128 0xe
 1249 00d9 3A       		.uleb128 0x3a
 1250 00da 0B       		.uleb128 0xb
 1251 00db 3B       		.uleb128 0x3b
ARM GAS  /tmp/ccCrXa88.s 			page 23


 1252 00dc 0B       		.uleb128 0xb
 1253 00dd 49       		.uleb128 0x49
 1254 00de 13       		.uleb128 0x13
 1255 00df 00       		.byte	0
 1256 00e0 00       		.byte	0
 1257 00e1 12       		.uleb128 0x12
 1258 00e2 26       		.uleb128 0x26
 1259 00e3 00       		.byte	0
 1260 00e4 49       		.uleb128 0x49
 1261 00e5 13       		.uleb128 0x13
 1262 00e6 00       		.byte	0
 1263 00e7 00       		.byte	0
 1264 00e8 13       		.uleb128 0x13
 1265 00e9 2E       		.uleb128 0x2e
 1266 00ea 01       		.byte	0x1
 1267 00eb 3F       		.uleb128 0x3f
 1268 00ec 19       		.uleb128 0x19
 1269 00ed 03       		.uleb128 0x3
 1270 00ee 0E       		.uleb128 0xe
 1271 00ef 3A       		.uleb128 0x3a
 1272 00f0 0B       		.uleb128 0xb
 1273 00f1 3B       		.uleb128 0x3b
 1274 00f2 0B       		.uleb128 0xb
 1275 00f3 27       		.uleb128 0x27
 1276 00f4 19       		.uleb128 0x19
 1277 00f5 11       		.uleb128 0x11
 1278 00f6 01       		.uleb128 0x1
 1279 00f7 12       		.uleb128 0x12
 1280 00f8 06       		.uleb128 0x6
 1281 00f9 40       		.uleb128 0x40
 1282 00fa 18       		.uleb128 0x18
 1283 00fb 9742     		.uleb128 0x2117
 1284 00fd 19       		.uleb128 0x19
 1285 00fe 01       		.uleb128 0x1
 1286 00ff 13       		.uleb128 0x13
 1287 0100 00       		.byte	0
 1288 0101 00       		.byte	0
 1289 0102 14       		.uleb128 0x14
 1290 0103 05       		.uleb128 0x5
 1291 0104 00       		.byte	0
 1292 0105 03       		.uleb128 0x3
 1293 0106 0E       		.uleb128 0xe
 1294 0107 3A       		.uleb128 0x3a
 1295 0108 0B       		.uleb128 0xb
 1296 0109 3B       		.uleb128 0x3b
 1297 010a 0B       		.uleb128 0xb
 1298 010b 49       		.uleb128 0x49
 1299 010c 13       		.uleb128 0x13
 1300 010d 02       		.uleb128 0x2
 1301 010e 18       		.uleb128 0x18
 1302 010f 00       		.byte	0
 1303 0110 00       		.byte	0
 1304 0111 15       		.uleb128 0x15
 1305 0112 1D       		.uleb128 0x1d
 1306 0113 01       		.byte	0x1
 1307 0114 31       		.uleb128 0x31
 1308 0115 13       		.uleb128 0x13
ARM GAS  /tmp/ccCrXa88.s 			page 24


 1309 0116 52       		.uleb128 0x52
 1310 0117 01       		.uleb128 0x1
 1311 0118 55       		.uleb128 0x55
 1312 0119 17       		.uleb128 0x17
 1313 011a 58       		.uleb128 0x58
 1314 011b 0B       		.uleb128 0xb
 1315 011c 59       		.uleb128 0x59
 1316 011d 0B       		.uleb128 0xb
 1317 011e 01       		.uleb128 0x1
 1318 011f 13       		.uleb128 0x13
 1319 0120 00       		.byte	0
 1320 0121 00       		.byte	0
 1321 0122 16       		.uleb128 0x16
 1322 0123 05       		.uleb128 0x5
 1323 0124 00       		.byte	0
 1324 0125 31       		.uleb128 0x31
 1325 0126 13       		.uleb128 0x13
 1326 0127 02       		.uleb128 0x2
 1327 0128 18       		.uleb128 0x18
 1328 0129 00       		.byte	0
 1329 012a 00       		.byte	0
 1330 012b 17       		.uleb128 0x17
 1331 012c 05       		.uleb128 0x5
 1332 012d 00       		.byte	0
 1333 012e 31       		.uleb128 0x31
 1334 012f 13       		.uleb128 0x13
 1335 0130 1C       		.uleb128 0x1c
 1336 0131 06       		.uleb128 0x6
 1337 0132 00       		.byte	0
 1338 0133 00       		.byte	0
 1339 0134 18       		.uleb128 0x18
 1340 0135 1D       		.uleb128 0x1d
 1341 0136 01       		.byte	0x1
 1342 0137 31       		.uleb128 0x31
 1343 0138 13       		.uleb128 0x13
 1344 0139 11       		.uleb128 0x11
 1345 013a 01       		.uleb128 0x1
 1346 013b 12       		.uleb128 0x12
 1347 013c 06       		.uleb128 0x6
 1348 013d 58       		.uleb128 0x58
 1349 013e 0B       		.uleb128 0xb
 1350 013f 59       		.uleb128 0x59
 1351 0140 0B       		.uleb128 0xb
 1352 0141 01       		.uleb128 0x1
 1353 0142 13       		.uleb128 0x13
 1354 0143 00       		.byte	0
 1355 0144 00       		.byte	0
 1356 0145 19       		.uleb128 0x19
 1357 0146 1D       		.uleb128 0x1d
 1358 0147 01       		.byte	0x1
 1359 0148 31       		.uleb128 0x31
 1360 0149 13       		.uleb128 0x13
 1361 014a 11       		.uleb128 0x11
 1362 014b 01       		.uleb128 0x1
 1363 014c 12       		.uleb128 0x12
 1364 014d 06       		.uleb128 0x6
 1365 014e 58       		.uleb128 0x58
ARM GAS  /tmp/ccCrXa88.s 			page 25


 1366 014f 0B       		.uleb128 0xb
 1367 0150 59       		.uleb128 0x59
 1368 0151 0B       		.uleb128 0xb
 1369 0152 00       		.byte	0
 1370 0153 00       		.byte	0
 1371 0154 1A       		.uleb128 0x1a
 1372 0155 2E       		.uleb128 0x2e
 1373 0156 01       		.byte	0x1
 1374 0157 3F       		.uleb128 0x3f
 1375 0158 19       		.uleb128 0x19
 1376 0159 03       		.uleb128 0x3
 1377 015a 0E       		.uleb128 0xe
 1378 015b 3A       		.uleb128 0x3a
 1379 015c 0B       		.uleb128 0xb
 1380 015d 3B       		.uleb128 0x3b
 1381 015e 0B       		.uleb128 0xb
 1382 015f 27       		.uleb128 0x27
 1383 0160 19       		.uleb128 0x19
 1384 0161 11       		.uleb128 0x11
 1385 0162 01       		.uleb128 0x1
 1386 0163 12       		.uleb128 0x12
 1387 0164 06       		.uleb128 0x6
 1388 0165 40       		.uleb128 0x40
 1389 0166 18       		.uleb128 0x18
 1390 0167 9742     		.uleb128 0x2117
 1391 0169 19       		.uleb128 0x19
 1392 016a 00       		.byte	0
 1393 016b 00       		.byte	0
 1394 016c 1B       		.uleb128 0x1b
 1395 016d 05       		.uleb128 0x5
 1396 016e 00       		.byte	0
 1397 016f 03       		.uleb128 0x3
 1398 0170 0E       		.uleb128 0xe
 1399 0171 3A       		.uleb128 0x3a
 1400 0172 0B       		.uleb128 0xb
 1401 0173 3B       		.uleb128 0x3b
 1402 0174 0B       		.uleb128 0xb
 1403 0175 49       		.uleb128 0x49
 1404 0176 13       		.uleb128 0x13
 1405 0177 02       		.uleb128 0x2
 1406 0178 17       		.uleb128 0x17
 1407 0179 00       		.byte	0
 1408 017a 00       		.byte	0
 1409 017b 1C       		.uleb128 0x1c
 1410 017c 34       		.uleb128 0x34
 1411 017d 00       		.byte	0
 1412 017e 03       		.uleb128 0x3
 1413 017f 0E       		.uleb128 0xe
 1414 0180 3A       		.uleb128 0x3a
 1415 0181 0B       		.uleb128 0xb
 1416 0182 3B       		.uleb128 0x3b
 1417 0183 0B       		.uleb128 0xb
 1418 0184 49       		.uleb128 0x49
 1419 0185 13       		.uleb128 0x13
 1420 0186 02       		.uleb128 0x2
 1421 0187 17       		.uleb128 0x17
 1422 0188 00       		.byte	0
ARM GAS  /tmp/ccCrXa88.s 			page 26


 1423 0189 00       		.byte	0
 1424 018a 1D       		.uleb128 0x1d
 1425 018b 34       		.uleb128 0x34
 1426 018c 00       		.byte	0
 1427 018d 03       		.uleb128 0x3
 1428 018e 08       		.uleb128 0x8
 1429 018f 3A       		.uleb128 0x3a
 1430 0190 0B       		.uleb128 0xb
 1431 0191 3B       		.uleb128 0x3b
 1432 0192 0B       		.uleb128 0xb
 1433 0193 49       		.uleb128 0x49
 1434 0194 13       		.uleb128 0x13
 1435 0195 02       		.uleb128 0x2
 1436 0196 17       		.uleb128 0x17
 1437 0197 00       		.byte	0
 1438 0198 00       		.byte	0
 1439 0199 1E       		.uleb128 0x1e
 1440 019a 0B       		.uleb128 0xb
 1441 019b 01       		.byte	0x1
 1442 019c 55       		.uleb128 0x55
 1443 019d 17       		.uleb128 0x17
 1444 019e 00       		.byte	0
 1445 019f 00       		.byte	0
 1446 01a0 00       		.byte	0
 1447              		.section	.debug_loc,"",%progbits
 1448              	.Ldebug_loc0:
 1449              	.LLST0:
 1450 0000 00000000 		.4byte	.LVL6
 1451 0004 78000000 		.4byte	.LVL23
 1452 0008 0100     		.2byte	0x1
 1453 000a 51       		.byte	0x51
 1454 000b 78000000 		.4byte	.LVL23
 1455 000f C2000000 		.4byte	.LFE42
 1456 0013 0100     		.2byte	0x1
 1457 0015 51       		.byte	0x51
 1458 0016 00000000 		.4byte	0
 1459 001a 00000000 		.4byte	0
 1460              	.LLST1:
 1461 001e 00000000 		.4byte	.LVL6
 1462 0022 18000000 		.4byte	.LVL8
 1463 0026 0100     		.2byte	0x1
 1464 0028 52       		.byte	0x52
 1465 0029 18000000 		.4byte	.LVL8
 1466 002d C2000000 		.4byte	.LFE42
 1467 0031 0400     		.2byte	0x4
 1468 0033 F3       		.byte	0xf3
 1469 0034 01       		.uleb128 0x1
 1470 0035 52       		.byte	0x52
 1471 0036 9F       		.byte	0x9f
 1472 0037 00000000 		.4byte	0
 1473 003b 00000000 		.4byte	0
 1474              	.LLST2:
 1475 003f 16000000 		.4byte	.LVL7
 1476 0043 B6000000 		.4byte	.LVL36
 1477 0047 0100     		.2byte	0x1
 1478 0049 57       		.byte	0x57
 1479 004a 00000000 		.4byte	0
ARM GAS  /tmp/ccCrXa88.s 			page 27


 1480 004e 00000000 		.4byte	0
 1481              	.LLST3:
 1482 0052 28000000 		.4byte	.LVL9
 1483 0056 B6000000 		.4byte	.LVL35
 1484 005a 0100     		.2byte	0x1
 1485 005c 56       		.byte	0x56
 1486 005d 00000000 		.4byte	0
 1487 0061 00000000 		.4byte	0
 1488              	.LLST4:
 1489 0065 2A000000 		.4byte	.LVL10
 1490 0069 B6000000 		.4byte	.LVL34
 1491 006d 0100     		.2byte	0x1
 1492 006f 55       		.byte	0x55
 1493 0070 00000000 		.4byte	0
 1494 0074 00000000 		.4byte	0
 1495              	.LLST5:
 1496 0078 2A000000 		.4byte	.LVL10
 1497 007c 30000000 		.4byte	.LVL11
 1498 0080 0100     		.2byte	0x1
 1499 0082 54       		.byte	0x54
 1500 0083 30000000 		.4byte	.LVL11
 1501 0087 84000000 		.4byte	.LVL26
 1502 008b 0200     		.2byte	0x2
 1503 008d 91       		.byte	0x91
 1504 008e 54       		.sleb128 -44
 1505 008f 84000000 		.4byte	.LVL26
 1506 0093 88000000 		.4byte	.LVL28
 1507 0097 0100     		.2byte	0x1
 1508 0099 52       		.byte	0x52
 1509 009a 88000000 		.4byte	.LVL28
 1510 009e C2000000 		.4byte	.LFE42
 1511 00a2 0200     		.2byte	0x2
 1512 00a4 91       		.byte	0x91
 1513 00a5 54       		.sleb128 -44
 1514 00a6 00000000 		.4byte	0
 1515 00aa 00000000 		.4byte	0
 1516              	.LLST6:
 1517 00ae 2A000000 		.4byte	.LVL10
 1518 00b2 B6000000 		.4byte	.LVL37
 1519 00b6 0100     		.2byte	0x1
 1520 00b8 5A       		.byte	0x5a
 1521 00b9 B6000000 		.4byte	.LVL37
 1522 00bd C2000000 		.4byte	.LFE42
 1523 00c1 0800     		.2byte	0x8
 1524 00c3 F3       		.byte	0xf3
 1525 00c4 01       		.uleb128 0x1
 1526 00c5 52       		.byte	0x52
 1527 00c6 45       		.byte	0x45
 1528 00c7 24       		.byte	0x24
 1529 00c8 4C       		.byte	0x4c
 1530 00c9 25       		.byte	0x25
 1531 00ca 9F       		.byte	0x9f
 1532 00cb 00000000 		.4byte	0
 1533 00cf 00000000 		.4byte	0
 1534              	.LLST7:
 1535 00d3 2A000000 		.4byte	.LVL10
 1536 00d7 30000000 		.4byte	.LVL11
ARM GAS  /tmp/ccCrXa88.s 			page 28


 1537 00db 0200     		.2byte	0x2
 1538 00dd 30       		.byte	0x30
 1539 00de 9F       		.byte	0x9f
 1540 00df 30000000 		.4byte	.LVL11
 1541 00e3 C2000000 		.4byte	.LFE42
 1542 00e7 0100     		.2byte	0x1
 1543 00e9 53       		.byte	0x53
 1544 00ea 00000000 		.4byte	0
 1545 00ee 00000000 		.4byte	0
 1546              	.LLST8:
 1547 00f2 30000000 		.4byte	.LVL11
 1548 00f6 4C000000 		.4byte	.LVL17
 1549 00fa 0100     		.2byte	0x1
 1550 00fc 58       		.byte	0x58
 1551 00fd 4C000000 		.4byte	.LVL17
 1552 0101 76000000 		.4byte	.LVL22
 1553 0105 0B00     		.2byte	0xb
 1554 0107 7A       		.byte	0x7a
 1555 0108 00       		.sleb128 0
 1556 0109 79       		.byte	0x79
 1557 010a 00       		.sleb128 0
 1558 010b 73       		.byte	0x73
 1559 010c 00       		.sleb128 0
 1560 010d 1A       		.byte	0x1a
 1561 010e 32       		.byte	0x32
 1562 010f 24       		.byte	0x24
 1563 0110 24       		.byte	0x24
 1564 0111 9F       		.byte	0x9f
 1565 0112 9A000000 		.4byte	.LVL29
 1566 0116 9C000000 		.4byte	.LVL30
 1567 011a 0100     		.2byte	0x1
 1568 011c 54       		.byte	0x54
 1569 011d 9C000000 		.4byte	.LVL30
 1570 0121 B4000000 		.4byte	.LVL33
 1571 0125 0100     		.2byte	0x1
 1572 0127 58       		.byte	0x58
 1573 0128 00000000 		.4byte	0
 1574 012c 00000000 		.4byte	0
 1575              	.LLST9:
 1576 0130 3A000000 		.4byte	.LVL13
 1577 0134 40000000 		.4byte	.LVL14
 1578 0138 0500     		.2byte	0x5
 1579 013a 31       		.byte	0x31
 1580 013b 73       		.byte	0x73
 1581 013c 00       		.sleb128 0
 1582 013d 24       		.byte	0x24
 1583 013e 9F       		.byte	0x9f
 1584 013f 40000000 		.4byte	.LVL14
 1585 0143 48000000 		.4byte	.LVL16
 1586 0147 0100     		.2byte	0x1
 1587 0149 52       		.byte	0x52
 1588 014a 48000000 		.4byte	.LVL16
 1589 014e 76000000 		.4byte	.LVL22
 1590 0152 0500     		.2byte	0x5
 1591 0154 31       		.byte	0x31
 1592 0155 73       		.byte	0x73
 1593 0156 00       		.sleb128 0
ARM GAS  /tmp/ccCrXa88.s 			page 29


 1594 0157 24       		.byte	0x24
 1595 0158 9F       		.byte	0x9f
 1596 0159 00000000 		.4byte	0
 1597 015d 00000000 		.4byte	0
 1598              	.LLST10:
 1599 0161 46000000 		.4byte	.LVL15
 1600 0165 50000000 		.4byte	.LVL18
 1601 0169 0700     		.2byte	0x7
 1602 016b 33       		.byte	0x33
 1603 016c 73       		.byte	0x73
 1604 016d 00       		.sleb128 0
 1605 016e 31       		.byte	0x31
 1606 016f 24       		.byte	0x24
 1607 0170 24       		.byte	0x24
 1608 0171 9F       		.byte	0x9f
 1609 0172 50000000 		.4byte	.LVL18
 1610 0176 52000000 		.4byte	.LVL19
 1611 017a 0100     		.2byte	0x1
 1612 017c 52       		.byte	0x52
 1613 017d 52000000 		.4byte	.LVL19
 1614 0181 5E000000 		.4byte	.LVL21
 1615 0185 0400     		.2byte	0x4
 1616 0187 72       		.byte	0x72
 1617 0188 00       		.sleb128 0
 1618 0189 20       		.byte	0x20
 1619 018a 9F       		.byte	0x9f
 1620 018b 5E000000 		.4byte	.LVL21
 1621 018f 76000000 		.4byte	.LVL22
 1622 0193 0400     		.2byte	0x4
 1623 0195 7C       		.byte	0x7c
 1624 0196 00       		.sleb128 0
 1625 0197 20       		.byte	0x20
 1626 0198 9F       		.byte	0x9f
 1627 0199 00000000 		.4byte	0
 1628 019d 00000000 		.4byte	0
 1629              	.LLST11:
 1630 01a1 30000000 		.4byte	.LVL11
 1631 01a5 36000000 		.4byte	.LVL12
 1632 01a9 0100     		.2byte	0x1
 1633 01ab 54       		.byte	0x54
 1634 01ac 36000000 		.4byte	.LVL12
 1635 01b0 5C000000 		.4byte	.LVL20
 1636 01b4 0100     		.2byte	0x1
 1637 01b6 5C       		.byte	0x5c
 1638 01b7 5C000000 		.4byte	.LVL20
 1639 01bb 76000000 		.4byte	.LVL22
 1640 01bf 0A00     		.2byte	0xa
 1641 01c1 3F       		.byte	0x3f
 1642 01c2 79       		.byte	0x79
 1643 01c3 00       		.sleb128 0
 1644 01c4 73       		.byte	0x73
 1645 01c5 00       		.sleb128 0
 1646 01c6 1A       		.byte	0x1a
 1647 01c7 32       		.byte	0x32
 1648 01c8 24       		.byte	0x24
 1649 01c9 24       		.byte	0x24
 1650 01ca 9F       		.byte	0x9f
ARM GAS  /tmp/ccCrXa88.s 			page 30


 1651 01cb A0000000 		.4byte	.LVL31
 1652 01cf A8000000 		.4byte	.LVL32
 1653 01d3 0100     		.2byte	0x1
 1654 01d5 54       		.byte	0x54
 1655 01d6 A8000000 		.4byte	.LVL32
 1656 01da B4000000 		.4byte	.LVL33
 1657 01de 0100     		.2byte	0x1
 1658 01e0 5C       		.byte	0x5c
 1659 01e1 00000000 		.4byte	0
 1660 01e5 00000000 		.4byte	0
 1661              		.section	.debug_aranges,"",%progbits
 1662 0000 24000000 		.4byte	0x24
 1663 0004 0200     		.2byte	0x2
 1664 0006 00000000 		.4byte	.Ldebug_info0
 1665 000a 04       		.byte	0x4
 1666 000b 00       		.byte	0
 1667 000c 0000     		.2byte	0
 1668 000e 0000     		.2byte	0
 1669 0010 00000000 		.4byte	.LFB41
 1670 0014 C0000000 		.4byte	.LFE41-.LFB41
 1671 0018 00000000 		.4byte	.LFB42
 1672 001c C2000000 		.4byte	.LFE42-.LFB42
 1673 0020 00000000 		.4byte	0
 1674 0024 00000000 		.4byte	0
 1675              		.section	.debug_ranges,"",%progbits
 1676              	.Ldebug_ranges0:
 1677 0000 0C000000 		.4byte	.LBB12
 1678 0004 16000000 		.4byte	.LBE12
 1679 0008 16000000 		.4byte	.LBB15
 1680 000c 2C000000 		.4byte	.LBE15
 1681 0010 00000000 		.4byte	0
 1682 0014 00000000 		.4byte	0
 1683 0018 1A000000 		.4byte	.LBB24
 1684 001c 1C000000 		.4byte	.LBE24
 1685 0020 24000000 		.4byte	.LBB25
 1686 0024 26000000 		.4byte	.LBE25
 1687 0028 2A000000 		.4byte	.LBB26
 1688 002c 76000000 		.4byte	.LBE26
 1689 0030 8E000000 		.4byte	.LBB27
 1690 0034 B4000000 		.4byte	.LBE27
 1691 0038 00000000 		.4byte	0
 1692 003c 00000000 		.4byte	0
 1693 0040 00000000 		.4byte	.LFB41
 1694 0044 C0000000 		.4byte	.LFE41
 1695 0048 00000000 		.4byte	.LFB42
 1696 004c C2000000 		.4byte	.LFE42
 1697 0050 00000000 		.4byte	0
 1698 0054 00000000 		.4byte	0
 1699              		.section	.debug_line,"",%progbits
 1700              	.Ldebug_line0:
 1701 0000 72010000 		.section	.debug_str,"MS",%progbits,1
 1701      0200DF00 
 1701      00000201 
 1701      FB0E0D00 
 1701      01010101 
 1702              	.LASF36:
 1703 0000 4750494F 		.ascii	"GPIO_TypeDef\000"
ARM GAS  /tmp/ccCrXa88.s 			page 31


 1703      5F547970 
 1703      65446566 
 1703      00
 1704              	.LASF46:
 1705 000d 50434461 		.ascii	"PCData\000"
 1705      746100
 1706              	.LASF65:
 1707 0014 5F70616C 		.ascii	"_pal_lld_setgroupmode\000"
 1707      5F6C6C64 
 1707      5F736574 
 1707      67726F75 
 1707      706D6F64 
 1708              	.LASF18:
 1709 002a 41504231 		.ascii	"APB1RSTR\000"
 1709      52535452 
 1709      00
 1710              	.LASF64:
 1711 0033 5F70616C 		.ascii	"_pal_lld_init\000"
 1711      5F6C6C64 
 1711      5F696E69 
 1711      7400
 1712              	.LASF43:
 1713 0041 73746D33 		.ascii	"stm32_gpio_setup_t\000"
 1713      325F6770 
 1713      696F5F73 
 1713      65747570 
 1713      5F7400
 1714              	.LASF48:
 1715 0054 50464461 		.ascii	"PFData\000"
 1715      746100
 1716              	.LASF3:
 1717 005b 73686F72 		.ascii	"short int\000"
 1717      7420696E 
 1717      7400
 1718              	.LASF63:
 1719 0065 696E6974 		.ascii	"initgpio\000"
 1719      6770696F 
 1719      00
 1720              	.LASF14:
 1721 006e 73697A65 		.ascii	"sizetype\000"
 1721      74797065 
 1721      00
 1722              	.LASF22:
 1723 0077 42444352 		.ascii	"BDCR\000"
 1723      00
 1724              	.LASF53:
 1725 007c 6770696F 		.ascii	"gpiop\000"
 1725      7000
 1726              	.LASF7:
 1727 0082 5F5F7569 		.ascii	"__uint32_t\000"
 1727      6E743332 
 1727      5F7400
 1728              	.LASF57:
 1729 008d 6D6F6465 		.ascii	"mode\000"
 1729      00
 1730              	.LASF6:
 1731 0092 5F5F7569 		.ascii	"__uint16_t\000"
ARM GAS  /tmp/ccCrXa88.s 			page 32


 1731      6E743136 
 1731      5F7400
 1732              	.LASF54:
 1733 009d 636F6E66 		.ascii	"config\000"
 1733      696700
 1734              	.LASF16:
 1735 00a4 43464752 		.ascii	"CFGR\000"
 1735      00
 1736              	.LASF38:
 1737 00a9 6F747970 		.ascii	"otyper\000"
 1737      657200
 1738              	.LASF21:
 1739 00b0 41504231 		.ascii	"APB1ENR\000"
 1739      454E5200 
 1740              	.LASF29:
 1741 00b8 4F545950 		.ascii	"OTYPER\000"
 1741      455200
 1742              	.LASF44:
 1743 00bf 50414461 		.ascii	"PAData\000"
 1743      746100
 1744              	.LASF9:
 1745 00c6 6C6F6E67 		.ascii	"long long int\000"
 1745      206C6F6E 
 1745      6720696E 
 1745      7400
 1746              	.LASF31:
 1747 00d4 50555044 		.ascii	"PUPDR\000"
 1747      5200
 1748              	.LASF39:
 1749 00da 6F737065 		.ascii	"ospeedr\000"
 1749      65647200 
 1750              	.LASF5:
 1751 00e2 6C6F6E67 		.ascii	"long int\000"
 1751      20696E74 
 1751      00
 1752              	.LASF47:
 1753 00eb 50444461 		.ascii	"PDData\000"
 1753      746100
 1754              	.LASF26:
 1755 00f2 5243435F 		.ascii	"RCC_TypeDef\000"
 1755      54797065 
 1755      44656600 
 1756              	.LASF32:
 1757 00fe 42535252 		.ascii	"BSRR\000"
 1757      00
 1758              	.LASF19:
 1759 0103 41484245 		.ascii	"AHBENR\000"
 1759      4E5200
 1760              	.LASF28:
 1761 010a 4D4F4445 		.ascii	"MODER\000"
 1761      5200
 1762              	.LASF17:
 1763 0110 41504232 		.ascii	"APB2RSTR\000"
 1763      52535452 
 1763      00
 1764              	.LASF27:
 1765 0119 636C6561 		.ascii	"clear\000"
ARM GAS  /tmp/ccCrXa88.s 			page 33


 1765      7200
 1766              	.LASF52:
 1767 011f 696F706F 		.ascii	"ioportid_t\000"
 1767      72746964 
 1767      5F7400
 1768              	.LASF2:
 1769 012a 756E7369 		.ascii	"unsigned char\000"
 1769      676E6564 
 1769      20636861 
 1769      7200
 1770              	.LASF20:
 1771 0138 41504232 		.ascii	"APB2ENR\000"
 1771      454E5200 
 1772              	.LASF1:
 1773 0140 7369676E 		.ascii	"signed char\000"
 1773      65642063 
 1773      68617200 
 1774              	.LASF10:
 1775 014c 6C6F6E67 		.ascii	"long long unsigned int\000"
 1775      206C6F6E 
 1775      6720756E 
 1775      7369676E 
 1775      65642069 
 1776              	.LASF12:
 1777 0163 75696E74 		.ascii	"uint32_t\000"
 1777      33325F74 
 1777      00
 1778              	.LASF0:
 1779 016c 756E7369 		.ascii	"unsigned int\000"
 1779      676E6564 
 1779      20696E74 
 1779      00
 1780              	.LASF24:
 1781 0179 43464752 		.ascii	"CFGR2\000"
 1781      3200
 1782              	.LASF25:
 1783 017f 43464752 		.ascii	"CFGR3\000"
 1783      3300
 1784              	.LASF51:
 1785 0185 696F6D6F 		.ascii	"iomode_t\000"
 1785      64655F74 
 1785      00
 1786              	.LASF35:
 1787 018e 41465248 		.ascii	"AFRH\000"
 1787      00
 1788              	.LASF34:
 1789 0193 4146524C 		.ascii	"AFRL\000"
 1789      00
 1790              	.LASF4:
 1791 0198 73686F72 		.ascii	"short unsigned int\000"
 1791      7420756E 
 1791      7369676E 
 1791      65642069 
 1791      6E7400
 1792              	.LASF50:
 1793 01ab 696F706F 		.ascii	"ioportmask_t\000"
 1793      72746D61 
ARM GAS  /tmp/ccCrXa88.s 			page 34


 1793      736B5F74 
 1793      00
 1794              	.LASF15:
 1795 01b8 63686172 		.ascii	"char\000"
 1795      00
 1796              	.LASF11:
 1797 01bd 75696E74 		.ascii	"uint16_t\000"
 1797      31365F74 
 1797      00
 1798              	.LASF49:
 1799 01c6 50414C43 		.ascii	"PALConfig\000"
 1799      6F6E6669 
 1799      6700
 1800              	.LASF45:
 1801 01d0 50424461 		.ascii	"PBData\000"
 1801      746100
 1802              	.LASF13:
 1803 01d7 5F426F6F 		.ascii	"_Bool\000"
 1803      6C00
 1804              	.LASF55:
 1805 01dd 706F7274 		.ascii	"port\000"
 1805      00
 1806              	.LASF58:
 1807 01e2 616C7472 		.ascii	"altr\000"
 1807      00
 1808              	.LASF62:
 1809 01e7 2F686F6D 		.ascii	"/home/ece497/vbox-shared/mplayer/ChibiOS-RT-stable_"
 1809      652F6563 
 1809      65343937 
 1809      2F76626F 
 1809      782D7368 
 1810 021a 322E362E 		.ascii	"2.6.x/demos/ARMCM0-STM32F051-DISCOVERY\000"
 1810      782F6465 
 1810      6D6F732F 
 1810      41524D43 
 1810      4D302D53 
 1811              	.LASF30:
 1812 0241 4F535045 		.ascii	"OSPEEDR\000"
 1812      45445200 
 1813              	.LASF8:
 1814 0249 6C6F6E67 		.ascii	"long unsigned int\000"
 1814      20756E73 
 1814      69676E65 
 1814      6420696E 
 1814      7400
 1815              	.LASF60:
 1816 025b 474E5520 		.ascii	"GNU C 4.8.2 -mcpu=cortex-m0 -mno-thumb-interwork -m"
 1816      4320342E 
 1816      382E3220 
 1816      2D6D6370 
 1816      753D636F 
 1817 028e 7468756D 		.ascii	"thumb -ggdb -O2 -fomit-frame-pointer -falign-functi"
 1817      62202D67 
 1817      67646220 
 1817      2D4F3220 
 1817      2D666F6D 
 1818 02c1 6F6E733D 		.ascii	"ons=16 -ffunction-sections -fdata-sections -fno-com"
ARM GAS  /tmp/ccCrXa88.s 			page 35


 1818      3136202D 
 1818      6666756E 
 1818      6374696F 
 1818      6E2D7365 
 1819 02f4 6D6F6E00 		.ascii	"mon\000"
 1820              	.LASF56:
 1821 02f8 6D61736B 		.ascii	"mask\000"
 1821      00
 1822              	.LASF40:
 1823 02fd 70757064 		.ascii	"pupdr\000"
 1823      7200
 1824              	.LASF42:
 1825 0303 61667268 		.ascii	"afrh\000"
 1825      00
 1826              	.LASF23:
 1827 0308 41484252 		.ascii	"AHBRSTR\000"
 1827      53545200 
 1828              	.LASF41:
 1829 0310 6166726C 		.ascii	"afrl\000"
 1829      00
 1830              	.LASF37:
 1831 0315 6D6F6465 		.ascii	"moder\000"
 1831      7200
 1832              	.LASF59:
 1833 031b 616C7472 		.ascii	"altrmask\000"
 1833      6D61736B 
 1833      00
 1834              	.LASF33:
 1835 0324 4C434B52 		.ascii	"LCKR\000"
 1835      00
 1836              	.LASF61:
 1837 0329 2E2E2F2E 		.ascii	"../../os/hal/platforms/STM32/GPIOv2/pal_lld.c\000"
 1837      2E2F6F73 
 1837      2F68616C 
 1837      2F706C61 
 1837      74666F72 
 1838              		.ident	"GCC: (Arch Repository) 4.8.2"
ARM GAS  /tmp/ccCrXa88.s 			page 36


DEFINED SYMBOLS
                            *ABS*:0000000000000000 pal_lld.c
     /tmp/ccCrXa88.s:18     .text._pal_lld_init:0000000000000000 $t
     /tmp/ccCrXa88.s:24     .text._pal_lld_init:0000000000000000 _pal_lld_init
     /tmp/ccCrXa88.s:188    .text._pal_lld_init:00000000000000ac $d
     /tmp/ccCrXa88.s:197    .text._pal_lld_setgroupmode:0000000000000000 $t
     /tmp/ccCrXa88.s:203    .text._pal_lld_setgroupmode:0000000000000000 _pal_lld_setgroupmode
                     .debug_frame:0000000000000010 $d

NO UNDEFINED SYMBOLS
