ARM GAS  /tmp/ccPpq7In.s 			page 1


   1              		.cpu cortex-m0
   2              		.fpu softvfp
   3              		.eabi_attribute 20, 1
   4              		.eabi_attribute 21, 1
   5              		.eabi_attribute 23, 3
   6              		.eabi_attribute 24, 1
   7              		.eabi_attribute 25, 1
   8              		.eabi_attribute 26, 1
   9              		.eabi_attribute 30, 2
  10              		.eabi_attribute 34, 0
  11              		.eabi_attribute 18, 4
  12              		.code	16
  13              		.file	"pwm_lld.c"
  14              		.text
  15              	.Ltext0:
  16              		.cfi_sections	.debug_frame
  17              	.Letext0:
  18              		.section	.debug_info,"",%progbits
  19              	.Ldebug_info0:
  20 0000 75000000 		.4byte	0x75
  21 0004 0400     		.2byte	0x4
  22 0006 00000000 		.4byte	.Ldebug_abbrev0
  23 000a 04       		.byte	0x4
  24 000b 01       		.uleb128 0x1
  25 000c 16010000 		.4byte	.LASF12
  26 0010 01       		.byte	0x1
  27 0011 9E000000 		.4byte	.LASF13
  28 0015 44000000 		.4byte	.LASF14
  29 0019 00000000 		.4byte	.Ldebug_line0
  30 001d 02       		.uleb128 0x2
  31 001e 04       		.byte	0x4
  32 001f 05       		.byte	0x5
  33 0020 696E7400 		.ascii	"int\000"
  34 0024 03       		.uleb128 0x3
  35 0025 04       		.byte	0x4
  36 0026 07       		.byte	0x7
  37 0027 0E000000 		.4byte	.LASF0
  38 002b 03       		.uleb128 0x3
  39 002c 01       		.byte	0x1
  40 002d 06       		.byte	0x6
  41 002e 00010000 		.4byte	.LASF1
  42 0032 03       		.uleb128 0x3
  43 0033 01       		.byte	0x1
  44 0034 08       		.byte	0x8
  45 0035 CB000000 		.4byte	.LASF2
  46 0039 03       		.uleb128 0x3
  47 003a 02       		.byte	0x2
  48 003b 05       		.byte	0x5
  49 003c 0C010000 		.4byte	.LASF3
  50 0040 03       		.uleb128 0x3
  51 0041 02       		.byte	0x2
  52 0042 07       		.byte	0x7
  53 0043 ED000000 		.4byte	.LASF4
  54 0047 03       		.uleb128 0x3
  55 0048 04       		.byte	0x4
  56 0049 05       		.byte	0x5
  57 004a DE000000 		.4byte	.LASF5
ARM GAS  /tmp/ccPpq7In.s 			page 2


  58 004e 03       		.uleb128 0x3
  59 004f 04       		.byte	0x4
  60 0050 07       		.byte	0x7
  61 0051 1B000000 		.4byte	.LASF6
  62 0055 03       		.uleb128 0x3
  63 0056 08       		.byte	0x8
  64 0057 05       		.byte	0x5
  65 0058 00000000 		.4byte	.LASF7
  66 005c 03       		.uleb128 0x3
  67 005d 08       		.byte	0x8
  68 005e 07       		.byte	0x7
  69 005f 2D000000 		.4byte	.LASF8
  70 0063 03       		.uleb128 0x3
  71 0064 01       		.byte	0x1
  72 0065 02       		.byte	0x2
  73 0066 E7000000 		.4byte	.LASF9
  74 006a 03       		.uleb128 0x3
  75 006b 04       		.byte	0x4
  76 006c 07       		.byte	0x7
  77 006d B3010000 		.4byte	.LASF10
  78 0071 03       		.uleb128 0x3
  79 0072 01       		.byte	0x1
  80 0073 08       		.byte	0x8
  81 0074 D9000000 		.4byte	.LASF11
  82 0078 00       		.byte	0
  83              		.section	.debug_abbrev,"",%progbits
  84              	.Ldebug_abbrev0:
  85 0000 01       		.uleb128 0x1
  86 0001 11       		.uleb128 0x11
  87 0002 01       		.byte	0x1
  88 0003 25       		.uleb128 0x25
  89 0004 0E       		.uleb128 0xe
  90 0005 13       		.uleb128 0x13
  91 0006 0B       		.uleb128 0xb
  92 0007 03       		.uleb128 0x3
  93 0008 0E       		.uleb128 0xe
  94 0009 1B       		.uleb128 0x1b
  95 000a 0E       		.uleb128 0xe
  96 000b 10       		.uleb128 0x10
  97 000c 17       		.uleb128 0x17
  98 000d 00       		.byte	0
  99 000e 00       		.byte	0
 100 000f 02       		.uleb128 0x2
 101 0010 24       		.uleb128 0x24
 102 0011 00       		.byte	0
 103 0012 0B       		.uleb128 0xb
 104 0013 0B       		.uleb128 0xb
 105 0014 3E       		.uleb128 0x3e
 106 0015 0B       		.uleb128 0xb
 107 0016 03       		.uleb128 0x3
 108 0017 08       		.uleb128 0x8
 109 0018 00       		.byte	0
 110 0019 00       		.byte	0
 111 001a 03       		.uleb128 0x3
 112 001b 24       		.uleb128 0x24
 113 001c 00       		.byte	0
 114 001d 0B       		.uleb128 0xb
ARM GAS  /tmp/ccPpq7In.s 			page 3


 115 001e 0B       		.uleb128 0xb
 116 001f 3E       		.uleb128 0x3e
 117 0020 0B       		.uleb128 0xb
 118 0021 03       		.uleb128 0x3
 119 0022 0E       		.uleb128 0xe
 120 0023 00       		.byte	0
 121 0024 00       		.byte	0
 122 0025 00       		.byte	0
 123              		.section	.debug_aranges,"",%progbits
 124 0000 14000000 		.4byte	0x14
 125 0004 0200     		.2byte	0x2
 126 0006 00000000 		.4byte	.Ldebug_info0
 127 000a 04       		.byte	0x4
 128 000b 00       		.byte	0
 129 000c 0000     		.2byte	0
 130 000e 0000     		.2byte	0
 131 0010 00000000 		.4byte	0
 132 0014 00000000 		.4byte	0
 133              		.section	.debug_line,"",%progbits
 134              	.Ldebug_line0:
 135 0000 19000000 		.section	.debug_str,"MS",%progbits,1
 135      02001300 
 135      00000201 
 135      FB0E0D00 
 135      01010101 
 136              	.LASF7:
 137 0000 6C6F6E67 		.ascii	"long long int\000"
 137      206C6F6E 
 137      6720696E 
 137      7400
 138              	.LASF0:
 139 000e 756E7369 		.ascii	"unsigned int\000"
 139      676E6564 
 139      20696E74 
 139      00
 140              	.LASF6:
 141 001b 6C6F6E67 		.ascii	"long unsigned int\000"
 141      20756E73 
 141      69676E65 
 141      6420696E 
 141      7400
 142              	.LASF8:
 143 002d 6C6F6E67 		.ascii	"long long unsigned int\000"
 143      206C6F6E 
 143      6720756E 
 143      7369676E 
 143      65642069 
 144              	.LASF14:
 145 0044 2F686F6D 		.ascii	"/home/ece497/vbox-shared/mplayer/ChibiOS-RT-stable_"
 145      652F6563 
 145      65343937 
 145      2F76626F 
 145      782D7368 
 146 0077 322E362E 		.ascii	"2.6.x/demos/ARMCM0-STM32F051-DISCOVERY\000"
 146      782F6465 
 146      6D6F732F 
 146      41524D43 
ARM GAS  /tmp/ccPpq7In.s 			page 4


 146      4D302D53 
 147              	.LASF13:
 148 009e 2E2E2F2E 		.ascii	"../../os/hal/platforms/STM32/TIMv1/pwm_lld.c\000"
 148      2E2F6F73 
 148      2F68616C 
 148      2F706C61 
 148      74666F72 
 149              	.LASF2:
 150 00cb 756E7369 		.ascii	"unsigned char\000"
 150      676E6564 
 150      20636861 
 150      7200
 151              	.LASF11:
 152 00d9 63686172 		.ascii	"char\000"
 152      00
 153              	.LASF5:
 154 00de 6C6F6E67 		.ascii	"long int\000"
 154      20696E74 
 154      00
 155              	.LASF9:
 156 00e7 5F426F6F 		.ascii	"_Bool\000"
 156      6C00
 157              	.LASF4:
 158 00ed 73686F72 		.ascii	"short unsigned int\000"
 158      7420756E 
 158      7369676E 
 158      65642069 
 158      6E7400
 159              	.LASF1:
 160 0100 7369676E 		.ascii	"signed char\000"
 160      65642063 
 160      68617200 
 161              	.LASF3:
 162 010c 73686F72 		.ascii	"short int\000"
 162      7420696E 
 162      7400
 163              	.LASF12:
 164 0116 474E5520 		.ascii	"GNU C 4.8.2 -mcpu=cortex-m0 -mno-thumb-interwork -m"
 164      4320342E 
 164      382E3220 
 164      2D6D6370 
 164      753D636F 
 165 0149 7468756D 		.ascii	"thumb -ggdb -O2 -fomit-frame-pointer -falign-functi"
 165      62202D67 
 165      67646220 
 165      2D4F3220 
 165      2D666F6D 
 166 017c 6F6E733D 		.ascii	"ons=16 -ffunction-sections -fdata-sections -fno-com"
 166      3136202D 
 166      6666756E 
 166      6374696F 
 166      6E2D7365 
 167 01af 6D6F6E00 		.ascii	"mon\000"
 168              	.LASF10:
 169 01b3 73697A65 		.ascii	"sizetype\000"
 169      74797065 
 169      00
ARM GAS  /tmp/ccPpq7In.s 			page 5


 170              		.ident	"GCC: (Arch Repository) 4.8.2"
ARM GAS  /tmp/ccPpq7In.s 			page 6


DEFINED SYMBOLS
                            *ABS*:0000000000000000 pwm_lld.c

NO UNDEFINED SYMBOLS
