ARM GAS  /tmp/ccLT1fAt.s 			page 1


   1              		.cpu cortex-m0
   2              		.fpu softvfp
   3              		.eabi_attribute 20, 1
   4              		.eabi_attribute 21, 1
   5              		.eabi_attribute 23, 3
   6              		.eabi_attribute 24, 1
   7              		.eabi_attribute 25, 1
   8              		.eabi_attribute 26, 1
   9              		.eabi_attribute 30, 2
  10              		.eabi_attribute 34, 0
  11              		.eabi_attribute 18, 4
  12              		.code	16
  13              		.file	"vectors.c"
  14              		.text
  15              	.Ltext0:
  16              		.cfi_sections	.debug_frame
  17              		.section	.text._unhandled_exception,"ax",%progbits
  18              		.align	2
  19              		.p2align 4,,15
  20              		.global	_unhandled_exception
  21              		.code	16
  22              		.thumb_func
  23              		.type	_unhandled_exception, %function
  24              	_unhandled_exception:
  25              	.LFB7:
  26              		.file 1 "../../os/ports/GCC/ARMCMx/STM32F0xx/vectors.c"
  27              		.loc 1 152 0
  28              		.cfi_startproc
  29              	.L2:
  30 0000 FEE7     		b	.L2
  31              		.cfi_endproc
  32              	.LFE7:
  33              		.size	_unhandled_exception, .-_unhandled_exception
  34              		.weak	NMIVector
  35              		.thumb_set NMIVector,_unhandled_exception
  36              		.weak	HardFaultVector
  37              		.thumb_set HardFaultVector,_unhandled_exception
  38              		.weak	MemManageVector
  39              		.thumb_set MemManageVector,_unhandled_exception
  40              		.weak	BusFaultVector
  41              		.thumb_set BusFaultVector,_unhandled_exception
  42              		.weak	UsageFaultVector
  43              		.thumb_set UsageFaultVector,_unhandled_exception
  44              		.weak	Vector1C
  45              		.thumb_set Vector1C,_unhandled_exception
  46              		.weak	Vector20
  47              		.thumb_set Vector20,_unhandled_exception
  48              		.weak	Vector24
  49              		.thumb_set Vector24,_unhandled_exception
  50              		.weak	Vector28
  51              		.thumb_set Vector28,_unhandled_exception
  52              		.weak	SVCallVector
  53              		.thumb_set SVCallVector,_unhandled_exception
  54              		.weak	DebugMonitorVector
  55              		.thumb_set DebugMonitorVector,_unhandled_exception
  56              		.weak	Vector34
  57              		.thumb_set Vector34,_unhandled_exception
ARM GAS  /tmp/ccLT1fAt.s 			page 2


  58              		.weak	PendSVVector
  59              		.thumb_set PendSVVector,_unhandled_exception
  60              		.weak	SysTickVector
  61              		.thumb_set SysTickVector,_unhandled_exception
  62              		.weak	Vector40
  63              		.thumb_set Vector40,_unhandled_exception
  64              		.weak	Vector44
  65              		.thumb_set Vector44,_unhandled_exception
  66              		.weak	Vector48
  67              		.thumb_set Vector48,_unhandled_exception
  68              		.weak	Vector4C
  69              		.thumb_set Vector4C,_unhandled_exception
  70              		.weak	Vector50
  71              		.thumb_set Vector50,_unhandled_exception
  72              		.weak	Vector54
  73              		.thumb_set Vector54,_unhandled_exception
  74              		.weak	Vector58
  75              		.thumb_set Vector58,_unhandled_exception
  76              		.weak	Vector5C
  77              		.thumb_set Vector5C,_unhandled_exception
  78              		.weak	Vector60
  79              		.thumb_set Vector60,_unhandled_exception
  80              		.weak	Vector64
  81              		.thumb_set Vector64,_unhandled_exception
  82              		.weak	Vector68
  83              		.thumb_set Vector68,_unhandled_exception
  84              		.weak	Vector6C
  85              		.thumb_set Vector6C,_unhandled_exception
  86              		.weak	Vector70
  87              		.thumb_set Vector70,_unhandled_exception
  88              		.weak	Vector74
  89              		.thumb_set Vector74,_unhandled_exception
  90              		.weak	Vector78
  91              		.thumb_set Vector78,_unhandled_exception
  92              		.weak	Vector7C
  93              		.thumb_set Vector7C,_unhandled_exception
  94              		.weak	Vector80
  95              		.thumb_set Vector80,_unhandled_exception
  96              		.weak	Vector84
  97              		.thumb_set Vector84,_unhandled_exception
  98              		.weak	Vector88
  99              		.thumb_set Vector88,_unhandled_exception
 100              		.weak	Vector8C
 101              		.thumb_set Vector8C,_unhandled_exception
 102              		.weak	Vector90
 103              		.thumb_set Vector90,_unhandled_exception
 104              		.weak	Vector94
 105              		.thumb_set Vector94,_unhandled_exception
 106              		.weak	Vector98
 107              		.thumb_set Vector98,_unhandled_exception
 108              		.weak	Vector9C
 109              		.thumb_set Vector9C,_unhandled_exception
 110              		.weak	VectorA0
 111              		.thumb_set VectorA0,_unhandled_exception
 112              		.weak	VectorA4
 113              		.thumb_set VectorA4,_unhandled_exception
 114              		.weak	VectorA8
ARM GAS  /tmp/ccLT1fAt.s 			page 3


 115              		.thumb_set VectorA8,_unhandled_exception
 116              		.weak	VectorAC
 117              		.thumb_set VectorAC,_unhandled_exception
 118              		.weak	VectorB0
 119              		.thumb_set VectorB0,_unhandled_exception
 120              		.weak	VectorB4
 121              		.thumb_set VectorB4,_unhandled_exception
 122              		.weak	VectorB8
 123              		.thumb_set VectorB8,_unhandled_exception
 124              		.weak	VectorBC
 125              		.thumb_set VectorBC,_unhandled_exception
 126              		.global	_vectors
 127 0002 C046C046 		.section	vectors,"aw",%progbits
 127      C046C046 
 127      C046C046 
 127      C046
 128              		.align	2
 129              		.type	_vectors, %object
 130              		.size	_vectors, 192
 131              	_vectors:
 132 0000 00000000 		.word	__main_stack_end__
 133 0004 00000000 		.word	ResetHandler
 134 0008 00000000 		.word	NMIVector
 135 000c 00000000 		.word	HardFaultVector
 136 0010 00000000 		.word	MemManageVector
 137 0014 00000000 		.word	BusFaultVector
 138 0018 00000000 		.word	UsageFaultVector
 139 001c 00000000 		.word	Vector1C
 140 0020 00000000 		.word	Vector20
 141 0024 00000000 		.word	Vector24
 142 0028 00000000 		.word	Vector28
 143 002c 00000000 		.word	SVCallVector
 144 0030 00000000 		.word	DebugMonitorVector
 145 0034 00000000 		.word	Vector34
 146 0038 00000000 		.word	PendSVVector
 147 003c 00000000 		.word	SysTickVector
 148 0040 00000000 		.word	Vector40
 149 0044 00000000 		.word	Vector44
 150 0048 00000000 		.word	Vector48
 151 004c 00000000 		.word	Vector4C
 152 0050 00000000 		.word	Vector50
 153 0054 00000000 		.word	Vector54
 154 0058 00000000 		.word	Vector58
 155 005c 00000000 		.word	Vector5C
 156 0060 00000000 		.word	Vector60
 157 0064 00000000 		.word	Vector64
 158 0068 00000000 		.word	Vector68
 159 006c 00000000 		.word	Vector6C
 160 0070 00000000 		.word	Vector70
 161 0074 00000000 		.word	Vector74
 162 0078 00000000 		.word	Vector78
 163 007c 00000000 		.word	Vector7C
 164 0080 00000000 		.word	Vector80
 165 0084 00000000 		.word	Vector84
 166 0088 00000000 		.word	Vector88
 167 008c 00000000 		.word	Vector8C
 168 0090 00000000 		.word	Vector90
ARM GAS  /tmp/ccLT1fAt.s 			page 4


 169 0094 00000000 		.word	Vector94
 170 0098 00000000 		.word	Vector98
 171 009c 00000000 		.word	Vector9C
 172 00a0 00000000 		.word	VectorA0
 173 00a4 00000000 		.word	VectorA4
 174 00a8 00000000 		.word	VectorA8
 175 00ac 00000000 		.word	VectorAC
 176 00b0 00000000 		.word	VectorB0
 177 00b4 00000000 		.word	VectorB4
 178 00b8 00000000 		.word	VectorB8
 179 00bc 00000000 		.word	VectorBC
 180              		.text
 181              	.Letext0:
 182              		.file 2 "/usr/arm-none-eabi/include/machine/_default_types.h"
 183              		.file 3 "/usr/arm-none-eabi/include/stdint.h"
 184              		.section	.debug_info,"",%progbits
 185              	.Ldebug_info0:
 186 0000 C8010000 		.4byte	0x1c8
 187 0004 0400     		.2byte	0x4
 188 0006 00000000 		.4byte	.Ldebug_abbrev0
 189 000a 04       		.byte	0x4
 190 000b 01       		.uleb128 0x1
 191 000c 28000000 		.4byte	.LASF35
 192 0010 01       		.byte	0x1
 193 0011 7B020000 		.4byte	.LASF36
 194 0015 7C010000 		.4byte	.LASF37
 195 0019 00000000 		.4byte	.Ldebug_ranges0+0
 196 001d 00000000 		.4byte	0
 197 0021 00000000 		.4byte	.Ldebug_line0
 198 0025 02       		.uleb128 0x2
 199 0026 04       		.byte	0x4
 200 0027 05       		.byte	0x5
 201 0028 696E7400 		.ascii	"int\000"
 202 002c 03       		.uleb128 0x3
 203 002d 04       		.byte	0x4
 204 002e 07       		.byte	0x7
 205 002f 3D010000 		.4byte	.LASF0
 206 0033 03       		.uleb128 0x3
 207 0034 01       		.byte	0x1
 208 0035 06       		.byte	0x6
 209 0036 B2020000 		.4byte	.LASF1
 210 003a 03       		.uleb128 0x3
 211 003b 01       		.byte	0x1
 212 003c 08       		.byte	0x8
 213 003d DE000000 		.4byte	.LASF2
 214 0041 03       		.uleb128 0x3
 215 0042 02       		.byte	0x2
 216 0043 05       		.byte	0x5
 217 0044 64020000 		.4byte	.LASF3
 218 0048 03       		.uleb128 0x3
 219 0049 02       		.byte	0x2
 220 004a 07       		.byte	0x7
 221 004b FE000000 		.4byte	.LASF4
 222 004f 03       		.uleb128 0x3
 223 0050 04       		.byte	0x4
 224 0051 05       		.byte	0x5
 225 0052 A9020000 		.4byte	.LASF5
ARM GAS  /tmp/ccLT1fAt.s 			page 5


 226 0056 04       		.uleb128 0x4
 227 0057 32010000 		.4byte	.LASF9
 228 005b 02       		.byte	0x2
 229 005c 38       		.byte	0x38
 230 005d 61000000 		.4byte	0x61
 231 0061 03       		.uleb128 0x3
 232 0062 04       		.byte	0x4
 233 0063 07       		.byte	0x7
 234 0064 EC000000 		.4byte	.LASF6
 235 0068 03       		.uleb128 0x3
 236 0069 08       		.byte	0x8
 237 006a 05       		.byte	0x5
 238 006b 23020000 		.4byte	.LASF7
 239 006f 03       		.uleb128 0x3
 240 0070 08       		.byte	0x8
 241 0071 07       		.byte	0x7
 242 0072 55010000 		.4byte	.LASF8
 243 0076 04       		.uleb128 0x4
 244 0077 11010000 		.4byte	.LASF10
 245 007b 03       		.byte	0x3
 246 007c 42       		.byte	0x42
 247 007d 56000000 		.4byte	0x56
 248 0081 03       		.uleb128 0x3
 249 0082 01       		.byte	0x1
 250 0083 02       		.byte	0x2
 251 0084 DB020000 		.4byte	.LASF11
 252 0088 03       		.uleb128 0x3
 253 0089 04       		.byte	0x4
 254 008a 07       		.byte	0x7
 255 008b FB010000 		.4byte	.LASF12
 256 008f 03       		.uleb128 0x3
 257 0090 01       		.byte	0x1
 258 0091 08       		.byte	0x8
 259 0092 31020000 		.4byte	.LASF13
 260 0096 04       		.uleb128 0x4
 261 0097 09000000 		.4byte	.LASF14
 262 009b 01       		.byte	0x1
 263 009c 2B       		.byte	0x2b
 264 009d A1000000 		.4byte	0xa1
 265 00a1 05       		.uleb128 0x5
 266 00a2 04       		.byte	0x4
 267 00a3 A7000000 		.4byte	0xa7
 268 00a7 06       		.uleb128 0x6
 269 00a8 07       		.uleb128 0x7
 270 00a9 C0       		.byte	0xc0
 271 00aa 01       		.byte	0x1
 272 00ab 30       		.byte	0x30
 273 00ac 7D010000 		.4byte	0x17d
 274 00b0 08       		.uleb128 0x8
 275 00b1 C5000000 		.4byte	.LASF15
 276 00b5 01       		.byte	0x1
 277 00b6 31       		.byte	0x31
 278 00b7 7D010000 		.4byte	0x17d
 279 00bb 00       		.byte	0
 280 00bc 08       		.uleb128 0x8
 281 00bd 6E020000 		.4byte	.LASF16
 282 00c1 01       		.byte	0x1
ARM GAS  /tmp/ccLT1fAt.s 			page 6


 283 00c2 32       		.byte	0x32
 284 00c3 96000000 		.4byte	0x96
 285 00c7 04       		.byte	0x4
 286 00c8 08       		.uleb128 0x8
 287 00c9 4A010000 		.4byte	.LASF17
 288 00cd 01       		.byte	0x1
 289 00ce 33       		.byte	0x33
 290 00cf 96000000 		.4byte	0x96
 291 00d3 08       		.byte	0x8
 292 00d4 08       		.uleb128 0x8
 293 00d5 12020000 		.4byte	.LASF18
 294 00d9 01       		.byte	0x1
 295 00da 34       		.byte	0x34
 296 00db 96000000 		.4byte	0x96
 297 00df 0C       		.byte	0xc
 298 00e0 08       		.uleb128 0x8
 299 00e1 36020000 		.4byte	.LASF19
 300 00e5 01       		.byte	0x1
 301 00e6 35       		.byte	0x35
 302 00e7 96000000 		.4byte	0x96
 303 00eb 10       		.byte	0x10
 304 00ec 08       		.uleb128 0x8
 305 00ed 6C010000 		.4byte	.LASF20
 306 00f1 01       		.byte	0x1
 307 00f2 36       		.byte	0x36
 308 00f3 96000000 		.4byte	0x96
 309 00f7 14       		.byte	0x14
 310 00f8 08       		.uleb128 0x8
 311 00f9 DF010000 		.4byte	.LASF21
 312 00fd 01       		.byte	0x1
 313 00fe 37       		.byte	0x37
 314 00ff 96000000 		.4byte	0x96
 315 0103 18       		.byte	0x18
 316 0104 08       		.uleb128 0x8
 317 0105 1A010000 		.4byte	.LASF22
 318 0109 01       		.byte	0x1
 319 010a 38       		.byte	0x38
 320 010b 96000000 		.4byte	0x96
 321 010f 1C       		.byte	0x1c
 322 0110 08       		.uleb128 0x8
 323 0111 D2020000 		.4byte	.LASF23
 324 0115 01       		.byte	0x1
 325 0116 39       		.byte	0x39
 326 0117 96000000 		.4byte	0x96
 327 011b 20       		.byte	0x20
 328 011c 08       		.uleb128 0x8
 329 011d 00000000 		.4byte	.LASF24
 330 0121 01       		.byte	0x1
 331 0122 3A       		.byte	0x3a
 332 0123 96000000 		.4byte	0x96
 333 0127 24       		.byte	0x24
 334 0128 08       		.uleb128 0x8
 335 0129 D6010000 		.4byte	.LASF25
 336 012d 01       		.byte	0x1
 337 012e 3B       		.byte	0x3b
 338 012f 96000000 		.4byte	0x96
 339 0133 28       		.byte	0x28
ARM GAS  /tmp/ccLT1fAt.s 			page 7


 340 0134 08       		.uleb128 0x8
 341 0135 D0000000 		.4byte	.LASF26
 342 0139 01       		.byte	0x1
 343 013a 3C       		.byte	0x3c
 344 013b 96000000 		.4byte	0x96
 345 013f 2C       		.byte	0x2c
 346 0140 08       		.uleb128 0x8
 347 0141 BE020000 		.4byte	.LASF27
 348 0145 01       		.byte	0x1
 349 0146 3D       		.byte	0x3d
 350 0147 96000000 		.4byte	0x96
 351 014b 30       		.byte	0x30
 352 014c 08       		.uleb128 0x8
 353 014d 16000000 		.4byte	.LASF28
 354 0151 01       		.byte	0x1
 355 0152 3E       		.byte	0x3e
 356 0153 96000000 		.4byte	0x96
 357 0157 34       		.byte	0x34
 358 0158 08       		.uleb128 0x8
 359 0159 04020000 		.4byte	.LASF29
 360 015d 01       		.byte	0x1
 361 015e 3F       		.byte	0x3f
 362 015f 96000000 		.4byte	0x96
 363 0163 38       		.byte	0x38
 364 0164 08       		.uleb128 0x8
 365 0165 23010000 		.4byte	.LASF30
 366 0169 01       		.byte	0x1
 367 016a 40       		.byte	0x40
 368 016b 96000000 		.4byte	0x96
 369 016f 3C       		.byte	0x3c
 370 0170 08       		.uleb128 0x8
 371 0171 5C020000 		.4byte	.LASF31
 372 0175 01       		.byte	0x1
 373 0176 41       		.byte	0x41
 374 0177 83010000 		.4byte	0x183
 375 017b 40       		.byte	0x40
 376 017c 00       		.byte	0
 377 017d 05       		.uleb128 0x5
 378 017e 04       		.byte	0x4
 379 017f 76000000 		.4byte	0x76
 380 0183 09       		.uleb128 0x9
 381 0184 96000000 		.4byte	0x96
 382 0188 93010000 		.4byte	0x193
 383 018c 0A       		.uleb128 0xa
 384 018d 88000000 		.4byte	0x88
 385 0191 1F       		.byte	0x1f
 386 0192 00       		.byte	0
 387 0193 04       		.uleb128 0x4
 388 0194 F1010000 		.4byte	.LASF32
 389 0198 01       		.byte	0x1
 390 0199 42       		.byte	0x42
 391 019a A8000000 		.4byte	0xa8
 392 019e 0B       		.uleb128 0xb
 393 019f 47020000 		.4byte	.LASF38
 394 01a3 01       		.byte	0x1
 395 01a4 98       		.byte	0x98
 396 01a5 00000000 		.4byte	.LFB7
ARM GAS  /tmp/ccLT1fAt.s 			page 8


 397 01a9 02000000 		.4byte	.LFE7-.LFB7
 398 01ad 01       		.uleb128 0x1
 399 01ae 9C       		.byte	0x9c
 400 01af 0C       		.uleb128 0xc
 401 01b0 E1020000 		.4byte	.LASF33
 402 01b4 01       		.byte	0x1
 403 01b5 45       		.byte	0x45
 404 01b6 76000000 		.4byte	0x76
 405 01ba 0D       		.uleb128 0xd
 406 01bb 1F000000 		.4byte	.LASF34
 407 01bf 01       		.byte	0x1
 408 01c0 7D       		.byte	0x7d
 409 01c1 93010000 		.4byte	0x193
 410 01c5 05       		.uleb128 0x5
 411 01c6 03       		.byte	0x3
 412 01c7 00000000 		.4byte	_vectors
 413 01cb 00       		.byte	0
 414              		.section	.debug_abbrev,"",%progbits
 415              	.Ldebug_abbrev0:
 416 0000 01       		.uleb128 0x1
 417 0001 11       		.uleb128 0x11
 418 0002 01       		.byte	0x1
 419 0003 25       		.uleb128 0x25
 420 0004 0E       		.uleb128 0xe
 421 0005 13       		.uleb128 0x13
 422 0006 0B       		.uleb128 0xb
 423 0007 03       		.uleb128 0x3
 424 0008 0E       		.uleb128 0xe
 425 0009 1B       		.uleb128 0x1b
 426 000a 0E       		.uleb128 0xe
 427 000b 55       		.uleb128 0x55
 428 000c 17       		.uleb128 0x17
 429 000d 11       		.uleb128 0x11
 430 000e 01       		.uleb128 0x1
 431 000f 10       		.uleb128 0x10
 432 0010 17       		.uleb128 0x17
 433 0011 00       		.byte	0
 434 0012 00       		.byte	0
 435 0013 02       		.uleb128 0x2
 436 0014 24       		.uleb128 0x24
 437 0015 00       		.byte	0
 438 0016 0B       		.uleb128 0xb
 439 0017 0B       		.uleb128 0xb
 440 0018 3E       		.uleb128 0x3e
 441 0019 0B       		.uleb128 0xb
 442 001a 03       		.uleb128 0x3
 443 001b 08       		.uleb128 0x8
 444 001c 00       		.byte	0
 445 001d 00       		.byte	0
 446 001e 03       		.uleb128 0x3
 447 001f 24       		.uleb128 0x24
 448 0020 00       		.byte	0
 449 0021 0B       		.uleb128 0xb
 450 0022 0B       		.uleb128 0xb
 451 0023 3E       		.uleb128 0x3e
 452 0024 0B       		.uleb128 0xb
 453 0025 03       		.uleb128 0x3
ARM GAS  /tmp/ccLT1fAt.s 			page 9


 454 0026 0E       		.uleb128 0xe
 455 0027 00       		.byte	0
 456 0028 00       		.byte	0
 457 0029 04       		.uleb128 0x4
 458 002a 16       		.uleb128 0x16
 459 002b 00       		.byte	0
 460 002c 03       		.uleb128 0x3
 461 002d 0E       		.uleb128 0xe
 462 002e 3A       		.uleb128 0x3a
 463 002f 0B       		.uleb128 0xb
 464 0030 3B       		.uleb128 0x3b
 465 0031 0B       		.uleb128 0xb
 466 0032 49       		.uleb128 0x49
 467 0033 13       		.uleb128 0x13
 468 0034 00       		.byte	0
 469 0035 00       		.byte	0
 470 0036 05       		.uleb128 0x5
 471 0037 0F       		.uleb128 0xf
 472 0038 00       		.byte	0
 473 0039 0B       		.uleb128 0xb
 474 003a 0B       		.uleb128 0xb
 475 003b 49       		.uleb128 0x49
 476 003c 13       		.uleb128 0x13
 477 003d 00       		.byte	0
 478 003e 00       		.byte	0
 479 003f 06       		.uleb128 0x6
 480 0040 15       		.uleb128 0x15
 481 0041 00       		.byte	0
 482 0042 27       		.uleb128 0x27
 483 0043 19       		.uleb128 0x19
 484 0044 00       		.byte	0
 485 0045 00       		.byte	0
 486 0046 07       		.uleb128 0x7
 487 0047 13       		.uleb128 0x13
 488 0048 01       		.byte	0x1
 489 0049 0B       		.uleb128 0xb
 490 004a 0B       		.uleb128 0xb
 491 004b 3A       		.uleb128 0x3a
 492 004c 0B       		.uleb128 0xb
 493 004d 3B       		.uleb128 0x3b
 494 004e 0B       		.uleb128 0xb
 495 004f 01       		.uleb128 0x1
 496 0050 13       		.uleb128 0x13
 497 0051 00       		.byte	0
 498 0052 00       		.byte	0
 499 0053 08       		.uleb128 0x8
 500 0054 0D       		.uleb128 0xd
 501 0055 00       		.byte	0
 502 0056 03       		.uleb128 0x3
 503 0057 0E       		.uleb128 0xe
 504 0058 3A       		.uleb128 0x3a
 505 0059 0B       		.uleb128 0xb
 506 005a 3B       		.uleb128 0x3b
 507 005b 0B       		.uleb128 0xb
 508 005c 49       		.uleb128 0x49
 509 005d 13       		.uleb128 0x13
 510 005e 38       		.uleb128 0x38
ARM GAS  /tmp/ccLT1fAt.s 			page 10


 511 005f 0B       		.uleb128 0xb
 512 0060 00       		.byte	0
 513 0061 00       		.byte	0
 514 0062 09       		.uleb128 0x9
 515 0063 01       		.uleb128 0x1
 516 0064 01       		.byte	0x1
 517 0065 49       		.uleb128 0x49
 518 0066 13       		.uleb128 0x13
 519 0067 01       		.uleb128 0x1
 520 0068 13       		.uleb128 0x13
 521 0069 00       		.byte	0
 522 006a 00       		.byte	0
 523 006b 0A       		.uleb128 0xa
 524 006c 21       		.uleb128 0x21
 525 006d 00       		.byte	0
 526 006e 49       		.uleb128 0x49
 527 006f 13       		.uleb128 0x13
 528 0070 2F       		.uleb128 0x2f
 529 0071 0B       		.uleb128 0xb
 530 0072 00       		.byte	0
 531 0073 00       		.byte	0
 532 0074 0B       		.uleb128 0xb
 533 0075 2E       		.uleb128 0x2e
 534 0076 00       		.byte	0
 535 0077 3F       		.uleb128 0x3f
 536 0078 19       		.uleb128 0x19
 537 0079 03       		.uleb128 0x3
 538 007a 0E       		.uleb128 0xe
 539 007b 3A       		.uleb128 0x3a
 540 007c 0B       		.uleb128 0xb
 541 007d 3B       		.uleb128 0x3b
 542 007e 0B       		.uleb128 0xb
 543 007f 27       		.uleb128 0x27
 544 0080 19       		.uleb128 0x19
 545 0081 11       		.uleb128 0x11
 546 0082 01       		.uleb128 0x1
 547 0083 12       		.uleb128 0x12
 548 0084 06       		.uleb128 0x6
 549 0085 40       		.uleb128 0x40
 550 0086 18       		.uleb128 0x18
 551 0087 9742     		.uleb128 0x2117
 552 0089 19       		.uleb128 0x19
 553 008a 00       		.byte	0
 554 008b 00       		.byte	0
 555 008c 0C       		.uleb128 0xc
 556 008d 34       		.uleb128 0x34
 557 008e 00       		.byte	0
 558 008f 03       		.uleb128 0x3
 559 0090 0E       		.uleb128 0xe
 560 0091 3A       		.uleb128 0x3a
 561 0092 0B       		.uleb128 0xb
 562 0093 3B       		.uleb128 0x3b
 563 0094 0B       		.uleb128 0xb
 564 0095 49       		.uleb128 0x49
 565 0096 13       		.uleb128 0x13
 566 0097 3F       		.uleb128 0x3f
 567 0098 19       		.uleb128 0x19
ARM GAS  /tmp/ccLT1fAt.s 			page 11


 568 0099 3C       		.uleb128 0x3c
 569 009a 19       		.uleb128 0x19
 570 009b 00       		.byte	0
 571 009c 00       		.byte	0
 572 009d 0D       		.uleb128 0xd
 573 009e 34       		.uleb128 0x34
 574 009f 00       		.byte	0
 575 00a0 03       		.uleb128 0x3
 576 00a1 0E       		.uleb128 0xe
 577 00a2 3A       		.uleb128 0x3a
 578 00a3 0B       		.uleb128 0xb
 579 00a4 3B       		.uleb128 0x3b
 580 00a5 0B       		.uleb128 0xb
 581 00a6 49       		.uleb128 0x49
 582 00a7 13       		.uleb128 0x13
 583 00a8 3F       		.uleb128 0x3f
 584 00a9 19       		.uleb128 0x19
 585 00aa 02       		.uleb128 0x2
 586 00ab 18       		.uleb128 0x18
 587 00ac 00       		.byte	0
 588 00ad 00       		.byte	0
 589 00ae 00       		.byte	0
 590              		.section	.debug_aranges,"",%progbits
 591 0000 1C000000 		.4byte	0x1c
 592 0004 0200     		.2byte	0x2
 593 0006 00000000 		.4byte	.Ldebug_info0
 594 000a 04       		.byte	0x4
 595 000b 00       		.byte	0
 596 000c 0000     		.2byte	0
 597 000e 0000     		.2byte	0
 598 0010 00000000 		.4byte	.LFB7
 599 0014 02000000 		.4byte	.LFE7-.LFB7
 600 0018 00000000 		.4byte	0
 601 001c 00000000 		.4byte	0
 602              		.section	.debug_ranges,"",%progbits
 603              	.Ldebug_ranges0:
 604 0000 00000000 		.4byte	.LFB7
 605 0004 02000000 		.4byte	.LFE7
 606 0008 00000000 		.4byte	0
 607 000c 00000000 		.4byte	0
 608              		.section	.debug_line,"",%progbits
 609              	.Ldebug_line0:
 610 0000 B8000000 		.section	.debug_str,"MS",%progbits,1
 610      0200A200 
 610      00000201 
 610      FB0E0D00 
 610      01010101 
 611              	.LASF24:
 612 0000 76656374 		.ascii	"vector24\000"
 612      6F723234 
 612      00
 613              	.LASF14:
 614 0009 6972715F 		.ascii	"irq_vector_t\000"
 614      76656374 
 614      6F725F74 
 614      00
 615              	.LASF28:
ARM GAS  /tmp/ccLT1fAt.s 			page 12


 616 0016 76656374 		.ascii	"vector34\000"
 616      6F723334 
 616      00
 617              	.LASF34:
 618 001f 5F766563 		.ascii	"_vectors\000"
 618      746F7273 
 618      00
 619              	.LASF35:
 620 0028 474E5520 		.ascii	"GNU C 4.8.2 -mcpu=cortex-m0 -mno-thumb-interwork -m"
 620      4320342E 
 620      382E3220 
 620      2D6D6370 
 620      753D636F 
 621 005b 7468756D 		.ascii	"thumb -ggdb -O2 -fomit-frame-pointer -falign-functi"
 621      62202D67 
 621      67646220 
 621      2D4F3220 
 621      2D666F6D 
 622 008e 6F6E733D 		.ascii	"ons=16 -ffunction-sections -fdata-sections -fno-com"
 622      3136202D 
 622      6666756E 
 622      6374696F 
 622      6E2D7365 
 623 00c1 6D6F6E00 		.ascii	"mon\000"
 624              	.LASF15:
 625 00c5 696E6974 		.ascii	"init_stack\000"
 625      5F737461 
 625      636B00
 626              	.LASF26:
 627 00d0 73766361 		.ascii	"svcall_vector\000"
 627      6C6C5F76 
 627      6563746F 
 627      7200
 628              	.LASF2:
 629 00de 756E7369 		.ascii	"unsigned char\000"
 629      676E6564 
 629      20636861 
 629      7200
 630              	.LASF6:
 631 00ec 6C6F6E67 		.ascii	"long unsigned int\000"
 631      20756E73 
 631      69676E65 
 631      6420696E 
 631      7400
 632              	.LASF4:
 633 00fe 73686F72 		.ascii	"short unsigned int\000"
 633      7420756E 
 633      7369676E 
 633      65642069 
 633      6E7400
 634              	.LASF10:
 635 0111 75696E74 		.ascii	"uint32_t\000"
 635      33325F74 
 635      00
 636              	.LASF22:
 637 011a 76656374 		.ascii	"vector1c\000"
 637      6F723163 
ARM GAS  /tmp/ccLT1fAt.s 			page 13


 637      00
 638              	.LASF30:
 639 0123 73797374 		.ascii	"systick_vector\000"
 639      69636B5F 
 639      76656374 
 639      6F7200
 640              	.LASF9:
 641 0132 5F5F7569 		.ascii	"__uint32_t\000"
 641      6E743332 
 641      5F7400
 642              	.LASF0:
 643 013d 756E7369 		.ascii	"unsigned int\000"
 643      676E6564 
 643      20696E74 
 643      00
 644              	.LASF17:
 645 014a 6E6D695F 		.ascii	"nmi_vector\000"
 645      76656374 
 645      6F7200
 646              	.LASF8:
 647 0155 6C6F6E67 		.ascii	"long long unsigned int\000"
 647      206C6F6E 
 647      6720756E 
 647      7369676E 
 647      65642069 
 648              	.LASF20:
 649 016c 62757366 		.ascii	"busfault_vector\000"
 649      61756C74 
 649      5F766563 
 649      746F7200 
 650              	.LASF37:
 651 017c 2F686F6D 		.ascii	"/home/ece497/vbox-shared/mplayer/ChibiOS-RT-stable_"
 651      652F6563 
 651      65343937 
 651      2F76626F 
 651      782D7368 
 652 01af 322E362E 		.ascii	"2.6.x/demos/ARMCM0-STM32F051-DISCOVERY\000"
 652      782F6465 
 652      6D6F732F 
 652      41524D43 
 652      4D302D53 
 653              	.LASF25:
 654 01d6 76656374 		.ascii	"vector28\000"
 654      6F723238 
 654      00
 655              	.LASF21:
 656 01df 75736167 		.ascii	"usagefault_vector\000"
 656      65666175 
 656      6C745F76 
 656      6563746F 
 656      7200
 657              	.LASF32:
 658 01f1 76656374 		.ascii	"vectors_t\000"
 658      6F72735F 
 658      7400
 659              	.LASF12:
 660 01fb 73697A65 		.ascii	"sizetype\000"
ARM GAS  /tmp/ccLT1fAt.s 			page 14


 660      74797065 
 660      00
 661              	.LASF29:
 662 0204 70656E64 		.ascii	"pendsv_vector\000"
 662      73765F76 
 662      6563746F 
 662      7200
 663              	.LASF18:
 664 0212 68617264 		.ascii	"hardfault_vector\000"
 664      6661756C 
 664      745F7665 
 664      63746F72 
 664      00
 665              	.LASF7:
 666 0223 6C6F6E67 		.ascii	"long long int\000"
 666      206C6F6E 
 666      6720696E 
 666      7400
 667              	.LASF13:
 668 0231 63686172 		.ascii	"char\000"
 668      00
 669              	.LASF19:
 670 0236 6D656D6D 		.ascii	"memmanage_vector\000"
 670      616E6167 
 670      655F7665 
 670      63746F72 
 670      00
 671              	.LASF38:
 672 0247 5F756E68 		.ascii	"_unhandled_exception\000"
 672      616E646C 
 672      65645F65 
 672      78636570 
 672      74696F6E 
 673              	.LASF31:
 674 025c 76656374 		.ascii	"vectors\000"
 674      6F727300 
 675              	.LASF3:
 676 0264 73686F72 		.ascii	"short int\000"
 676      7420696E 
 676      7400
 677              	.LASF16:
 678 026e 72657365 		.ascii	"reset_vector\000"
 678      745F7665 
 678      63746F72 
 678      00
 679              	.LASF36:
 680 027b 2E2E2F2E 		.ascii	"../../os/ports/GCC/ARMCMx/STM32F0xx/vectors.c\000"
 680      2E2F6F73 
 680      2F706F72 
 680      74732F47 
 680      43432F41 
 681              	.LASF5:
 682 02a9 6C6F6E67 		.ascii	"long int\000"
 682      20696E74 
 682      00
 683              	.LASF1:
 684 02b2 7369676E 		.ascii	"signed char\000"
ARM GAS  /tmp/ccLT1fAt.s 			page 15


 684      65642063 
 684      68617200 
 685              	.LASF27:
 686 02be 64656275 		.ascii	"debugmonitor_vector\000"
 686      676D6F6E 
 686      69746F72 
 686      5F766563 
 686      746F7200 
 687              	.LASF23:
 688 02d2 76656374 		.ascii	"vector20\000"
 688      6F723230 
 688      00
 689              	.LASF11:
 690 02db 5F426F6F 		.ascii	"_Bool\000"
 690      6C00
 691              	.LASF33:
 692 02e1 5F5F6D61 		.ascii	"__main_stack_end__\000"
 692      696E5F73 
 692      7461636B 
 692      5F656E64 
 692      5F5F00
 693              		.ident	"GCC: (Arch Repository) 4.8.2"
ARM GAS  /tmp/ccLT1fAt.s 			page 16


DEFINED SYMBOLS
                            *ABS*:0000000000000000 vectors.c
     /tmp/ccLT1fAt.s:18     .text._unhandled_exception:0000000000000000 $t
     /tmp/ccLT1fAt.s:24     .text._unhandled_exception:0000000000000000 _unhandled_exception
     /tmp/ccLT1fAt.s:24     .text._unhandled_exception:0000000000000000 NMIVector
     /tmp/ccLT1fAt.s:24     .text._unhandled_exception:0000000000000000 HardFaultVector
     /tmp/ccLT1fAt.s:24     .text._unhandled_exception:0000000000000000 MemManageVector
     /tmp/ccLT1fAt.s:24     .text._unhandled_exception:0000000000000000 BusFaultVector
     /tmp/ccLT1fAt.s:24     .text._unhandled_exception:0000000000000000 UsageFaultVector
     /tmp/ccLT1fAt.s:24     .text._unhandled_exception:0000000000000000 Vector1C
     /tmp/ccLT1fAt.s:24     .text._unhandled_exception:0000000000000000 Vector20
     /tmp/ccLT1fAt.s:24     .text._unhandled_exception:0000000000000000 Vector24
     /tmp/ccLT1fAt.s:24     .text._unhandled_exception:0000000000000000 Vector28
     /tmp/ccLT1fAt.s:24     .text._unhandled_exception:0000000000000000 SVCallVector
     /tmp/ccLT1fAt.s:24     .text._unhandled_exception:0000000000000000 DebugMonitorVector
     /tmp/ccLT1fAt.s:24     .text._unhandled_exception:0000000000000000 Vector34
     /tmp/ccLT1fAt.s:24     .text._unhandled_exception:0000000000000000 PendSVVector
     /tmp/ccLT1fAt.s:24     .text._unhandled_exception:0000000000000000 SysTickVector
     /tmp/ccLT1fAt.s:24     .text._unhandled_exception:0000000000000000 Vector40
     /tmp/ccLT1fAt.s:24     .text._unhandled_exception:0000000000000000 Vector44
     /tmp/ccLT1fAt.s:24     .text._unhandled_exception:0000000000000000 Vector48
     /tmp/ccLT1fAt.s:24     .text._unhandled_exception:0000000000000000 Vector4C
     /tmp/ccLT1fAt.s:24     .text._unhandled_exception:0000000000000000 Vector50
     /tmp/ccLT1fAt.s:24     .text._unhandled_exception:0000000000000000 Vector54
     /tmp/ccLT1fAt.s:24     .text._unhandled_exception:0000000000000000 Vector58
     /tmp/ccLT1fAt.s:24     .text._unhandled_exception:0000000000000000 Vector5C
     /tmp/ccLT1fAt.s:24     .text._unhandled_exception:0000000000000000 Vector60
     /tmp/ccLT1fAt.s:24     .text._unhandled_exception:0000000000000000 Vector64
     /tmp/ccLT1fAt.s:24     .text._unhandled_exception:0000000000000000 Vector68
     /tmp/ccLT1fAt.s:24     .text._unhandled_exception:0000000000000000 Vector6C
     /tmp/ccLT1fAt.s:24     .text._unhandled_exception:0000000000000000 Vector70
     /tmp/ccLT1fAt.s:24     .text._unhandled_exception:0000000000000000 Vector74
     /tmp/ccLT1fAt.s:24     .text._unhandled_exception:0000000000000000 Vector78
     /tmp/ccLT1fAt.s:24     .text._unhandled_exception:0000000000000000 Vector7C
     /tmp/ccLT1fAt.s:24     .text._unhandled_exception:0000000000000000 Vector80
     /tmp/ccLT1fAt.s:24     .text._unhandled_exception:0000000000000000 Vector84
     /tmp/ccLT1fAt.s:24     .text._unhandled_exception:0000000000000000 Vector88
     /tmp/ccLT1fAt.s:24     .text._unhandled_exception:0000000000000000 Vector8C
     /tmp/ccLT1fAt.s:24     .text._unhandled_exception:0000000000000000 Vector90
     /tmp/ccLT1fAt.s:24     .text._unhandled_exception:0000000000000000 Vector94
     /tmp/ccLT1fAt.s:24     .text._unhandled_exception:0000000000000000 Vector98
     /tmp/ccLT1fAt.s:24     .text._unhandled_exception:0000000000000000 Vector9C
     /tmp/ccLT1fAt.s:24     .text._unhandled_exception:0000000000000000 VectorA0
     /tmp/ccLT1fAt.s:24     .text._unhandled_exception:0000000000000000 VectorA4
     /tmp/ccLT1fAt.s:24     .text._unhandled_exception:0000000000000000 VectorA8
     /tmp/ccLT1fAt.s:24     .text._unhandled_exception:0000000000000000 VectorAC
     /tmp/ccLT1fAt.s:24     .text._unhandled_exception:0000000000000000 VectorB0
     /tmp/ccLT1fAt.s:24     .text._unhandled_exception:0000000000000000 VectorB4
     /tmp/ccLT1fAt.s:24     .text._unhandled_exception:0000000000000000 VectorB8
     /tmp/ccLT1fAt.s:24     .text._unhandled_exception:0000000000000000 VectorBC
     /tmp/ccLT1fAt.s:131    vectors:0000000000000000 _vectors
     /tmp/ccLT1fAt.s:128    vectors:0000000000000000 $d
                     .debug_frame:0000000000000010 $d

UNDEFINED SYMBOLS
__main_stack_end__
ResetHandler
ARM GAS  /tmp/ccLT1fAt.s 			page 17


