ARM GAS  /tmp/ccczKd4m.s 			page 1


   1              		.syntax unified
   2              		.cpu cortex-m4
   3              		.fpu softvfp
   4              		.eabi_attribute 20, 1
   5              		.eabi_attribute 21, 1
   6              		.eabi_attribute 23, 3
   7              		.eabi_attribute 24, 1
   8              		.eabi_attribute 25, 1
   9              		.eabi_attribute 26, 1
  10              		.eabi_attribute 30, 6
  11              		.eabi_attribute 34, 1
  12              		.eabi_attribute 18, 4
  13              		.thumb
  14              		.file	"chcore.c"
  15              		.text
  16              	.Ltext0:
  17              		.cfi_sections	.debug_frame
  18              		.section	.text.port_halt,"ax",%progbits
  19              		.align	2
  20              		.p2align 4,,15
  21              		.weak	port_halt
  22              		.thumb
  23              		.thumb_func
  24              		.type	port_halt, %function
  25              	port_halt:
  26              	.LFB7:
  27              		.file 1 "../..//os/ports/GCC/ARMCMx/chcore.c"
  28              		.loc 1 46 0
  29              		.cfi_startproc
  30              		@ args = 0, pretend = 0, frame = 0
  31              		@ frame_needed = 0, uses_anonymous_args = 0
  32              		@ link register save eliminated.
  33              		.loc 1 48 0
  34              	@ 48 "../..//os/ports/GCC/ARMCMx/chcore.c" 1
  35 0000 72B6     		cpsid   i
  36              	@ 0 "" 2
  37              		.thumb
  38              	.L2:
  39              		.loc 1 50 0 discriminator 1
  40 0002 FEE7     		b	.L2
  41              		.cfi_endproc
  42              	.LFE7:
  43              		.size	port_halt, .-port_halt
  44 0004 AFF30080 		.text
  44      AFF30080 
  44      AFF30080 
  45              	.Letext0:
  46              		.section	.debug_info,"",%progbits
  47              	.Ldebug_info0:
  48 0000 8E000000 		.4byte	0x8e
  49 0004 0400     		.2byte	0x4
  50 0006 00000000 		.4byte	.Ldebug_abbrev0
  51 000a 04       		.byte	0x4
  52 000b 01       		.uleb128 0x1
  53 000c 1B000000 		.4byte	.LASF12
  54 0010 01       		.byte	0x1
  55 0011 E1000000 		.4byte	.LASF13
ARM GAS  /tmp/ccczKd4m.s 			page 2


  56 0015 46010000 		.4byte	.LASF14
  57 0019 00000000 		.4byte	.Ldebug_ranges0+0
  58 001d 00000000 		.4byte	0
  59 0021 00000000 		.4byte	.Ldebug_line0
  60 0025 02       		.uleb128 0x2
  61 0026 04       		.byte	0x4
  62 0027 05       		.byte	0x5
  63 0028 696E7400 		.ascii	"int\000"
  64 002c 03       		.uleb128 0x3
  65 002d 04       		.byte	0x4
  66 002e 07       		.byte	0x7
  67 002f 0E000000 		.4byte	.LASF0
  68 0033 03       		.uleb128 0x3
  69 0034 01       		.byte	0x1
  70 0035 06       		.byte	0x6
  71 0036 3A010000 		.4byte	.LASF1
  72 003a 03       		.uleb128 0x3
  73 003b 01       		.byte	0x1
  74 003c 08       		.byte	0x8
  75 003d 05010000 		.4byte	.LASF2
  76 0041 03       		.uleb128 0x3
  77 0042 02       		.byte	0x2
  78 0043 05       		.byte	0x5
  79 0044 96010000 		.4byte	.LASF3
  80 0048 03       		.uleb128 0x3
  81 0049 02       		.byte	0x2
  82 004a 07       		.byte	0x7
  83 004b 27010000 		.4byte	.LASF4
  84 004f 03       		.uleb128 0x3
  85 0050 04       		.byte	0x4
  86 0051 05       		.byte	0x5
  87 0052 18010000 		.4byte	.LASF5
  88 0056 03       		.uleb128 0x3
  89 0057 04       		.byte	0x4
  90 0058 07       		.byte	0x7
  91 0059 B8000000 		.4byte	.LASF6
  92 005d 03       		.uleb128 0x3
  93 005e 08       		.byte	0x8
  94 005f 05       		.byte	0x5
  95 0060 00000000 		.4byte	.LASF7
  96 0064 03       		.uleb128 0x3
  97 0065 08       		.byte	0x8
  98 0066 07       		.byte	0x7
  99 0067 CA000000 		.4byte	.LASF8
 100 006b 03       		.uleb128 0x3
 101 006c 01       		.byte	0x1
 102 006d 02       		.byte	0x2
 103 006e 21010000 		.4byte	.LASF9
 104 0072 03       		.uleb128 0x3
 105 0073 04       		.byte	0x4
 106 0074 07       		.byte	0x7
 107 0075 A0010000 		.4byte	.LASF10
 108 0079 03       		.uleb128 0x3
 109 007a 01       		.byte	0x1
 110 007b 08       		.byte	0x8
 111 007c 13010000 		.4byte	.LASF11
 112 0080 04       		.uleb128 0x4
ARM GAS  /tmp/ccczKd4m.s 			page 3


 113 0081 8C010000 		.4byte	.LASF15
 114 0085 01       		.byte	0x1
 115 0086 2E       		.byte	0x2e
 116 0087 00000000 		.4byte	.LFB7
 117 008b 04000000 		.4byte	.LFE7-.LFB7
 118 008f 01       		.uleb128 0x1
 119 0090 9C       		.byte	0x9c
 120 0091 00       		.byte	0
 121              		.section	.debug_abbrev,"",%progbits
 122              	.Ldebug_abbrev0:
 123 0000 01       		.uleb128 0x1
 124 0001 11       		.uleb128 0x11
 125 0002 01       		.byte	0x1
 126 0003 25       		.uleb128 0x25
 127 0004 0E       		.uleb128 0xe
 128 0005 13       		.uleb128 0x13
 129 0006 0B       		.uleb128 0xb
 130 0007 03       		.uleb128 0x3
 131 0008 0E       		.uleb128 0xe
 132 0009 1B       		.uleb128 0x1b
 133 000a 0E       		.uleb128 0xe
 134 000b 55       		.uleb128 0x55
 135 000c 17       		.uleb128 0x17
 136 000d 11       		.uleb128 0x11
 137 000e 01       		.uleb128 0x1
 138 000f 10       		.uleb128 0x10
 139 0010 17       		.uleb128 0x17
 140 0011 00       		.byte	0
 141 0012 00       		.byte	0
 142 0013 02       		.uleb128 0x2
 143 0014 24       		.uleb128 0x24
 144 0015 00       		.byte	0
 145 0016 0B       		.uleb128 0xb
 146 0017 0B       		.uleb128 0xb
 147 0018 3E       		.uleb128 0x3e
 148 0019 0B       		.uleb128 0xb
 149 001a 03       		.uleb128 0x3
 150 001b 08       		.uleb128 0x8
 151 001c 00       		.byte	0
 152 001d 00       		.byte	0
 153 001e 03       		.uleb128 0x3
 154 001f 24       		.uleb128 0x24
 155 0020 00       		.byte	0
 156 0021 0B       		.uleb128 0xb
 157 0022 0B       		.uleb128 0xb
 158 0023 3E       		.uleb128 0x3e
 159 0024 0B       		.uleb128 0xb
 160 0025 03       		.uleb128 0x3
 161 0026 0E       		.uleb128 0xe
 162 0027 00       		.byte	0
 163 0028 00       		.byte	0
 164 0029 04       		.uleb128 0x4
 165 002a 2E       		.uleb128 0x2e
 166 002b 00       		.byte	0
 167 002c 3F       		.uleb128 0x3f
 168 002d 19       		.uleb128 0x19
 169 002e 03       		.uleb128 0x3
ARM GAS  /tmp/ccczKd4m.s 			page 4


 170 002f 0E       		.uleb128 0xe
 171 0030 3A       		.uleb128 0x3a
 172 0031 0B       		.uleb128 0xb
 173 0032 3B       		.uleb128 0x3b
 174 0033 0B       		.uleb128 0xb
 175 0034 27       		.uleb128 0x27
 176 0035 19       		.uleb128 0x19
 177 0036 11       		.uleb128 0x11
 178 0037 01       		.uleb128 0x1
 179 0038 12       		.uleb128 0x12
 180 0039 06       		.uleb128 0x6
 181 003a 40       		.uleb128 0x40
 182 003b 18       		.uleb128 0x18
 183 003c 9742     		.uleb128 0x2117
 184 003e 19       		.uleb128 0x19
 185 003f 00       		.byte	0
 186 0040 00       		.byte	0
 187 0041 00       		.byte	0
 188              		.section	.debug_aranges,"",%progbits
 189 0000 1C000000 		.4byte	0x1c
 190 0004 0200     		.2byte	0x2
 191 0006 00000000 		.4byte	.Ldebug_info0
 192 000a 04       		.byte	0x4
 193 000b 00       		.byte	0
 194 000c 0000     		.2byte	0
 195 000e 0000     		.2byte	0
 196 0010 00000000 		.4byte	.LFB7
 197 0014 04000000 		.4byte	.LFE7-.LFB7
 198 0018 00000000 		.4byte	0
 199 001c 00000000 		.4byte	0
 200              		.section	.debug_ranges,"",%progbits
 201              	.Ldebug_ranges0:
 202 0000 00000000 		.4byte	.LFB7
 203 0004 04000000 		.4byte	.LFE7
 204 0008 00000000 		.4byte	0
 205 000c 00000000 		.4byte	0
 206              		.section	.debug_line,"",%progbits
 207              	.Ldebug_line0:
 208 0000 55000000 		.section	.debug_str,"MS",%progbits,1
 208      02003A00 
 208      00000201 
 208      FB0E0D00 
 208      01010101 
 209              	.LASF7:
 210 0000 6C6F6E67 		.ascii	"long long int\000"
 210      206C6F6E 
 210      6720696E 
 210      7400
 211              	.LASF0:
 212 000e 756E7369 		.ascii	"unsigned int\000"
 212      676E6564 
 212      20696E74 
 212      00
 213              	.LASF12:
 214 001b 474E5520 		.ascii	"GNU C 4.8.2 -mcpu=cortex-m4 -mno-thumb-interwork -m"
 214      4320342E 
 214      382E3220 
ARM GAS  /tmp/ccczKd4m.s 			page 5


 214      2D6D6370 
 214      753D636F 
 215 004e 7468756D 		.ascii	"thumb -ggdb -O0 -fomit-frame-pointer -falign-functi"
 215      62202D67 
 215      67646220 
 215      2D4F3020 
 215      2D666F6D 
 216 0081 6F6E733D 		.ascii	"ons=16 -ffunction-sections -fdata-sections -fno-com"
 216      3136202D 
 216      6666756E 
 216      6374696F 
 216      6E2D7365 
 217 00b4 6D6F6E00 		.ascii	"mon\000"
 218              	.LASF6:
 219 00b8 6C6F6E67 		.ascii	"long unsigned int\000"
 219      20756E73 
 219      69676E65 
 219      6420696E 
 219      7400
 220              	.LASF8:
 221 00ca 6C6F6E67 		.ascii	"long long unsigned int\000"
 221      206C6F6E 
 221      6720756E 
 221      7369676E 
 221      65642069 
 222              	.LASF13:
 223 00e1 2E2E2F2E 		.ascii	"../..//os/ports/GCC/ARMCMx/chcore.c\000"
 223      2E2F2F6F 
 223      732F706F 
 223      7274732F 
 223      4743432F 
 224              	.LASF2:
 225 0105 756E7369 		.ascii	"unsigned char\000"
 225      676E6564 
 225      20636861 
 225      7200
 226              	.LASF11:
 227 0113 63686172 		.ascii	"char\000"
 227      00
 228              	.LASF5:
 229 0118 6C6F6E67 		.ascii	"long int\000"
 229      20696E74 
 229      00
 230              	.LASF9:
 231 0121 5F426F6F 		.ascii	"_Bool\000"
 231      6C00
 232              	.LASF4:
 233 0127 73686F72 		.ascii	"short unsigned int\000"
 233      7420756E 
 233      7369676E 
 233      65642069 
 233      6E7400
 234              	.LASF1:
 235 013a 7369676E 		.ascii	"signed char\000"
 235      65642063 
 235      68617200 
 236              	.LASF14:
ARM GAS  /tmp/ccczKd4m.s 			page 6


 237 0146 2F686F6D 		.ascii	"/home/ece497/vbox-shared/mplayer/ChibiOS-RT-stable_"
 237      652F6563 
 237      65343937 
 237      2F76626F 
 237      782D7368 
 238 0179 322E362E 		.ascii	"2.6.x/demos/SDCARD\000"
 238      782F6465 
 238      6D6F732F 
 238      53444341 
 238      524400
 239              	.LASF15:
 240 018c 706F7274 		.ascii	"port_halt\000"
 240      5F68616C 
 240      7400
 241              	.LASF3:
 242 0196 73686F72 		.ascii	"short int\000"
 242      7420696E 
 242      7400
 243              	.LASF10:
 244 01a0 73697A65 		.ascii	"sizetype\000"
 244      74797065 
 244      00
 245              		.ident	"GCC: (Arch Repository) 4.8.2"
ARM GAS  /tmp/ccczKd4m.s 			page 7


DEFINED SYMBOLS
                            *ABS*:0000000000000000 chcore.c
     /tmp/ccczKd4m.s:19     .text.port_halt:0000000000000000 $t
     /tmp/ccczKd4m.s:25     .text.port_halt:0000000000000000 port_halt
                     .debug_frame:0000000000000010 $d

NO UNDEFINED SYMBOLS
