ARM GAS  /tmp/ccTtiMgL.s 			page 1


   1              		.syntax unified
   2              		.cpu cortex-m4
   3              		.fpu softvfp
   4              		.eabi_attribute 20, 1
   5              		.eabi_attribute 21, 1
   6              		.eabi_attribute 23, 3
   7              		.eabi_attribute 24, 1
   8              		.eabi_attribute 25, 1
   9              		.eabi_attribute 26, 1
  10              		.eabi_attribute 30, 6
  11              		.eabi_attribute 34, 1
  12              		.eabi_attribute 18, 4
  13              		.thumb
  14              		.file	"chdynamic.c"
  15              		.text
  16              	.Ltext0:
  17              		.cfi_sections	.debug_frame
  18              		.section	.rodata
  19              		.align	2
  20              	.LC0:
  21 0000 63685468 		.ascii	"chThdAddRef(), #1\000"
  21      64416464 
  21      52656628 
  21      292C2023 
  21      3100
  22              		.section	.text.chThdAddRef,"ax",%progbits
  23              		.align	2
  24              		.p2align 4,,15
  25              		.global	chThdAddRef
  26              		.thumb
  27              		.thumb_func
  28              		.type	chThdAddRef, %function
  29              	chThdAddRef:
  30              	.LFB7:
  31              		.file 1 "../..//os/kernel/src/chdynamic.c"
  32              		.loc 1 52 0
  33              		.cfi_startproc
  34              		@ args = 0, pretend = 0, frame = 8
  35              		@ frame_needed = 0, uses_anonymous_args = 0
  36 0000 00B5     		push	{lr}
  37              		.cfi_def_cfa_offset 4
  38              		.cfi_offset 14, -4
  39 0002 83B0     		sub	sp, sp, #12
  40              		.cfi_def_cfa_offset 16
  41 0004 0190     		str	r0, [sp, #4]
  42              	.LBB2:
  43              		.loc 1 54 0
  44 0006 2023     		movs	r3, #32
  45              	@ 54 "../..//os/kernel/src/chdynamic.c" 1
  46 0008 83F31188 		msr     BASEPRI, r3
  47              	@ 0 "" 2
  48              		.thumb
  49              	.LBE2:
  50 000c FFF7FEFF 		bl	dbg_check_lock
  51              		.loc 1 55 0
  52 0010 019B     		ldr	r3, [sp, #4]
  53 0012 93F82230 		ldrb	r3, [r3, #34]	@ zero_extendqisi2
ARM GAS  /tmp/ccTtiMgL.s 			page 2


  54 0016 FF2B     		cmp	r3, #255
  55 0018 05D1     		bne	.L2
  56              		.loc 1 55 0 is_stmt 0 discriminator 1
  57 001a 40F20000 		movw	r0, #:lower16:.LC0
  58 001e C0F20000 		movt	r0, #:upper16:.LC0
  59 0022 FFF7FEFF 		bl	chDbgPanic
  60              	.L2:
  61              		.loc 1 56 0 is_stmt 1
  62 0026 019B     		ldr	r3, [sp, #4]
  63 0028 93F82230 		ldrb	r3, [r3, #34]	@ zero_extendqisi2
  64 002c 0133     		adds	r3, r3, #1
  65 002e DAB2     		uxtb	r2, r3
  66 0030 019B     		ldr	r3, [sp, #4]
  67 0032 83F82220 		strb	r2, [r3, #34]
  68              		.loc 1 57 0
  69 0036 FFF7FEFF 		bl	dbg_check_unlock
  70              	.LBB3:
  71 003a 0023     		movs	r3, #0
  72              	@ 57 "../..//os/kernel/src/chdynamic.c" 1
  73 003c 83F31188 		msr     BASEPRI, r3
  74              	@ 0 "" 2
  75              		.thumb
  76              	.LBE3:
  77              		.loc 1 58 0
  78 0040 019B     		ldr	r3, [sp, #4]
  79              		.loc 1 59 0
  80 0042 1846     		mov	r0, r3
  81 0044 03B0     		add	sp, sp, #12
  82              		@ sp needed
  83 0046 5DF804FB 		ldr	pc, [sp], #4
  84              		.cfi_endproc
  85              	.LFE7:
  86              		.size	chThdAddRef, .-chThdAddRef
  87 004a 00BFAFF3 		.section	.rodata
  87      0080
  88 0012 0000     		.align	2
  89              	.LC1:
  90 0014 63685468 		.ascii	"chThdRelease(), #1\000"
  90      6452656C 
  90      65617365 
  90      28292C20 
  90      233100
  91              		.section	.text.chThdRelease,"ax",%progbits
  92              		.align	2
  93              		.p2align 4,,15
  94              		.global	chThdRelease
  95              		.thumb
  96              		.thumb_func
  97              		.type	chThdRelease, %function
  98              	chThdRelease:
  99              	.LFB8:
 100              		.loc 1 74 0
 101              		.cfi_startproc
 102              		@ args = 0, pretend = 0, frame = 16
 103              		@ frame_needed = 0, uses_anonymous_args = 0
 104 0000 00B5     		push	{lr}
 105              		.cfi_def_cfa_offset 4
ARM GAS  /tmp/ccTtiMgL.s 			page 3


 106              		.cfi_offset 14, -4
 107 0002 85B0     		sub	sp, sp, #20
 108              		.cfi_def_cfa_offset 24
 109 0004 0190     		str	r0, [sp, #4]
 110              	.LBB4:
 111              		.loc 1 77 0
 112 0006 2023     		movs	r3, #32
 113              	@ 77 "../..//os/kernel/src/chdynamic.c" 1
 114 0008 83F31188 		msr     BASEPRI, r3
 115              	@ 0 "" 2
 116              		.thumb
 117              	.LBE4:
 118 000c FFF7FEFF 		bl	dbg_check_lock
 119              		.loc 1 78 0
 120 0010 019B     		ldr	r3, [sp, #4]
 121 0012 93F82230 		ldrb	r3, [r3, #34]	@ zero_extendqisi2
 122 0016 002B     		cmp	r3, #0
 123 0018 05D1     		bne	.L5
 124              		.loc 1 78 0 is_stmt 0 discriminator 1
 125 001a 40F20000 		movw	r0, #:lower16:.LC1
 126 001e C0F20000 		movt	r0, #:upper16:.LC1
 127 0022 FFF7FEFF 		bl	chDbgPanic
 128              	.L5:
 129              		.loc 1 79 0 is_stmt 1
 130 0026 019B     		ldr	r3, [sp, #4]
 131 0028 93F82230 		ldrb	r3, [r3, #34]	@ zero_extendqisi2
 132 002c 013B     		subs	r3, r3, #1
 133 002e DAB2     		uxtb	r2, r3
 134 0030 019B     		ldr	r3, [sp, #4]
 135 0032 83F82220 		strb	r2, [r3, #34]
 136 0036 019B     		ldr	r3, [sp, #4]
 137 0038 93F82230 		ldrb	r3, [r3, #34]
 138 003c 8DF80F30 		strb	r3, [sp, #15]
 139              		.loc 1 80 0
 140 0040 FFF7FEFF 		bl	dbg_check_unlock
 141              	.LBB5:
 142 0044 0023     		movs	r3, #0
 143              	@ 80 "../..//os/kernel/src/chdynamic.c" 1
 144 0046 83F31188 		msr     BASEPRI, r3
 145              	@ 0 "" 2
 146              		.thumb
 147              	.LBE5:
 148              		.loc 1 85 0
 149 004a 9DF80F30 		ldrb	r3, [sp, #15]	@ zero_extendqisi2
 150 004e 002B     		cmp	r3, #0
 151 0050 2DD1     		bne	.L4
 152              		.loc 1 85 0 is_stmt 0 discriminator 1
 153 0052 019B     		ldr	r3, [sp, #4]
 154 0054 93F82030 		ldrb	r3, [r3, #32]	@ zero_extendqisi2
 155 0058 0E2B     		cmp	r3, #14
 156 005a 28D1     		bne	.L4
 157              		.loc 1 86 0 is_stmt 1
 158 005c 019B     		ldr	r3, [sp, #4]
 159 005e 93F82130 		ldrb	r3, [r3, #33]	@ zero_extendqisi2
 160 0062 03F00303 		and	r3, r3, #3
 161 0066 012B     		cmp	r3, #1
 162 0068 02D0     		beq	.L7
ARM GAS  /tmp/ccTtiMgL.s 			page 4


 163 006a 022B     		cmp	r3, #2
 164 006c 0ED0     		beq	.L8
 165 006e 1EE0     		b	.L4
 166              	.L7:
 167              		.loc 1 90 0
 168 0070 019B     		ldr	r3, [sp, #4]
 169 0072 5B69     		ldr	r3, [r3, #20]
 170 0074 019A     		ldr	r2, [sp, #4]
 171 0076 1269     		ldr	r2, [r2, #16]
 172 0078 1A61     		str	r2, [r3, #16]
 173 007a 019B     		ldr	r3, [sp, #4]
 174 007c 1B69     		ldr	r3, [r3, #16]
 175 007e 019A     		ldr	r2, [sp, #4]
 176 0080 5269     		ldr	r2, [r2, #20]
 177 0082 5A61     		str	r2, [r3, #20]
 178              		.loc 1 92 0
 179 0084 0198     		ldr	r0, [sp, #4]
 180 0086 FFF7FEFF 		bl	chHeapFree
 181              		.loc 1 93 0
 182 008a 10E0     		b	.L4
 183              	.L8:
 184              		.loc 1 98 0
 185 008c 019B     		ldr	r3, [sp, #4]
 186 008e 5B69     		ldr	r3, [r3, #20]
 187 0090 019A     		ldr	r2, [sp, #4]
 188 0092 1269     		ldr	r2, [r2, #16]
 189 0094 1A61     		str	r2, [r3, #16]
 190 0096 019B     		ldr	r3, [sp, #4]
 191 0098 1B69     		ldr	r3, [r3, #16]
 192 009a 019A     		ldr	r2, [sp, #4]
 193 009c 5269     		ldr	r2, [r2, #20]
 194 009e 5A61     		str	r2, [r3, #20]
 195              		.loc 1 100 0
 196 00a0 019B     		ldr	r3, [sp, #4]
 197 00a2 9B6C     		ldr	r3, [r3, #72]
 198 00a4 1846     		mov	r0, r3
 199 00a6 0199     		ldr	r1, [sp, #4]
 200 00a8 FFF7FEFF 		bl	chPoolFree
 201              		.loc 1 101 0
 202 00ac 00BF     		nop
 203              	.L4:
 204              		.loc 1 105 0
 205 00ae 05B0     		add	sp, sp, #20
 206              		@ sp needed
 207 00b0 5DF804FB 		ldr	pc, [sp], #4
 208              		.cfi_endproc
 209              	.LFE8:
 210              		.size	chThdRelease, .-chThdRelease
 211 00b4 AFF30080 		.section	.text.chThdCreateFromHeap,"ax",%progbits
 211      AFF30080 
 211      AFF30080 
 212              		.align	2
 213              		.p2align 4,,15
 214              		.global	chThdCreateFromHeap
 215              		.thumb
 216              		.thumb_func
 217              		.type	chThdCreateFromHeap, %function
ARM GAS  /tmp/ccTtiMgL.s 			page 5


 218              	chThdCreateFromHeap:
 219              	.LFB9:
 220              		.loc 1 131 0
 221              		.cfi_startproc
 222              		@ args = 4, pretend = 0, frame = 24
 223              		@ frame_needed = 0, uses_anonymous_args = 0
 224 0000 00B5     		push	{lr}
 225              		.cfi_def_cfa_offset 4
 226              		.cfi_offset 14, -4
 227 0002 89B0     		sub	sp, sp, #36
 228              		.cfi_def_cfa_offset 40
 229 0004 0590     		str	r0, [sp, #20]
 230 0006 0491     		str	r1, [sp, #16]
 231 0008 0392     		str	r2, [sp, #12]
 232 000a 0293     		str	r3, [sp, #8]
 233              		.loc 1 135 0
 234 000c 0598     		ldr	r0, [sp, #20]
 235 000e 0499     		ldr	r1, [sp, #16]
 236 0010 FFF7FEFF 		bl	chHeapAlloc
 237 0014 0790     		str	r0, [sp, #28]
 238              		.loc 1 136 0
 239 0016 079B     		ldr	r3, [sp, #28]
 240 0018 002B     		cmp	r3, #0
 241 001a 01D1     		bne	.L10
 242              		.loc 1 137 0
 243 001c 0023     		movs	r3, #0
 244 001e 2DE0     		b	.L11
 245              	.L10:
 246              		.loc 1 140 0
 247 0020 079B     		ldr	r3, [sp, #28]
 248 0022 4C33     		adds	r3, r3, #76
 249 0024 0798     		ldr	r0, [sp, #28]
 250 0026 1946     		mov	r1, r3
 251 0028 FF22     		movs	r2, #255
 252 002a FFF7FEFF 		bl	_thread_memfill
 253              		.loc 1 143 0
 254 002e 079B     		ldr	r3, [sp, #28]
 255 0030 03F14C02 		add	r2, r3, #76
 256 0034 0799     		ldr	r1, [sp, #28]
 257 0036 049B     		ldr	r3, [sp, #16]
 258 0038 0B44     		add	r3, r3, r1
 259 003a 1046     		mov	r0, r2
 260 003c 1946     		mov	r1, r3
 261 003e 5522     		movs	r2, #85
 262 0040 FFF7FEFF 		bl	_thread_memfill
 263              	.LBB6:
 264              		.loc 1 148 0
 265 0044 2023     		movs	r3, #32
 266              	@ 148 "../..//os/kernel/src/chdynamic.c" 1
 267 0046 83F31188 		msr     BASEPRI, r3
 268              	@ 0 "" 2
 269              		.thumb
 270              	.LBE6:
 271 004a FFF7FEFF 		bl	dbg_check_lock
 272              		.loc 1 149 0
 273 004e 0A9B     		ldr	r3, [sp, #40]
 274 0050 0093     		str	r3, [sp]
ARM GAS  /tmp/ccTtiMgL.s 			page 6


 275 0052 0798     		ldr	r0, [sp, #28]
 276 0054 0499     		ldr	r1, [sp, #16]
 277 0056 039A     		ldr	r2, [sp, #12]
 278 0058 029B     		ldr	r3, [sp, #8]
 279 005a FFF7FEFF 		bl	chThdCreateI
 280 005e 0690     		str	r0, [sp, #24]
 281              		.loc 1 150 0
 282 0060 069B     		ldr	r3, [sp, #24]
 283 0062 0122     		movs	r2, #1
 284 0064 83F82120 		strb	r2, [r3, #33]
 285              		.loc 1 151 0
 286 0068 0698     		ldr	r0, [sp, #24]
 287 006a 0021     		movs	r1, #0
 288 006c FFF7FEFF 		bl	chSchWakeupS
 289              		.loc 1 152 0
 290 0070 FFF7FEFF 		bl	dbg_check_unlock
 291              	.LBB7:
 292 0074 0023     		movs	r3, #0
 293              	@ 152 "../..//os/kernel/src/chdynamic.c" 1
 294 0076 83F31188 		msr     BASEPRI, r3
 295              	@ 0 "" 2
 296              		.thumb
 297              	.LBE7:
 298              		.loc 1 153 0
 299 007a 069B     		ldr	r3, [sp, #24]
 300              	.L11:
 301              		.loc 1 154 0
 302 007c 1846     		mov	r0, r3
 303 007e 09B0     		add	sp, sp, #36
 304              		@ sp needed
 305 0080 5DF804FB 		ldr	pc, [sp], #4
 306              		.cfi_endproc
 307              	.LFE9:
 308              		.size	chThdCreateFromHeap, .-chThdCreateFromHeap
 309 0084 AFF30080 		.section	.rodata
 309      AFF30080 
 309      AFF30080 
 310 0027 00       		.align	2
 311              	.LC2:
 312 0028 22636854 		.ascii	"\"chThdCreateFromMemoryPool\"()\000"
 312      68644372 
 312      65617465 
 312      46726F6D 
 312      4D656D6F 
 313 0046 0000     		.section	.text.chThdCreateFromMemoryPool,"ax",%progbits
 314              		.align	2
 315              		.p2align 4,,15
 316              		.global	chThdCreateFromMemoryPool
 317              		.thumb
 318              		.thumb_func
 319              		.type	chThdCreateFromMemoryPool, %function
 320              	chThdCreateFromMemoryPool:
 321              	.LFB10:
 322              		.loc 1 180 0
 323              		.cfi_startproc
 324              		@ args = 0, pretend = 0, frame = 24
 325              		@ frame_needed = 0, uses_anonymous_args = 0
ARM GAS  /tmp/ccTtiMgL.s 			page 7


 326 0000 00B5     		push	{lr}
 327              		.cfi_def_cfa_offset 4
 328              		.cfi_offset 14, -4
 329 0002 89B0     		sub	sp, sp, #36
 330              		.cfi_def_cfa_offset 40
 331 0004 0590     		str	r0, [sp, #20]
 332 0006 0491     		str	r1, [sp, #16]
 333 0008 0392     		str	r2, [sp, #12]
 334 000a 0293     		str	r3, [sp, #8]
 335              		.loc 1 184 0
 336 000c 059B     		ldr	r3, [sp, #20]
 337 000e 002B     		cmp	r3, #0
 338 0010 05D1     		bne	.L13
 339              		.loc 1 184 0 is_stmt 0 discriminator 1
 340 0012 40F20000 		movw	r0, #:lower16:.LC2
 341 0016 C0F20000 		movt	r0, #:upper16:.LC2
 342 001a FFF7FEFF 		bl	chDbgPanic
 343              	.L13:
 344              		.loc 1 186 0 is_stmt 1
 345 001e 0598     		ldr	r0, [sp, #20]
 346 0020 FFF7FEFF 		bl	chPoolAlloc
 347 0024 0790     		str	r0, [sp, #28]
 348              		.loc 1 187 0
 349 0026 079B     		ldr	r3, [sp, #28]
 350 0028 002B     		cmp	r3, #0
 351 002a 01D1     		bne	.L14
 352              		.loc 1 188 0
 353 002c 0023     		movs	r3, #0
 354 002e 33E0     		b	.L15
 355              	.L14:
 356              		.loc 1 191 0
 357 0030 079B     		ldr	r3, [sp, #28]
 358 0032 4C33     		adds	r3, r3, #76
 359 0034 0798     		ldr	r0, [sp, #28]
 360 0036 1946     		mov	r1, r3
 361 0038 FF22     		movs	r2, #255
 362 003a FFF7FEFF 		bl	_thread_memfill
 363              		.loc 1 194 0
 364 003e 079B     		ldr	r3, [sp, #28]
 365 0040 03F14C02 		add	r2, r3, #76
 366              		.loc 1 195 0
 367 0044 059B     		ldr	r3, [sp, #20]
 368 0046 5B68     		ldr	r3, [r3, #4]
 369              		.loc 1 194 0
 370 0048 0799     		ldr	r1, [sp, #28]
 371 004a 0B44     		add	r3, r3, r1
 372 004c 1046     		mov	r0, r2
 373 004e 1946     		mov	r1, r3
 374 0050 5522     		movs	r2, #85
 375 0052 FFF7FEFF 		bl	_thread_memfill
 376              	.LBB8:
 377              		.loc 1 199 0
 378 0056 2023     		movs	r3, #32
 379              	@ 199 "../..//os/kernel/src/chdynamic.c" 1
 380 0058 83F31188 		msr     BASEPRI, r3
 381              	@ 0 "" 2
 382              		.thumb
ARM GAS  /tmp/ccTtiMgL.s 			page 8


 383              	.LBE8:
 384 005c FFF7FEFF 		bl	dbg_check_lock
 385              		.loc 1 200 0
 386 0060 059B     		ldr	r3, [sp, #20]
 387 0062 5B68     		ldr	r3, [r3, #4]
 388 0064 029A     		ldr	r2, [sp, #8]
 389 0066 0092     		str	r2, [sp]
 390 0068 0798     		ldr	r0, [sp, #28]
 391 006a 1946     		mov	r1, r3
 392 006c 049A     		ldr	r2, [sp, #16]
 393 006e 039B     		ldr	r3, [sp, #12]
 394 0070 FFF7FEFF 		bl	chThdCreateI
 395 0074 0690     		str	r0, [sp, #24]
 396              		.loc 1 201 0
 397 0076 069B     		ldr	r3, [sp, #24]
 398 0078 0222     		movs	r2, #2
 399 007a 83F82120 		strb	r2, [r3, #33]
 400              		.loc 1 202 0
 401 007e 069B     		ldr	r3, [sp, #24]
 402 0080 059A     		ldr	r2, [sp, #20]
 403 0082 9A64     		str	r2, [r3, #72]
 404              		.loc 1 203 0
 405 0084 0698     		ldr	r0, [sp, #24]
 406 0086 0021     		movs	r1, #0
 407 0088 FFF7FEFF 		bl	chSchWakeupS
 408              		.loc 1 204 0
 409 008c FFF7FEFF 		bl	dbg_check_unlock
 410              	.LBB9:
 411 0090 0023     		movs	r3, #0
 412              	@ 204 "../..//os/kernel/src/chdynamic.c" 1
 413 0092 83F31188 		msr     BASEPRI, r3
 414              	@ 0 "" 2
 415              		.thumb
 416              	.LBE9:
 417              		.loc 1 205 0
 418 0096 069B     		ldr	r3, [sp, #24]
 419              	.L15:
 420              		.loc 1 206 0
 421 0098 1846     		mov	r0, r3
 422 009a 09B0     		add	sp, sp, #36
 423              		@ sp needed
 424 009c 5DF804FB 		ldr	pc, [sp], #4
 425              		.cfi_endproc
 426              	.LFE10:
 427              		.size	chThdCreateFromMemoryPool, .-chThdCreateFromMemoryPool
 428              		.text
 429              	.Letext0:
 430              		.file 2 "/usr/lib/gcc/arm-none-eabi/4.8.2/include/stddef.h"
 431              		.file 3 "/usr/arm-none-eabi/include/machine/_default_types.h"
 432              		.file 4 "/usr/arm-none-eabi/include/stdint.h"
 433              		.file 5 "../..//os/ports/GCC/ARMCMx/chtypes.h"
 434              		.file 6 "../..//os/kernel/include/chlists.h"
 435              		.file 7 "../..//os/kernel/include/chthreads.h"
 436              		.file 8 "../..//os/ports/GCC/ARMCMx/chcore_v7m.h"
 437              		.file 9 "../..//os/kernel/include/chmtx.h"
 438              		.file 10 "../..//os/kernel/include/chmemcore.h"
 439              		.file 11 "../..//os/kernel/include/chheap.h"
ARM GAS  /tmp/ccTtiMgL.s 			page 9


 440              		.file 12 "../..//os/kernel/include/chmempools.h"
 441              		.section	.debug_info,"",%progbits
 442              	.Ldebug_info0:
 443 0000 2F070000 		.4byte	0x72f
 444 0004 0400     		.2byte	0x4
 445 0006 00000000 		.4byte	.Ldebug_abbrev0
 446 000a 04       		.byte	0x4
 447 000b 01       		.uleb128 0x1
 448 000c B1030000 		.4byte	.LASF87
 449 0010 01       		.byte	0x1
 450 0011 80010000 		.4byte	.LASF88
 451 0015 E8010000 		.4byte	.LASF89
 452 0019 00000000 		.4byte	.Ldebug_ranges0+0
 453 001d 00000000 		.4byte	0
 454 0021 00000000 		.4byte	.Ldebug_line0
 455 0025 02       		.uleb128 0x2
 456 0026 04       		.byte	0x4
 457 0027 05       		.byte	0x5
 458 0028 696E7400 		.ascii	"int\000"
 459 002c 03       		.uleb128 0x3
 460 002d 0E000000 		.4byte	.LASF2
 461 0031 02       		.byte	0x2
 462 0032 D4       		.byte	0xd4
 463 0033 37000000 		.4byte	0x37
 464 0037 04       		.uleb128 0x4
 465 0038 04       		.byte	0x4
 466 0039 07       		.byte	0x7
 467 003a 3B010000 		.4byte	.LASF0
 468 003e 04       		.uleb128 0x4
 469 003f 01       		.byte	0x1
 470 0040 06       		.byte	0x6
 471 0041 8E000000 		.4byte	.LASF1
 472 0045 03       		.uleb128 0x3
 473 0046 25000000 		.4byte	.LASF3
 474 004a 03       		.byte	0x3
 475 004b 1C       		.byte	0x1c
 476 004c 50000000 		.4byte	0x50
 477 0050 04       		.uleb128 0x4
 478 0051 01       		.byte	0x1
 479 0052 08       		.byte	0x8
 480 0053 9F020000 		.4byte	.LASF4
 481 0057 04       		.uleb128 0x4
 482 0058 02       		.byte	0x2
 483 0059 05       		.byte	0x5
 484 005a C2020000 		.4byte	.LASF5
 485 005e 04       		.uleb128 0x4
 486 005f 02       		.byte	0x2
 487 0060 07       		.byte	0x7
 488 0061 67010000 		.4byte	.LASF6
 489 0065 03       		.uleb128 0x3
 490 0066 4E030000 		.4byte	.LASF7
 491 006a 03       		.byte	0x3
 492 006b 37       		.byte	0x37
 493 006c 70000000 		.4byte	0x70
 494 0070 04       		.uleb128 0x4
 495 0071 04       		.byte	0x4
 496 0072 05       		.byte	0x5
ARM GAS  /tmp/ccTtiMgL.s 			page 10


 497 0073 BA000000 		.4byte	.LASF8
 498 0077 03       		.uleb128 0x3
 499 0078 0A010000 		.4byte	.LASF9
 500 007c 03       		.byte	0x3
 501 007d 38       		.byte	0x38
 502 007e 82000000 		.4byte	0x82
 503 0082 04       		.uleb128 0x4
 504 0083 04       		.byte	0x4
 505 0084 07       		.byte	0x7
 506 0085 48010000 		.4byte	.LASF10
 507 0089 04       		.uleb128 0x4
 508 008a 08       		.byte	0x8
 509 008b 05       		.byte	0x5
 510 008c 80000000 		.4byte	.LASF11
 511 0090 03       		.uleb128 0x3
 512 0091 62020000 		.4byte	.LASF12
 513 0095 03       		.byte	0x3
 514 0096 4E       		.byte	0x4e
 515 0097 9B000000 		.4byte	0x9b
 516 009b 04       		.uleb128 0x4
 517 009c 08       		.byte	0x8
 518 009d 07       		.byte	0x7
 519 009e 47000000 		.4byte	.LASF13
 520 00a2 03       		.uleb128 0x3
 521 00a3 84030000 		.4byte	.LASF14
 522 00a7 04       		.byte	0x4
 523 00a8 2A       		.byte	0x2a
 524 00a9 45000000 		.4byte	0x45
 525 00ad 03       		.uleb128 0x3
 526 00ae 97020000 		.4byte	.LASF15
 527 00b2 04       		.byte	0x4
 528 00b3 41       		.byte	0x41
 529 00b4 65000000 		.4byte	0x65
 530 00b8 03       		.uleb128 0x3
 531 00b9 1F030000 		.4byte	.LASF16
 532 00bd 04       		.byte	0x4
 533 00be 42       		.byte	0x42
 534 00bf 77000000 		.4byte	0x77
 535 00c3 03       		.uleb128 0x3
 536 00c4 1C000000 		.4byte	.LASF17
 537 00c8 04       		.byte	0x4
 538 00c9 4E       		.byte	0x4e
 539 00ca 90000000 		.4byte	0x90
 540 00ce 04       		.uleb128 0x4
 541 00cf 01       		.byte	0x1
 542 00d0 02       		.byte	0x2
 543 00d1 91020000 		.4byte	.LASF18
 544 00d5 03       		.uleb128 0x3
 545 00d6 A1010000 		.4byte	.LASF19
 546 00da 05       		.byte	0x5
 547 00db 2C       		.byte	0x2c
 548 00dc A2000000 		.4byte	0xa2
 549 00e0 03       		.uleb128 0x3
 550 00e1 D7000000 		.4byte	.LASF20
 551 00e5 05       		.byte	0x5
 552 00e6 2D       		.byte	0x2d
 553 00e7 A2000000 		.4byte	0xa2
ARM GAS  /tmp/ccTtiMgL.s 			page 11


 554 00eb 03       		.uleb128 0x3
 555 00ec 75020000 		.4byte	.LASF21
 556 00f0 05       		.byte	0x5
 557 00f1 2E       		.byte	0x2e
 558 00f2 A2000000 		.4byte	0xa2
 559 00f6 03       		.uleb128 0x3
 560 00f7 B0000000 		.4byte	.LASF22
 561 00fb 05       		.byte	0x5
 562 00fc 2F       		.byte	0x2f
 563 00fd A2000000 		.4byte	0xa2
 564 0101 03       		.uleb128 0x3
 565 0102 89020000 		.4byte	.LASF23
 566 0106 05       		.byte	0x5
 567 0107 30       		.byte	0x30
 568 0108 B8000000 		.4byte	0xb8
 569 010c 03       		.uleb128 0x3
 570 010d 7A010000 		.4byte	.LASF24
 571 0111 05       		.byte	0x5
 572 0112 31       		.byte	0x31
 573 0113 AD000000 		.4byte	0xad
 574 0117 03       		.uleb128 0x3
 575 0118 B5010000 		.4byte	.LASF25
 576 011c 05       		.byte	0x5
 577 011d 33       		.byte	0x33
 578 011e B8000000 		.4byte	0xb8
 579 0122 03       		.uleb128 0x3
 580 0123 39030000 		.4byte	.LASF26
 581 0127 05       		.byte	0x5
 582 0128 35       		.byte	0x35
 583 0129 B8000000 		.4byte	0xb8
 584 012d 03       		.uleb128 0x3
 585 012e 0D030000 		.4byte	.LASF27
 586 0132 06       		.byte	0x6
 587 0133 2A       		.byte	0x2a
 588 0134 38010000 		.4byte	0x138
 589 0138 05       		.uleb128 0x5
 590 0139 0D030000 		.4byte	.LASF27
 591 013d 4C       		.byte	0x4c
 592 013e 07       		.byte	0x7
 593 013f 5E       		.byte	0x5e
 594 0140 41020000 		.4byte	0x241
 595 0144 06       		.uleb128 0x6
 596 0145 F1020000 		.4byte	.LASF28
 597 0149 07       		.byte	0x7
 598 014a 5F       		.byte	0x5f
 599 014b 62020000 		.4byte	0x262
 600 014f 00       		.byte	0
 601 0150 06       		.uleb128 0x6
 602 0151 82020000 		.4byte	.LASF29
 603 0155 07       		.byte	0x7
 604 0156 61       		.byte	0x61
 605 0157 62020000 		.4byte	0x262
 606 015b 04       		.byte	0x4
 607 015c 06       		.uleb128 0x6
 608 015d 79000000 		.4byte	.LASF30
 609 0161 07       		.byte	0x7
 610 0162 63       		.byte	0x63
ARM GAS  /tmp/ccTtiMgL.s 			page 12


 611 0163 01010000 		.4byte	0x101
 612 0167 08       		.byte	0x8
 613 0168 06       		.uleb128 0x6
 614 0169 AB030000 		.4byte	.LASF31
 615 016d 07       		.byte	0x7
 616 016e 64       		.byte	0x64
 617 016f 27030000 		.4byte	0x327
 618 0173 0C       		.byte	0xc
 619 0174 06       		.uleb128 0x6
 620 0175 E8000000 		.4byte	.LASF32
 621 0179 07       		.byte	0x7
 622 017a 66       		.byte	0x66
 623 017b 62020000 		.4byte	0x262
 624 017f 10       		.byte	0x10
 625 0180 06       		.uleb128 0x6
 626 0181 2E020000 		.4byte	.LASF33
 627 0185 07       		.byte	0x7
 628 0186 67       		.byte	0x67
 629 0187 62020000 		.4byte	0x262
 630 018b 14       		.byte	0x14
 631 018c 06       		.uleb128 0x6
 632 018d 9C030000 		.4byte	.LASF34
 633 0191 07       		.byte	0x7
 634 0192 6E       		.byte	0x6e
 635 0193 E9040000 		.4byte	0x4e9
 636 0197 18       		.byte	0x18
 637 0198 06       		.uleb128 0x6
 638 0199 30010000 		.4byte	.LASF35
 639 019d 07       		.byte	0x7
 640 019e 74       		.byte	0x74
 641 019f FB040000 		.4byte	0x4fb
 642 01a3 1C       		.byte	0x1c
 643 01a4 06       		.uleb128 0x6
 644 01a5 CC020000 		.4byte	.LASF36
 645 01a9 07       		.byte	0x7
 646 01aa 79       		.byte	0x79
 647 01ab E0000000 		.4byte	0xe0
 648 01af 20       		.byte	0x20
 649 01b0 06       		.uleb128 0x6
 650 01b1 F8020000 		.4byte	.LASF37
 651 01b5 07       		.byte	0x7
 652 01b6 7D       		.byte	0x7d
 653 01b7 D5000000 		.4byte	0xd5
 654 01bb 21       		.byte	0x21
 655 01bc 06       		.uleb128 0x6
 656 01bd 7D030000 		.4byte	.LASF38
 657 01c1 07       		.byte	0x7
 658 01c2 82       		.byte	0x82
 659 01c3 EB000000 		.4byte	0xeb
 660 01c7 22       		.byte	0x22
 661 01c8 06       		.uleb128 0x6
 662 01c9 D4020000 		.4byte	.LASF39
 663 01cd 07       		.byte	0x7
 664 01ce 88       		.byte	0x88
 665 01cf F6000000 		.4byte	0xf6
 666 01d3 23       		.byte	0x23
 667 01d4 06       		.uleb128 0x6
ARM GAS  /tmp/ccTtiMgL.s 			page 13


 668 01d5 58030000 		.4byte	.LASF40
 669 01d9 07       		.byte	0x7
 670 01da 8F       		.byte	0x8f
 671 01db 4F030000 		.4byte	0x34f
 672 01df 24       		.byte	0x24
 673 01e0 07       		.uleb128 0x7
 674 01e1 705F7500 		.ascii	"p_u\000"
 675 01e5 07       		.byte	0x7
 676 01e6 B4       		.byte	0xb4
 677 01e7 B4040000 		.4byte	0x4b4
 678 01eb 28       		.byte	0x28
 679 01ec 06       		.uleb128 0x6
 680 01ed DE010000 		.4byte	.LASF41
 681 01f1 07       		.byte	0x7
 682 01f2 B9       		.byte	0xb9
 683 01f3 88020000 		.4byte	0x288
 684 01f7 2C       		.byte	0x2c
 685 01f8 06       		.uleb128 0x6
 686 01f9 66030000 		.4byte	.LASF42
 687 01fd 07       		.byte	0x7
 688 01fe BF       		.byte	0xbf
 689 01ff 68020000 		.4byte	0x268
 690 0203 30       		.byte	0x30
 691 0204 06       		.uleb128 0x6
 692 0205 08000000 		.4byte	.LASF43
 693 0209 07       		.byte	0x7
 694 020a C3       		.byte	0xc3
 695 020b 0C010000 		.4byte	0x10c
 696 020f 38       		.byte	0x38
 697 0210 06       		.uleb128 0x6
 698 0211 14030000 		.4byte	.LASF44
 699 0215 07       		.byte	0x7
 700 0216 C9       		.byte	0xc9
 701 0217 17010000 		.4byte	0x117
 702 021b 3C       		.byte	0x3c
 703 021c 06       		.uleb128 0x6
 704 021d B8020000 		.4byte	.LASF45
 705 0221 07       		.byte	0x7
 706 0222 D0       		.byte	0xd0
 707 0223 01050000 		.4byte	0x501
 708 0227 40       		.byte	0x40
 709 0228 06       		.uleb128 0x6
 710 0229 43030000 		.4byte	.LASF46
 711 022d 07       		.byte	0x7
 712 022e D4       		.byte	0xd4
 713 022f 01010000 		.4byte	0x101
 714 0233 44       		.byte	0x44
 715 0234 06       		.uleb128 0x6
 716 0235 A0000000 		.4byte	.LASF47
 717 0239 07       		.byte	0x7
 718 023a DA       		.byte	0xda
 719 023b 9E020000 		.4byte	0x29e
 720 023f 48       		.byte	0x48
 721 0240 00       		.byte	0
 722 0241 08       		.uleb128 0x8
 723 0242 08       		.byte	0x8
 724 0243 06       		.byte	0x6
ARM GAS  /tmp/ccTtiMgL.s 			page 14


 725 0244 61       		.byte	0x61
 726 0245 62020000 		.4byte	0x262
 727 0249 06       		.uleb128 0x6
 728 024a F1020000 		.4byte	.LASF28
 729 024e 06       		.byte	0x6
 730 024f 62       		.byte	0x62
 731 0250 62020000 		.4byte	0x262
 732 0254 00       		.byte	0
 733 0255 06       		.uleb128 0x6
 734 0256 82020000 		.4byte	.LASF29
 735 025a 06       		.byte	0x6
 736 025b 64       		.byte	0x64
 737 025c 62020000 		.4byte	0x262
 738 0260 04       		.byte	0x4
 739 0261 00       		.byte	0
 740 0262 09       		.uleb128 0x9
 741 0263 04       		.byte	0x4
 742 0264 2D010000 		.4byte	0x12d
 743 0268 03       		.uleb128 0x3
 744 0269 36020000 		.4byte	.LASF48
 745 026d 06       		.byte	0x6
 746 026e 66       		.byte	0x66
 747 026f 41020000 		.4byte	0x241
 748 0273 08       		.uleb128 0x8
 749 0274 04       		.byte	0x4
 750 0275 06       		.byte	0x6
 751 0276 6B       		.byte	0x6b
 752 0277 88020000 		.4byte	0x288
 753 027b 06       		.uleb128 0x6
 754 027c F1020000 		.4byte	.LASF28
 755 0280 06       		.byte	0x6
 756 0281 6D       		.byte	0x6d
 757 0282 62020000 		.4byte	0x262
 758 0286 00       		.byte	0
 759 0287 00       		.byte	0
 760 0288 03       		.uleb128 0x3
 761 0289 A9010000 		.4byte	.LASF49
 762 028d 06       		.byte	0x6
 763 028e 70       		.byte	0x70
 764 028f 73020000 		.4byte	0x273
 765 0293 03       		.uleb128 0x3
 766 0294 21010000 		.4byte	.LASF50
 767 0298 08       		.byte	0x8
 768 0299 E5       		.byte	0xe5
 769 029a 9E020000 		.4byte	0x29e
 770 029e 0A       		.uleb128 0xa
 771 029f 04       		.byte	0x4
 772 02a0 03       		.uleb128 0x3
 773 02a1 D3010000 		.4byte	.LASF51
 774 02a5 08       		.byte	0x8
 775 02a6 EB       		.byte	0xeb
 776 02a7 C3000000 		.4byte	0xc3
 777 02ab 0B       		.uleb128 0xb
 778 02ac 5F030000 		.4byte	.LASF52
 779 02b0 24       		.byte	0x24
 780 02b1 08       		.byte	0x8
 781 02b2 0C01     		.2byte	0x10c
ARM GAS  /tmp/ccTtiMgL.s 			page 15


 782 02b4 27030000 		.4byte	0x327
 783 02b8 0C       		.uleb128 0xc
 784 02b9 723400   		.ascii	"r4\000"
 785 02bc 08       		.byte	0x8
 786 02bd 1F01     		.2byte	0x11f
 787 02bf 93020000 		.4byte	0x293
 788 02c3 00       		.byte	0
 789 02c4 0C       		.uleb128 0xc
 790 02c5 723500   		.ascii	"r5\000"
 791 02c8 08       		.byte	0x8
 792 02c9 2001     		.2byte	0x120
 793 02cb 93020000 		.4byte	0x293
 794 02cf 04       		.byte	0x4
 795 02d0 0C       		.uleb128 0xc
 796 02d1 723600   		.ascii	"r6\000"
 797 02d4 08       		.byte	0x8
 798 02d5 2101     		.2byte	0x121
 799 02d7 93020000 		.4byte	0x293
 800 02db 08       		.byte	0x8
 801 02dc 0C       		.uleb128 0xc
 802 02dd 723700   		.ascii	"r7\000"
 803 02e0 08       		.byte	0x8
 804 02e1 2201     		.2byte	0x122
 805 02e3 93020000 		.4byte	0x293
 806 02e7 0C       		.byte	0xc
 807 02e8 0C       		.uleb128 0xc
 808 02e9 723800   		.ascii	"r8\000"
 809 02ec 08       		.byte	0x8
 810 02ed 2301     		.2byte	0x123
 811 02ef 93020000 		.4byte	0x293
 812 02f3 10       		.byte	0x10
 813 02f4 0C       		.uleb128 0xc
 814 02f5 723900   		.ascii	"r9\000"
 815 02f8 08       		.byte	0x8
 816 02f9 2401     		.2byte	0x124
 817 02fb 93020000 		.4byte	0x293
 818 02ff 14       		.byte	0x14
 819 0300 0C       		.uleb128 0xc
 820 0301 72313000 		.ascii	"r10\000"
 821 0305 08       		.byte	0x8
 822 0306 2501     		.2byte	0x125
 823 0308 93020000 		.4byte	0x293
 824 030c 18       		.byte	0x18
 825 030d 0C       		.uleb128 0xc
 826 030e 72313100 		.ascii	"r11\000"
 827 0312 08       		.byte	0x8
 828 0313 2601     		.2byte	0x126
 829 0315 93020000 		.4byte	0x293
 830 0319 1C       		.byte	0x1c
 831 031a 0C       		.uleb128 0xc
 832 031b 6C7200   		.ascii	"lr\000"
 833 031e 08       		.byte	0x8
 834 031f 2701     		.2byte	0x127
 835 0321 93020000 		.4byte	0x293
 836 0325 20       		.byte	0x20
 837 0326 00       		.byte	0
 838 0327 0B       		.uleb128 0xb
ARM GAS  /tmp/ccTtiMgL.s 			page 16


 839 0328 5A010000 		.4byte	.LASF53
 840 032c 04       		.byte	0x4
 841 032d 08       		.byte	0x8
 842 032e 3101     		.2byte	0x131
 843 0330 42030000 		.4byte	0x342
 844 0334 0C       		.uleb128 0xc
 845 0335 72313300 		.ascii	"r13\000"
 846 0339 08       		.byte	0x8
 847 033a 3201     		.2byte	0x132
 848 033c 42030000 		.4byte	0x342
 849 0340 00       		.byte	0
 850 0341 00       		.byte	0
 851 0342 09       		.uleb128 0x9
 852 0343 04       		.byte	0x4
 853 0344 AB020000 		.4byte	0x2ab
 854 0348 04       		.uleb128 0x4
 855 0349 04       		.byte	0x4
 856 034a 07       		.byte	0x7
 857 034b 8C030000 		.4byte	.LASF54
 858 034f 0D       		.uleb128 0xd
 859 0350 22010000 		.4byte	0x122
 860 0354 05       		.uleb128 0x5
 861 0355 C1010000 		.4byte	.LASF55
 862 0359 10       		.byte	0x10
 863 035a 09       		.byte	0x9
 864 035b 2C       		.byte	0x2c
 865 035c 85030000 		.4byte	0x385
 866 0360 06       		.uleb128 0x6
 867 0361 A8000000 		.4byte	.LASF56
 868 0365 09       		.byte	0x9
 869 0366 2D       		.byte	0x2d
 870 0367 68020000 		.4byte	0x268
 871 036b 00       		.byte	0
 872 036c 06       		.uleb128 0x6
 873 036d A3030000 		.4byte	.LASF57
 874 0371 09       		.byte	0x9
 875 0372 2F       		.byte	0x2f
 876 0373 62020000 		.4byte	0x262
 877 0377 08       		.byte	0x8
 878 0378 06       		.uleb128 0x6
 879 0379 32030000 		.4byte	.LASF58
 880 037d 09       		.byte	0x9
 881 037e 31       		.byte	0x31
 882 037f 85030000 		.4byte	0x385
 883 0383 0C       		.byte	0xc
 884 0384 00       		.byte	0
 885 0385 09       		.uleb128 0x9
 886 0386 04       		.byte	0x4
 887 0387 54030000 		.4byte	0x354
 888 038b 03       		.uleb128 0x3
 889 038c C1010000 		.4byte	.LASF55
 890 0390 09       		.byte	0x9
 891 0391 33       		.byte	0x33
 892 0392 54030000 		.4byte	0x354
 893 0396 03       		.uleb128 0x3
 894 0397 3A000000 		.4byte	.LASF59
 895 039b 0A       		.byte	0xa
ARM GAS  /tmp/ccTtiMgL.s 			page 17


 896 039c 2C       		.byte	0x2c
 897 039d A1030000 		.4byte	0x3a1
 898 03a1 09       		.uleb128 0x9
 899 03a2 04       		.byte	0x4
 900 03a3 A7030000 		.4byte	0x3a7
 901 03a7 0E       		.uleb128 0xe
 902 03a8 9E020000 		.4byte	0x29e
 903 03ac B6030000 		.4byte	0x3b6
 904 03b0 0F       		.uleb128 0xf
 905 03b1 2C000000 		.4byte	0x2c
 906 03b5 00       		.byte	0
 907 03b6 03       		.uleb128 0x3
 908 03b7 57020000 		.4byte	.LASF60
 909 03bb 0B       		.byte	0xb
 910 03bc 34       		.byte	0x34
 911 03bd C1030000 		.4byte	0x3c1
 912 03c1 05       		.uleb128 0x5
 913 03c2 4E040000 		.4byte	.LASF61
 914 03c6 20       		.byte	0x20
 915 03c7 0B       		.byte	0xb
 916 03c8 47       		.byte	0x47
 917 03c9 F2030000 		.4byte	0x3f2
 918 03cd 06       		.uleb128 0x6
 919 03ce AD020000 		.4byte	.LASF62
 920 03d2 0B       		.byte	0xb
 921 03d3 48       		.byte	0x48
 922 03d4 96030000 		.4byte	0x396
 923 03d8 00       		.byte	0
 924 03d9 06       		.uleb128 0x6
 925 03da 67000000 		.4byte	.LASF63
 926 03de 0B       		.byte	0xb
 927 03df 4A       		.byte	0x4a
 928 03e0 11040000 		.4byte	0x411
 929 03e4 08       		.byte	0x8
 930 03e5 06       		.uleb128 0x6
 931 03e6 9A000000 		.4byte	.LASF64
 932 03ea 0B       		.byte	0xb
 933 03eb 4C       		.byte	0x4c
 934 03ec 8B030000 		.4byte	0x38b
 935 03f0 10       		.byte	0x10
 936 03f1 00       		.byte	0
 937 03f2 10       		.uleb128 0x10
 938 03f3 04       		.byte	0x4
 939 03f4 0B       		.byte	0xb
 940 03f5 3C       		.byte	0x3c
 941 03f6 11040000 		.4byte	0x411
 942 03fa 11       		.uleb128 0x11
 943 03fb 74000000 		.4byte	.LASF65
 944 03ff 0B       		.byte	0xb
 945 0400 3D       		.byte	0x3d
 946 0401 32040000 		.4byte	0x432
 947 0405 11       		.uleb128 0x11
 948 0406 28030000 		.4byte	.LASF66
 949 040a 0B       		.byte	0xb
 950 040b 3E       		.byte	0x3e
 951 040c 38040000 		.4byte	0x438
 952 0410 00       		.byte	0
ARM GAS  /tmp/ccTtiMgL.s 			page 18


 953 0411 12       		.uleb128 0x12
 954 0412 DE020000 		.4byte	.LASF90
 955 0416 08       		.byte	0x8
 956 0417 0B       		.byte	0xb
 957 0418 39       		.byte	0x39
 958 0419 32040000 		.4byte	0x432
 959 041d 11       		.uleb128 0x11
 960 041e 2A010000 		.4byte	.LASF67
 961 0422 0B       		.byte	0xb
 962 0423 3A       		.byte	0x3a
 963 0424 A0020000 		.4byte	0x2a0
 964 0428 13       		.uleb128 0x13
 965 0429 6800     		.ascii	"h\000"
 966 042b 0B       		.byte	0xb
 967 042c 41       		.byte	0x41
 968 042d 3E040000 		.4byte	0x43e
 969 0431 00       		.byte	0
 970 0432 09       		.uleb128 0x9
 971 0433 04       		.byte	0x4
 972 0434 11040000 		.4byte	0x411
 973 0438 09       		.uleb128 0x9
 974 0439 04       		.byte	0x4
 975 043a B6030000 		.4byte	0x3b6
 976 043e 08       		.uleb128 0x8
 977 043f 08       		.byte	0x8
 978 0440 0B       		.byte	0xb
 979 0441 3B       		.byte	0x3b
 980 0442 5D040000 		.4byte	0x45d
 981 0446 07       		.uleb128 0x7
 982 0447 7500     		.ascii	"u\000"
 983 0449 0B       		.byte	0xb
 984 044a 3F       		.byte	0x3f
 985 044b F2030000 		.4byte	0x3f2
 986 044f 00       		.byte	0
 987 0450 06       		.uleb128 0x6
 988 0451 62010000 		.4byte	.LASF68
 989 0455 0B       		.byte	0xb
 990 0456 40       		.byte	0x40
 991 0457 2C000000 		.4byte	0x2c
 992 045b 04       		.byte	0x4
 993 045c 00       		.byte	0
 994 045d 05       		.uleb128 0x5
 995 045e 71030000 		.4byte	.LASF69
 996 0462 04       		.byte	0x4
 997 0463 0C       		.byte	0xc
 998 0464 2C       		.byte	0x2c
 999 0465 76040000 		.4byte	0x476
 1000 0469 06       		.uleb128 0x6
 1001 046a 6D020000 		.4byte	.LASF70
 1002 046e 0C       		.byte	0xc
 1003 046f 2D       		.byte	0x2d
 1004 0470 76040000 		.4byte	0x476
 1005 0474 00       		.byte	0
 1006 0475 00       		.byte	0
 1007 0476 09       		.uleb128 0x9
 1008 0477 04       		.byte	0x4
 1009 0478 5D040000 		.4byte	0x45d
ARM GAS  /tmp/ccTtiMgL.s 			page 19


 1010 047c 08       		.uleb128 0x8
 1011 047d 0C       		.byte	0xc
 1012 047e 0C       		.byte	0xc
 1013 047f 34       		.byte	0x34
 1014 0480 A9040000 		.4byte	0x4a9
 1015 0484 06       		.uleb128 0x6
 1016 0485 E0000000 		.4byte	.LASF71
 1017 0489 0C       		.byte	0xc
 1018 048a 35       		.byte	0x35
 1019 048b 76040000 		.4byte	0x476
 1020 048f 00       		.byte	0
 1021 0490 06       		.uleb128 0x6
 1022 0491 43020000 		.4byte	.LASF72
 1023 0495 0C       		.byte	0xc
 1024 0496 36       		.byte	0x36
 1025 0497 2C000000 		.4byte	0x2c
 1026 049b 04       		.byte	0x4
 1027 049c 06       		.uleb128 0x6
 1028 049d 15010000 		.4byte	.LASF73
 1029 04a1 0C       		.byte	0xc
 1030 04a2 38       		.byte	0x38
 1031 04a3 96030000 		.4byte	0x396
 1032 04a7 08       		.byte	0x8
 1033 04a8 00       		.byte	0
 1034 04a9 03       		.uleb128 0x3
 1035 04aa 2F000000 		.4byte	.LASF74
 1036 04ae 0C       		.byte	0xc
 1037 04af 3A       		.byte	0x3a
 1038 04b0 7C040000 		.4byte	0x47c
 1039 04b4 10       		.uleb128 0x10
 1040 04b5 04       		.byte	0x4
 1041 04b6 07       		.byte	0x7
 1042 04b7 96       		.byte	0x96
 1043 04b8 E9040000 		.4byte	0x4e9
 1044 04bc 11       		.uleb128 0x11
 1045 04bd 15000000 		.4byte	.LASF75
 1046 04c1 07       		.byte	0x7
 1047 04c2 9D       		.byte	0x9d
 1048 04c3 0C010000 		.4byte	0x10c
 1049 04c7 11       		.uleb128 0x11
 1050 04c8 5E000000 		.4byte	.LASF76
 1051 04cc 07       		.byte	0x7
 1052 04cd A4       		.byte	0xa4
 1053 04ce 0C010000 		.4byte	0x10c
 1054 04d2 11       		.uleb128 0x11
 1055 04d3 95030000 		.4byte	.LASF77
 1056 04d7 07       		.byte	0x7
 1057 04d8 AB       		.byte	0xab
 1058 04d9 9E020000 		.4byte	0x29e
 1059 04dd 11       		.uleb128 0x11
 1060 04de EA020000 		.4byte	.LASF78
 1061 04e2 07       		.byte	0x7
 1062 04e3 B2       		.byte	0xb2
 1063 04e4 17010000 		.4byte	0x117
 1064 04e8 00       		.byte	0
 1065 04e9 09       		.uleb128 0x9
 1066 04ea 04       		.byte	0x4
ARM GAS  /tmp/ccTtiMgL.s 			page 20


 1067 04eb EF040000 		.4byte	0x4ef
 1068 04ef 14       		.uleb128 0x14
 1069 04f0 F4040000 		.4byte	0x4f4
 1070 04f4 04       		.uleb128 0x4
 1071 04f5 01       		.byte	0x1
 1072 04f6 08       		.byte	0x8
 1073 04f7 2D030000 		.4byte	.LASF79
 1074 04fb 09       		.uleb128 0x9
 1075 04fc 04       		.byte	0x4
 1076 04fd A0020000 		.4byte	0x2a0
 1077 0501 09       		.uleb128 0x9
 1078 0502 04       		.byte	0x4
 1079 0503 8B030000 		.4byte	0x38b
 1080 0507 03       		.uleb128 0x3
 1081 0508 00000000 		.4byte	.LASF80
 1082 050c 07       		.byte	0x7
 1083 050d E5       		.byte	0xe5
 1084 050e 12050000 		.4byte	0x512
 1085 0512 09       		.uleb128 0x9
 1086 0513 04       		.byte	0x4
 1087 0514 18050000 		.4byte	0x518
 1088 0518 0E       		.uleb128 0xe
 1089 0519 0C010000 		.4byte	0x10c
 1090 051d 27050000 		.4byte	0x527
 1091 0521 0F       		.uleb128 0xf
 1092 0522 9E020000 		.4byte	0x29e
 1093 0526 00       		.byte	0
 1094 0527 15       		.uleb128 0x15
 1095 0528 C7010000 		.4byte	.LASF82
 1096 052c 01       		.byte	0x1
 1097 052d 34       		.byte	0x34
 1098 052e 62020000 		.4byte	0x262
 1099 0532 00000000 		.4byte	.LFB7
 1100 0536 4A000000 		.4byte	.LFE7-.LFB7
 1101 053a 01       		.uleb128 0x1
 1102 053b 9C       		.byte	0x9c
 1103 053c 80050000 		.4byte	0x580
 1104 0540 16       		.uleb128 0x16
 1105 0541 747000   		.ascii	"tp\000"
 1106 0544 01       		.byte	0x1
 1107 0545 34       		.byte	0x34
 1108 0546 62020000 		.4byte	0x262
 1109 054a 02       		.uleb128 0x2
 1110 054b 91       		.byte	0x91
 1111 054c 74       		.sleb128 -12
 1112 054d 17       		.uleb128 0x17
 1113 054e 06000000 		.4byte	.LBB2
 1114 0552 06000000 		.4byte	.LBE2-.LBB2
 1115 0556 68050000 		.4byte	0x568
 1116 055a 18       		.uleb128 0x18
 1117 055b 746D7000 		.ascii	"tmp\000"
 1118 055f 01       		.byte	0x1
 1119 0560 36       		.byte	0x36
 1120 0561 B8000000 		.4byte	0xb8
 1121 0565 01       		.uleb128 0x1
 1122 0566 53       		.byte	0x53
 1123 0567 00       		.byte	0
ARM GAS  /tmp/ccTtiMgL.s 			page 21


 1124 0568 19       		.uleb128 0x19
 1125 0569 3A000000 		.4byte	.LBB3
 1126 056d 06000000 		.4byte	.LBE3-.LBB3
 1127 0571 18       		.uleb128 0x18
 1128 0572 746D7000 		.ascii	"tmp\000"
 1129 0576 01       		.byte	0x1
 1130 0577 39       		.byte	0x39
 1131 0578 B8000000 		.4byte	0xb8
 1132 057c 01       		.uleb128 0x1
 1133 057d 53       		.byte	0x53
 1134 057e 00       		.byte	0
 1135 057f 00       		.byte	0
 1136 0580 1A       		.uleb128 0x1a
 1137 0581 00030000 		.4byte	.LASF91
 1138 0585 01       		.byte	0x1
 1139 0586 4A       		.byte	0x4a
 1140 0587 00000000 		.4byte	.LFB8
 1141 058b B4000000 		.4byte	.LFE8-.LFB8
 1142 058f 01       		.uleb128 0x1
 1143 0590 9C       		.byte	0x9c
 1144 0591 E3050000 		.4byte	0x5e3
 1145 0595 16       		.uleb128 0x16
 1146 0596 747000   		.ascii	"tp\000"
 1147 0599 01       		.byte	0x1
 1148 059a 4A       		.byte	0x4a
 1149 059b 62020000 		.4byte	0x262
 1150 059f 02       		.uleb128 0x2
 1151 05a0 91       		.byte	0x91
 1152 05a1 6C       		.sleb128 -20
 1153 05a2 1B       		.uleb128 0x1b
 1154 05a3 7D020000 		.4byte	.LASF81
 1155 05a7 01       		.byte	0x1
 1156 05a8 4B       		.byte	0x4b
 1157 05a9 EB000000 		.4byte	0xeb
 1158 05ad 02       		.uleb128 0x2
 1159 05ae 91       		.byte	0x91
 1160 05af 77       		.sleb128 -9
 1161 05b0 17       		.uleb128 0x17
 1162 05b1 06000000 		.4byte	.LBB4
 1163 05b5 06000000 		.4byte	.LBE4-.LBB4
 1164 05b9 CB050000 		.4byte	0x5cb
 1165 05bd 18       		.uleb128 0x18
 1166 05be 746D7000 		.ascii	"tmp\000"
 1167 05c2 01       		.byte	0x1
 1168 05c3 4D       		.byte	0x4d
 1169 05c4 B8000000 		.4byte	0xb8
 1170 05c8 01       		.uleb128 0x1
 1171 05c9 53       		.byte	0x53
 1172 05ca 00       		.byte	0
 1173 05cb 19       		.uleb128 0x19
 1174 05cc 44000000 		.4byte	.LBB5
 1175 05d0 06000000 		.4byte	.LBE5-.LBB5
 1176 05d4 18       		.uleb128 0x18
 1177 05d5 746D7000 		.ascii	"tmp\000"
 1178 05d9 01       		.byte	0x1
 1179 05da 50       		.byte	0x50
 1180 05db B8000000 		.4byte	0xb8
ARM GAS  /tmp/ccTtiMgL.s 			page 22


 1181 05df 01       		.uleb128 0x1
 1182 05e0 53       		.byte	0x53
 1183 05e1 00       		.byte	0
 1184 05e2 00       		.byte	0
 1185 05e3 15       		.uleb128 0x15
 1186 05e4 C3000000 		.4byte	.LASF83
 1187 05e8 01       		.byte	0x1
 1188 05e9 82       		.byte	0x82
 1189 05ea 62020000 		.4byte	0x262
 1190 05ee 00000000 		.4byte	.LFB9
 1191 05f2 84000000 		.4byte	.LFE9-.LFB9
 1192 05f6 01       		.uleb128 0x1
 1193 05f7 9C       		.byte	0x9c
 1194 05f8 8F060000 		.4byte	0x68f
 1195 05fc 1C       		.uleb128 0x1c
 1196 05fd 6E000000 		.4byte	.LASF84
 1197 0601 01       		.byte	0x1
 1198 0602 82       		.byte	0x82
 1199 0603 38040000 		.4byte	0x438
 1200 0607 02       		.uleb128 0x2
 1201 0608 91       		.byte	0x91
 1202 0609 6C       		.sleb128 -20
 1203 060a 1C       		.uleb128 0x1c
 1204 060b 62010000 		.4byte	.LASF68
 1205 060f 01       		.byte	0x1
 1206 0610 82       		.byte	0x82
 1207 0611 2C000000 		.4byte	0x2c
 1208 0615 02       		.uleb128 0x2
 1209 0616 91       		.byte	0x91
 1210 0617 68       		.sleb128 -24
 1211 0618 1C       		.uleb128 0x1c
 1212 0619 52020000 		.4byte	.LASF85
 1213 061d 01       		.byte	0x1
 1214 061e 83       		.byte	0x83
 1215 061f 01010000 		.4byte	0x101
 1216 0623 02       		.uleb128 0x2
 1217 0624 91       		.byte	0x91
 1218 0625 64       		.sleb128 -28
 1219 0626 16       		.uleb128 0x16
 1220 0627 706600   		.ascii	"pf\000"
 1221 062a 01       		.byte	0x1
 1222 062b 83       		.byte	0x83
 1223 062c 07050000 		.4byte	0x507
 1224 0630 02       		.uleb128 0x2
 1225 0631 91       		.byte	0x91
 1226 0632 60       		.sleb128 -32
 1227 0633 16       		.uleb128 0x16
 1228 0634 61726700 		.ascii	"arg\000"
 1229 0638 01       		.byte	0x1
 1230 0639 83       		.byte	0x83
 1231 063a 9E020000 		.4byte	0x29e
 1232 063e 02       		.uleb128 0x2
 1233 063f 91       		.byte	0x91
 1234 0640 00       		.sleb128 0
 1235 0641 18       		.uleb128 0x18
 1236 0642 77737000 		.ascii	"wsp\000"
 1237 0646 01       		.byte	0x1
ARM GAS  /tmp/ccTtiMgL.s 			page 23


 1238 0647 84       		.byte	0x84
 1239 0648 9E020000 		.4byte	0x29e
 1240 064c 02       		.uleb128 0x2
 1241 064d 91       		.byte	0x91
 1242 064e 74       		.sleb128 -12
 1243 064f 18       		.uleb128 0x18
 1244 0650 747000   		.ascii	"tp\000"
 1245 0653 01       		.byte	0x1
 1246 0654 85       		.byte	0x85
 1247 0655 62020000 		.4byte	0x262
 1248 0659 02       		.uleb128 0x2
 1249 065a 91       		.byte	0x91
 1250 065b 70       		.sleb128 -16
 1251 065c 17       		.uleb128 0x17
 1252 065d 44000000 		.4byte	.LBB6
 1253 0661 06000000 		.4byte	.LBE6-.LBB6
 1254 0665 77060000 		.4byte	0x677
 1255 0669 18       		.uleb128 0x18
 1256 066a 746D7000 		.ascii	"tmp\000"
 1257 066e 01       		.byte	0x1
 1258 066f 94       		.byte	0x94
 1259 0670 B8000000 		.4byte	0xb8
 1260 0674 01       		.uleb128 0x1
 1261 0675 53       		.byte	0x53
 1262 0676 00       		.byte	0
 1263 0677 19       		.uleb128 0x19
 1264 0678 74000000 		.4byte	.LBB7
 1265 067c 06000000 		.4byte	.LBE7-.LBB7
 1266 0680 18       		.uleb128 0x18
 1267 0681 746D7000 		.ascii	"tmp\000"
 1268 0685 01       		.byte	0x1
 1269 0686 98       		.byte	0x98
 1270 0687 B8000000 		.4byte	0xb8
 1271 068b 01       		.uleb128 0x1
 1272 068c 53       		.byte	0x53
 1273 068d 00       		.byte	0
 1274 068e 00       		.byte	0
 1275 068f 15       		.uleb128 0x15
 1276 0690 F0000000 		.4byte	.LASF86
 1277 0694 01       		.byte	0x1
 1278 0695 B3       		.byte	0xb3
 1279 0696 62020000 		.4byte	0x262
 1280 069a 00000000 		.4byte	.LFB10
 1281 069e A0000000 		.4byte	.LFE10-.LFB10
 1282 06a2 01       		.uleb128 0x1
 1283 06a3 9C       		.byte	0x9c
 1284 06a4 2C070000 		.4byte	0x72c
 1285 06a8 16       		.uleb128 0x16
 1286 06a9 6D7000   		.ascii	"mp\000"
 1287 06ac 01       		.byte	0x1
 1288 06ad B3       		.byte	0xb3
 1289 06ae 2C070000 		.4byte	0x72c
 1290 06b2 02       		.uleb128 0x2
 1291 06b3 91       		.byte	0x91
 1292 06b4 6C       		.sleb128 -20
 1293 06b5 1C       		.uleb128 0x1c
 1294 06b6 52020000 		.4byte	.LASF85
ARM GAS  /tmp/ccTtiMgL.s 			page 24


 1295 06ba 01       		.byte	0x1
 1296 06bb B3       		.byte	0xb3
 1297 06bc 01010000 		.4byte	0x101
 1298 06c0 02       		.uleb128 0x2
 1299 06c1 91       		.byte	0x91
 1300 06c2 68       		.sleb128 -24
 1301 06c3 16       		.uleb128 0x16
 1302 06c4 706600   		.ascii	"pf\000"
 1303 06c7 01       		.byte	0x1
 1304 06c8 B4       		.byte	0xb4
 1305 06c9 07050000 		.4byte	0x507
 1306 06cd 02       		.uleb128 0x2
 1307 06ce 91       		.byte	0x91
 1308 06cf 64       		.sleb128 -28
 1309 06d0 16       		.uleb128 0x16
 1310 06d1 61726700 		.ascii	"arg\000"
 1311 06d5 01       		.byte	0x1
 1312 06d6 B4       		.byte	0xb4
 1313 06d7 9E020000 		.4byte	0x29e
 1314 06db 02       		.uleb128 0x2
 1315 06dc 91       		.byte	0x91
 1316 06dd 60       		.sleb128 -32
 1317 06de 18       		.uleb128 0x18
 1318 06df 77737000 		.ascii	"wsp\000"
 1319 06e3 01       		.byte	0x1
 1320 06e4 B5       		.byte	0xb5
 1321 06e5 9E020000 		.4byte	0x29e
 1322 06e9 02       		.uleb128 0x2
 1323 06ea 91       		.byte	0x91
 1324 06eb 74       		.sleb128 -12
 1325 06ec 18       		.uleb128 0x18
 1326 06ed 747000   		.ascii	"tp\000"
 1327 06f0 01       		.byte	0x1
 1328 06f1 B6       		.byte	0xb6
 1329 06f2 62020000 		.4byte	0x262
 1330 06f6 02       		.uleb128 0x2
 1331 06f7 91       		.byte	0x91
 1332 06f8 70       		.sleb128 -16
 1333 06f9 17       		.uleb128 0x17
 1334 06fa 56000000 		.4byte	.LBB8
 1335 06fe 06000000 		.4byte	.LBE8-.LBB8
 1336 0702 14070000 		.4byte	0x714
 1337 0706 18       		.uleb128 0x18
 1338 0707 746D7000 		.ascii	"tmp\000"
 1339 070b 01       		.byte	0x1
 1340 070c C7       		.byte	0xc7
 1341 070d B8000000 		.4byte	0xb8
 1342 0711 01       		.uleb128 0x1
 1343 0712 53       		.byte	0x53
 1344 0713 00       		.byte	0
 1345 0714 19       		.uleb128 0x19
 1346 0715 90000000 		.4byte	.LBB9
 1347 0719 06000000 		.4byte	.LBE9-.LBB9
 1348 071d 18       		.uleb128 0x18
 1349 071e 746D7000 		.ascii	"tmp\000"
 1350 0722 01       		.byte	0x1
 1351 0723 CC       		.byte	0xcc
ARM GAS  /tmp/ccTtiMgL.s 			page 25


 1352 0724 B8000000 		.4byte	0xb8
 1353 0728 01       		.uleb128 0x1
 1354 0729 53       		.byte	0x53
 1355 072a 00       		.byte	0
 1356 072b 00       		.byte	0
 1357 072c 09       		.uleb128 0x9
 1358 072d 04       		.byte	0x4
 1359 072e A9040000 		.4byte	0x4a9
 1360 0732 00       		.byte	0
 1361              		.section	.debug_abbrev,"",%progbits
 1362              	.Ldebug_abbrev0:
 1363 0000 01       		.uleb128 0x1
 1364 0001 11       		.uleb128 0x11
 1365 0002 01       		.byte	0x1
 1366 0003 25       		.uleb128 0x25
 1367 0004 0E       		.uleb128 0xe
 1368 0005 13       		.uleb128 0x13
 1369 0006 0B       		.uleb128 0xb
 1370 0007 03       		.uleb128 0x3
 1371 0008 0E       		.uleb128 0xe
 1372 0009 1B       		.uleb128 0x1b
 1373 000a 0E       		.uleb128 0xe
 1374 000b 55       		.uleb128 0x55
 1375 000c 17       		.uleb128 0x17
 1376 000d 11       		.uleb128 0x11
 1377 000e 01       		.uleb128 0x1
 1378 000f 10       		.uleb128 0x10
 1379 0010 17       		.uleb128 0x17
 1380 0011 00       		.byte	0
 1381 0012 00       		.byte	0
 1382 0013 02       		.uleb128 0x2
 1383 0014 24       		.uleb128 0x24
 1384 0015 00       		.byte	0
 1385 0016 0B       		.uleb128 0xb
 1386 0017 0B       		.uleb128 0xb
 1387 0018 3E       		.uleb128 0x3e
 1388 0019 0B       		.uleb128 0xb
 1389 001a 03       		.uleb128 0x3
 1390 001b 08       		.uleb128 0x8
 1391 001c 00       		.byte	0
 1392 001d 00       		.byte	0
 1393 001e 03       		.uleb128 0x3
 1394 001f 16       		.uleb128 0x16
 1395 0020 00       		.byte	0
 1396 0021 03       		.uleb128 0x3
 1397 0022 0E       		.uleb128 0xe
 1398 0023 3A       		.uleb128 0x3a
 1399 0024 0B       		.uleb128 0xb
 1400 0025 3B       		.uleb128 0x3b
 1401 0026 0B       		.uleb128 0xb
 1402 0027 49       		.uleb128 0x49
 1403 0028 13       		.uleb128 0x13
 1404 0029 00       		.byte	0
 1405 002a 00       		.byte	0
 1406 002b 04       		.uleb128 0x4
 1407 002c 24       		.uleb128 0x24
 1408 002d 00       		.byte	0
ARM GAS  /tmp/ccTtiMgL.s 			page 26


 1409 002e 0B       		.uleb128 0xb
 1410 002f 0B       		.uleb128 0xb
 1411 0030 3E       		.uleb128 0x3e
 1412 0031 0B       		.uleb128 0xb
 1413 0032 03       		.uleb128 0x3
 1414 0033 0E       		.uleb128 0xe
 1415 0034 00       		.byte	0
 1416 0035 00       		.byte	0
 1417 0036 05       		.uleb128 0x5
 1418 0037 13       		.uleb128 0x13
 1419 0038 01       		.byte	0x1
 1420 0039 03       		.uleb128 0x3
 1421 003a 0E       		.uleb128 0xe
 1422 003b 0B       		.uleb128 0xb
 1423 003c 0B       		.uleb128 0xb
 1424 003d 3A       		.uleb128 0x3a
 1425 003e 0B       		.uleb128 0xb
 1426 003f 3B       		.uleb128 0x3b
 1427 0040 0B       		.uleb128 0xb
 1428 0041 01       		.uleb128 0x1
 1429 0042 13       		.uleb128 0x13
 1430 0043 00       		.byte	0
 1431 0044 00       		.byte	0
 1432 0045 06       		.uleb128 0x6
 1433 0046 0D       		.uleb128 0xd
 1434 0047 00       		.byte	0
 1435 0048 03       		.uleb128 0x3
 1436 0049 0E       		.uleb128 0xe
 1437 004a 3A       		.uleb128 0x3a
 1438 004b 0B       		.uleb128 0xb
 1439 004c 3B       		.uleb128 0x3b
 1440 004d 0B       		.uleb128 0xb
 1441 004e 49       		.uleb128 0x49
 1442 004f 13       		.uleb128 0x13
 1443 0050 38       		.uleb128 0x38
 1444 0051 0B       		.uleb128 0xb
 1445 0052 00       		.byte	0
 1446 0053 00       		.byte	0
 1447 0054 07       		.uleb128 0x7
 1448 0055 0D       		.uleb128 0xd
 1449 0056 00       		.byte	0
 1450 0057 03       		.uleb128 0x3
 1451 0058 08       		.uleb128 0x8
 1452 0059 3A       		.uleb128 0x3a
 1453 005a 0B       		.uleb128 0xb
 1454 005b 3B       		.uleb128 0x3b
 1455 005c 0B       		.uleb128 0xb
 1456 005d 49       		.uleb128 0x49
 1457 005e 13       		.uleb128 0x13
 1458 005f 38       		.uleb128 0x38
 1459 0060 0B       		.uleb128 0xb
 1460 0061 00       		.byte	0
 1461 0062 00       		.byte	0
 1462 0063 08       		.uleb128 0x8
 1463 0064 13       		.uleb128 0x13
 1464 0065 01       		.byte	0x1
 1465 0066 0B       		.uleb128 0xb
ARM GAS  /tmp/ccTtiMgL.s 			page 27


 1466 0067 0B       		.uleb128 0xb
 1467 0068 3A       		.uleb128 0x3a
 1468 0069 0B       		.uleb128 0xb
 1469 006a 3B       		.uleb128 0x3b
 1470 006b 0B       		.uleb128 0xb
 1471 006c 01       		.uleb128 0x1
 1472 006d 13       		.uleb128 0x13
 1473 006e 00       		.byte	0
 1474 006f 00       		.byte	0
 1475 0070 09       		.uleb128 0x9
 1476 0071 0F       		.uleb128 0xf
 1477 0072 00       		.byte	0
 1478 0073 0B       		.uleb128 0xb
 1479 0074 0B       		.uleb128 0xb
 1480 0075 49       		.uleb128 0x49
 1481 0076 13       		.uleb128 0x13
 1482 0077 00       		.byte	0
 1483 0078 00       		.byte	0
 1484 0079 0A       		.uleb128 0xa
 1485 007a 0F       		.uleb128 0xf
 1486 007b 00       		.byte	0
 1487 007c 0B       		.uleb128 0xb
 1488 007d 0B       		.uleb128 0xb
 1489 007e 00       		.byte	0
 1490 007f 00       		.byte	0
 1491 0080 0B       		.uleb128 0xb
 1492 0081 13       		.uleb128 0x13
 1493 0082 01       		.byte	0x1
 1494 0083 03       		.uleb128 0x3
 1495 0084 0E       		.uleb128 0xe
 1496 0085 0B       		.uleb128 0xb
 1497 0086 0B       		.uleb128 0xb
 1498 0087 3A       		.uleb128 0x3a
 1499 0088 0B       		.uleb128 0xb
 1500 0089 3B       		.uleb128 0x3b
 1501 008a 05       		.uleb128 0x5
 1502 008b 01       		.uleb128 0x1
 1503 008c 13       		.uleb128 0x13
 1504 008d 00       		.byte	0
 1505 008e 00       		.byte	0
 1506 008f 0C       		.uleb128 0xc
 1507 0090 0D       		.uleb128 0xd
 1508 0091 00       		.byte	0
 1509 0092 03       		.uleb128 0x3
 1510 0093 08       		.uleb128 0x8
 1511 0094 3A       		.uleb128 0x3a
 1512 0095 0B       		.uleb128 0xb
 1513 0096 3B       		.uleb128 0x3b
 1514 0097 05       		.uleb128 0x5
 1515 0098 49       		.uleb128 0x49
 1516 0099 13       		.uleb128 0x13
 1517 009a 38       		.uleb128 0x38
 1518 009b 0B       		.uleb128 0xb
 1519 009c 00       		.byte	0
 1520 009d 00       		.byte	0
 1521 009e 0D       		.uleb128 0xd
 1522 009f 35       		.uleb128 0x35
ARM GAS  /tmp/ccTtiMgL.s 			page 28


 1523 00a0 00       		.byte	0
 1524 00a1 49       		.uleb128 0x49
 1525 00a2 13       		.uleb128 0x13
 1526 00a3 00       		.byte	0
 1527 00a4 00       		.byte	0
 1528 00a5 0E       		.uleb128 0xe
 1529 00a6 15       		.uleb128 0x15
 1530 00a7 01       		.byte	0x1
 1531 00a8 27       		.uleb128 0x27
 1532 00a9 19       		.uleb128 0x19
 1533 00aa 49       		.uleb128 0x49
 1534 00ab 13       		.uleb128 0x13
 1535 00ac 01       		.uleb128 0x1
 1536 00ad 13       		.uleb128 0x13
 1537 00ae 00       		.byte	0
 1538 00af 00       		.byte	0
 1539 00b0 0F       		.uleb128 0xf
 1540 00b1 05       		.uleb128 0x5
 1541 00b2 00       		.byte	0
 1542 00b3 49       		.uleb128 0x49
 1543 00b4 13       		.uleb128 0x13
 1544 00b5 00       		.byte	0
 1545 00b6 00       		.byte	0
 1546 00b7 10       		.uleb128 0x10
 1547 00b8 17       		.uleb128 0x17
 1548 00b9 01       		.byte	0x1
 1549 00ba 0B       		.uleb128 0xb
 1550 00bb 0B       		.uleb128 0xb
 1551 00bc 3A       		.uleb128 0x3a
 1552 00bd 0B       		.uleb128 0xb
 1553 00be 3B       		.uleb128 0x3b
 1554 00bf 0B       		.uleb128 0xb
 1555 00c0 01       		.uleb128 0x1
 1556 00c1 13       		.uleb128 0x13
 1557 00c2 00       		.byte	0
 1558 00c3 00       		.byte	0
 1559 00c4 11       		.uleb128 0x11
 1560 00c5 0D       		.uleb128 0xd
 1561 00c6 00       		.byte	0
 1562 00c7 03       		.uleb128 0x3
 1563 00c8 0E       		.uleb128 0xe
 1564 00c9 3A       		.uleb128 0x3a
 1565 00ca 0B       		.uleb128 0xb
 1566 00cb 3B       		.uleb128 0x3b
 1567 00cc 0B       		.uleb128 0xb
 1568 00cd 49       		.uleb128 0x49
 1569 00ce 13       		.uleb128 0x13
 1570 00cf 00       		.byte	0
 1571 00d0 00       		.byte	0
 1572 00d1 12       		.uleb128 0x12
 1573 00d2 17       		.uleb128 0x17
 1574 00d3 01       		.byte	0x1
 1575 00d4 03       		.uleb128 0x3
 1576 00d5 0E       		.uleb128 0xe
 1577 00d6 0B       		.uleb128 0xb
 1578 00d7 0B       		.uleb128 0xb
 1579 00d8 3A       		.uleb128 0x3a
ARM GAS  /tmp/ccTtiMgL.s 			page 29


 1580 00d9 0B       		.uleb128 0xb
 1581 00da 3B       		.uleb128 0x3b
 1582 00db 0B       		.uleb128 0xb
 1583 00dc 01       		.uleb128 0x1
 1584 00dd 13       		.uleb128 0x13
 1585 00de 00       		.byte	0
 1586 00df 00       		.byte	0
 1587 00e0 13       		.uleb128 0x13
 1588 00e1 0D       		.uleb128 0xd
 1589 00e2 00       		.byte	0
 1590 00e3 03       		.uleb128 0x3
 1591 00e4 08       		.uleb128 0x8
 1592 00e5 3A       		.uleb128 0x3a
 1593 00e6 0B       		.uleb128 0xb
 1594 00e7 3B       		.uleb128 0x3b
 1595 00e8 0B       		.uleb128 0xb
 1596 00e9 49       		.uleb128 0x49
 1597 00ea 13       		.uleb128 0x13
 1598 00eb 00       		.byte	0
 1599 00ec 00       		.byte	0
 1600 00ed 14       		.uleb128 0x14
 1601 00ee 26       		.uleb128 0x26
 1602 00ef 00       		.byte	0
 1603 00f0 49       		.uleb128 0x49
 1604 00f1 13       		.uleb128 0x13
 1605 00f2 00       		.byte	0
 1606 00f3 00       		.byte	0
 1607 00f4 15       		.uleb128 0x15
 1608 00f5 2E       		.uleb128 0x2e
 1609 00f6 01       		.byte	0x1
 1610 00f7 3F       		.uleb128 0x3f
 1611 00f8 19       		.uleb128 0x19
 1612 00f9 03       		.uleb128 0x3
 1613 00fa 0E       		.uleb128 0xe
 1614 00fb 3A       		.uleb128 0x3a
 1615 00fc 0B       		.uleb128 0xb
 1616 00fd 3B       		.uleb128 0x3b
 1617 00fe 0B       		.uleb128 0xb
 1618 00ff 27       		.uleb128 0x27
 1619 0100 19       		.uleb128 0x19
 1620 0101 49       		.uleb128 0x49
 1621 0102 13       		.uleb128 0x13
 1622 0103 11       		.uleb128 0x11
 1623 0104 01       		.uleb128 0x1
 1624 0105 12       		.uleb128 0x12
 1625 0106 06       		.uleb128 0x6
 1626 0107 40       		.uleb128 0x40
 1627 0108 18       		.uleb128 0x18
 1628 0109 9642     		.uleb128 0x2116
 1629 010b 19       		.uleb128 0x19
 1630 010c 01       		.uleb128 0x1
 1631 010d 13       		.uleb128 0x13
 1632 010e 00       		.byte	0
 1633 010f 00       		.byte	0
 1634 0110 16       		.uleb128 0x16
 1635 0111 05       		.uleb128 0x5
 1636 0112 00       		.byte	0
ARM GAS  /tmp/ccTtiMgL.s 			page 30


 1637 0113 03       		.uleb128 0x3
 1638 0114 08       		.uleb128 0x8
 1639 0115 3A       		.uleb128 0x3a
 1640 0116 0B       		.uleb128 0xb
 1641 0117 3B       		.uleb128 0x3b
 1642 0118 0B       		.uleb128 0xb
 1643 0119 49       		.uleb128 0x49
 1644 011a 13       		.uleb128 0x13
 1645 011b 02       		.uleb128 0x2
 1646 011c 18       		.uleb128 0x18
 1647 011d 00       		.byte	0
 1648 011e 00       		.byte	0
 1649 011f 17       		.uleb128 0x17
 1650 0120 0B       		.uleb128 0xb
 1651 0121 01       		.byte	0x1
 1652 0122 11       		.uleb128 0x11
 1653 0123 01       		.uleb128 0x1
 1654 0124 12       		.uleb128 0x12
 1655 0125 06       		.uleb128 0x6
 1656 0126 01       		.uleb128 0x1
 1657 0127 13       		.uleb128 0x13
 1658 0128 00       		.byte	0
 1659 0129 00       		.byte	0
 1660 012a 18       		.uleb128 0x18
 1661 012b 34       		.uleb128 0x34
 1662 012c 00       		.byte	0
 1663 012d 03       		.uleb128 0x3
 1664 012e 08       		.uleb128 0x8
 1665 012f 3A       		.uleb128 0x3a
 1666 0130 0B       		.uleb128 0xb
 1667 0131 3B       		.uleb128 0x3b
 1668 0132 0B       		.uleb128 0xb
 1669 0133 49       		.uleb128 0x49
 1670 0134 13       		.uleb128 0x13
 1671 0135 02       		.uleb128 0x2
 1672 0136 18       		.uleb128 0x18
 1673 0137 00       		.byte	0
 1674 0138 00       		.byte	0
 1675 0139 19       		.uleb128 0x19
 1676 013a 0B       		.uleb128 0xb
 1677 013b 01       		.byte	0x1
 1678 013c 11       		.uleb128 0x11
 1679 013d 01       		.uleb128 0x1
 1680 013e 12       		.uleb128 0x12
 1681 013f 06       		.uleb128 0x6
 1682 0140 00       		.byte	0
 1683 0141 00       		.byte	0
 1684 0142 1A       		.uleb128 0x1a
 1685 0143 2E       		.uleb128 0x2e
 1686 0144 01       		.byte	0x1
 1687 0145 3F       		.uleb128 0x3f
 1688 0146 19       		.uleb128 0x19
 1689 0147 03       		.uleb128 0x3
 1690 0148 0E       		.uleb128 0xe
 1691 0149 3A       		.uleb128 0x3a
 1692 014a 0B       		.uleb128 0xb
 1693 014b 3B       		.uleb128 0x3b
ARM GAS  /tmp/ccTtiMgL.s 			page 31


 1694 014c 0B       		.uleb128 0xb
 1695 014d 27       		.uleb128 0x27
 1696 014e 19       		.uleb128 0x19
 1697 014f 11       		.uleb128 0x11
 1698 0150 01       		.uleb128 0x1
 1699 0151 12       		.uleb128 0x12
 1700 0152 06       		.uleb128 0x6
 1701 0153 40       		.uleb128 0x40
 1702 0154 18       		.uleb128 0x18
 1703 0155 9642     		.uleb128 0x2116
 1704 0157 19       		.uleb128 0x19
 1705 0158 01       		.uleb128 0x1
 1706 0159 13       		.uleb128 0x13
 1707 015a 00       		.byte	0
 1708 015b 00       		.byte	0
 1709 015c 1B       		.uleb128 0x1b
 1710 015d 34       		.uleb128 0x34
 1711 015e 00       		.byte	0
 1712 015f 03       		.uleb128 0x3
 1713 0160 0E       		.uleb128 0xe
 1714 0161 3A       		.uleb128 0x3a
 1715 0162 0B       		.uleb128 0xb
 1716 0163 3B       		.uleb128 0x3b
 1717 0164 0B       		.uleb128 0xb
 1718 0165 49       		.uleb128 0x49
 1719 0166 13       		.uleb128 0x13
 1720 0167 02       		.uleb128 0x2
 1721 0168 18       		.uleb128 0x18
 1722 0169 00       		.byte	0
 1723 016a 00       		.byte	0
 1724 016b 1C       		.uleb128 0x1c
 1725 016c 05       		.uleb128 0x5
 1726 016d 00       		.byte	0
 1727 016e 03       		.uleb128 0x3
 1728 016f 0E       		.uleb128 0xe
 1729 0170 3A       		.uleb128 0x3a
 1730 0171 0B       		.uleb128 0xb
 1731 0172 3B       		.uleb128 0x3b
 1732 0173 0B       		.uleb128 0xb
 1733 0174 49       		.uleb128 0x49
 1734 0175 13       		.uleb128 0x13
 1735 0176 02       		.uleb128 0x2
 1736 0177 18       		.uleb128 0x18
 1737 0178 00       		.byte	0
 1738 0179 00       		.byte	0
 1739 017a 00       		.byte	0
 1740              		.section	.debug_aranges,"",%progbits
 1741 0000 34000000 		.4byte	0x34
 1742 0004 0200     		.2byte	0x2
 1743 0006 00000000 		.4byte	.Ldebug_info0
 1744 000a 04       		.byte	0x4
 1745 000b 00       		.byte	0
 1746 000c 0000     		.2byte	0
 1747 000e 0000     		.2byte	0
 1748 0010 00000000 		.4byte	.LFB7
 1749 0014 4A000000 		.4byte	.LFE7-.LFB7
 1750 0018 00000000 		.4byte	.LFB8
ARM GAS  /tmp/ccTtiMgL.s 			page 32


 1751 001c B4000000 		.4byte	.LFE8-.LFB8
 1752 0020 00000000 		.4byte	.LFB9
 1753 0024 84000000 		.4byte	.LFE9-.LFB9
 1754 0028 00000000 		.4byte	.LFB10
 1755 002c A0000000 		.4byte	.LFE10-.LFB10
 1756 0030 00000000 		.4byte	0
 1757 0034 00000000 		.4byte	0
 1758              		.section	.debug_ranges,"",%progbits
 1759              	.Ldebug_ranges0:
 1760 0000 00000000 		.4byte	.LFB7
 1761 0004 4A000000 		.4byte	.LFE7
 1762 0008 00000000 		.4byte	.LFB8
 1763 000c B4000000 		.4byte	.LFE8
 1764 0010 00000000 		.4byte	.LFB9
 1765 0014 84000000 		.4byte	.LFE9
 1766 0018 00000000 		.4byte	.LFB10
 1767 001c A0000000 		.4byte	.LFE10
 1768 0020 00000000 		.4byte	0
 1769 0024 00000000 		.4byte	0
 1770              		.section	.debug_line,"",%progbits
 1771              	.Ldebug_line0:
 1772 0000 FD010000 		.section	.debug_str,"MS",%progbits,1
 1772      02006D01 
 1772      00000201 
 1772      FB0E0D00 
 1772      01010101 
 1773              	.LASF80:
 1774 0000 7466756E 		.ascii	"tfunc_t\000"
 1774      635F7400 
 1775              	.LASF43:
 1776 0008 705F6D73 		.ascii	"p_msg\000"
 1776      6700
 1777              	.LASF2:
 1778 000e 73697A65 		.ascii	"size_t\000"
 1778      5F7400
 1779              	.LASF75:
 1780 0015 7264796D 		.ascii	"rdymsg\000"
 1780      736700
 1781              	.LASF17:
 1782 001c 75696E74 		.ascii	"uint64_t\000"
 1782      36345F74 
 1782      00
 1783              	.LASF3:
 1784 0025 5F5F7569 		.ascii	"__uint8_t\000"
 1784      6E74385F 
 1784      7400
 1785              	.LASF74:
 1786 002f 4D656D6F 		.ascii	"MemoryPool\000"
 1786      7279506F 
 1786      6F6C00
 1787              	.LASF59:
 1788 003a 6D656D67 		.ascii	"memgetfunc_t\000"
 1788      65746675 
 1788      6E635F74 
 1788      00
 1789              	.LASF13:
 1790 0047 6C6F6E67 		.ascii	"long long unsigned int\000"
ARM GAS  /tmp/ccTtiMgL.s 			page 33


 1790      206C6F6E 
 1790      6720756E 
 1790      7369676E 
 1790      65642069 
 1791              	.LASF76:
 1792 005e 65786974 		.ascii	"exitcode\000"
 1792      636F6465 
 1792      00
 1793              	.LASF63:
 1794 0067 685F6672 		.ascii	"h_free\000"
 1794      656500
 1795              	.LASF84:
 1796 006e 68656170 		.ascii	"heapp\000"
 1796      7000
 1797              	.LASF65:
 1798 0074 6E657874 		.ascii	"next\000"
 1798      00
 1799              	.LASF30:
 1800 0079 705F7072 		.ascii	"p_prio\000"
 1800      696F00
 1801              	.LASF11:
 1802 0080 6C6F6E67 		.ascii	"long long int\000"
 1802      206C6F6E 
 1802      6720696E 
 1802      7400
 1803              	.LASF1:
 1804 008e 7369676E 		.ascii	"signed char\000"
 1804      65642063 
 1804      68617200 
 1805              	.LASF64:
 1806 009a 685F6D74 		.ascii	"h_mtx\000"
 1806      7800
 1807              	.LASF47:
 1808 00a0 705F6D70 		.ascii	"p_mpool\000"
 1808      6F6F6C00 
 1809              	.LASF56:
 1810 00a8 6D5F7175 		.ascii	"m_queue\000"
 1810      65756500 
 1811              	.LASF22:
 1812 00b0 74736C69 		.ascii	"tslices_t\000"
 1812      6365735F 
 1812      7400
 1813              	.LASF8:
 1814 00ba 6C6F6E67 		.ascii	"long int\000"
 1814      20696E74 
 1814      00
 1815              	.LASF83:
 1816 00c3 63685468 		.ascii	"chThdCreateFromHeap\000"
 1816      64437265 
 1816      61746546 
 1816      726F6D48 
 1816      65617000 
 1817              	.LASF20:
 1818 00d7 74737461 		.ascii	"tstate_t\000"
 1818      74655F74 
 1818      00
 1819              	.LASF71:
ARM GAS  /tmp/ccTtiMgL.s 			page 34


 1820 00e0 6D705F6E 		.ascii	"mp_next\000"
 1820      65787400 
 1821              	.LASF32:
 1822 00e8 705F6E65 		.ascii	"p_newer\000"
 1822      77657200 
 1823              	.LASF86:
 1824 00f0 63685468 		.ascii	"chThdCreateFromMemoryPool\000"
 1824      64437265 
 1824      61746546 
 1824      726F6D4D 
 1824      656D6F72 
 1825              	.LASF9:
 1826 010a 5F5F7569 		.ascii	"__uint32_t\000"
 1826      6E743332 
 1826      5F7400
 1827              	.LASF73:
 1828 0115 6D705F70 		.ascii	"mp_provider\000"
 1828      726F7669 
 1828      64657200 
 1829              	.LASF50:
 1830 0121 72656761 		.ascii	"regarm_t\000"
 1830      726D5F74 
 1830      00
 1831              	.LASF67:
 1832 012a 616C6967 		.ascii	"align\000"
 1832      6E00
 1833              	.LASF35:
 1834 0130 705F7374 		.ascii	"p_stklimit\000"
 1834      6B6C696D 
 1834      697400
 1835              	.LASF0:
 1836 013b 756E7369 		.ascii	"unsigned int\000"
 1836      676E6564 
 1836      20696E74 
 1836      00
 1837              	.LASF10:
 1838 0148 6C6F6E67 		.ascii	"long unsigned int\000"
 1838      20756E73 
 1838      69676E65 
 1838      6420696E 
 1838      7400
 1839              	.LASF53:
 1840 015a 636F6E74 		.ascii	"context\000"
 1840      65787400 
 1841              	.LASF68:
 1842 0162 73697A65 		.ascii	"size\000"
 1842      00
 1843              	.LASF6:
 1844 0167 73686F72 		.ascii	"short unsigned int\000"
 1844      7420756E 
 1844      7369676E 
 1844      65642069 
 1844      6E7400
 1845              	.LASF24:
 1846 017a 6D73675F 		.ascii	"msg_t\000"
 1846      7400
 1847              	.LASF88:
ARM GAS  /tmp/ccTtiMgL.s 			page 35


 1848 0180 2E2E2F2E 		.ascii	"../..//os/kernel/src/chdynamic.c\000"
 1848      2E2F2F6F 
 1848      732F6B65 
 1848      726E656C 
 1848      2F737263 
 1849              	.LASF19:
 1850 01a1 746D6F64 		.ascii	"tmode_t\000"
 1850      655F7400 
 1851              	.LASF49:
 1852 01a9 54687265 		.ascii	"ThreadsList\000"
 1852      6164734C 
 1852      69737400 
 1853              	.LASF25:
 1854 01b5 6576656E 		.ascii	"eventmask_t\000"
 1854      746D6173 
 1854      6B5F7400 
 1855              	.LASF55:
 1856 01c1 4D757465 		.ascii	"Mutex\000"
 1856      7800
 1857              	.LASF82:
 1858 01c7 63685468 		.ascii	"chThdAddRef\000"
 1858      64416464 
 1858      52656600 
 1859              	.LASF51:
 1860 01d3 73746B61 		.ascii	"stkalign_t\000"
 1860      6C69676E 
 1860      5F7400
 1861              	.LASF41:
 1862 01de 705F7761 		.ascii	"p_waiting\000"
 1862      6974696E 
 1862      6700
 1863              	.LASF89:
 1864 01e8 2F686F6D 		.ascii	"/home/ece497/vbox-shared/mplayer/ChibiOS-RT-stable_"
 1864      652F6563 
 1864      65343937 
 1864      2F76626F 
 1864      782D7368 
 1865 021b 322E362E 		.ascii	"2.6.x/demos/SDCARD\000"
 1865      782F6465 
 1865      6D6F732F 
 1865      53444341 
 1865      524400
 1866              	.LASF33:
 1867 022e 705F6F6C 		.ascii	"p_older\000"
 1867      64657200 
 1868              	.LASF48:
 1869 0236 54687265 		.ascii	"ThreadsQueue\000"
 1869      61647351 
 1869      75657565 
 1869      00
 1870              	.LASF72:
 1871 0243 6D705F6F 		.ascii	"mp_object_size\000"
 1871      626A6563 
 1871      745F7369 
 1871      7A6500
 1872              	.LASF85:
 1873 0252 7072696F 		.ascii	"prio\000"
ARM GAS  /tmp/ccTtiMgL.s 			page 36


 1873      00
 1874              	.LASF60:
 1875 0257 4D656D6F 		.ascii	"MemoryHeap\000"
 1875      72794865 
 1875      617000
 1876              	.LASF12:
 1877 0262 5F5F7569 		.ascii	"__uint64_t\000"
 1877      6E743634 
 1877      5F7400
 1878              	.LASF70:
 1879 026d 70685F6E 		.ascii	"ph_next\000"
 1879      65787400 
 1880              	.LASF21:
 1881 0275 74726566 		.ascii	"trefs_t\000"
 1881      735F7400 
 1882              	.LASF81:
 1883 027d 72656673 		.ascii	"refs\000"
 1883      00
 1884              	.LASF29:
 1885 0282 705F7072 		.ascii	"p_prev\000"
 1885      657600
 1886              	.LASF23:
 1887 0289 74707269 		.ascii	"tprio_t\000"
 1887      6F5F7400 
 1888              	.LASF18:
 1889 0291 5F426F6F 		.ascii	"_Bool\000"
 1889      6C00
 1890              	.LASF15:
 1891 0297 696E7433 		.ascii	"int32_t\000"
 1891      325F7400 
 1892              	.LASF4:
 1893 029f 756E7369 		.ascii	"unsigned char\000"
 1893      676E6564 
 1893      20636861 
 1893      7200
 1894              	.LASF62:
 1895 02ad 685F7072 		.ascii	"h_provider\000"
 1895      6F766964 
 1895      657200
 1896              	.LASF45:
 1897 02b8 705F6D74 		.ascii	"p_mtxlist\000"
 1897      786C6973 
 1897      7400
 1898              	.LASF5:
 1899 02c2 73686F72 		.ascii	"short int\000"
 1899      7420696E 
 1899      7400
 1900              	.LASF36:
 1901 02cc 705F7374 		.ascii	"p_state\000"
 1901      61746500 
 1902              	.LASF39:
 1903 02d4 705F7072 		.ascii	"p_preempt\000"
 1903      65656D70 
 1903      7400
 1904              	.LASF90:
 1905 02de 68656170 		.ascii	"heap_header\000"
 1905      5F686561 
ARM GAS  /tmp/ccTtiMgL.s 			page 37


 1905      64657200 
 1906              	.LASF78:
 1907 02ea 65776D61 		.ascii	"ewmask\000"
 1907      736B00
 1908              	.LASF28:
 1909 02f1 705F6E65 		.ascii	"p_next\000"
 1909      787400
 1910              	.LASF37:
 1911 02f8 705F666C 		.ascii	"p_flags\000"
 1911      61677300 
 1912              	.LASF91:
 1913 0300 63685468 		.ascii	"chThdRelease\000"
 1913      6452656C 
 1913      65617365 
 1913      00
 1914              	.LASF27:
 1915 030d 54687265 		.ascii	"Thread\000"
 1915      616400
 1916              	.LASF44:
 1917 0314 705F6570 		.ascii	"p_epending\000"
 1917      656E6469 
 1917      6E6700
 1918              	.LASF16:
 1919 031f 75696E74 		.ascii	"uint32_t\000"
 1919      33325F74 
 1919      00
 1920              	.LASF66:
 1921 0328 68656170 		.ascii	"heap\000"
 1921      00
 1922              	.LASF79:
 1923 032d 63686172 		.ascii	"char\000"
 1923      00
 1924              	.LASF58:
 1925 0332 6D5F6E65 		.ascii	"m_next\000"
 1925      787400
 1926              	.LASF26:
 1927 0339 73797374 		.ascii	"systime_t\000"
 1927      696D655F 
 1927      7400
 1928              	.LASF46:
 1929 0343 705F7265 		.ascii	"p_realprio\000"
 1929      616C7072 
 1929      696F00
 1930              	.LASF7:
 1931 034e 5F5F696E 		.ascii	"__int32_t\000"
 1931      7433325F 
 1931      7400
 1932              	.LASF40:
 1933 0358 705F7469 		.ascii	"p_time\000"
 1933      6D6500
 1934              	.LASF52:
 1935 035f 696E7463 		.ascii	"intctx\000"
 1935      747800
 1936              	.LASF42:
 1937 0366 705F6D73 		.ascii	"p_msgqueue\000"
 1937      67717565 
 1937      756500
ARM GAS  /tmp/ccTtiMgL.s 			page 38


 1938              	.LASF69:
 1939 0371 706F6F6C 		.ascii	"pool_header\000"
 1939      5F686561 
 1939      64657200 
 1940              	.LASF38:
 1941 037d 705F7265 		.ascii	"p_refs\000"
 1941      667300
 1942              	.LASF14:
 1943 0384 75696E74 		.ascii	"uint8_t\000"
 1943      385F7400 
 1944              	.LASF54:
 1945 038c 73697A65 		.ascii	"sizetype\000"
 1945      74797065 
 1945      00
 1946              	.LASF77:
 1947 0395 77746F62 		.ascii	"wtobjp\000"
 1947      6A7000
 1948              	.LASF34:
 1949 039c 705F6E61 		.ascii	"p_name\000"
 1949      6D6500
 1950              	.LASF57:
 1951 03a3 6D5F6F77 		.ascii	"m_owner\000"
 1951      6E657200 
 1952              	.LASF31:
 1953 03ab 705F6374 		.ascii	"p_ctx\000"
 1953      7800
 1954              	.LASF87:
 1955 03b1 474E5520 		.ascii	"GNU C 4.8.2 -mcpu=cortex-m4 -mno-thumb-interwork -m"
 1955      4320342E 
 1955      382E3220 
 1955      2D6D6370 
 1955      753D636F 
 1956 03e4 7468756D 		.ascii	"thumb -ggdb -O0 -fomit-frame-pointer -falign-functi"
 1956      62202D67 
 1956      67646220 
 1956      2D4F3020 
 1956      2D666F6D 
 1957 0417 6F6E733D 		.ascii	"ons=16 -ffunction-sections -fdata-sections -fno-com"
 1957      3136202D 
 1957      6666756E 
 1957      6374696F 
 1957      6E2D7365 
 1958 044a 6D6F6E00 		.ascii	"mon\000"
 1959              	.LASF61:
 1960 044e 6D656D6F 		.ascii	"memory_heap\000"
 1960      72795F68 
 1960      65617000 
 1961              		.ident	"GCC: (Arch Repository) 4.8.2"
ARM GAS  /tmp/ccTtiMgL.s 			page 39


DEFINED SYMBOLS
                            *ABS*:0000000000000000 chdynamic.c
     /tmp/ccTtiMgL.s:19     .rodata:0000000000000000 $d
     /tmp/ccTtiMgL.s:20     .rodata:0000000000000000 .LC0
     /tmp/ccTtiMgL.s:23     .text.chThdAddRef:0000000000000000 $t
     /tmp/ccTtiMgL.s:29     .text.chThdAddRef:0000000000000000 chThdAddRef
     /tmp/ccTtiMgL.s:89     .rodata:0000000000000014 .LC1
     /tmp/ccTtiMgL.s:92     .text.chThdRelease:0000000000000000 $t
     /tmp/ccTtiMgL.s:98     .text.chThdRelease:0000000000000000 chThdRelease
     /tmp/ccTtiMgL.s:212    .text.chThdCreateFromHeap:0000000000000000 $t
     /tmp/ccTtiMgL.s:218    .text.chThdCreateFromHeap:0000000000000000 chThdCreateFromHeap
     /tmp/ccTtiMgL.s:311    .rodata:0000000000000028 .LC2
     /tmp/ccTtiMgL.s:314    .text.chThdCreateFromMemoryPool:0000000000000000 $t
     /tmp/ccTtiMgL.s:320    .text.chThdCreateFromMemoryPool:0000000000000000 chThdCreateFromMemoryPool
                     .debug_frame:0000000000000010 $d

UNDEFINED SYMBOLS
dbg_check_lock
chDbgPanic
dbg_check_unlock
chHeapFree
chPoolFree
chHeapAlloc
_thread_memfill
chThdCreateI
chSchWakeupS
chPoolAlloc
