ARM GAS  /tmp/ccIsfVgg.s 			page 1


   1              		.syntax unified
   2              		.cpu cortex-m4
   3              		.fpu softvfp
   4              		.eabi_attribute 20, 1
   5              		.eabi_attribute 21, 1
   6              		.eabi_attribute 23, 3
   7              		.eabi_attribute 24, 1
   8              		.eabi_attribute 25, 1
   9              		.eabi_attribute 26, 1
  10              		.eabi_attribute 30, 6
  11              		.eabi_attribute 34, 1
  12              		.eabi_attribute 18, 4
  13              		.thumb
  14              		.file	"chmsg.c"
  15              		.text
  16              	.Ltext0:
  17              		.cfi_sections	.debug_frame
  18              		.section	.text.queue_insert,"ax",%progbits
  19              		.align	2
  20              		.p2align 4,,15
  21              		.thumb
  22              		.thumb_func
  23              		.type	queue_insert, %function
  24              	queue_insert:
  25              	.LFB1:
  26              		.file 1 "../..//os/kernel/include/chinline.h"
  27              		.loc 1 52 0
  28              		.cfi_startproc
  29              		@ args = 0, pretend = 0, frame = 8
  30              		@ frame_needed = 0, uses_anonymous_args = 0
  31              		@ link register save eliminated.
  32 0000 82B0     		sub	sp, sp, #8
  33              		.cfi_def_cfa_offset 8
  34 0002 0190     		str	r0, [sp, #4]
  35 0004 0091     		str	r1, [sp]
  36              		.loc 1 54 0
  37 0006 019B     		ldr	r3, [sp, #4]
  38 0008 009A     		ldr	r2, [sp]
  39 000a 1A60     		str	r2, [r3]
  40              		.loc 1 55 0
  41 000c 009B     		ldr	r3, [sp]
  42 000e 5A68     		ldr	r2, [r3, #4]
  43 0010 019B     		ldr	r3, [sp, #4]
  44 0012 5A60     		str	r2, [r3, #4]
  45              		.loc 1 56 0
  46 0014 019B     		ldr	r3, [sp, #4]
  47 0016 5B68     		ldr	r3, [r3, #4]
  48 0018 009A     		ldr	r2, [sp]
  49 001a 0199     		ldr	r1, [sp, #4]
  50 001c 5160     		str	r1, [r2, #4]
  51 001e 009A     		ldr	r2, [sp]
  52 0020 5268     		ldr	r2, [r2, #4]
  53 0022 1A60     		str	r2, [r3]
  54              		.loc 1 57 0
  55 0024 02B0     		add	sp, sp, #8
  56              		@ sp needed
  57 0026 7047     		bx	lr
ARM GAS  /tmp/ccIsfVgg.s 			page 2


  58              		.cfi_endproc
  59              	.LFE1:
  60              		.size	queue_insert, .-queue_insert
  61 0028 AFF30080 		.section	.text.fifo_remove,"ax",%progbits
  61      AFF30080 
  62              		.align	2
  63              		.p2align 4,,15
  64              		.thumb
  65              		.thumb_func
  66              		.type	fifo_remove, %function
  67              	fifo_remove:
  68              	.LFB2:
  69              		.loc 1 59 0
  70              		.cfi_startproc
  71              		@ args = 0, pretend = 0, frame = 16
  72              		@ frame_needed = 0, uses_anonymous_args = 0
  73              		@ link register save eliminated.
  74 0000 84B0     		sub	sp, sp, #16
  75              		.cfi_def_cfa_offset 16
  76 0002 0190     		str	r0, [sp, #4]
  77              		.loc 1 60 0
  78 0004 019B     		ldr	r3, [sp, #4]
  79 0006 1B68     		ldr	r3, [r3]
  80 0008 0393     		str	r3, [sp, #12]
  81              		.loc 1 62 0
  82 000a 039B     		ldr	r3, [sp, #12]
  83 000c 1A68     		ldr	r2, [r3]
  84 000e 019B     		ldr	r3, [sp, #4]
  85 0010 1A60     		str	r2, [r3]
  86 0012 019B     		ldr	r3, [sp, #4]
  87 0014 1B68     		ldr	r3, [r3]
  88 0016 019A     		ldr	r2, [sp, #4]
  89 0018 5A60     		str	r2, [r3, #4]
  90              		.loc 1 63 0
  91 001a 039B     		ldr	r3, [sp, #12]
  92              		.loc 1 64 0
  93 001c 1846     		mov	r0, r3
  94 001e 04B0     		add	sp, sp, #16
  95              		@ sp needed
  96 0020 7047     		bx	lr
  97              		.cfi_endproc
  98              	.LFE2:
  99              		.size	fifo_remove, .-fifo_remove
 100 0022 00BFAFF3 		.section	.rodata
 100      0080AFF3 
 100      0080AFF3 
 100      0080
 101              		.align	2
 102              	.LC0:
 103 0000 2263684D 		.ascii	"\"chMsgSend\"()\000"
 103      73675365 
 103      6E642228 
 103      2900
 104              		.section	.text.chMsgSend,"ax",%progbits
 105              		.align	2
 106              		.p2align 4,,15
 107              		.global	chMsgSend
ARM GAS  /tmp/ccIsfVgg.s 			page 3


 108              		.thumb
 109              		.thumb_func
 110              		.type	chMsgSend, %function
 111              	chMsgSend:
 112              	.LFB7:
 113              		.file 2 "../..//os/kernel/src/chmsg.c"
 114              		.loc 2 75 0
 115              		.cfi_startproc
 116              		@ args = 0, pretend = 0, frame = 16
 117              		@ frame_needed = 0, uses_anonymous_args = 0
 118 0000 00B5     		push	{lr}
 119              		.cfi_def_cfa_offset 4
 120              		.cfi_offset 14, -4
 121 0002 85B0     		sub	sp, sp, #20
 122              		.cfi_def_cfa_offset 24
 123 0004 0190     		str	r0, [sp, #4]
 124 0006 0091     		str	r1, [sp]
 125              		.loc 2 76 0
 126 0008 40F20003 		movw	r3, #:lower16:rlist
 127 000c C0F20003 		movt	r3, #:upper16:rlist
 128 0010 9B69     		ldr	r3, [r3, #24]
 129 0012 0393     		str	r3, [sp, #12]
 130              		.loc 2 78 0
 131 0014 019B     		ldr	r3, [sp, #4]
 132 0016 002B     		cmp	r3, #0
 133 0018 05D1     		bne	.L5
 134              		.loc 2 78 0 is_stmt 0 discriminator 1
 135 001a 40F20000 		movw	r0, #:lower16:.LC0
 136 001e C0F20000 		movt	r0, #:upper16:.LC0
 137 0022 FFF7FEFF 		bl	chDbgPanic
 138              	.L5:
 139              	.LBB2:
 140              		.loc 2 80 0 is_stmt 1
 141 0026 2023     		movs	r3, #32
 142              	@ 80 "../..//os/kernel/src/chmsg.c" 1
 143 0028 83F31188 		msr     BASEPRI, r3
 144              	@ 0 "" 2
 145              		.thumb
 146              	.LBE2:
 147 002c FFF7FEFF 		bl	dbg_check_lock
 148              		.loc 2 81 0
 149 0030 039B     		ldr	r3, [sp, #12]
 150 0032 009A     		ldr	r2, [sp]
 151 0034 9A63     		str	r2, [r3, #56]
 152              		.loc 2 82 0
 153 0036 019B     		ldr	r3, [sp, #4]
 154 0038 03F13002 		add	r2, r3, #48
 155 003c 039B     		ldr	r3, [sp, #12]
 156 003e 9A62     		str	r2, [r3, #40]
 157              		.loc 2 83 0
 158 0040 019B     		ldr	r3, [sp, #4]
 159 0042 3033     		adds	r3, r3, #48
 160 0044 0398     		ldr	r0, [sp, #12]
 161 0046 1946     		mov	r1, r3
 162 0048 FFF7FEFF 		bl	queue_insert
 163              		.loc 2 84 0
 164 004c 019B     		ldr	r3, [sp, #4]
ARM GAS  /tmp/ccIsfVgg.s 			page 4


 165 004e 93F82030 		ldrb	r3, [r3, #32]	@ zero_extendqisi2
 166 0052 0C2B     		cmp	r3, #12
 167 0054 02D1     		bne	.L6
 168              		.loc 2 85 0
 169 0056 0198     		ldr	r0, [sp, #4]
 170 0058 FFF7FEFF 		bl	chSchReadyI
 171              	.L6:
 172              		.loc 2 86 0
 173 005c 0A20     		movs	r0, #10
 174 005e FFF7FEFF 		bl	chSchGoSleepS
 175              		.loc 2 87 0
 176 0062 039B     		ldr	r3, [sp, #12]
 177 0064 9B6A     		ldr	r3, [r3, #40]
 178 0066 0093     		str	r3, [sp]
 179              		.loc 2 88 0
 180 0068 FFF7FEFF 		bl	dbg_check_unlock
 181              	.LBB3:
 182 006c 0023     		movs	r3, #0
 183              	@ 88 "../..//os/kernel/src/chmsg.c" 1
 184 006e 83F31188 		msr     BASEPRI, r3
 185              	@ 0 "" 2
 186              		.thumb
 187              	.LBE3:
 188              		.loc 2 89 0
 189 0072 009B     		ldr	r3, [sp]
 190              		.loc 2 90 0
 191 0074 1846     		mov	r0, r3
 192 0076 05B0     		add	sp, sp, #20
 193              		@ sp needed
 194 0078 5DF804FB 		ldr	pc, [sp], #4
 195              		.cfi_endproc
 196              	.LFE7:
 197              		.size	chMsgSend, .-chMsgSend
 198 007c AFF30080 		.section	.text.chMsgWait,"ax",%progbits
 199              		.align	2
 200              		.p2align 4,,15
 201              		.global	chMsgWait
 202              		.thumb
 203              		.thumb_func
 204              		.type	chMsgWait, %function
 205              	chMsgWait:
 206              	.LFB8:
 207              		.loc 2 106 0
 208              		.cfi_startproc
 209              		@ args = 0, pretend = 0, frame = 8
 210              		@ frame_needed = 0, uses_anonymous_args = 0
 211 0000 00B5     		push	{lr}
 212              		.cfi_def_cfa_offset 4
 213              		.cfi_offset 14, -4
 214 0002 83B0     		sub	sp, sp, #12
 215              		.cfi_def_cfa_offset 16
 216              	.LBB4:
 217              		.loc 2 109 0
 218 0004 2023     		movs	r3, #32
 219              	@ 109 "../..//os/kernel/src/chmsg.c" 1
 220 0006 83F31188 		msr     BASEPRI, r3
 221              	@ 0 "" 2
ARM GAS  /tmp/ccIsfVgg.s 			page 5


 222              		.thumb
 223              	.LBE4:
 224 000a FFF7FEFF 		bl	dbg_check_lock
 225              		.loc 2 110 0
 226 000e 40F20003 		movw	r3, #:lower16:rlist
 227 0012 C0F20003 		movt	r3, #:upper16:rlist
 228 0016 9B69     		ldr	r3, [r3, #24]
 229 0018 1A6B     		ldr	r2, [r3, #48]
 230 001a 40F20003 		movw	r3, #:lower16:rlist
 231 001e C0F20003 		movt	r3, #:upper16:rlist
 232 0022 9B69     		ldr	r3, [r3, #24]
 233 0024 3033     		adds	r3, r3, #48
 234 0026 9A42     		cmp	r2, r3
 235 0028 02D1     		bne	.L9
 236              		.loc 2 111 0
 237 002a 0C20     		movs	r0, #12
 238 002c FFF7FEFF 		bl	chSchGoSleepS
 239              	.L9:
 240              		.loc 2 112 0
 241 0030 40F20003 		movw	r3, #:lower16:rlist
 242 0034 C0F20003 		movt	r3, #:upper16:rlist
 243 0038 9B69     		ldr	r3, [r3, #24]
 244 003a 3033     		adds	r3, r3, #48
 245 003c 1846     		mov	r0, r3
 246 003e FFF7FEFF 		bl	fifo_remove
 247 0042 0190     		str	r0, [sp, #4]
 248              		.loc 2 113 0
 249 0044 019B     		ldr	r3, [sp, #4]
 250 0046 0B22     		movs	r2, #11
 251 0048 83F82020 		strb	r2, [r3, #32]
 252              		.loc 2 114 0
 253 004c FFF7FEFF 		bl	dbg_check_unlock
 254              	.LBB5:
 255 0050 0023     		movs	r3, #0
 256              	@ 114 "../..//os/kernel/src/chmsg.c" 1
 257 0052 83F31188 		msr     BASEPRI, r3
 258              	@ 0 "" 2
 259              		.thumb
 260              	.LBE5:
 261              		.loc 2 115 0
 262 0056 019B     		ldr	r3, [sp, #4]
 263              		.loc 2 116 0
 264 0058 1846     		mov	r0, r3
 265 005a 03B0     		add	sp, sp, #12
 266              		@ sp needed
 267 005c 5DF804FB 		ldr	pc, [sp], #4
 268              		.cfi_endproc
 269              	.LFE8:
 270              		.size	chMsgWait, .-chMsgWait
 271              		.section	.rodata
 272 000e 0000     		.align	2
 273              	.LC1:
 274 0010 63684D73 		.ascii	"chMsgRelease(), #1\000"
 274      6752656C 
 274      65617365 
 274      28292C20 
 274      233100
ARM GAS  /tmp/ccIsfVgg.s 			page 6


 275 0023 00       		.section	.text.chMsgRelease,"ax",%progbits
 276              		.align	2
 277              		.p2align 4,,15
 278              		.global	chMsgRelease
 279              		.thumb
 280              		.thumb_func
 281              		.type	chMsgRelease, %function
 282              	chMsgRelease:
 283              	.LFB9:
 284              		.loc 2 128 0
 285              		.cfi_startproc
 286              		@ args = 0, pretend = 0, frame = 8
 287              		@ frame_needed = 0, uses_anonymous_args = 0
 288 0000 00B5     		push	{lr}
 289              		.cfi_def_cfa_offset 4
 290              		.cfi_offset 14, -4
 291 0002 83B0     		sub	sp, sp, #12
 292              		.cfi_def_cfa_offset 16
 293 0004 0190     		str	r0, [sp, #4]
 294 0006 0091     		str	r1, [sp]
 295              	.LBB6:
 296              		.loc 2 130 0
 297 0008 2023     		movs	r3, #32
 298              	@ 130 "../..//os/kernel/src/chmsg.c" 1
 299 000a 83F31188 		msr     BASEPRI, r3
 300              	@ 0 "" 2
 301              		.thumb
 302              	.LBE6:
 303 000e FFF7FEFF 		bl	dbg_check_lock
 304              		.loc 2 131 0
 305 0012 019B     		ldr	r3, [sp, #4]
 306 0014 93F82030 		ldrb	r3, [r3, #32]	@ zero_extendqisi2
 307 0018 0B2B     		cmp	r3, #11
 308 001a 05D0     		beq	.L12
 309              		.loc 2 131 0 is_stmt 0 discriminator 1
 310 001c 40F20000 		movw	r0, #:lower16:.LC1
 311 0020 C0F20000 		movt	r0, #:upper16:.LC1
 312 0024 FFF7FEFF 		bl	chDbgPanic
 313              	.L12:
 314              		.loc 2 133 0 is_stmt 1
 315 0028 0198     		ldr	r0, [sp, #4]
 316 002a 0099     		ldr	r1, [sp]
 317 002c FFF7FEFF 		bl	chSchWakeupS
 318              		.loc 2 134 0
 319 0030 FFF7FEFF 		bl	dbg_check_unlock
 320              	.LBB7:
 321 0034 0023     		movs	r3, #0
 322              	@ 134 "../..//os/kernel/src/chmsg.c" 1
 323 0036 83F31188 		msr     BASEPRI, r3
 324              	@ 0 "" 2
 325              		.thumb
 326              	.LBE7:
 327              		.loc 2 135 0
 328 003a 03B0     		add	sp, sp, #12
 329              		@ sp needed
 330 003c 5DF804FB 		ldr	pc, [sp], #4
 331              		.cfi_endproc
ARM GAS  /tmp/ccIsfVgg.s 			page 7


 332              	.LFE9:
 333              		.size	chMsgRelease, .-chMsgRelease
 334              		.text
 335              	.Letext0:
 336              		.file 3 "/usr/arm-none-eabi/include/machine/_default_types.h"
 337              		.file 4 "/usr/arm-none-eabi/include/stdint.h"
 338              		.file 5 "../..//os/ports/GCC/ARMCMx/chtypes.h"
 339              		.file 6 "../..//os/kernel/include/chlists.h"
 340              		.file 7 "../..//os/kernel/include/chthreads.h"
 341              		.file 8 "../..//os/ports/GCC/ARMCMx/chcore_v7m.h"
 342              		.file 9 "../..//os/kernel/include/chschd.h"
 343              		.file 10 "../..//os/kernel/include/chmtx.h"
 344              		.section	.debug_info,"",%progbits
 345              	.Ldebug_info0:
 346 0000 DF050000 		.4byte	0x5df
 347 0004 0400     		.2byte	0x4
 348 0006 00000000 		.4byte	.Ldebug_abbrev0
 349 000a 04       		.byte	0x4
 350 000b 01       		.uleb128 0x1
 351 000c 2D030000 		.4byte	.LASF72
 352 0010 01       		.byte	0x1
 353 0011 7E000000 		.4byte	.LASF73
 354 0015 6B010000 		.4byte	.LASF74
 355 0019 00000000 		.4byte	.Ldebug_ranges0+0
 356 001d 00000000 		.4byte	0
 357 0021 00000000 		.4byte	.Ldebug_line0
 358 0025 02       		.uleb128 0x2
 359 0026 04       		.byte	0x4
 360 0027 05       		.byte	0x5
 361 0028 696E7400 		.ascii	"int\000"
 362 002c 03       		.uleb128 0x3
 363 002d 04       		.byte	0x4
 364 002e 07       		.byte	0x7
 365 002f E8000000 		.4byte	.LASF0
 366 0033 03       		.uleb128 0x3
 367 0034 01       		.byte	0x1
 368 0035 06       		.byte	0x6
 369 0036 62000000 		.4byte	.LASF1
 370 003a 04       		.uleb128 0x4
 371 003b 23000000 		.4byte	.LASF5
 372 003f 03       		.byte	0x3
 373 0040 1C       		.byte	0x1c
 374 0041 45000000 		.4byte	0x45
 375 0045 03       		.uleb128 0x3
 376 0046 01       		.byte	0x1
 377 0047 08       		.byte	0x8
 378 0048 0E020000 		.4byte	.LASF2
 379 004c 03       		.uleb128 0x3
 380 004d 02       		.byte	0x2
 381 004e 05       		.byte	0x5
 382 004f 26020000 		.4byte	.LASF3
 383 0053 03       		.uleb128 0x3
 384 0054 02       		.byte	0x2
 385 0055 07       		.byte	0x7
 386 0056 0F010000 		.4byte	.LASF4
 387 005a 04       		.uleb128 0x4
 388 005b BC020000 		.4byte	.LASF6
ARM GAS  /tmp/ccIsfVgg.s 			page 8


 389 005f 03       		.byte	0x3
 390 0060 37       		.byte	0x37
 391 0061 65000000 		.4byte	0x65
 392 0065 03       		.uleb128 0x3
 393 0066 04       		.byte	0x4
 394 0067 05       		.byte	0x5
 395 0068 A5000000 		.4byte	.LASF7
 396 006c 04       		.uleb128 0x4
 397 006d C9000000 		.4byte	.LASF8
 398 0071 03       		.byte	0x3
 399 0072 38       		.byte	0x38
 400 0073 77000000 		.4byte	0x77
 401 0077 03       		.uleb128 0x3
 402 0078 04       		.byte	0x4
 403 0079 07       		.byte	0x7
 404 007a F5000000 		.4byte	.LASF9
 405 007e 03       		.uleb128 0x3
 406 007f 08       		.byte	0x8
 407 0080 05       		.byte	0x5
 408 0081 54000000 		.4byte	.LASF10
 409 0085 04       		.uleb128 0x4
 410 0086 DE010000 		.4byte	.LASF11
 411 008a 03       		.byte	0x3
 412 008b 4E       		.byte	0x4e
 413 008c 90000000 		.4byte	0x90
 414 0090 03       		.uleb128 0x3
 415 0091 08       		.byte	0x8
 416 0092 07       		.byte	0x7
 417 0093 2D000000 		.4byte	.LASF12
 418 0097 04       		.uleb128 0x4
 419 0098 00030000 		.4byte	.LASF13
 420 009c 04       		.byte	0x4
 421 009d 2A       		.byte	0x2a
 422 009e 3A000000 		.4byte	0x3a
 423 00a2 04       		.uleb128 0x4
 424 00a3 06020000 		.4byte	.LASF14
 425 00a7 04       		.byte	0x4
 426 00a8 41       		.byte	0x41
 427 00a9 5A000000 		.4byte	0x5a
 428 00ad 04       		.uleb128 0x4
 429 00ae 7E020000 		.4byte	.LASF15
 430 00b2 04       		.byte	0x4
 431 00b3 42       		.byte	0x42
 432 00b4 6C000000 		.4byte	0x6c
 433 00b8 04       		.uleb128 0x4
 434 00b9 1A000000 		.4byte	.LASF16
 435 00bd 04       		.byte	0x4
 436 00be 4E       		.byte	0x4e
 437 00bf 85000000 		.4byte	0x85
 438 00c3 03       		.uleb128 0x3
 439 00c4 01       		.byte	0x1
 440 00c5 02       		.byte	0x2
 441 00c6 00020000 		.4byte	.LASF17
 442 00ca 04       		.uleb128 0x4
 443 00cb 30010000 		.4byte	.LASF18
 444 00cf 05       		.byte	0x5
 445 00d0 2C       		.byte	0x2c
ARM GAS  /tmp/ccIsfVgg.s 			page 9


 446 00d1 97000000 		.4byte	0x97
 447 00d5 04       		.uleb128 0x4
 448 00d6 B8000000 		.4byte	.LASF19
 449 00da 05       		.byte	0x5
 450 00db 2D       		.byte	0x2d
 451 00dc 97000000 		.4byte	0x97
 452 00e0 04       		.uleb128 0x4
 453 00e1 E9010000 		.4byte	.LASF20
 454 00e5 05       		.byte	0x5
 455 00e6 2E       		.byte	0x2e
 456 00e7 97000000 		.4byte	0x97
 457 00eb 04       		.uleb128 0x4
 458 00ec 9B000000 		.4byte	.LASF21
 459 00f0 05       		.byte	0x5
 460 00f1 2F       		.byte	0x2f
 461 00f2 97000000 		.4byte	0x97
 462 00f6 04       		.uleb128 0x4
 463 00f7 F8010000 		.4byte	.LASF22
 464 00fb 05       		.byte	0x5
 465 00fc 30       		.byte	0x30
 466 00fd AD000000 		.4byte	0xad
 467 0101 04       		.uleb128 0x4
 468 0102 22010000 		.4byte	.LASF23
 469 0106 05       		.byte	0x5
 470 0107 31       		.byte	0x31
 471 0108 A2000000 		.4byte	0xa2
 472 010c 04       		.uleb128 0x4
 473 010d 44010000 		.4byte	.LASF24
 474 0111 05       		.byte	0x5
 475 0112 33       		.byte	0x33
 476 0113 AD000000 		.4byte	0xad
 477 0117 04       		.uleb128 0x4
 478 0118 A7020000 		.4byte	.LASF25
 479 011c 05       		.byte	0x5
 480 011d 35       		.byte	0x35
 481 011e AD000000 		.4byte	0xad
 482 0122 04       		.uleb128 0x4
 483 0123 5F020000 		.4byte	.LASF26
 484 0127 06       		.byte	0x6
 485 0128 2A       		.byte	0x2a
 486 0129 2D010000 		.4byte	0x12d
 487 012d 05       		.uleb128 0x5
 488 012e 5F020000 		.4byte	.LASF26
 489 0132 4C       		.byte	0x4c
 490 0133 07       		.byte	0x7
 491 0134 5E       		.byte	0x5e
 492 0135 36020000 		.4byte	0x236
 493 0139 06       		.uleb128 0x6
 494 013a 50020000 		.4byte	.LASF27
 495 013e 07       		.byte	0x7
 496 013f 5F       		.byte	0x5f
 497 0140 57020000 		.4byte	0x257
 498 0144 00       		.byte	0
 499 0145 06       		.uleb128 0x6
 500 0146 F1010000 		.4byte	.LASF28
 501 014a 07       		.byte	0x7
 502 014b 61       		.byte	0x61
ARM GAS  /tmp/ccIsfVgg.s 			page 10


 503 014c 57020000 		.4byte	0x257
 504 0150 04       		.byte	0x4
 505 0151 06       		.uleb128 0x6
 506 0152 4D000000 		.4byte	.LASF29
 507 0156 07       		.byte	0x7
 508 0157 63       		.byte	0x63
 509 0158 F6000000 		.4byte	0xf6
 510 015c 08       		.byte	0x8
 511 015d 06       		.uleb128 0x6
 512 015e 27030000 		.4byte	.LASF30
 513 0162 07       		.byte	0x7
 514 0163 64       		.byte	0x64
 515 0164 1C030000 		.4byte	0x31c
 516 0168 0C       		.byte	0xc
 517 0169 06       		.uleb128 0x6
 518 016a C1000000 		.4byte	.LASF31
 519 016e 07       		.byte	0x7
 520 016f 66       		.byte	0x66
 521 0170 57020000 		.4byte	0x257
 522 0174 10       		.byte	0x10
 523 0175 06       		.uleb128 0x6
 524 0176 B1010000 		.4byte	.LASF32
 525 017a 07       		.byte	0x7
 526 017b 67       		.byte	0x67
 527 017c 57020000 		.4byte	0x257
 528 0180 14       		.byte	0x14
 529 0181 06       		.uleb128 0x6
 530 0182 18030000 		.4byte	.LASF33
 531 0186 07       		.byte	0x7
 532 0187 6E       		.byte	0x6e
 533 0188 1C040000 		.4byte	0x41c
 534 018c 18       		.byte	0x18
 535 018d 06       		.uleb128 0x6
 536 018e DD000000 		.4byte	.LASF34
 537 0192 07       		.byte	0x7
 538 0193 74       		.byte	0x74
 539 0194 2E040000 		.4byte	0x42e
 540 0198 1C       		.byte	0x1c
 541 0199 06       		.uleb128 0x6
 542 019a 30020000 		.4byte	.LASF35
 543 019e 07       		.byte	0x7
 544 019f 79       		.byte	0x79
 545 01a0 D5000000 		.4byte	0xd5
 546 01a4 20       		.byte	0x20
 547 01a5 06       		.uleb128 0x6
 548 01a6 57020000 		.4byte	.LASF36
 549 01aa 07       		.byte	0x7
 550 01ab 7D       		.byte	0x7d
 551 01ac CA000000 		.4byte	0xca
 552 01b0 21       		.byte	0x21
 553 01b1 06       		.uleb128 0x6
 554 01b2 E9020000 		.4byte	.LASF37
 555 01b6 07       		.byte	0x7
 556 01b7 82       		.byte	0x82
 557 01b8 E0000000 		.4byte	0xe0
 558 01bc 22       		.byte	0x22
 559 01bd 06       		.uleb128 0x6
ARM GAS  /tmp/ccIsfVgg.s 			page 11


 560 01be 38020000 		.4byte	.LASF38
 561 01c2 07       		.byte	0x7
 562 01c3 88       		.byte	0x88
 563 01c4 EB000000 		.4byte	0xeb
 564 01c8 23       		.byte	0x23
 565 01c9 06       		.uleb128 0x6
 566 01ca C6020000 		.4byte	.LASF39
 567 01ce 07       		.byte	0x7
 568 01cf 8F       		.byte	0x8f
 569 01d0 44030000 		.4byte	0x344
 570 01d4 24       		.byte	0x24
 571 01d5 07       		.uleb128 0x7
 572 01d6 705F7500 		.ascii	"p_u\000"
 573 01da 07       		.byte	0x7
 574 01db B4       		.byte	0xb4
 575 01dc E7030000 		.4byte	0x3e7
 576 01e0 28       		.byte	0x28
 577 01e1 06       		.uleb128 0x6
 578 01e2 61010000 		.4byte	.LASF40
 579 01e6 07       		.byte	0x7
 580 01e7 B9       		.byte	0xb9
 581 01e8 7D020000 		.4byte	0x27d
 582 01ec 2C       		.byte	0x2c
 583 01ed 06       		.uleb128 0x6
 584 01ee D4020000 		.4byte	.LASF41
 585 01f2 07       		.byte	0x7
 586 01f3 BF       		.byte	0xbf
 587 01f4 5D020000 		.4byte	0x25d
 588 01f8 30       		.byte	0x30
 589 01f9 06       		.uleb128 0x6
 590 01fa 00000000 		.4byte	.LASF42
 591 01fe 07       		.byte	0x7
 592 01ff C3       		.byte	0xc3
 593 0200 01010000 		.4byte	0x101
 594 0204 38       		.byte	0x38
 595 0205 06       		.uleb128 0x6
 596 0206 73020000 		.4byte	.LASF43
 597 020a 07       		.byte	0x7
 598 020b C9       		.byte	0xc9
 599 020c 0C010000 		.4byte	0x10c
 600 0210 3C       		.byte	0x3c
 601 0211 06       		.uleb128 0x6
 602 0212 1C020000 		.4byte	.LASF44
 603 0216 07       		.byte	0x7
 604 0217 D0       		.byte	0xd0
 605 0218 34040000 		.4byte	0x434
 606 021c 40       		.byte	0x40
 607 021d 06       		.uleb128 0x6
 608 021e B1020000 		.4byte	.LASF45
 609 0222 07       		.byte	0x7
 610 0223 D4       		.byte	0xd4
 611 0224 F6000000 		.4byte	0xf6
 612 0228 44       		.byte	0x44
 613 0229 06       		.uleb128 0x6
 614 022a 6E000000 		.4byte	.LASF46
 615 022e 07       		.byte	0x7
 616 022f DA       		.byte	0xda
ARM GAS  /tmp/ccIsfVgg.s 			page 12


 617 0230 93020000 		.4byte	0x293
 618 0234 48       		.byte	0x48
 619 0235 00       		.byte	0
 620 0236 08       		.uleb128 0x8
 621 0237 08       		.byte	0x8
 622 0238 06       		.byte	0x6
 623 0239 61       		.byte	0x61
 624 023a 57020000 		.4byte	0x257
 625 023e 06       		.uleb128 0x6
 626 023f 50020000 		.4byte	.LASF27
 627 0243 06       		.byte	0x6
 628 0244 62       		.byte	0x62
 629 0245 57020000 		.4byte	0x257
 630 0249 00       		.byte	0
 631 024a 06       		.uleb128 0x6
 632 024b F1010000 		.4byte	.LASF28
 633 024f 06       		.byte	0x6
 634 0250 64       		.byte	0x64
 635 0251 57020000 		.4byte	0x257
 636 0255 04       		.byte	0x4
 637 0256 00       		.byte	0
 638 0257 09       		.uleb128 0x9
 639 0258 04       		.byte	0x4
 640 0259 22010000 		.4byte	0x122
 641 025d 04       		.uleb128 0x4
 642 025e BF010000 		.4byte	.LASF47
 643 0262 06       		.byte	0x6
 644 0263 66       		.byte	0x66
 645 0264 36020000 		.4byte	0x236
 646 0268 08       		.uleb128 0x8
 647 0269 04       		.byte	0x4
 648 026a 06       		.byte	0x6
 649 026b 6B       		.byte	0x6b
 650 026c 7D020000 		.4byte	0x27d
 651 0270 06       		.uleb128 0x6
 652 0271 50020000 		.4byte	.LASF27
 653 0275 06       		.byte	0x6
 654 0276 6D       		.byte	0x6d
 655 0277 57020000 		.4byte	0x257
 656 027b 00       		.byte	0
 657 027c 00       		.byte	0
 658 027d 04       		.uleb128 0x4
 659 027e 38010000 		.4byte	.LASF48
 660 0282 06       		.byte	0x6
 661 0283 70       		.byte	0x70
 662 0284 68020000 		.4byte	0x268
 663 0288 04       		.uleb128 0x4
 664 0289 D4000000 		.4byte	.LASF49
 665 028d 08       		.byte	0x8
 666 028e E5       		.byte	0xe5
 667 028f 93020000 		.4byte	0x293
 668 0293 0A       		.uleb128 0xa
 669 0294 04       		.byte	0x4
 670 0295 04       		.uleb128 0x4
 671 0296 56010000 		.4byte	.LASF50
 672 029a 08       		.byte	0x8
 673 029b EB       		.byte	0xeb
ARM GAS  /tmp/ccIsfVgg.s 			page 13


 674 029c B8000000 		.4byte	0xb8
 675 02a0 0B       		.uleb128 0xb
 676 02a1 CD020000 		.4byte	.LASF51
 677 02a5 24       		.byte	0x24
 678 02a6 08       		.byte	0x8
 679 02a7 0C01     		.2byte	0x10c
 680 02a9 1C030000 		.4byte	0x31c
 681 02ad 0C       		.uleb128 0xc
 682 02ae 723400   		.ascii	"r4\000"
 683 02b1 08       		.byte	0x8
 684 02b2 1F01     		.2byte	0x11f
 685 02b4 88020000 		.4byte	0x288
 686 02b8 00       		.byte	0
 687 02b9 0C       		.uleb128 0xc
 688 02ba 723500   		.ascii	"r5\000"
 689 02bd 08       		.byte	0x8
 690 02be 2001     		.2byte	0x120
 691 02c0 88020000 		.4byte	0x288
 692 02c4 04       		.byte	0x4
 693 02c5 0C       		.uleb128 0xc
 694 02c6 723600   		.ascii	"r6\000"
 695 02c9 08       		.byte	0x8
 696 02ca 2101     		.2byte	0x121
 697 02cc 88020000 		.4byte	0x288
 698 02d0 08       		.byte	0x8
 699 02d1 0C       		.uleb128 0xc
 700 02d2 723700   		.ascii	"r7\000"
 701 02d5 08       		.byte	0x8
 702 02d6 2201     		.2byte	0x122
 703 02d8 88020000 		.4byte	0x288
 704 02dc 0C       		.byte	0xc
 705 02dd 0C       		.uleb128 0xc
 706 02de 723800   		.ascii	"r8\000"
 707 02e1 08       		.byte	0x8
 708 02e2 2301     		.2byte	0x123
 709 02e4 88020000 		.4byte	0x288
 710 02e8 10       		.byte	0x10
 711 02e9 0C       		.uleb128 0xc
 712 02ea 723900   		.ascii	"r9\000"
 713 02ed 08       		.byte	0x8
 714 02ee 2401     		.2byte	0x124
 715 02f0 88020000 		.4byte	0x288
 716 02f4 14       		.byte	0x14
 717 02f5 0C       		.uleb128 0xc
 718 02f6 72313000 		.ascii	"r10\000"
 719 02fa 08       		.byte	0x8
 720 02fb 2501     		.2byte	0x125
 721 02fd 88020000 		.4byte	0x288
 722 0301 18       		.byte	0x18
 723 0302 0C       		.uleb128 0xc
 724 0303 72313100 		.ascii	"r11\000"
 725 0307 08       		.byte	0x8
 726 0308 2601     		.2byte	0x126
 727 030a 88020000 		.4byte	0x288
 728 030e 1C       		.byte	0x1c
 729 030f 0C       		.uleb128 0xc
 730 0310 6C7200   		.ascii	"lr\000"
ARM GAS  /tmp/ccIsfVgg.s 			page 14


 731 0313 08       		.byte	0x8
 732 0314 2701     		.2byte	0x127
 733 0316 88020000 		.4byte	0x288
 734 031a 20       		.byte	0x20
 735 031b 00       		.byte	0
 736 031c 0B       		.uleb128 0xb
 737 031d 07010000 		.4byte	.LASF52
 738 0321 04       		.byte	0x4
 739 0322 08       		.byte	0x8
 740 0323 3101     		.2byte	0x131
 741 0325 37030000 		.4byte	0x337
 742 0329 0C       		.uleb128 0xc
 743 032a 72313300 		.ascii	"r13\000"
 744 032e 08       		.byte	0x8
 745 032f 3201     		.2byte	0x132
 746 0331 37030000 		.4byte	0x337
 747 0335 00       		.byte	0
 748 0336 00       		.byte	0
 749 0337 09       		.uleb128 0x9
 750 0338 04       		.byte	0x4
 751 0339 A0020000 		.4byte	0x2a0
 752 033d 03       		.uleb128 0x3
 753 033e 04       		.byte	0x4
 754 033f 07       		.byte	0x7
 755 0340 08030000 		.4byte	.LASF53
 756 0344 0D       		.uleb128 0xd
 757 0345 17010000 		.4byte	0x117
 758 0349 08       		.uleb128 0x8
 759 034a 1C       		.byte	0x1c
 760 034b 09       		.byte	0x9
 761 034c 5E       		.byte	0x5e
 762 034d 9A030000 		.4byte	0x39a
 763 0351 06       		.uleb128 0x6
 764 0352 87020000 		.4byte	.LASF54
 765 0356 09       		.byte	0x9
 766 0357 5F       		.byte	0x5f
 767 0358 5D020000 		.4byte	0x25d
 768 035c 00       		.byte	0
 769 035d 06       		.uleb128 0x6
 770 035e 42020000 		.4byte	.LASF55
 771 0362 09       		.byte	0x9
 772 0363 60       		.byte	0x60
 773 0364 F6000000 		.4byte	0xf6
 774 0368 08       		.byte	0x8
 775 0369 06       		.uleb128 0x6
 776 036a B9010000 		.4byte	.LASF56
 777 036e 09       		.byte	0x9
 778 036f 62       		.byte	0x62
 779 0370 1C030000 		.4byte	0x31c
 780 0374 0C       		.byte	0xc
 781 0375 06       		.uleb128 0x6
 782 0376 28010000 		.4byte	.LASF57
 783 037a 09       		.byte	0x9
 784 037b 65       		.byte	0x65
 785 037c 57020000 		.4byte	0x257
 786 0380 10       		.byte	0x10
 787 0381 06       		.uleb128 0x6
ARM GAS  /tmp/ccIsfVgg.s 			page 15


 788 0382 D6010000 		.4byte	.LASF58
 789 0386 09       		.byte	0x9
 790 0387 66       		.byte	0x66
 791 0388 57020000 		.4byte	0x257
 792 038c 14       		.byte	0x14
 793 038d 06       		.uleb128 0x6
 794 038e CC010000 		.4byte	.LASF59
 795 0392 09       		.byte	0x9
 796 0393 69       		.byte	0x69
 797 0394 57020000 		.4byte	0x257
 798 0398 18       		.byte	0x18
 799 0399 00       		.byte	0
 800 039a 04       		.uleb128 0x4
 801 039b F0020000 		.4byte	.LASF60
 802 039f 09       		.byte	0x9
 803 03a0 6B       		.byte	0x6b
 804 03a1 49030000 		.4byte	0x349
 805 03a5 05       		.uleb128 0x5
 806 03a6 50010000 		.4byte	.LASF61
 807 03aa 10       		.byte	0x10
 808 03ab 0A       		.byte	0xa
 809 03ac 2C       		.byte	0x2c
 810 03ad D6030000 		.4byte	0x3d6
 811 03b1 06       		.uleb128 0x6
 812 03b2 76000000 		.4byte	.LASF62
 813 03b6 0A       		.byte	0xa
 814 03b7 2D       		.byte	0x2d
 815 03b8 5D020000 		.4byte	0x25d
 816 03bc 00       		.byte	0
 817 03bd 06       		.uleb128 0x6
 818 03be 1F030000 		.4byte	.LASF63
 819 03c2 0A       		.byte	0xa
 820 03c3 2F       		.byte	0x2f
 821 03c4 57020000 		.4byte	0x257
 822 03c8 08       		.byte	0x8
 823 03c9 06       		.uleb128 0x6
 824 03ca A0020000 		.4byte	.LASF64
 825 03ce 0A       		.byte	0xa
 826 03cf 31       		.byte	0x31
 827 03d0 D6030000 		.4byte	0x3d6
 828 03d4 0C       		.byte	0xc
 829 03d5 00       		.byte	0
 830 03d6 09       		.uleb128 0x9
 831 03d7 04       		.byte	0x4
 832 03d8 A5030000 		.4byte	0x3a5
 833 03dc 04       		.uleb128 0x4
 834 03dd 50010000 		.4byte	.LASF61
 835 03e1 0A       		.byte	0xa
 836 03e2 33       		.byte	0x33
 837 03e3 A5030000 		.4byte	0x3a5
 838 03e7 0E       		.uleb128 0xe
 839 03e8 04       		.byte	0x4
 840 03e9 07       		.byte	0x7
 841 03ea 96       		.byte	0x96
 842 03eb 1C040000 		.4byte	0x41c
 843 03ef 0F       		.uleb128 0xf
 844 03f0 13000000 		.4byte	.LASF65
ARM GAS  /tmp/ccIsfVgg.s 			page 16


 845 03f4 07       		.byte	0x7
 846 03f5 9D       		.byte	0x9d
 847 03f6 01010000 		.4byte	0x101
 848 03fa 0F       		.uleb128 0xf
 849 03fb 44000000 		.4byte	.LASF66
 850 03ff 07       		.byte	0x7
 851 0400 A4       		.byte	0xa4
 852 0401 01010000 		.4byte	0x101
 853 0405 0F       		.uleb128 0xf
 854 0406 11030000 		.4byte	.LASF67
 855 040a 07       		.byte	0x7
 856 040b AB       		.byte	0xab
 857 040c 93020000 		.4byte	0x293
 858 0410 0F       		.uleb128 0xf
 859 0411 49020000 		.4byte	.LASF68
 860 0415 07       		.byte	0x7
 861 0416 B2       		.byte	0xb2
 862 0417 0C010000 		.4byte	0x10c
 863 041b 00       		.byte	0
 864 041c 09       		.uleb128 0x9
 865 041d 04       		.byte	0x4
 866 041e 22040000 		.4byte	0x422
 867 0422 10       		.uleb128 0x10
 868 0423 27040000 		.4byte	0x427
 869 0427 03       		.uleb128 0x3
 870 0428 01       		.byte	0x1
 871 0429 08       		.byte	0x8
 872 042a 8F020000 		.4byte	.LASF69
 873 042e 09       		.uleb128 0x9
 874 042f 04       		.byte	0x4
 875 0430 95020000 		.4byte	0x295
 876 0434 09       		.uleb128 0x9
 877 0435 04       		.byte	0x4
 878 0436 DC030000 		.4byte	0x3dc
 879 043a 11       		.uleb128 0x11
 880 043b 06000000 		.4byte	.LASF75
 881 043f 01       		.byte	0x1
 882 0440 34       		.byte	0x34
 883 0441 00000000 		.4byte	.LFB1
 884 0445 28000000 		.4byte	.LFE1-.LFB1
 885 0449 01       		.uleb128 0x1
 886 044a 9C       		.byte	0x9c
 887 044b 6B040000 		.4byte	0x46b
 888 044f 12       		.uleb128 0x12
 889 0450 747000   		.ascii	"tp\000"
 890 0453 01       		.byte	0x1
 891 0454 34       		.byte	0x34
 892 0455 57020000 		.4byte	0x257
 893 0459 02       		.uleb128 0x2
 894 045a 91       		.byte	0x91
 895 045b 7C       		.sleb128 -4
 896 045c 12       		.uleb128 0x12
 897 045d 74717000 		.ascii	"tqp\000"
 898 0461 01       		.byte	0x1
 899 0462 34       		.byte	0x34
 900 0463 6B040000 		.4byte	0x46b
 901 0467 02       		.uleb128 0x2
ARM GAS  /tmp/ccIsfVgg.s 			page 17


 902 0468 91       		.byte	0x91
 903 0469 78       		.sleb128 -8
 904 046a 00       		.byte	0
 905 046b 09       		.uleb128 0x9
 906 046c 04       		.byte	0x4
 907 046d 5D020000 		.4byte	0x25d
 908 0471 13       		.uleb128 0x13
 909 0472 94020000 		.4byte	.LASF76
 910 0476 01       		.byte	0x1
 911 0477 3B       		.byte	0x3b
 912 0478 57020000 		.4byte	0x257
 913 047c 00000000 		.4byte	.LFB2
 914 0480 22000000 		.4byte	.LFE2-.LFB2
 915 0484 01       		.uleb128 0x1
 916 0485 9C       		.byte	0x9c
 917 0486 A6040000 		.4byte	0x4a6
 918 048a 12       		.uleb128 0x12
 919 048b 74717000 		.ascii	"tqp\000"
 920 048f 01       		.byte	0x1
 921 0490 3B       		.byte	0x3b
 922 0491 6B040000 		.4byte	0x46b
 923 0495 02       		.uleb128 0x2
 924 0496 91       		.byte	0x91
 925 0497 74       		.sleb128 -12
 926 0498 14       		.uleb128 0x14
 927 0499 747000   		.ascii	"tp\000"
 928 049c 01       		.byte	0x1
 929 049d 3C       		.byte	0x3c
 930 049e 57020000 		.4byte	0x257
 931 04a2 02       		.uleb128 0x2
 932 04a3 91       		.byte	0x91
 933 04a4 7C       		.sleb128 -4
 934 04a5 00       		.byte	0
 935 04a6 15       		.uleb128 0x15
 936 04a7 AE000000 		.4byte	.LASF70
 937 04ab 02       		.byte	0x2
 938 04ac 4B       		.byte	0x4b
 939 04ad 01010000 		.4byte	0x101
 940 04b1 00000000 		.4byte	.LFB7
 941 04b5 7C000000 		.4byte	.LFE7-.LFB7
 942 04b9 01       		.uleb128 0x1
 943 04ba 9C       		.byte	0x9c
 944 04bb 1B050000 		.4byte	0x51b
 945 04bf 12       		.uleb128 0x12
 946 04c0 747000   		.ascii	"tp\000"
 947 04c3 02       		.byte	0x2
 948 04c4 4B       		.byte	0x4b
 949 04c5 57020000 		.4byte	0x257
 950 04c9 02       		.uleb128 0x2
 951 04ca 91       		.byte	0x91
 952 04cb 6C       		.sleb128 -20
 953 04cc 12       		.uleb128 0x12
 954 04cd 6D736700 		.ascii	"msg\000"
 955 04d1 02       		.byte	0x2
 956 04d2 4B       		.byte	0x4b
 957 04d3 01010000 		.4byte	0x101
 958 04d7 02       		.uleb128 0x2
ARM GAS  /tmp/ccIsfVgg.s 			page 18


 959 04d8 91       		.byte	0x91
 960 04d9 68       		.sleb128 -24
 961 04da 14       		.uleb128 0x14
 962 04db 63747000 		.ascii	"ctp\000"
 963 04df 02       		.byte	0x2
 964 04e0 4C       		.byte	0x4c
 965 04e1 57020000 		.4byte	0x257
 966 04e5 02       		.uleb128 0x2
 967 04e6 91       		.byte	0x91
 968 04e7 74       		.sleb128 -12
 969 04e8 16       		.uleb128 0x16
 970 04e9 26000000 		.4byte	.LBB2
 971 04ed 06000000 		.4byte	.LBE2-.LBB2
 972 04f1 03050000 		.4byte	0x503
 973 04f5 14       		.uleb128 0x14
 974 04f6 746D7000 		.ascii	"tmp\000"
 975 04fa 02       		.byte	0x2
 976 04fb 50       		.byte	0x50
 977 04fc AD000000 		.4byte	0xad
 978 0500 01       		.uleb128 0x1
 979 0501 53       		.byte	0x53
 980 0502 00       		.byte	0
 981 0503 17       		.uleb128 0x17
 982 0504 6C000000 		.4byte	.LBB3
 983 0508 06000000 		.4byte	.LBE3-.LBB3
 984 050c 14       		.uleb128 0x14
 985 050d 746D7000 		.ascii	"tmp\000"
 986 0511 02       		.byte	0x2
 987 0512 58       		.byte	0x58
 988 0513 AD000000 		.4byte	0xad
 989 0517 01       		.uleb128 0x1
 990 0518 53       		.byte	0x53
 991 0519 00       		.byte	0
 992 051a 00       		.byte	0
 993 051b 15       		.uleb128 0x15
 994 051c DF020000 		.4byte	.LASF71
 995 0520 02       		.byte	0x2
 996 0521 6A       		.byte	0x6a
 997 0522 57020000 		.4byte	0x257
 998 0526 00000000 		.4byte	.LFB8
 999 052a 60000000 		.4byte	.LFE8-.LFB8
 1000 052e 01       		.uleb128 0x1
 1001 052f 9C       		.byte	0x9c
 1002 0530 74050000 		.4byte	0x574
 1003 0534 14       		.uleb128 0x14
 1004 0535 747000   		.ascii	"tp\000"
 1005 0538 02       		.byte	0x2
 1006 0539 6B       		.byte	0x6b
 1007 053a 57020000 		.4byte	0x257
 1008 053e 02       		.uleb128 0x2
 1009 053f 91       		.byte	0x91
 1010 0540 74       		.sleb128 -12
 1011 0541 16       		.uleb128 0x16
 1012 0542 04000000 		.4byte	.LBB4
 1013 0546 06000000 		.4byte	.LBE4-.LBB4
 1014 054a 5C050000 		.4byte	0x55c
 1015 054e 14       		.uleb128 0x14
ARM GAS  /tmp/ccIsfVgg.s 			page 19


 1016 054f 746D7000 		.ascii	"tmp\000"
 1017 0553 02       		.byte	0x2
 1018 0554 6D       		.byte	0x6d
 1019 0555 AD000000 		.4byte	0xad
 1020 0559 01       		.uleb128 0x1
 1021 055a 53       		.byte	0x53
 1022 055b 00       		.byte	0
 1023 055c 17       		.uleb128 0x17
 1024 055d 50000000 		.4byte	.LBB5
 1025 0561 06000000 		.4byte	.LBE5-.LBB5
 1026 0565 14       		.uleb128 0x14
 1027 0566 746D7000 		.ascii	"tmp\000"
 1028 056a 02       		.byte	0x2
 1029 056b 72       		.byte	0x72
 1030 056c AD000000 		.4byte	0xad
 1031 0570 01       		.uleb128 0x1
 1032 0571 53       		.byte	0x53
 1033 0572 00       		.byte	0
 1034 0573 00       		.byte	0
 1035 0574 18       		.uleb128 0x18
 1036 0575 66020000 		.4byte	.LASF77
 1037 0579 02       		.byte	0x2
 1038 057a 80       		.byte	0x80
 1039 057b 00000000 		.4byte	.LFB9
 1040 057f 40000000 		.4byte	.LFE9-.LFB9
 1041 0583 01       		.uleb128 0x1
 1042 0584 9C       		.byte	0x9c
 1043 0585 D7050000 		.4byte	0x5d7
 1044 0589 12       		.uleb128 0x12
 1045 058a 747000   		.ascii	"tp\000"
 1046 058d 02       		.byte	0x2
 1047 058e 80       		.byte	0x80
 1048 058f 57020000 		.4byte	0x257
 1049 0593 02       		.uleb128 0x2
 1050 0594 91       		.byte	0x91
 1051 0595 74       		.sleb128 -12
 1052 0596 12       		.uleb128 0x12
 1053 0597 6D736700 		.ascii	"msg\000"
 1054 059b 02       		.byte	0x2
 1055 059c 80       		.byte	0x80
 1056 059d 01010000 		.4byte	0x101
 1057 05a1 02       		.uleb128 0x2
 1058 05a2 91       		.byte	0x91
 1059 05a3 70       		.sleb128 -16
 1060 05a4 16       		.uleb128 0x16
 1061 05a5 08000000 		.4byte	.LBB6
 1062 05a9 06000000 		.4byte	.LBE6-.LBB6
 1063 05ad BF050000 		.4byte	0x5bf
 1064 05b1 14       		.uleb128 0x14
 1065 05b2 746D7000 		.ascii	"tmp\000"
 1066 05b6 02       		.byte	0x2
 1067 05b7 82       		.byte	0x82
 1068 05b8 AD000000 		.4byte	0xad
 1069 05bc 01       		.uleb128 0x1
 1070 05bd 53       		.byte	0x53
 1071 05be 00       		.byte	0
 1072 05bf 17       		.uleb128 0x17
ARM GAS  /tmp/ccIsfVgg.s 			page 20


 1073 05c0 34000000 		.4byte	.LBB7
 1074 05c4 06000000 		.4byte	.LBE7-.LBB7
 1075 05c8 14       		.uleb128 0x14
 1076 05c9 746D7000 		.ascii	"tmp\000"
 1077 05cd 02       		.byte	0x2
 1078 05ce 86       		.byte	0x86
 1079 05cf AD000000 		.4byte	0xad
 1080 05d3 01       		.uleb128 0x1
 1081 05d4 53       		.byte	0x53
 1082 05d5 00       		.byte	0
 1083 05d6 00       		.byte	0
 1084 05d7 19       		.uleb128 0x19
 1085 05d8 FA020000 		.4byte	.LASF78
 1086 05dc 09       		.byte	0x9
 1087 05dd 6F       		.byte	0x6f
 1088 05de 9A030000 		.4byte	0x39a
 1089 05e2 00       		.byte	0
 1090              		.section	.debug_abbrev,"",%progbits
 1091              	.Ldebug_abbrev0:
 1092 0000 01       		.uleb128 0x1
 1093 0001 11       		.uleb128 0x11
 1094 0002 01       		.byte	0x1
 1095 0003 25       		.uleb128 0x25
 1096 0004 0E       		.uleb128 0xe
 1097 0005 13       		.uleb128 0x13
 1098 0006 0B       		.uleb128 0xb
 1099 0007 03       		.uleb128 0x3
 1100 0008 0E       		.uleb128 0xe
 1101 0009 1B       		.uleb128 0x1b
 1102 000a 0E       		.uleb128 0xe
 1103 000b 55       		.uleb128 0x55
 1104 000c 17       		.uleb128 0x17
 1105 000d 11       		.uleb128 0x11
 1106 000e 01       		.uleb128 0x1
 1107 000f 10       		.uleb128 0x10
 1108 0010 17       		.uleb128 0x17
 1109 0011 00       		.byte	0
 1110 0012 00       		.byte	0
 1111 0013 02       		.uleb128 0x2
 1112 0014 24       		.uleb128 0x24
 1113 0015 00       		.byte	0
 1114 0016 0B       		.uleb128 0xb
 1115 0017 0B       		.uleb128 0xb
 1116 0018 3E       		.uleb128 0x3e
 1117 0019 0B       		.uleb128 0xb
 1118 001a 03       		.uleb128 0x3
 1119 001b 08       		.uleb128 0x8
 1120 001c 00       		.byte	0
 1121 001d 00       		.byte	0
 1122 001e 03       		.uleb128 0x3
 1123 001f 24       		.uleb128 0x24
 1124 0020 00       		.byte	0
 1125 0021 0B       		.uleb128 0xb
 1126 0022 0B       		.uleb128 0xb
 1127 0023 3E       		.uleb128 0x3e
 1128 0024 0B       		.uleb128 0xb
 1129 0025 03       		.uleb128 0x3
ARM GAS  /tmp/ccIsfVgg.s 			page 21


 1130 0026 0E       		.uleb128 0xe
 1131 0027 00       		.byte	0
 1132 0028 00       		.byte	0
 1133 0029 04       		.uleb128 0x4
 1134 002a 16       		.uleb128 0x16
 1135 002b 00       		.byte	0
 1136 002c 03       		.uleb128 0x3
 1137 002d 0E       		.uleb128 0xe
 1138 002e 3A       		.uleb128 0x3a
 1139 002f 0B       		.uleb128 0xb
 1140 0030 3B       		.uleb128 0x3b
 1141 0031 0B       		.uleb128 0xb
 1142 0032 49       		.uleb128 0x49
 1143 0033 13       		.uleb128 0x13
 1144 0034 00       		.byte	0
 1145 0035 00       		.byte	0
 1146 0036 05       		.uleb128 0x5
 1147 0037 13       		.uleb128 0x13
 1148 0038 01       		.byte	0x1
 1149 0039 03       		.uleb128 0x3
 1150 003a 0E       		.uleb128 0xe
 1151 003b 0B       		.uleb128 0xb
 1152 003c 0B       		.uleb128 0xb
 1153 003d 3A       		.uleb128 0x3a
 1154 003e 0B       		.uleb128 0xb
 1155 003f 3B       		.uleb128 0x3b
 1156 0040 0B       		.uleb128 0xb
 1157 0041 01       		.uleb128 0x1
 1158 0042 13       		.uleb128 0x13
 1159 0043 00       		.byte	0
 1160 0044 00       		.byte	0
 1161 0045 06       		.uleb128 0x6
 1162 0046 0D       		.uleb128 0xd
 1163 0047 00       		.byte	0
 1164 0048 03       		.uleb128 0x3
 1165 0049 0E       		.uleb128 0xe
 1166 004a 3A       		.uleb128 0x3a
 1167 004b 0B       		.uleb128 0xb
 1168 004c 3B       		.uleb128 0x3b
 1169 004d 0B       		.uleb128 0xb
 1170 004e 49       		.uleb128 0x49
 1171 004f 13       		.uleb128 0x13
 1172 0050 38       		.uleb128 0x38
 1173 0051 0B       		.uleb128 0xb
 1174 0052 00       		.byte	0
 1175 0053 00       		.byte	0
 1176 0054 07       		.uleb128 0x7
 1177 0055 0D       		.uleb128 0xd
 1178 0056 00       		.byte	0
 1179 0057 03       		.uleb128 0x3
 1180 0058 08       		.uleb128 0x8
 1181 0059 3A       		.uleb128 0x3a
 1182 005a 0B       		.uleb128 0xb
 1183 005b 3B       		.uleb128 0x3b
 1184 005c 0B       		.uleb128 0xb
 1185 005d 49       		.uleb128 0x49
 1186 005e 13       		.uleb128 0x13
ARM GAS  /tmp/ccIsfVgg.s 			page 22


 1187 005f 38       		.uleb128 0x38
 1188 0060 0B       		.uleb128 0xb
 1189 0061 00       		.byte	0
 1190 0062 00       		.byte	0
 1191 0063 08       		.uleb128 0x8
 1192 0064 13       		.uleb128 0x13
 1193 0065 01       		.byte	0x1
 1194 0066 0B       		.uleb128 0xb
 1195 0067 0B       		.uleb128 0xb
 1196 0068 3A       		.uleb128 0x3a
 1197 0069 0B       		.uleb128 0xb
 1198 006a 3B       		.uleb128 0x3b
 1199 006b 0B       		.uleb128 0xb
 1200 006c 01       		.uleb128 0x1
 1201 006d 13       		.uleb128 0x13
 1202 006e 00       		.byte	0
 1203 006f 00       		.byte	0
 1204 0070 09       		.uleb128 0x9
 1205 0071 0F       		.uleb128 0xf
 1206 0072 00       		.byte	0
 1207 0073 0B       		.uleb128 0xb
 1208 0074 0B       		.uleb128 0xb
 1209 0075 49       		.uleb128 0x49
 1210 0076 13       		.uleb128 0x13
 1211 0077 00       		.byte	0
 1212 0078 00       		.byte	0
 1213 0079 0A       		.uleb128 0xa
 1214 007a 0F       		.uleb128 0xf
 1215 007b 00       		.byte	0
 1216 007c 0B       		.uleb128 0xb
 1217 007d 0B       		.uleb128 0xb
 1218 007e 00       		.byte	0
 1219 007f 00       		.byte	0
 1220 0080 0B       		.uleb128 0xb
 1221 0081 13       		.uleb128 0x13
 1222 0082 01       		.byte	0x1
 1223 0083 03       		.uleb128 0x3
 1224 0084 0E       		.uleb128 0xe
 1225 0085 0B       		.uleb128 0xb
 1226 0086 0B       		.uleb128 0xb
 1227 0087 3A       		.uleb128 0x3a
 1228 0088 0B       		.uleb128 0xb
 1229 0089 3B       		.uleb128 0x3b
 1230 008a 05       		.uleb128 0x5
 1231 008b 01       		.uleb128 0x1
 1232 008c 13       		.uleb128 0x13
 1233 008d 00       		.byte	0
 1234 008e 00       		.byte	0
 1235 008f 0C       		.uleb128 0xc
 1236 0090 0D       		.uleb128 0xd
 1237 0091 00       		.byte	0
 1238 0092 03       		.uleb128 0x3
 1239 0093 08       		.uleb128 0x8
 1240 0094 3A       		.uleb128 0x3a
 1241 0095 0B       		.uleb128 0xb
 1242 0096 3B       		.uleb128 0x3b
 1243 0097 05       		.uleb128 0x5
ARM GAS  /tmp/ccIsfVgg.s 			page 23


 1244 0098 49       		.uleb128 0x49
 1245 0099 13       		.uleb128 0x13
 1246 009a 38       		.uleb128 0x38
 1247 009b 0B       		.uleb128 0xb
 1248 009c 00       		.byte	0
 1249 009d 00       		.byte	0
 1250 009e 0D       		.uleb128 0xd
 1251 009f 35       		.uleb128 0x35
 1252 00a0 00       		.byte	0
 1253 00a1 49       		.uleb128 0x49
 1254 00a2 13       		.uleb128 0x13
 1255 00a3 00       		.byte	0
 1256 00a4 00       		.byte	0
 1257 00a5 0E       		.uleb128 0xe
 1258 00a6 17       		.uleb128 0x17
 1259 00a7 01       		.byte	0x1
 1260 00a8 0B       		.uleb128 0xb
 1261 00a9 0B       		.uleb128 0xb
 1262 00aa 3A       		.uleb128 0x3a
 1263 00ab 0B       		.uleb128 0xb
 1264 00ac 3B       		.uleb128 0x3b
 1265 00ad 0B       		.uleb128 0xb
 1266 00ae 01       		.uleb128 0x1
 1267 00af 13       		.uleb128 0x13
 1268 00b0 00       		.byte	0
 1269 00b1 00       		.byte	0
 1270 00b2 0F       		.uleb128 0xf
 1271 00b3 0D       		.uleb128 0xd
 1272 00b4 00       		.byte	0
 1273 00b5 03       		.uleb128 0x3
 1274 00b6 0E       		.uleb128 0xe
 1275 00b7 3A       		.uleb128 0x3a
 1276 00b8 0B       		.uleb128 0xb
 1277 00b9 3B       		.uleb128 0x3b
 1278 00ba 0B       		.uleb128 0xb
 1279 00bb 49       		.uleb128 0x49
 1280 00bc 13       		.uleb128 0x13
 1281 00bd 00       		.byte	0
 1282 00be 00       		.byte	0
 1283 00bf 10       		.uleb128 0x10
 1284 00c0 26       		.uleb128 0x26
 1285 00c1 00       		.byte	0
 1286 00c2 49       		.uleb128 0x49
 1287 00c3 13       		.uleb128 0x13
 1288 00c4 00       		.byte	0
 1289 00c5 00       		.byte	0
 1290 00c6 11       		.uleb128 0x11
 1291 00c7 2E       		.uleb128 0x2e
 1292 00c8 01       		.byte	0x1
 1293 00c9 03       		.uleb128 0x3
 1294 00ca 0E       		.uleb128 0xe
 1295 00cb 3A       		.uleb128 0x3a
 1296 00cc 0B       		.uleb128 0xb
 1297 00cd 3B       		.uleb128 0x3b
 1298 00ce 0B       		.uleb128 0xb
 1299 00cf 27       		.uleb128 0x27
 1300 00d0 19       		.uleb128 0x19
ARM GAS  /tmp/ccIsfVgg.s 			page 24


 1301 00d1 11       		.uleb128 0x11
 1302 00d2 01       		.uleb128 0x1
 1303 00d3 12       		.uleb128 0x12
 1304 00d4 06       		.uleb128 0x6
 1305 00d5 40       		.uleb128 0x40
 1306 00d6 18       		.uleb128 0x18
 1307 00d7 9742     		.uleb128 0x2117
 1308 00d9 19       		.uleb128 0x19
 1309 00da 01       		.uleb128 0x1
 1310 00db 13       		.uleb128 0x13
 1311 00dc 00       		.byte	0
 1312 00dd 00       		.byte	0
 1313 00de 12       		.uleb128 0x12
 1314 00df 05       		.uleb128 0x5
 1315 00e0 00       		.byte	0
 1316 00e1 03       		.uleb128 0x3
 1317 00e2 08       		.uleb128 0x8
 1318 00e3 3A       		.uleb128 0x3a
 1319 00e4 0B       		.uleb128 0xb
 1320 00e5 3B       		.uleb128 0x3b
 1321 00e6 0B       		.uleb128 0xb
 1322 00e7 49       		.uleb128 0x49
 1323 00e8 13       		.uleb128 0x13
 1324 00e9 02       		.uleb128 0x2
 1325 00ea 18       		.uleb128 0x18
 1326 00eb 00       		.byte	0
 1327 00ec 00       		.byte	0
 1328 00ed 13       		.uleb128 0x13
 1329 00ee 2E       		.uleb128 0x2e
 1330 00ef 01       		.byte	0x1
 1331 00f0 03       		.uleb128 0x3
 1332 00f1 0E       		.uleb128 0xe
 1333 00f2 3A       		.uleb128 0x3a
 1334 00f3 0B       		.uleb128 0xb
 1335 00f4 3B       		.uleb128 0x3b
 1336 00f5 0B       		.uleb128 0xb
 1337 00f6 27       		.uleb128 0x27
 1338 00f7 19       		.uleb128 0x19
 1339 00f8 49       		.uleb128 0x49
 1340 00f9 13       		.uleb128 0x13
 1341 00fa 11       		.uleb128 0x11
 1342 00fb 01       		.uleb128 0x1
 1343 00fc 12       		.uleb128 0x12
 1344 00fd 06       		.uleb128 0x6
 1345 00fe 40       		.uleb128 0x40
 1346 00ff 18       		.uleb128 0x18
 1347 0100 9742     		.uleb128 0x2117
 1348 0102 19       		.uleb128 0x19
 1349 0103 01       		.uleb128 0x1
 1350 0104 13       		.uleb128 0x13
 1351 0105 00       		.byte	0
 1352 0106 00       		.byte	0
 1353 0107 14       		.uleb128 0x14
 1354 0108 34       		.uleb128 0x34
 1355 0109 00       		.byte	0
 1356 010a 03       		.uleb128 0x3
 1357 010b 08       		.uleb128 0x8
ARM GAS  /tmp/ccIsfVgg.s 			page 25


 1358 010c 3A       		.uleb128 0x3a
 1359 010d 0B       		.uleb128 0xb
 1360 010e 3B       		.uleb128 0x3b
 1361 010f 0B       		.uleb128 0xb
 1362 0110 49       		.uleb128 0x49
 1363 0111 13       		.uleb128 0x13
 1364 0112 02       		.uleb128 0x2
 1365 0113 18       		.uleb128 0x18
 1366 0114 00       		.byte	0
 1367 0115 00       		.byte	0
 1368 0116 15       		.uleb128 0x15
 1369 0117 2E       		.uleb128 0x2e
 1370 0118 01       		.byte	0x1
 1371 0119 3F       		.uleb128 0x3f
 1372 011a 19       		.uleb128 0x19
 1373 011b 03       		.uleb128 0x3
 1374 011c 0E       		.uleb128 0xe
 1375 011d 3A       		.uleb128 0x3a
 1376 011e 0B       		.uleb128 0xb
 1377 011f 3B       		.uleb128 0x3b
 1378 0120 0B       		.uleb128 0xb
 1379 0121 27       		.uleb128 0x27
 1380 0122 19       		.uleb128 0x19
 1381 0123 49       		.uleb128 0x49
 1382 0124 13       		.uleb128 0x13
 1383 0125 11       		.uleb128 0x11
 1384 0126 01       		.uleb128 0x1
 1385 0127 12       		.uleb128 0x12
 1386 0128 06       		.uleb128 0x6
 1387 0129 40       		.uleb128 0x40
 1388 012a 18       		.uleb128 0x18
 1389 012b 9642     		.uleb128 0x2116
 1390 012d 19       		.uleb128 0x19
 1391 012e 01       		.uleb128 0x1
 1392 012f 13       		.uleb128 0x13
 1393 0130 00       		.byte	0
 1394 0131 00       		.byte	0
 1395 0132 16       		.uleb128 0x16
 1396 0133 0B       		.uleb128 0xb
 1397 0134 01       		.byte	0x1
 1398 0135 11       		.uleb128 0x11
 1399 0136 01       		.uleb128 0x1
 1400 0137 12       		.uleb128 0x12
 1401 0138 06       		.uleb128 0x6
 1402 0139 01       		.uleb128 0x1
 1403 013a 13       		.uleb128 0x13
 1404 013b 00       		.byte	0
 1405 013c 00       		.byte	0
 1406 013d 17       		.uleb128 0x17
 1407 013e 0B       		.uleb128 0xb
 1408 013f 01       		.byte	0x1
 1409 0140 11       		.uleb128 0x11
 1410 0141 01       		.uleb128 0x1
 1411 0142 12       		.uleb128 0x12
 1412 0143 06       		.uleb128 0x6
 1413 0144 00       		.byte	0
 1414 0145 00       		.byte	0
ARM GAS  /tmp/ccIsfVgg.s 			page 26


 1415 0146 18       		.uleb128 0x18
 1416 0147 2E       		.uleb128 0x2e
 1417 0148 01       		.byte	0x1
 1418 0149 3F       		.uleb128 0x3f
 1419 014a 19       		.uleb128 0x19
 1420 014b 03       		.uleb128 0x3
 1421 014c 0E       		.uleb128 0xe
 1422 014d 3A       		.uleb128 0x3a
 1423 014e 0B       		.uleb128 0xb
 1424 014f 3B       		.uleb128 0x3b
 1425 0150 0B       		.uleb128 0xb
 1426 0151 27       		.uleb128 0x27
 1427 0152 19       		.uleb128 0x19
 1428 0153 11       		.uleb128 0x11
 1429 0154 01       		.uleb128 0x1
 1430 0155 12       		.uleb128 0x12
 1431 0156 06       		.uleb128 0x6
 1432 0157 40       		.uleb128 0x40
 1433 0158 18       		.uleb128 0x18
 1434 0159 9642     		.uleb128 0x2116
 1435 015b 19       		.uleb128 0x19
 1436 015c 01       		.uleb128 0x1
 1437 015d 13       		.uleb128 0x13
 1438 015e 00       		.byte	0
 1439 015f 00       		.byte	0
 1440 0160 19       		.uleb128 0x19
 1441 0161 34       		.uleb128 0x34
 1442 0162 00       		.byte	0
 1443 0163 03       		.uleb128 0x3
 1444 0164 0E       		.uleb128 0xe
 1445 0165 3A       		.uleb128 0x3a
 1446 0166 0B       		.uleb128 0xb
 1447 0167 3B       		.uleb128 0x3b
 1448 0168 0B       		.uleb128 0xb
 1449 0169 49       		.uleb128 0x49
 1450 016a 13       		.uleb128 0x13
 1451 016b 3F       		.uleb128 0x3f
 1452 016c 19       		.uleb128 0x19
 1453 016d 3C       		.uleb128 0x3c
 1454 016e 19       		.uleb128 0x19
 1455 016f 00       		.byte	0
 1456 0170 00       		.byte	0
 1457 0171 00       		.byte	0
 1458              		.section	.debug_aranges,"",%progbits
 1459 0000 3C000000 		.4byte	0x3c
 1460 0004 0200     		.2byte	0x2
 1461 0006 00000000 		.4byte	.Ldebug_info0
 1462 000a 04       		.byte	0x4
 1463 000b 00       		.byte	0
 1464 000c 0000     		.2byte	0
 1465 000e 0000     		.2byte	0
 1466 0010 00000000 		.4byte	.LFB1
 1467 0014 28000000 		.4byte	.LFE1-.LFB1
 1468 0018 00000000 		.4byte	.LFB2
 1469 001c 22000000 		.4byte	.LFE2-.LFB2
 1470 0020 00000000 		.4byte	.LFB7
 1471 0024 7C000000 		.4byte	.LFE7-.LFB7
ARM GAS  /tmp/ccIsfVgg.s 			page 27


 1472 0028 00000000 		.4byte	.LFB8
 1473 002c 60000000 		.4byte	.LFE8-.LFB8
 1474 0030 00000000 		.4byte	.LFB9
 1475 0034 40000000 		.4byte	.LFE9-.LFB9
 1476 0038 00000000 		.4byte	0
 1477 003c 00000000 		.4byte	0
 1478              		.section	.debug_ranges,"",%progbits
 1479              	.Ldebug_ranges0:
 1480 0000 00000000 		.4byte	.LFB1
 1481 0004 28000000 		.4byte	.LFE1
 1482 0008 00000000 		.4byte	.LFB2
 1483 000c 22000000 		.4byte	.LFE2
 1484 0010 00000000 		.4byte	.LFB7
 1485 0014 7C000000 		.4byte	.LFE7
 1486 0018 00000000 		.4byte	.LFB8
 1487 001c 60000000 		.4byte	.LFE8
 1488 0020 00000000 		.4byte	.LFB9
 1489 0024 40000000 		.4byte	.LFE9
 1490 0028 00000000 		.4byte	0
 1491 002c 00000000 		.4byte	0
 1492              		.section	.debug_line,"",%progbits
 1493              	.Ldebug_line0:
 1494 0000 AD010000 		.section	.debug_str,"MS",%progbits,1
 1494      02002301 
 1494      00000201 
 1494      FB0E0D00 
 1494      01010101 
 1495              	.LASF42:
 1496 0000 705F6D73 		.ascii	"p_msg\000"
 1496      6700
 1497              	.LASF75:
 1498 0006 71756575 		.ascii	"queue_insert\000"
 1498      655F696E 
 1498      73657274 
 1498      00
 1499              	.LASF65:
 1500 0013 7264796D 		.ascii	"rdymsg\000"
 1500      736700
 1501              	.LASF16:
 1502 001a 75696E74 		.ascii	"uint64_t\000"
 1502      36345F74 
 1502      00
 1503              	.LASF5:
 1504 0023 5F5F7569 		.ascii	"__uint8_t\000"
 1504      6E74385F 
 1504      7400
 1505              	.LASF12:
 1506 002d 6C6F6E67 		.ascii	"long long unsigned int\000"
 1506      206C6F6E 
 1506      6720756E 
 1506      7369676E 
 1506      65642069 
 1507              	.LASF66:
 1508 0044 65786974 		.ascii	"exitcode\000"
 1508      636F6465 
 1508      00
 1509              	.LASF29:
ARM GAS  /tmp/ccIsfVgg.s 			page 28


 1510 004d 705F7072 		.ascii	"p_prio\000"
 1510      696F00
 1511              	.LASF10:
 1512 0054 6C6F6E67 		.ascii	"long long int\000"
 1512      206C6F6E 
 1512      6720696E 
 1512      7400
 1513              	.LASF1:
 1514 0062 7369676E 		.ascii	"signed char\000"
 1514      65642063 
 1514      68617200 
 1515              	.LASF46:
 1516 006e 705F6D70 		.ascii	"p_mpool\000"
 1516      6F6F6C00 
 1517              	.LASF62:
 1518 0076 6D5F7175 		.ascii	"m_queue\000"
 1518      65756500 
 1519              	.LASF73:
 1520 007e 2E2E2F2E 		.ascii	"../..//os/kernel/src/chmsg.c\000"
 1520      2E2F2F6F 
 1520      732F6B65 
 1520      726E656C 
 1520      2F737263 
 1521              	.LASF21:
 1522 009b 74736C69 		.ascii	"tslices_t\000"
 1522      6365735F 
 1522      7400
 1523              	.LASF7:
 1524 00a5 6C6F6E67 		.ascii	"long int\000"
 1524      20696E74 
 1524      00
 1525              	.LASF70:
 1526 00ae 63684D73 		.ascii	"chMsgSend\000"
 1526      6753656E 
 1526      6400
 1527              	.LASF19:
 1528 00b8 74737461 		.ascii	"tstate_t\000"
 1528      74655F74 
 1528      00
 1529              	.LASF31:
 1530 00c1 705F6E65 		.ascii	"p_newer\000"
 1530      77657200 
 1531              	.LASF8:
 1532 00c9 5F5F7569 		.ascii	"__uint32_t\000"
 1532      6E743332 
 1532      5F7400
 1533              	.LASF49:
 1534 00d4 72656761 		.ascii	"regarm_t\000"
 1534      726D5F74 
 1534      00
 1535              	.LASF34:
 1536 00dd 705F7374 		.ascii	"p_stklimit\000"
 1536      6B6C696D 
 1536      697400
 1537              	.LASF0:
 1538 00e8 756E7369 		.ascii	"unsigned int\000"
 1538      676E6564 
ARM GAS  /tmp/ccIsfVgg.s 			page 29


 1538      20696E74 
 1538      00
 1539              	.LASF9:
 1540 00f5 6C6F6E67 		.ascii	"long unsigned int\000"
 1540      20756E73 
 1540      69676E65 
 1540      6420696E 
 1540      7400
 1541              	.LASF52:
 1542 0107 636F6E74 		.ascii	"context\000"
 1542      65787400 
 1543              	.LASF4:
 1544 010f 73686F72 		.ascii	"short unsigned int\000"
 1544      7420756E 
 1544      7369676E 
 1544      65642069 
 1544      6E7400
 1545              	.LASF23:
 1546 0122 6D73675F 		.ascii	"msg_t\000"
 1546      7400
 1547              	.LASF57:
 1548 0128 725F6E65 		.ascii	"r_newer\000"
 1548      77657200 
 1549              	.LASF18:
 1550 0130 746D6F64 		.ascii	"tmode_t\000"
 1550      655F7400 
 1551              	.LASF48:
 1552 0138 54687265 		.ascii	"ThreadsList\000"
 1552      6164734C 
 1552      69737400 
 1553              	.LASF24:
 1554 0144 6576656E 		.ascii	"eventmask_t\000"
 1554      746D6173 
 1554      6B5F7400 
 1555              	.LASF61:
 1556 0150 4D757465 		.ascii	"Mutex\000"
 1556      7800
 1557              	.LASF50:
 1558 0156 73746B61 		.ascii	"stkalign_t\000"
 1558      6C69676E 
 1558      5F7400
 1559              	.LASF40:
 1560 0161 705F7761 		.ascii	"p_waiting\000"
 1560      6974696E 
 1560      6700
 1561              	.LASF74:
 1562 016b 2F686F6D 		.ascii	"/home/ece497/vbox-shared/mplayer/ChibiOS-RT-stable_"
 1562      652F6563 
 1562      65343937 
 1562      2F76626F 
 1562      782D7368 
 1563 019e 322E362E 		.ascii	"2.6.x/demos/SDCARD\000"
 1563      782F6465 
 1563      6D6F732F 
 1563      53444341 
 1563      524400
 1564              	.LASF32:
ARM GAS  /tmp/ccIsfVgg.s 			page 30


 1565 01b1 705F6F6C 		.ascii	"p_older\000"
 1565      64657200 
 1566              	.LASF56:
 1567 01b9 725F6374 		.ascii	"r_ctx\000"
 1567      7800
 1568              	.LASF47:
 1569 01bf 54687265 		.ascii	"ThreadsQueue\000"
 1569      61647351 
 1569      75657565 
 1569      00
 1570              	.LASF59:
 1571 01cc 725F6375 		.ascii	"r_current\000"
 1571      7272656E 
 1571      7400
 1572              	.LASF58:
 1573 01d6 725F6F6C 		.ascii	"r_older\000"
 1573      64657200 
 1574              	.LASF11:
 1575 01de 5F5F7569 		.ascii	"__uint64_t\000"
 1575      6E743634 
 1575      5F7400
 1576              	.LASF20:
 1577 01e9 74726566 		.ascii	"trefs_t\000"
 1577      735F7400 
 1578              	.LASF28:
 1579 01f1 705F7072 		.ascii	"p_prev\000"
 1579      657600
 1580              	.LASF22:
 1581 01f8 74707269 		.ascii	"tprio_t\000"
 1581      6F5F7400 
 1582              	.LASF17:
 1583 0200 5F426F6F 		.ascii	"_Bool\000"
 1583      6C00
 1584              	.LASF14:
 1585 0206 696E7433 		.ascii	"int32_t\000"
 1585      325F7400 
 1586              	.LASF2:
 1587 020e 756E7369 		.ascii	"unsigned char\000"
 1587      676E6564 
 1587      20636861 
 1587      7200
 1588              	.LASF44:
 1589 021c 705F6D74 		.ascii	"p_mtxlist\000"
 1589      786C6973 
 1589      7400
 1590              	.LASF3:
 1591 0226 73686F72 		.ascii	"short int\000"
 1591      7420696E 
 1591      7400
 1592              	.LASF35:
 1593 0230 705F7374 		.ascii	"p_state\000"
 1593      61746500 
 1594              	.LASF38:
 1595 0238 705F7072 		.ascii	"p_preempt\000"
 1595      65656D70 
 1595      7400
 1596              	.LASF55:
ARM GAS  /tmp/ccIsfVgg.s 			page 31


 1597 0242 725F7072 		.ascii	"r_prio\000"
 1597      696F00
 1598              	.LASF68:
 1599 0249 65776D61 		.ascii	"ewmask\000"
 1599      736B00
 1600              	.LASF27:
 1601 0250 705F6E65 		.ascii	"p_next\000"
 1601      787400
 1602              	.LASF36:
 1603 0257 705F666C 		.ascii	"p_flags\000"
 1603      61677300 
 1604              	.LASF26:
 1605 025f 54687265 		.ascii	"Thread\000"
 1605      616400
 1606              	.LASF77:
 1607 0266 63684D73 		.ascii	"chMsgRelease\000"
 1607      6752656C 
 1607      65617365 
 1607      00
 1608              	.LASF43:
 1609 0273 705F6570 		.ascii	"p_epending\000"
 1609      656E6469 
 1609      6E6700
 1610              	.LASF15:
 1611 027e 75696E74 		.ascii	"uint32_t\000"
 1611      33325F74 
 1611      00
 1612              	.LASF54:
 1613 0287 725F7175 		.ascii	"r_queue\000"
 1613      65756500 
 1614              	.LASF69:
 1615 028f 63686172 		.ascii	"char\000"
 1615      00
 1616              	.LASF76:
 1617 0294 6669666F 		.ascii	"fifo_remove\000"
 1617      5F72656D 
 1617      6F766500 
 1618              	.LASF64:
 1619 02a0 6D5F6E65 		.ascii	"m_next\000"
 1619      787400
 1620              	.LASF25:
 1621 02a7 73797374 		.ascii	"systime_t\000"
 1621      696D655F 
 1621      7400
 1622              	.LASF45:
 1623 02b1 705F7265 		.ascii	"p_realprio\000"
 1623      616C7072 
 1623      696F00
 1624              	.LASF6:
 1625 02bc 5F5F696E 		.ascii	"__int32_t\000"
 1625      7433325F 
 1625      7400
 1626              	.LASF39:
 1627 02c6 705F7469 		.ascii	"p_time\000"
 1627      6D6500
 1628              	.LASF51:
 1629 02cd 696E7463 		.ascii	"intctx\000"
ARM GAS  /tmp/ccIsfVgg.s 			page 32


 1629      747800
 1630              	.LASF41:
 1631 02d4 705F6D73 		.ascii	"p_msgqueue\000"
 1631      67717565 
 1631      756500
 1632              	.LASF71:
 1633 02df 63684D73 		.ascii	"chMsgWait\000"
 1633      67576169 
 1633      7400
 1634              	.LASF37:
 1635 02e9 705F7265 		.ascii	"p_refs\000"
 1635      667300
 1636              	.LASF60:
 1637 02f0 52656164 		.ascii	"ReadyList\000"
 1637      794C6973 
 1637      7400
 1638              	.LASF78:
 1639 02fa 726C6973 		.ascii	"rlist\000"
 1639      7400
 1640              	.LASF13:
 1641 0300 75696E74 		.ascii	"uint8_t\000"
 1641      385F7400 
 1642              	.LASF53:
 1643 0308 73697A65 		.ascii	"sizetype\000"
 1643      74797065 
 1643      00
 1644              	.LASF67:
 1645 0311 77746F62 		.ascii	"wtobjp\000"
 1645      6A7000
 1646              	.LASF33:
 1647 0318 705F6E61 		.ascii	"p_name\000"
 1647      6D6500
 1648              	.LASF63:
 1649 031f 6D5F6F77 		.ascii	"m_owner\000"
 1649      6E657200 
 1650              	.LASF30:
 1651 0327 705F6374 		.ascii	"p_ctx\000"
 1651      7800
 1652              	.LASF72:
 1653 032d 474E5520 		.ascii	"GNU C 4.8.2 -mcpu=cortex-m4 -mno-thumb-interwork -m"
 1653      4320342E 
 1653      382E3220 
 1653      2D6D6370 
 1653      753D636F 
 1654 0360 7468756D 		.ascii	"thumb -ggdb -O0 -fomit-frame-pointer -falign-functi"
 1654      62202D67 
 1654      67646220 
 1654      2D4F3020 
 1654      2D666F6D 
 1655 0393 6F6E733D 		.ascii	"ons=16 -ffunction-sections -fdata-sections -fno-com"
 1655      3136202D 
 1655      6666756E 
 1655      6374696F 
 1655      6E2D7365 
 1656 03c6 6D6F6E00 		.ascii	"mon\000"
 1657              		.ident	"GCC: (Arch Repository) 4.8.2"
ARM GAS  /tmp/ccIsfVgg.s 			page 33


DEFINED SYMBOLS
                            *ABS*:0000000000000000 chmsg.c
     /tmp/ccIsfVgg.s:19     .text.queue_insert:0000000000000000 $t
     /tmp/ccIsfVgg.s:24     .text.queue_insert:0000000000000000 queue_insert
     /tmp/ccIsfVgg.s:62     .text.fifo_remove:0000000000000000 $t
     /tmp/ccIsfVgg.s:67     .text.fifo_remove:0000000000000000 fifo_remove
     /tmp/ccIsfVgg.s:101    .rodata:0000000000000000 $d
     /tmp/ccIsfVgg.s:102    .rodata:0000000000000000 .LC0
     /tmp/ccIsfVgg.s:105    .text.chMsgSend:0000000000000000 $t
     /tmp/ccIsfVgg.s:111    .text.chMsgSend:0000000000000000 chMsgSend
     /tmp/ccIsfVgg.s:199    .text.chMsgWait:0000000000000000 $t
     /tmp/ccIsfVgg.s:205    .text.chMsgWait:0000000000000000 chMsgWait
     /tmp/ccIsfVgg.s:273    .rodata:0000000000000010 .LC1
     /tmp/ccIsfVgg.s:276    .text.chMsgRelease:0000000000000000 $t
     /tmp/ccIsfVgg.s:282    .text.chMsgRelease:0000000000000000 chMsgRelease
                     .debug_frame:0000000000000010 $d

UNDEFINED SYMBOLS
rlist
chDbgPanic
dbg_check_lock
chSchReadyI
chSchGoSleepS
dbg_check_unlock
chSchWakeupS
