ARM GAS  /tmp/ccYquvNv.s 			page 1


   1              		.syntax unified
   2              		.cpu cortex-m4
   3              		.fpu softvfp
   4              		.eabi_attribute 20, 1
   5              		.eabi_attribute 21, 1
   6              		.eabi_attribute 23, 3
   7              		.eabi_attribute 24, 1
   8              		.eabi_attribute 25, 1
   9              		.eabi_attribute 26, 1
  10              		.eabi_attribute 30, 6
  11              		.eabi_attribute 34, 1
  12              		.eabi_attribute 18, 4
  13              		.thumb
  14              		.file	"chsys.c"
  15              		.text
  16              	.Ltext0:
  17              		.cfi_sections	.debug_frame
  18              		.global	_idle_thread_wa
  19              		.section	.bss._idle_thread_wa,"aw",%nobits
  20              		.align	3
  21              		.type	_idle_thread_wa, %object
  22              		.size	_idle_thread_wa, 208
  23              	_idle_thread_wa:
  24 0000 00000000 		.space	208
  24      00000000 
  24      00000000 
  24      00000000 
  24      00000000 
  25              		.section	.rodata
  26              		.align	2
  27              	.LC0:
  28 0000 69646C65 		.ascii	"idle\000"
  28      00
  29 0005 000000   		.section	.text._idle_thread,"ax",%progbits
  30              		.align	2
  31              		.p2align 4,,15
  32              		.global	_idle_thread
  33              		.thumb
  34              		.thumb_func
  35              		.type	_idle_thread, %function
  36              	_idle_thread:
  37              	.LFB7:
  38              		.file 1 "../..//os/kernel/src/chsys.c"
  39              		.loc 1 61 0
  40              		.cfi_startproc
  41              		@ args = 0, pretend = 0, frame = 8
  42              		@ frame_needed = 0, uses_anonymous_args = 0
  43              		@ link register save eliminated.
  44 0000 82B0     		sub	sp, sp, #8
  45              		.cfi_def_cfa_offset 8
  46 0002 0190     		str	r0, [sp, #4]
  47              		.loc 1 64 0
  48 0004 40F20003 		movw	r3, #:lower16:rlist
  49 0008 C0F20003 		movt	r3, #:upper16:rlist
  50 000c 9A69     		ldr	r2, [r3, #24]
  51 000e 40F20003 		movw	r3, #:lower16:.LC0
  52 0012 C0F20003 		movt	r3, #:upper16:.LC0
ARM GAS  /tmp/ccYquvNv.s 			page 2


  53 0016 9361     		str	r3, [r2, #24]
  54              	.L2:
  55              		.loc 1 68 0 discriminator 1
  56 0018 FEE7     		b	.L2
  57              		.cfi_endproc
  58              	.LFE7:
  59              		.size	_idle_thread, .-_idle_thread
  60 001a 00BFAFF3 		.section	.text.chSysInit,"ax",%progbits
  60      0080
  61              		.align	2
  62              		.p2align 4,,15
  63              		.global	chSysInit
  64              		.thumb
  65              		.thumb_func
  66              		.type	chSysInit, %function
  67              	chSysInit:
  68              	.LFB8:
  69              		.loc 1 84 0
  70              		.cfi_startproc
  71              		@ args = 0, pretend = 0, frame = 0
  72              		@ frame_needed = 0, uses_anonymous_args = 0
  73 0000 00B5     		push	{lr}
  74              		.cfi_def_cfa_offset 4
  75              		.cfi_offset 14, -4
  76 0002 83B0     		sub	sp, sp, #12
  77              		.cfi_def_cfa_offset 16
  78              		.loc 1 90 0
  79 0004 FFF7FEFF 		bl	_port_init
  80              		.loc 1 91 0
  81 0008 FFF7FEFF 		bl	_scheduler_init
  82              		.loc 1 92 0
  83 000c FFF7FEFF 		bl	_vt_init
  84              		.loc 1 94 0
  85 0010 FFF7FEFF 		bl	_core_init
  86              		.loc 1 97 0
  87 0014 FFF7FEFF 		bl	_heap_init
  88              		.loc 1 100 0
  89 0018 FFF7FEFF 		bl	_trace_init
  90              		.loc 1 104 0
  91 001c 40F20000 		movw	r0, #:lower16:mainthread.4840
  92 0020 C0F20000 		movt	r0, #:upper16:mainthread.4840
  93 0024 4021     		movs	r1, #64
  94 0026 FFF7FEFF 		bl	_thread_init
  95 002a 0246     		mov	r2, r0
  96 002c 40F20003 		movw	r3, #:lower16:rlist
  97 0030 C0F20003 		movt	r3, #:upper16:rlist
  98 0034 9A61     		str	r2, [r3, #24]
  99              		.loc 1 105 0
 100 0036 40F20003 		movw	r3, #:lower16:rlist
 101 003a C0F20003 		movt	r3, #:upper16:rlist
 102 003e 9B69     		ldr	r3, [r3, #24]
 103 0040 0122     		movs	r2, #1
 104 0042 83F82020 		strb	r2, [r3, #32]
 105              		.loc 1 109 0
 106 0046 40F20003 		movw	r3, #:lower16:rlist
 107 004a C0F20003 		movt	r3, #:upper16:rlist
 108 004e 9A69     		ldr	r2, [r3, #24]
ARM GAS  /tmp/ccYquvNv.s 			page 3


 109 0050 40F20003 		movw	r3, #:lower16:__main_thread_stack_base__
 110 0054 C0F20003 		movt	r3, #:upper16:__main_thread_stack_base__
 111 0058 D361     		str	r3, [r2, #28]
 112              		.loc 1 111 0
 113 005a FFF7FEFF 		bl	dbg_check_enable
 114              	.LBB2:
 115 005e 0023     		movs	r3, #0
 116              	@ 111 "../..//os/kernel/src/chsys.c" 1
 117 0060 83F31188 		msr     BASEPRI, r3                    
 118 0064 62B6     		cpsie   i
 119              	@ 0 "" 2
 120              		.thumb
 121              	.LBE2:
 122              		.loc 1 115 0
 123 0066 40F20003 		movw	r3, #:lower16:rlist
 124 006a C0F20003 		movt	r3, #:upper16:rlist
 125 006e 9A69     		ldr	r2, [r3, #24]
 126 0070 40F20003 		movw	r3, #:lower16:ch_debug
 127 0074 C0F20003 		movt	r3, #:upper16:ch_debug
 128 0078 9361     		str	r3, [r2, #24]
 129              		.loc 1 121 0
 130 007a 0023     		movs	r3, #0
 131 007c 0093     		str	r3, [sp]
 132 007e 40F20000 		movw	r0, #:lower16:_idle_thread_wa
 133 0082 C0F20000 		movt	r0, #:upper16:_idle_thread_wa
 134 0086 D021     		movs	r1, #208
 135 0088 0122     		movs	r2, #1
 136 008a 40F20003 		movw	r3, #:lower16:_idle_thread
 137 008e C0F20003 		movt	r3, #:upper16:_idle_thread
 138 0092 FFF7FEFF 		bl	chThdCreateStatic
 139              		.loc 1 124 0
 140 0096 03B0     		add	sp, sp, #12
 141              		@ sp needed
 142 0098 5DF804FB 		ldr	pc, [sp], #4
 143              		.cfi_endproc
 144              	.LFE8:
 145              		.size	chSysInit, .-chSysInit
 146 009c AFF30080 		.section	.text.chSysTimerHandlerI,"ax",%progbits
 147              		.align	2
 148              		.p2align 4,,15
 149              		.global	chSysTimerHandlerI
 150              		.thumb
 151              		.thumb_func
 152              		.type	chSysTimerHandlerI, %function
 153              	chSysTimerHandlerI:
 154              	.LFB9:
 155              		.loc 1 137 0
 156              		.cfi_startproc
 157              		@ args = 0, pretend = 0, frame = 8
 158              		@ frame_needed = 0, uses_anonymous_args = 0
 159 0000 00B5     		push	{lr}
 160              		.cfi_def_cfa_offset 4
 161              		.cfi_offset 14, -4
 162 0002 83B0     		sub	sp, sp, #12
 163              		.cfi_def_cfa_offset 16
 164              		.loc 1 139 0
 165 0004 FFF7FEFF 		bl	chDbgCheckClassI
ARM GAS  /tmp/ccYquvNv.s 			page 4


 166              		.loc 1 143 0
 167 0008 40F20003 		movw	r3, #:lower16:rlist
 168 000c C0F20003 		movt	r3, #:upper16:rlist
 169 0010 9B69     		ldr	r3, [r3, #24]
 170 0012 93F82330 		ldrb	r3, [r3, #35]	@ zero_extendqisi2
 171 0016 002B     		cmp	r3, #0
 172 0018 0AD0     		beq	.L5
 173              		.loc 1 145 0
 174 001a 40F20003 		movw	r3, #:lower16:rlist
 175 001e C0F20003 		movt	r3, #:upper16:rlist
 176 0022 9B69     		ldr	r3, [r3, #24]
 177 0024 93F82320 		ldrb	r2, [r3, #35]	@ zero_extendqisi2
 178 0028 013A     		subs	r2, r2, #1
 179 002a D2B2     		uxtb	r2, r2
 180 002c 83F82320 		strb	r2, [r3, #35]
 181              	.L5:
 182              		.loc 1 148 0
 183 0030 40F20003 		movw	r3, #:lower16:rlist
 184 0034 C0F20003 		movt	r3, #:upper16:rlist
 185 0038 9B69     		ldr	r3, [r3, #24]
 186 003a 5A6A     		ldr	r2, [r3, #36]
 187 003c 0132     		adds	r2, r2, #1
 188 003e 5A62     		str	r2, [r3, #36]
 189              		.loc 1 150 0
 190 0040 40F20003 		movw	r3, #:lower16:vtlist
 191 0044 C0F20003 		movt	r3, #:upper16:vtlist
 192 0048 DB68     		ldr	r3, [r3, #12]
 193 004a 5A1C     		adds	r2, r3, #1
 194 004c 40F20003 		movw	r3, #:lower16:vtlist
 195 0050 C0F20003 		movt	r3, #:upper16:vtlist
 196 0054 DA60     		str	r2, [r3, #12]
 197 0056 40F20003 		movw	r3, #:lower16:vtlist
 198 005a C0F20003 		movt	r3, #:upper16:vtlist
 199 005e 1A68     		ldr	r2, [r3]
 200 0060 40F20003 		movw	r3, #:lower16:vtlist
 201 0064 C0F20003 		movt	r3, #:upper16:vtlist
 202 0068 9A42     		cmp	r2, r3
 203 006a 35D0     		beq	.L4
 204              	.LBB3:
 205              		.loc 1 150 0 is_stmt 0 discriminator 1
 206 006c 40F20003 		movw	r3, #:lower16:vtlist
 207 0070 C0F20003 		movt	r3, #:upper16:vtlist
 208 0074 1B68     		ldr	r3, [r3]
 209 0076 9A68     		ldr	r2, [r3, #8]
 210 0078 013A     		subs	r2, r2, #1
 211 007a 9A60     		str	r2, [r3, #8]
 212 007c 22E0     		b	.L7
 213              	.L8:
 214              	.LBB4:
 215              		.loc 1 150 0 discriminator 2
 216 007e 019B     		ldr	r3, [sp, #4]
 217 0080 DB68     		ldr	r3, [r3, #12]
 218 0082 0093     		str	r3, [sp]
 219 0084 019B     		ldr	r3, [sp, #4]
 220 0086 0022     		movs	r2, #0
 221 0088 DA60     		str	r2, [r3, #12]
 222 008a 019B     		ldr	r3, [sp, #4]
ARM GAS  /tmp/ccYquvNv.s 			page 5


 223 008c 1A68     		ldr	r2, [r3]
 224 008e 40F20003 		movw	r3, #:lower16:vtlist
 225 0092 C0F20003 		movt	r3, #:upper16:vtlist
 226 0096 5360     		str	r3, [r2, #4]
 227 0098 019B     		ldr	r3, [sp, #4]
 228 009a 1A68     		ldr	r2, [r3]
 229 009c 40F20003 		movw	r3, #:lower16:vtlist
 230 00a0 C0F20003 		movt	r3, #:upper16:vtlist
 231 00a4 1A60     		str	r2, [r3]
 232 00a6 FFF7FEFF 		bl	dbg_check_unlock_from_isr
 233              	.LBB5:
 234 00aa 0023     		movs	r3, #0
 235              	@ 150 "../..//os/kernel/src/chsys.c" 1
 236 00ac 83F31188 		msr     BASEPRI, r3
 237              	@ 0 "" 2
 238              		.thumb
 239              	.LBE5:
 240 00b0 019B     		ldr	r3, [sp, #4]
 241 00b2 1A69     		ldr	r2, [r3, #16]
 242 00b4 009B     		ldr	r3, [sp]
 243 00b6 1046     		mov	r0, r2
 244 00b8 9847     		blx	r3
 245              	.LBB6:
 246 00ba 2023     		movs	r3, #32
 247              	@ 150 "../..//os/kernel/src/chsys.c" 1
 248 00bc 83F31188 		msr     BASEPRI, r3
 249              	@ 0 "" 2
 250              		.thumb
 251              	.LBE6:
 252 00c0 FFF7FEFF 		bl	dbg_check_lock_from_isr
 253              	.L7:
 254              	.LBE4:
 255              		.loc 1 150 0 discriminator 1
 256 00c4 40F20003 		movw	r3, #:lower16:vtlist
 257 00c8 C0F20003 		movt	r3, #:upper16:vtlist
 258 00cc 1B68     		ldr	r3, [r3]
 259 00ce 0193     		str	r3, [sp, #4]
 260 00d0 019B     		ldr	r3, [sp, #4]
 261 00d2 9B68     		ldr	r3, [r3, #8]
 262 00d4 002B     		cmp	r3, #0
 263 00d6 D2D0     		beq	.L8
 264              	.L4:
 265              	.LBE3:
 266              		.loc 1 154 0 is_stmt 1
 267 00d8 03B0     		add	sp, sp, #12
 268              		@ sp needed
 269 00da 5DF804FB 		ldr	pc, [sp], #4
 270              		.cfi_endproc
 271              	.LFE9:
 272              		.size	chSysTimerHandlerI, .-chSysTimerHandlerI
 273 00de 00BF     		.section	.bss.mainthread.4840,"aw",%nobits
 274              		.align	2
 275              		.type	mainthread.4840, %object
 276              		.size	mainthread.4840, 76
 277              	mainthread.4840:
 278 0000 00000000 		.space	76
 278      00000000 
ARM GAS  /tmp/ccYquvNv.s 			page 6


 278      00000000 
 278      00000000 
 278      00000000 
 279              		.text
 280              	.Letext0:
 281              		.file 2 "/usr/arm-none-eabi/include/machine/_default_types.h"
 282              		.file 3 "/usr/arm-none-eabi/include/stdint.h"
 283              		.file 4 "../..//os/ports/GCC/ARMCMx/chtypes.h"
 284              		.file 5 "../..//os/kernel/include/chlists.h"
 285              		.file 6 "../..//os/kernel/include/chthreads.h"
 286              		.file 7 "../..//os/ports/GCC/ARMCMx/chcore_v7m.h"
 287              		.file 8 "../..//os/kernel/include/chvt.h"
 288              		.file 9 "../..//os/kernel/include/chschd.h"
 289              		.file 10 "../..//os/kernel/include/chmtx.h"
 290              		.file 11 "../..//os/kernel/include/chregistry.h"
 291              		.section	.debug_info,"",%progbits
 292              	.Ldebug_info0:
 293 0000 57070000 		.4byte	0x757
 294 0004 0400     		.2byte	0x4
 295 0006 00000000 		.4byte	.Ldebug_abbrev0
 296 000a 04       		.byte	0x4
 297 000b 01       		.uleb128 0x1
 298 000c B4040000 		.4byte	.LASF110
 299 0010 01       		.byte	0x1
 300 0011 88000000 		.4byte	.LASF111
 301 0015 3F020000 		.4byte	.LASF112
 302 0019 00000000 		.4byte	.Ldebug_ranges0+0
 303 001d 00000000 		.4byte	0
 304 0021 00000000 		.4byte	.Ldebug_line0
 305 0025 02       		.uleb128 0x2
 306 0026 04       		.byte	0x4
 307 0027 05       		.byte	0x5
 308 0028 696E7400 		.ascii	"int\000"
 309 002c 03       		.uleb128 0x3
 310 002d 04       		.byte	0x4
 311 002e 07       		.byte	0x7
 312 002f 78010000 		.4byte	.LASF0
 313 0033 03       		.uleb128 0x3
 314 0034 01       		.byte	0x1
 315 0035 06       		.byte	0x6
 316 0036 C7000000 		.4byte	.LASF1
 317 003a 04       		.uleb128 0x4
 318 003b 2B000000 		.4byte	.LASF4
 319 003f 02       		.byte	0x2
 320 0040 1C       		.byte	0x1c
 321 0041 45000000 		.4byte	0x45
 322 0045 03       		.uleb128 0x3
 323 0046 01       		.byte	0x1
 324 0047 08       		.byte	0x8
 325 0048 22030000 		.4byte	.LASF2
 326 004c 03       		.uleb128 0x3
 327 004d 02       		.byte	0x2
 328 004e 05       		.byte	0x5
 329 004f 3A030000 		.4byte	.LASF3
 330 0053 04       		.uleb128 0x4
 331 0054 DC030000 		.4byte	.LASF5
 332 0058 02       		.byte	0x2
ARM GAS  /tmp/ccYquvNv.s 			page 7


 333 0059 26       		.byte	0x26
 334 005a 5E000000 		.4byte	0x5e
 335 005e 03       		.uleb128 0x3
 336 005f 02       		.byte	0x2
 337 0060 07       		.byte	0x7
 338 0061 C7010000 		.4byte	.LASF6
 339 0065 04       		.uleb128 0x4
 340 0066 1E040000 		.4byte	.LASF7
 341 006a 02       		.byte	0x2
 342 006b 37       		.byte	0x37
 343 006c 70000000 		.4byte	0x70
 344 0070 03       		.uleb128 0x3
 345 0071 04       		.byte	0x4
 346 0072 05       		.byte	0x5
 347 0073 0A010000 		.4byte	.LASF8
 348 0077 04       		.uleb128 0x4
 349 0078 47010000 		.4byte	.LASF9
 350 007c 02       		.byte	0x2
 351 007d 38       		.byte	0x38
 352 007e 82000000 		.4byte	0x82
 353 0082 03       		.uleb128 0x3
 354 0083 04       		.byte	0x4
 355 0084 07       		.byte	0x7
 356 0085 8D010000 		.4byte	.LASF10
 357 0089 03       		.uleb128 0x3
 358 008a 08       		.byte	0x8
 359 008b 05       		.byte	0x5
 360 008c B9000000 		.4byte	.LASF11
 361 0090 04       		.uleb128 0x4
 362 0091 E7020000 		.4byte	.LASF12
 363 0095 02       		.byte	0x2
 364 0096 4E       		.byte	0x4e
 365 0097 9B000000 		.4byte	0x9b
 366 009b 03       		.uleb128 0x3
 367 009c 08       		.byte	0x8
 368 009d 07       		.byte	0x7
 369 009e 4F000000 		.4byte	.LASF13
 370 00a2 04       		.uleb128 0x4
 371 00a3 6A040000 		.4byte	.LASF14
 372 00a7 03       		.byte	0x3
 373 00a8 2A       		.byte	0x2a
 374 00a9 3A000000 		.4byte	0x3a
 375 00ad 04       		.uleb128 0x4
 376 00ae 1C010000 		.4byte	.LASF15
 377 00b2 03       		.byte	0x3
 378 00b3 36       		.byte	0x36
 379 00b4 53000000 		.4byte	0x53
 380 00b8 04       		.uleb128 0x4
 381 00b9 1A030000 		.4byte	.LASF16
 382 00bd 03       		.byte	0x3
 383 00be 41       		.byte	0x41
 384 00bf 65000000 		.4byte	0x65
 385 00c3 04       		.uleb128 0x4
 386 00c4 AD030000 		.4byte	.LASF17
 387 00c8 03       		.byte	0x3
 388 00c9 42       		.byte	0x42
 389 00ca 77000000 		.4byte	0x77
ARM GAS  /tmp/ccYquvNv.s 			page 8


 390 00ce 04       		.uleb128 0x4
 391 00cf 22000000 		.4byte	.LASF18
 392 00d3 03       		.byte	0x3
 393 00d4 4E       		.byte	0x4e
 394 00d5 90000000 		.4byte	0x90
 395 00d9 03       		.uleb128 0x3
 396 00da 01       		.byte	0x1
 397 00db 02       		.byte	0x2
 398 00dc 14030000 		.4byte	.LASF19
 399 00e0 04       		.uleb128 0x4
 400 00e1 E8010000 		.4byte	.LASF20
 401 00e5 04       		.byte	0x4
 402 00e6 2C       		.byte	0x2c
 403 00e7 A2000000 		.4byte	0xa2
 404 00eb 04       		.uleb128 0x4
 405 00ec 13010000 		.4byte	.LASF21
 406 00f0 04       		.byte	0x4
 407 00f1 2D       		.byte	0x2d
 408 00f2 A2000000 		.4byte	0xa2
 409 00f6 04       		.uleb128 0x4
 410 00f7 F2020000 		.4byte	.LASF22
 411 00fb 04       		.byte	0x4
 412 00fc 2E       		.byte	0x2e
 413 00fd A2000000 		.4byte	0xa2
 414 0101 04       		.uleb128 0x4
 415 0102 00010000 		.4byte	.LASF23
 416 0106 04       		.byte	0x4
 417 0107 2F       		.byte	0x2f
 418 0108 A2000000 		.4byte	0xa2
 419 010c 04       		.uleb128 0x4
 420 010d 0C030000 		.4byte	.LASF24
 421 0111 04       		.byte	0x4
 422 0112 30       		.byte	0x30
 423 0113 C3000000 		.4byte	0xc3
 424 0117 04       		.uleb128 0x4
 425 0118 DA010000 		.4byte	.LASF25
 426 011c 04       		.byte	0x4
 427 011d 31       		.byte	0x31
 428 011e B8000000 		.4byte	0xb8
 429 0122 04       		.uleb128 0x4
 430 0123 FC010000 		.4byte	.LASF26
 431 0127 04       		.byte	0x4
 432 0128 33       		.byte	0x33
 433 0129 C3000000 		.4byte	0xc3
 434 012d 04       		.uleb128 0x4
 435 012e 09040000 		.4byte	.LASF27
 436 0132 04       		.byte	0x4
 437 0133 35       		.byte	0x35
 438 0134 C3000000 		.4byte	0xc3
 439 0138 04       		.uleb128 0x4
 440 0139 8E030000 		.4byte	.LASF28
 441 013d 05       		.byte	0x5
 442 013e 2A       		.byte	0x2a
 443 013f 43010000 		.4byte	0x143
 444 0143 05       		.uleb128 0x5
 445 0144 8E030000 		.4byte	.LASF28
 446 0148 4C       		.byte	0x4c
ARM GAS  /tmp/ccYquvNv.s 			page 9


 447 0149 06       		.byte	0x6
 448 014a 5E       		.byte	0x5e
 449 014b 4C020000 		.4byte	0x24c
 450 014f 06       		.uleb128 0x6
 451 0150 70030000 		.4byte	.LASF29
 452 0154 06       		.byte	0x6
 453 0155 5F       		.byte	0x5f
 454 0156 6D020000 		.4byte	0x26d
 455 015a 00       		.byte	0
 456 015b 06       		.uleb128 0x6
 457 015c 05030000 		.4byte	.LASF30
 458 0160 06       		.byte	0x6
 459 0161 61       		.byte	0x61
 460 0162 6D020000 		.4byte	0x26d
 461 0166 04       		.byte	0x4
 462 0167 06       		.uleb128 0x6
 463 0168 A5000000 		.4byte	.LASF31
 464 016c 06       		.byte	0x6
 465 016d 63       		.byte	0x63
 466 016e 0C010000 		.4byte	0x10c
 467 0172 08       		.byte	0x8
 468 0173 06       		.uleb128 0x6
 469 0174 AE040000 		.4byte	.LASF32
 470 0178 06       		.byte	0x6
 471 0179 64       		.byte	0x64
 472 017a 32030000 		.4byte	0x332
 473 017e 0C       		.byte	0xc
 474 017f 06       		.uleb128 0x6
 475 0180 2F010000 		.4byte	.LASF33
 476 0184 06       		.byte	0x6
 477 0185 66       		.byte	0x66
 478 0186 6D020000 		.4byte	0x26d
 479 018a 10       		.byte	0x10
 480 018b 06       		.uleb128 0x6
 481 018c A5020000 		.4byte	.LASF34
 482 0190 06       		.byte	0x6
 483 0191 67       		.byte	0x67
 484 0192 6D020000 		.4byte	0x26d
 485 0196 14       		.byte	0x14
 486 0197 06       		.uleb128 0x6
 487 0198 82040000 		.4byte	.LASF35
 488 019c 06       		.byte	0x6
 489 019d 6E       		.byte	0x6e
 490 019e EC040000 		.4byte	0x4ec
 491 01a2 18       		.byte	0x18
 492 01a3 06       		.uleb128 0x6
 493 01a4 6D010000 		.4byte	.LASF36
 494 01a8 06       		.byte	0x6
 495 01a9 74       		.byte	0x74
 496 01aa FE040000 		.4byte	0x4fe
 497 01ae 1C       		.byte	0x1c
 498 01af 06       		.uleb128 0x6
 499 01b0 44030000 		.4byte	.LASF37
 500 01b4 06       		.byte	0x6
 501 01b5 79       		.byte	0x79
 502 01b6 EB000000 		.4byte	0xeb
 503 01ba 20       		.byte	0x20
ARM GAS  /tmp/ccYquvNv.s 			page 10


 504 01bb 06       		.uleb128 0x6
 505 01bc 86030000 		.4byte	.LASF38
 506 01c0 06       		.byte	0x6
 507 01c1 7D       		.byte	0x7d
 508 01c2 E0000000 		.4byte	0xe0
 509 01c6 21       		.byte	0x21
 510 01c7 06       		.uleb128 0x6
 511 01c8 53040000 		.4byte	.LASF39
 512 01cc 06       		.byte	0x6
 513 01cd 82       		.byte	0x82
 514 01ce F6000000 		.4byte	0xf6
 515 01d2 22       		.byte	0x22
 516 01d3 06       		.uleb128 0x6
 517 01d4 4C030000 		.4byte	.LASF40
 518 01d8 06       		.byte	0x6
 519 01d9 88       		.byte	0x88
 520 01da 01010000 		.4byte	0x101
 521 01de 23       		.byte	0x23
 522 01df 06       		.uleb128 0x6
 523 01e0 28040000 		.4byte	.LASF41
 524 01e4 06       		.byte	0x6
 525 01e5 8F       		.byte	0x8f
 526 01e6 09040000 		.4byte	0x409
 527 01ea 24       		.byte	0x24
 528 01eb 07       		.uleb128 0x7
 529 01ec 705F7500 		.ascii	"p_u\000"
 530 01f0 06       		.byte	0x6
 531 01f1 B4       		.byte	0xb4
 532 01f2 B7040000 		.4byte	0x4b7
 533 01f6 28       		.byte	0x28
 534 01f7 06       		.uleb128 0x6
 535 01f8 35020000 		.4byte	.LASF42
 536 01fc 06       		.byte	0x6
 537 01fd B9       		.byte	0xb9
 538 01fe 93020000 		.4byte	0x293
 539 0202 2C       		.byte	0x2c
 540 0203 06       		.uleb128 0x6
 541 0204 36040000 		.4byte	.LASF43
 542 0208 06       		.byte	0x6
 543 0209 BF       		.byte	0xbf
 544 020a 73020000 		.4byte	0x273
 545 020e 30       		.byte	0x30
 546 020f 06       		.uleb128 0x6
 547 0210 15000000 		.4byte	.LASF44
 548 0214 06       		.byte	0x6
 549 0215 C3       		.byte	0xc3
 550 0216 17010000 		.4byte	0x117
 551 021a 38       		.byte	0x38
 552 021b 06       		.uleb128 0x6
 553 021c A2030000 		.4byte	.LASF45
 554 0220 06       		.byte	0x6
 555 0221 C9       		.byte	0xc9
 556 0222 22010000 		.4byte	0x122
 557 0226 3C       		.byte	0x3c
 558 0227 06       		.uleb128 0x6
 559 0228 30030000 		.4byte	.LASF46
 560 022c 06       		.byte	0x6
ARM GAS  /tmp/ccYquvNv.s 			page 11


 561 022d D0       		.byte	0xd0
 562 022e 04050000 		.4byte	0x504
 563 0232 40       		.byte	0x40
 564 0233 06       		.uleb128 0x6
 565 0234 13040000 		.4byte	.LASF47
 566 0238 06       		.byte	0x6
 567 0239 D4       		.byte	0xd4
 568 023a 0C010000 		.4byte	0x10c
 569 023e 44       		.byte	0x44
 570 023f 06       		.uleb128 0x6
 571 0240 F0000000 		.4byte	.LASF48
 572 0244 06       		.byte	0x6
 573 0245 DA       		.byte	0xda
 574 0246 A9020000 		.4byte	0x2a9
 575 024a 48       		.byte	0x48
 576 024b 00       		.byte	0
 577 024c 08       		.uleb128 0x8
 578 024d 08       		.byte	0x8
 579 024e 05       		.byte	0x5
 580 024f 61       		.byte	0x61
 581 0250 6D020000 		.4byte	0x26d
 582 0254 06       		.uleb128 0x6
 583 0255 70030000 		.4byte	.LASF29
 584 0259 05       		.byte	0x5
 585 025a 62       		.byte	0x62
 586 025b 6D020000 		.4byte	0x26d
 587 025f 00       		.byte	0
 588 0260 06       		.uleb128 0x6
 589 0261 05030000 		.4byte	.LASF30
 590 0265 05       		.byte	0x5
 591 0266 64       		.byte	0x64
 592 0267 6D020000 		.4byte	0x26d
 593 026b 04       		.byte	0x4
 594 026c 00       		.byte	0
 595 026d 09       		.uleb128 0x9
 596 026e 04       		.byte	0x4
 597 026f 38010000 		.4byte	0x138
 598 0273 04       		.uleb128 0x4
 599 0274 B3020000 		.4byte	.LASF49
 600 0278 05       		.byte	0x5
 601 0279 66       		.byte	0x66
 602 027a 4C020000 		.4byte	0x24c
 603 027e 08       		.uleb128 0x8
 604 027f 04       		.byte	0x4
 605 0280 05       		.byte	0x5
 606 0281 6B       		.byte	0x6b
 607 0282 93020000 		.4byte	0x293
 608 0286 06       		.uleb128 0x6
 609 0287 70030000 		.4byte	.LASF29
 610 028b 05       		.byte	0x5
 611 028c 6D       		.byte	0x6d
 612 028d 6D020000 		.4byte	0x26d
 613 0291 00       		.byte	0
 614 0292 00       		.byte	0
 615 0293 04       		.uleb128 0x4
 616 0294 F0010000 		.4byte	.LASF50
 617 0298 05       		.byte	0x5
ARM GAS  /tmp/ccYquvNv.s 			page 12


 618 0299 70       		.byte	0x70
 619 029a 7E020000 		.4byte	0x27e
 620 029e 04       		.uleb128 0x4
 621 029f 52010000 		.4byte	.LASF51
 622 02a3 07       		.byte	0x7
 623 02a4 E5       		.byte	0xe5
 624 02a5 A9020000 		.4byte	0x2a9
 625 02a9 0A       		.uleb128 0xa
 626 02aa 04       		.byte	0x4
 627 02ab 04       		.uleb128 0x4
 628 02ac 0E020000 		.4byte	.LASF52
 629 02b0 07       		.byte	0x7
 630 02b1 EB       		.byte	0xeb
 631 02b2 CE000000 		.4byte	0xce
 632 02b6 0B       		.uleb128 0xb
 633 02b7 2F040000 		.4byte	.LASF53
 634 02bb 24       		.byte	0x24
 635 02bc 07       		.byte	0x7
 636 02bd 0C01     		.2byte	0x10c
 637 02bf 32030000 		.4byte	0x332
 638 02c3 0C       		.uleb128 0xc
 639 02c4 723400   		.ascii	"r4\000"
 640 02c7 07       		.byte	0x7
 641 02c8 1F01     		.2byte	0x11f
 642 02ca 9E020000 		.4byte	0x29e
 643 02ce 00       		.byte	0
 644 02cf 0C       		.uleb128 0xc
 645 02d0 723500   		.ascii	"r5\000"
 646 02d3 07       		.byte	0x7
 647 02d4 2001     		.2byte	0x120
 648 02d6 9E020000 		.4byte	0x29e
 649 02da 04       		.byte	0x4
 650 02db 0C       		.uleb128 0xc
 651 02dc 723600   		.ascii	"r6\000"
 652 02df 07       		.byte	0x7
 653 02e0 2101     		.2byte	0x121
 654 02e2 9E020000 		.4byte	0x29e
 655 02e6 08       		.byte	0x8
 656 02e7 0C       		.uleb128 0xc
 657 02e8 723700   		.ascii	"r7\000"
 658 02eb 07       		.byte	0x7
 659 02ec 2201     		.2byte	0x122
 660 02ee 9E020000 		.4byte	0x29e
 661 02f2 0C       		.byte	0xc
 662 02f3 0C       		.uleb128 0xc
 663 02f4 723800   		.ascii	"r8\000"
 664 02f7 07       		.byte	0x7
 665 02f8 2301     		.2byte	0x123
 666 02fa 9E020000 		.4byte	0x29e
 667 02fe 10       		.byte	0x10
 668 02ff 0C       		.uleb128 0xc
 669 0300 723900   		.ascii	"r9\000"
 670 0303 07       		.byte	0x7
 671 0304 2401     		.2byte	0x124
 672 0306 9E020000 		.4byte	0x29e
 673 030a 14       		.byte	0x14
 674 030b 0C       		.uleb128 0xc
ARM GAS  /tmp/ccYquvNv.s 			page 13


 675 030c 72313000 		.ascii	"r10\000"
 676 0310 07       		.byte	0x7
 677 0311 2501     		.2byte	0x125
 678 0313 9E020000 		.4byte	0x29e
 679 0317 18       		.byte	0x18
 680 0318 0C       		.uleb128 0xc
 681 0319 72313100 		.ascii	"r11\000"
 682 031d 07       		.byte	0x7
 683 031e 2601     		.2byte	0x126
 684 0320 9E020000 		.4byte	0x29e
 685 0324 1C       		.byte	0x1c
 686 0325 0C       		.uleb128 0xc
 687 0326 6C7200   		.ascii	"lr\000"
 688 0329 07       		.byte	0x7
 689 032a 2701     		.2byte	0x127
 690 032c 9E020000 		.4byte	0x29e
 691 0330 20       		.byte	0x20
 692 0331 00       		.byte	0
 693 0332 0B       		.uleb128 0xb
 694 0333 BF010000 		.4byte	.LASF54
 695 0337 04       		.byte	0x4
 696 0338 07       		.byte	0x7
 697 0339 3101     		.2byte	0x131
 698 033b 4D030000 		.4byte	0x34d
 699 033f 0C       		.uleb128 0xc
 700 0340 72313300 		.ascii	"r13\000"
 701 0344 07       		.byte	0x7
 702 0345 3201     		.2byte	0x132
 703 0347 4D030000 		.4byte	0x34d
 704 034b 00       		.byte	0
 705 034c 00       		.byte	0
 706 034d 09       		.uleb128 0x9
 707 034e 04       		.byte	0x4
 708 034f B6020000 		.4byte	0x2b6
 709 0353 03       		.uleb128 0x3
 710 0354 04       		.byte	0x4
 711 0355 07       		.byte	0x7
 712 0356 72040000 		.4byte	.LASF55
 713 035a 04       		.uleb128 0x4
 714 035b A8010000 		.4byte	.LASF56
 715 035f 08       		.byte	0x8
 716 0360 58       		.byte	0x58
 717 0361 65030000 		.4byte	0x365
 718 0365 09       		.uleb128 0x9
 719 0366 04       		.byte	0x4
 720 0367 6B030000 		.4byte	0x36b
 721 036b 0D       		.uleb128 0xd
 722 036c 76030000 		.4byte	0x376
 723 0370 0E       		.uleb128 0xe
 724 0371 A9020000 		.4byte	0x2a9
 725 0375 00       		.byte	0
 726 0376 04       		.uleb128 0x4
 727 0377 CA030000 		.4byte	.LASF57
 728 037b 08       		.byte	0x8
 729 037c 5D       		.byte	0x5d
 730 037d 81030000 		.4byte	0x381
 731 0381 05       		.uleb128 0x5
ARM GAS  /tmp/ccYquvNv.s 			page 14


 732 0382 CA030000 		.4byte	.LASF57
 733 0386 14       		.byte	0x14
 734 0387 08       		.byte	0x8
 735 0388 64       		.byte	0x64
 736 0389 CA030000 		.4byte	0x3ca
 737 038d 06       		.uleb128 0x6
 738 038e 85010000 		.4byte	.LASF58
 739 0392 08       		.byte	0x8
 740 0393 65       		.byte	0x65
 741 0394 CA030000 		.4byte	0x3ca
 742 0398 00       		.byte	0
 743 0399 06       		.uleb128 0x6
 744 039a 5B010000 		.4byte	.LASF59
 745 039e 08       		.byte	0x8
 746 039f 67       		.byte	0x67
 747 03a0 CA030000 		.4byte	0x3ca
 748 03a4 04       		.byte	0x4
 749 03a5 06       		.uleb128 0x6
 750 03a6 2D020000 		.4byte	.LASF60
 751 03aa 08       		.byte	0x8
 752 03ab 69       		.byte	0x69
 753 03ac 2D010000 		.4byte	0x12d
 754 03b0 08       		.byte	0x8
 755 03b1 06       		.uleb128 0x6
 756 03b2 85020000 		.4byte	.LASF61
 757 03b6 08       		.byte	0x8
 758 03b7 6A       		.byte	0x6a
 759 03b8 5A030000 		.4byte	0x35a
 760 03bc 0C       		.byte	0xc
 761 03bd 06       		.uleb128 0x6
 762 03be 41040000 		.4byte	.LASF62
 763 03c2 08       		.byte	0x8
 764 03c3 6C       		.byte	0x6c
 765 03c4 A9020000 		.4byte	0x2a9
 766 03c8 10       		.byte	0x10
 767 03c9 00       		.byte	0
 768 03ca 09       		.uleb128 0x9
 769 03cb 04       		.byte	0x4
 770 03cc 76030000 		.4byte	0x376
 771 03d0 08       		.uleb128 0x8
 772 03d1 10       		.byte	0x10
 773 03d2 08       		.byte	0x8
 774 03d3 76       		.byte	0x76
 775 03d4 09040000 		.4byte	0x409
 776 03d8 06       		.uleb128 0x6
 777 03d9 85010000 		.4byte	.LASF58
 778 03dd 08       		.byte	0x8
 779 03de 77       		.byte	0x77
 780 03df CA030000 		.4byte	0x3ca
 781 03e3 00       		.byte	0
 782 03e4 06       		.uleb128 0x6
 783 03e5 5B010000 		.4byte	.LASF59
 784 03e9 08       		.byte	0x8
 785 03ea 79       		.byte	0x79
 786 03eb CA030000 		.4byte	0x3ca
 787 03ef 04       		.byte	0x4
 788 03f0 06       		.uleb128 0x6
ARM GAS  /tmp/ccYquvNv.s 			page 15


 789 03f1 2D020000 		.4byte	.LASF60
 790 03f5 08       		.byte	0x8
 791 03f6 7B       		.byte	0x7b
 792 03f7 2D010000 		.4byte	0x12d
 793 03fb 08       		.byte	0x8
 794 03fc 06       		.uleb128 0x6
 795 03fd 89040000 		.4byte	.LASF63
 796 0401 08       		.byte	0x8
 797 0402 7C       		.byte	0x7c
 798 0403 09040000 		.4byte	0x409
 799 0407 0C       		.byte	0xc
 800 0408 00       		.byte	0
 801 0409 0F       		.uleb128 0xf
 802 040a 2D010000 		.4byte	0x12d
 803 040e 04       		.uleb128 0x4
 804 040f 9F040000 		.4byte	.LASF64
 805 0413 08       		.byte	0x8
 806 0414 7D       		.byte	0x7d
 807 0415 D0030000 		.4byte	0x3d0
 808 0419 08       		.uleb128 0x8
 809 041a 1C       		.byte	0x1c
 810 041b 09       		.byte	0x9
 811 041c 5E       		.byte	0x5e
 812 041d 6A040000 		.4byte	0x46a
 813 0421 06       		.uleb128 0x6
 814 0422 C2030000 		.4byte	.LASF65
 815 0426 09       		.byte	0x9
 816 0427 5F       		.byte	0x5f
 817 0428 73020000 		.4byte	0x273
 818 042c 00       		.byte	0
 819 042d 06       		.uleb128 0x6
 820 042e 62030000 		.4byte	.LASF66
 821 0432 09       		.byte	0x9
 822 0433 60       		.byte	0x60
 823 0434 0C010000 		.4byte	0x10c
 824 0438 08       		.byte	0x8
 825 0439 06       		.uleb128 0x6
 826 043a AD020000 		.4byte	.LASF67
 827 043e 09       		.byte	0x9
 828 043f 62       		.byte	0x62
 829 0440 32030000 		.4byte	0x332
 830 0444 0C       		.byte	0xc
 831 0445 06       		.uleb128 0x6
 832 0446 E0010000 		.4byte	.LASF68
 833 044a 09       		.byte	0x9
 834 044b 65       		.byte	0x65
 835 044c 6D020000 		.4byte	0x26d
 836 0450 10       		.byte	0x10
 837 0451 06       		.uleb128 0x6
 838 0452 D2020000 		.4byte	.LASF69
 839 0456 09       		.byte	0x9
 840 0457 66       		.byte	0x66
 841 0458 6D020000 		.4byte	0x26d
 842 045c 14       		.byte	0x14
 843 045d 06       		.uleb128 0x6
 844 045e C8020000 		.4byte	.LASF70
 845 0462 09       		.byte	0x9
ARM GAS  /tmp/ccYquvNv.s 			page 16


 846 0463 69       		.byte	0x69
 847 0464 6D020000 		.4byte	0x26d
 848 0468 18       		.byte	0x18
 849 0469 00       		.byte	0
 850 046a 04       		.uleb128 0x4
 851 046b 5A040000 		.4byte	.LASF71
 852 046f 09       		.byte	0x9
 853 0470 6B       		.byte	0x6b
 854 0471 19040000 		.4byte	0x419
 855 0475 05       		.uleb128 0x5
 856 0476 08020000 		.4byte	.LASF72
 857 047a 10       		.byte	0x10
 858 047b 0A       		.byte	0xa
 859 047c 2C       		.byte	0x2c
 860 047d A6040000 		.4byte	0x4a6
 861 0481 06       		.uleb128 0x6
 862 0482 F8000000 		.4byte	.LASF73
 863 0486 0A       		.byte	0xa
 864 0487 2D       		.byte	0x2d
 865 0488 73020000 		.4byte	0x273
 866 048c 00       		.byte	0
 867 048d 06       		.uleb128 0x6
 868 048e A6040000 		.4byte	.LASF74
 869 0492 0A       		.byte	0xa
 870 0493 2F       		.byte	0x2f
 871 0494 6D020000 		.4byte	0x26d
 872 0498 08       		.byte	0x8
 873 0499 06       		.uleb128 0x6
 874 049a 02040000 		.4byte	.LASF75
 875 049e 0A       		.byte	0xa
 876 049f 31       		.byte	0x31
 877 04a0 A6040000 		.4byte	0x4a6
 878 04a4 0C       		.byte	0xc
 879 04a5 00       		.byte	0
 880 04a6 09       		.uleb128 0x9
 881 04a7 04       		.byte	0x4
 882 04a8 75040000 		.4byte	0x475
 883 04ac 04       		.uleb128 0x4
 884 04ad 08020000 		.4byte	.LASF72
 885 04b1 0A       		.byte	0xa
 886 04b2 33       		.byte	0x33
 887 04b3 75040000 		.4byte	0x475
 888 04b7 10       		.uleb128 0x10
 889 04b8 04       		.byte	0x4
 890 04b9 06       		.byte	0x6
 891 04ba 96       		.byte	0x96
 892 04bb EC040000 		.4byte	0x4ec
 893 04bf 11       		.uleb128 0x11
 894 04c0 1B000000 		.4byte	.LASF76
 895 04c4 06       		.byte	0x6
 896 04c5 9D       		.byte	0x9d
 897 04c6 17010000 		.4byte	0x117
 898 04ca 11       		.uleb128 0x11
 899 04cb 74000000 		.4byte	.LASF77
 900 04cf 06       		.byte	0x6
 901 04d0 A4       		.byte	0xa4
 902 04d1 17010000 		.4byte	0x117
ARM GAS  /tmp/ccYquvNv.s 			page 17


 903 04d5 11       		.uleb128 0x11
 904 04d6 7B040000 		.4byte	.LASF78
 905 04da 06       		.byte	0x6
 906 04db AB       		.byte	0xab
 907 04dc A9020000 		.4byte	0x2a9
 908 04e0 11       		.uleb128 0x11
 909 04e1 69030000 		.4byte	.LASF79
 910 04e5 06       		.byte	0x6
 911 04e6 B2       		.byte	0xb2
 912 04e7 22010000 		.4byte	0x122
 913 04eb 00       		.byte	0
 914 04ec 09       		.uleb128 0x9
 915 04ed 04       		.byte	0x4
 916 04ee F2040000 		.4byte	0x4f2
 917 04f2 12       		.uleb128 0x12
 918 04f3 F7040000 		.4byte	0x4f7
 919 04f7 03       		.uleb128 0x3
 920 04f8 01       		.byte	0x1
 921 04f9 08       		.byte	0x8
 922 04fa D7030000 		.4byte	.LASF80
 923 04fe 09       		.uleb128 0x9
 924 04ff 04       		.byte	0x4
 925 0500 AB020000 		.4byte	0x2ab
 926 0504 09       		.uleb128 0x9
 927 0505 04       		.byte	0x4
 928 0506 AC040000 		.4byte	0x4ac
 929 050a 04       		.uleb128 0x4
 930 050b 00000000 		.4byte	.LASF81
 931 050f 06       		.byte	0x6
 932 0510 E5       		.byte	0xe5
 933 0511 15050000 		.4byte	0x515
 934 0515 09       		.uleb128 0x9
 935 0516 04       		.byte	0x4
 936 0517 1B050000 		.4byte	0x51b
 937 051b 13       		.uleb128 0x13
 938 051c 17010000 		.4byte	0x117
 939 0520 2A050000 		.4byte	0x52a
 940 0524 0E       		.uleb128 0xe
 941 0525 A9020000 		.4byte	0x2a9
 942 0529 00       		.byte	0
 943 052a 08       		.uleb128 0x8
 944 052b 16       		.byte	0x16
 945 052c 0B       		.byte	0xb
 946 052d 2C       		.byte	0x2c
 947 052e 0B060000 		.4byte	0x60b
 948 0532 06       		.uleb128 0x6
 949 0533 B1010000 		.4byte	.LASF82
 950 0537 0B       		.byte	0xb
 951 0538 2D       		.byte	0x2d
 952 0539 0B060000 		.4byte	0x60b
 953 053d 00       		.byte	0
 954 053e 06       		.uleb128 0x6
 955 053f 19020000 		.4byte	.LASF83
 956 0543 0B       		.byte	0xb
 957 0544 2E       		.byte	0x2e
 958 0545 A2000000 		.4byte	0xa2
 959 0549 04       		.byte	0x4
ARM GAS  /tmp/ccYquvNv.s 			page 18


 960 054a 06       		.uleb128 0x6
 961 054b C0020000 		.4byte	.LASF84
 962 054f 0B       		.byte	0xb
 963 0550 2F       		.byte	0x2f
 964 0551 A2000000 		.4byte	0xa2
 965 0555 05       		.byte	0x5
 966 0556 06       		.uleb128 0x6
 967 0557 94040000 		.4byte	.LASF85
 968 055b 0B       		.byte	0xb
 969 055c 30       		.byte	0x30
 970 055d AD000000 		.4byte	0xad
 971 0561 06       		.byte	0x6
 972 0562 06       		.uleb128 0x6
 973 0563 FA020000 		.4byte	.LASF86
 974 0567 0B       		.byte	0xb
 975 0568 31       		.byte	0x31
 976 0569 A2000000 		.4byte	0xa2
 977 056d 08       		.byte	0x8
 978 056e 06       		.uleb128 0x6
 979 056f 8D020000 		.4byte	.LASF87
 980 0573 0B       		.byte	0xb
 981 0574 32       		.byte	0x32
 982 0575 A2000000 		.4byte	0xa2
 983 0579 09       		.byte	0x9
 984 057a 06       		.uleb128 0x6
 985 057b 66000000 		.4byte	.LASF88
 986 057f 0B       		.byte	0xb
 987 0580 33       		.byte	0x33
 988 0581 A2000000 		.4byte	0xa2
 989 0585 0A       		.byte	0xa
 990 0586 06       		.uleb128 0x6
 991 0587 B6030000 		.4byte	.LASF89
 992 058b 0B       		.byte	0xb
 993 058c 34       		.byte	0x34
 994 058d A2000000 		.4byte	0xa2
 995 0591 0B       		.byte	0xb
 996 0592 06       		.uleb128 0x6
 997 0593 48040000 		.4byte	.LASF90
 998 0597 0B       		.byte	0xb
 999 0598 35       		.byte	0x35
 1000 0599 A2000000 		.4byte	0xa2
 1001 059d 0C       		.byte	0xc
 1002 059e 06       		.uleb128 0x6
 1003 059f 95030000 		.4byte	.LASF91
 1004 05a3 0B       		.byte	0xb
 1005 05a4 36       		.byte	0x36
 1006 05a5 A2000000 		.4byte	0xa2
 1007 05a9 0D       		.byte	0xd
 1008 05aa 06       		.uleb128 0x6
 1009 05ab 08000000 		.4byte	.LASF92
 1010 05af 0B       		.byte	0xb
 1011 05b0 37       		.byte	0x37
 1012 05b1 A2000000 		.4byte	0xa2
 1013 05b5 0E       		.byte	0xe
 1014 05b6 06       		.uleb128 0x6
 1015 05b7 99020000 		.4byte	.LASF93
 1016 05bb 0B       		.byte	0xb
ARM GAS  /tmp/ccYquvNv.s 			page 19


 1017 05bc 38       		.byte	0x38
 1018 05bd A2000000 		.4byte	0xa2
 1019 05c1 0F       		.byte	0xf
 1020 05c2 06       		.uleb128 0x6
 1021 05c3 D3000000 		.4byte	.LASF94
 1022 05c7 0B       		.byte	0xb
 1023 05c8 39       		.byte	0x39
 1024 05c9 A2000000 		.4byte	0xa2
 1025 05cd 10       		.byte	0x10
 1026 05ce 06       		.uleb128 0x6
 1027 05cf AC000000 		.4byte	.LASF95
 1028 05d3 0B       		.byte	0xb
 1029 05d4 3B       		.byte	0x3b
 1030 05d5 A2000000 		.4byte	0xa2
 1031 05d9 11       		.byte	0x11
 1032 05da 06       		.uleb128 0x6
 1033 05db E3000000 		.4byte	.LASF96
 1034 05df 0B       		.byte	0xb
 1035 05e0 3C       		.byte	0x3c
 1036 05e1 A2000000 		.4byte	0xa2
 1037 05e5 12       		.byte	0x12
 1038 05e6 06       		.uleb128 0x6
 1039 05e7 21020000 		.4byte	.LASF97
 1040 05eb 0B       		.byte	0xb
 1041 05ec 3D       		.byte	0x3d
 1042 05ed A2000000 		.4byte	0xa2
 1043 05f1 13       		.byte	0x13
 1044 05f2 06       		.uleb128 0x6
 1045 05f3 77030000 		.4byte	.LASF98
 1046 05f7 0B       		.byte	0xb
 1047 05f8 3E       		.byte	0x3e
 1048 05f9 A2000000 		.4byte	0xa2
 1049 05fd 14       		.byte	0x14
 1050 05fe 06       		.uleb128 0x6
 1051 05ff 56030000 		.4byte	.LASF99
 1052 0603 0B       		.byte	0xb
 1053 0604 40       		.byte	0x40
 1054 0605 A2000000 		.4byte	0xa2
 1055 0609 15       		.byte	0x15
 1056 060a 00       		.byte	0
 1057 060b 14       		.uleb128 0x14
 1058 060c F7040000 		.4byte	0x4f7
 1059 0610 1B060000 		.4byte	0x61b
 1060 0614 15       		.uleb128 0x15
 1061 0615 53030000 		.4byte	0x353
 1062 0619 03       		.byte	0x3
 1063 061a 00       		.byte	0
 1064 061b 04       		.uleb128 0x4
 1065 061c 25010000 		.4byte	.LASF100
 1066 0620 0B       		.byte	0xb
 1067 0621 41       		.byte	0x41
 1068 0622 2A050000 		.4byte	0x52a
 1069 0626 16       		.uleb128 0x16
 1070 0627 DA020000 		.4byte	.LASF101
 1071 062b 01       		.byte	0x1
 1072 062c 3D       		.byte	0x3d
 1073 062d 00000000 		.4byte	.LFB7
ARM GAS  /tmp/ccYquvNv.s 			page 20


 1074 0631 1A000000 		.4byte	.LFE7-.LFB7
 1075 0635 01       		.uleb128 0x1
 1076 0636 9C       		.byte	0x9c
 1077 0637 48060000 		.4byte	0x648
 1078 063b 17       		.uleb128 0x17
 1079 063c 7000     		.ascii	"p\000"
 1080 063e 01       		.byte	0x1
 1081 063f 3D       		.byte	0x3d
 1082 0640 A9020000 		.4byte	0x2a9
 1083 0644 02       		.uleb128 0x2
 1084 0645 91       		.byte	0x91
 1085 0646 7C       		.sleb128 -4
 1086 0647 00       		.byte	0
 1087 0648 18       		.uleb128 0x18
 1088 0649 63010000 		.4byte	.LASF102
 1089 064d 01       		.byte	0x1
 1090 064e 54       		.byte	0x54
 1091 064f 00000000 		.4byte	.LFB8
 1092 0653 9C000000 		.4byte	.LFE8-.LFB8
 1093 0657 01       		.uleb128 0x1
 1094 0658 9C       		.byte	0x9c
 1095 0659 91060000 		.4byte	0x691
 1096 065d 19       		.uleb128 0x19
 1097 065e 7D000000 		.4byte	.LASF103
 1098 0662 01       		.byte	0x1
 1099 0663 55       		.byte	0x55
 1100 0664 38010000 		.4byte	0x138
 1101 0668 05       		.uleb128 0x5
 1102 0669 03       		.byte	0x3
 1103 066a 00000000 		.4byte	mainthread.4840
 1104 066e 1A       		.uleb128 0x1a
 1105 066f E7030000 		.4byte	.LASF105
 1106 0673 01       		.byte	0x1
 1107 0674 57       		.byte	0x57
 1108 0675 AB020000 		.4byte	0x2ab
 1109 0679 1B       		.uleb128 0x1b
 1110 067a 5E000000 		.4byte	.LBB2
 1111 067e 08000000 		.4byte	.LBE2-.LBB2
 1112 0682 1C       		.uleb128 0x1c
 1113 0683 746D7000 		.ascii	"tmp\000"
 1114 0687 01       		.byte	0x1
 1115 0688 6F       		.byte	0x6f
 1116 0689 C3000000 		.4byte	0xc3
 1117 068d 01       		.uleb128 0x1
 1118 068e 53       		.byte	0x53
 1119 068f 00       		.byte	0
 1120 0690 00       		.byte	0
 1121 0691 18       		.uleb128 0x18
 1122 0692 3C000000 		.4byte	.LASF104
 1123 0696 01       		.byte	0x1
 1124 0697 89       		.byte	0x89
 1125 0698 00000000 		.4byte	.LFB9
 1126 069c DE000000 		.4byte	.LFE9-.LFB9
 1127 06a0 01       		.uleb128 0x1
 1128 06a1 9C       		.byte	0x9c
 1129 06a2 08070000 		.4byte	0x708
 1130 06a6 1B       		.uleb128 0x1b
ARM GAS  /tmp/ccYquvNv.s 			page 21


 1131 06a7 6C000000 		.4byte	.LBB3
 1132 06ab 6C000000 		.4byte	.LBE3-.LBB3
 1133 06af 1C       		.uleb128 0x1c
 1134 06b0 76747000 		.ascii	"vtp\000"
 1135 06b4 01       		.byte	0x1
 1136 06b5 96       		.byte	0x96
 1137 06b6 CA030000 		.4byte	0x3ca
 1138 06ba 02       		.uleb128 0x2
 1139 06bb 91       		.byte	0x91
 1140 06bc 74       		.sleb128 -12
 1141 06bd 1B       		.uleb128 0x1b
 1142 06be 7E000000 		.4byte	.LBB4
 1143 06c2 46000000 		.4byte	.LBE4-.LBB4
 1144 06c6 1C       		.uleb128 0x1c
 1145 06c7 666E00   		.ascii	"fn\000"
 1146 06ca 01       		.byte	0x1
 1147 06cb 96       		.byte	0x96
 1148 06cc 5A030000 		.4byte	0x35a
 1149 06d0 02       		.uleb128 0x2
 1150 06d1 91       		.byte	0x91
 1151 06d2 70       		.sleb128 -16
 1152 06d3 1D       		.uleb128 0x1d
 1153 06d4 AA000000 		.4byte	.LBB5
 1154 06d8 06000000 		.4byte	.LBE5-.LBB5
 1155 06dc EE060000 		.4byte	0x6ee
 1156 06e0 1C       		.uleb128 0x1c
 1157 06e1 746D7000 		.ascii	"tmp\000"
 1158 06e5 01       		.byte	0x1
 1159 06e6 96       		.byte	0x96
 1160 06e7 C3000000 		.4byte	0xc3
 1161 06eb 01       		.uleb128 0x1
 1162 06ec 53       		.byte	0x53
 1163 06ed 00       		.byte	0
 1164 06ee 1B       		.uleb128 0x1b
 1165 06ef BA000000 		.4byte	.LBB6
 1166 06f3 06000000 		.4byte	.LBE6-.LBB6
 1167 06f7 1C       		.uleb128 0x1c
 1168 06f8 746D7000 		.ascii	"tmp\000"
 1169 06fc 01       		.byte	0x1
 1170 06fd 96       		.byte	0x96
 1171 06fe C3000000 		.4byte	0xc3
 1172 0702 01       		.uleb128 0x1
 1173 0703 53       		.byte	0x53
 1174 0704 00       		.byte	0
 1175 0705 00       		.byte	0
 1176 0706 00       		.byte	0
 1177 0707 00       		.byte	0
 1178 0708 1A       		.uleb128 0x1a
 1179 0709 35000000 		.4byte	.LASF106
 1180 070d 08       		.byte	0x8
 1181 070e F5       		.byte	0xf5
 1182 070f 0E040000 		.4byte	0x40e
 1183 0713 1A       		.uleb128 0x1a
 1184 0714 64040000 		.4byte	.LASF107
 1185 0718 09       		.byte	0x9
 1186 0719 6F       		.byte	0x6f
 1187 071a 6A040000 		.4byte	0x46a
ARM GAS  /tmp/ccYquvNv.s 			page 22


 1188 071e 1A       		.uleb128 0x1a
 1189 071f 9F010000 		.4byte	.LASF108
 1190 0723 0B       		.byte	0xb
 1191 0724 7E       		.byte	0x7e
 1192 0725 29070000 		.4byte	0x729
 1193 0729 12       		.uleb128 0x12
 1194 072a 1B060000 		.4byte	0x61b
 1195 072e 14       		.uleb128 0x14
 1196 072f AB020000 		.4byte	0x2ab
 1197 0733 3E070000 		.4byte	0x73e
 1198 0737 15       		.uleb128 0x15
 1199 0738 53030000 		.4byte	0x353
 1200 073c 19       		.byte	0x19
 1201 073d 00       		.byte	0
 1202 073e 1E       		.uleb128 0x1e
 1203 073f 37010000 		.4byte	.LASF109
 1204 0743 01       		.byte	0x1
 1205 0744 31       		.byte	0x31
 1206 0745 2E070000 		.4byte	0x72e
 1207 0749 05       		.uleb128 0x5
 1208 074a 03       		.byte	0x3
 1209 074b 00000000 		.4byte	_idle_thread_wa
 1210 074f 1A       		.uleb128 0x1a
 1211 0750 E7030000 		.4byte	.LASF105
 1212 0754 01       		.byte	0x1
 1213 0755 57       		.byte	0x57
 1214 0756 AB020000 		.4byte	0x2ab
 1215 075a 00       		.byte	0
 1216              		.section	.debug_abbrev,"",%progbits
 1217              	.Ldebug_abbrev0:
 1218 0000 01       		.uleb128 0x1
 1219 0001 11       		.uleb128 0x11
 1220 0002 01       		.byte	0x1
 1221 0003 25       		.uleb128 0x25
 1222 0004 0E       		.uleb128 0xe
 1223 0005 13       		.uleb128 0x13
 1224 0006 0B       		.uleb128 0xb
 1225 0007 03       		.uleb128 0x3
 1226 0008 0E       		.uleb128 0xe
 1227 0009 1B       		.uleb128 0x1b
 1228 000a 0E       		.uleb128 0xe
 1229 000b 55       		.uleb128 0x55
 1230 000c 17       		.uleb128 0x17
 1231 000d 11       		.uleb128 0x11
 1232 000e 01       		.uleb128 0x1
 1233 000f 10       		.uleb128 0x10
 1234 0010 17       		.uleb128 0x17
 1235 0011 00       		.byte	0
 1236 0012 00       		.byte	0
 1237 0013 02       		.uleb128 0x2
 1238 0014 24       		.uleb128 0x24
 1239 0015 00       		.byte	0
 1240 0016 0B       		.uleb128 0xb
 1241 0017 0B       		.uleb128 0xb
 1242 0018 3E       		.uleb128 0x3e
 1243 0019 0B       		.uleb128 0xb
 1244 001a 03       		.uleb128 0x3
ARM GAS  /tmp/ccYquvNv.s 			page 23


 1245 001b 08       		.uleb128 0x8
 1246 001c 00       		.byte	0
 1247 001d 00       		.byte	0
 1248 001e 03       		.uleb128 0x3
 1249 001f 24       		.uleb128 0x24
 1250 0020 00       		.byte	0
 1251 0021 0B       		.uleb128 0xb
 1252 0022 0B       		.uleb128 0xb
 1253 0023 3E       		.uleb128 0x3e
 1254 0024 0B       		.uleb128 0xb
 1255 0025 03       		.uleb128 0x3
 1256 0026 0E       		.uleb128 0xe
 1257 0027 00       		.byte	0
 1258 0028 00       		.byte	0
 1259 0029 04       		.uleb128 0x4
 1260 002a 16       		.uleb128 0x16
 1261 002b 00       		.byte	0
 1262 002c 03       		.uleb128 0x3
 1263 002d 0E       		.uleb128 0xe
 1264 002e 3A       		.uleb128 0x3a
 1265 002f 0B       		.uleb128 0xb
 1266 0030 3B       		.uleb128 0x3b
 1267 0031 0B       		.uleb128 0xb
 1268 0032 49       		.uleb128 0x49
 1269 0033 13       		.uleb128 0x13
 1270 0034 00       		.byte	0
 1271 0035 00       		.byte	0
 1272 0036 05       		.uleb128 0x5
 1273 0037 13       		.uleb128 0x13
 1274 0038 01       		.byte	0x1
 1275 0039 03       		.uleb128 0x3
 1276 003a 0E       		.uleb128 0xe
 1277 003b 0B       		.uleb128 0xb
 1278 003c 0B       		.uleb128 0xb
 1279 003d 3A       		.uleb128 0x3a
 1280 003e 0B       		.uleb128 0xb
 1281 003f 3B       		.uleb128 0x3b
 1282 0040 0B       		.uleb128 0xb
 1283 0041 01       		.uleb128 0x1
 1284 0042 13       		.uleb128 0x13
 1285 0043 00       		.byte	0
 1286 0044 00       		.byte	0
 1287 0045 06       		.uleb128 0x6
 1288 0046 0D       		.uleb128 0xd
 1289 0047 00       		.byte	0
 1290 0048 03       		.uleb128 0x3
 1291 0049 0E       		.uleb128 0xe
 1292 004a 3A       		.uleb128 0x3a
 1293 004b 0B       		.uleb128 0xb
 1294 004c 3B       		.uleb128 0x3b
 1295 004d 0B       		.uleb128 0xb
 1296 004e 49       		.uleb128 0x49
 1297 004f 13       		.uleb128 0x13
 1298 0050 38       		.uleb128 0x38
 1299 0051 0B       		.uleb128 0xb
 1300 0052 00       		.byte	0
 1301 0053 00       		.byte	0
ARM GAS  /tmp/ccYquvNv.s 			page 24


 1302 0054 07       		.uleb128 0x7
 1303 0055 0D       		.uleb128 0xd
 1304 0056 00       		.byte	0
 1305 0057 03       		.uleb128 0x3
 1306 0058 08       		.uleb128 0x8
 1307 0059 3A       		.uleb128 0x3a
 1308 005a 0B       		.uleb128 0xb
 1309 005b 3B       		.uleb128 0x3b
 1310 005c 0B       		.uleb128 0xb
 1311 005d 49       		.uleb128 0x49
 1312 005e 13       		.uleb128 0x13
 1313 005f 38       		.uleb128 0x38
 1314 0060 0B       		.uleb128 0xb
 1315 0061 00       		.byte	0
 1316 0062 00       		.byte	0
 1317 0063 08       		.uleb128 0x8
 1318 0064 13       		.uleb128 0x13
 1319 0065 01       		.byte	0x1
 1320 0066 0B       		.uleb128 0xb
 1321 0067 0B       		.uleb128 0xb
 1322 0068 3A       		.uleb128 0x3a
 1323 0069 0B       		.uleb128 0xb
 1324 006a 3B       		.uleb128 0x3b
 1325 006b 0B       		.uleb128 0xb
 1326 006c 01       		.uleb128 0x1
 1327 006d 13       		.uleb128 0x13
 1328 006e 00       		.byte	0
 1329 006f 00       		.byte	0
 1330 0070 09       		.uleb128 0x9
 1331 0071 0F       		.uleb128 0xf
 1332 0072 00       		.byte	0
 1333 0073 0B       		.uleb128 0xb
 1334 0074 0B       		.uleb128 0xb
 1335 0075 49       		.uleb128 0x49
 1336 0076 13       		.uleb128 0x13
 1337 0077 00       		.byte	0
 1338 0078 00       		.byte	0
 1339 0079 0A       		.uleb128 0xa
 1340 007a 0F       		.uleb128 0xf
 1341 007b 00       		.byte	0
 1342 007c 0B       		.uleb128 0xb
 1343 007d 0B       		.uleb128 0xb
 1344 007e 00       		.byte	0
 1345 007f 00       		.byte	0
 1346 0080 0B       		.uleb128 0xb
 1347 0081 13       		.uleb128 0x13
 1348 0082 01       		.byte	0x1
 1349 0083 03       		.uleb128 0x3
 1350 0084 0E       		.uleb128 0xe
 1351 0085 0B       		.uleb128 0xb
 1352 0086 0B       		.uleb128 0xb
 1353 0087 3A       		.uleb128 0x3a
 1354 0088 0B       		.uleb128 0xb
 1355 0089 3B       		.uleb128 0x3b
 1356 008a 05       		.uleb128 0x5
 1357 008b 01       		.uleb128 0x1
 1358 008c 13       		.uleb128 0x13
ARM GAS  /tmp/ccYquvNv.s 			page 25


 1359 008d 00       		.byte	0
 1360 008e 00       		.byte	0
 1361 008f 0C       		.uleb128 0xc
 1362 0090 0D       		.uleb128 0xd
 1363 0091 00       		.byte	0
 1364 0092 03       		.uleb128 0x3
 1365 0093 08       		.uleb128 0x8
 1366 0094 3A       		.uleb128 0x3a
 1367 0095 0B       		.uleb128 0xb
 1368 0096 3B       		.uleb128 0x3b
 1369 0097 05       		.uleb128 0x5
 1370 0098 49       		.uleb128 0x49
 1371 0099 13       		.uleb128 0x13
 1372 009a 38       		.uleb128 0x38
 1373 009b 0B       		.uleb128 0xb
 1374 009c 00       		.byte	0
 1375 009d 00       		.byte	0
 1376 009e 0D       		.uleb128 0xd
 1377 009f 15       		.uleb128 0x15
 1378 00a0 01       		.byte	0x1
 1379 00a1 27       		.uleb128 0x27
 1380 00a2 19       		.uleb128 0x19
 1381 00a3 01       		.uleb128 0x1
 1382 00a4 13       		.uleb128 0x13
 1383 00a5 00       		.byte	0
 1384 00a6 00       		.byte	0
 1385 00a7 0E       		.uleb128 0xe
 1386 00a8 05       		.uleb128 0x5
 1387 00a9 00       		.byte	0
 1388 00aa 49       		.uleb128 0x49
 1389 00ab 13       		.uleb128 0x13
 1390 00ac 00       		.byte	0
 1391 00ad 00       		.byte	0
 1392 00ae 0F       		.uleb128 0xf
 1393 00af 35       		.uleb128 0x35
 1394 00b0 00       		.byte	0
 1395 00b1 49       		.uleb128 0x49
 1396 00b2 13       		.uleb128 0x13
 1397 00b3 00       		.byte	0
 1398 00b4 00       		.byte	0
 1399 00b5 10       		.uleb128 0x10
 1400 00b6 17       		.uleb128 0x17
 1401 00b7 01       		.byte	0x1
 1402 00b8 0B       		.uleb128 0xb
 1403 00b9 0B       		.uleb128 0xb
 1404 00ba 3A       		.uleb128 0x3a
 1405 00bb 0B       		.uleb128 0xb
 1406 00bc 3B       		.uleb128 0x3b
 1407 00bd 0B       		.uleb128 0xb
 1408 00be 01       		.uleb128 0x1
 1409 00bf 13       		.uleb128 0x13
 1410 00c0 00       		.byte	0
 1411 00c1 00       		.byte	0
 1412 00c2 11       		.uleb128 0x11
 1413 00c3 0D       		.uleb128 0xd
 1414 00c4 00       		.byte	0
 1415 00c5 03       		.uleb128 0x3
ARM GAS  /tmp/ccYquvNv.s 			page 26


 1416 00c6 0E       		.uleb128 0xe
 1417 00c7 3A       		.uleb128 0x3a
 1418 00c8 0B       		.uleb128 0xb
 1419 00c9 3B       		.uleb128 0x3b
 1420 00ca 0B       		.uleb128 0xb
 1421 00cb 49       		.uleb128 0x49
 1422 00cc 13       		.uleb128 0x13
 1423 00cd 00       		.byte	0
 1424 00ce 00       		.byte	0
 1425 00cf 12       		.uleb128 0x12
 1426 00d0 26       		.uleb128 0x26
 1427 00d1 00       		.byte	0
 1428 00d2 49       		.uleb128 0x49
 1429 00d3 13       		.uleb128 0x13
 1430 00d4 00       		.byte	0
 1431 00d5 00       		.byte	0
 1432 00d6 13       		.uleb128 0x13
 1433 00d7 15       		.uleb128 0x15
 1434 00d8 01       		.byte	0x1
 1435 00d9 27       		.uleb128 0x27
 1436 00da 19       		.uleb128 0x19
 1437 00db 49       		.uleb128 0x49
 1438 00dc 13       		.uleb128 0x13
 1439 00dd 01       		.uleb128 0x1
 1440 00de 13       		.uleb128 0x13
 1441 00df 00       		.byte	0
 1442 00e0 00       		.byte	0
 1443 00e1 14       		.uleb128 0x14
 1444 00e2 01       		.uleb128 0x1
 1445 00e3 01       		.byte	0x1
 1446 00e4 49       		.uleb128 0x49
 1447 00e5 13       		.uleb128 0x13
 1448 00e6 01       		.uleb128 0x1
 1449 00e7 13       		.uleb128 0x13
 1450 00e8 00       		.byte	0
 1451 00e9 00       		.byte	0
 1452 00ea 15       		.uleb128 0x15
 1453 00eb 21       		.uleb128 0x21
 1454 00ec 00       		.byte	0
 1455 00ed 49       		.uleb128 0x49
 1456 00ee 13       		.uleb128 0x13
 1457 00ef 2F       		.uleb128 0x2f
 1458 00f0 0B       		.uleb128 0xb
 1459 00f1 00       		.byte	0
 1460 00f2 00       		.byte	0
 1461 00f3 16       		.uleb128 0x16
 1462 00f4 2E       		.uleb128 0x2e
 1463 00f5 01       		.byte	0x1
 1464 00f6 3F       		.uleb128 0x3f
 1465 00f7 19       		.uleb128 0x19
 1466 00f8 03       		.uleb128 0x3
 1467 00f9 0E       		.uleb128 0xe
 1468 00fa 3A       		.uleb128 0x3a
 1469 00fb 0B       		.uleb128 0xb
 1470 00fc 3B       		.uleb128 0x3b
 1471 00fd 0B       		.uleb128 0xb
 1472 00fe 27       		.uleb128 0x27
ARM GAS  /tmp/ccYquvNv.s 			page 27


 1473 00ff 19       		.uleb128 0x19
 1474 0100 11       		.uleb128 0x11
 1475 0101 01       		.uleb128 0x1
 1476 0102 12       		.uleb128 0x12
 1477 0103 06       		.uleb128 0x6
 1478 0104 40       		.uleb128 0x40
 1479 0105 18       		.uleb128 0x18
 1480 0106 9742     		.uleb128 0x2117
 1481 0108 19       		.uleb128 0x19
 1482 0109 01       		.uleb128 0x1
 1483 010a 13       		.uleb128 0x13
 1484 010b 00       		.byte	0
 1485 010c 00       		.byte	0
 1486 010d 17       		.uleb128 0x17
 1487 010e 05       		.uleb128 0x5
 1488 010f 00       		.byte	0
 1489 0110 03       		.uleb128 0x3
 1490 0111 08       		.uleb128 0x8
 1491 0112 3A       		.uleb128 0x3a
 1492 0113 0B       		.uleb128 0xb
 1493 0114 3B       		.uleb128 0x3b
 1494 0115 0B       		.uleb128 0xb
 1495 0116 49       		.uleb128 0x49
 1496 0117 13       		.uleb128 0x13
 1497 0118 02       		.uleb128 0x2
 1498 0119 18       		.uleb128 0x18
 1499 011a 00       		.byte	0
 1500 011b 00       		.byte	0
 1501 011c 18       		.uleb128 0x18
 1502 011d 2E       		.uleb128 0x2e
 1503 011e 01       		.byte	0x1
 1504 011f 3F       		.uleb128 0x3f
 1505 0120 19       		.uleb128 0x19
 1506 0121 03       		.uleb128 0x3
 1507 0122 0E       		.uleb128 0xe
 1508 0123 3A       		.uleb128 0x3a
 1509 0124 0B       		.uleb128 0xb
 1510 0125 3B       		.uleb128 0x3b
 1511 0126 0B       		.uleb128 0xb
 1512 0127 27       		.uleb128 0x27
 1513 0128 19       		.uleb128 0x19
 1514 0129 11       		.uleb128 0x11
 1515 012a 01       		.uleb128 0x1
 1516 012b 12       		.uleb128 0x12
 1517 012c 06       		.uleb128 0x6
 1518 012d 40       		.uleb128 0x40
 1519 012e 18       		.uleb128 0x18
 1520 012f 9642     		.uleb128 0x2116
 1521 0131 19       		.uleb128 0x19
 1522 0132 01       		.uleb128 0x1
 1523 0133 13       		.uleb128 0x13
 1524 0134 00       		.byte	0
 1525 0135 00       		.byte	0
 1526 0136 19       		.uleb128 0x19
 1527 0137 34       		.uleb128 0x34
 1528 0138 00       		.byte	0
 1529 0139 03       		.uleb128 0x3
ARM GAS  /tmp/ccYquvNv.s 			page 28


 1530 013a 0E       		.uleb128 0xe
 1531 013b 3A       		.uleb128 0x3a
 1532 013c 0B       		.uleb128 0xb
 1533 013d 3B       		.uleb128 0x3b
 1534 013e 0B       		.uleb128 0xb
 1535 013f 49       		.uleb128 0x49
 1536 0140 13       		.uleb128 0x13
 1537 0141 02       		.uleb128 0x2
 1538 0142 18       		.uleb128 0x18
 1539 0143 00       		.byte	0
 1540 0144 00       		.byte	0
 1541 0145 1A       		.uleb128 0x1a
 1542 0146 34       		.uleb128 0x34
 1543 0147 00       		.byte	0
 1544 0148 03       		.uleb128 0x3
 1545 0149 0E       		.uleb128 0xe
 1546 014a 3A       		.uleb128 0x3a
 1547 014b 0B       		.uleb128 0xb
 1548 014c 3B       		.uleb128 0x3b
 1549 014d 0B       		.uleb128 0xb
 1550 014e 49       		.uleb128 0x49
 1551 014f 13       		.uleb128 0x13
 1552 0150 3F       		.uleb128 0x3f
 1553 0151 19       		.uleb128 0x19
 1554 0152 3C       		.uleb128 0x3c
 1555 0153 19       		.uleb128 0x19
 1556 0154 00       		.byte	0
 1557 0155 00       		.byte	0
 1558 0156 1B       		.uleb128 0x1b
 1559 0157 0B       		.uleb128 0xb
 1560 0158 01       		.byte	0x1
 1561 0159 11       		.uleb128 0x11
 1562 015a 01       		.uleb128 0x1
 1563 015b 12       		.uleb128 0x12
 1564 015c 06       		.uleb128 0x6
 1565 015d 00       		.byte	0
 1566 015e 00       		.byte	0
 1567 015f 1C       		.uleb128 0x1c
 1568 0160 34       		.uleb128 0x34
 1569 0161 00       		.byte	0
 1570 0162 03       		.uleb128 0x3
 1571 0163 08       		.uleb128 0x8
 1572 0164 3A       		.uleb128 0x3a
 1573 0165 0B       		.uleb128 0xb
 1574 0166 3B       		.uleb128 0x3b
 1575 0167 0B       		.uleb128 0xb
 1576 0168 49       		.uleb128 0x49
 1577 0169 13       		.uleb128 0x13
 1578 016a 02       		.uleb128 0x2
 1579 016b 18       		.uleb128 0x18
 1580 016c 00       		.byte	0
 1581 016d 00       		.byte	0
 1582 016e 1D       		.uleb128 0x1d
 1583 016f 0B       		.uleb128 0xb
 1584 0170 01       		.byte	0x1
 1585 0171 11       		.uleb128 0x11
 1586 0172 01       		.uleb128 0x1
ARM GAS  /tmp/ccYquvNv.s 			page 29


 1587 0173 12       		.uleb128 0x12
 1588 0174 06       		.uleb128 0x6
 1589 0175 01       		.uleb128 0x1
 1590 0176 13       		.uleb128 0x13
 1591 0177 00       		.byte	0
 1592 0178 00       		.byte	0
 1593 0179 1E       		.uleb128 0x1e
 1594 017a 34       		.uleb128 0x34
 1595 017b 00       		.byte	0
 1596 017c 03       		.uleb128 0x3
 1597 017d 0E       		.uleb128 0xe
 1598 017e 3A       		.uleb128 0x3a
 1599 017f 0B       		.uleb128 0xb
 1600 0180 3B       		.uleb128 0x3b
 1601 0181 0B       		.uleb128 0xb
 1602 0182 49       		.uleb128 0x49
 1603 0183 13       		.uleb128 0x13
 1604 0184 3F       		.uleb128 0x3f
 1605 0185 19       		.uleb128 0x19
 1606 0186 02       		.uleb128 0x2
 1607 0187 18       		.uleb128 0x18
 1608 0188 00       		.byte	0
 1609 0189 00       		.byte	0
 1610 018a 00       		.byte	0
 1611              		.section	.debug_aranges,"",%progbits
 1612 0000 2C000000 		.4byte	0x2c
 1613 0004 0200     		.2byte	0x2
 1614 0006 00000000 		.4byte	.Ldebug_info0
 1615 000a 04       		.byte	0x4
 1616 000b 00       		.byte	0
 1617 000c 0000     		.2byte	0
 1618 000e 0000     		.2byte	0
 1619 0010 00000000 		.4byte	.LFB7
 1620 0014 1A000000 		.4byte	.LFE7-.LFB7
 1621 0018 00000000 		.4byte	.LFB8
 1622 001c 9C000000 		.4byte	.LFE8-.LFB8
 1623 0020 00000000 		.4byte	.LFB9
 1624 0024 DE000000 		.4byte	.LFE9-.LFB9
 1625 0028 00000000 		.4byte	0
 1626 002c 00000000 		.4byte	0
 1627              		.section	.debug_ranges,"",%progbits
 1628              	.Ldebug_ranges0:
 1629 0000 00000000 		.4byte	.LFB7
 1630 0004 1A000000 		.4byte	.LFE7
 1631 0008 00000000 		.4byte	.LFB8
 1632 000c 9C000000 		.4byte	.LFE8
 1633 0010 00000000 		.4byte	.LFB9
 1634 0014 DE000000 		.4byte	.LFE9
 1635 0018 00000000 		.4byte	0
 1636 001c 00000000 		.4byte	0
 1637              		.section	.debug_line,"",%progbits
 1638              	.Ldebug_line0:
 1639 0000 91010000 		.section	.debug_str,"MS",%progbits,1
 1639      02002F01 
 1639      00000201 
 1639      FB0E0D00 
 1639      01010101 
ARM GAS  /tmp/ccYquvNv.s 			page 30


 1640              	.LASF81:
 1641 0000 7466756E 		.ascii	"tfunc_t\000"
 1641      635F7400 
 1642              	.LASF92:
 1643 0008 63665F6F 		.ascii	"cf_off_older\000"
 1643      66665F6F 
 1643      6C646572 
 1643      00
 1644              	.LASF44:
 1645 0015 705F6D73 		.ascii	"p_msg\000"
 1645      6700
 1646              	.LASF76:
 1647 001b 7264796D 		.ascii	"rdymsg\000"
 1647      736700
 1648              	.LASF18:
 1649 0022 75696E74 		.ascii	"uint64_t\000"
 1649      36345F74 
 1649      00
 1650              	.LASF4:
 1651 002b 5F5F7569 		.ascii	"__uint8_t\000"
 1651      6E74385F 
 1651      7400
 1652              	.LASF106:
 1653 0035 76746C69 		.ascii	"vtlist\000"
 1653      737400
 1654              	.LASF104:
 1655 003c 63685379 		.ascii	"chSysTimerHandlerI\000"
 1655      7354696D 
 1655      65724861 
 1655      6E646C65 
 1655      724900
 1656              	.LASF13:
 1657 004f 6C6F6E67 		.ascii	"long long unsigned int\000"
 1657      206C6F6E 
 1657      6720756E 
 1657      7369676E 
 1657      65642069 
 1658              	.LASF88:
 1659 0066 63685F74 		.ascii	"ch_threadsize\000"
 1659      68726561 
 1659      6473697A 
 1659      6500
 1660              	.LASF77:
 1661 0074 65786974 		.ascii	"exitcode\000"
 1661      636F6465 
 1661      00
 1662              	.LASF103:
 1663 007d 6D61696E 		.ascii	"mainthread\000"
 1663      74687265 
 1663      616400
 1664              	.LASF111:
 1665 0088 2E2E2F2E 		.ascii	"../..//os/kernel/src/chsys.c\000"
 1665      2E2F2F6F 
 1665      732F6B65 
 1665      726E656C 
 1665      2F737263 
 1666              	.LASF31:
ARM GAS  /tmp/ccYquvNv.s 			page 31


 1667 00a5 705F7072 		.ascii	"p_prio\000"
 1667      696F00
 1668              	.LASF95:
 1669 00ac 63665F6F 		.ascii	"cf_off_state\000"
 1669      66665F73 
 1669      74617465 
 1669      00
 1670              	.LASF11:
 1671 00b9 6C6F6E67 		.ascii	"long long int\000"
 1671      206C6F6E 
 1671      6720696E 
 1671      7400
 1672              	.LASF1:
 1673 00c7 7369676E 		.ascii	"signed char\000"
 1673      65642063 
 1673      68617200 
 1674              	.LASF94:
 1675 00d3 63665F6F 		.ascii	"cf_off_stklimit\000"
 1675      66665F73 
 1675      746B6C69 
 1675      6D697400 
 1676              	.LASF96:
 1677 00e3 63665F6F 		.ascii	"cf_off_flags\000"
 1677      66665F66 
 1677      6C616773 
 1677      00
 1678              	.LASF48:
 1679 00f0 705F6D70 		.ascii	"p_mpool\000"
 1679      6F6F6C00 
 1680              	.LASF73:
 1681 00f8 6D5F7175 		.ascii	"m_queue\000"
 1681      65756500 
 1682              	.LASF23:
 1683 0100 74736C69 		.ascii	"tslices_t\000"
 1683      6365735F 
 1683      7400
 1684              	.LASF8:
 1685 010a 6C6F6E67 		.ascii	"long int\000"
 1685      20696E74 
 1685      00
 1686              	.LASF21:
 1687 0113 74737461 		.ascii	"tstate_t\000"
 1687      74655F74 
 1687      00
 1688              	.LASF15:
 1689 011c 75696E74 		.ascii	"uint16_t\000"
 1689      31365F74 
 1689      00
 1690              	.LASF100:
 1691 0125 63686465 		.ascii	"chdebug_t\000"
 1691      6275675F 
 1691      7400
 1692              	.LASF33:
 1693 012f 705F6E65 		.ascii	"p_newer\000"
 1693      77657200 
 1694              	.LASF109:
 1695 0137 5F69646C 		.ascii	"_idle_thread_wa\000"
ARM GAS  /tmp/ccYquvNv.s 			page 32


 1695      655F7468 
 1695      72656164 
 1695      5F776100 
 1696              	.LASF9:
 1697 0147 5F5F7569 		.ascii	"__uint32_t\000"
 1697      6E743332 
 1697      5F7400
 1698              	.LASF51:
 1699 0152 72656761 		.ascii	"regarm_t\000"
 1699      726D5F74 
 1699      00
 1700              	.LASF59:
 1701 015b 76745F70 		.ascii	"vt_prev\000"
 1701      72657600 
 1702              	.LASF102:
 1703 0163 63685379 		.ascii	"chSysInit\000"
 1703      73496E69 
 1703      7400
 1704              	.LASF36:
 1705 016d 705F7374 		.ascii	"p_stklimit\000"
 1705      6B6C696D 
 1705      697400
 1706              	.LASF0:
 1707 0178 756E7369 		.ascii	"unsigned int\000"
 1707      676E6564 
 1707      20696E74 
 1707      00
 1708              	.LASF58:
 1709 0185 76745F6E 		.ascii	"vt_next\000"
 1709      65787400 
 1710              	.LASF10:
 1711 018d 6C6F6E67 		.ascii	"long unsigned int\000"
 1711      20756E73 
 1711      69676E65 
 1711      6420696E 
 1711      7400
 1712              	.LASF108:
 1713 019f 63685F64 		.ascii	"ch_debug\000"
 1713      65627567 
 1713      00
 1714              	.LASF56:
 1715 01a8 76746675 		.ascii	"vtfunc_t\000"
 1715      6E635F74 
 1715      00
 1716              	.LASF82:
 1717 01b1 63685F69 		.ascii	"ch_identifier\000"
 1717      64656E74 
 1717      69666965 
 1717      7200
 1718              	.LASF54:
 1719 01bf 636F6E74 		.ascii	"context\000"
 1719      65787400 
 1720              	.LASF6:
 1721 01c7 73686F72 		.ascii	"short unsigned int\000"
 1721      7420756E 
 1721      7369676E 
 1721      65642069 
ARM GAS  /tmp/ccYquvNv.s 			page 33


 1721      6E7400
 1722              	.LASF25:
 1723 01da 6D73675F 		.ascii	"msg_t\000"
 1723      7400
 1724              	.LASF68:
 1725 01e0 725F6E65 		.ascii	"r_newer\000"
 1725      77657200 
 1726              	.LASF20:
 1727 01e8 746D6F64 		.ascii	"tmode_t\000"
 1727      655F7400 
 1728              	.LASF50:
 1729 01f0 54687265 		.ascii	"ThreadsList\000"
 1729      6164734C 
 1729      69737400 
 1730              	.LASF26:
 1731 01fc 6576656E 		.ascii	"eventmask_t\000"
 1731      746D6173 
 1731      6B5F7400 
 1732              	.LASF72:
 1733 0208 4D757465 		.ascii	"Mutex\000"
 1733      7800
 1734              	.LASF52:
 1735 020e 73746B61 		.ascii	"stkalign_t\000"
 1735      6C69676E 
 1735      5F7400
 1736              	.LASF83:
 1737 0219 63685F7A 		.ascii	"ch_zero\000"
 1737      65726F00 
 1738              	.LASF97:
 1739 0221 63665F6F 		.ascii	"cf_off_refs\000"
 1739      66665F72 
 1739      65667300 
 1740              	.LASF60:
 1741 022d 76745F74 		.ascii	"vt_time\000"
 1741      696D6500 
 1742              	.LASF42:
 1743 0235 705F7761 		.ascii	"p_waiting\000"
 1743      6974696E 
 1743      6700
 1744              	.LASF112:
 1745 023f 2F686F6D 		.ascii	"/home/ece497/vbox-shared/mplayer/ChibiOS-RT-stable_"
 1745      652F6563 
 1745      65343937 
 1745      2F76626F 
 1745      782D7368 
 1746 0272 322E362E 		.ascii	"2.6.x/demos/SDCARD\000"
 1746      782F6465 
 1746      6D6F732F 
 1746      53444341 
 1746      524400
 1747              	.LASF61:
 1748 0285 76745F66 		.ascii	"vt_func\000"
 1748      756E6300 
 1749              	.LASF87:
 1750 028d 63685F74 		.ascii	"ch_timesize\000"
 1750      696D6573 
 1750      697A6500 
ARM GAS  /tmp/ccYquvNv.s 			page 34


 1751              	.LASF93:
 1752 0299 63665F6F 		.ascii	"cf_off_name\000"
 1752      66665F6E 
 1752      616D6500 
 1753              	.LASF34:
 1754 02a5 705F6F6C 		.ascii	"p_older\000"
 1754      64657200 
 1755              	.LASF67:
 1756 02ad 725F6374 		.ascii	"r_ctx\000"
 1756      7800
 1757              	.LASF49:
 1758 02b3 54687265 		.ascii	"ThreadsQueue\000"
 1758      61647351 
 1758      75657565 
 1758      00
 1759              	.LASF84:
 1760 02c0 63685F73 		.ascii	"ch_size\000"
 1760      697A6500 
 1761              	.LASF70:
 1762 02c8 725F6375 		.ascii	"r_current\000"
 1762      7272656E 
 1762      7400
 1763              	.LASF69:
 1764 02d2 725F6F6C 		.ascii	"r_older\000"
 1764      64657200 
 1765              	.LASF101:
 1766 02da 5F69646C 		.ascii	"_idle_thread\000"
 1766      655F7468 
 1766      72656164 
 1766      00
 1767              	.LASF12:
 1768 02e7 5F5F7569 		.ascii	"__uint64_t\000"
 1768      6E743634 
 1768      5F7400
 1769              	.LASF22:
 1770 02f2 74726566 		.ascii	"trefs_t\000"
 1770      735F7400 
 1771              	.LASF86:
 1772 02fa 63685F70 		.ascii	"ch_ptrsize\000"
 1772      74727369 
 1772      7A6500
 1773              	.LASF30:
 1774 0305 705F7072 		.ascii	"p_prev\000"
 1774      657600
 1775              	.LASF24:
 1776 030c 74707269 		.ascii	"tprio_t\000"
 1776      6F5F7400 
 1777              	.LASF19:
 1778 0314 5F426F6F 		.ascii	"_Bool\000"
 1778      6C00
 1779              	.LASF16:
 1780 031a 696E7433 		.ascii	"int32_t\000"
 1780      325F7400 
 1781              	.LASF2:
 1782 0322 756E7369 		.ascii	"unsigned char\000"
 1782      676E6564 
 1782      20636861 
ARM GAS  /tmp/ccYquvNv.s 			page 35


 1782      7200
 1783              	.LASF46:
 1784 0330 705F6D74 		.ascii	"p_mtxlist\000"
 1784      786C6973 
 1784      7400
 1785              	.LASF3:
 1786 033a 73686F72 		.ascii	"short int\000"
 1786      7420696E 
 1786      7400
 1787              	.LASF37:
 1788 0344 705F7374 		.ascii	"p_state\000"
 1788      61746500 
 1789              	.LASF40:
 1790 034c 705F7072 		.ascii	"p_preempt\000"
 1790      65656D70 
 1790      7400
 1791              	.LASF99:
 1792 0356 63665F6F 		.ascii	"cf_off_time\000"
 1792      66665F74 
 1792      696D6500 
 1793              	.LASF66:
 1794 0362 725F7072 		.ascii	"r_prio\000"
 1794      696F00
 1795              	.LASF79:
 1796 0369 65776D61 		.ascii	"ewmask\000"
 1796      736B00
 1797              	.LASF29:
 1798 0370 705F6E65 		.ascii	"p_next\000"
 1798      787400
 1799              	.LASF98:
 1800 0377 63665F6F 		.ascii	"cf_off_preempt\000"
 1800      66665F70 
 1800      7265656D 
 1800      707400
 1801              	.LASF38:
 1802 0386 705F666C 		.ascii	"p_flags\000"
 1802      61677300 
 1803              	.LASF28:
 1804 038e 54687265 		.ascii	"Thread\000"
 1804      616400
 1805              	.LASF91:
 1806 0395 63665F6F 		.ascii	"cf_off_newer\000"
 1806      66665F6E 
 1806      65776572 
 1806      00
 1807              	.LASF45:
 1808 03a2 705F6570 		.ascii	"p_epending\000"
 1808      656E6469 
 1808      6E6700
 1809              	.LASF17:
 1810 03ad 75696E74 		.ascii	"uint32_t\000"
 1810      33325F74 
 1810      00
 1811              	.LASF89:
 1812 03b6 63665F6F 		.ascii	"cf_off_prio\000"
 1812      66665F70 
 1812      72696F00 
ARM GAS  /tmp/ccYquvNv.s 			page 36


 1813              	.LASF65:
 1814 03c2 725F7175 		.ascii	"r_queue\000"
 1814      65756500 
 1815              	.LASF57:
 1816 03ca 56697274 		.ascii	"VirtualTimer\000"
 1816      75616C54 
 1816      696D6572 
 1816      00
 1817              	.LASF80:
 1818 03d7 63686172 		.ascii	"char\000"
 1818      00
 1819              	.LASF5:
 1820 03dc 5F5F7569 		.ascii	"__uint16_t\000"
 1820      6E743136 
 1820      5F7400
 1821              	.LASF105:
 1822 03e7 5F5F6D61 		.ascii	"__main_thread_stack_base__\000"
 1822      696E5F74 
 1822      68726561 
 1822      645F7374 
 1822      61636B5F 
 1823              	.LASF75:
 1824 0402 6D5F6E65 		.ascii	"m_next\000"
 1824      787400
 1825              	.LASF27:
 1826 0409 73797374 		.ascii	"systime_t\000"
 1826      696D655F 
 1826      7400
 1827              	.LASF47:
 1828 0413 705F7265 		.ascii	"p_realprio\000"
 1828      616C7072 
 1828      696F00
 1829              	.LASF7:
 1830 041e 5F5F696E 		.ascii	"__int32_t\000"
 1830      7433325F 
 1830      7400
 1831              	.LASF41:
 1832 0428 705F7469 		.ascii	"p_time\000"
 1832      6D6500
 1833              	.LASF53:
 1834 042f 696E7463 		.ascii	"intctx\000"
 1834      747800
 1835              	.LASF43:
 1836 0436 705F6D73 		.ascii	"p_msgqueue\000"
 1836      67717565 
 1836      756500
 1837              	.LASF62:
 1838 0441 76745F70 		.ascii	"vt_par\000"
 1838      617200
 1839              	.LASF90:
 1840 0448 63665F6F 		.ascii	"cf_off_ctx\000"
 1840      66665F63 
 1840      747800
 1841              	.LASF39:
 1842 0453 705F7265 		.ascii	"p_refs\000"
 1842      667300
 1843              	.LASF71:
ARM GAS  /tmp/ccYquvNv.s 			page 37


 1844 045a 52656164 		.ascii	"ReadyList\000"
 1844      794C6973 
 1844      7400
 1845              	.LASF107:
 1846 0464 726C6973 		.ascii	"rlist\000"
 1846      7400
 1847              	.LASF14:
 1848 046a 75696E74 		.ascii	"uint8_t\000"
 1848      385F7400 
 1849              	.LASF55:
 1850 0472 73697A65 		.ascii	"sizetype\000"
 1850      74797065 
 1850      00
 1851              	.LASF78:
 1852 047b 77746F62 		.ascii	"wtobjp\000"
 1852      6A7000
 1853              	.LASF35:
 1854 0482 705F6E61 		.ascii	"p_name\000"
 1854      6D6500
 1855              	.LASF63:
 1856 0489 76745F73 		.ascii	"vt_systime\000"
 1856      79737469 
 1856      6D6500
 1857              	.LASF85:
 1858 0494 63685F76 		.ascii	"ch_version\000"
 1858      65727369 
 1858      6F6E00
 1859              	.LASF64:
 1860 049f 56544C69 		.ascii	"VTList\000"
 1860      737400
 1861              	.LASF74:
 1862 04a6 6D5F6F77 		.ascii	"m_owner\000"
 1862      6E657200 
 1863              	.LASF32:
 1864 04ae 705F6374 		.ascii	"p_ctx\000"
 1864      7800
 1865              	.LASF110:
 1866 04b4 474E5520 		.ascii	"GNU C 4.8.2 -mcpu=cortex-m4 -mno-thumb-interwork -m"
 1866      4320342E 
 1866      382E3220 
 1866      2D6D6370 
 1866      753D636F 
 1867 04e7 7468756D 		.ascii	"thumb -ggdb -O0 -fomit-frame-pointer -falign-functi"
 1867      62202D67 
 1867      67646220 
 1867      2D4F3020 
 1867      2D666F6D 
 1868 051a 6F6E733D 		.ascii	"ons=16 -ffunction-sections -fdata-sections -fno-com"
 1868      3136202D 
 1868      6666756E 
 1868      6374696F 
 1868      6E2D7365 
 1869 054d 6D6F6E00 		.ascii	"mon\000"
 1870              		.ident	"GCC: (Arch Repository) 4.8.2"
ARM GAS  /tmp/ccYquvNv.s 			page 38


DEFINED SYMBOLS
                            *ABS*:0000000000000000 chsys.c
     /tmp/ccYquvNv.s:23     .bss._idle_thread_wa:0000000000000000 _idle_thread_wa
     /tmp/ccYquvNv.s:20     .bss._idle_thread_wa:0000000000000000 $d
     /tmp/ccYquvNv.s:26     .rodata:0000000000000000 $d
     /tmp/ccYquvNv.s:27     .rodata:0000000000000000 .LC0
     /tmp/ccYquvNv.s:30     .text._idle_thread:0000000000000000 $t
     /tmp/ccYquvNv.s:36     .text._idle_thread:0000000000000000 _idle_thread
     /tmp/ccYquvNv.s:61     .text.chSysInit:0000000000000000 $t
     /tmp/ccYquvNv.s:67     .text.chSysInit:0000000000000000 chSysInit
     /tmp/ccYquvNv.s:277    .bss.mainthread.4840:0000000000000000 mainthread.4840
     /tmp/ccYquvNv.s:147    .text.chSysTimerHandlerI:0000000000000000 $t
     /tmp/ccYquvNv.s:153    .text.chSysTimerHandlerI:0000000000000000 chSysTimerHandlerI
     /tmp/ccYquvNv.s:274    .bss.mainthread.4840:0000000000000000 $d
                     .debug_frame:0000000000000010 $d

UNDEFINED SYMBOLS
rlist
_port_init
_scheduler_init
_vt_init
_core_init
_heap_init
_trace_init
_thread_init
__main_thread_stack_base__
dbg_check_enable
ch_debug
chThdCreateStatic
chDbgCheckClassI
vtlist
dbg_check_unlock_from_isr
dbg_check_lock_from_isr
