ARM GAS  /tmp/ccZsKBwT.s 			page 1


   1              		.syntax unified
   2              		.cpu cortex-m4
   3              		.fpu softvfp
   4              		.eabi_attribute 20, 1
   5              		.eabi_attribute 21, 1
   6              		.eabi_attribute 23, 3
   7              		.eabi_attribute 24, 1
   8              		.eabi_attribute 25, 1
   9              		.eabi_attribute 26, 1
  10              		.eabi_attribute 30, 6
  11              		.eabi_attribute 34, 1
  12              		.eabi_attribute 18, 4
  13              		.thumb
  14              		.file	"fatfs_syscall.c"
  15              		.text
  16              	.Ltext0:
  17              		.cfi_sections	.debug_frame
  18              		.section	.text.ff_memalloc,"ax",%progbits
  19              		.align	2
  20              		.p2align 4,,15
  21              		.global	ff_memalloc
  22              		.thumb
  23              		.thumb_func
  24              		.type	ff_memalloc, %function
  25              	ff_memalloc:
  26              	.LFB7:
  27              		.file 1 "../..//os/various/fatfs_bindings/fatfs_syscall.c"
  28              		.loc 1 72 0
  29              		.cfi_startproc
  30              		@ args = 0, pretend = 0, frame = 8
  31              		@ frame_needed = 0, uses_anonymous_args = 0
  32 0000 00B5     		push	{lr}
  33              		.cfi_def_cfa_offset 4
  34              		.cfi_offset 14, -4
  35 0002 83B0     		sub	sp, sp, #12
  36              		.cfi_def_cfa_offset 16
  37 0004 0190     		str	r0, [sp, #4]
  38              		.loc 1 74 0
  39 0006 0020     		movs	r0, #0
  40 0008 0199     		ldr	r1, [sp, #4]
  41 000a FFF7FEFF 		bl	chHeapAlloc
  42 000e 0346     		mov	r3, r0
  43              		.loc 1 75 0
  44 0010 1846     		mov	r0, r3
  45 0012 03B0     		add	sp, sp, #12
  46              		@ sp needed
  47 0014 5DF804FB 		ldr	pc, [sp], #4
  48              		.cfi_endproc
  49              	.LFE7:
  50              		.size	ff_memalloc, .-ff_memalloc
  51 0018 AFF30080 		.section	.text.ff_memfree,"ax",%progbits
  51      AFF30080 
  52              		.align	2
  53              		.p2align 4,,15
  54              		.global	ff_memfree
  55              		.thumb
  56              		.thumb_func
ARM GAS  /tmp/ccZsKBwT.s 			page 2


  57              		.type	ff_memfree, %function
  58              	ff_memfree:
  59              	.LFB8:
  60              		.loc 1 80 0
  61              		.cfi_startproc
  62              		@ args = 0, pretend = 0, frame = 8
  63              		@ frame_needed = 0, uses_anonymous_args = 0
  64 0000 00B5     		push	{lr}
  65              		.cfi_def_cfa_offset 4
  66              		.cfi_offset 14, -4
  67 0002 83B0     		sub	sp, sp, #12
  68              		.cfi_def_cfa_offset 16
  69 0004 0190     		str	r0, [sp, #4]
  70              		.loc 1 82 0
  71 0006 0198     		ldr	r0, [sp, #4]
  72 0008 FFF7FEFF 		bl	chHeapFree
  73              		.loc 1 83 0
  74 000c 03B0     		add	sp, sp, #12
  75              		@ sp needed
  76 000e 5DF804FB 		ldr	pc, [sp], #4
  77              		.cfi_endproc
  78              	.LFE8:
  79              		.size	ff_memfree, .-ff_memfree
  80 0012 00BFAFF3 		.text
  80      0080AFF3 
  80      0080AFF3 
  80      0080
  81              	.Letext0:
  82              		.file 2 "../..//ext/fatfs/src/integer.h"
  83              		.section	.debug_info,"",%progbits
  84              	.Ldebug_info0:
  85 0000 D2000000 		.4byte	0xd2
  86 0004 0400     		.2byte	0x4
  87 0006 00000000 		.4byte	.Ldebug_abbrev0
  88 000a 04       		.byte	0x4
  89 000b 01       		.uleb128 0x1
  90 000c 22000000 		.4byte	.LASF14
  91 0010 01       		.byte	0x1
  92 0011 8F010000 		.4byte	.LASF15
  93 0015 3F010000 		.4byte	.LASF16
  94 0019 00000000 		.4byte	.Ldebug_ranges0+0
  95 001d 00000000 		.4byte	0
  96 0021 00000000 		.4byte	.Ldebug_line0
  97 0025 02       		.uleb128 0x2
  98 0026 04       		.byte	0x4
  99 0027 05       		.byte	0x5
 100 0028 696E7400 		.ascii	"int\000"
 101 002c 03       		.uleb128 0x3
 102 002d 04       		.byte	0x4
 103 002e 07       		.byte	0x7
 104 002f 0E000000 		.4byte	.LASF0
 105 0033 03       		.uleb128 0x3
 106 0034 01       		.byte	0x1
 107 0035 06       		.byte	0x6
 108 0036 2E010000 		.4byte	.LASF1
 109 003a 03       		.uleb128 0x3
 110 003b 01       		.byte	0x1
ARM GAS  /tmp/ccZsKBwT.s 			page 3


 111 003c 08       		.byte	0x8
 112 003d DB000000 		.4byte	.LASF2
 113 0041 03       		.uleb128 0x3
 114 0042 02       		.byte	0x2
 115 0043 05       		.byte	0x5
 116 0044 85010000 		.4byte	.LASF3
 117 0048 03       		.uleb128 0x3
 118 0049 02       		.byte	0x2
 119 004a 07       		.byte	0x7
 120 004b 1B010000 		.4byte	.LASF4
 121 004f 03       		.uleb128 0x3
 122 0050 04       		.byte	0x4
 123 0051 05       		.byte	0x5
 124 0052 EE000000 		.4byte	.LASF5
 125 0056 03       		.uleb128 0x3
 126 0057 04       		.byte	0x4
 127 0058 07       		.byte	0x7
 128 0059 03010000 		.4byte	.LASF6
 129 005d 03       		.uleb128 0x3
 130 005e 08       		.byte	0x8
 131 005f 05       		.byte	0x5
 132 0060 00000000 		.4byte	.LASF7
 133 0064 03       		.uleb128 0x3
 134 0065 08       		.byte	0x8
 135 0066 07       		.byte	0x7
 136 0067 C4000000 		.4byte	.LASF8
 137 006b 03       		.uleb128 0x3
 138 006c 01       		.byte	0x1
 139 006d 02       		.byte	0x2
 140 006e 15010000 		.4byte	.LASF9
 141 0072 04       		.uleb128 0x4
 142 0073 04       		.byte	0x4
 143 0074 03       		.uleb128 0x3
 144 0075 04       		.byte	0x4
 145 0076 07       		.byte	0x7
 146 0077 C0010000 		.4byte	.LASF10
 147 007b 03       		.uleb128 0x3
 148 007c 01       		.byte	0x1
 149 007d 08       		.byte	0x8
 150 007e E9000000 		.4byte	.LASF11
 151 0082 05       		.uleb128 0x5
 152 0083 BF000000 		.4byte	.LASF17
 153 0087 02       		.byte	0x2
 154 0088 11       		.byte	0x11
 155 0089 2C000000 		.4byte	0x2c
 156 008d 06       		.uleb128 0x6
 157 008e F7000000 		.4byte	.LASF18
 158 0092 01       		.byte	0x1
 159 0093 48       		.byte	0x48
 160 0094 72000000 		.4byte	0x72
 161 0098 00000000 		.4byte	.LFB7
 162 009c 18000000 		.4byte	.LFE7-.LFB7
 163 00a0 01       		.uleb128 0x1
 164 00a1 9C       		.byte	0x9c
 165 00a2 B5000000 		.4byte	0xb5
 166 00a6 07       		.uleb128 0x7
 167 00a7 3A010000 		.4byte	.LASF12
ARM GAS  /tmp/ccZsKBwT.s 			page 4


 168 00ab 01       		.byte	0x1
 169 00ac 48       		.byte	0x48
 170 00ad 82000000 		.4byte	0x82
 171 00b1 02       		.uleb128 0x2
 172 00b2 91       		.byte	0x91
 173 00b3 74       		.sleb128 -12
 174 00b4 00       		.byte	0
 175 00b5 08       		.uleb128 0x8
 176 00b6 C9010000 		.4byte	.LASF19
 177 00ba 01       		.byte	0x1
 178 00bb 50       		.byte	0x50
 179 00bc 00000000 		.4byte	.LFB8
 180 00c0 12000000 		.4byte	.LFE8-.LFB8
 181 00c4 01       		.uleb128 0x1
 182 00c5 9C       		.byte	0x9c
 183 00c6 07       		.uleb128 0x7
 184 00c7 1B000000 		.4byte	.LASF13
 185 00cb 01       		.byte	0x1
 186 00cc 50       		.byte	0x50
 187 00cd 72000000 		.4byte	0x72
 188 00d1 02       		.uleb128 0x2
 189 00d2 91       		.byte	0x91
 190 00d3 74       		.sleb128 -12
 191 00d4 00       		.byte	0
 192 00d5 00       		.byte	0
 193              		.section	.debug_abbrev,"",%progbits
 194              	.Ldebug_abbrev0:
 195 0000 01       		.uleb128 0x1
 196 0001 11       		.uleb128 0x11
 197 0002 01       		.byte	0x1
 198 0003 25       		.uleb128 0x25
 199 0004 0E       		.uleb128 0xe
 200 0005 13       		.uleb128 0x13
 201 0006 0B       		.uleb128 0xb
 202 0007 03       		.uleb128 0x3
 203 0008 0E       		.uleb128 0xe
 204 0009 1B       		.uleb128 0x1b
 205 000a 0E       		.uleb128 0xe
 206 000b 55       		.uleb128 0x55
 207 000c 17       		.uleb128 0x17
 208 000d 11       		.uleb128 0x11
 209 000e 01       		.uleb128 0x1
 210 000f 10       		.uleb128 0x10
 211 0010 17       		.uleb128 0x17
 212 0011 00       		.byte	0
 213 0012 00       		.byte	0
 214 0013 02       		.uleb128 0x2
 215 0014 24       		.uleb128 0x24
 216 0015 00       		.byte	0
 217 0016 0B       		.uleb128 0xb
 218 0017 0B       		.uleb128 0xb
 219 0018 3E       		.uleb128 0x3e
 220 0019 0B       		.uleb128 0xb
 221 001a 03       		.uleb128 0x3
 222 001b 08       		.uleb128 0x8
 223 001c 00       		.byte	0
 224 001d 00       		.byte	0
ARM GAS  /tmp/ccZsKBwT.s 			page 5


 225 001e 03       		.uleb128 0x3
 226 001f 24       		.uleb128 0x24
 227 0020 00       		.byte	0
 228 0021 0B       		.uleb128 0xb
 229 0022 0B       		.uleb128 0xb
 230 0023 3E       		.uleb128 0x3e
 231 0024 0B       		.uleb128 0xb
 232 0025 03       		.uleb128 0x3
 233 0026 0E       		.uleb128 0xe
 234 0027 00       		.byte	0
 235 0028 00       		.byte	0
 236 0029 04       		.uleb128 0x4
 237 002a 0F       		.uleb128 0xf
 238 002b 00       		.byte	0
 239 002c 0B       		.uleb128 0xb
 240 002d 0B       		.uleb128 0xb
 241 002e 00       		.byte	0
 242 002f 00       		.byte	0
 243 0030 05       		.uleb128 0x5
 244 0031 16       		.uleb128 0x16
 245 0032 00       		.byte	0
 246 0033 03       		.uleb128 0x3
 247 0034 0E       		.uleb128 0xe
 248 0035 3A       		.uleb128 0x3a
 249 0036 0B       		.uleb128 0xb
 250 0037 3B       		.uleb128 0x3b
 251 0038 0B       		.uleb128 0xb
 252 0039 49       		.uleb128 0x49
 253 003a 13       		.uleb128 0x13
 254 003b 00       		.byte	0
 255 003c 00       		.byte	0
 256 003d 06       		.uleb128 0x6
 257 003e 2E       		.uleb128 0x2e
 258 003f 01       		.byte	0x1
 259 0040 3F       		.uleb128 0x3f
 260 0041 19       		.uleb128 0x19
 261 0042 03       		.uleb128 0x3
 262 0043 0E       		.uleb128 0xe
 263 0044 3A       		.uleb128 0x3a
 264 0045 0B       		.uleb128 0xb
 265 0046 3B       		.uleb128 0x3b
 266 0047 0B       		.uleb128 0xb
 267 0048 27       		.uleb128 0x27
 268 0049 19       		.uleb128 0x19
 269 004a 49       		.uleb128 0x49
 270 004b 13       		.uleb128 0x13
 271 004c 11       		.uleb128 0x11
 272 004d 01       		.uleb128 0x1
 273 004e 12       		.uleb128 0x12
 274 004f 06       		.uleb128 0x6
 275 0050 40       		.uleb128 0x40
 276 0051 18       		.uleb128 0x18
 277 0052 9642     		.uleb128 0x2116
 278 0054 19       		.uleb128 0x19
 279 0055 01       		.uleb128 0x1
 280 0056 13       		.uleb128 0x13
 281 0057 00       		.byte	0
ARM GAS  /tmp/ccZsKBwT.s 			page 6


 282 0058 00       		.byte	0
 283 0059 07       		.uleb128 0x7
 284 005a 05       		.uleb128 0x5
 285 005b 00       		.byte	0
 286 005c 03       		.uleb128 0x3
 287 005d 0E       		.uleb128 0xe
 288 005e 3A       		.uleb128 0x3a
 289 005f 0B       		.uleb128 0xb
 290 0060 3B       		.uleb128 0x3b
 291 0061 0B       		.uleb128 0xb
 292 0062 49       		.uleb128 0x49
 293 0063 13       		.uleb128 0x13
 294 0064 02       		.uleb128 0x2
 295 0065 18       		.uleb128 0x18
 296 0066 00       		.byte	0
 297 0067 00       		.byte	0
 298 0068 08       		.uleb128 0x8
 299 0069 2E       		.uleb128 0x2e
 300 006a 01       		.byte	0x1
 301 006b 3F       		.uleb128 0x3f
 302 006c 19       		.uleb128 0x19
 303 006d 03       		.uleb128 0x3
 304 006e 0E       		.uleb128 0xe
 305 006f 3A       		.uleb128 0x3a
 306 0070 0B       		.uleb128 0xb
 307 0071 3B       		.uleb128 0x3b
 308 0072 0B       		.uleb128 0xb
 309 0073 27       		.uleb128 0x27
 310 0074 19       		.uleb128 0x19
 311 0075 11       		.uleb128 0x11
 312 0076 01       		.uleb128 0x1
 313 0077 12       		.uleb128 0x12
 314 0078 06       		.uleb128 0x6
 315 0079 40       		.uleb128 0x40
 316 007a 18       		.uleb128 0x18
 317 007b 9642     		.uleb128 0x2116
 318 007d 19       		.uleb128 0x19
 319 007e 00       		.byte	0
 320 007f 00       		.byte	0
 321 0080 00       		.byte	0
 322              		.section	.debug_aranges,"",%progbits
 323 0000 24000000 		.4byte	0x24
 324 0004 0200     		.2byte	0x2
 325 0006 00000000 		.4byte	.Ldebug_info0
 326 000a 04       		.byte	0x4
 327 000b 00       		.byte	0
 328 000c 0000     		.2byte	0
 329 000e 0000     		.2byte	0
 330 0010 00000000 		.4byte	.LFB7
 331 0014 18000000 		.4byte	.LFE7-.LFB7
 332 0018 00000000 		.4byte	.LFB8
 333 001c 12000000 		.4byte	.LFE8-.LFB8
 334 0020 00000000 		.4byte	0
 335 0024 00000000 		.4byte	0
 336              		.section	.debug_ranges,"",%progbits
 337              	.Ldebug_ranges0:
 338 0000 00000000 		.4byte	.LFB7
ARM GAS  /tmp/ccZsKBwT.s 			page 7


 339 0004 18000000 		.4byte	.LFE7
 340 0008 00000000 		.4byte	.LFB8
 341 000c 12000000 		.4byte	.LFE8
 342 0010 00000000 		.4byte	0
 343 0014 00000000 		.4byte	0
 344              		.section	.debug_line,"",%progbits
 345              	.Ldebug_line0:
 346 0000 93000000 		.section	.debug_str,"MS",%progbits,1
 346      02006900 
 346      00000201 
 346      FB0E0D00 
 346      01010101 
 347              	.LASF7:
 348 0000 6C6F6E67 		.ascii	"long long int\000"
 348      206C6F6E 
 348      6720696E 
 348      7400
 349              	.LASF0:
 350 000e 756E7369 		.ascii	"unsigned int\000"
 350      676E6564 
 350      20696E74 
 350      00
 351              	.LASF13:
 352 001b 6D626C6F 		.ascii	"mblock\000"
 352      636B00
 353              	.LASF14:
 354 0022 474E5520 		.ascii	"GNU C 4.8.2 -mcpu=cortex-m4 -mno-thumb-interwork -m"
 354      4320342E 
 354      382E3220 
 354      2D6D6370 
 354      753D636F 
 355 0055 7468756D 		.ascii	"thumb -ggdb -O0 -fomit-frame-pointer -falign-functi"
 355      62202D67 
 355      67646220 
 355      2D4F3020 
 355      2D666F6D 
 356 0088 6F6E733D 		.ascii	"ons=16 -ffunction-sections -fdata-sections -fno-com"
 356      3136202D 
 356      6666756E 
 356      6374696F 
 356      6E2D7365 
 357 00bb 6D6F6E00 		.ascii	"mon\000"
 358              	.LASF17:
 359 00bf 55494E54 		.ascii	"UINT\000"
 359      00
 360              	.LASF8:
 361 00c4 6C6F6E67 		.ascii	"long long unsigned int\000"
 361      206C6F6E 
 361      6720756E 
 361      7369676E 
 361      65642069 
 362              	.LASF2:
 363 00db 756E7369 		.ascii	"unsigned char\000"
 363      676E6564 
 363      20636861 
 363      7200
 364              	.LASF11:
ARM GAS  /tmp/ccZsKBwT.s 			page 8


 365 00e9 63686172 		.ascii	"char\000"
 365      00
 366              	.LASF5:
 367 00ee 6C6F6E67 		.ascii	"long int\000"
 367      20696E74 
 367      00
 368              	.LASF18:
 369 00f7 66665F6D 		.ascii	"ff_memalloc\000"
 369      656D616C 
 369      6C6F6300 
 370              	.LASF6:
 371 0103 6C6F6E67 		.ascii	"long unsigned int\000"
 371      20756E73 
 371      69676E65 
 371      6420696E 
 371      7400
 372              	.LASF9:
 373 0115 5F426F6F 		.ascii	"_Bool\000"
 373      6C00
 374              	.LASF4:
 375 011b 73686F72 		.ascii	"short unsigned int\000"
 375      7420756E 
 375      7369676E 
 375      65642069 
 375      6E7400
 376              	.LASF1:
 377 012e 7369676E 		.ascii	"signed char\000"
 377      65642063 
 377      68617200 
 378              	.LASF12:
 379 013a 73697A65 		.ascii	"size\000"
 379      00
 380              	.LASF16:
 381 013f 2F686F6D 		.ascii	"/home/ece497/vbox-shared/mplayer/ChibiOS-RT-stable_"
 381      652F6563 
 381      65343937 
 381      2F76626F 
 381      782D7368 
 382 0172 322E362E 		.ascii	"2.6.x/demos/SDCARD\000"
 382      782F6465 
 382      6D6F732F 
 382      53444341 
 382      524400
 383              	.LASF3:
 384 0185 73686F72 		.ascii	"short int\000"
 384      7420696E 
 384      7400
 385              	.LASF15:
 386 018f 2E2E2F2E 		.ascii	"../..//os/various/fatfs_bindings/fatfs_syscall.c\000"
 386      2E2F2F6F 
 386      732F7661 
 386      72696F75 
 386      732F6661 
 387              	.LASF10:
 388 01c0 73697A65 		.ascii	"sizetype\000"
 388      74797065 
 388      00
ARM GAS  /tmp/ccZsKBwT.s 			page 9


 389              	.LASF19:
 390 01c9 66665F6D 		.ascii	"ff_memfree\000"
 390      656D6672 
 390      656500
 391              		.ident	"GCC: (Arch Repository) 4.8.2"
ARM GAS  /tmp/ccZsKBwT.s 			page 10


DEFINED SYMBOLS
                            *ABS*:0000000000000000 fatfs_syscall.c
     /tmp/ccZsKBwT.s:19     .text.ff_memalloc:0000000000000000 $t
     /tmp/ccZsKBwT.s:25     .text.ff_memalloc:0000000000000000 ff_memalloc
     /tmp/ccZsKBwT.s:52     .text.ff_memfree:0000000000000000 $t
     /tmp/ccZsKBwT.s:58     .text.ff_memfree:0000000000000000 ff_memfree
                     .debug_frame:0000000000000010 $d

UNDEFINED SYMBOLS
chHeapAlloc
chHeapFree
