ARM GAS  /tmp/ccijTRSS.s 			page 1


   1              		.syntax unified
   2              		.cpu cortex-m4
   3              		.fpu softvfp
   4              		.eabi_attribute 20, 1
   5              		.eabi_attribute 21, 1
   6              		.eabi_attribute 23, 3
   7              		.eabi_attribute 24, 1
   8              		.eabi_attribute 25, 1
   9              		.eabi_attribute 26, 1
  10              		.eabi_attribute 30, 6
  11              		.eabi_attribute 34, 1
  12              		.eabi_attribute 18, 4
  13              		.thumb
  14              		.file	"fatfs_diskio.c"
  15              		.text
  16              	.Ltext0:
  17              		.cfi_sections	.debug_frame
  18              		.section	.text.disk_initialize,"ax",%progbits
  19              		.align	2
  20              		.p2align 4,,15
  21              		.global	disk_initialize
  22              		.thumb
  23              		.thumb_func
  24              		.type	disk_initialize, %function
  25              	disk_initialize:
  26              	.LFB118:
  27              		.file 1 "../..//os/various/fatfs_bindings/fatfs_diskio.c"
  28              		.loc 1 44 0
  29              		.cfi_startproc
  30              		@ args = 0, pretend = 0, frame = 16
  31              		@ frame_needed = 0, uses_anonymous_args = 0
  32 0000 00B5     		push	{lr}
  33              		.cfi_def_cfa_offset 4
  34              		.cfi_offset 14, -4
  35 0002 85B0     		sub	sp, sp, #20
  36              		.cfi_def_cfa_offset 24
  37 0004 0346     		mov	r3, r0
  38 0006 8DF80730 		strb	r3, [sp, #7]
  39              		.loc 1 47 0
  40 000a 9DF80730 		ldrb	r3, [sp, #7]	@ zero_extendqisi2
  41 000e 002B     		cmp	r3, #0
  42 0010 21D1     		bne	.L7
  43              		.loc 1 59 0
  44 0012 0023     		movs	r3, #0
  45 0014 8DF80F30 		strb	r3, [sp, #15]
  46              		.loc 1 61 0
  47 0018 40F20003 		movw	r3, #:lower16:SDCD1
  48 001c C0F20003 		movt	r3, #:upper16:SDCD1
  49 0020 1B79     		ldrb	r3, [r3, #4]	@ zero_extendqisi2
  50 0022 052B     		cmp	r3, #5
  51 0024 05D0     		beq	.L4
  52              		.loc 1 62 0
  53 0026 9DF80F30 		ldrb	r3, [sp, #15]
  54 002a 43F00103 		orr	r3, r3, #1
  55 002e 8DF80F30 		strb	r3, [sp, #15]
  56              	.L4:
  57              		.loc 1 63 0
ARM GAS  /tmp/ccijTRSS.s 			page 2


  58 0032 40F20000 		movw	r0, #:lower16:SDCD1
  59 0036 C0F20000 		movt	r0, #:upper16:SDCD1
  60 003a FFF7FEFF 		bl	sdc_lld_is_write_protected
  61 003e 0346     		mov	r3, r0
  62 0040 002B     		cmp	r3, #0
  63 0042 05D0     		beq	.L5
  64              		.loc 1 64 0
  65 0044 9DF80F30 		ldrb	r3, [sp, #15]
  66 0048 43F00403 		orr	r3, r3, #4
  67 004c 8DF80F30 		strb	r3, [sp, #15]
  68              	.L5:
  69              		.loc 1 65 0
  70 0050 9DF80F30 		ldrb	r3, [sp, #15]	@ zero_extendqisi2
  71 0054 00E0     		b	.L6
  72              	.L7:
  73              		.loc 1 68 0
  74 0056 0223     		movs	r3, #2
  75              	.L6:
  76              		.loc 1 69 0
  77 0058 1846     		mov	r0, r3
  78 005a 05B0     		add	sp, sp, #20
  79              		@ sp needed
  80 005c 5DF804FB 		ldr	pc, [sp], #4
  81              		.cfi_endproc
  82              	.LFE118:
  83              		.size	disk_initialize, .-disk_initialize
  84              		.section	.text.disk_status,"ax",%progbits
  85              		.align	2
  86              		.p2align 4,,15
  87              		.global	disk_status
  88              		.thumb
  89              		.thumb_func
  90              		.type	disk_status, %function
  91              	disk_status:
  92              	.LFB119:
  93              		.loc 1 79 0
  94              		.cfi_startproc
  95              		@ args = 0, pretend = 0, frame = 16
  96              		@ frame_needed = 0, uses_anonymous_args = 0
  97 0000 00B5     		push	{lr}
  98              		.cfi_def_cfa_offset 4
  99              		.cfi_offset 14, -4
 100 0002 85B0     		sub	sp, sp, #20
 101              		.cfi_def_cfa_offset 24
 102 0004 0346     		mov	r3, r0
 103 0006 8DF80730 		strb	r3, [sp, #7]
 104              		.loc 1 82 0
 105 000a 9DF80730 		ldrb	r3, [sp, #7]	@ zero_extendqisi2
 106 000e 002B     		cmp	r3, #0
 107 0010 21D1     		bne	.L14
 108              		.loc 1 94 0
 109 0012 0023     		movs	r3, #0
 110 0014 8DF80F30 		strb	r3, [sp, #15]
 111              		.loc 1 96 0
 112 0018 40F20003 		movw	r3, #:lower16:SDCD1
 113 001c C0F20003 		movt	r3, #:upper16:SDCD1
 114 0020 1B79     		ldrb	r3, [r3, #4]	@ zero_extendqisi2
ARM GAS  /tmp/ccijTRSS.s 			page 3


 115 0022 052B     		cmp	r3, #5
 116 0024 05D0     		beq	.L11
 117              		.loc 1 97 0
 118 0026 9DF80F30 		ldrb	r3, [sp, #15]
 119 002a 43F00103 		orr	r3, r3, #1
 120 002e 8DF80F30 		strb	r3, [sp, #15]
 121              	.L11:
 122              		.loc 1 98 0
 123 0032 40F20000 		movw	r0, #:lower16:SDCD1
 124 0036 C0F20000 		movt	r0, #:upper16:SDCD1
 125 003a FFF7FEFF 		bl	sdc_lld_is_write_protected
 126 003e 0346     		mov	r3, r0
 127 0040 002B     		cmp	r3, #0
 128 0042 05D0     		beq	.L12
 129              		.loc 1 99 0
 130 0044 9DF80F30 		ldrb	r3, [sp, #15]
 131 0048 43F00403 		orr	r3, r3, #4
 132 004c 8DF80F30 		strb	r3, [sp, #15]
 133              	.L12:
 134              		.loc 1 100 0
 135 0050 9DF80F30 		ldrb	r3, [sp, #15]	@ zero_extendqisi2
 136 0054 00E0     		b	.L13
 137              	.L14:
 138              		.loc 1 103 0
 139 0056 0223     		movs	r3, #2
 140              	.L13:
 141              		.loc 1 104 0
 142 0058 1846     		mov	r0, r3
 143 005a 05B0     		add	sp, sp, #20
 144              		@ sp needed
 145 005c 5DF804FB 		ldr	pc, [sp], #4
 146              		.cfi_endproc
 147              	.LFE119:
 148              		.size	disk_status, .-disk_status
 149              		.section	.text.disk_read,"ax",%progbits
 150              		.align	2
 151              		.p2align 4,,15
 152              		.global	disk_read
 153              		.thumb
 154              		.thumb_func
 155              		.type	disk_read, %function
 156              	disk_read:
 157              	.LFB120:
 158              		.loc 1 117 0
 159              		.cfi_startproc
 160              		@ args = 0, pretend = 0, frame = 16
 161              		@ frame_needed = 0, uses_anonymous_args = 0
 162 0000 00B5     		push	{lr}
 163              		.cfi_def_cfa_offset 4
 164              		.cfi_offset 14, -4
 165 0002 85B0     		sub	sp, sp, #20
 166              		.cfi_def_cfa_offset 24
 167 0004 0291     		str	r1, [sp, #8]
 168 0006 0192     		str	r2, [sp, #4]
 169 0008 0246     		mov	r2, r0
 170 000a 8DF80F20 		strb	r2, [sp, #15]
 171 000e 8DF80E30 		strb	r3, [sp, #14]
ARM GAS  /tmp/ccijTRSS.s 			page 4


 172              		.loc 1 118 0
 173 0012 9DF80F30 		ldrb	r3, [sp, #15]	@ zero_extendqisi2
 174 0016 002B     		cmp	r3, #0
 175 0018 19D1     		bne	.L21
 176              		.loc 1 136 0
 177 001a 40F20003 		movw	r3, #:lower16:SDCD1
 178 001e C0F20003 		movt	r3, #:upper16:SDCD1
 179 0022 1B79     		ldrb	r3, [r3, #4]	@ zero_extendqisi2
 180 0024 052B     		cmp	r3, #5
 181 0026 01D0     		beq	.L18
 182              		.loc 1 137 0
 183 0028 0323     		movs	r3, #3
 184 002a 11E0     		b	.L19
 185              	.L18:
 186              		.loc 1 138 0
 187 002c 9DF80E30 		ldrb	r3, [sp, #14]	@ zero_extendqisi2
 188 0030 40F20000 		movw	r0, #:lower16:SDCD1
 189 0034 C0F20000 		movt	r0, #:upper16:SDCD1
 190 0038 0199     		ldr	r1, [sp, #4]
 191 003a 029A     		ldr	r2, [sp, #8]
 192 003c FFF7FEFF 		bl	sdcRead
 193 0040 0346     		mov	r3, r0
 194 0042 002B     		cmp	r3, #0
 195 0044 01D0     		beq	.L20
 196              		.loc 1 139 0
 197 0046 0123     		movs	r3, #1
 198 0048 02E0     		b	.L19
 199              	.L20:
 200              		.loc 1 140 0
 201 004a 0023     		movs	r3, #0
 202 004c 00E0     		b	.L19
 203              	.L21:
 204              		.loc 1 143 0
 205 004e 0423     		movs	r3, #4
 206              	.L19:
 207              		.loc 1 144 0
 208 0050 1846     		mov	r0, r3
 209 0052 05B0     		add	sp, sp, #20
 210              		@ sp needed
 211 0054 5DF804FB 		ldr	pc, [sp], #4
 212              		.cfi_endproc
 213              	.LFE120:
 214              		.size	disk_read, .-disk_read
 215 0058 AFF30080 		.section	.text.disk_write,"ax",%progbits
 215      AFF30080 
 216              		.align	2
 217              		.p2align 4,,15
 218              		.global	disk_write
 219              		.thumb
 220              		.thumb_func
 221              		.type	disk_write, %function
 222              	disk_write:
 223              	.LFB121:
 224              		.loc 1 158 0
 225              		.cfi_startproc
 226              		@ args = 0, pretend = 0, frame = 16
 227              		@ frame_needed = 0, uses_anonymous_args = 0
ARM GAS  /tmp/ccijTRSS.s 			page 5


 228 0000 00B5     		push	{lr}
 229              		.cfi_def_cfa_offset 4
 230              		.cfi_offset 14, -4
 231 0002 85B0     		sub	sp, sp, #20
 232              		.cfi_def_cfa_offset 24
 233 0004 0291     		str	r1, [sp, #8]
 234 0006 0192     		str	r2, [sp, #4]
 235 0008 0246     		mov	r2, r0
 236 000a 8DF80F20 		strb	r2, [sp, #15]
 237 000e 8DF80E30 		strb	r3, [sp, #14]
 238              		.loc 1 159 0
 239 0012 9DF80F30 		ldrb	r3, [sp, #15]	@ zero_extendqisi2
 240 0016 002B     		cmp	r3, #0
 241 0018 19D1     		bne	.L28
 242              		.loc 1 179 0
 243 001a 40F20003 		movw	r3, #:lower16:SDCD1
 244 001e C0F20003 		movt	r3, #:upper16:SDCD1
 245 0022 1B79     		ldrb	r3, [r3, #4]	@ zero_extendqisi2
 246 0024 052B     		cmp	r3, #5
 247 0026 01D0     		beq	.L25
 248              		.loc 1 180 0
 249 0028 0323     		movs	r3, #3
 250 002a 11E0     		b	.L26
 251              	.L25:
 252              		.loc 1 181 0
 253 002c 9DF80E30 		ldrb	r3, [sp, #14]	@ zero_extendqisi2
 254 0030 40F20000 		movw	r0, #:lower16:SDCD1
 255 0034 C0F20000 		movt	r0, #:upper16:SDCD1
 256 0038 0199     		ldr	r1, [sp, #4]
 257 003a 029A     		ldr	r2, [sp, #8]
 258 003c FFF7FEFF 		bl	sdcWrite
 259 0040 0346     		mov	r3, r0
 260 0042 002B     		cmp	r3, #0
 261 0044 01D0     		beq	.L27
 262              		.loc 1 182 0
 263 0046 0123     		movs	r3, #1
 264 0048 02E0     		b	.L26
 265              	.L27:
 266              		.loc 1 183 0
 267 004a 0023     		movs	r3, #0
 268 004c 00E0     		b	.L26
 269              	.L28:
 270              		.loc 1 186 0
 271 004e 0423     		movs	r3, #4
 272              	.L26:
 273              		.loc 1 187 0
 274 0050 1846     		mov	r0, r3
 275 0052 05B0     		add	sp, sp, #20
 276              		@ sp needed
 277 0054 5DF804FB 		ldr	pc, [sp], #4
 278              		.cfi_endproc
 279              	.LFE121:
 280              		.size	disk_write, .-disk_write
 281 0058 AFF30080 		.section	.text.disk_ioctl,"ax",%progbits
 281      AFF30080 
 282              		.align	2
 283              		.p2align 4,,15
ARM GAS  /tmp/ccijTRSS.s 			page 6


 284              		.global	disk_ioctl
 285              		.thumb
 286              		.thumb_func
 287              		.type	disk_ioctl, %function
 288              	disk_ioctl:
 289              	.LFB122:
 290              		.loc 1 200 0
 291              		.cfi_startproc
 292              		@ args = 0, pretend = 0, frame = 8
 293              		@ frame_needed = 0, uses_anonymous_args = 0
 294 0000 00B5     		push	{lr}
 295              		.cfi_def_cfa_offset 4
 296              		.cfi_offset 14, -4
 297 0002 83B0     		sub	sp, sp, #12
 298              		.cfi_def_cfa_offset 16
 299 0004 0B46     		mov	r3, r1
 300 0006 0092     		str	r2, [sp]
 301 0008 0246     		mov	r2, r0
 302 000a 8DF80720 		strb	r2, [sp, #7]
 303 000e 8DF80630 		strb	r3, [sp, #6]
 304              		.loc 1 201 0
 305 0012 9DF80730 		ldrb	r3, [sp, #7]	@ zero_extendqisi2
 306 0016 002B     		cmp	r3, #0
 307 0018 38D1     		bne	.L40
 308              		.loc 1 220 0
 309 001a 9DF80630 		ldrb	r3, [sp, #6]	@ zero_extendqisi2
 310 001e 042B     		cmp	r3, #4
 311 0020 32D8     		bhi	.L32
 312 0022 01A2     		adr	r2, .L34
 313 0024 52F823F0 		ldr	pc, [r2, r3, lsl #2]
 314              		.p2align 2
 315              	.L34:
 316 0028 3D000000 		.word	.L33+1
 317 002c 41000000 		.word	.L35+1
 318 0030 53000000 		.word	.L36+1
 319 0034 5F000000 		.word	.L37+1
 320 0038 6B000000 		.word	.L38+1
 321              	.L33:
 322              		.loc 1 222 0
 323 003c 0023     		movs	r3, #0
 324 003e 26E0     		b	.L39
 325              	.L35:
 326              		.loc 1 224 0
 327 0040 40F20003 		movw	r3, #:lower16:SDCD1
 328 0044 C0F20003 		movt	r3, #:upper16:SDCD1
 329 0048 9A6A     		ldr	r2, [r3, #40]
 330 004a 009B     		ldr	r3, [sp]
 331 004c 1A60     		str	r2, [r3]
 332              		.loc 1 225 0
 333 004e 0023     		movs	r3, #0
 334 0050 1DE0     		b	.L39
 335              	.L36:
 336              		.loc 1 227 0
 337 0052 009B     		ldr	r3, [sp]
 338 0054 4FF40072 		mov	r2, #512
 339 0058 1A80     		strh	r2, [r3]	@ movhi
 340              		.loc 1 228 0
ARM GAS  /tmp/ccijTRSS.s 			page 7


 341 005a 0023     		movs	r3, #0
 342 005c 17E0     		b	.L39
 343              	.L37:
 344              		.loc 1 230 0
 345 005e 009B     		ldr	r3, [sp]
 346 0060 4FF48072 		mov	r2, #256
 347 0064 1A60     		str	r2, [r3]
 348              		.loc 1 231 0
 349 0066 0023     		movs	r3, #0
 350 0068 11E0     		b	.L39
 351              	.L38:
 352              		.loc 1 234 0
 353 006a 009B     		ldr	r3, [sp]
 354 006c 1A68     		ldr	r2, [r3]
 355 006e 009B     		ldr	r3, [sp]
 356 0070 0433     		adds	r3, r3, #4
 357 0072 1B68     		ldr	r3, [r3]
 358 0074 40F20000 		movw	r0, #:lower16:SDCD1
 359 0078 C0F20000 		movt	r0, #:upper16:SDCD1
 360 007c 1146     		mov	r1, r2
 361 007e 1A46     		mov	r2, r3
 362 0080 FFF7FEFF 		bl	sdcErase
 363              		.loc 1 235 0
 364 0084 0023     		movs	r3, #0
 365 0086 02E0     		b	.L39
 366              	.L32:
 367              		.loc 1 238 0
 368 0088 0423     		movs	r3, #4
 369 008a 00E0     		b	.L39
 370              	.L40:
 371              		.loc 1 242 0
 372 008c 0423     		movs	r3, #4
 373              	.L39:
 374              		.loc 1 243 0
 375 008e 1846     		mov	r0, r3
 376 0090 03B0     		add	sp, sp, #12
 377              		@ sp needed
 378 0092 5DF804FB 		ldr	pc, [sp], #4
 379              		.cfi_endproc
 380              	.LFE122:
 381              		.size	disk_ioctl, .-disk_ioctl
 382 0096 00BFAFF3 		.section	.text.get_fattime,"ax",%progbits
 382      0080AFF3 
 382      0080
 383              		.align	2
 384              		.p2align 4,,15
 385              		.global	get_fattime
 386              		.thumb
 387              		.thumb_func
 388              		.type	get_fattime, %function
 389              	get_fattime:
 390              	.LFB123:
 391              		.loc 1 245 0
 392              		.cfi_startproc
 393              		@ args = 0, pretend = 0, frame = 0
 394              		@ frame_needed = 0, uses_anonymous_args = 0
 395              		@ link register save eliminated.
ARM GAS  /tmp/ccijTRSS.s 			page 8


 396              		.loc 1 249 0
 397 0000 4FF40413 		mov	r3, #2162688
 398              		.loc 1 251 0
 399 0004 1846     		mov	r0, r3
 400 0006 7047     		bx	lr
 401              		.cfi_endproc
 402              	.LFE123:
 403              		.size	get_fattime, .-get_fattime
 404 0008 AFF30080 		.text
 404      AFF30080 
 405              	.Letext0:
 406              		.file 2 "/usr/arm-none-eabi/include/machine/_default_types.h"
 407              		.file 3 "/usr/arm-none-eabi/include/stdint.h"
 408              		.file 4 "../..//os/ports/GCC/ARMCMx/chtypes.h"
 409              		.file 5 "../..//os/kernel/include/chlists.h"
 410              		.file 6 "../..//os/kernel/include/chthreads.h"
 411              		.file 7 "../..//os/ports/GCC/ARMCMx/chcore_v7m.h"
 412              		.file 8 "../..//os/kernel/include/chmtx.h"
 413              		.file 9 "../..//os/hal/platforms/STM32F4xx/stm32f4xx.h"
 414              		.file 10 "../..//os/hal/platforms/STM32F4xx/stm32_dma.h"
 415              		.file 11 "../..//os/hal/include/io_block.h"
 416              		.file 12 "../..//os/hal/platforms/STM32/sdc_lld.h"
 417              		.file 13 "../..//ext/fatfs/src/integer.h"
 418              		.file 14 "../..//ext/fatfs/src/diskio.h"
 419              		.file 15 "../..//os/ports/common/ARMCMx/CMSIS/include/core_cm4.h"
 420              		.section	.debug_info,"",%progbits
 421              	.Ldebug_info0:
 422 0000 720A0000 		.4byte	0xa72
 423 0004 0400     		.2byte	0x4
 424 0006 00000000 		.4byte	.Ldebug_abbrev0
 425 000a 04       		.byte	0x4
 426 000b 01       		.uleb128 0x1
 427 000c 8F010000 		.4byte	.LASF148
 428 0010 01       		.byte	0x1
 429 0011 80030000 		.4byte	.LASF149
 430 0015 FE030000 		.4byte	.LASF150
 431 0019 00000000 		.4byte	.Ldebug_ranges0+0
 432 001d 00000000 		.4byte	0
 433 0021 00000000 		.4byte	.Ldebug_line0
 434 0025 02       		.uleb128 0x2
 435 0026 04       		.byte	0x4
 436 0027 05       		.byte	0x5
 437 0028 696E7400 		.ascii	"int\000"
 438 002c 03       		.uleb128 0x3
 439 002d 04       		.byte	0x4
 440 002e 07       		.byte	0x7
 441 002f 86020000 		.4byte	.LASF0
 442 0033 03       		.uleb128 0x3
 443 0034 01       		.byte	0x1
 444 0035 06       		.byte	0x6
 445 0036 F6000000 		.4byte	.LASF1
 446 003a 04       		.uleb128 0x4
 447 003b 5D000000 		.4byte	.LASF5
 448 003f 02       		.byte	0x2
 449 0040 1C       		.byte	0x1c
 450 0041 45000000 		.4byte	0x45
 451 0045 03       		.uleb128 0x3
ARM GAS  /tmp/ccijTRSS.s 			page 9


 452 0046 01       		.byte	0x1
 453 0047 08       		.byte	0x8
 454 0048 9D040000 		.4byte	.LASF2
 455 004c 03       		.uleb128 0x3
 456 004d 02       		.byte	0x2
 457 004e 05       		.byte	0x5
 458 004f C5040000 		.4byte	.LASF3
 459 0053 03       		.uleb128 0x3
 460 0054 02       		.byte	0x2
 461 0055 07       		.byte	0x7
 462 0056 C3020000 		.4byte	.LASF4
 463 005a 04       		.uleb128 0x4
 464 005b 22030000 		.4byte	.LASF6
 465 005f 02       		.byte	0x2
 466 0060 37       		.byte	0x37
 467 0061 65000000 		.4byte	0x65
 468 0065 03       		.uleb128 0x3
 469 0066 04       		.byte	0x4
 470 0067 05       		.byte	0x5
 471 0068 45010000 		.4byte	.LASF7
 472 006c 04       		.uleb128 0x4
 473 006d 2C020000 		.4byte	.LASF8
 474 0071 02       		.byte	0x2
 475 0072 38       		.byte	0x38
 476 0073 77000000 		.4byte	0x77
 477 0077 03       		.uleb128 0x3
 478 0078 04       		.byte	0x4
 479 0079 07       		.byte	0x7
 480 007a 50050000 		.4byte	.LASF9
 481 007e 03       		.uleb128 0x3
 482 007f 08       		.byte	0x8
 483 0080 05       		.byte	0x5
 484 0081 E8000000 		.4byte	.LASF10
 485 0085 04       		.uleb128 0x4
 486 0086 F3030000 		.4byte	.LASF11
 487 008a 02       		.byte	0x2
 488 008b 4E       		.byte	0x4e
 489 008c 90000000 		.4byte	0x90
 490 0090 03       		.uleb128 0x3
 491 0091 08       		.byte	0x8
 492 0092 07       		.byte	0x7
 493 0093 87000000 		.4byte	.LASF12
 494 0097 04       		.uleb128 0x4
 495 0098 0B060000 		.4byte	.LASF13
 496 009c 03       		.byte	0x3
 497 009d 2A       		.byte	0x2a
 498 009e 3A000000 		.4byte	0x3a
 499 00a2 04       		.uleb128 0x4
 500 00a3 95040000 		.4byte	.LASF14
 501 00a7 03       		.byte	0x3
 502 00a8 41       		.byte	0x41
 503 00a9 5A000000 		.4byte	0x5a
 504 00ad 04       		.uleb128 0x4
 505 00ae 3F050000 		.4byte	.LASF15
 506 00b2 03       		.byte	0x3
 507 00b3 42       		.byte	0x42
 508 00b4 6C000000 		.4byte	0x6c
ARM GAS  /tmp/ccijTRSS.s 			page 10


 509 00b8 04       		.uleb128 0x4
 510 00b9 47000000 		.4byte	.LASF16
 511 00bd 03       		.byte	0x3
 512 00be 4E       		.byte	0x4e
 513 00bf 85000000 		.4byte	0x85
 514 00c3 04       		.uleb128 0x4
 515 00c4 0F010000 		.4byte	.LASF17
 516 00c8 04       		.byte	0x4
 517 00c9 2B       		.byte	0x2b
 518 00ca CE000000 		.4byte	0xce
 519 00ce 03       		.uleb128 0x3
 520 00cf 01       		.byte	0x1
 521 00d0 02       		.byte	0x2
 522 00d1 8F040000 		.4byte	.LASF18
 523 00d5 04       		.uleb128 0x4
 524 00d6 FB020000 		.4byte	.LASF19
 525 00da 04       		.byte	0x4
 526 00db 2C       		.byte	0x2c
 527 00dc 97000000 		.4byte	0x97
 528 00e0 04       		.uleb128 0x4
 529 00e1 55010000 		.4byte	.LASF20
 530 00e5 04       		.byte	0x4
 531 00e6 2D       		.byte	0x2d
 532 00e7 97000000 		.4byte	0x97
 533 00eb 04       		.uleb128 0x4
 534 00ec 4A040000 		.4byte	.LASF21
 535 00f0 04       		.byte	0x4
 536 00f1 2E       		.byte	0x2e
 537 00f2 97000000 		.4byte	0x97
 538 00f6 04       		.uleb128 0x4
 539 00f7 29010000 		.4byte	.LASF22
 540 00fb 04       		.byte	0x4
 541 00fc 2F       		.byte	0x2f
 542 00fd 97000000 		.4byte	0x97
 543 0101 04       		.uleb128 0x4
 544 0102 80040000 		.4byte	.LASF23
 545 0106 04       		.byte	0x4
 546 0107 30       		.byte	0x30
 547 0108 AD000000 		.4byte	0xad
 548 010c 04       		.uleb128 0x4
 549 010d E1020000 		.4byte	.LASF24
 550 0111 04       		.byte	0x4
 551 0112 31       		.byte	0x31
 552 0113 A2000000 		.4byte	0xa2
 553 0117 04       		.uleb128 0x4
 554 0118 16030000 		.4byte	.LASF25
 555 011c 04       		.byte	0x4
 556 011d 33       		.byte	0x33
 557 011e AD000000 		.4byte	0xad
 558 0122 04       		.uleb128 0x4
 559 0123 8C050000 		.4byte	.LASF26
 560 0127 04       		.byte	0x4
 561 0128 35       		.byte	0x35
 562 0129 AD000000 		.4byte	0xad
 563 012d 04       		.uleb128 0x4
 564 012e 20050000 		.4byte	.LASF27
 565 0132 05       		.byte	0x5
ARM GAS  /tmp/ccijTRSS.s 			page 11


 566 0133 2A       		.byte	0x2a
 567 0134 38010000 		.4byte	0x138
 568 0138 05       		.uleb128 0x5
 569 0139 20050000 		.4byte	.LASF27
 570 013d 4C       		.byte	0x4c
 571 013e 06       		.byte	0x6
 572 013f 5E       		.byte	0x5e
 573 0140 41020000 		.4byte	0x241
 574 0144 06       		.uleb128 0x6
 575 0145 F4040000 		.4byte	.LASF28
 576 0149 06       		.byte	0x6
 577 014a 5F       		.byte	0x5f
 578 014b 62020000 		.4byte	0x262
 579 014f 00       		.byte	0
 580 0150 06       		.uleb128 0x6
 581 0151 66040000 		.4byte	.LASF29
 582 0155 06       		.byte	0x6
 583 0156 61       		.byte	0x61
 584 0157 62020000 		.4byte	0x262
 585 015b 04       		.byte	0x4
 586 015c 06       		.uleb128 0x6
 587 015d DC000000 		.4byte	.LASF30
 588 0161 06       		.byte	0x6
 589 0162 63       		.byte	0x63
 590 0163 01010000 		.4byte	0x101
 591 0167 08       		.byte	0x8
 592 0168 06       		.uleb128 0x6
 593 0169 49060000 		.4byte	.LASF31
 594 016d 06       		.byte	0x6
 595 016e 64       		.byte	0x64
 596 016f 27030000 		.4byte	0x327
 597 0173 0C       		.byte	0xc
 598 0174 06       		.uleb128 0x6
 599 0175 78010000 		.4byte	.LASF32
 600 0179 06       		.byte	0x6
 601 017a 66       		.byte	0x66
 602 017b 62020000 		.4byte	0x262
 603 017f 10       		.byte	0x10
 604 0180 06       		.uleb128 0x6
 605 0181 C2030000 		.4byte	.LASF33
 606 0185 06       		.byte	0x6
 607 0186 67       		.byte	0x67
 608 0187 62020000 		.4byte	0x262
 609 018b 14       		.byte	0x14
 610 018c 06       		.uleb128 0x6
 611 018d F3050000 		.4byte	.LASF34
 612 0191 06       		.byte	0x6
 613 0192 6E       		.byte	0x6e
 614 0193 D0030000 		.4byte	0x3d0
 615 0197 18       		.byte	0x18
 616 0198 06       		.uleb128 0x6
 617 0199 7B020000 		.4byte	.LASF35
 618 019d 06       		.byte	0x6
 619 019e 74       		.byte	0x74
 620 019f E2030000 		.4byte	0x3e2
 621 01a3 1C       		.byte	0x1c
 622 01a4 06       		.uleb128 0x6
ARM GAS  /tmp/ccijTRSS.s 			page 12


 623 01a5 CF040000 		.4byte	.LASF36
 624 01a9 06       		.byte	0x6
 625 01aa 79       		.byte	0x79
 626 01ab E0000000 		.4byte	0xe0
 627 01af 20       		.byte	0x20
 628 01b0 06       		.uleb128 0x6
 629 01b1 73020000 		.4byte	.LASF37
 630 01b5 06       		.byte	0x6
 631 01b6 7D       		.byte	0x7d
 632 01b7 D5000000 		.4byte	0xd5
 633 01bb 21       		.byte	0x21
 634 01bc 06       		.uleb128 0x6
 635 01bd FA050000 		.4byte	.LASF38
 636 01c1 06       		.byte	0x6
 637 01c2 82       		.byte	0x82
 638 01c3 EB000000 		.4byte	0xeb
 639 01c7 22       		.byte	0x22
 640 01c8 06       		.uleb128 0x6
 641 01c9 E3040000 		.4byte	.LASF39
 642 01cd 06       		.byte	0x6
 643 01ce 88       		.byte	0x88
 644 01cf F6000000 		.4byte	0xf6
 645 01d3 23       		.byte	0x23
 646 01d4 06       		.uleb128 0x6
 647 01d5 31000000 		.4byte	.LASF40
 648 01d9 06       		.byte	0x6
 649 01da 8F       		.byte	0x8f
 650 01db 54030000 		.4byte	0x354
 651 01df 24       		.byte	0x24
 652 01e0 07       		.uleb128 0x7
 653 01e1 705F7500 		.ascii	"p_u\000"
 654 01e5 06       		.byte	0x6
 655 01e6 B4       		.byte	0xb4
 656 01e7 9B030000 		.4byte	0x39b
 657 01eb 28       		.byte	0x28
 658 01ec 06       		.uleb128 0x6
 659 01ed 4F060000 		.4byte	.LASF41
 660 01f1 06       		.byte	0x6
 661 01f2 B9       		.byte	0xb9
 662 01f3 88020000 		.4byte	0x288
 663 01f7 2C       		.byte	0x2c
 664 01f8 06       		.uleb128 0x6
 665 01f9 A5020000 		.4byte	.LASF42
 666 01fd 06       		.byte	0x6
 667 01fe BF       		.byte	0xbf
 668 01ff 68020000 		.4byte	0x268
 669 0203 30       		.byte	0x30
 670 0204 06       		.uleb128 0x6
 671 0205 31060000 		.4byte	.LASF43
 672 0209 06       		.byte	0x6
 673 020a C3       		.byte	0xc3
 674 020b 0C010000 		.4byte	0x10c
 675 020f 38       		.byte	0x38
 676 0210 06       		.uleb128 0x6
 677 0211 2F050000 		.4byte	.LASF44
 678 0215 06       		.byte	0x6
 679 0216 C9       		.byte	0xc9
ARM GAS  /tmp/ccijTRSS.s 			page 13


 680 0217 17010000 		.4byte	0x117
 681 021b 3C       		.byte	0x3c
 682 021c 06       		.uleb128 0x6
 683 021d BB040000 		.4byte	.LASF45
 684 0221 06       		.byte	0x6
 685 0222 D0       		.byte	0xd0
 686 0223 E8030000 		.4byte	0x3e8
 687 0227 40       		.byte	0x40
 688 0228 06       		.uleb128 0x6
 689 0229 96050000 		.4byte	.LASF46
 690 022d 06       		.byte	0x6
 691 022e D4       		.byte	0xd4
 692 022f 01010000 		.4byte	0x101
 693 0233 44       		.byte	0x44
 694 0234 06       		.uleb128 0x6
 695 0235 07010000 		.4byte	.LASF47
 696 0239 06       		.byte	0x6
 697 023a DA       		.byte	0xda
 698 023b 9E020000 		.4byte	0x29e
 699 023f 48       		.byte	0x48
 700 0240 00       		.byte	0
 701 0241 08       		.uleb128 0x8
 702 0242 08       		.byte	0x8
 703 0243 05       		.byte	0x5
 704 0244 61       		.byte	0x61
 705 0245 62020000 		.4byte	0x262
 706 0249 06       		.uleb128 0x6
 707 024a F4040000 		.4byte	.LASF28
 708 024e 05       		.byte	0x5
 709 024f 62       		.byte	0x62
 710 0250 62020000 		.4byte	0x262
 711 0254 00       		.byte	0
 712 0255 06       		.uleb128 0x6
 713 0256 66040000 		.4byte	.LASF29
 714 025a 05       		.byte	0x5
 715 025b 64       		.byte	0x64
 716 025c 62020000 		.4byte	0x262
 717 0260 04       		.byte	0x4
 718 0261 00       		.byte	0
 719 0262 09       		.uleb128 0x9
 720 0263 04       		.byte	0x4
 721 0264 2D010000 		.4byte	0x12d
 722 0268 04       		.uleb128 0x4
 723 0269 E0030000 		.4byte	.LASF48
 724 026d 05       		.byte	0x5
 725 026e 66       		.byte	0x66
 726 026f 41020000 		.4byte	0x241
 727 0273 08       		.uleb128 0x8
 728 0274 04       		.byte	0x4
 729 0275 05       		.byte	0x5
 730 0276 6B       		.byte	0x6b
 731 0277 88020000 		.4byte	0x288
 732 027b 06       		.uleb128 0x6
 733 027c F4040000 		.4byte	.LASF28
 734 0280 05       		.byte	0x5
 735 0281 6D       		.byte	0x6d
 736 0282 62020000 		.4byte	0x262
ARM GAS  /tmp/ccijTRSS.s 			page 14


 737 0286 00       		.byte	0
 738 0287 00       		.byte	0
 739 0288 04       		.uleb128 0x4
 740 0289 0A030000 		.4byte	.LASF49
 741 028d 05       		.byte	0x5
 742 028e 70       		.byte	0x70
 743 028f 73020000 		.4byte	0x273
 744 0293 04       		.uleb128 0x4
 745 0294 37020000 		.4byte	.LASF50
 746 0298 07       		.byte	0x7
 747 0299 E5       		.byte	0xe5
 748 029a 9E020000 		.4byte	0x29e
 749 029e 0A       		.uleb128 0xa
 750 029f 04       		.byte	0x4
 751 02a0 04       		.uleb128 0x4
 752 02a1 37030000 		.4byte	.LASF51
 753 02a5 07       		.byte	0x7
 754 02a6 EB       		.byte	0xeb
 755 02a7 B8000000 		.4byte	0xb8
 756 02ab 0B       		.uleb128 0xb
 757 02ac DB050000 		.4byte	.LASF52
 758 02b0 24       		.byte	0x24
 759 02b1 07       		.byte	0x7
 760 02b2 0C01     		.2byte	0x10c
 761 02b4 27030000 		.4byte	0x327
 762 02b8 0C       		.uleb128 0xc
 763 02b9 723400   		.ascii	"r4\000"
 764 02bc 07       		.byte	0x7
 765 02bd 1F01     		.2byte	0x11f
 766 02bf 93020000 		.4byte	0x293
 767 02c3 00       		.byte	0
 768 02c4 0C       		.uleb128 0xc
 769 02c5 723500   		.ascii	"r5\000"
 770 02c8 07       		.byte	0x7
 771 02c9 2001     		.2byte	0x120
 772 02cb 93020000 		.4byte	0x293
 773 02cf 04       		.byte	0x4
 774 02d0 0C       		.uleb128 0xc
 775 02d1 723600   		.ascii	"r6\000"
 776 02d4 07       		.byte	0x7
 777 02d5 2101     		.2byte	0x121
 778 02d7 93020000 		.4byte	0x293
 779 02db 08       		.byte	0x8
 780 02dc 0C       		.uleb128 0xc
 781 02dd 723700   		.ascii	"r7\000"
 782 02e0 07       		.byte	0x7
 783 02e1 2201     		.2byte	0x122
 784 02e3 93020000 		.4byte	0x293
 785 02e7 0C       		.byte	0xc
 786 02e8 0C       		.uleb128 0xc
 787 02e9 723800   		.ascii	"r8\000"
 788 02ec 07       		.byte	0x7
 789 02ed 2301     		.2byte	0x123
 790 02ef 93020000 		.4byte	0x293
 791 02f3 10       		.byte	0x10
 792 02f4 0C       		.uleb128 0xc
 793 02f5 723900   		.ascii	"r9\000"
ARM GAS  /tmp/ccijTRSS.s 			page 15


 794 02f8 07       		.byte	0x7
 795 02f9 2401     		.2byte	0x124
 796 02fb 93020000 		.4byte	0x293
 797 02ff 14       		.byte	0x14
 798 0300 0C       		.uleb128 0xc
 799 0301 72313000 		.ascii	"r10\000"
 800 0305 07       		.byte	0x7
 801 0306 2501     		.2byte	0x125
 802 0308 93020000 		.4byte	0x293
 803 030c 18       		.byte	0x18
 804 030d 0C       		.uleb128 0xc
 805 030e 72313100 		.ascii	"r11\000"
 806 0312 07       		.byte	0x7
 807 0313 2601     		.2byte	0x126
 808 0315 93020000 		.4byte	0x293
 809 0319 1C       		.byte	0x1c
 810 031a 0C       		.uleb128 0xc
 811 031b 6C7200   		.ascii	"lr\000"
 812 031e 07       		.byte	0x7
 813 031f 2701     		.2byte	0x127
 814 0321 93020000 		.4byte	0x293
 815 0325 20       		.byte	0x20
 816 0326 00       		.byte	0
 817 0327 0B       		.uleb128 0xb
 818 0328 C8050000 		.4byte	.LASF53
 819 032c 04       		.byte	0x4
 820 032d 07       		.byte	0x7
 821 032e 3101     		.2byte	0x131
 822 0330 42030000 		.4byte	0x342
 823 0334 0C       		.uleb128 0xc
 824 0335 72313300 		.ascii	"r13\000"
 825 0339 07       		.byte	0x7
 826 033a 3201     		.2byte	0x132
 827 033c 42030000 		.4byte	0x342
 828 0340 00       		.byte	0
 829 0341 00       		.byte	0
 830 0342 09       		.uleb128 0x9
 831 0343 04       		.byte	0x4
 832 0344 AB020000 		.4byte	0x2ab
 833 0348 0D       		.uleb128 0xd
 834 0349 AD000000 		.4byte	0xad
 835 034d 03       		.uleb128 0x3
 836 034e 04       		.byte	0x4
 837 034f 07       		.byte	0x7
 838 0350 63030000 		.4byte	.LASF54
 839 0354 0D       		.uleb128 0xd
 840 0355 22010000 		.4byte	0x122
 841 0359 05       		.uleb128 0x5
 842 035a 74030000 		.4byte	.LASF55
 843 035e 10       		.byte	0x10
 844 035f 08       		.byte	0x8
 845 0360 2C       		.byte	0x2c
 846 0361 8A030000 		.4byte	0x38a
 847 0365 06       		.uleb128 0x6
 848 0366 16010000 		.4byte	.LASF56
 849 036a 08       		.byte	0x8
 850 036b 2D       		.byte	0x2d
ARM GAS  /tmp/ccijTRSS.s 			page 16


 851 036c 68020000 		.4byte	0x268
 852 0370 00       		.byte	0
 853 0371 06       		.uleb128 0x6
 854 0372 37060000 		.4byte	.LASF57
 855 0376 08       		.byte	0x8
 856 0377 2F       		.byte	0x2f
 857 0378 62020000 		.4byte	0x262
 858 037c 08       		.byte	0x8
 859 037d 06       		.uleb128 0x6
 860 037e 85050000 		.4byte	.LASF58
 861 0382 08       		.byte	0x8
 862 0383 31       		.byte	0x31
 863 0384 8A030000 		.4byte	0x38a
 864 0388 0C       		.byte	0xc
 865 0389 00       		.byte	0
 866 038a 09       		.uleb128 0x9
 867 038b 04       		.byte	0x4
 868 038c 59030000 		.4byte	0x359
 869 0390 04       		.uleb128 0x4
 870 0391 74030000 		.4byte	.LASF55
 871 0395 08       		.byte	0x8
 872 0396 33       		.byte	0x33
 873 0397 59030000 		.4byte	0x359
 874 039b 0E       		.uleb128 0xe
 875 039c 04       		.byte	0x4
 876 039d 06       		.byte	0x6
 877 039e 96       		.byte	0x96
 878 039f D0030000 		.4byte	0x3d0
 879 03a3 0F       		.uleb128 0xf
 880 03a4 40000000 		.4byte	.LASF59
 881 03a8 06       		.byte	0x6
 882 03a9 9D       		.byte	0x9d
 883 03aa 0C010000 		.4byte	0x10c
 884 03ae 0F       		.uleb128 0xf
 885 03af A6000000 		.4byte	.LASF60
 886 03b3 06       		.byte	0x6
 887 03b4 A4       		.byte	0xa4
 888 03b5 0C010000 		.4byte	0x10c
 889 03b9 0F       		.uleb128 0xf
 890 03ba 20060000 		.4byte	.LASF61
 891 03be 06       		.byte	0x6
 892 03bf AB       		.byte	0xab
 893 03c0 9E020000 		.4byte	0x29e
 894 03c4 0F       		.uleb128 0xf
 895 03c5 ED040000 		.4byte	.LASF62
 896 03c9 06       		.byte	0x6
 897 03ca B2       		.byte	0xb2
 898 03cb 17010000 		.4byte	0x117
 899 03cf 00       		.byte	0
 900 03d0 09       		.uleb128 0x9
 901 03d1 04       		.byte	0x4
 902 03d2 D6030000 		.4byte	0x3d6
 903 03d6 10       		.uleb128 0x10
 904 03d7 DB030000 		.4byte	0x3db
 905 03db 03       		.uleb128 0x3
 906 03dc 01       		.byte	0x1
 907 03dd 08       		.byte	0x8
ARM GAS  /tmp/ccijTRSS.s 			page 17


 908 03de 67050000 		.4byte	.LASF63
 909 03e2 09       		.uleb128 0x9
 910 03e3 04       		.byte	0x4
 911 03e4 A0020000 		.4byte	0x2a0
 912 03e8 09       		.uleb128 0x9
 913 03e9 04       		.byte	0x4
 914 03ea 90030000 		.4byte	0x390
 915 03ee 09       		.uleb128 0x9
 916 03ef 04       		.byte	0x4
 917 03f0 97000000 		.4byte	0x97
 918 03f4 09       		.uleb128 0x9
 919 03f5 04       		.byte	0x4
 920 03f6 FA030000 		.4byte	0x3fa
 921 03fa 10       		.uleb128 0x10
 922 03fb 97000000 		.4byte	0x97
 923 03ff 10       		.uleb128 0x10
 924 0400 48030000 		.4byte	0x348
 925 0404 11       		.uleb128 0x11
 926 0405 AD000000 		.4byte	0xad
 927 0409 14040000 		.4byte	0x414
 928 040d 12       		.uleb128 0x12
 929 040e 4D030000 		.4byte	0x34d
 930 0412 01       		.byte	0x1
 931 0413 00       		.byte	0
 932 0414 11       		.uleb128 0x11
 933 0415 AD000000 		.4byte	0xad
 934 0419 24040000 		.4byte	0x424
 935 041d 12       		.uleb128 0x12
 936 041e 4D030000 		.4byte	0x34d
 937 0422 03       		.byte	0x3
 938 0423 00       		.byte	0
 939 0424 0D       		.uleb128 0xd
 940 0425 A2000000 		.4byte	0xa2
 941 0429 13       		.uleb128 0x13
 942 042a 18       		.byte	0x18
 943 042b 09       		.byte	0x9
 944 042c B102     		.2byte	0x2b1
 945 042e 80040000 		.4byte	0x480
 946 0432 0C       		.uleb128 0xc
 947 0433 435200   		.ascii	"CR\000"
 948 0436 09       		.byte	0x9
 949 0437 B302     		.2byte	0x2b3
 950 0439 48030000 		.4byte	0x348
 951 043d 00       		.byte	0
 952 043e 14       		.uleb128 0x14
 953 043f D7000000 		.4byte	.LASF64
 954 0443 09       		.byte	0x9
 955 0444 B402     		.2byte	0x2b4
 956 0446 48030000 		.4byte	0x348
 957 044a 04       		.byte	0x4
 958 044b 0C       		.uleb128 0xc
 959 044c 50415200 		.ascii	"PAR\000"
 960 0450 09       		.byte	0x9
 961 0451 B502     		.2byte	0x2b5
 962 0453 48030000 		.4byte	0x348
 963 0457 08       		.byte	0x8
 964 0458 14       		.uleb128 0x14
ARM GAS  /tmp/ccijTRSS.s 			page 18


 965 0459 2C000000 		.4byte	.LASF65
 966 045d 09       		.byte	0x9
 967 045e B602     		.2byte	0x2b6
 968 0460 48030000 		.4byte	0x348
 969 0464 0C       		.byte	0xc
 970 0465 14       		.uleb128 0x14
 971 0466 EE050000 		.4byte	.LASF66
 972 046a 09       		.byte	0x9
 973 046b B702     		.2byte	0x2b7
 974 046d 48030000 		.4byte	0x348
 975 0471 10       		.byte	0x10
 976 0472 0C       		.uleb128 0xc
 977 0473 46435200 		.ascii	"FCR\000"
 978 0477 09       		.byte	0x9
 979 0478 B802     		.2byte	0x2b8
 980 047a 48030000 		.4byte	0x348
 981 047e 14       		.byte	0x14
 982 047f 00       		.byte	0
 983 0480 15       		.uleb128 0x15
 984 0481 B0050000 		.4byte	.LASF67
 985 0485 09       		.byte	0x9
 986 0486 B902     		.2byte	0x2b9
 987 0488 29040000 		.4byte	0x429
 988 048c 13       		.uleb128 0x13
 989 048d 84       		.byte	0x84
 990 048e 09       		.byte	0x9
 991 048f C704     		.2byte	0x4c7
 992 0491 9A050000 		.4byte	0x59a
 993 0495 14       		.uleb128 0x14
 994 0496 B5030000 		.4byte	.LASF68
 995 049a 09       		.byte	0x9
 996 049b C904     		.2byte	0x4c9
 997 049d 48030000 		.4byte	0x348
 998 04a1 00       		.byte	0
 999 04a2 14       		.uleb128 0x14
 1000 04a3 44040000 		.4byte	.LASF69
 1001 04a7 09       		.byte	0x9
 1002 04a8 CA04     		.2byte	0x4ca
 1003 04aa 48030000 		.4byte	0x348
 1004 04ae 04       		.byte	0x4
 1005 04af 0C       		.uleb128 0xc
 1006 04b0 41524700 		.ascii	"ARG\000"
 1007 04b4 09       		.byte	0x9
 1008 04b5 CB04     		.2byte	0x4cb
 1009 04b7 48030000 		.4byte	0x348
 1010 04bb 08       		.byte	0x8
 1011 04bc 0C       		.uleb128 0xc
 1012 04bd 434D4400 		.ascii	"CMD\000"
 1013 04c1 09       		.byte	0x9
 1014 04c2 CC04     		.2byte	0x4cc
 1015 04c4 48030000 		.4byte	0x348
 1016 04c8 0C       		.byte	0xc
 1017 04c9 14       		.uleb128 0x14
 1018 04ca 9E000000 		.4byte	.LASF70
 1019 04ce 09       		.byte	0x9
 1020 04cf CD04     		.2byte	0x4cd
 1021 04d1 FF030000 		.4byte	0x3ff
ARM GAS  /tmp/ccijTRSS.s 			page 19


 1022 04d5 10       		.byte	0x10
 1023 04d6 14       		.uleb128 0x14
 1024 04d7 10000000 		.4byte	.LASF71
 1025 04db 09       		.byte	0x9
 1026 04dc CE04     		.2byte	0x4ce
 1027 04de FF030000 		.4byte	0x3ff
 1028 04e2 14       		.byte	0x14
 1029 04e3 14       		.uleb128 0x14
 1030 04e4 16000000 		.4byte	.LASF72
 1031 04e8 09       		.byte	0x9
 1032 04e9 CF04     		.2byte	0x4cf
 1033 04eb FF030000 		.4byte	0x3ff
 1034 04ef 18       		.byte	0x18
 1035 04f0 14       		.uleb128 0x14
 1036 04f1 1C000000 		.4byte	.LASF73
 1037 04f5 09       		.byte	0x9
 1038 04f6 D004     		.2byte	0x4d0
 1039 04f8 FF030000 		.4byte	0x3ff
 1040 04fc 1C       		.byte	0x1c
 1041 04fd 14       		.uleb128 0x14
 1042 04fe 80010000 		.4byte	.LASF74
 1043 0502 09       		.byte	0x9
 1044 0503 D104     		.2byte	0x4d1
 1045 0505 FF030000 		.4byte	0x3ff
 1046 0509 20       		.byte	0x20
 1047 050a 14       		.uleb128 0x14
 1048 050b A9050000 		.4byte	.LASF75
 1049 050f 09       		.byte	0x9
 1050 0510 D204     		.2byte	0x4d2
 1051 0512 48030000 		.4byte	0x348
 1052 0516 24       		.byte	0x24
 1053 0517 14       		.uleb128 0x14
 1054 0518 42030000 		.4byte	.LASF76
 1055 051c 09       		.byte	0x9
 1056 051d D304     		.2byte	0x4d3
 1057 051f 48030000 		.4byte	0x348
 1058 0523 28       		.byte	0x28
 1059 0524 14       		.uleb128 0x14
 1060 0525 ED030000 		.4byte	.LASF77
 1061 0529 09       		.byte	0x9
 1062 052a D404     		.2byte	0x4d4
 1063 052c 48030000 		.4byte	0x348
 1064 0530 2C       		.byte	0x2c
 1065 0531 14       		.uleb128 0x14
 1066 0532 4E010000 		.4byte	.LASF78
 1067 0536 09       		.byte	0x9
 1068 0537 D504     		.2byte	0x4d5
 1069 0539 FF030000 		.4byte	0x3ff
 1070 053d 30       		.byte	0x30
 1071 053e 0C       		.uleb128 0xc
 1072 053f 53544100 		.ascii	"STA\000"
 1073 0543 09       		.byte	0x9
 1074 0544 D604     		.2byte	0x4d6
 1075 0546 FF030000 		.4byte	0x3ff
 1076 054a 34       		.byte	0x34
 1077 054b 0C       		.uleb128 0xc
 1078 054c 49435200 		.ascii	"ICR\000"
ARM GAS  /tmp/ccijTRSS.s 			page 20


 1079 0550 09       		.byte	0x9
 1080 0551 D704     		.2byte	0x4d7
 1081 0553 48030000 		.4byte	0x348
 1082 0557 38       		.byte	0x38
 1083 0558 14       		.uleb128 0x14
 1084 0559 68020000 		.4byte	.LASF79
 1085 055d 09       		.byte	0x9
 1086 055e D804     		.2byte	0x4d8
 1087 0560 48030000 		.4byte	0x348
 1088 0564 3C       		.byte	0x3c
 1089 0565 14       		.uleb128 0x14
 1090 0566 52040000 		.4byte	.LASF80
 1091 056a 09       		.byte	0x9
 1092 056b D904     		.2byte	0x4d9
 1093 056d 04040000 		.4byte	0x404
 1094 0571 40       		.byte	0x40
 1095 0572 14       		.uleb128 0x14
 1096 0573 6C030000 		.4byte	.LASF81
 1097 0577 09       		.byte	0x9
 1098 0578 DA04     		.2byte	0x4da
 1099 057a FF030000 		.4byte	0x3ff
 1100 057e 48       		.byte	0x48
 1101 057f 14       		.uleb128 0x14
 1102 0580 5C040000 		.4byte	.LASF82
 1103 0584 09       		.byte	0x9
 1104 0585 DB04     		.2byte	0x4db
 1105 0587 9A050000 		.4byte	0x59a
 1106 058b 4C       		.byte	0x4c
 1107 058c 14       		.uleb128 0x14
 1108 058d E7020000 		.4byte	.LASF83
 1109 0591 09       		.byte	0x9
 1110 0592 DC04     		.2byte	0x4dc
 1111 0594 48030000 		.4byte	0x348
 1112 0598 80       		.byte	0x80
 1113 0599 00       		.byte	0
 1114 059a 11       		.uleb128 0x11
 1115 059b AD000000 		.4byte	0xad
 1116 059f AA050000 		.4byte	0x5aa
 1117 05a3 12       		.uleb128 0x12
 1118 05a4 4D030000 		.4byte	0x34d
 1119 05a8 0C       		.byte	0xc
 1120 05a9 00       		.byte	0
 1121 05aa 15       		.uleb128 0x15
 1122 05ab 08050000 		.4byte	.LASF84
 1123 05af 09       		.byte	0x9
 1124 05b0 DD04     		.2byte	0x4dd
 1125 05b2 8C040000 		.4byte	0x48c
 1126 05b6 08       		.uleb128 0x8
 1127 05b7 0C       		.byte	0xc
 1128 05b8 0A       		.byte	0xa
 1129 05b9 DA       		.byte	0xda
 1130 05ba FB050000 		.4byte	0x5fb
 1131 05be 06       		.uleb128 0x6
 1132 05bf 80000000 		.4byte	.LASF85
 1133 05c3 0A       		.byte	0xa
 1134 05c4 DB       		.byte	0xdb
 1135 05c5 FB050000 		.4byte	0x5fb
ARM GAS  /tmp/ccijTRSS.s 			page 21


 1136 05c9 00       		.byte	0
 1137 05ca 06       		.uleb128 0x6
 1138 05cb 3A050000 		.4byte	.LASF86
 1139 05cf 0A       		.byte	0xa
 1140 05d0 DC       		.byte	0xdc
 1141 05d1 01060000 		.4byte	0x601
 1142 05d5 04       		.byte	0x4
 1143 05d6 06       		.uleb128 0x6
 1144 05d7 BC020000 		.4byte	.LASF87
 1145 05db 0A       		.byte	0xa
 1146 05dc DD       		.byte	0xdd
 1147 05dd 97000000 		.4byte	0x97
 1148 05e1 08       		.byte	0x8
 1149 05e2 06       		.uleb128 0x6
 1150 05e3 40020000 		.4byte	.LASF88
 1151 05e7 0A       		.byte	0xa
 1152 05e8 DF       		.byte	0xdf
 1153 05e9 97000000 		.4byte	0x97
 1154 05ed 09       		.byte	0x9
 1155 05ee 06       		.uleb128 0x6
 1156 05ef AF000000 		.4byte	.LASF89
 1157 05f3 0A       		.byte	0xa
 1158 05f4 E0       		.byte	0xe0
 1159 05f5 97000000 		.4byte	0x97
 1160 05f9 0A       		.byte	0xa
 1161 05fa 00       		.byte	0
 1162 05fb 09       		.uleb128 0x9
 1163 05fc 04       		.byte	0x4
 1164 05fd 80040000 		.4byte	0x480
 1165 0601 09       		.uleb128 0x9
 1166 0602 04       		.byte	0x4
 1167 0603 48030000 		.4byte	0x348
 1168 0607 04       		.uleb128 0x4
 1169 0608 6D040000 		.4byte	.LASF90
 1170 060c 0A       		.byte	0xa
 1171 060d E1       		.byte	0xe1
 1172 060e B6050000 		.4byte	0x5b6
 1173 0612 16       		.uleb128 0x16
 1174 0613 01       		.byte	0x1
 1175 0614 0B       		.byte	0xb
 1176 0615 33       		.byte	0x33
 1177 0616 51060000 		.4byte	0x651
 1178 061a 17       		.uleb128 0x17
 1179 061b 15050000 		.4byte	.LASF91
 1180 061f 00       		.sleb128 0
 1181 0620 17       		.uleb128 0x17
 1182 0621 69010000 		.4byte	.LASF92
 1183 0625 01       		.sleb128 1
 1184 0626 17       		.uleb128 0x17
 1185 0627 D6020000 		.4byte	.LASF93
 1186 062b 02       		.sleb128 2
 1187 062c 17       		.uleb128 0x17
 1188 062d EC020000 		.4byte	.LASF94
 1189 0631 03       		.sleb128 3
 1190 0632 17       		.uleb128 0x17
 1191 0633 6C050000 		.4byte	.LASF95
 1192 0637 04       		.sleb128 4
ARM GAS  /tmp/ccijTRSS.s 			page 22


 1193 0638 17       		.uleb128 0x17
 1194 0639 D6030000 		.4byte	.LASF96
 1195 063d 05       		.sleb128 5
 1196 063e 17       		.uleb128 0x17
 1197 063f 57030000 		.4byte	.LASF97
 1198 0643 06       		.sleb128 6
 1199 0644 17       		.uleb128 0x17
 1200 0645 D7040000 		.4byte	.LASF98
 1201 0649 07       		.sleb128 7
 1202 064a 17       		.uleb128 0x17
 1203 064b CA030000 		.4byte	.LASF99
 1204 064f 08       		.sleb128 8
 1205 0650 00       		.byte	0
 1206 0651 04       		.uleb128 0x4
 1207 0652 CC000000 		.4byte	.LASF100
 1208 0656 0B       		.byte	0xb
 1209 0657 3D       		.byte	0x3d
 1210 0658 12060000 		.4byte	0x612
 1211 065c 08       		.uleb128 0x8
 1212 065d 08       		.byte	0x8
 1213 065e 0B       		.byte	0xb
 1214 065f 42       		.byte	0x42
 1215 0660 7D060000 		.4byte	0x67d
 1216 0664 06       		.uleb128 0x6
 1217 0665 50020000 		.4byte	.LASF101
 1218 0669 0B       		.byte	0xb
 1219 066a 43       		.byte	0x43
 1220 066b AD000000 		.4byte	0xad
 1221 066f 00       		.byte	0
 1222 0670 06       		.uleb128 0x6
 1223 0671 38000000 		.4byte	.LASF102
 1224 0675 0B       		.byte	0xb
 1225 0676 44       		.byte	0x44
 1226 0677 AD000000 		.4byte	0xad
 1227 067b 04       		.byte	0x4
 1228 067c 00       		.byte	0
 1229 067d 04       		.uleb128 0x4
 1230 067e 00000000 		.4byte	.LASF103
 1231 0682 0B       		.byte	0xb
 1232 0683 45       		.byte	0x45
 1233 0684 5C060000 		.4byte	0x65c
 1234 0688 18       		.uleb128 0x18
 1235 0689 C3000000 		.4byte	0xc3
 1236 068d 97060000 		.4byte	0x697
 1237 0691 19       		.uleb128 0x19
 1238 0692 9E020000 		.4byte	0x29e
 1239 0696 00       		.byte	0
 1240 0697 09       		.uleb128 0x9
 1241 0698 04       		.byte	0x4
 1242 0699 88060000 		.4byte	0x688
 1243 069d 18       		.uleb128 0x18
 1244 069e C3000000 		.4byte	0xc3
 1245 06a2 BB060000 		.4byte	0x6bb
 1246 06a6 19       		.uleb128 0x19
 1247 06a7 9E020000 		.4byte	0x29e
 1248 06ab 19       		.uleb128 0x19
 1249 06ac AD000000 		.4byte	0xad
ARM GAS  /tmp/ccijTRSS.s 			page 23


 1250 06b0 19       		.uleb128 0x19
 1251 06b1 EE030000 		.4byte	0x3ee
 1252 06b5 19       		.uleb128 0x19
 1253 06b6 AD000000 		.4byte	0xad
 1254 06ba 00       		.byte	0
 1255 06bb 09       		.uleb128 0x9
 1256 06bc 04       		.byte	0x4
 1257 06bd 9D060000 		.4byte	0x69d
 1258 06c1 18       		.uleb128 0x18
 1259 06c2 C3000000 		.4byte	0xc3
 1260 06c6 DF060000 		.4byte	0x6df
 1261 06ca 19       		.uleb128 0x19
 1262 06cb 9E020000 		.4byte	0x29e
 1263 06cf 19       		.uleb128 0x19
 1264 06d0 AD000000 		.4byte	0xad
 1265 06d4 19       		.uleb128 0x19
 1266 06d5 F4030000 		.4byte	0x3f4
 1267 06d9 19       		.uleb128 0x19
 1268 06da AD000000 		.4byte	0xad
 1269 06de 00       		.byte	0
 1270 06df 09       		.uleb128 0x9
 1271 06e0 04       		.byte	0x4
 1272 06e1 C1060000 		.4byte	0x6c1
 1273 06e5 18       		.uleb128 0x18
 1274 06e6 C3000000 		.4byte	0xc3
 1275 06ea F9060000 		.4byte	0x6f9
 1276 06ee 19       		.uleb128 0x19
 1277 06ef 9E020000 		.4byte	0x29e
 1278 06f3 19       		.uleb128 0x19
 1279 06f4 F9060000 		.4byte	0x6f9
 1280 06f8 00       		.byte	0
 1281 06f9 09       		.uleb128 0x9
 1282 06fa 04       		.byte	0x4
 1283 06fb 7D060000 		.4byte	0x67d
 1284 06ff 09       		.uleb128 0x9
 1285 0700 04       		.byte	0x4
 1286 0701 E5060000 		.4byte	0x6e5
 1287 0705 04       		.uleb128 0x4
 1288 0706 5E020000 		.4byte	.LASF104
 1289 070a 0C       		.byte	0xc
 1290 070b BF       		.byte	0xbf
 1291 070c AD000000 		.4byte	0xad
 1292 0710 04       		.uleb128 0x4
 1293 0711 9A020000 		.4byte	.LASF105
 1294 0715 0C       		.byte	0xc
 1295 0716 C4       		.byte	0xc4
 1296 0717 AD000000 		.4byte	0xad
 1297 071b 04       		.uleb128 0x4
 1298 071c 3F060000 		.4byte	.LASF106
 1299 0720 0C       		.byte	0xc
 1300 0721 C9       		.byte	0xc9
 1301 0722 26070000 		.4byte	0x726
 1302 0726 05       		.uleb128 0x5
 1303 0727 3F060000 		.4byte	.LASF106
 1304 072b 4C       		.byte	0x4c
 1305 072c 0C       		.byte	0xc
 1306 072d E5       		.byte	0xe5
ARM GAS  /tmp/ccijTRSS.s 			page 24


 1307 072e D2070000 		.4byte	0x7d2
 1308 0732 07       		.uleb128 0x7
 1309 0733 766D7400 		.ascii	"vmt\000"
 1310 0737 0C       		.byte	0xc
 1311 0738 E9       		.byte	0xe9
 1312 0739 5F080000 		.4byte	0x85f
 1313 073d 00       		.byte	0
 1314 073e 06       		.uleb128 0x6
 1315 073f 3F010000 		.4byte	.LASF107
 1316 0743 0C       		.byte	0xc
 1317 0744 EA       		.byte	0xea
 1318 0745 51060000 		.4byte	0x651
 1319 0749 04       		.byte	0x4
 1320 074a 07       		.uleb128 0x7
 1321 074b 63696400 		.ascii	"cid\000"
 1322 074f 0C       		.byte	0xc
 1323 0750 EA       		.byte	0xea
 1324 0751 14040000 		.4byte	0x414
 1325 0755 08       		.byte	0x8
 1326 0756 07       		.uleb128 0x7
 1327 0757 63736400 		.ascii	"csd\000"
 1328 075b 0C       		.byte	0xc
 1329 075c EA       		.byte	0xea
 1330 075d 14040000 		.4byte	0x414
 1331 0761 18       		.byte	0x18
 1332 0762 06       		.uleb128 0x6
 1333 0763 72000000 		.4byte	.LASF108
 1334 0767 0C       		.byte	0xc
 1335 0768 EA       		.byte	0xea
 1336 0769 AD000000 		.4byte	0xad
 1337 076d 28       		.byte	0x28
 1338 076e 06       		.uleb128 0x6
 1339 076f 7E050000 		.4byte	.LASF109
 1340 0773 0C       		.byte	0xc
 1341 0774 EE       		.byte	0xee
 1342 0775 6A080000 		.4byte	0x86a
 1343 0779 2C       		.byte	0x2c
 1344 077a 06       		.uleb128 0x6
 1345 077b B6000000 		.4byte	.LASF110
 1346 077f 0C       		.byte	0xc
 1347 0780 F2       		.byte	0xf2
 1348 0781 05070000 		.4byte	0x705
 1349 0785 30       		.byte	0x30
 1350 0786 06       		.uleb128 0x6
 1351 0787 93020000 		.4byte	.LASF111
 1352 078b 0C       		.byte	0xc
 1353 078c F6       		.byte	0xf6
 1354 078d 10070000 		.4byte	0x710
 1355 0791 34       		.byte	0x34
 1356 0792 07       		.uleb128 0x7
 1357 0793 72636100 		.ascii	"rca\000"
 1358 0797 0C       		.byte	0xc
 1359 0798 FA       		.byte	0xfa
 1360 0799 AD000000 		.4byte	0xad
 1361 079d 38       		.byte	0x38
 1362 079e 06       		.uleb128 0x6
 1363 079f 88040000 		.4byte	.LASF112
ARM GAS  /tmp/ccijTRSS.s 			page 25


 1364 07a3 0C       		.byte	0xc
 1365 07a4 FF       		.byte	0xff
 1366 07a5 62020000 		.4byte	0x262
 1367 07a9 3C       		.byte	0x3c
 1368 07aa 14       		.uleb128 0x14
 1369 07ab 18060000 		.4byte	.LASF113
 1370 07af 0C       		.byte	0xc
 1371 07b0 0301     		.2byte	0x103
 1372 07b2 AD000000 		.4byte	0xad
 1373 07b6 40       		.byte	0x40
 1374 07b7 0C       		.uleb128 0xc
 1375 07b8 646D6100 		.ascii	"dma\000"
 1376 07bc 0C       		.byte	0xc
 1377 07bd 0701     		.2byte	0x107
 1378 07bf 75080000 		.4byte	0x875
 1379 07c3 44       		.byte	0x44
 1380 07c4 14       		.uleb128 0x14
 1381 07c5 7B000000 		.4byte	.LASF114
 1382 07c9 0C       		.byte	0xc
 1383 07ca 0D01     		.2byte	0x10d
 1384 07cc 80080000 		.4byte	0x880
 1385 07d0 48       		.byte	0x48
 1386 07d1 00       		.byte	0
 1387 07d2 08       		.uleb128 0x8
 1388 07d3 04       		.byte	0x4
 1389 07d4 0C       		.byte	0xc
 1390 07d5 CF       		.byte	0xcf
 1391 07d6 E7070000 		.4byte	0x7e7
 1392 07da 06       		.uleb128 0x6
 1393 07db 4A020000 		.4byte	.LASF115
 1394 07df 0C       		.byte	0xc
 1395 07e0 D0       		.byte	0xd0
 1396 07e1 AD000000 		.4byte	0xad
 1397 07e5 00       		.byte	0
 1398 07e6 00       		.byte	0
 1399 07e7 04       		.uleb128 0x4
 1400 07e8 01060000 		.4byte	.LASF116
 1401 07ec 0C       		.byte	0xc
 1402 07ed D1       		.byte	0xd1
 1403 07ee D2070000 		.4byte	0x7d2
 1404 07f2 05       		.uleb128 0x5
 1405 07f3 FB040000 		.4byte	.LASF117
 1406 07f7 20       		.byte	0x20
 1407 07f8 0C       		.byte	0xc
 1408 07f9 DE       		.byte	0xde
 1409 07fa 5F080000 		.4byte	0x85f
 1410 07fe 06       		.uleb128 0x6
 1411 07ff E2050000 		.4byte	.LASF118
 1412 0803 0C       		.byte	0xc
 1413 0804 DF       		.byte	0xdf
 1414 0805 97060000 		.4byte	0x697
 1415 0809 00       		.byte	0
 1416 080a 06       		.uleb128 0x6
 1417 080b 50000000 		.4byte	.LASF119
 1418 080f 0C       		.byte	0xc
 1419 0810 DF       		.byte	0xdf
 1420 0811 97060000 		.4byte	0x697
ARM GAS  /tmp/ccijTRSS.s 			page 26


 1421 0815 04       		.byte	0x4
 1422 0816 06       		.uleb128 0x6
 1423 0817 27050000 		.4byte	.LASF120
 1424 081b 0C       		.byte	0xc
 1425 081c DF       		.byte	0xdf
 1426 081d 97060000 		.4byte	0x697
 1427 0821 08       		.byte	0x8
 1428 0822 06       		.uleb128 0x6
 1429 0823 1E010000 		.4byte	.LASF121
 1430 0827 0C       		.byte	0xc
 1431 0828 DF       		.byte	0xdf
 1432 0829 97060000 		.4byte	0x697
 1433 082d 0C       		.byte	0xc
 1434 082e 06       		.uleb128 0x6
 1435 082f 62050000 		.4byte	.LASF122
 1436 0833 0C       		.byte	0xc
 1437 0834 DF       		.byte	0xdf
 1438 0835 BB060000 		.4byte	0x6bb
 1439 0839 10       		.byte	0x10
 1440 083a 06       		.uleb128 0x6
 1441 083b 47030000 		.4byte	.LASF123
 1442 083f 0C       		.byte	0xc
 1443 0840 DF       		.byte	0xdf
 1444 0841 DF060000 		.4byte	0x6df
 1445 0845 14       		.byte	0x14
 1446 0846 06       		.uleb128 0x6
 1447 0847 13060000 		.4byte	.LASF124
 1448 084b 0C       		.byte	0xc
 1449 084c DF       		.byte	0xdf
 1450 084d 97060000 		.4byte	0x697
 1451 0851 18       		.byte	0x18
 1452 0852 06       		.uleb128 0x6
 1453 0853 86010000 		.4byte	.LASF125
 1454 0857 0C       		.byte	0xc
 1455 0858 DF       		.byte	0xdf
 1456 0859 FF060000 		.4byte	0x6ff
 1457 085d 1C       		.byte	0x1c
 1458 085e 00       		.byte	0
 1459 085f 09       		.uleb128 0x9
 1460 0860 04       		.byte	0x4
 1461 0861 65080000 		.4byte	0x865
 1462 0865 10       		.uleb128 0x10
 1463 0866 F2070000 		.4byte	0x7f2
 1464 086a 09       		.uleb128 0x9
 1465 086b 04       		.byte	0x4
 1466 086c 70080000 		.4byte	0x870
 1467 0870 10       		.uleb128 0x10
 1468 0871 E7070000 		.4byte	0x7e7
 1469 0875 09       		.uleb128 0x9
 1470 0876 04       		.byte	0x4
 1471 0877 7B080000 		.4byte	0x87b
 1472 087b 10       		.uleb128 0x10
 1473 087c 07060000 		.4byte	0x607
 1474 0880 09       		.uleb128 0x9
 1475 0881 04       		.byte	0x4
 1476 0882 AA050000 		.4byte	0x5aa
 1477 0886 04       		.uleb128 0x4
ARM GAS  /tmp/ccijTRSS.s 			page 27


 1478 0887 59020000 		.4byte	.LASF126
 1479 088b 0D       		.byte	0xd
 1480 088c 16       		.byte	0x16
 1481 088d 45000000 		.4byte	0x45
 1482 0891 04       		.uleb128 0x4
 1483 0892 B0030000 		.4byte	.LASF127
 1484 0896 0D       		.byte	0xd
 1485 0897 1B       		.byte	0x1b
 1486 0898 53000000 		.4byte	0x53
 1487 089c 04       		.uleb128 0x4
 1488 089d 72010000 		.4byte	.LASF128
 1489 08a1 0D       		.byte	0xd
 1490 08a2 21       		.byte	0x21
 1491 08a3 77000000 		.4byte	0x77
 1492 08a7 04       		.uleb128 0x4
 1493 08a8 A1050000 		.4byte	.LASF129
 1494 08ac 0E       		.byte	0xe
 1495 08ad 0E       		.byte	0xe
 1496 08ae 86080000 		.4byte	0x886
 1497 08b2 16       		.uleb128 0x16
 1498 08b3 01       		.byte	0x1
 1499 08b4 0E       		.byte	0xe
 1500 08b5 11       		.byte	0x11
 1501 08b6 D9080000 		.4byte	0x8d9
 1502 08ba 17       		.uleb128 0x17
 1503 08bb BB030000 		.4byte	.LASF130
 1504 08bf 00       		.sleb128 0
 1505 08c0 17       		.uleb128 0x17
 1506 08c1 27060000 		.4byte	.LASF131
 1507 08c5 01       		.sleb128 1
 1508 08c6 17       		.uleb128 0x17
 1509 08c7 22000000 		.4byte	.LASF132
 1510 08cb 02       		.sleb128 2
 1511 08cc 17       		.uleb128 0x17
 1512 08cd 67000000 		.4byte	.LASF133
 1513 08d1 03       		.sleb128 3
 1514 08d2 17       		.uleb128 0x17
 1515 08d3 5E010000 		.4byte	.LASF134
 1516 08d7 04       		.sleb128 4
 1517 08d8 00       		.byte	0
 1518 08d9 04       		.uleb128 0x4
 1519 08da 48050000 		.4byte	.LASF135
 1520 08de 0E       		.byte	0xe
 1521 08df 17       		.byte	0x17
 1522 08e0 B2080000 		.4byte	0x8b2
 1523 08e4 1A       		.uleb128 0x1a
 1524 08e5 AB040000 		.4byte	.LASF136
 1525 08e9 01       		.byte	0x1
 1526 08ea 29       		.byte	0x29
 1527 08eb A7080000 		.4byte	0x8a7
 1528 08ef 00000000 		.4byte	.LFB118
 1529 08f3 60000000 		.4byte	.LFE118-.LFB118
 1530 08f7 01       		.uleb128 0x1
 1531 08f8 9C       		.byte	0x9c
 1532 08f9 1A090000 		.4byte	0x91a
 1533 08fd 1B       		.uleb128 0x1b
 1534 08fe 64727600 		.ascii	"drv\000"
ARM GAS  /tmp/ccijTRSS.s 			page 28


 1535 0902 01       		.byte	0x1
 1536 0903 2A       		.byte	0x2a
 1537 0904 86080000 		.4byte	0x886
 1538 0908 02       		.uleb128 0x2
 1539 0909 91       		.byte	0x91
 1540 090a 6F       		.sleb128 -17
 1541 090b 1C       		.uleb128 0x1c
 1542 090c E3000000 		.4byte	.LASF138
 1543 0910 01       		.byte	0x1
 1544 0911 2D       		.byte	0x2d
 1545 0912 A7080000 		.4byte	0x8a7
 1546 0916 02       		.uleb128 0x2
 1547 0917 91       		.byte	0x91
 1548 0918 77       		.sleb128 -9
 1549 0919 00       		.byte	0
 1550 091a 1A       		.uleb128 0x1a
 1551 091b B0020000 		.4byte	.LASF137
 1552 091f 01       		.byte	0x1
 1553 0920 4C       		.byte	0x4c
 1554 0921 A7080000 		.4byte	0x8a7
 1555 0925 00000000 		.4byte	.LFB119
 1556 0929 60000000 		.4byte	.LFE119-.LFB119
 1557 092d 01       		.uleb128 0x1
 1558 092e 9C       		.byte	0x9c
 1559 092f 50090000 		.4byte	0x950
 1560 0933 1B       		.uleb128 0x1b
 1561 0934 64727600 		.ascii	"drv\000"
 1562 0938 01       		.byte	0x1
 1563 0939 4D       		.byte	0x4d
 1564 093a 86080000 		.4byte	0x886
 1565 093e 02       		.uleb128 0x2
 1566 093f 91       		.byte	0x91
 1567 0940 6F       		.sleb128 -17
 1568 0941 1C       		.uleb128 0x1c
 1569 0942 E3000000 		.4byte	.LASF138
 1570 0946 01       		.byte	0x1
 1571 0947 50       		.byte	0x50
 1572 0948 A7080000 		.4byte	0x8a7
 1573 094c 02       		.uleb128 0x2
 1574 094d 91       		.byte	0x91
 1575 094e 77       		.sleb128 -9
 1576 094f 00       		.byte	0
 1577 0950 1A       		.uleb128 0x1a
 1578 0951 4D030000 		.4byte	.LASF139
 1579 0955 01       		.byte	0x1
 1580 0956 6F       		.byte	0x6f
 1581 0957 D9080000 		.4byte	0x8d9
 1582 095b 00000000 		.4byte	.LFB120
 1583 095f 58000000 		.4byte	.LFE120-.LFB120
 1584 0963 01       		.uleb128 0x1
 1585 0964 9C       		.byte	0x9c
 1586 0965 A2090000 		.4byte	0x9a2
 1587 0969 1B       		.uleb128 0x1b
 1588 096a 64727600 		.ascii	"drv\000"
 1589 096e 01       		.byte	0x1
 1590 096f 70       		.byte	0x70
 1591 0970 86080000 		.4byte	0x886
ARM GAS  /tmp/ccijTRSS.s 			page 29


 1592 0974 02       		.uleb128 0x2
 1593 0975 91       		.byte	0x91
 1594 0976 77       		.sleb128 -9
 1595 0977 1D       		.uleb128 0x1d
 1596 0978 02010000 		.4byte	.LASF140
 1597 097c 01       		.byte	0x1
 1598 097d 71       		.byte	0x71
 1599 097e A2090000 		.4byte	0x9a2
 1600 0982 02       		.uleb128 0x2
 1601 0983 91       		.byte	0x91
 1602 0984 70       		.sleb128 -16
 1603 0985 1D       		.uleb128 0x1d
 1604 0986 03030000 		.4byte	.LASF141
 1605 098a 01       		.byte	0x1
 1606 098b 72       		.byte	0x72
 1607 098c 9C080000 		.4byte	0x89c
 1608 0990 02       		.uleb128 0x2
 1609 0991 91       		.byte	0x91
 1610 0992 6C       		.sleb128 -20
 1611 0993 1D       		.uleb128 0x1d
 1612 0994 7A030000 		.4byte	.LASF142
 1613 0998 01       		.byte	0x1
 1614 0999 73       		.byte	0x73
 1615 099a 86080000 		.4byte	0x886
 1616 099e 02       		.uleb128 0x2
 1617 099f 91       		.byte	0x91
 1618 09a0 76       		.sleb128 -10
 1619 09a1 00       		.byte	0
 1620 09a2 09       		.uleb128 0x9
 1621 09a3 04       		.byte	0x4
 1622 09a4 86080000 		.4byte	0x886
 1623 09a8 1A       		.uleb128 0x1a
 1624 09a9 D0050000 		.4byte	.LASF143
 1625 09ad 01       		.byte	0x1
 1626 09ae 98       		.byte	0x98
 1627 09af D9080000 		.4byte	0x8d9
 1628 09b3 00000000 		.4byte	.LFB121
 1629 09b7 58000000 		.4byte	.LFE121-.LFB121
 1630 09bb 01       		.uleb128 0x1
 1631 09bc 9C       		.byte	0x9c
 1632 09bd FA090000 		.4byte	0x9fa
 1633 09c1 1B       		.uleb128 0x1b
 1634 09c2 64727600 		.ascii	"drv\000"
 1635 09c6 01       		.byte	0x1
 1636 09c7 99       		.byte	0x99
 1637 09c8 86080000 		.4byte	0x886
 1638 09cc 02       		.uleb128 0x2
 1639 09cd 91       		.byte	0x91
 1640 09ce 77       		.sleb128 -9
 1641 09cf 1D       		.uleb128 0x1d
 1642 09d0 02010000 		.4byte	.LASF140
 1643 09d4 01       		.byte	0x1
 1644 09d5 9A       		.byte	0x9a
 1645 09d6 FA090000 		.4byte	0x9fa
 1646 09da 02       		.uleb128 0x2
 1647 09db 91       		.byte	0x91
 1648 09dc 70       		.sleb128 -16
ARM GAS  /tmp/ccijTRSS.s 			page 30


 1649 09dd 1D       		.uleb128 0x1d
 1650 09de 03030000 		.4byte	.LASF141
 1651 09e2 01       		.byte	0x1
 1652 09e3 9B       		.byte	0x9b
 1653 09e4 9C080000 		.4byte	0x89c
 1654 09e8 02       		.uleb128 0x2
 1655 09e9 91       		.byte	0x91
 1656 09ea 6C       		.sleb128 -20
 1657 09eb 1D       		.uleb128 0x1d
 1658 09ec 7A030000 		.4byte	.LASF142
 1659 09f0 01       		.byte	0x1
 1660 09f1 9C       		.byte	0x9c
 1661 09f2 86080000 		.4byte	0x886
 1662 09f6 02       		.uleb128 0x2
 1663 09f7 91       		.byte	0x91
 1664 09f8 76       		.sleb128 -10
 1665 09f9 00       		.byte	0
 1666 09fa 09       		.uleb128 0x9
 1667 09fb 04       		.byte	0x4
 1668 09fc 000A0000 		.4byte	0xa00
 1669 0a00 10       		.uleb128 0x10
 1670 0a01 86080000 		.4byte	0x886
 1671 0a05 1A       		.uleb128 0x1a
 1672 0a06 2C030000 		.4byte	.LASF144
 1673 0a0a 01       		.byte	0x1
 1674 0a0b C3       		.byte	0xc3
 1675 0a0c D9080000 		.4byte	0x8d9
 1676 0a10 00000000 		.4byte	.LFB122
 1677 0a14 96000000 		.4byte	.LFE122-.LFB122
 1678 0a18 01       		.uleb128 0x1
 1679 0a19 9C       		.byte	0x9c
 1680 0a1a 490A0000 		.4byte	0xa49
 1681 0a1e 1B       		.uleb128 0x1b
 1682 0a1f 64727600 		.ascii	"drv\000"
 1683 0a23 01       		.byte	0x1
 1684 0a24 C4       		.byte	0xc4
 1685 0a25 86080000 		.4byte	0x886
 1686 0a29 02       		.uleb128 0x2
 1687 0a2a 91       		.byte	0x91
 1688 0a2b 77       		.sleb128 -9
 1689 0a2c 1D       		.uleb128 0x1d
 1690 0a2d C3050000 		.4byte	.LASF145
 1691 0a31 01       		.byte	0x1
 1692 0a32 C5       		.byte	0xc5
 1693 0a33 86080000 		.4byte	0x886
 1694 0a37 02       		.uleb128 0x2
 1695 0a38 91       		.byte	0x91
 1696 0a39 76       		.sleb128 -10
 1697 0a3a 1D       		.uleb128 0x1d
 1698 0a3b 02010000 		.4byte	.LASF140
 1699 0a3f 01       		.byte	0x1
 1700 0a40 C6       		.byte	0xc6
 1701 0a41 9E020000 		.4byte	0x29e
 1702 0a45 02       		.uleb128 0x2
 1703 0a46 91       		.byte	0x91
 1704 0a47 70       		.sleb128 -16
 1705 0a48 00       		.byte	0
ARM GAS  /tmp/ccijTRSS.s 			page 31


 1706 0a49 1E       		.uleb128 0x1e
 1707 0a4a 33010000 		.4byte	.LASF151
 1708 0a4e 01       		.byte	0x1
 1709 0a4f F5       		.byte	0xf5
 1710 0a50 9C080000 		.4byte	0x89c
 1711 0a54 00000000 		.4byte	.LFB123
 1712 0a58 08000000 		.4byte	.LFE123-.LFB123
 1713 0a5c 01       		.uleb128 0x1
 1714 0a5d 9C       		.byte	0x9c
 1715 0a5e 1F       		.uleb128 0x1f
 1716 0a5f BF000000 		.4byte	.LASF146
 1717 0a63 0F       		.byte	0xf
 1718 0a64 9806     		.2byte	0x698
 1719 0a66 24040000 		.4byte	0x424
 1720 0a6a 20       		.uleb128 0x20
 1721 0a6b 6D020000 		.4byte	.LASF147
 1722 0a6f 01       		.byte	0x1
 1723 0a70 14       		.byte	0x14
 1724 0a71 1B070000 		.4byte	0x71b
 1725 0a75 00       		.byte	0
 1726              		.section	.debug_abbrev,"",%progbits
 1727              	.Ldebug_abbrev0:
 1728 0000 01       		.uleb128 0x1
 1729 0001 11       		.uleb128 0x11
 1730 0002 01       		.byte	0x1
 1731 0003 25       		.uleb128 0x25
 1732 0004 0E       		.uleb128 0xe
 1733 0005 13       		.uleb128 0x13
 1734 0006 0B       		.uleb128 0xb
 1735 0007 03       		.uleb128 0x3
 1736 0008 0E       		.uleb128 0xe
 1737 0009 1B       		.uleb128 0x1b
 1738 000a 0E       		.uleb128 0xe
 1739 000b 55       		.uleb128 0x55
 1740 000c 17       		.uleb128 0x17
 1741 000d 11       		.uleb128 0x11
 1742 000e 01       		.uleb128 0x1
 1743 000f 10       		.uleb128 0x10
 1744 0010 17       		.uleb128 0x17
 1745 0011 00       		.byte	0
 1746 0012 00       		.byte	0
 1747 0013 02       		.uleb128 0x2
 1748 0014 24       		.uleb128 0x24
 1749 0015 00       		.byte	0
 1750 0016 0B       		.uleb128 0xb
 1751 0017 0B       		.uleb128 0xb
 1752 0018 3E       		.uleb128 0x3e
 1753 0019 0B       		.uleb128 0xb
 1754 001a 03       		.uleb128 0x3
 1755 001b 08       		.uleb128 0x8
 1756 001c 00       		.byte	0
 1757 001d 00       		.byte	0
 1758 001e 03       		.uleb128 0x3
 1759 001f 24       		.uleb128 0x24
 1760 0020 00       		.byte	0
 1761 0021 0B       		.uleb128 0xb
 1762 0022 0B       		.uleb128 0xb
ARM GAS  /tmp/ccijTRSS.s 			page 32


 1763 0023 3E       		.uleb128 0x3e
 1764 0024 0B       		.uleb128 0xb
 1765 0025 03       		.uleb128 0x3
 1766 0026 0E       		.uleb128 0xe
 1767 0027 00       		.byte	0
 1768 0028 00       		.byte	0
 1769 0029 04       		.uleb128 0x4
 1770 002a 16       		.uleb128 0x16
 1771 002b 00       		.byte	0
 1772 002c 03       		.uleb128 0x3
 1773 002d 0E       		.uleb128 0xe
 1774 002e 3A       		.uleb128 0x3a
 1775 002f 0B       		.uleb128 0xb
 1776 0030 3B       		.uleb128 0x3b
 1777 0031 0B       		.uleb128 0xb
 1778 0032 49       		.uleb128 0x49
 1779 0033 13       		.uleb128 0x13
 1780 0034 00       		.byte	0
 1781 0035 00       		.byte	0
 1782 0036 05       		.uleb128 0x5
 1783 0037 13       		.uleb128 0x13
 1784 0038 01       		.byte	0x1
 1785 0039 03       		.uleb128 0x3
 1786 003a 0E       		.uleb128 0xe
 1787 003b 0B       		.uleb128 0xb
 1788 003c 0B       		.uleb128 0xb
 1789 003d 3A       		.uleb128 0x3a
 1790 003e 0B       		.uleb128 0xb
 1791 003f 3B       		.uleb128 0x3b
 1792 0040 0B       		.uleb128 0xb
 1793 0041 01       		.uleb128 0x1
 1794 0042 13       		.uleb128 0x13
 1795 0043 00       		.byte	0
 1796 0044 00       		.byte	0
 1797 0045 06       		.uleb128 0x6
 1798 0046 0D       		.uleb128 0xd
 1799 0047 00       		.byte	0
 1800 0048 03       		.uleb128 0x3
 1801 0049 0E       		.uleb128 0xe
 1802 004a 3A       		.uleb128 0x3a
 1803 004b 0B       		.uleb128 0xb
 1804 004c 3B       		.uleb128 0x3b
 1805 004d 0B       		.uleb128 0xb
 1806 004e 49       		.uleb128 0x49
 1807 004f 13       		.uleb128 0x13
 1808 0050 38       		.uleb128 0x38
 1809 0051 0B       		.uleb128 0xb
 1810 0052 00       		.byte	0
 1811 0053 00       		.byte	0
 1812 0054 07       		.uleb128 0x7
 1813 0055 0D       		.uleb128 0xd
 1814 0056 00       		.byte	0
 1815 0057 03       		.uleb128 0x3
 1816 0058 08       		.uleb128 0x8
 1817 0059 3A       		.uleb128 0x3a
 1818 005a 0B       		.uleb128 0xb
 1819 005b 3B       		.uleb128 0x3b
ARM GAS  /tmp/ccijTRSS.s 			page 33


 1820 005c 0B       		.uleb128 0xb
 1821 005d 49       		.uleb128 0x49
 1822 005e 13       		.uleb128 0x13
 1823 005f 38       		.uleb128 0x38
 1824 0060 0B       		.uleb128 0xb
 1825 0061 00       		.byte	0
 1826 0062 00       		.byte	0
 1827 0063 08       		.uleb128 0x8
 1828 0064 13       		.uleb128 0x13
 1829 0065 01       		.byte	0x1
 1830 0066 0B       		.uleb128 0xb
 1831 0067 0B       		.uleb128 0xb
 1832 0068 3A       		.uleb128 0x3a
 1833 0069 0B       		.uleb128 0xb
 1834 006a 3B       		.uleb128 0x3b
 1835 006b 0B       		.uleb128 0xb
 1836 006c 01       		.uleb128 0x1
 1837 006d 13       		.uleb128 0x13
 1838 006e 00       		.byte	0
 1839 006f 00       		.byte	0
 1840 0070 09       		.uleb128 0x9
 1841 0071 0F       		.uleb128 0xf
 1842 0072 00       		.byte	0
 1843 0073 0B       		.uleb128 0xb
 1844 0074 0B       		.uleb128 0xb
 1845 0075 49       		.uleb128 0x49
 1846 0076 13       		.uleb128 0x13
 1847 0077 00       		.byte	0
 1848 0078 00       		.byte	0
 1849 0079 0A       		.uleb128 0xa
 1850 007a 0F       		.uleb128 0xf
 1851 007b 00       		.byte	0
 1852 007c 0B       		.uleb128 0xb
 1853 007d 0B       		.uleb128 0xb
 1854 007e 00       		.byte	0
 1855 007f 00       		.byte	0
 1856 0080 0B       		.uleb128 0xb
 1857 0081 13       		.uleb128 0x13
 1858 0082 01       		.byte	0x1
 1859 0083 03       		.uleb128 0x3
 1860 0084 0E       		.uleb128 0xe
 1861 0085 0B       		.uleb128 0xb
 1862 0086 0B       		.uleb128 0xb
 1863 0087 3A       		.uleb128 0x3a
 1864 0088 0B       		.uleb128 0xb
 1865 0089 3B       		.uleb128 0x3b
 1866 008a 05       		.uleb128 0x5
 1867 008b 01       		.uleb128 0x1
 1868 008c 13       		.uleb128 0x13
 1869 008d 00       		.byte	0
 1870 008e 00       		.byte	0
 1871 008f 0C       		.uleb128 0xc
 1872 0090 0D       		.uleb128 0xd
 1873 0091 00       		.byte	0
 1874 0092 03       		.uleb128 0x3
 1875 0093 08       		.uleb128 0x8
 1876 0094 3A       		.uleb128 0x3a
ARM GAS  /tmp/ccijTRSS.s 			page 34


 1877 0095 0B       		.uleb128 0xb
 1878 0096 3B       		.uleb128 0x3b
 1879 0097 05       		.uleb128 0x5
 1880 0098 49       		.uleb128 0x49
 1881 0099 13       		.uleb128 0x13
 1882 009a 38       		.uleb128 0x38
 1883 009b 0B       		.uleb128 0xb
 1884 009c 00       		.byte	0
 1885 009d 00       		.byte	0
 1886 009e 0D       		.uleb128 0xd
 1887 009f 35       		.uleb128 0x35
 1888 00a0 00       		.byte	0
 1889 00a1 49       		.uleb128 0x49
 1890 00a2 13       		.uleb128 0x13
 1891 00a3 00       		.byte	0
 1892 00a4 00       		.byte	0
 1893 00a5 0E       		.uleb128 0xe
 1894 00a6 17       		.uleb128 0x17
 1895 00a7 01       		.byte	0x1
 1896 00a8 0B       		.uleb128 0xb
 1897 00a9 0B       		.uleb128 0xb
 1898 00aa 3A       		.uleb128 0x3a
 1899 00ab 0B       		.uleb128 0xb
 1900 00ac 3B       		.uleb128 0x3b
 1901 00ad 0B       		.uleb128 0xb
 1902 00ae 01       		.uleb128 0x1
 1903 00af 13       		.uleb128 0x13
 1904 00b0 00       		.byte	0
 1905 00b1 00       		.byte	0
 1906 00b2 0F       		.uleb128 0xf
 1907 00b3 0D       		.uleb128 0xd
 1908 00b4 00       		.byte	0
 1909 00b5 03       		.uleb128 0x3
 1910 00b6 0E       		.uleb128 0xe
 1911 00b7 3A       		.uleb128 0x3a
 1912 00b8 0B       		.uleb128 0xb
 1913 00b9 3B       		.uleb128 0x3b
 1914 00ba 0B       		.uleb128 0xb
 1915 00bb 49       		.uleb128 0x49
 1916 00bc 13       		.uleb128 0x13
 1917 00bd 00       		.byte	0
 1918 00be 00       		.byte	0
 1919 00bf 10       		.uleb128 0x10
 1920 00c0 26       		.uleb128 0x26
 1921 00c1 00       		.byte	0
 1922 00c2 49       		.uleb128 0x49
 1923 00c3 13       		.uleb128 0x13
 1924 00c4 00       		.byte	0
 1925 00c5 00       		.byte	0
 1926 00c6 11       		.uleb128 0x11
 1927 00c7 01       		.uleb128 0x1
 1928 00c8 01       		.byte	0x1
 1929 00c9 49       		.uleb128 0x49
 1930 00ca 13       		.uleb128 0x13
 1931 00cb 01       		.uleb128 0x1
 1932 00cc 13       		.uleb128 0x13
 1933 00cd 00       		.byte	0
ARM GAS  /tmp/ccijTRSS.s 			page 35


 1934 00ce 00       		.byte	0
 1935 00cf 12       		.uleb128 0x12
 1936 00d0 21       		.uleb128 0x21
 1937 00d1 00       		.byte	0
 1938 00d2 49       		.uleb128 0x49
 1939 00d3 13       		.uleb128 0x13
 1940 00d4 2F       		.uleb128 0x2f
 1941 00d5 0B       		.uleb128 0xb
 1942 00d6 00       		.byte	0
 1943 00d7 00       		.byte	0
 1944 00d8 13       		.uleb128 0x13
 1945 00d9 13       		.uleb128 0x13
 1946 00da 01       		.byte	0x1
 1947 00db 0B       		.uleb128 0xb
 1948 00dc 0B       		.uleb128 0xb
 1949 00dd 3A       		.uleb128 0x3a
 1950 00de 0B       		.uleb128 0xb
 1951 00df 3B       		.uleb128 0x3b
 1952 00e0 05       		.uleb128 0x5
 1953 00e1 01       		.uleb128 0x1
 1954 00e2 13       		.uleb128 0x13
 1955 00e3 00       		.byte	0
 1956 00e4 00       		.byte	0
 1957 00e5 14       		.uleb128 0x14
 1958 00e6 0D       		.uleb128 0xd
 1959 00e7 00       		.byte	0
 1960 00e8 03       		.uleb128 0x3
 1961 00e9 0E       		.uleb128 0xe
 1962 00ea 3A       		.uleb128 0x3a
 1963 00eb 0B       		.uleb128 0xb
 1964 00ec 3B       		.uleb128 0x3b
 1965 00ed 05       		.uleb128 0x5
 1966 00ee 49       		.uleb128 0x49
 1967 00ef 13       		.uleb128 0x13
 1968 00f0 38       		.uleb128 0x38
 1969 00f1 0B       		.uleb128 0xb
 1970 00f2 00       		.byte	0
 1971 00f3 00       		.byte	0
 1972 00f4 15       		.uleb128 0x15
 1973 00f5 16       		.uleb128 0x16
 1974 00f6 00       		.byte	0
 1975 00f7 03       		.uleb128 0x3
 1976 00f8 0E       		.uleb128 0xe
 1977 00f9 3A       		.uleb128 0x3a
 1978 00fa 0B       		.uleb128 0xb
 1979 00fb 3B       		.uleb128 0x3b
 1980 00fc 05       		.uleb128 0x5
 1981 00fd 49       		.uleb128 0x49
 1982 00fe 13       		.uleb128 0x13
 1983 00ff 00       		.byte	0
 1984 0100 00       		.byte	0
 1985 0101 16       		.uleb128 0x16
 1986 0102 04       		.uleb128 0x4
 1987 0103 01       		.byte	0x1
 1988 0104 0B       		.uleb128 0xb
 1989 0105 0B       		.uleb128 0xb
 1990 0106 3A       		.uleb128 0x3a
ARM GAS  /tmp/ccijTRSS.s 			page 36


 1991 0107 0B       		.uleb128 0xb
 1992 0108 3B       		.uleb128 0x3b
 1993 0109 0B       		.uleb128 0xb
 1994 010a 01       		.uleb128 0x1
 1995 010b 13       		.uleb128 0x13
 1996 010c 00       		.byte	0
 1997 010d 00       		.byte	0
 1998 010e 17       		.uleb128 0x17
 1999 010f 28       		.uleb128 0x28
 2000 0110 00       		.byte	0
 2001 0111 03       		.uleb128 0x3
 2002 0112 0E       		.uleb128 0xe
 2003 0113 1C       		.uleb128 0x1c
 2004 0114 0D       		.uleb128 0xd
 2005 0115 00       		.byte	0
 2006 0116 00       		.byte	0
 2007 0117 18       		.uleb128 0x18
 2008 0118 15       		.uleb128 0x15
 2009 0119 01       		.byte	0x1
 2010 011a 27       		.uleb128 0x27
 2011 011b 19       		.uleb128 0x19
 2012 011c 49       		.uleb128 0x49
 2013 011d 13       		.uleb128 0x13
 2014 011e 01       		.uleb128 0x1
 2015 011f 13       		.uleb128 0x13
 2016 0120 00       		.byte	0
 2017 0121 00       		.byte	0
 2018 0122 19       		.uleb128 0x19
 2019 0123 05       		.uleb128 0x5
 2020 0124 00       		.byte	0
 2021 0125 49       		.uleb128 0x49
 2022 0126 13       		.uleb128 0x13
 2023 0127 00       		.byte	0
 2024 0128 00       		.byte	0
 2025 0129 1A       		.uleb128 0x1a
 2026 012a 2E       		.uleb128 0x2e
 2027 012b 01       		.byte	0x1
 2028 012c 3F       		.uleb128 0x3f
 2029 012d 19       		.uleb128 0x19
 2030 012e 03       		.uleb128 0x3
 2031 012f 0E       		.uleb128 0xe
 2032 0130 3A       		.uleb128 0x3a
 2033 0131 0B       		.uleb128 0xb
 2034 0132 3B       		.uleb128 0x3b
 2035 0133 0B       		.uleb128 0xb
 2036 0134 27       		.uleb128 0x27
 2037 0135 19       		.uleb128 0x19
 2038 0136 49       		.uleb128 0x49
 2039 0137 13       		.uleb128 0x13
 2040 0138 11       		.uleb128 0x11
 2041 0139 01       		.uleb128 0x1
 2042 013a 12       		.uleb128 0x12
 2043 013b 06       		.uleb128 0x6
 2044 013c 40       		.uleb128 0x40
 2045 013d 18       		.uleb128 0x18
 2046 013e 9642     		.uleb128 0x2116
 2047 0140 19       		.uleb128 0x19
ARM GAS  /tmp/ccijTRSS.s 			page 37


 2048 0141 01       		.uleb128 0x1
 2049 0142 13       		.uleb128 0x13
 2050 0143 00       		.byte	0
 2051 0144 00       		.byte	0
 2052 0145 1B       		.uleb128 0x1b
 2053 0146 05       		.uleb128 0x5
 2054 0147 00       		.byte	0
 2055 0148 03       		.uleb128 0x3
 2056 0149 08       		.uleb128 0x8
 2057 014a 3A       		.uleb128 0x3a
 2058 014b 0B       		.uleb128 0xb
 2059 014c 3B       		.uleb128 0x3b
 2060 014d 0B       		.uleb128 0xb
 2061 014e 49       		.uleb128 0x49
 2062 014f 13       		.uleb128 0x13
 2063 0150 02       		.uleb128 0x2
 2064 0151 18       		.uleb128 0x18
 2065 0152 00       		.byte	0
 2066 0153 00       		.byte	0
 2067 0154 1C       		.uleb128 0x1c
 2068 0155 34       		.uleb128 0x34
 2069 0156 00       		.byte	0
 2070 0157 03       		.uleb128 0x3
 2071 0158 0E       		.uleb128 0xe
 2072 0159 3A       		.uleb128 0x3a
 2073 015a 0B       		.uleb128 0xb
 2074 015b 3B       		.uleb128 0x3b
 2075 015c 0B       		.uleb128 0xb
 2076 015d 49       		.uleb128 0x49
 2077 015e 13       		.uleb128 0x13
 2078 015f 02       		.uleb128 0x2
 2079 0160 18       		.uleb128 0x18
 2080 0161 00       		.byte	0
 2081 0162 00       		.byte	0
 2082 0163 1D       		.uleb128 0x1d
 2083 0164 05       		.uleb128 0x5
 2084 0165 00       		.byte	0
 2085 0166 03       		.uleb128 0x3
 2086 0167 0E       		.uleb128 0xe
 2087 0168 3A       		.uleb128 0x3a
 2088 0169 0B       		.uleb128 0xb
 2089 016a 3B       		.uleb128 0x3b
 2090 016b 0B       		.uleb128 0xb
 2091 016c 49       		.uleb128 0x49
 2092 016d 13       		.uleb128 0x13
 2093 016e 02       		.uleb128 0x2
 2094 016f 18       		.uleb128 0x18
 2095 0170 00       		.byte	0
 2096 0171 00       		.byte	0
 2097 0172 1E       		.uleb128 0x1e
 2098 0173 2E       		.uleb128 0x2e
 2099 0174 00       		.byte	0
 2100 0175 3F       		.uleb128 0x3f
 2101 0176 19       		.uleb128 0x19
 2102 0177 03       		.uleb128 0x3
 2103 0178 0E       		.uleb128 0xe
 2104 0179 3A       		.uleb128 0x3a
ARM GAS  /tmp/ccijTRSS.s 			page 38


 2105 017a 0B       		.uleb128 0xb
 2106 017b 3B       		.uleb128 0x3b
 2107 017c 0B       		.uleb128 0xb
 2108 017d 27       		.uleb128 0x27
 2109 017e 19       		.uleb128 0x19
 2110 017f 49       		.uleb128 0x49
 2111 0180 13       		.uleb128 0x13
 2112 0181 11       		.uleb128 0x11
 2113 0182 01       		.uleb128 0x1
 2114 0183 12       		.uleb128 0x12
 2115 0184 06       		.uleb128 0x6
 2116 0185 40       		.uleb128 0x40
 2117 0186 18       		.uleb128 0x18
 2118 0187 9742     		.uleb128 0x2117
 2119 0189 19       		.uleb128 0x19
 2120 018a 00       		.byte	0
 2121 018b 00       		.byte	0
 2122 018c 1F       		.uleb128 0x1f
 2123 018d 34       		.uleb128 0x34
 2124 018e 00       		.byte	0
 2125 018f 03       		.uleb128 0x3
 2126 0190 0E       		.uleb128 0xe
 2127 0191 3A       		.uleb128 0x3a
 2128 0192 0B       		.uleb128 0xb
 2129 0193 3B       		.uleb128 0x3b
 2130 0194 05       		.uleb128 0x5
 2131 0195 49       		.uleb128 0x49
 2132 0196 13       		.uleb128 0x13
 2133 0197 3F       		.uleb128 0x3f
 2134 0198 19       		.uleb128 0x19
 2135 0199 3C       		.uleb128 0x3c
 2136 019a 19       		.uleb128 0x19
 2137 019b 00       		.byte	0
 2138 019c 00       		.byte	0
 2139 019d 20       		.uleb128 0x20
 2140 019e 34       		.uleb128 0x34
 2141 019f 00       		.byte	0
 2142 01a0 03       		.uleb128 0x3
 2143 01a1 0E       		.uleb128 0xe
 2144 01a2 3A       		.uleb128 0x3a
 2145 01a3 0B       		.uleb128 0xb
 2146 01a4 3B       		.uleb128 0x3b
 2147 01a5 0B       		.uleb128 0xb
 2148 01a6 49       		.uleb128 0x49
 2149 01a7 13       		.uleb128 0x13
 2150 01a8 3F       		.uleb128 0x3f
 2151 01a9 19       		.uleb128 0x19
 2152 01aa 3C       		.uleb128 0x3c
 2153 01ab 19       		.uleb128 0x19
 2154 01ac 00       		.byte	0
 2155 01ad 00       		.byte	0
 2156 01ae 00       		.byte	0
 2157              		.section	.debug_aranges,"",%progbits
 2158 0000 44000000 		.4byte	0x44
 2159 0004 0200     		.2byte	0x2
 2160 0006 00000000 		.4byte	.Ldebug_info0
 2161 000a 04       		.byte	0x4
ARM GAS  /tmp/ccijTRSS.s 			page 39


 2162 000b 00       		.byte	0
 2163 000c 0000     		.2byte	0
 2164 000e 0000     		.2byte	0
 2165 0010 00000000 		.4byte	.LFB118
 2166 0014 60000000 		.4byte	.LFE118-.LFB118
 2167 0018 00000000 		.4byte	.LFB119
 2168 001c 60000000 		.4byte	.LFE119-.LFB119
 2169 0020 00000000 		.4byte	.LFB120
 2170 0024 58000000 		.4byte	.LFE120-.LFB120
 2171 0028 00000000 		.4byte	.LFB121
 2172 002c 58000000 		.4byte	.LFE121-.LFB121
 2173 0030 00000000 		.4byte	.LFB122
 2174 0034 96000000 		.4byte	.LFE122-.LFB122
 2175 0038 00000000 		.4byte	.LFB123
 2176 003c 08000000 		.4byte	.LFE123-.LFB123
 2177 0040 00000000 		.4byte	0
 2178 0044 00000000 		.4byte	0
 2179              		.section	.debug_ranges,"",%progbits
 2180              	.Ldebug_ranges0:
 2181 0000 00000000 		.4byte	.LFB118
 2182 0004 60000000 		.4byte	.LFE118
 2183 0008 00000000 		.4byte	.LFB119
 2184 000c 60000000 		.4byte	.LFE119
 2185 0010 00000000 		.4byte	.LFB120
 2186 0014 58000000 		.4byte	.LFE120
 2187 0018 00000000 		.4byte	.LFB121
 2188 001c 58000000 		.4byte	.LFE121
 2189 0020 00000000 		.4byte	.LFB122
 2190 0024 96000000 		.4byte	.LFE122
 2191 0028 00000000 		.4byte	.LFB123
 2192 002c 08000000 		.4byte	.LFE123
 2193 0030 00000000 		.4byte	0
 2194 0034 00000000 		.4byte	0
 2195              		.section	.debug_line,"",%progbits
 2196              	.Ldebug_line0:
 2197 0000 B5020000 		.section	.debug_str,"MS",%progbits,1
 2197      02001302 
 2197      00000201 
 2197      FB0E0D00 
 2197      01010101 
 2198              	.LASF103:
 2199 0000 426C6F63 		.ascii	"BlockDeviceInfo\000"
 2199      6B446576 
 2199      69636549 
 2199      6E666F00 
 2200              	.LASF71:
 2201 0010 52455350 		.ascii	"RESP1\000"
 2201      3100
 2202              	.LASF72:
 2203 0016 52455350 		.ascii	"RESP2\000"
 2203      3200
 2204              	.LASF73:
 2205 001c 52455350 		.ascii	"RESP3\000"
 2205      3300
 2206              	.LASF132:
 2207 0022 5245535F 		.ascii	"RES_WRPRT\000"
 2207      57525052 
ARM GAS  /tmp/ccijTRSS.s 			page 40


 2207      5400
 2208              	.LASF65:
 2209 002c 4D304152 		.ascii	"M0AR\000"
 2209      00
 2210              	.LASF40:
 2211 0031 705F7469 		.ascii	"p_time\000"
 2211      6D6500
 2212              	.LASF102:
 2213 0038 626C6B5F 		.ascii	"blk_num\000"
 2213      6E756D00 
 2214              	.LASF59:
 2215 0040 7264796D 		.ascii	"rdymsg\000"
 2215      736700
 2216              	.LASF16:
 2217 0047 75696E74 		.ascii	"uint64_t\000"
 2217      36345F74 
 2217      00
 2218              	.LASF119:
 2219 0050 69735F70 		.ascii	"is_protected\000"
 2219      726F7465 
 2219      63746564 
 2219      00
 2220              	.LASF5:
 2221 005d 5F5F7569 		.ascii	"__uint8_t\000"
 2221      6E74385F 
 2221      7400
 2222              	.LASF133:
 2223 0067 5245535F 		.ascii	"RES_NOTRDY\000"
 2223      4E4F5452 
 2223      445900
 2224              	.LASF108:
 2225 0072 63617061 		.ascii	"capacity\000"
 2225      63697479 
 2225      00
 2226              	.LASF114:
 2227 007b 7364696F 		.ascii	"sdio\000"
 2227      00
 2228              	.LASF85:
 2229 0080 73747265 		.ascii	"stream\000"
 2229      616D00
 2230              	.LASF12:
 2231 0087 6C6F6E67 		.ascii	"long long unsigned int\000"
 2231      206C6F6E 
 2231      6720756E 
 2231      7369676E 
 2231      65642069 
 2232              	.LASF70:
 2233 009e 52455350 		.ascii	"RESPCMD\000"
 2233      434D4400 
 2234              	.LASF60:
 2235 00a6 65786974 		.ascii	"exitcode\000"
 2235      636F6465 
 2235      00
 2236              	.LASF89:
 2237 00af 76656374 		.ascii	"vector\000"
 2237      6F7200
 2238              	.LASF110:
ARM GAS  /tmp/ccijTRSS.s 			page 41


 2239 00b6 63617264 		.ascii	"cardmode\000"
 2239      6D6F6465 
 2239      00
 2240              	.LASF146:
 2241 00bf 49544D5F 		.ascii	"ITM_RxBuffer\000"
 2241      52784275 
 2241      66666572 
 2241      00
 2242              	.LASF100:
 2243 00cc 626C6B73 		.ascii	"blkstate_t\000"
 2243      74617465 
 2243      5F7400
 2244              	.LASF64:
 2245 00d7 4E445452 		.ascii	"NDTR\000"
 2245      00
 2246              	.LASF30:
 2247 00dc 705F7072 		.ascii	"p_prio\000"
 2247      696F00
 2248              	.LASF138:
 2249 00e3 73746174 		.ascii	"stat\000"
 2249      00
 2250              	.LASF10:
 2251 00e8 6C6F6E67 		.ascii	"long long int\000"
 2251      206C6F6E 
 2251      6720696E 
 2251      7400
 2252              	.LASF1:
 2253 00f6 7369676E 		.ascii	"signed char\000"
 2253      65642063 
 2253      68617200 
 2254              	.LASF140:
 2255 0102 62756666 		.ascii	"buff\000"
 2255      00
 2256              	.LASF47:
 2257 0107 705F6D70 		.ascii	"p_mpool\000"
 2257      6F6F6C00 
 2258              	.LASF17:
 2259 010f 626F6F6C 		.ascii	"bool_t\000"
 2259      5F7400
 2260              	.LASF56:
 2261 0116 6D5F7175 		.ascii	"m_queue\000"
 2261      65756500 
 2262              	.LASF121:
 2263 011e 64697363 		.ascii	"disconnect\000"
 2263      6F6E6E65 
 2263      637400
 2264              	.LASF22:
 2265 0129 74736C69 		.ascii	"tslices_t\000"
 2265      6365735F 
 2265      7400
 2266              	.LASF151:
 2267 0133 6765745F 		.ascii	"get_fattime\000"
 2267      66617474 
 2267      696D6500 
 2268              	.LASF107:
 2269 013f 73746174 		.ascii	"state\000"
 2269      6500
ARM GAS  /tmp/ccijTRSS.s 			page 42


 2270              	.LASF7:
 2271 0145 6C6F6E67 		.ascii	"long int\000"
 2271      20696E74 
 2271      00
 2272              	.LASF78:
 2273 014e 44434F55 		.ascii	"DCOUNT\000"
 2273      4E5400
 2274              	.LASF20:
 2275 0155 74737461 		.ascii	"tstate_t\000"
 2275      74655F74 
 2275      00
 2276              	.LASF134:
 2277 015e 5245535F 		.ascii	"RES_PARERR\000"
 2277      50415245 
 2277      525200
 2278              	.LASF92:
 2279 0169 424C4B5F 		.ascii	"BLK_STOP\000"
 2279      53544F50 
 2279      00
 2280              	.LASF128:
 2281 0172 44574F52 		.ascii	"DWORD\000"
 2281      4400
 2282              	.LASF32:
 2283 0178 705F6E65 		.ascii	"p_newer\000"
 2283      77657200 
 2284              	.LASF74:
 2285 0180 52455350 		.ascii	"RESP4\000"
 2285      3400
 2286              	.LASF125:
 2287 0186 6765745F 		.ascii	"get_info\000"
 2287      696E666F 
 2287      00
 2288              	.LASF148:
 2289 018f 474E5520 		.ascii	"GNU C 4.8.2 -mcpu=cortex-m4 -mno-thumb-interwork -m"
 2289      4320342E 
 2289      382E3220 
 2289      2D6D6370 
 2289      753D636F 
 2290 01c2 7468756D 		.ascii	"thumb -ggdb -O0 -fomit-frame-pointer -falign-functi"
 2290      62202D67 
 2290      67646220 
 2290      2D4F3020 
 2290      2D666F6D 
 2291 01f5 6F6E733D 		.ascii	"ons=16 -ffunction-sections -fdata-sections -fno-com"
 2291      3136202D 
 2291      6666756E 
 2291      6374696F 
 2291      6E2D7365 
 2292 0228 6D6F6E00 		.ascii	"mon\000"
 2293              	.LASF8:
 2294 022c 5F5F7569 		.ascii	"__uint32_t\000"
 2294      6E743332 
 2294      5F7400
 2295              	.LASF50:
 2296 0237 72656761 		.ascii	"regarm_t\000"
 2296      726D5F74 
 2296      00
ARM GAS  /tmp/ccijTRSS.s 			page 43


 2297              	.LASF88:
 2298 0240 73656C66 		.ascii	"selfindex\000"
 2298      696E6465 
 2298      7800
 2299              	.LASF115:
 2300 024a 64756D6D 		.ascii	"dummy\000"
 2300      7900
 2301              	.LASF101:
 2302 0250 626C6B5F 		.ascii	"blk_size\000"
 2302      73697A65 
 2302      00
 2303              	.LASF126:
 2304 0259 42595445 		.ascii	"BYTE\000"
 2304      00
 2305              	.LASF104:
 2306 025e 7364636D 		.ascii	"sdcmode_t\000"
 2306      6F64655F 
 2306      7400
 2307              	.LASF79:
 2308 0268 4D41534B 		.ascii	"MASK\000"
 2308      00
 2309              	.LASF147:
 2310 026d 53444344 		.ascii	"SDCD1\000"
 2310      3100
 2311              	.LASF37:
 2312 0273 705F666C 		.ascii	"p_flags\000"
 2312      61677300 
 2313              	.LASF35:
 2314 027b 705F7374 		.ascii	"p_stklimit\000"
 2314      6B6C696D 
 2314      697400
 2315              	.LASF0:
 2316 0286 756E7369 		.ascii	"unsigned int\000"
 2316      676E6564 
 2316      20696E74 
 2316      00
 2317              	.LASF111:
 2318 0293 6572726F 		.ascii	"errors\000"
 2318      727300
 2319              	.LASF105:
 2320 029a 73646366 		.ascii	"sdcflags_t\000"
 2320      6C616773 
 2320      5F7400
 2321              	.LASF42:
 2322 02a5 705F6D73 		.ascii	"p_msgqueue\000"
 2322      67717565 
 2322      756500
 2323              	.LASF137:
 2324 02b0 6469736B 		.ascii	"disk_status\000"
 2324      5F737461 
 2324      74757300 
 2325              	.LASF87:
 2326 02bc 69736869 		.ascii	"ishift\000"
 2326      667400
 2327              	.LASF4:
 2328 02c3 73686F72 		.ascii	"short unsigned int\000"
 2328      7420756E 
ARM GAS  /tmp/ccijTRSS.s 			page 44


 2328      7369676E 
 2328      65642069 
 2328      6E7400
 2329              	.LASF93:
 2330 02d6 424C4B5F 		.ascii	"BLK_ACTIVE\000"
 2330      41435449 
 2330      564500
 2331              	.LASF24:
 2332 02e1 6D73675F 		.ascii	"msg_t\000"
 2332      7400
 2333              	.LASF83:
 2334 02e7 4649464F 		.ascii	"FIFO\000"
 2334      00
 2335              	.LASF94:
 2336 02ec 424C4B5F 		.ascii	"BLK_CONNECTING\000"
 2336      434F4E4E 
 2336      45435449 
 2336      4E4700
 2337              	.LASF19:
 2338 02fb 746D6F64 		.ascii	"tmode_t\000"
 2338      655F7400 
 2339              	.LASF141:
 2340 0303 73656374 		.ascii	"sector\000"
 2340      6F7200
 2341              	.LASF49:
 2342 030a 54687265 		.ascii	"ThreadsList\000"
 2342      6164734C 
 2342      69737400 
 2343              	.LASF25:
 2344 0316 6576656E 		.ascii	"eventmask_t\000"
 2344      746D6173 
 2344      6B5F7400 
 2345              	.LASF6:
 2346 0322 5F5F696E 		.ascii	"__int32_t\000"
 2346      7433325F 
 2346      7400
 2347              	.LASF144:
 2348 032c 6469736B 		.ascii	"disk_ioctl\000"
 2348      5F696F63 
 2348      746C00
 2349              	.LASF51:
 2350 0337 73746B61 		.ascii	"stkalign_t\000"
 2350      6C69676E 
 2350      5F7400
 2351              	.LASF76:
 2352 0342 444C454E 		.ascii	"DLEN\000"
 2352      00
 2353              	.LASF123:
 2354 0347 77726974 		.ascii	"write\000"
 2354      6500
 2355              	.LASF139:
 2356 034d 6469736B 		.ascii	"disk_read\000"
 2356      5F726561 
 2356      6400
 2357              	.LASF97:
 2358 0357 424C4B5F 		.ascii	"BLK_READING\000"
 2358      52454144 
ARM GAS  /tmp/ccijTRSS.s 			page 45


 2358      494E4700 
 2359              	.LASF54:
 2360 0363 73697A65 		.ascii	"sizetype\000"
 2360      74797065 
 2360      00
 2361              	.LASF81:
 2362 036c 4649464F 		.ascii	"FIFOCNT\000"
 2362      434E5400 
 2363              	.LASF55:
 2364 0374 4D757465 		.ascii	"Mutex\000"
 2364      7800
 2365              	.LASF142:
 2366 037a 636F756E 		.ascii	"count\000"
 2366      7400
 2367              	.LASF149:
 2368 0380 2E2E2F2E 		.ascii	"../..//os/various/fatfs_bindings/fatfs_diskio.c\000"
 2368      2E2F2F6F 
 2368      732F7661 
 2368      72696F75 
 2368      732F6661 
 2369              	.LASF127:
 2370 03b0 574F5244 		.ascii	"WORD\000"
 2370      00
 2371              	.LASF68:
 2372 03b5 504F5745 		.ascii	"POWER\000"
 2372      5200
 2373              	.LASF130:
 2374 03bb 5245535F 		.ascii	"RES_OK\000"
 2374      4F4B00
 2375              	.LASF33:
 2376 03c2 705F6F6C 		.ascii	"p_older\000"
 2376      64657200 
 2377              	.LASF99:
 2378 03ca 424C4B5F 		.ascii	"BLK_SYNCING\000"
 2378      53594E43 
 2378      494E4700 
 2379              	.LASF96:
 2380 03d6 424C4B5F 		.ascii	"BLK_READY\000"
 2380      52454144 
 2380      5900
 2381              	.LASF48:
 2382 03e0 54687265 		.ascii	"ThreadsQueue\000"
 2382      61647351 
 2382      75657565 
 2382      00
 2383              	.LASF77:
 2384 03ed 44435452 		.ascii	"DCTRL\000"
 2384      4C00
 2385              	.LASF11:
 2386 03f3 5F5F7569 		.ascii	"__uint64_t\000"
 2386      6E743634 
 2386      5F7400
 2387              	.LASF150:
 2388 03fe 2F686F6D 		.ascii	"/home/ece497/vbox-shared/mplayer/ChibiOS-RT-stable_"
 2388      652F6563 
 2388      65343937 
 2388      2F76626F 
ARM GAS  /tmp/ccijTRSS.s 			page 46


 2388      782D7368 
 2389 0431 322E362E 		.ascii	"2.6.x/demos/SDCARD\000"
 2389      782F6465 
 2389      6D6F732F 
 2389      53444341 
 2389      524400
 2390              	.LASF69:
 2391 0444 434C4B43 		.ascii	"CLKCR\000"
 2391      5200
 2392              	.LASF21:
 2393 044a 74726566 		.ascii	"trefs_t\000"
 2393      735F7400 
 2394              	.LASF80:
 2395 0452 52455345 		.ascii	"RESERVED0\000"
 2395      52564544 
 2395      3000
 2396              	.LASF82:
 2397 045c 52455345 		.ascii	"RESERVED1\000"
 2397      52564544 
 2397      3100
 2398              	.LASF29:
 2399 0466 705F7072 		.ascii	"p_prev\000"
 2399      657600
 2400              	.LASF90:
 2401 046d 73746D33 		.ascii	"stm32_dma_stream_t\000"
 2401      325F646D 
 2401      615F7374 
 2401      7265616D 
 2401      5F7400
 2402              	.LASF23:
 2403 0480 74707269 		.ascii	"tprio_t\000"
 2403      6F5F7400 
 2404              	.LASF112:
 2405 0488 74687265 		.ascii	"thread\000"
 2405      616400
 2406              	.LASF18:
 2407 048f 5F426F6F 		.ascii	"_Bool\000"
 2407      6C00
 2408              	.LASF14:
 2409 0495 696E7433 		.ascii	"int32_t\000"
 2409      325F7400 
 2410              	.LASF2:
 2411 049d 756E7369 		.ascii	"unsigned char\000"
 2411      676E6564 
 2411      20636861 
 2411      7200
 2412              	.LASF136:
 2413 04ab 6469736B 		.ascii	"disk_initialize\000"
 2413      5F696E69 
 2413      7469616C 
 2413      697A6500 
 2414              	.LASF45:
 2415 04bb 705F6D74 		.ascii	"p_mtxlist\000"
 2415      786C6973 
 2415      7400
 2416              	.LASF3:
 2417 04c5 73686F72 		.ascii	"short int\000"
ARM GAS  /tmp/ccijTRSS.s 			page 47


 2417      7420696E 
 2417      7400
 2418              	.LASF36:
 2419 04cf 705F7374 		.ascii	"p_state\000"
 2419      61746500 
 2420              	.LASF98:
 2421 04d7 424C4B5F 		.ascii	"BLK_WRITING\000"
 2421      57524954 
 2421      494E4700 
 2422              	.LASF39:
 2423 04e3 705F7072 		.ascii	"p_preempt\000"
 2423      65656D70 
 2423      7400
 2424              	.LASF62:
 2425 04ed 65776D61 		.ascii	"ewmask\000"
 2425      736B00
 2426              	.LASF28:
 2427 04f4 705F6E65 		.ascii	"p_next\000"
 2427      787400
 2428              	.LASF117:
 2429 04fb 53444344 		.ascii	"SDCDriverVMT\000"
 2429      72697665 
 2429      72564D54 
 2429      00
 2430              	.LASF84:
 2431 0508 5344494F 		.ascii	"SDIO_TypeDef\000"
 2431      5F547970 
 2431      65446566 
 2431      00
 2432              	.LASF91:
 2433 0515 424C4B5F 		.ascii	"BLK_UNINIT\000"
 2433      554E494E 
 2433      495400
 2434              	.LASF27:
 2435 0520 54687265 		.ascii	"Thread\000"
 2435      616400
 2436              	.LASF120:
 2437 0527 636F6E6E 		.ascii	"connect\000"
 2437      65637400 
 2438              	.LASF44:
 2439 052f 705F6570 		.ascii	"p_epending\000"
 2439      656E6469 
 2439      6E6700
 2440              	.LASF86:
 2441 053a 69666372 		.ascii	"ifcr\000"
 2441      00
 2442              	.LASF15:
 2443 053f 75696E74 		.ascii	"uint32_t\000"
 2443      33325F74 
 2443      00
 2444              	.LASF135:
 2445 0548 44524553 		.ascii	"DRESULT\000"
 2445      554C5400 
 2446              	.LASF9:
 2447 0550 6C6F6E67 		.ascii	"long unsigned int\000"
 2447      20756E73 
 2447      69676E65 
ARM GAS  /tmp/ccijTRSS.s 			page 48


 2447      6420696E 
 2447      7400
 2448              	.LASF122:
 2449 0562 72656164 		.ascii	"read\000"
 2449      00
 2450              	.LASF63:
 2451 0567 63686172 		.ascii	"char\000"
 2451      00
 2452              	.LASF95:
 2453 056c 424C4B5F 		.ascii	"BLK_DISCONNECTING\000"
 2453      44495343 
 2453      4F4E4E45 
 2453      4354494E 
 2453      4700
 2454              	.LASF109:
 2455 057e 636F6E66 		.ascii	"config\000"
 2455      696700
 2456              	.LASF58:
 2457 0585 6D5F6E65 		.ascii	"m_next\000"
 2457      787400
 2458              	.LASF26:
 2459 058c 73797374 		.ascii	"systime_t\000"
 2459      696D655F 
 2459      7400
 2460              	.LASF46:
 2461 0596 705F7265 		.ascii	"p_realprio\000"
 2461      616C7072 
 2461      696F00
 2462              	.LASF129:
 2463 05a1 44535441 		.ascii	"DSTATUS\000"
 2463      54555300 
 2464              	.LASF75:
 2465 05a9 4454494D 		.ascii	"DTIMER\000"
 2465      455200
 2466              	.LASF67:
 2467 05b0 444D415F 		.ascii	"DMA_Stream_TypeDef\000"
 2467      53747265 
 2467      616D5F54 
 2467      79706544 
 2467      656600
 2468              	.LASF145:
 2469 05c3 6374726C 		.ascii	"ctrl\000"
 2469      00
 2470              	.LASF53:
 2471 05c8 636F6E74 		.ascii	"context\000"
 2471      65787400 
 2472              	.LASF143:
 2473 05d0 6469736B 		.ascii	"disk_write\000"
 2473      5F777269 
 2473      746500
 2474              	.LASF52:
 2475 05db 696E7463 		.ascii	"intctx\000"
 2475      747800
 2476              	.LASF118:
 2477 05e2 69735F69 		.ascii	"is_inserted\000"
 2477      6E736572 
 2477      74656400 
ARM GAS  /tmp/ccijTRSS.s 			page 49


 2478              	.LASF66:
 2479 05ee 4D314152 		.ascii	"M1AR\000"
 2479      00
 2480              	.LASF34:
 2481 05f3 705F6E61 		.ascii	"p_name\000"
 2481      6D6500
 2482              	.LASF38:
 2483 05fa 705F7265 		.ascii	"p_refs\000"
 2483      667300
 2484              	.LASF116:
 2485 0601 53444343 		.ascii	"SDCConfig\000"
 2485      6F6E6669 
 2485      6700
 2486              	.LASF13:
 2487 060b 75696E74 		.ascii	"uint8_t\000"
 2487      385F7400 
 2488              	.LASF124:
 2489 0613 73796E63 		.ascii	"sync\000"
 2489      00
 2490              	.LASF113:
 2491 0618 646D616D 		.ascii	"dmamode\000"
 2491      6F646500 
 2492              	.LASF61:
 2493 0620 77746F62 		.ascii	"wtobjp\000"
 2493      6A7000
 2494              	.LASF131:
 2495 0627 5245535F 		.ascii	"RES_ERROR\000"
 2495      4552524F 
 2495      5200
 2496              	.LASF43:
 2497 0631 705F6D73 		.ascii	"p_msg\000"
 2497      6700
 2498              	.LASF57:
 2499 0637 6D5F6F77 		.ascii	"m_owner\000"
 2499      6E657200 
 2500              	.LASF106:
 2501 063f 53444344 		.ascii	"SDCDriver\000"
 2501      72697665 
 2501      7200
 2502              	.LASF31:
 2503 0649 705F6374 		.ascii	"p_ctx\000"
 2503      7800
 2504              	.LASF41:
 2505 064f 705F7761 		.ascii	"p_waiting\000"
 2505      6974696E 
 2505      6700
 2506              		.ident	"GCC: (Arch Repository) 4.8.2"
ARM GAS  /tmp/ccijTRSS.s 			page 50


DEFINED SYMBOLS
                            *ABS*:0000000000000000 fatfs_diskio.c
     /tmp/ccijTRSS.s:19     .text.disk_initialize:0000000000000000 $t
     /tmp/ccijTRSS.s:25     .text.disk_initialize:0000000000000000 disk_initialize
     /tmp/ccijTRSS.s:85     .text.disk_status:0000000000000000 $t
     /tmp/ccijTRSS.s:91     .text.disk_status:0000000000000000 disk_status
     /tmp/ccijTRSS.s:150    .text.disk_read:0000000000000000 $t
     /tmp/ccijTRSS.s:156    .text.disk_read:0000000000000000 disk_read
     /tmp/ccijTRSS.s:216    .text.disk_write:0000000000000000 $t
     /tmp/ccijTRSS.s:222    .text.disk_write:0000000000000000 disk_write
     /tmp/ccijTRSS.s:282    .text.disk_ioctl:0000000000000000 $t
     /tmp/ccijTRSS.s:288    .text.disk_ioctl:0000000000000000 disk_ioctl
     /tmp/ccijTRSS.s:316    .text.disk_ioctl:0000000000000028 $d
     /tmp/ccijTRSS.s:323    .text.disk_ioctl:000000000000003c $t
     /tmp/ccijTRSS.s:383    .text.get_fattime:0000000000000000 $t
     /tmp/ccijTRSS.s:389    .text.get_fattime:0000000000000000 get_fattime
                     .debug_frame:0000000000000010 $d

UNDEFINED SYMBOLS
SDCD1
sdc_lld_is_write_protected
sdcRead
sdcWrite
sdcErase
