ARM GAS  /tmp/ccNZEzlj.s 			page 1


   1              		.syntax unified
   2              		.cpu cortex-m4
   3              		.fpu softvfp
   4              		.eabi_attribute 20, 1
   5              		.eabi_attribute 21, 1
   6              		.eabi_attribute 23, 3
   7              		.eabi_attribute 24, 1
   8              		.eabi_attribute 25, 1
   9              		.eabi_attribute 26, 1
  10              		.eabi_attribute 30, 6
  11              		.eabi_attribute 34, 1
  12              		.eabi_attribute 18, 4
  13              		.thumb
  14              		.file	"hal_lld.c"
  15              		.text
  16              	.Ltext0:
  17              		.cfi_sections	.debug_frame
  18              		.section	.text.hal_lld_backup_domain_init,"ax",%progbits
  19              		.align	2
  20              		.p2align 4,,15
  21              		.thumb
  22              		.thumb_func
  23              		.type	hal_lld_backup_domain_init, %function
  24              	hal_lld_backup_domain_init:
  25              	.LFB118:
  26              		.file 1 "../..//os/hal/platforms/STM32F4xx/hal_lld.c"
  27              		.loc 1 51 0
  28              		.cfi_startproc
  29              		@ args = 0, pretend = 0, frame = 0
  30              		@ frame_needed = 0, uses_anonymous_args = 0
  31              		@ link register save eliminated.
  32              		.loc 1 54 0
  33 0000 4FF4E043 		mov	r3, #28672
  34 0004 C4F20003 		movt	r3, 16384
  35 0008 4FF4E042 		mov	r2, #28672
  36 000c C4F20002 		movt	r2, 16384
  37 0010 1268     		ldr	r2, [r2]
  38 0012 42F48072 		orr	r2, r2, #256
  39 0016 1A60     		str	r2, [r3]
  40              		.loc 1 57 0
  41 0018 4FF46053 		mov	r3, #14336
  42 001c C4F20203 		movt	r3, 16386
  43 0020 1B6F     		ldr	r3, [r3, #112]
  44 0022 03F44073 		and	r3, r3, #768
  45 0026 B3F5007F 		cmp	r3, #512
  46 002a 0CD0     		beq	.L2
  47              		.loc 1 59 0
  48 002c 4FF46053 		mov	r3, #14336
  49 0030 C4F20203 		movt	r3, 16386
  50 0034 4FF48032 		mov	r2, #65536
  51 0038 1A67     		str	r2, [r3, #112]
  52              		.loc 1 60 0
  53 003a 4FF46053 		mov	r3, #14336
  54 003e C4F20203 		movt	r3, 16386
  55 0042 0022     		movs	r2, #0
  56 0044 1A67     		str	r2, [r3, #112]
  57              	.L2:
ARM GAS  /tmp/ccNZEzlj.s 			page 2


  58              		.loc 1 94 0
  59 0046 4FF4E043 		mov	r3, #28672
  60 004a C4F20003 		movt	r3, 16384
  61 004e 4FF4E042 		mov	r2, #28672
  62 0052 C4F20002 		movt	r2, 16384
  63 0056 5268     		ldr	r2, [r2, #4]
  64 0058 22F40072 		bic	r2, r2, #512
  65 005c 5A60     		str	r2, [r3, #4]
  66              		.loc 1 96 0
  67 005e 7047     		bx	lr
  68              		.cfi_endproc
  69              	.LFE118:
  70              		.size	hal_lld_backup_domain_init, .-hal_lld_backup_domain_init
  71              		.section	.text.hal_lld_init,"ax",%progbits
  72              		.align	2
  73              		.p2align 4,,15
  74              		.global	hal_lld_init
  75              		.thumb
  76              		.thumb_func
  77              		.type	hal_lld_init, %function
  78              	hal_lld_init:
  79              	.LFB119:
  80              		.loc 1 111 0
  81              		.cfi_startproc
  82              		@ args = 0, pretend = 0, frame = 0
  83              		@ frame_needed = 0, uses_anonymous_args = 0
  84 0000 08B5     		push	{r3, lr}
  85              		.cfi_def_cfa_offset 8
  86              		.cfi_offset 3, -8
  87              		.cfi_offset 14, -4
  88              		.loc 1 115 0
  89 0002 4FF46053 		mov	r3, #14336
  90 0006 C4F20203 		movt	r3, 16386
  91 000a 1B69     		ldr	r3, [r3, #16]
  92 000c 4FF46053 		mov	r3, #14336
  93 0010 C4F20203 		movt	r3, 16386
  94 0014 4FF0FF32 		mov	r2, #-1
  95 0018 1A61     		str	r2, [r3, #16]
  96 001a 4FF46053 		mov	r3, #14336
  97 001e C4F20203 		movt	r3, 16386
  98 0022 0022     		movs	r2, #0
  99 0024 1A61     		str	r2, [r3, #16]
 100              		.loc 1 116 0
 101 0026 4FF46053 		mov	r3, #14336
 102 002a C4F20203 		movt	r3, 16386
 103 002e 5B69     		ldr	r3, [r3, #20]
 104 0030 4FF46053 		mov	r3, #14336
 105 0034 C4F20203 		movt	r3, 16386
 106 0038 4FF0FF32 		mov	r2, #-1
 107 003c 5A61     		str	r2, [r3, #20]
 108 003e 4FF46053 		mov	r3, #14336
 109 0042 C4F20203 		movt	r3, 16386
 110 0046 0022     		movs	r2, #0
 111 0048 5A61     		str	r2, [r3, #20]
 112              		.loc 1 117 0
 113 004a 4FF46053 		mov	r3, #14336
 114 004e C4F20203 		movt	r3, 16386
ARM GAS  /tmp/ccNZEzlj.s 			page 3


 115 0052 4FF46052 		mov	r2, #14336
 116 0056 C4F20202 		movt	r2, 16386
 117 005a 126A     		ldr	r2, [r2, #32]
 118 005c 62F08052 		orn	r2, r2, #268435456
 119 0060 1A62     		str	r2, [r3, #32]
 120 0062 4FF46053 		mov	r3, #14336
 121 0066 C4F20203 		movt	r3, 16386
 122 006a 0022     		movs	r2, #0
 123 006c 1A62     		str	r2, [r3, #32]
 124              		.loc 1 118 0
 125 006e 4FF46053 		mov	r3, #14336
 126 0072 C4F20203 		movt	r3, 16386
 127 0076 5B6A     		ldr	r3, [r3, #36]
 128 0078 4FF46053 		mov	r3, #14336
 129 007c C4F20203 		movt	r3, 16386
 130 0080 4FF0FF32 		mov	r2, #-1
 131 0084 5A62     		str	r2, [r3, #36]
 132 0086 4FF46053 		mov	r3, #14336
 133 008a C4F20203 		movt	r3, 16386
 134 008e 0022     		movs	r2, #0
 135 0090 5A62     		str	r2, [r3, #36]
 136              		.loc 1 121 0
 137 0092 4EF21003 		movw	r3, #57360
 138 0096 CEF20003 		movt	r3, 57344
 139 009a 49F23F02 		movw	r2, #36927
 140 009e C0F20202 		movt	r2, 2
 141 00a2 5A60     		str	r2, [r3, #4]
 142              		.loc 1 122 0
 143 00a4 4EF21003 		movw	r3, #57360
 144 00a8 CEF20003 		movt	r3, 57344
 145 00ac 0022     		movs	r2, #0
 146 00ae 9A60     		str	r2, [r3, #8]
 147              		.loc 1 123 0
 148 00b0 4EF21003 		movw	r3, #57360
 149 00b4 CEF20003 		movt	r3, 57344
 150 00b8 0722     		movs	r2, #7
 151 00ba 1A60     		str	r2, [r3]
 152              		.loc 1 128 0
 153 00bc 4EF6F053 		movw	r3, #60912
 154 00c0 CEF20003 		movt	r3, 57344
 155 00c4 4EF6F052 		movw	r2, #60912
 156 00c8 CEF20002 		movt	r2, 57344
 157 00cc D268     		ldr	r2, [r2, #12]
 158 00ce 42F08072 		orr	r2, r2, #16777216
 159 00d2 DA60     		str	r2, [r3, #12]
 160              		.loc 1 129 0
 161 00d4 4FF48053 		mov	r3, #4096
 162 00d8 CEF20003 		movt	r3, 57344
 163 00dc 4FF48052 		mov	r2, #4096
 164 00e0 CEF20002 		movt	r2, 57344
 165 00e4 1268     		ldr	r2, [r2]
 166 00e6 42F00102 		orr	r2, r2, #1
 167 00ea 1A60     		str	r2, [r3]
 168              		.loc 1 132 0
 169 00ec 4FF46053 		mov	r3, #14336
 170 00f0 C4F20203 		movt	r3, 16386
 171 00f4 4FF46052 		mov	r2, #14336
ARM GAS  /tmp/ccNZEzlj.s 			page 4


 172 00f8 C4F20202 		movt	r2, 16386
 173 00fc 126C     		ldr	r2, [r2, #64]
 174 00fe 42F08052 		orr	r2, r2, #268435456
 175 0102 1A64     		str	r2, [r3, #64]
 176              		.loc 1 135 0
 177 0104 FFF7FEFF 		bl	hal_lld_backup_domain_init
 178              		.loc 1 138 0
 179 0108 FFF7FEFF 		bl	dmaInit
 180              		.loc 1 145 0
 181 010c 08BD     		pop	{r3, pc}
 182              		.cfi_endproc
 183              	.LFE119:
 184              		.size	hal_lld_init, .-hal_lld_init
 185 010e 00BF     		.section	.text.stm32_clock_init,"ax",%progbits
 186              		.align	2
 187              		.p2align 4,,15
 188              		.global	stm32_clock_init
 189              		.thumb
 190              		.thumb_func
 191              		.type	stm32_clock_init, %function
 192              	stm32_clock_init:
 193              	.LFB120:
 194              		.loc 1 154 0
 195              		.cfi_startproc
 196              		@ args = 0, pretend = 0, frame = 0
 197              		@ frame_needed = 0, uses_anonymous_args = 0
 198              		@ link register save eliminated.
 199              		.loc 1 158 0
 200 0000 4FF46053 		mov	r3, #14336
 201 0004 C4F20203 		movt	r3, 16386
 202 0008 4FF08052 		mov	r2, #268435456
 203 000c 1A64     		str	r2, [r3, #64]
 204              		.loc 1 162 0
 205 000e 4FF4E043 		mov	r3, #28672
 206 0012 C4F20003 		movt	r3, 16384
 207 0016 4FF44042 		mov	r2, #49152
 208 001a 1A60     		str	r2, [r3]
 209              		.loc 1 169 0
 210 001c 4FF46053 		mov	r3, #14336
 211 0020 C4F20203 		movt	r3, 16386
 212 0024 4FF46052 		mov	r2, #14336
 213 0028 C4F20202 		movt	r2, 16386
 214 002c 1268     		ldr	r2, [r2]
 215 002e 42F00102 		orr	r2, r2, #1
 216 0032 1A60     		str	r2, [r3]
 217              		.loc 1 170 0
 218 0034 00BF     		nop
 219              	.L5:
 220              		.loc 1 170 0 is_stmt 0 discriminator 1
 221 0036 4FF46053 		mov	r3, #14336
 222 003a C4F20203 		movt	r3, 16386
 223 003e 1B68     		ldr	r3, [r3]
 224 0040 03F00203 		and	r3, r3, #2
 225 0044 002B     		cmp	r3, #0
 226 0046 F6D0     		beq	.L5
 227              		.loc 1 172 0 is_stmt 1
 228 0048 4FF46053 		mov	r3, #14336
ARM GAS  /tmp/ccNZEzlj.s 			page 5


 229 004c C4F20203 		movt	r3, 16386
 230 0050 4FF46052 		mov	r2, #14336
 231 0054 C4F20202 		movt	r2, 16386
 232 0058 1268     		ldr	r2, [r2]
 233 005a 02F0F902 		and	r2, r2, #249
 234 005e 1A60     		str	r2, [r3]
 235              		.loc 1 173 0
 236 0060 4FF46053 		mov	r3, #14336
 237 0064 C4F20203 		movt	r3, 16386
 238 0068 0022     		movs	r2, #0
 239 006a 9A60     		str	r2, [r3, #8]
 240              		.loc 1 174 0
 241 006c 00BF     		nop
 242              	.L6:
 243              		.loc 1 174 0 is_stmt 0 discriminator 1
 244 006e 4FF46053 		mov	r3, #14336
 245 0072 C4F20203 		movt	r3, 16386
 246 0076 9B68     		ldr	r3, [r3, #8]
 247 0078 03F00C03 		and	r3, r3, #12
 248 007c 002B     		cmp	r3, #0
 249 007e F6D1     		bne	.L6
 250              		.loc 1 184 0 is_stmt 1
 251 0080 4FF46053 		mov	r3, #14336
 252 0084 C4F20203 		movt	r3, 16386
 253 0088 4FF46052 		mov	r2, #14336
 254 008c C4F20202 		movt	r2, 16386
 255 0090 1268     		ldr	r2, [r2]
 256 0092 42F48032 		orr	r2, r2, #65536
 257 0096 1A60     		str	r2, [r3]
 258              		.loc 1 186 0
 259 0098 00BF     		nop
 260              	.L7:
 261              		.loc 1 186 0 is_stmt 0 discriminator 1
 262 009a 4FF46053 		mov	r3, #14336
 263 009e C4F20203 		movt	r3, 16386
 264 00a2 1B68     		ldr	r3, [r3]
 265 00a4 03F40033 		and	r3, r3, #131072
 266 00a8 002B     		cmp	r3, #0
 267 00aa F6D0     		beq	.L7
 268              		.loc 1 192 0 is_stmt 1
 269 00ac 4FF46053 		mov	r3, #14336
 270 00b0 C4F20203 		movt	r3, 16386
 271 00b4 4FF46052 		mov	r2, #14336
 272 00b8 C4F20202 		movt	r2, 16386
 273 00bc 526F     		ldr	r2, [r2, #116]
 274 00be 42F00102 		orr	r2, r2, #1
 275 00c2 5A67     		str	r2, [r3, #116]
 276              		.loc 1 193 0
 277 00c4 00BF     		nop
 278              	.L8:
 279              		.loc 1 193 0 is_stmt 0 discriminator 1
 280 00c6 4FF46053 		mov	r3, #14336
 281 00ca C4F20203 		movt	r3, 16386
 282 00ce 5B6F     		ldr	r3, [r3, #116]
 283 00d0 03F00203 		and	r3, r3, #2
 284 00d4 002B     		cmp	r3, #0
 285 00d6 F6D0     		beq	.L8
ARM GAS  /tmp/ccNZEzlj.s 			page 6


 286              		.loc 1 199 0 is_stmt 1
 287 00d8 4FF46053 		mov	r3, #14336
 288 00dc C4F20203 		movt	r3, 16386
 289 00e0 45F20842 		movw	r2, #21512
 290 00e4 C0F24072 		movt	r2, 1856
 291 00e8 5A60     		str	r2, [r3, #4]
 292              		.loc 1 201 0
 293 00ea 4FF46053 		mov	r3, #14336
 294 00ee C4F20203 		movt	r3, 16386
 295 00f2 4FF46052 		mov	r2, #14336
 296 00f6 C4F20202 		movt	r2, 16386
 297 00fa 1268     		ldr	r2, [r2]
 298 00fc 42F08072 		orr	r2, r2, #16777216
 299 0100 1A60     		str	r2, [r3]
 300              		.loc 1 205 0
 301 0102 00BF     		nop
 302              	.L9:
 303              		.loc 1 205 0 is_stmt 0 discriminator 1
 304 0104 4FF4E043 		mov	r3, #28672
 305 0108 C4F20003 		movt	r3, 16384
 306 010c 5B68     		ldr	r3, [r3, #4]
 307 010e 03F48043 		and	r3, r3, #16384
 308 0112 002B     		cmp	r3, #0
 309 0114 F6D0     		beq	.L9
 310              		.loc 1 221 0 is_stmt 1
 311 0116 00BF     		nop
 312              	.L10:
 313              		.loc 1 221 0 is_stmt 0 discriminator 1
 314 0118 4FF46053 		mov	r3, #14336
 315 011c C4F20203 		movt	r3, 16386
 316 0120 1B68     		ldr	r3, [r3]
 317 0122 03F00073 		and	r3, r3, #33554432
 318 0126 002B     		cmp	r3, #0
 319 0128 F6D0     		beq	.L10
 320              		.loc 1 236 0 is_stmt 1
 321 012a 4FF46053 		mov	r3, #14336
 322 012e C4F20203 		movt	r3, 16386
 323 0132 4FF41442 		mov	r2, #37888
 324 0136 C3F60802 		movt	r2, 14344
 325 013a 9A60     		str	r2, [r3, #8]
 326              		.loc 1 249 0
 327 013c 4FF47053 		mov	r3, #15360
 328 0140 C4F20203 		movt	r3, 16386
 329 0144 40F20572 		movw	r2, #1797
 330 0148 1A60     		str	r2, [r3]
 331              		.loc 1 255 0
 332 014a 4FF46053 		mov	r3, #14336
 333 014e C4F20203 		movt	r3, 16386
 334 0152 4FF46052 		mov	r2, #14336
 335 0156 C4F20202 		movt	r2, 16386
 336 015a 9268     		ldr	r2, [r2, #8]
 337 015c 42F00202 		orr	r2, r2, #2
 338 0160 9A60     		str	r2, [r3, #8]
 339              		.loc 1 256 0
 340 0162 00BF     		nop
 341              	.L11:
 342              		.loc 1 256 0 is_stmt 0 discriminator 1
ARM GAS  /tmp/ccNZEzlj.s 			page 7


 343 0164 4FF46053 		mov	r3, #14336
 344 0168 C4F20203 		movt	r3, 16386
 345 016c 9B68     		ldr	r3, [r3, #8]
 346 016e 03F00C03 		and	r3, r3, #12
 347 0172 082B     		cmp	r3, #8
 348 0174 F6D1     		bne	.L11
 349              		.loc 1 263 0 is_stmt 1
 350 0176 4FF46053 		mov	r3, #14336
 351 017a C4F20203 		movt	r3, 16386
 352 017e 4FF46052 		mov	r2, #14336
 353 0182 C4F20202 		movt	r2, 16386
 354 0186 526C     		ldr	r2, [r2, #68]
 355 0188 42F48042 		orr	r2, r2, #16384
 356 018c 5A64     		str	r2, [r3, #68]
 357 018e 4FF46053 		mov	r3, #14336
 358 0192 C4F20203 		movt	r3, 16386
 359 0196 4FF46052 		mov	r2, #14336
 360 019a C4F20202 		movt	r2, 16386
 361 019e 526E     		ldr	r2, [r2, #100]
 362 01a0 42F48042 		orr	r2, r2, #16384
 363 01a4 5A66     		str	r2, [r3, #100]
 364              		.loc 1 264 0
 365 01a6 7047     		bx	lr
 366              		.cfi_endproc
 367              	.LFE120:
 368              		.size	stm32_clock_init, .-stm32_clock_init
 369 01a8 AFF30080 		.text
 369      AFF30080 
 370              	.Letext0:
 371              		.file 2 "/usr/arm-none-eabi/include/machine/_default_types.h"
 372              		.file 3 "/usr/arm-none-eabi/include/stdint.h"
 373              		.file 4 "../..//os/ports/common/ARMCMx/nvic.h"
 374              		.file 5 "../..//os/ports/common/ARMCMx/CMSIS/include/core_cm4.h"
 375              		.file 6 "../..//os/hal/platforms/STM32F4xx/stm32f4xx.h"
 376              		.section	.debug_info,"",%progbits
 377              	.Ldebug_info0:
 378 0000 71040000 		.4byte	0x471
 379 0004 0400     		.2byte	0x4
 380 0006 00000000 		.4byte	.Ldebug_abbrev0
 381 000a 04       		.byte	0x4
 382 000b 01       		.uleb128 0x1
 383 000c F9020000 		.4byte	.LASF72
 384 0010 01       		.byte	0x1
 385 0011 33000000 		.4byte	.LASF73
 386 0015 F7010000 		.4byte	.LASF74
 387 0019 00000000 		.4byte	.Ldebug_ranges0+0
 388 001d 00000000 		.4byte	0
 389 0021 00000000 		.4byte	.Ldebug_line0
 390 0025 02       		.uleb128 0x2
 391 0026 04       		.byte	0x4
 392 0027 05       		.byte	0x5
 393 0028 696E7400 		.ascii	"int\000"
 394 002c 03       		.uleb128 0x3
 395 002d 04       		.byte	0x4
 396 002e 07       		.byte	0x7
 397 002f C2010000 		.4byte	.LASF0
 398 0033 03       		.uleb128 0x3
ARM GAS  /tmp/ccNZEzlj.s 			page 8


 399 0034 01       		.byte	0x1
 400 0035 06       		.byte	0x6
 401 0036 96010000 		.4byte	.LASF1
 402 003a 03       		.uleb128 0x3
 403 003b 01       		.byte	0x1
 404 003c 08       		.byte	0x8
 405 003d 80010000 		.4byte	.LASF2
 406 0041 03       		.uleb128 0x3
 407 0042 02       		.byte	0x2
 408 0043 05       		.byte	0x5
 409 0044 29000000 		.4byte	.LASF3
 410 0048 03       		.uleb128 0x3
 411 0049 02       		.byte	0x2
 412 004a 07       		.byte	0x7
 413 004b 4A020000 		.4byte	.LASF4
 414 004f 04       		.uleb128 0x4
 415 0050 E3020000 		.4byte	.LASF6
 416 0054 02       		.byte	0x2
 417 0055 37       		.byte	0x37
 418 0056 5A000000 		.4byte	0x5a
 419 005a 03       		.uleb128 0x3
 420 005b 04       		.byte	0x4
 421 005c 05       		.byte	0x5
 422 005d 36010000 		.4byte	.LASF5
 423 0061 04       		.uleb128 0x4
 424 0062 91000000 		.4byte	.LASF7
 425 0066 02       		.byte	0x2
 426 0067 38       		.byte	0x38
 427 0068 6C000000 		.4byte	0x6c
 428 006c 03       		.uleb128 0x3
 429 006d 04       		.byte	0x4
 430 006e 07       		.byte	0x7
 431 006f D8010000 		.4byte	.LASF8
 432 0073 03       		.uleb128 0x3
 433 0074 08       		.byte	0x8
 434 0075 05       		.byte	0x5
 435 0076 15010000 		.4byte	.LASF9
 436 007a 03       		.uleb128 0x3
 437 007b 08       		.byte	0x8
 438 007c 07       		.byte	0x7
 439 007d A2010000 		.4byte	.LASF10
 440 0081 04       		.uleb128 0x4
 441 0082 74020000 		.4byte	.LASF11
 442 0086 03       		.byte	0x3
 443 0087 41       		.byte	0x41
 444 0088 4F000000 		.4byte	0x4f
 445 008c 04       		.uleb128 0x4
 446 008d B9010000 		.4byte	.LASF12
 447 0091 03       		.byte	0x3
 448 0092 42       		.byte	0x42
 449 0093 61000000 		.4byte	0x61
 450 0097 03       		.uleb128 0x3
 451 0098 01       		.byte	0x1
 452 0099 02       		.byte	0x2
 453 009a 7C020000 		.4byte	.LASF13
 454 009e 04       		.uleb128 0x4
 455 009f 05010000 		.4byte	.LASF14
ARM GAS  /tmp/ccNZEzlj.s 			page 9


 456 00a3 04       		.byte	0x4
 457 00a4 3A       		.byte	0x3a
 458 00a5 A9000000 		.4byte	0xa9
 459 00a9 05       		.uleb128 0x5
 460 00aa 8C000000 		.4byte	0x8c
 461 00ae 03       		.uleb128 0x3
 462 00af 04       		.byte	0x4
 463 00b0 07       		.byte	0x7
 464 00b1 5F000000 		.4byte	.LASF15
 465 00b5 06       		.uleb128 0x6
 466 00b6 10       		.byte	0x10
 467 00b7 04       		.byte	0x4
 468 00b8 F1       		.byte	0xf1
 469 00b9 EE000000 		.4byte	0xee
 470 00bd 07       		.uleb128 0x7
 471 00be 30010000 		.4byte	.LASF16
 472 00c2 04       		.byte	0x4
 473 00c3 F2       		.byte	0xf2
 474 00c4 9E000000 		.4byte	0x9e
 475 00c8 00       		.byte	0
 476 00c9 07       		.uleb128 0x7
 477 00ca D6000000 		.4byte	.LASF17
 478 00ce 04       		.byte	0x4
 479 00cf F3       		.byte	0xf3
 480 00d0 9E000000 		.4byte	0x9e
 481 00d4 04       		.byte	0x4
 482 00d5 07       		.uleb128 0x7
 483 00d6 F7000000 		.4byte	.LASF18
 484 00da 04       		.byte	0x4
 485 00db F4       		.byte	0xf4
 486 00dc 9E000000 		.4byte	0x9e
 487 00e0 08       		.byte	0x8
 488 00e1 07       		.uleb128 0x7
 489 00e2 23000000 		.4byte	.LASF19
 490 00e6 04       		.byte	0x4
 491 00e7 F5       		.byte	0xf5
 492 00e8 9E000000 		.4byte	0x9e
 493 00ec 0C       		.byte	0xc
 494 00ed 00       		.byte	0
 495 00ee 04       		.uleb128 0x4
 496 00ef 6C020000 		.4byte	.LASF20
 497 00f3 04       		.byte	0x4
 498 00f4 F6       		.byte	0xf6
 499 00f5 B5000000 		.4byte	0xb5
 500 00f9 08       		.uleb128 0x8
 501 00fa 20       		.byte	0x20
 502 00fb 04       		.byte	0x4
 503 00fc 0601     		.2byte	0x106
 504 00fe 6B010000 		.4byte	0x16b
 505 0102 09       		.uleb128 0x9
 506 0103 AA000000 		.4byte	.LASF21
 507 0107 04       		.byte	0x4
 508 0108 0701     		.2byte	0x107
 509 010a 9E000000 		.4byte	0x9e
 510 010e 00       		.byte	0
 511 010f 09       		.uleb128 0x9
 512 0110 23010000 		.4byte	.LASF22
ARM GAS  /tmp/ccNZEzlj.s 			page 10


 513 0114 04       		.byte	0x4
 514 0115 0801     		.2byte	0x108
 515 0117 9E000000 		.4byte	0x9e
 516 011b 04       		.byte	0x4
 517 011c 09       		.uleb128 0x9
 518 011d BD000000 		.4byte	.LASF23
 519 0121 04       		.byte	0x4
 520 0122 0901     		.2byte	0x109
 521 0124 9E000000 		.4byte	0x9e
 522 0128 08       		.byte	0x8
 523 0129 09       		.uleb128 0x9
 524 012a 79010000 		.4byte	.LASF24
 525 012e 04       		.byte	0x4
 526 012f 0A01     		.2byte	0x10a
 527 0131 9E000000 		.4byte	0x9e
 528 0135 0C       		.byte	0xc
 529 0136 09       		.uleb128 0x9
 530 0137 DA020000 		.4byte	.LASF25
 531 013b 04       		.byte	0x4
 532 013c 0B01     		.2byte	0x10b
 533 013e 9E000000 		.4byte	0x9e
 534 0142 10       		.byte	0x10
 535 0143 09       		.uleb128 0x9
 536 0144 ED020000 		.4byte	.LASF26
 537 0148 04       		.byte	0x4
 538 0149 0C01     		.2byte	0x10c
 539 014b 9E000000 		.4byte	0x9e
 540 014f 14       		.byte	0x14
 541 0150 09       		.uleb128 0x9
 542 0151 72000000 		.4byte	.LASF27
 543 0155 04       		.byte	0x4
 544 0156 0D01     		.2byte	0x10d
 545 0158 9E000000 		.4byte	0x9e
 546 015c 18       		.byte	0x18
 547 015d 09       		.uleb128 0x9
 548 015e 6D000000 		.4byte	.LASF28
 549 0162 04       		.byte	0x4
 550 0163 0E01     		.2byte	0x10e
 551 0165 9E000000 		.4byte	0x9e
 552 0169 1C       		.byte	0x1c
 553 016a 00       		.byte	0
 554 016b 0A       		.uleb128 0xa
 555 016c 8C020000 		.4byte	.LASF29
 556 0170 04       		.byte	0x4
 557 0171 0F01     		.2byte	0x10f
 558 0173 F9000000 		.4byte	0xf9
 559 0177 03       		.uleb128 0x3
 560 0178 01       		.byte	0x1
 561 0179 08       		.byte	0x8
 562 017a 67020000 		.4byte	.LASF30
 563 017e 0B       		.uleb128 0xb
 564 017f A9000000 		.4byte	0xa9
 565 0183 0C       		.uleb128 0xc
 566 0184 8C000000 		.4byte	0x8c
 567 0188 93010000 		.4byte	0x193
 568 018c 0D       		.uleb128 0xd
 569 018d AE000000 		.4byte	0xae
ARM GAS  /tmp/ccNZEzlj.s 			page 11


 570 0191 01       		.byte	0x1
 571 0192 00       		.byte	0
 572 0193 08       		.uleb128 0x8
 573 0194 10       		.byte	0x10
 574 0195 05       		.byte	0x5
 575 0196 6002     		.2byte	0x260
 576 0198 D1010000 		.4byte	0x1d1
 577 019c 09       		.uleb128 0x9
 578 019d AA000000 		.4byte	.LASF21
 579 01a1 05       		.byte	0x5
 580 01a2 6202     		.2byte	0x262
 581 01a4 A9000000 		.4byte	0xa9
 582 01a8 00       		.byte	0
 583 01a9 09       		.uleb128 0x9
 584 01aa F4020000 		.4byte	.LASF31
 585 01ae 05       		.byte	0x5
 586 01af 6302     		.2byte	0x263
 587 01b1 A9000000 		.4byte	0xa9
 588 01b5 04       		.byte	0x4
 589 01b6 0E       		.uleb128 0xe
 590 01b7 56414C00 		.ascii	"VAL\000"
 591 01bb 05       		.byte	0x5
 592 01bc 6402     		.2byte	0x264
 593 01be A9000000 		.4byte	0xa9
 594 01c2 08       		.byte	0x8
 595 01c3 09       		.uleb128 0x9
 596 01c4 2A010000 		.4byte	.LASF32
 597 01c8 05       		.byte	0x5
 598 01c9 6502     		.2byte	0x265
 599 01cb 7E010000 		.4byte	0x17e
 600 01cf 0C       		.byte	0xc
 601 01d0 00       		.byte	0
 602 01d1 0A       		.uleb128 0xa
 603 01d2 3D020000 		.4byte	.LASF33
 604 01d6 05       		.byte	0x5
 605 01d7 6602     		.2byte	0x266
 606 01d9 93010000 		.4byte	0x193
 607 01dd 05       		.uleb128 0x5
 608 01de 81000000 		.4byte	0x81
 609 01e2 08       		.uleb128 0x8
 610 01e3 1C       		.byte	0x1c
 611 01e4 06       		.byte	0x6
 612 01e5 3E03     		.2byte	0x33e
 613 01e7 45020000 		.4byte	0x245
 614 01eb 0E       		.uleb128 0xe
 615 01ec 41435200 		.ascii	"ACR\000"
 616 01f0 06       		.byte	0x6
 617 01f1 4003     		.2byte	0x340
 618 01f3 A9000000 		.4byte	0xa9
 619 01f7 00       		.byte	0
 620 01f8 09       		.uleb128 0x9
 621 01f9 74010000 		.4byte	.LASF34
 622 01fd 06       		.byte	0x6
 623 01fe 4103     		.2byte	0x341
 624 0200 A9000000 		.4byte	0xa9
 625 0204 04       		.byte	0x4
 626 0205 09       		.uleb128 0x9
ARM GAS  /tmp/ccNZEzlj.s 			page 12


 627 0206 0D010000 		.4byte	.LASF35
 628 020a 06       		.byte	0x6
 629 020b 4203     		.2byte	0x342
 630 020d A9000000 		.4byte	0xa9
 631 0211 08       		.byte	0x8
 632 0212 0E       		.uleb128 0xe
 633 0213 535200   		.ascii	"SR\000"
 634 0216 06       		.byte	0x6
 635 0217 4303     		.2byte	0x343
 636 0219 A9000000 		.4byte	0xa9
 637 021d 0C       		.byte	0xc
 638 021e 0E       		.uleb128 0xe
 639 021f 435200   		.ascii	"CR\000"
 640 0222 06       		.byte	0x6
 641 0223 4403     		.2byte	0x344
 642 0225 A9000000 		.4byte	0xa9
 643 0229 10       		.byte	0x10
 644 022a 09       		.uleb128 0x9
 645 022b CF030000 		.4byte	.LASF36
 646 022f 06       		.byte	0x6
 647 0230 4503     		.2byte	0x345
 648 0232 A9000000 		.4byte	0xa9
 649 0236 14       		.byte	0x14
 650 0237 09       		.uleb128 0x9
 651 0238 65010000 		.4byte	.LASF37
 652 023c 06       		.byte	0x6
 653 023d 4603     		.2byte	0x346
 654 023f A9000000 		.4byte	0xa9
 655 0243 18       		.byte	0x18
 656 0244 00       		.byte	0
 657 0245 0A       		.uleb128 0xa
 658 0246 9F030000 		.4byte	.LASF38
 659 024a 06       		.byte	0x6
 660 024b 4703     		.2byte	0x347
 661 024d E2010000 		.4byte	0x1e2
 662 0251 08       		.uleb128 0x8
 663 0252 08       		.byte	0x8
 664 0253 06       		.byte	0x6
 665 0254 4E04     		.2byte	0x44e
 666 0256 74020000 		.4byte	0x274
 667 025a 0E       		.uleb128 0xe
 668 025b 435200   		.ascii	"CR\000"
 669 025e 06       		.byte	0x6
 670 025f 5004     		.2byte	0x450
 671 0261 A9000000 		.4byte	0xa9
 672 0265 00       		.byte	0
 673 0266 0E       		.uleb128 0xe
 674 0267 43535200 		.ascii	"CSR\000"
 675 026b 06       		.byte	0x6
 676 026c 5104     		.2byte	0x451
 677 026e A9000000 		.4byte	0xa9
 678 0272 04       		.byte	0x4
 679 0273 00       		.byte	0
 680 0274 0A       		.uleb128 0xa
 681 0275 85000000 		.4byte	.LASF39
 682 0279 06       		.byte	0x6
 683 027a 5204     		.2byte	0x452
ARM GAS  /tmp/ccNZEzlj.s 			page 13


 684 027c 51020000 		.4byte	0x251
 685 0280 08       		.uleb128 0x8
 686 0281 90       		.byte	0x90
 687 0282 06       		.byte	0x6
 688 0283 5804     		.2byte	0x458
 689 0285 29040000 		.4byte	0x429
 690 0289 0E       		.uleb128 0xe
 691 028a 435200   		.ascii	"CR\000"
 692 028d 06       		.byte	0x6
 693 028e 5A04     		.2byte	0x45a
 694 0290 A9000000 		.4byte	0xa9
 695 0294 00       		.byte	0
 696 0295 09       		.uleb128 0x9
 697 0296 0A000000 		.4byte	.LASF40
 698 029a 06       		.byte	0x6
 699 029b 5B04     		.2byte	0x45b
 700 029d A9000000 		.4byte	0xa9
 701 02a1 04       		.byte	0x4
 702 02a2 09       		.uleb128 0x9
 703 02a3 B8000000 		.4byte	.LASF41
 704 02a7 06       		.byte	0x6
 705 02a8 5C04     		.2byte	0x45c
 706 02aa A9000000 		.4byte	0xa9
 707 02ae 08       		.byte	0x8
 708 02af 0E       		.uleb128 0xe
 709 02b0 43495200 		.ascii	"CIR\000"
 710 02b4 06       		.byte	0x6
 711 02b5 5D04     		.2byte	0x45d
 712 02b7 A9000000 		.4byte	0xa9
 713 02bb 0C       		.byte	0xc
 714 02bc 09       		.uleb128 0x9
 715 02bd AF000000 		.4byte	.LASF42
 716 02c1 06       		.byte	0x6
 717 02c2 5E04     		.2byte	0x45e
 718 02c4 A9000000 		.4byte	0xa9
 719 02c8 10       		.byte	0x10
 720 02c9 09       		.uleb128 0x9
 721 02ca CF010000 		.4byte	.LASF43
 722 02ce 06       		.byte	0x6
 723 02cf 5F04     		.2byte	0x45f
 724 02d1 A9000000 		.4byte	0xa9
 725 02d5 14       		.byte	0x14
 726 02d6 09       		.uleb128 0x9
 727 02d7 96030000 		.4byte	.LASF44
 728 02db 06       		.byte	0x6
 729 02dc 6004     		.2byte	0x460
 730 02de A9000000 		.4byte	0xa9
 731 02e2 18       		.byte	0x18
 732 02e3 09       		.uleb128 0x9
 733 02e4 94020000 		.4byte	.LASF45
 734 02e8 06       		.byte	0x6
 735 02e9 6104     		.2byte	0x461
 736 02eb 8C000000 		.4byte	0x8c
 737 02ef 1C       		.byte	0x1c
 738 02f0 09       		.uleb128 0x9
 739 02f1 12000000 		.4byte	.LASF46
 740 02f5 06       		.byte	0x6
ARM GAS  /tmp/ccNZEzlj.s 			page 14


 741 02f6 6204     		.2byte	0x462
 742 02f8 A9000000 		.4byte	0xa9
 743 02fc 20       		.byte	0x20
 744 02fd 09       		.uleb128 0x9
 745 02fe 4B010000 		.4byte	.LASF47
 746 0302 06       		.byte	0x6
 747 0303 6304     		.2byte	0x463
 748 0305 A9000000 		.4byte	0xa9
 749 0309 24       		.byte	0x24
 750 030a 09       		.uleb128 0x9
 751 030b 9E020000 		.4byte	.LASF48
 752 030f 06       		.byte	0x6
 753 0310 6404     		.2byte	0x464
 754 0312 83010000 		.4byte	0x183
 755 0316 28       		.byte	0x28
 756 0317 09       		.uleb128 0x9
 757 0318 9C000000 		.4byte	.LASF49
 758 031c 06       		.byte	0x6
 759 031d 6504     		.2byte	0x465
 760 031f A9000000 		.4byte	0xa9
 761 0323 30       		.byte	0x30
 762 0324 09       		.uleb128 0x9
 763 0325 1B000000 		.4byte	.LASF50
 764 0329 06       		.byte	0x6
 765 032a 6604     		.2byte	0x466
 766 032c A9000000 		.4byte	0xa9
 767 0330 34       		.byte	0x34
 768 0331 09       		.uleb128 0x9
 769 0332 6C010000 		.4byte	.LASF51
 770 0336 06       		.byte	0x6
 771 0337 6704     		.2byte	0x467
 772 0339 A9000000 		.4byte	0xa9
 773 033d 38       		.byte	0x38
 774 033e 09       		.uleb128 0x9
 775 033f A8020000 		.4byte	.LASF52
 776 0343 06       		.byte	0x6
 777 0344 6804     		.2byte	0x468
 778 0346 8C000000 		.4byte	0x8c
 779 034a 3C       		.byte	0x3c
 780 034b 09       		.uleb128 0x9
 781 034c CE000000 		.4byte	.LASF53
 782 0350 06       		.byte	0x6
 783 0351 6904     		.2byte	0x469
 784 0353 A9000000 		.4byte	0xa9
 785 0357 40       		.byte	0x40
 786 0358 09       		.uleb128 0x9
 787 0359 8E010000 		.4byte	.LASF54
 788 035d 06       		.byte	0x6
 789 035e 6A04     		.2byte	0x46a
 790 0360 A9000000 		.4byte	0xa9
 791 0364 44       		.byte	0x44
 792 0365 09       		.uleb128 0x9
 793 0366 B2020000 		.4byte	.LASF55
 794 036a 06       		.byte	0x6
 795 036b 6B04     		.2byte	0x46b
 796 036d 83010000 		.4byte	0x183
 797 0371 48       		.byte	0x48
ARM GAS  /tmp/ccNZEzlj.s 			page 15


 798 0372 09       		.uleb128 0x9
 799 0373 00000000 		.4byte	.LASF56
 800 0377 06       		.byte	0x6
 801 0378 6C04     		.2byte	0x46c
 802 037a A9000000 		.4byte	0xa9
 803 037e 50       		.byte	0x50
 804 037f 09       		.uleb128 0x9
 805 0380 82020000 		.4byte	.LASF57
 806 0384 06       		.byte	0x6
 807 0385 6D04     		.2byte	0x46d
 808 0387 A9000000 		.4byte	0xa9
 809 038b 54       		.byte	0x54
 810 038c 09       		.uleb128 0x9
 811 038d C4000000 		.4byte	.LASF58
 812 0391 06       		.byte	0x6
 813 0392 6E04     		.2byte	0x46e
 814 0394 A9000000 		.4byte	0xa9
 815 0398 58       		.byte	0x58
 816 0399 09       		.uleb128 0x9
 817 039a BC020000 		.4byte	.LASF59
 818 039e 06       		.byte	0x6
 819 039f 6F04     		.2byte	0x46f
 820 03a1 8C000000 		.4byte	0x8c
 821 03a5 5C       		.byte	0x5c
 822 03a6 09       		.uleb128 0x9
 823 03a7 5D020000 		.4byte	.LASF60
 824 03ab 06       		.byte	0x6
 825 03ac 7004     		.2byte	0x470
 826 03ae A9000000 		.4byte	0xa9
 827 03b2 60       		.byte	0x60
 828 03b3 09       		.uleb128 0x9
 829 03b4 C5030000 		.4byte	.LASF61
 830 03b8 06       		.byte	0x6
 831 03b9 7104     		.2byte	0x471
 832 03bb A9000000 		.4byte	0xa9
 833 03bf 64       		.byte	0x64
 834 03c0 09       		.uleb128 0x9
 835 03c1 C6020000 		.4byte	.LASF62
 836 03c5 06       		.byte	0x6
 837 03c6 7204     		.2byte	0x472
 838 03c8 83010000 		.4byte	0x183
 839 03cc 68       		.byte	0x68
 840 03cd 09       		.uleb128 0x9
 841 03ce 68000000 		.4byte	.LASF63
 842 03d2 06       		.byte	0x6
 843 03d3 7304     		.2byte	0x473
 844 03d5 A9000000 		.4byte	0xa9
 845 03d9 70       		.byte	0x70
 846 03da 0E       		.uleb128 0xe
 847 03db 43535200 		.ascii	"CSR\000"
 848 03df 06       		.byte	0x6
 849 03e0 7404     		.2byte	0x474
 850 03e2 A9000000 		.4byte	0xa9
 851 03e6 74       		.byte	0x74
 852 03e7 09       		.uleb128 0x9
 853 03e8 D0020000 		.4byte	.LASF64
 854 03ec 06       		.byte	0x6
ARM GAS  /tmp/ccNZEzlj.s 			page 16


 855 03ed 7504     		.2byte	0x475
 856 03ef 83010000 		.4byte	0x183
 857 03f3 78       		.byte	0x78
 858 03f4 09       		.uleb128 0x9
 859 03f5 A4000000 		.4byte	.LASF65
 860 03f9 06       		.byte	0x6
 861 03fa 7604     		.2byte	0x476
 862 03fc A9000000 		.4byte	0xa9
 863 0400 80       		.byte	0x80
 864 0401 09       		.uleb128 0x9
 865 0402 7A000000 		.4byte	.LASF66
 866 0406 06       		.byte	0x6
 867 0407 7704     		.2byte	0x477
 868 0409 A9000000 		.4byte	0xa9
 869 040d 84       		.byte	0x84
 870 040e 09       		.uleb128 0x9
 871 040f BA030000 		.4byte	.LASF67
 872 0413 06       		.byte	0x6
 873 0414 7804     		.2byte	0x478
 874 0416 A9000000 		.4byte	0xa9
 875 041a 88       		.byte	0x88
 876 041b 09       		.uleb128 0x9
 877 041c FD000000 		.4byte	.LASF68
 878 0420 06       		.byte	0x6
 879 0421 7904     		.2byte	0x479
 880 0423 A9000000 		.4byte	0xa9
 881 0427 8C       		.byte	0x8c
 882 0428 00       		.byte	0
 883 0429 0A       		.uleb128 0xa
 884 042a 3F010000 		.4byte	.LASF69
 885 042e 06       		.byte	0x6
 886 042f 7B04     		.2byte	0x47b
 887 0431 80020000 		.4byte	0x280
 888 0435 0F       		.uleb128 0xf
 889 0436 DC000000 		.4byte	.LASF75
 890 043a 01       		.byte	0x1
 891 043b 33       		.byte	0x33
 892 043c 00000000 		.4byte	.LFB118
 893 0440 60000000 		.4byte	.LFE118-.LFB118
 894 0444 01       		.uleb128 0x1
 895 0445 9C       		.byte	0x9c
 896 0446 10       		.uleb128 0x10
 897 0447 EA010000 		.4byte	.LASF70
 898 044b 01       		.byte	0x1
 899 044c 6F       		.byte	0x6f
 900 044d 00000000 		.4byte	.LFB119
 901 0451 0E010000 		.4byte	.LFE119-.LFB119
 902 0455 01       		.uleb128 0x1
 903 0456 9C       		.byte	0x9c
 904 0457 11       		.uleb128 0x11
 905 0458 54010000 		.4byte	.LASF71
 906 045c 01       		.byte	0x1
 907 045d 9A       		.byte	0x9a
 908 045e 00000000 		.4byte	.LFB120
 909 0462 A8010000 		.4byte	.LFE120-.LFB120
 910 0466 01       		.uleb128 0x1
 911 0467 9C       		.byte	0x9c
ARM GAS  /tmp/ccNZEzlj.s 			page 17


 912 0468 12       		.uleb128 0x12
 913 0469 AD030000 		.4byte	.LASF76
 914 046d 05       		.byte	0x5
 915 046e 9806     		.2byte	0x698
 916 0470 DD010000 		.4byte	0x1dd
 917 0474 00       		.byte	0
 918              		.section	.debug_abbrev,"",%progbits
 919              	.Ldebug_abbrev0:
 920 0000 01       		.uleb128 0x1
 921 0001 11       		.uleb128 0x11
 922 0002 01       		.byte	0x1
 923 0003 25       		.uleb128 0x25
 924 0004 0E       		.uleb128 0xe
 925 0005 13       		.uleb128 0x13
 926 0006 0B       		.uleb128 0xb
 927 0007 03       		.uleb128 0x3
 928 0008 0E       		.uleb128 0xe
 929 0009 1B       		.uleb128 0x1b
 930 000a 0E       		.uleb128 0xe
 931 000b 55       		.uleb128 0x55
 932 000c 17       		.uleb128 0x17
 933 000d 11       		.uleb128 0x11
 934 000e 01       		.uleb128 0x1
 935 000f 10       		.uleb128 0x10
 936 0010 17       		.uleb128 0x17
 937 0011 00       		.byte	0
 938 0012 00       		.byte	0
 939 0013 02       		.uleb128 0x2
 940 0014 24       		.uleb128 0x24
 941 0015 00       		.byte	0
 942 0016 0B       		.uleb128 0xb
 943 0017 0B       		.uleb128 0xb
 944 0018 3E       		.uleb128 0x3e
 945 0019 0B       		.uleb128 0xb
 946 001a 03       		.uleb128 0x3
 947 001b 08       		.uleb128 0x8
 948 001c 00       		.byte	0
 949 001d 00       		.byte	0
 950 001e 03       		.uleb128 0x3
 951 001f 24       		.uleb128 0x24
 952 0020 00       		.byte	0
 953 0021 0B       		.uleb128 0xb
 954 0022 0B       		.uleb128 0xb
 955 0023 3E       		.uleb128 0x3e
 956 0024 0B       		.uleb128 0xb
 957 0025 03       		.uleb128 0x3
 958 0026 0E       		.uleb128 0xe
 959 0027 00       		.byte	0
 960 0028 00       		.byte	0
 961 0029 04       		.uleb128 0x4
 962 002a 16       		.uleb128 0x16
 963 002b 00       		.byte	0
 964 002c 03       		.uleb128 0x3
 965 002d 0E       		.uleb128 0xe
 966 002e 3A       		.uleb128 0x3a
 967 002f 0B       		.uleb128 0xb
 968 0030 3B       		.uleb128 0x3b
ARM GAS  /tmp/ccNZEzlj.s 			page 18


 969 0031 0B       		.uleb128 0xb
 970 0032 49       		.uleb128 0x49
 971 0033 13       		.uleb128 0x13
 972 0034 00       		.byte	0
 973 0035 00       		.byte	0
 974 0036 05       		.uleb128 0x5
 975 0037 35       		.uleb128 0x35
 976 0038 00       		.byte	0
 977 0039 49       		.uleb128 0x49
 978 003a 13       		.uleb128 0x13
 979 003b 00       		.byte	0
 980 003c 00       		.byte	0
 981 003d 06       		.uleb128 0x6
 982 003e 13       		.uleb128 0x13
 983 003f 01       		.byte	0x1
 984 0040 0B       		.uleb128 0xb
 985 0041 0B       		.uleb128 0xb
 986 0042 3A       		.uleb128 0x3a
 987 0043 0B       		.uleb128 0xb
 988 0044 3B       		.uleb128 0x3b
 989 0045 0B       		.uleb128 0xb
 990 0046 01       		.uleb128 0x1
 991 0047 13       		.uleb128 0x13
 992 0048 00       		.byte	0
 993 0049 00       		.byte	0
 994 004a 07       		.uleb128 0x7
 995 004b 0D       		.uleb128 0xd
 996 004c 00       		.byte	0
 997 004d 03       		.uleb128 0x3
 998 004e 0E       		.uleb128 0xe
 999 004f 3A       		.uleb128 0x3a
 1000 0050 0B       		.uleb128 0xb
 1001 0051 3B       		.uleb128 0x3b
 1002 0052 0B       		.uleb128 0xb
 1003 0053 49       		.uleb128 0x49
 1004 0054 13       		.uleb128 0x13
 1005 0055 38       		.uleb128 0x38
 1006 0056 0B       		.uleb128 0xb
 1007 0057 00       		.byte	0
 1008 0058 00       		.byte	0
 1009 0059 08       		.uleb128 0x8
 1010 005a 13       		.uleb128 0x13
 1011 005b 01       		.byte	0x1
 1012 005c 0B       		.uleb128 0xb
 1013 005d 0B       		.uleb128 0xb
 1014 005e 3A       		.uleb128 0x3a
 1015 005f 0B       		.uleb128 0xb
 1016 0060 3B       		.uleb128 0x3b
 1017 0061 05       		.uleb128 0x5
 1018 0062 01       		.uleb128 0x1
 1019 0063 13       		.uleb128 0x13
 1020 0064 00       		.byte	0
 1021 0065 00       		.byte	0
 1022 0066 09       		.uleb128 0x9
 1023 0067 0D       		.uleb128 0xd
 1024 0068 00       		.byte	0
 1025 0069 03       		.uleb128 0x3
ARM GAS  /tmp/ccNZEzlj.s 			page 19


 1026 006a 0E       		.uleb128 0xe
 1027 006b 3A       		.uleb128 0x3a
 1028 006c 0B       		.uleb128 0xb
 1029 006d 3B       		.uleb128 0x3b
 1030 006e 05       		.uleb128 0x5
 1031 006f 49       		.uleb128 0x49
 1032 0070 13       		.uleb128 0x13
 1033 0071 38       		.uleb128 0x38
 1034 0072 0B       		.uleb128 0xb
 1035 0073 00       		.byte	0
 1036 0074 00       		.byte	0
 1037 0075 0A       		.uleb128 0xa
 1038 0076 16       		.uleb128 0x16
 1039 0077 00       		.byte	0
 1040 0078 03       		.uleb128 0x3
 1041 0079 0E       		.uleb128 0xe
 1042 007a 3A       		.uleb128 0x3a
 1043 007b 0B       		.uleb128 0xb
 1044 007c 3B       		.uleb128 0x3b
 1045 007d 05       		.uleb128 0x5
 1046 007e 49       		.uleb128 0x49
 1047 007f 13       		.uleb128 0x13
 1048 0080 00       		.byte	0
 1049 0081 00       		.byte	0
 1050 0082 0B       		.uleb128 0xb
 1051 0083 26       		.uleb128 0x26
 1052 0084 00       		.byte	0
 1053 0085 49       		.uleb128 0x49
 1054 0086 13       		.uleb128 0x13
 1055 0087 00       		.byte	0
 1056 0088 00       		.byte	0
 1057 0089 0C       		.uleb128 0xc
 1058 008a 01       		.uleb128 0x1
 1059 008b 01       		.byte	0x1
 1060 008c 49       		.uleb128 0x49
 1061 008d 13       		.uleb128 0x13
 1062 008e 01       		.uleb128 0x1
 1063 008f 13       		.uleb128 0x13
 1064 0090 00       		.byte	0
 1065 0091 00       		.byte	0
 1066 0092 0D       		.uleb128 0xd
 1067 0093 21       		.uleb128 0x21
 1068 0094 00       		.byte	0
 1069 0095 49       		.uleb128 0x49
 1070 0096 13       		.uleb128 0x13
 1071 0097 2F       		.uleb128 0x2f
 1072 0098 0B       		.uleb128 0xb
 1073 0099 00       		.byte	0
 1074 009a 00       		.byte	0
 1075 009b 0E       		.uleb128 0xe
 1076 009c 0D       		.uleb128 0xd
 1077 009d 00       		.byte	0
 1078 009e 03       		.uleb128 0x3
 1079 009f 08       		.uleb128 0x8
 1080 00a0 3A       		.uleb128 0x3a
 1081 00a1 0B       		.uleb128 0xb
 1082 00a2 3B       		.uleb128 0x3b
ARM GAS  /tmp/ccNZEzlj.s 			page 20


 1083 00a3 05       		.uleb128 0x5
 1084 00a4 49       		.uleb128 0x49
 1085 00a5 13       		.uleb128 0x13
 1086 00a6 38       		.uleb128 0x38
 1087 00a7 0B       		.uleb128 0xb
 1088 00a8 00       		.byte	0
 1089 00a9 00       		.byte	0
 1090 00aa 0F       		.uleb128 0xf
 1091 00ab 2E       		.uleb128 0x2e
 1092 00ac 00       		.byte	0
 1093 00ad 03       		.uleb128 0x3
 1094 00ae 0E       		.uleb128 0xe
 1095 00af 3A       		.uleb128 0x3a
 1096 00b0 0B       		.uleb128 0xb
 1097 00b1 3B       		.uleb128 0x3b
 1098 00b2 0B       		.uleb128 0xb
 1099 00b3 27       		.uleb128 0x27
 1100 00b4 19       		.uleb128 0x19
 1101 00b5 11       		.uleb128 0x11
 1102 00b6 01       		.uleb128 0x1
 1103 00b7 12       		.uleb128 0x12
 1104 00b8 06       		.uleb128 0x6
 1105 00b9 40       		.uleb128 0x40
 1106 00ba 18       		.uleb128 0x18
 1107 00bb 9742     		.uleb128 0x2117
 1108 00bd 19       		.uleb128 0x19
 1109 00be 00       		.byte	0
 1110 00bf 00       		.byte	0
 1111 00c0 10       		.uleb128 0x10
 1112 00c1 2E       		.uleb128 0x2e
 1113 00c2 00       		.byte	0
 1114 00c3 3F       		.uleb128 0x3f
 1115 00c4 19       		.uleb128 0x19
 1116 00c5 03       		.uleb128 0x3
 1117 00c6 0E       		.uleb128 0xe
 1118 00c7 3A       		.uleb128 0x3a
 1119 00c8 0B       		.uleb128 0xb
 1120 00c9 3B       		.uleb128 0x3b
 1121 00ca 0B       		.uleb128 0xb
 1122 00cb 27       		.uleb128 0x27
 1123 00cc 19       		.uleb128 0x19
 1124 00cd 11       		.uleb128 0x11
 1125 00ce 01       		.uleb128 0x1
 1126 00cf 12       		.uleb128 0x12
 1127 00d0 06       		.uleb128 0x6
 1128 00d1 40       		.uleb128 0x40
 1129 00d2 18       		.uleb128 0x18
 1130 00d3 9642     		.uleb128 0x2116
 1131 00d5 19       		.uleb128 0x19
 1132 00d6 00       		.byte	0
 1133 00d7 00       		.byte	0
 1134 00d8 11       		.uleb128 0x11
 1135 00d9 2E       		.uleb128 0x2e
 1136 00da 00       		.byte	0
 1137 00db 3F       		.uleb128 0x3f
 1138 00dc 19       		.uleb128 0x19
 1139 00dd 03       		.uleb128 0x3
ARM GAS  /tmp/ccNZEzlj.s 			page 21


 1140 00de 0E       		.uleb128 0xe
 1141 00df 3A       		.uleb128 0x3a
 1142 00e0 0B       		.uleb128 0xb
 1143 00e1 3B       		.uleb128 0x3b
 1144 00e2 0B       		.uleb128 0xb
 1145 00e3 27       		.uleb128 0x27
 1146 00e4 19       		.uleb128 0x19
 1147 00e5 11       		.uleb128 0x11
 1148 00e6 01       		.uleb128 0x1
 1149 00e7 12       		.uleb128 0x12
 1150 00e8 06       		.uleb128 0x6
 1151 00e9 40       		.uleb128 0x40
 1152 00ea 18       		.uleb128 0x18
 1153 00eb 9742     		.uleb128 0x2117
 1154 00ed 19       		.uleb128 0x19
 1155 00ee 00       		.byte	0
 1156 00ef 00       		.byte	0
 1157 00f0 12       		.uleb128 0x12
 1158 00f1 34       		.uleb128 0x34
 1159 00f2 00       		.byte	0
 1160 00f3 03       		.uleb128 0x3
 1161 00f4 0E       		.uleb128 0xe
 1162 00f5 3A       		.uleb128 0x3a
 1163 00f6 0B       		.uleb128 0xb
 1164 00f7 3B       		.uleb128 0x3b
 1165 00f8 05       		.uleb128 0x5
 1166 00f9 49       		.uleb128 0x49
 1167 00fa 13       		.uleb128 0x13
 1168 00fb 3F       		.uleb128 0x3f
 1169 00fc 19       		.uleb128 0x19
 1170 00fd 3C       		.uleb128 0x3c
 1171 00fe 19       		.uleb128 0x19
 1172 00ff 00       		.byte	0
 1173 0100 00       		.byte	0
 1174 0101 00       		.byte	0
 1175              		.section	.debug_aranges,"",%progbits
 1176 0000 2C000000 		.4byte	0x2c
 1177 0004 0200     		.2byte	0x2
 1178 0006 00000000 		.4byte	.Ldebug_info0
 1179 000a 04       		.byte	0x4
 1180 000b 00       		.byte	0
 1181 000c 0000     		.2byte	0
 1182 000e 0000     		.2byte	0
 1183 0010 00000000 		.4byte	.LFB118
 1184 0014 60000000 		.4byte	.LFE118-.LFB118
 1185 0018 00000000 		.4byte	.LFB119
 1186 001c 0E010000 		.4byte	.LFE119-.LFB119
 1187 0020 00000000 		.4byte	.LFB120
 1188 0024 A8010000 		.4byte	.LFE120-.LFB120
 1189 0028 00000000 		.4byte	0
 1190 002c 00000000 		.4byte	0
 1191              		.section	.debug_ranges,"",%progbits
 1192              	.Ldebug_ranges0:
 1193 0000 00000000 		.4byte	.LFB118
 1194 0004 60000000 		.4byte	.LFE118
 1195 0008 00000000 		.4byte	.LFB119
 1196 000c 0E010000 		.4byte	.LFE119
ARM GAS  /tmp/ccNZEzlj.s 			page 22


 1197 0010 00000000 		.4byte	.LFB120
 1198 0014 A8010000 		.4byte	.LFE120
 1199 0018 00000000 		.4byte	0
 1200 001c 00000000 		.4byte	0
 1201              		.section	.debug_line,"",%progbits
 1202              	.Ldebug_line0:
 1203 0000 AE010000 		.section	.debug_str,"MS",%progbits,1
 1203      02001101 
 1203      00000201 
 1203      FB0E0D00 
 1203      01010101 
 1204              	.LASF56:
 1205 0000 41484231 		.ascii	"AHB1LPENR\000"
 1205      4C50454E 
 1205      5200
 1206              	.LASF40:
 1207 000a 504C4C43 		.ascii	"PLLCFGR\000"
 1207      46475200 
 1208              	.LASF46:
 1209 0012 41504231 		.ascii	"APB1RSTR\000"
 1209      52535452 
 1209      00
 1210              	.LASF50:
 1211 001b 41484232 		.ascii	"AHB2ENR\000"
 1211      454E5200 
 1212              	.LASF19:
 1213 0023 44454D43 		.ascii	"DEMCR\000"
 1213      5200
 1214              	.LASF3:
 1215 0029 73686F72 		.ascii	"short int\000"
 1215      7420696E 
 1215      7400
 1216              	.LASF73:
 1217 0033 2E2E2F2E 		.ascii	"../..//os/hal/platforms/STM32F4xx/hal_lld.c\000"
 1217      2E2F2F6F 
 1217      732F6861 
 1217      6C2F706C 
 1217      6174666F 
 1218              	.LASF15:
 1219 005f 73697A65 		.ascii	"sizetype\000"
 1219      74797065 
 1219      00
 1220              	.LASF63:
 1221 0068 42444352 		.ascii	"BDCR\000"
 1221      00
 1222              	.LASF28:
 1223 006d 50435352 		.ascii	"PCSR\000"
 1223      00
 1224              	.LASF27:
 1225 0072 464F4C44 		.ascii	"FOLDCNT\000"
 1225      434E5400 
 1226              	.LASF66:
 1227 007a 504C4C49 		.ascii	"PLLI2SCFGR\000"
 1227      32534346 
 1227      475200
 1228              	.LASF39:
 1229 0085 5057525F 		.ascii	"PWR_TypeDef\000"
ARM GAS  /tmp/ccNZEzlj.s 			page 23


 1229      54797065 
 1229      44656600 
 1230              	.LASF7:
 1231 0091 5F5F7569 		.ascii	"__uint32_t\000"
 1231      6E743332 
 1231      5F7400
 1232              	.LASF49:
 1233 009c 41484231 		.ascii	"AHB1ENR\000"
 1233      454E5200 
 1234              	.LASF65:
 1235 00a4 53534347 		.ascii	"SSCGR\000"
 1235      5200
 1236              	.LASF21:
 1237 00aa 4354524C 		.ascii	"CTRL\000"
 1237      00
 1238              	.LASF42:
 1239 00af 41484231 		.ascii	"AHB1RSTR\000"
 1239      52535452 
 1239      00
 1240              	.LASF41:
 1241 00b8 43464752 		.ascii	"CFGR\000"
 1241      00
 1242              	.LASF23:
 1243 00bd 43504943 		.ascii	"CPICNT\000"
 1243      4E5400
 1244              	.LASF58:
 1245 00c4 41484233 		.ascii	"AHB3LPENR\000"
 1245      4C50454E 
 1245      5200
 1246              	.LASF53:
 1247 00ce 41504231 		.ascii	"APB1ENR\000"
 1247      454E5200 
 1248              	.LASF17:
 1249 00d6 44435253 		.ascii	"DCRSR\000"
 1249      5200
 1250              	.LASF75:
 1251 00dc 68616C5F 		.ascii	"hal_lld_backup_domain_init\000"
 1251      6C6C645F 
 1251      6261636B 
 1251      75705F64 
 1251      6F6D6169 
 1252              	.LASF18:
 1253 00f7 44435244 		.ascii	"DCRDR\000"
 1253      5200
 1254              	.LASF68:
 1255 00fd 44434B43 		.ascii	"DCKCFGR\000"
 1255      46475200 
 1256              	.LASF14:
 1257 0105 494F5245 		.ascii	"IOREG32\000"
 1257      47333200 
 1258              	.LASF35:
 1259 010d 4F50544B 		.ascii	"OPTKEYR\000"
 1259      45595200 
 1260              	.LASF9:
 1261 0115 6C6F6E67 		.ascii	"long long int\000"
 1261      206C6F6E 
 1261      6720696E 
ARM GAS  /tmp/ccNZEzlj.s 			page 24


 1261      7400
 1262              	.LASF22:
 1263 0123 43594343 		.ascii	"CYCCNT\000"
 1263      4E5400
 1264              	.LASF32:
 1265 012a 43414C49 		.ascii	"CALIB\000"
 1265      4200
 1266              	.LASF16:
 1267 0130 44484353 		.ascii	"DHCSR\000"
 1267      5200
 1268              	.LASF5:
 1269 0136 6C6F6E67 		.ascii	"long int\000"
 1269      20696E74 
 1269      00
 1270              	.LASF69:
 1271 013f 5243435F 		.ascii	"RCC_TypeDef\000"
 1271      54797065 
 1271      44656600 
 1272              	.LASF47:
 1273 014b 41504232 		.ascii	"APB2RSTR\000"
 1273      52535452 
 1273      00
 1274              	.LASF71:
 1275 0154 73746D33 		.ascii	"stm32_clock_init\000"
 1275      325F636C 
 1275      6F636B5F 
 1275      696E6974 
 1275      00
 1276              	.LASF37:
 1277 0165 4F505443 		.ascii	"OPTCR1\000"
 1277      523100
 1278              	.LASF51:
 1279 016c 41484233 		.ascii	"AHB3ENR\000"
 1279      454E5200 
 1280              	.LASF34:
 1281 0174 4B455952 		.ascii	"KEYR\000"
 1281      00
 1282              	.LASF24:
 1283 0179 45584343 		.ascii	"EXCCNT\000"
 1283      4E5400
 1284              	.LASF2:
 1285 0180 756E7369 		.ascii	"unsigned char\000"
 1285      676E6564 
 1285      20636861 
 1285      7200
 1286              	.LASF54:
 1287 018e 41504232 		.ascii	"APB2ENR\000"
 1287      454E5200 
 1288              	.LASF1:
 1289 0196 7369676E 		.ascii	"signed char\000"
 1289      65642063 
 1289      68617200 
 1290              	.LASF10:
 1291 01a2 6C6F6E67 		.ascii	"long long unsigned int\000"
 1291      206C6F6E 
 1291      6720756E 
 1291      7369676E 
ARM GAS  /tmp/ccNZEzlj.s 			page 25


 1291      65642069 
 1292              	.LASF12:
 1293 01b9 75696E74 		.ascii	"uint32_t\000"
 1293      33325F74 
 1293      00
 1294              	.LASF0:
 1295 01c2 756E7369 		.ascii	"unsigned int\000"
 1295      676E6564 
 1295      20696E74 
 1295      00
 1296              	.LASF43:
 1297 01cf 41484232 		.ascii	"AHB2RSTR\000"
 1297      52535452 
 1297      00
 1298              	.LASF8:
 1299 01d8 6C6F6E67 		.ascii	"long unsigned int\000"
 1299      20756E73 
 1299      69676E65 
 1299      6420696E 
 1299      7400
 1300              	.LASF70:
 1301 01ea 68616C5F 		.ascii	"hal_lld_init\000"
 1301      6C6C645F 
 1301      696E6974 
 1301      00
 1302              	.LASF74:
 1303 01f7 2F686F6D 		.ascii	"/home/ece497/vbox-shared/mplayer/ChibiOS-RT-stable_"
 1303      652F6563 
 1303      65343937 
 1303      2F76626F 
 1303      782D7368 
 1304 022a 322E362E 		.ascii	"2.6.x/demos/SDCARD\000"
 1304      782F6465 
 1304      6D6F732F 
 1304      53444341 
 1304      524400
 1305              	.LASF33:
 1306 023d 53797354 		.ascii	"SysTick_Type\000"
 1306      69636B5F 
 1306      54797065 
 1306      00
 1307              	.LASF4:
 1308 024a 73686F72 		.ascii	"short unsigned int\000"
 1308      7420756E 
 1308      7369676E 
 1308      65642069 
 1308      6E7400
 1309              	.LASF60:
 1310 025d 41504231 		.ascii	"APB1LPENR\000"
 1310      4C50454E 
 1310      5200
 1311              	.LASF30:
 1312 0267 63686172 		.ascii	"char\000"
 1312      00
 1313              	.LASF20:
 1314 026c 434D785F 		.ascii	"CMx_SCS\000"
 1314      53435300 
ARM GAS  /tmp/ccNZEzlj.s 			page 26


 1315              	.LASF11:
 1316 0274 696E7433 		.ascii	"int32_t\000"
 1316      325F7400 
 1317              	.LASF13:
 1318 027c 5F426F6F 		.ascii	"_Bool\000"
 1318      6C00
 1319              	.LASF57:
 1320 0282 41484232 		.ascii	"AHB2LPENR\000"
 1320      4C50454E 
 1320      5200
 1321              	.LASF29:
 1322 028c 434D785F 		.ascii	"CMx_DWT\000"
 1322      44575400 
 1323              	.LASF45:
 1324 0294 52455345 		.ascii	"RESERVED0\000"
 1324      52564544 
 1324      3000
 1325              	.LASF48:
 1326 029e 52455345 		.ascii	"RESERVED1\000"
 1326      52564544 
 1326      3100
 1327              	.LASF52:
 1328 02a8 52455345 		.ascii	"RESERVED2\000"
 1328      52564544 
 1328      3200
 1329              	.LASF55:
 1330 02b2 52455345 		.ascii	"RESERVED3\000"
 1330      52564544 
 1330      3300
 1331              	.LASF59:
 1332 02bc 52455345 		.ascii	"RESERVED4\000"
 1332      52564544 
 1332      3400
 1333              	.LASF62:
 1334 02c6 52455345 		.ascii	"RESERVED5\000"
 1334      52564544 
 1334      3500
 1335              	.LASF64:
 1336 02d0 52455345 		.ascii	"RESERVED6\000"
 1336      52564544 
 1336      3600
 1337              	.LASF25:
 1338 02da 534C4545 		.ascii	"SLEEPCNT\000"
 1338      50434E54 
 1338      00
 1339              	.LASF6:
 1340 02e3 5F5F696E 		.ascii	"__int32_t\000"
 1340      7433325F 
 1340      7400
 1341              	.LASF26:
 1342 02ed 4C535543 		.ascii	"LSUCNT\000"
 1342      4E5400
 1343              	.LASF31:
 1344 02f4 4C4F4144 		.ascii	"LOAD\000"
 1344      00
 1345              	.LASF72:
 1346 02f9 474E5520 		.ascii	"GNU C 4.8.2 -mcpu=cortex-m4 -mno-thumb-interwork -m"
ARM GAS  /tmp/ccNZEzlj.s 			page 27


 1346      4320342E 
 1346      382E3220 
 1346      2D6D6370 
 1346      753D636F 
 1347 032c 7468756D 		.ascii	"thumb -ggdb -O0 -fomit-frame-pointer -falign-functi"
 1347      62202D67 
 1347      67646220 
 1347      2D4F3020 
 1347      2D666F6D 
 1348 035f 6F6E733D 		.ascii	"ons=16 -ffunction-sections -fdata-sections -fno-com"
 1348      3136202D 
 1348      6666756E 
 1348      6374696F 
 1348      6E2D7365 
 1349 0392 6D6F6E00 		.ascii	"mon\000"
 1350              	.LASF44:
 1351 0396 41484233 		.ascii	"AHB3RSTR\000"
 1351      52535452 
 1351      00
 1352              	.LASF38:
 1353 039f 464C4153 		.ascii	"FLASH_TypeDef\000"
 1353      485F5479 
 1353      70654465 
 1353      6600
 1354              	.LASF76:
 1355 03ad 49544D5F 		.ascii	"ITM_RxBuffer\000"
 1355      52784275 
 1355      66666572 
 1355      00
 1356              	.LASF67:
 1357 03ba 504C4C53 		.ascii	"PLLSAICFGR\000"
 1357      41494346 
 1357      475200
 1358              	.LASF61:
 1359 03c5 41504232 		.ascii	"APB2LPENR\000"
 1359      4C50454E 
 1359      5200
 1360              	.LASF36:
 1361 03cf 4F505443 		.ascii	"OPTCR\000"
 1361      5200
 1362              		.ident	"GCC: (Arch Repository) 4.8.2"
ARM GAS  /tmp/ccNZEzlj.s 			page 28


DEFINED SYMBOLS
                            *ABS*:0000000000000000 hal_lld.c
     /tmp/ccNZEzlj.s:19     .text.hal_lld_backup_domain_init:0000000000000000 $t
     /tmp/ccNZEzlj.s:24     .text.hal_lld_backup_domain_init:0000000000000000 hal_lld_backup_domain_init
     /tmp/ccNZEzlj.s:72     .text.hal_lld_init:0000000000000000 $t
     /tmp/ccNZEzlj.s:78     .text.hal_lld_init:0000000000000000 hal_lld_init
     /tmp/ccNZEzlj.s:186    .text.stm32_clock_init:0000000000000000 $t
     /tmp/ccNZEzlj.s:192    .text.stm32_clock_init:0000000000000000 stm32_clock_init
                     .debug_frame:0000000000000010 $d

UNDEFINED SYMBOLS
dmaInit
