ARM GAS  /tmp/cco3Az7j.s 			page 1


   1              		.syntax unified
   2              		.cpu cortex-m4
   3              		.fpu softvfp
   4              		.eabi_attribute 20, 1
   5              		.eabi_attribute 21, 1
   6              		.eabi_attribute 23, 3
   7              		.eabi_attribute 24, 1
   8              		.eabi_attribute 25, 1
   9              		.eabi_attribute 26, 1
  10              		.eabi_attribute 30, 6
  11              		.eabi_attribute 34, 1
  12              		.eabi_attribute 18, 4
  13              		.thumb
  14              		.file	"mmcsd.c"
  15              		.text
  16              	.Ltext0:
  17              		.cfi_sections	.debug_frame
  18              		.section	.rodata
  19              		.align	2
  20              	.LC0:
  21 0000 226D6D63 		.ascii	"\"mmcsd_get_slice\"()\000"
  21      73645F67 
  21      65745F73 
  21      6C696365 
  21      22282900 
  22              		.section	.text.mmcsd_get_slice,"ax",%progbits
  23              		.align	2
  24              		.p2align 4,,15
  25              		.thumb
  26              		.thumb_func
  27              		.type	mmcsd_get_slice, %function
  28              	mmcsd_get_slice:
  29              	.LFB118:
  30              		.file 1 "../..//os/hal/src/mmcsd.c"
  31              		.loc 1 69 0
  32              		.cfi_startproc
  33              		@ args = 0, pretend = 0, frame = 32
  34              		@ frame_needed = 0, uses_anonymous_args = 0
  35 0000 00B5     		push	{lr}
  36              		.cfi_def_cfa_offset 4
  37              		.cfi_offset 14, -4
  38 0002 89B0     		sub	sp, sp, #36
  39              		.cfi_def_cfa_offset 40
  40 0004 0390     		str	r0, [sp, #12]
  41 0006 0291     		str	r1, [sp, #8]
  42 0008 0192     		str	r2, [sp, #4]
  43              		.loc 1 73 0
  44 000a 029A     		ldr	r2, [sp, #8]
  45 000c 019B     		ldr	r3, [sp, #4]
  46 000e 9A42     		cmp	r2, r3
  47 0010 04D3     		bcc	.L2
  48              		.loc 1 73 0 is_stmt 0 discriminator 2
  49 0012 029A     		ldr	r2, [sp, #8]
  50 0014 019B     		ldr	r3, [sp, #4]
  51 0016 D31A     		subs	r3, r2, r3
  52 0018 1F2B     		cmp	r3, #31
  53 001a 05D9     		bls	.L3
ARM GAS  /tmp/cco3Az7j.s 			page 2


  54              	.L2:
  55              		.loc 1 73 0 discriminator 1
  56 001c 40F20000 		movw	r0, #:lower16:.LC0
  57 0020 C0F20000 		movt	r0, #:upper16:.LC0
  58 0024 FFF7FEFF 		bl	chDbgPanic
  59              	.L3:
  60              		.loc 1 75 0 is_stmt 1
  61 0028 019B     		ldr	r3, [sp, #4]
  62 002a 5B09     		lsrs	r3, r3, #5
  63 002c 0793     		str	r3, [sp, #28]
  64              		.loc 1 76 0
  65 002e 019B     		ldr	r3, [sp, #4]
  66 0030 03F01F03 		and	r3, r3, #31
  67 0034 0693     		str	r3, [sp, #24]
  68              		.loc 1 77 0
  69 0036 029B     		ldr	r3, [sp, #8]
  70 0038 5B09     		lsrs	r3, r3, #5
  71 003a 0593     		str	r3, [sp, #20]
  72              		.loc 1 78 0
  73 003c 029B     		ldr	r3, [sp, #8]
  74 003e 03F01F03 		and	r3, r3, #31
  75 0042 0133     		adds	r3, r3, #1
  76 0044 0122     		movs	r2, #1
  77 0046 02FA03F3 		lsl	r3, r2, r3
  78 004a 013B     		subs	r3, r3, #1
  79 004c 0493     		str	r3, [sp, #16]
  80              		.loc 1 81 0
  81 004e 079A     		ldr	r2, [sp, #28]
  82 0050 059B     		ldr	r3, [sp, #20]
  83 0052 9A42     		cmp	r2, r3
  84 0054 14D2     		bcs	.L4
  85              		.loc 1 82 0
  86 0056 079B     		ldr	r3, [sp, #28]
  87 0058 9B00     		lsls	r3, r3, #2
  88 005a 039A     		ldr	r2, [sp, #12]
  89 005c 1344     		add	r3, r3, r2
  90 005e 1A68     		ldr	r2, [r3]
  91 0060 069B     		ldr	r3, [sp, #24]
  92 0062 DA40     		lsrs	r2, r2, r3
  93              		.loc 1 83 0
  94 0064 059B     		ldr	r3, [sp, #20]
  95 0066 9B00     		lsls	r3, r3, #2
  96 0068 0399     		ldr	r1, [sp, #12]
  97 006a 0B44     		add	r3, r3, r1
  98 006c 1968     		ldr	r1, [r3]
  99 006e 049B     		ldr	r3, [sp, #16]
 100 0070 1940     		ands	r1, r1, r3
 101 0072 069B     		ldr	r3, [sp, #24]
 102 0074 C3F12003 		rsb	r3, r3, #32
 103 0078 01FA03F3 		lsl	r3, r1, r3
 104              		.loc 1 82 0
 105 007c 1343     		orrs	r3, r3, r2
 106 007e 09E0     		b	.L5
 107              	.L4:
 108              		.loc 1 84 0
 109 0080 079B     		ldr	r3, [sp, #28]
 110 0082 9B00     		lsls	r3, r3, #2
ARM GAS  /tmp/cco3Az7j.s 			page 3


 111 0084 039A     		ldr	r2, [sp, #12]
 112 0086 1344     		add	r3, r3, r2
 113 0088 1A68     		ldr	r2, [r3]
 114 008a 049B     		ldr	r3, [sp, #16]
 115 008c 1A40     		ands	r2, r2, r3
 116 008e 069B     		ldr	r3, [sp, #24]
 117 0090 22FA03F3 		lsr	r3, r2, r3
 118              	.L5:
 119              		.loc 1 85 0
 120 0094 1846     		mov	r0, r3
 121 0096 09B0     		add	sp, sp, #36
 122              		@ sp needed
 123 0098 5DF804FB 		ldr	pc, [sp], #4
 124              		.cfi_endproc
 125              	.LFE118:
 126              		.size	mmcsd_get_slice, .-mmcsd_get_slice
 127 009c AFF30080 		.section	.text.mmcsdGetCapacity,"ax",%progbits
 128              		.align	2
 129              		.p2align 4,,15
 130              		.global	mmcsdGetCapacity
 131              		.thumb
 132              		.thumb_func
 133              		.type	mmcsdGetCapacity, %function
 134              	mmcsdGetCapacity:
 135              	.LFB119:
 136              		.loc 1 100 0
 137              		.cfi_startproc
 138              		@ args = 0, pretend = 0, frame = 24
 139              		@ frame_needed = 0, uses_anonymous_args = 0
 140 0000 00B5     		push	{lr}
 141              		.cfi_def_cfa_offset 4
 142              		.cfi_offset 14, -4
 143 0002 87B0     		sub	sp, sp, #28
 144              		.cfi_def_cfa_offset 32
 145 0004 0190     		str	r0, [sp, #4]
 146              		.loc 1 102 0
 147 0006 019B     		ldr	r3, [sp, #4]
 148 0008 0C33     		adds	r3, r3, #12
 149 000a 1B68     		ldr	r3, [r3]
 150 000c 9B0F     		lsrs	r3, r3, #30
 151 000e 002B     		cmp	r3, #0
 152 0010 02D0     		beq	.L8
 153 0012 012B     		cmp	r3, #1
 154 0014 1CD0     		beq	.L9
 155 0016 24E0     		b	.L11
 156              	.L8:
 157              	.LBB2:
 158              		.loc 1 106 0
 159 0018 0198     		ldr	r0, [sp, #4]
 160 001a 4921     		movs	r1, #73
 161 001c 3E22     		movs	r2, #62
 162 001e FFF7FEFF 		bl	mmcsd_get_slice
 163 0022 0590     		str	r0, [sp, #20]
 164              		.loc 1 107 0
 165 0024 0198     		ldr	r0, [sp, #4]
 166 0026 3121     		movs	r1, #49
 167 0028 2F22     		movs	r2, #47
ARM GAS  /tmp/cco3Az7j.s 			page 4


 168 002a FFF7FEFF 		bl	mmcsd_get_slice
 169 002e 0490     		str	r0, [sp, #16]
 170              		.loc 1 108 0
 171 0030 0198     		ldr	r0, [sp, #4]
 172 0032 5321     		movs	r1, #83
 173 0034 5022     		movs	r2, #80
 174 0036 FFF7FEFF 		bl	mmcsd_get_slice
 175 003a 0390     		str	r0, [sp, #12]
 176              		.loc 1 109 0
 177 003c 059B     		ldr	r3, [sp, #20]
 178 003e 5A1C     		adds	r2, r3, #1
 179 0040 049B     		ldr	r3, [sp, #16]
 180 0042 0233     		adds	r3, r3, #2
 181 0044 9A40     		lsls	r2, r2, r3
 182 0046 039B     		ldr	r3, [sp, #12]
 183 0048 093B     		subs	r3, r3, #9
 184 004a 02FA03F3 		lsl	r3, r2, r3
 185 004e 09E0     		b	.L10
 186              	.L9:
 187              		.loc 1 112 0
 188 0050 0198     		ldr	r0, [sp, #4]
 189 0052 4521     		movs	r1, #69
 190 0054 3022     		movs	r2, #48
 191 0056 FFF7FEFF 		bl	mmcsd_get_slice
 192 005a 0346     		mov	r3, r0
 193 005c 0133     		adds	r3, r3, #1
 194 005e 9B02     		lsls	r3, r3, #10
 195 0060 00E0     		b	.L10
 196              	.L11:
 197              		.loc 1 115 0
 198 0062 0023     		movs	r3, #0
 199              	.L10:
 200              	.LBE2:
 201              		.loc 1 117 0
 202 0064 1846     		mov	r0, r3
 203 0066 07B0     		add	sp, sp, #28
 204              		@ sp needed
 205 0068 5DF804FB 		ldr	pc, [sp], #4
 206              		.cfi_endproc
 207              	.LFE119:
 208              		.size	mmcsdGetCapacity, .-mmcsdGetCapacity
 209 006c AFF30080 		.text
 210              	.Letext0:
 211              		.file 2 "/usr/arm-none-eabi/include/machine/_default_types.h"
 212              		.file 3 "/usr/arm-none-eabi/include/stdint.h"
 213              		.file 4 "../..//os/ports/common/ARMCMx/CMSIS/include/core_cm4.h"
 214              		.section	.debug_info,"",%progbits
 215              	.Ldebug_info0:
 216 0000 92010000 		.4byte	0x192
 217 0004 0400     		.2byte	0x4
 218 0006 00000000 		.4byte	.Ldebug_abbrev0
 219 000a 04       		.byte	0x4
 220 000b 01       		.uleb128 0x1
 221 000c DC000000 		.4byte	.LASF22
 222 0010 01       		.byte	0x1
 223 0011 00000000 		.4byte	.LASF23
 224 0015 83010000 		.4byte	.LASF24
ARM GAS  /tmp/cco3Az7j.s 			page 5


 225 0019 00000000 		.4byte	.Ldebug_ranges0+0
 226 001d 00000000 		.4byte	0
 227 0021 00000000 		.4byte	.Ldebug_line0
 228 0025 02       		.uleb128 0x2
 229 0026 04       		.byte	0x4
 230 0027 05       		.byte	0x5
 231 0028 696E7400 		.ascii	"int\000"
 232 002c 03       		.uleb128 0x3
 233 002d 04       		.byte	0x4
 234 002e 07       		.byte	0x7
 235 002f AB000000 		.4byte	.LASF0
 236 0033 03       		.uleb128 0x3
 237 0034 01       		.byte	0x1
 238 0035 06       		.byte	0x6
 239 0036 EC010000 		.4byte	.LASF1
 240 003a 03       		.uleb128 0x3
 241 003b 01       		.byte	0x1
 242 003c 08       		.byte	0x8
 243 003d 58000000 		.4byte	.LASF2
 244 0041 03       		.uleb128 0x3
 245 0042 02       		.byte	0x2
 246 0043 05       		.byte	0x5
 247 0044 79010000 		.4byte	.LASF3
 248 0048 03       		.uleb128 0x3
 249 0049 02       		.byte	0x2
 250 004a 07       		.byte	0x7
 251 004b 78000000 		.4byte	.LASF4
 252 004f 04       		.uleb128 0x4
 253 0050 1A000000 		.4byte	.LASF6
 254 0054 02       		.byte	0x2
 255 0055 37       		.byte	0x37
 256 0056 5A000000 		.4byte	0x5a
 257 005a 03       		.uleb128 0x3
 258 005b 04       		.byte	0x4
 259 005c 05       		.byte	0x5
 260 005d D2010000 		.4byte	.LASF5
 261 0061 04       		.uleb128 0x4
 262 0062 98000000 		.4byte	.LASF7
 263 0066 02       		.byte	0x2
 264 0067 38       		.byte	0x38
 265 0068 6C000000 		.4byte	0x6c
 266 006c 03       		.uleb128 0x3
 267 006d 04       		.byte	0x4
 268 006e 07       		.byte	0x7
 269 006f 66000000 		.4byte	.LASF8
 270 0073 03       		.uleb128 0x3
 271 0074 08       		.byte	0x8
 272 0075 05       		.byte	0x5
 273 0076 CE000000 		.4byte	.LASF9
 274 007a 03       		.uleb128 0x3
 275 007b 08       		.byte	0x8
 276 007c 07       		.byte	0x7
 277 007d FE010000 		.4byte	.LASF10
 278 0081 04       		.uleb128 0x4
 279 0082 BD000000 		.4byte	.LASF11
 280 0086 03       		.byte	0x3
 281 0087 41       		.byte	0x41
ARM GAS  /tmp/cco3Az7j.s 			page 6


 282 0088 4F000000 		.4byte	0x4f
 283 008c 04       		.uleb128 0x4
 284 008d C9010000 		.4byte	.LASF12
 285 0091 03       		.byte	0x3
 286 0092 42       		.byte	0x42
 287 0093 61000000 		.4byte	0x61
 288 0097 03       		.uleb128 0x3
 289 0098 01       		.byte	0x1
 290 0099 02       		.byte	0x2
 291 009a F8010000 		.4byte	.LASF13
 292 009e 03       		.uleb128 0x3
 293 009f 04       		.byte	0x4
 294 00a0 07       		.byte	0x7
 295 00a1 C5000000 		.4byte	.LASF14
 296 00a5 03       		.uleb128 0x3
 297 00a6 01       		.byte	0x1
 298 00a7 08       		.byte	0x8
 299 00a8 B8000000 		.4byte	.LASF15
 300 00ac 05       		.uleb128 0x5
 301 00ad 81000000 		.4byte	0x81
 302 00b1 06       		.uleb128 0x6
 303 00b2 43000000 		.4byte	.LASF25
 304 00b6 01       		.byte	0x1
 305 00b7 45       		.byte	0x45
 306 00b8 8C000000 		.4byte	0x8c
 307 00bc 00000000 		.4byte	.LFB118
 308 00c0 9C000000 		.4byte	.LFE118-.LFB118
 309 00c4 01       		.uleb128 0x1
 310 00c5 9C       		.byte	0x9c
 311 00c6 2D010000 		.4byte	0x12d
 312 00ca 07       		.uleb128 0x7
 313 00cb 53000000 		.4byte	.LASF16
 314 00cf 01       		.byte	0x1
 315 00d0 45       		.byte	0x45
 316 00d1 2D010000 		.4byte	0x12d
 317 00d5 02       		.uleb128 0x2
 318 00d6 91       		.byte	0x91
 319 00d7 64       		.sleb128 -28
 320 00d8 08       		.uleb128 0x8
 321 00d9 656E6400 		.ascii	"end\000"
 322 00dd 01       		.byte	0x1
 323 00de 45       		.byte	0x45
 324 00df 8C000000 		.4byte	0x8c
 325 00e3 02       		.uleb128 0x2
 326 00e4 91       		.byte	0x91
 327 00e5 60       		.sleb128 -32
 328 00e6 07       		.uleb128 0x7
 329 00e7 24000000 		.4byte	.LASF17
 330 00eb 01       		.byte	0x1
 331 00ec 45       		.byte	0x45
 332 00ed 8C000000 		.4byte	0x8c
 333 00f1 02       		.uleb128 0x2
 334 00f2 91       		.byte	0x91
 335 00f3 5C       		.sleb128 -36
 336 00f4 09       		.uleb128 0x9
 337 00f5 3A000000 		.4byte	.LASF18
 338 00f9 01       		.byte	0x1
ARM GAS  /tmp/cco3Az7j.s 			page 7


 339 00fa 46       		.byte	0x46
 340 00fb 2C000000 		.4byte	0x2c
 341 00ff 02       		.uleb128 0x2
 342 0100 91       		.byte	0x91
 343 0101 74       		.sleb128 -12
 344 0102 09       		.uleb128 0x9
 345 0103 2A000000 		.4byte	.LASF19
 346 0107 01       		.byte	0x1
 347 0108 46       		.byte	0x46
 348 0109 2C000000 		.4byte	0x2c
 349 010d 02       		.uleb128 0x2
 350 010e 91       		.byte	0x91
 351 010f 6C       		.sleb128 -20
 352 0110 09       		.uleb128 0x9
 353 0111 31000000 		.4byte	.LASF20
 354 0115 01       		.byte	0x1
 355 0116 46       		.byte	0x46
 356 0117 2C000000 		.4byte	0x2c
 357 011b 02       		.uleb128 0x2
 358 011c 91       		.byte	0x91
 359 011d 70       		.sleb128 -16
 360 011e 09       		.uleb128 0x9
 361 011f A3000000 		.4byte	.LASF21
 362 0123 01       		.byte	0x1
 363 0124 47       		.byte	0x47
 364 0125 8C000000 		.4byte	0x8c
 365 0129 02       		.uleb128 0x2
 366 012a 91       		.byte	0x91
 367 012b 68       		.sleb128 -24
 368 012c 00       		.byte	0
 369 012d 0A       		.uleb128 0xa
 370 012e 04       		.byte	0x4
 371 012f 8C000000 		.4byte	0x8c
 372 0133 0B       		.uleb128 0xb
 373 0134 DB010000 		.4byte	.LASF26
 374 0138 01       		.byte	0x1
 375 0139 64       		.byte	0x64
 376 013a 8C000000 		.4byte	0x8c
 377 013e 00000000 		.4byte	.LFB119
 378 0142 6C000000 		.4byte	.LFE119-.LFB119
 379 0146 01       		.uleb128 0x1
 380 0147 9C       		.byte	0x9c
 381 0148 89010000 		.4byte	0x189
 382 014c 08       		.uleb128 0x8
 383 014d 63736400 		.ascii	"csd\000"
 384 0151 01       		.byte	0x1
 385 0152 64       		.byte	0x64
 386 0153 2D010000 		.4byte	0x12d
 387 0157 02       		.uleb128 0x2
 388 0158 91       		.byte	0x91
 389 0159 64       		.sleb128 -28
 390 015a 0C       		.uleb128 0xc
 391 015b 18000000 		.4byte	.LBB2
 392 015f 4C000000 		.4byte	.LBE2-.LBB2
 393 0163 0D       		.uleb128 0xd
 394 0164 6100     		.ascii	"a\000"
 395 0166 01       		.byte	0x1
ARM GAS  /tmp/cco3Az7j.s 			page 8


 396 0167 67       		.byte	0x67
 397 0168 8C000000 		.4byte	0x8c
 398 016c 02       		.uleb128 0x2
 399 016d 91       		.byte	0x91
 400 016e 74       		.sleb128 -12
 401 016f 0D       		.uleb128 0xd
 402 0170 6200     		.ascii	"b\000"
 403 0172 01       		.byte	0x1
 404 0173 67       		.byte	0x67
 405 0174 8C000000 		.4byte	0x8c
 406 0178 02       		.uleb128 0x2
 407 0179 91       		.byte	0x91
 408 017a 70       		.sleb128 -16
 409 017b 0D       		.uleb128 0xd
 410 017c 6300     		.ascii	"c\000"
 411 017e 01       		.byte	0x1
 412 017f 67       		.byte	0x67
 413 0180 8C000000 		.4byte	0x8c
 414 0184 02       		.uleb128 0x2
 415 0185 91       		.byte	0x91
 416 0186 6C       		.sleb128 -20
 417 0187 00       		.byte	0
 418 0188 00       		.byte	0
 419 0189 0E       		.uleb128 0xe
 420 018a 8B000000 		.4byte	.LASF27
 421 018e 04       		.byte	0x4
 422 018f 9806     		.2byte	0x698
 423 0191 AC000000 		.4byte	0xac
 424 0195 00       		.byte	0
 425              		.section	.debug_abbrev,"",%progbits
 426              	.Ldebug_abbrev0:
 427 0000 01       		.uleb128 0x1
 428 0001 11       		.uleb128 0x11
 429 0002 01       		.byte	0x1
 430 0003 25       		.uleb128 0x25
 431 0004 0E       		.uleb128 0xe
 432 0005 13       		.uleb128 0x13
 433 0006 0B       		.uleb128 0xb
 434 0007 03       		.uleb128 0x3
 435 0008 0E       		.uleb128 0xe
 436 0009 1B       		.uleb128 0x1b
 437 000a 0E       		.uleb128 0xe
 438 000b 55       		.uleb128 0x55
 439 000c 17       		.uleb128 0x17
 440 000d 11       		.uleb128 0x11
 441 000e 01       		.uleb128 0x1
 442 000f 10       		.uleb128 0x10
 443 0010 17       		.uleb128 0x17
 444 0011 00       		.byte	0
 445 0012 00       		.byte	0
 446 0013 02       		.uleb128 0x2
 447 0014 24       		.uleb128 0x24
 448 0015 00       		.byte	0
 449 0016 0B       		.uleb128 0xb
 450 0017 0B       		.uleb128 0xb
 451 0018 3E       		.uleb128 0x3e
 452 0019 0B       		.uleb128 0xb
ARM GAS  /tmp/cco3Az7j.s 			page 9


 453 001a 03       		.uleb128 0x3
 454 001b 08       		.uleb128 0x8
 455 001c 00       		.byte	0
 456 001d 00       		.byte	0
 457 001e 03       		.uleb128 0x3
 458 001f 24       		.uleb128 0x24
 459 0020 00       		.byte	0
 460 0021 0B       		.uleb128 0xb
 461 0022 0B       		.uleb128 0xb
 462 0023 3E       		.uleb128 0x3e
 463 0024 0B       		.uleb128 0xb
 464 0025 03       		.uleb128 0x3
 465 0026 0E       		.uleb128 0xe
 466 0027 00       		.byte	0
 467 0028 00       		.byte	0
 468 0029 04       		.uleb128 0x4
 469 002a 16       		.uleb128 0x16
 470 002b 00       		.byte	0
 471 002c 03       		.uleb128 0x3
 472 002d 0E       		.uleb128 0xe
 473 002e 3A       		.uleb128 0x3a
 474 002f 0B       		.uleb128 0xb
 475 0030 3B       		.uleb128 0x3b
 476 0031 0B       		.uleb128 0xb
 477 0032 49       		.uleb128 0x49
 478 0033 13       		.uleb128 0x13
 479 0034 00       		.byte	0
 480 0035 00       		.byte	0
 481 0036 05       		.uleb128 0x5
 482 0037 35       		.uleb128 0x35
 483 0038 00       		.byte	0
 484 0039 49       		.uleb128 0x49
 485 003a 13       		.uleb128 0x13
 486 003b 00       		.byte	0
 487 003c 00       		.byte	0
 488 003d 06       		.uleb128 0x6
 489 003e 2E       		.uleb128 0x2e
 490 003f 01       		.byte	0x1
 491 0040 03       		.uleb128 0x3
 492 0041 0E       		.uleb128 0xe
 493 0042 3A       		.uleb128 0x3a
 494 0043 0B       		.uleb128 0xb
 495 0044 3B       		.uleb128 0x3b
 496 0045 0B       		.uleb128 0xb
 497 0046 27       		.uleb128 0x27
 498 0047 19       		.uleb128 0x19
 499 0048 49       		.uleb128 0x49
 500 0049 13       		.uleb128 0x13
 501 004a 11       		.uleb128 0x11
 502 004b 01       		.uleb128 0x1
 503 004c 12       		.uleb128 0x12
 504 004d 06       		.uleb128 0x6
 505 004e 40       		.uleb128 0x40
 506 004f 18       		.uleb128 0x18
 507 0050 9642     		.uleb128 0x2116
 508 0052 19       		.uleb128 0x19
 509 0053 01       		.uleb128 0x1
ARM GAS  /tmp/cco3Az7j.s 			page 10


 510 0054 13       		.uleb128 0x13
 511 0055 00       		.byte	0
 512 0056 00       		.byte	0
 513 0057 07       		.uleb128 0x7
 514 0058 05       		.uleb128 0x5
 515 0059 00       		.byte	0
 516 005a 03       		.uleb128 0x3
 517 005b 0E       		.uleb128 0xe
 518 005c 3A       		.uleb128 0x3a
 519 005d 0B       		.uleb128 0xb
 520 005e 3B       		.uleb128 0x3b
 521 005f 0B       		.uleb128 0xb
 522 0060 49       		.uleb128 0x49
 523 0061 13       		.uleb128 0x13
 524 0062 02       		.uleb128 0x2
 525 0063 18       		.uleb128 0x18
 526 0064 00       		.byte	0
 527 0065 00       		.byte	0
 528 0066 08       		.uleb128 0x8
 529 0067 05       		.uleb128 0x5
 530 0068 00       		.byte	0
 531 0069 03       		.uleb128 0x3
 532 006a 08       		.uleb128 0x8
 533 006b 3A       		.uleb128 0x3a
 534 006c 0B       		.uleb128 0xb
 535 006d 3B       		.uleb128 0x3b
 536 006e 0B       		.uleb128 0xb
 537 006f 49       		.uleb128 0x49
 538 0070 13       		.uleb128 0x13
 539 0071 02       		.uleb128 0x2
 540 0072 18       		.uleb128 0x18
 541 0073 00       		.byte	0
 542 0074 00       		.byte	0
 543 0075 09       		.uleb128 0x9
 544 0076 34       		.uleb128 0x34
 545 0077 00       		.byte	0
 546 0078 03       		.uleb128 0x3
 547 0079 0E       		.uleb128 0xe
 548 007a 3A       		.uleb128 0x3a
 549 007b 0B       		.uleb128 0xb
 550 007c 3B       		.uleb128 0x3b
 551 007d 0B       		.uleb128 0xb
 552 007e 49       		.uleb128 0x49
 553 007f 13       		.uleb128 0x13
 554 0080 02       		.uleb128 0x2
 555 0081 18       		.uleb128 0x18
 556 0082 00       		.byte	0
 557 0083 00       		.byte	0
 558 0084 0A       		.uleb128 0xa
 559 0085 0F       		.uleb128 0xf
 560 0086 00       		.byte	0
 561 0087 0B       		.uleb128 0xb
 562 0088 0B       		.uleb128 0xb
 563 0089 49       		.uleb128 0x49
 564 008a 13       		.uleb128 0x13
 565 008b 00       		.byte	0
 566 008c 00       		.byte	0
ARM GAS  /tmp/cco3Az7j.s 			page 11


 567 008d 0B       		.uleb128 0xb
 568 008e 2E       		.uleb128 0x2e
 569 008f 01       		.byte	0x1
 570 0090 3F       		.uleb128 0x3f
 571 0091 19       		.uleb128 0x19
 572 0092 03       		.uleb128 0x3
 573 0093 0E       		.uleb128 0xe
 574 0094 3A       		.uleb128 0x3a
 575 0095 0B       		.uleb128 0xb
 576 0096 3B       		.uleb128 0x3b
 577 0097 0B       		.uleb128 0xb
 578 0098 27       		.uleb128 0x27
 579 0099 19       		.uleb128 0x19
 580 009a 49       		.uleb128 0x49
 581 009b 13       		.uleb128 0x13
 582 009c 11       		.uleb128 0x11
 583 009d 01       		.uleb128 0x1
 584 009e 12       		.uleb128 0x12
 585 009f 06       		.uleb128 0x6
 586 00a0 40       		.uleb128 0x40
 587 00a1 18       		.uleb128 0x18
 588 00a2 9642     		.uleb128 0x2116
 589 00a4 19       		.uleb128 0x19
 590 00a5 01       		.uleb128 0x1
 591 00a6 13       		.uleb128 0x13
 592 00a7 00       		.byte	0
 593 00a8 00       		.byte	0
 594 00a9 0C       		.uleb128 0xc
 595 00aa 0B       		.uleb128 0xb
 596 00ab 01       		.byte	0x1
 597 00ac 11       		.uleb128 0x11
 598 00ad 01       		.uleb128 0x1
 599 00ae 12       		.uleb128 0x12
 600 00af 06       		.uleb128 0x6
 601 00b0 00       		.byte	0
 602 00b1 00       		.byte	0
 603 00b2 0D       		.uleb128 0xd
 604 00b3 34       		.uleb128 0x34
 605 00b4 00       		.byte	0
 606 00b5 03       		.uleb128 0x3
 607 00b6 08       		.uleb128 0x8
 608 00b7 3A       		.uleb128 0x3a
 609 00b8 0B       		.uleb128 0xb
 610 00b9 3B       		.uleb128 0x3b
 611 00ba 0B       		.uleb128 0xb
 612 00bb 49       		.uleb128 0x49
 613 00bc 13       		.uleb128 0x13
 614 00bd 02       		.uleb128 0x2
 615 00be 18       		.uleb128 0x18
 616 00bf 00       		.byte	0
 617 00c0 00       		.byte	0
 618 00c1 0E       		.uleb128 0xe
 619 00c2 34       		.uleb128 0x34
 620 00c3 00       		.byte	0
 621 00c4 03       		.uleb128 0x3
 622 00c5 0E       		.uleb128 0xe
 623 00c6 3A       		.uleb128 0x3a
ARM GAS  /tmp/cco3Az7j.s 			page 12


 624 00c7 0B       		.uleb128 0xb
 625 00c8 3B       		.uleb128 0x3b
 626 00c9 05       		.uleb128 0x5
 627 00ca 49       		.uleb128 0x49
 628 00cb 13       		.uleb128 0x13
 629 00cc 3F       		.uleb128 0x3f
 630 00cd 19       		.uleb128 0x19
 631 00ce 3C       		.uleb128 0x3c
 632 00cf 19       		.uleb128 0x19
 633 00d0 00       		.byte	0
 634 00d1 00       		.byte	0
 635 00d2 00       		.byte	0
 636              		.section	.debug_aranges,"",%progbits
 637 0000 24000000 		.4byte	0x24
 638 0004 0200     		.2byte	0x2
 639 0006 00000000 		.4byte	.Ldebug_info0
 640 000a 04       		.byte	0x4
 641 000b 00       		.byte	0
 642 000c 0000     		.2byte	0
 643 000e 0000     		.2byte	0
 644 0010 00000000 		.4byte	.LFB118
 645 0014 9C000000 		.4byte	.LFE118-.LFB118
 646 0018 00000000 		.4byte	.LFB119
 647 001c 6C000000 		.4byte	.LFE119-.LFB119
 648 0020 00000000 		.4byte	0
 649 0024 00000000 		.4byte	0
 650              		.section	.debug_ranges,"",%progbits
 651              	.Ldebug_ranges0:
 652 0000 00000000 		.4byte	.LFB118
 653 0004 9C000000 		.4byte	.LFE118
 654 0008 00000000 		.4byte	.LFB119
 655 000c 6C000000 		.4byte	.LFE119
 656 0010 00000000 		.4byte	0
 657 0014 00000000 		.4byte	0
 658              		.section	.debug_line,"",%progbits
 659              	.Ldebug_line0:
 660 0000 0D010000 		.section	.debug_str,"MS",%progbits,1
 660      0200C800 
 660      00000201 
 660      FB0E0D00 
 660      01010101 
 661              	.LASF23:
 662 0000 2E2E2F2E 		.ascii	"../..//os/hal/src/mmcsd.c\000"
 662      2E2F2F6F 
 662      732F6861 
 662      6C2F7372 
 662      632F6D6D 
 663              	.LASF6:
 664 001a 5F5F696E 		.ascii	"__int32_t\000"
 664      7433325F 
 664      7400
 665              	.LASF17:
 666 0024 73746172 		.ascii	"start\000"
 666      7400
 667              	.LASF19:
 668 002a 656E6469 		.ascii	"endidx\000"
 668      647800
ARM GAS  /tmp/cco3Az7j.s 			page 13


 669              	.LASF20:
 670 0031 73746172 		.ascii	"startoff\000"
 670      746F6666 
 670      00
 671              	.LASF18:
 672 003a 73746172 		.ascii	"startidx\000"
 672      74696478 
 672      00
 673              	.LASF25:
 674 0043 6D6D6373 		.ascii	"mmcsd_get_slice\000"
 674      645F6765 
 674      745F736C 
 674      69636500 
 675              	.LASF16:
 676 0053 64617461 		.ascii	"data\000"
 676      00
 677              	.LASF2:
 678 0058 756E7369 		.ascii	"unsigned char\000"
 678      676E6564 
 678      20636861 
 678      7200
 679              	.LASF8:
 680 0066 6C6F6E67 		.ascii	"long unsigned int\000"
 680      20756E73 
 680      69676E65 
 680      6420696E 
 680      7400
 681              	.LASF4:
 682 0078 73686F72 		.ascii	"short unsigned int\000"
 682      7420756E 
 682      7369676E 
 682      65642069 
 682      6E7400
 683              	.LASF27:
 684 008b 49544D5F 		.ascii	"ITM_RxBuffer\000"
 684      52784275 
 684      66666572 
 684      00
 685              	.LASF7:
 686 0098 5F5F7569 		.ascii	"__uint32_t\000"
 686      6E743332 
 686      5F7400
 687              	.LASF21:
 688 00a3 656E646D 		.ascii	"endmask\000"
 688      61736B00 
 689              	.LASF0:
 690 00ab 756E7369 		.ascii	"unsigned int\000"
 690      676E6564 
 690      20696E74 
 690      00
 691              	.LASF15:
 692 00b8 63686172 		.ascii	"char\000"
 692      00
 693              	.LASF11:
 694 00bd 696E7433 		.ascii	"int32_t\000"
 694      325F7400 
 695              	.LASF14:
ARM GAS  /tmp/cco3Az7j.s 			page 14


 696 00c5 73697A65 		.ascii	"sizetype\000"
 696      74797065 
 696      00
 697              	.LASF9:
 698 00ce 6C6F6E67 		.ascii	"long long int\000"
 698      206C6F6E 
 698      6720696E 
 698      7400
 699              	.LASF22:
 700 00dc 474E5520 		.ascii	"GNU C 4.8.2 -mcpu=cortex-m4 -mno-thumb-interwork -m"
 700      4320342E 
 700      382E3220 
 700      2D6D6370 
 700      753D636F 
 701 010f 7468756D 		.ascii	"thumb -ggdb -O0 -fomit-frame-pointer -falign-functi"
 701      62202D67 
 701      67646220 
 701      2D4F3020 
 701      2D666F6D 
 702 0142 6F6E733D 		.ascii	"ons=16 -ffunction-sections -fdata-sections -fno-com"
 702      3136202D 
 702      6666756E 
 702      6374696F 
 702      6E2D7365 
 703 0175 6D6F6E00 		.ascii	"mon\000"
 704              	.LASF3:
 705 0179 73686F72 		.ascii	"short int\000"
 705      7420696E 
 705      7400
 706              	.LASF24:
 707 0183 2F686F6D 		.ascii	"/home/ece497/vbox-shared/mplayer/ChibiOS-RT-stable_"
 707      652F6563 
 707      65343937 
 707      2F76626F 
 707      782D7368 
 708 01b6 322E362E 		.ascii	"2.6.x/demos/SDCARD\000"
 708      782F6465 
 708      6D6F732F 
 708      53444341 
 708      524400
 709              	.LASF12:
 710 01c9 75696E74 		.ascii	"uint32_t\000"
 710      33325F74 
 710      00
 711              	.LASF5:
 712 01d2 6C6F6E67 		.ascii	"long int\000"
 712      20696E74 
 712      00
 713              	.LASF26:
 714 01db 6D6D6373 		.ascii	"mmcsdGetCapacity\000"
 714      64476574 
 714      43617061 
 714      63697479 
 714      00
 715              	.LASF1:
 716 01ec 7369676E 		.ascii	"signed char\000"
 716      65642063 
ARM GAS  /tmp/cco3Az7j.s 			page 15


 716      68617200 
 717              	.LASF13:
 718 01f8 5F426F6F 		.ascii	"_Bool\000"
 718      6C00
 719              	.LASF10:
 720 01fe 6C6F6E67 		.ascii	"long long unsigned int\000"
 720      206C6F6E 
 720      6720756E 
 720      7369676E 
 720      65642069 
 721              		.ident	"GCC: (Arch Repository) 4.8.2"
ARM GAS  /tmp/cco3Az7j.s 			page 16


DEFINED SYMBOLS
                            *ABS*:0000000000000000 mmcsd.c
     /tmp/cco3Az7j.s:19     .rodata:0000000000000000 $d
     /tmp/cco3Az7j.s:20     .rodata:0000000000000000 .LC0
     /tmp/cco3Az7j.s:23     .text.mmcsd_get_slice:0000000000000000 $t
     /tmp/cco3Az7j.s:28     .text.mmcsd_get_slice:0000000000000000 mmcsd_get_slice
     /tmp/cco3Az7j.s:128    .text.mmcsdGetCapacity:0000000000000000 $t
     /tmp/cco3Az7j.s:134    .text.mmcsdGetCapacity:0000000000000000 mmcsdGetCapacity
                     .debug_frame:0000000000000010 $d

UNDEFINED SYMBOLS
chDbgPanic
