ARM GAS  /tmp/ccs83cfQ.s 			page 1


   1              		.syntax unified
   2              		.cpu cortex-m4
   3              		.fpu softvfp
   4              		.eabi_attribute 20, 1
   5              		.eabi_attribute 21, 1
   6              		.eabi_attribute 23, 3
   7              		.eabi_attribute 24, 1
   8              		.eabi_attribute 25, 1
   9              		.eabi_attribute 26, 1
  10              		.eabi_attribute 30, 6
  11              		.eabi_attribute 34, 1
  12              		.eabi_attribute 18, 4
  13              		.thumb
  14              		.file	"pal_lld.c"
  15              		.text
  16              	.Ltext0:
  17              		.cfi_sections	.debug_frame
  18              		.section	.text.initgpio,"ax",%progbits
  19              		.align	2
  20              		.p2align 4,,15
  21              		.thumb
  22              		.thumb_func
  23              		.type	initgpio, %function
  24              	initgpio:
  25              	.LFB118:
  26              		.file 1 "../..//os/hal/platforms/STM32/GPIOv2/pal_lld.c"
  27              		.loc 1 86 0
  28              		.cfi_startproc
  29              		@ args = 0, pretend = 0, frame = 8
  30              		@ frame_needed = 0, uses_anonymous_args = 0
  31              		@ link register save eliminated.
  32 0000 82B0     		sub	sp, sp, #8
  33              		.cfi_def_cfa_offset 8
  34 0002 0190     		str	r0, [sp, #4]
  35 0004 0091     		str	r1, [sp]
  36              		.loc 1 88 0
  37 0006 009B     		ldr	r3, [sp]
  38 0008 5A68     		ldr	r2, [r3, #4]
  39 000a 019B     		ldr	r3, [sp, #4]
  40 000c 5A60     		str	r2, [r3, #4]
  41              		.loc 1 89 0
  42 000e 009B     		ldr	r3, [sp]
  43 0010 9A68     		ldr	r2, [r3, #8]
  44 0012 019B     		ldr	r3, [sp, #4]
  45 0014 9A60     		str	r2, [r3, #8]
  46              		.loc 1 90 0
  47 0016 009B     		ldr	r3, [sp]
  48 0018 DA68     		ldr	r2, [r3, #12]
  49 001a 019B     		ldr	r3, [sp, #4]
  50 001c DA60     		str	r2, [r3, #12]
  51              		.loc 1 91 0
  52 001e 009B     		ldr	r3, [sp]
  53 0020 1A69     		ldr	r2, [r3, #16]
  54 0022 019B     		ldr	r3, [sp, #4]
  55 0024 5A61     		str	r2, [r3, #20]
  56              		.loc 1 92 0
  57 0026 009B     		ldr	r3, [sp]
ARM GAS  /tmp/ccs83cfQ.s 			page 2


  58 0028 5A69     		ldr	r2, [r3, #20]
  59 002a 019B     		ldr	r3, [sp, #4]
  60 002c 1A62     		str	r2, [r3, #32]
  61              		.loc 1 93 0
  62 002e 009B     		ldr	r3, [sp]
  63 0030 9A69     		ldr	r2, [r3, #24]
  64 0032 019B     		ldr	r3, [sp, #4]
  65 0034 5A62     		str	r2, [r3, #36]
  66              		.loc 1 94 0
  67 0036 009B     		ldr	r3, [sp]
  68 0038 1A68     		ldr	r2, [r3]
  69 003a 019B     		ldr	r3, [sp, #4]
  70 003c 1A60     		str	r2, [r3]
  71              		.loc 1 95 0
  72 003e 02B0     		add	sp, sp, #8
  73              		@ sp needed
  74 0040 7047     		bx	lr
  75              		.cfi_endproc
  76              	.LFE118:
  77              		.size	initgpio, .-initgpio
  78 0042 00BFAFF3 		.section	.text._pal_lld_init,"ax",%progbits
  78      0080AFF3 
  78      0080AFF3 
  78      0080
  79              		.align	2
  80              		.p2align 4,,15
  81              		.global	_pal_lld_init
  82              		.thumb
  83              		.thumb_func
  84              		.type	_pal_lld_init, %function
  85              	_pal_lld_init:
  86              	.LFB119:
  87              		.loc 1 113 0
  88              		.cfi_startproc
  89              		@ args = 0, pretend = 0, frame = 8
  90              		@ frame_needed = 0, uses_anonymous_args = 0
  91 0000 00B5     		push	{lr}
  92              		.cfi_def_cfa_offset 4
  93              		.cfi_offset 14, -4
  94 0002 83B0     		sub	sp, sp, #12
  95              		.cfi_def_cfa_offset 16
  96 0004 0190     		str	r0, [sp, #4]
  97              		.loc 1 126 0
  98 0006 4FF46053 		mov	r3, #14336
  99 000a C4F20203 		movt	r3, 16386
 100 000e 4FF46052 		mov	r2, #14336
 101 0012 C4F20202 		movt	r2, 16386
 102 0016 126B     		ldr	r2, [r2, #48]
 103 0018 6FEA5222 		mvn	r2, r2, lsr #9
 104 001c 6FEA4222 		mvn	r2, r2, lsl #9
 105 0020 1A63     		str	r2, [r3, #48]
 106              		.loc 1 127 0
 107 0022 4FF46053 		mov	r3, #14336
 108 0026 C4F20203 		movt	r3, 16386
 109 002a 4FF46052 		mov	r2, #14336
 110 002e C4F20202 		movt	r2, 16386
 111 0032 126D     		ldr	r2, [r2, #80]
ARM GAS  /tmp/ccs83cfQ.s 			page 3


 112 0034 6FEA5222 		mvn	r2, r2, lsr #9
 113 0038 6FEA4222 		mvn	r2, r2, lsl #9
 114 003c 1A65     		str	r2, [r3, #80]
 115              		.loc 1 134 0
 116 003e 019B     		ldr	r3, [sp, #4]
 117 0040 0020     		movs	r0, #0
 118 0042 C4F20200 		movt	r0, 16386
 119 0046 1946     		mov	r1, r3
 120 0048 FFF7FEFF 		bl	initgpio
 121              		.loc 1 137 0
 122 004c 019B     		ldr	r3, [sp, #4]
 123 004e 1C33     		adds	r3, r3, #28
 124 0050 4FF48060 		mov	r0, #1024
 125 0054 C4F20200 		movt	r0, 16386
 126 0058 1946     		mov	r1, r3
 127 005a FFF7FEFF 		bl	initgpio
 128              		.loc 1 140 0
 129 005e 019B     		ldr	r3, [sp, #4]
 130 0060 3833     		adds	r3, r3, #56
 131 0062 4FF40060 		mov	r0, #2048
 132 0066 C4F20200 		movt	r0, 16386
 133 006a 1946     		mov	r1, r3
 134 006c FFF7FEFF 		bl	initgpio
 135              		.loc 1 143 0
 136 0070 019B     		ldr	r3, [sp, #4]
 137 0072 5433     		adds	r3, r3, #84
 138 0074 4FF44060 		mov	r0, #3072
 139 0078 C4F20200 		movt	r0, 16386
 140 007c 1946     		mov	r1, r3
 141 007e FFF7FEFF 		bl	initgpio
 142              		.loc 1 146 0
 143 0082 019B     		ldr	r3, [sp, #4]
 144 0084 7033     		adds	r3, r3, #112
 145 0086 4FF48050 		mov	r0, #4096
 146 008a C4F20200 		movt	r0, 16386
 147 008e 1946     		mov	r1, r3
 148 0090 FFF7FEFF 		bl	initgpio
 149              		.loc 1 149 0
 150 0094 019B     		ldr	r3, [sp, #4]
 151 0096 8C33     		adds	r3, r3, #140
 152 0098 4FF4A050 		mov	r0, #5120
 153 009c C4F20200 		movt	r0, 16386
 154 00a0 1946     		mov	r1, r3
 155 00a2 FFF7FEFF 		bl	initgpio
 156              		.loc 1 152 0
 157 00a6 019B     		ldr	r3, [sp, #4]
 158 00a8 A833     		adds	r3, r3, #168
 159 00aa 4FF4C050 		mov	r0, #6144
 160 00ae C4F20200 		movt	r0, 16386
 161 00b2 1946     		mov	r1, r3
 162 00b4 FFF7FEFF 		bl	initgpio
 163              		.loc 1 155 0
 164 00b8 019B     		ldr	r3, [sp, #4]
 165 00ba C433     		adds	r3, r3, #196
 166 00bc 4FF4E050 		mov	r0, #7168
 167 00c0 C4F20200 		movt	r0, 16386
 168 00c4 1946     		mov	r1, r3
ARM GAS  /tmp/ccs83cfQ.s 			page 4


 169 00c6 FFF7FEFF 		bl	initgpio
 170              		.loc 1 158 0
 171 00ca 019B     		ldr	r3, [sp, #4]
 172 00cc E033     		adds	r3, r3, #224
 173 00ce 4FF40050 		mov	r0, #8192
 174 00d2 C4F20200 		movt	r0, 16386
 175 00d6 1946     		mov	r1, r3
 176 00d8 FFF7FEFF 		bl	initgpio
 177              		.loc 1 160 0
 178 00dc 03B0     		add	sp, sp, #12
 179              		@ sp needed
 180 00de 5DF804FB 		ldr	pc, [sp], #4
 181              		.cfi_endproc
 182              	.LFE119:
 183              		.size	_pal_lld_init, .-_pal_lld_init
 184 00e2 00BFAFF3 		.section	.text._pal_lld_setgroupmode,"ax",%progbits
 184      0080AFF3 
 184      0080AFF3 
 184      0080
 185              		.align	2
 186              		.p2align 4,,15
 187              		.global	_pal_lld_setgroupmode
 188              		.thumb
 189              		.thumb_func
 190              		.type	_pal_lld_setgroupmode, %function
 191              	_pal_lld_setgroupmode:
 192              	.LFB120:
 193              		.loc 1 178 0
 194              		.cfi_startproc
 195              		@ args = 0, pretend = 0, frame = 56
 196              		@ frame_needed = 0, uses_anonymous_args = 0
 197              		@ link register save eliminated.
 198 0000 8EB0     		sub	sp, sp, #56
 199              		.cfi_def_cfa_offset 56
 200 0002 0390     		str	r0, [sp, #12]
 201 0004 0291     		str	r1, [sp, #8]
 202 0006 0192     		str	r2, [sp, #4]
 203              		.loc 1 180 0
 204 0008 019B     		ldr	r3, [sp, #4]
 205 000a 03F00303 		and	r3, r3, #3
 206 000e 0D93     		str	r3, [sp, #52]
 207              		.loc 1 181 0
 208 0010 019B     		ldr	r3, [sp, #4]
 209 0012 03F00403 		and	r3, r3, #4
 210 0016 9B08     		lsrs	r3, r3, #2
 211 0018 0C93     		str	r3, [sp, #48]
 212              		.loc 1 182 0
 213 001a 019B     		ldr	r3, [sp, #4]
 214 001c 03F01803 		and	r3, r3, #24
 215 0020 DB08     		lsrs	r3, r3, #3
 216 0022 0B93     		str	r3, [sp, #44]
 217              		.loc 1 183 0
 218 0024 019B     		ldr	r3, [sp, #4]
 219 0026 03F06003 		and	r3, r3, #96
 220 002a 5B09     		lsrs	r3, r3, #5
 221 002c 0A93     		str	r3, [sp, #40]
 222              		.loc 1 184 0
ARM GAS  /tmp/ccs83cfQ.s 			page 5


 223 002e 019B     		ldr	r3, [sp, #4]
 224 0030 03F4F063 		and	r3, r3, #1920
 225 0034 DB09     		lsrs	r3, r3, #7
 226 0036 0893     		str	r3, [sp, #32]
 227              		.loc 1 185 0
 228 0038 0023     		movs	r3, #0
 229 003a 0993     		str	r3, [sp, #36]
 230              	.L9:
 231              		.loc 1 187 0
 232 003c 029B     		ldr	r3, [sp, #8]
 233 003e 03F00103 		and	r3, r3, #1
 234 0042 002B     		cmp	r3, #0
 235 0044 54D0     		beq	.L4
 236              	.LBB2:
 237              		.loc 1 190 0
 238 0046 099B     		ldr	r3, [sp, #36]
 239 0048 03F00703 		and	r3, r3, #7
 240 004c 9B00     		lsls	r3, r3, #2
 241 004e 089A     		ldr	r2, [sp, #32]
 242 0050 02FA03F3 		lsl	r3, r2, r3
 243 0054 0793     		str	r3, [sp, #28]
 244              		.loc 1 191 0
 245 0056 099B     		ldr	r3, [sp, #36]
 246 0058 03F00703 		and	r3, r3, #7
 247 005c 9B00     		lsls	r3, r3, #2
 248 005e 0F22     		movs	r2, #15
 249 0060 02FA03F3 		lsl	r3, r2, r3
 250 0064 0693     		str	r3, [sp, #24]
 251              		.loc 1 192 0
 252 0066 099B     		ldr	r3, [sp, #36]
 253 0068 072B     		cmp	r3, #7
 254 006a 09D8     		bhi	.L5
 255              		.loc 1 193 0
 256 006c 039B     		ldr	r3, [sp, #12]
 257 006e 1A6A     		ldr	r2, [r3, #32]
 258 0070 069B     		ldr	r3, [sp, #24]
 259 0072 DB43     		mvns	r3, r3
 260 0074 1A40     		ands	r2, r2, r3
 261 0076 079B     		ldr	r3, [sp, #28]
 262 0078 1A43     		orrs	r2, r2, r3
 263 007a 039B     		ldr	r3, [sp, #12]
 264 007c 1A62     		str	r2, [r3, #32]
 265 007e 08E0     		b	.L6
 266              	.L5:
 267              		.loc 1 195 0
 268 0080 039B     		ldr	r3, [sp, #12]
 269 0082 5A6A     		ldr	r2, [r3, #36]
 270 0084 069B     		ldr	r3, [sp, #24]
 271 0086 DB43     		mvns	r3, r3
 272 0088 1A40     		ands	r2, r2, r3
 273 008a 079B     		ldr	r3, [sp, #28]
 274 008c 1A43     		orrs	r2, r2, r3
 275 008e 039B     		ldr	r3, [sp, #12]
 276 0090 5A62     		str	r2, [r3, #36]
 277              	.L6:
 278              		.loc 1 196 0
 279 0092 099B     		ldr	r3, [sp, #36]
ARM GAS  /tmp/ccs83cfQ.s 			page 6


 280 0094 0122     		movs	r2, #1
 281 0096 02FA03F3 		lsl	r3, r2, r3
 282 009a 0593     		str	r3, [sp, #20]
 283              		.loc 1 197 0
 284 009c 039B     		ldr	r3, [sp, #12]
 285 009e 5A68     		ldr	r2, [r3, #4]
 286 00a0 059B     		ldr	r3, [sp, #20]
 287 00a2 DB43     		mvns	r3, r3
 288 00a4 1A40     		ands	r2, r2, r3
 289 00a6 0C9B     		ldr	r3, [sp, #48]
 290 00a8 1A43     		orrs	r2, r2, r3
 291 00aa 039B     		ldr	r3, [sp, #12]
 292 00ac 5A60     		str	r2, [r3, #4]
 293              		.loc 1 198 0
 294 00ae 099B     		ldr	r3, [sp, #36]
 295 00b0 5B00     		lsls	r3, r3, #1
 296 00b2 0322     		movs	r2, #3
 297 00b4 02FA03F3 		lsl	r3, r2, r3
 298 00b8 0493     		str	r3, [sp, #16]
 299              		.loc 1 199 0
 300 00ba 039B     		ldr	r3, [sp, #12]
 301 00bc 9A68     		ldr	r2, [r3, #8]
 302 00be 049B     		ldr	r3, [sp, #16]
 303 00c0 DB43     		mvns	r3, r3
 304 00c2 1A40     		ands	r2, r2, r3
 305 00c4 0B9B     		ldr	r3, [sp, #44]
 306 00c6 1A43     		orrs	r2, r2, r3
 307 00c8 039B     		ldr	r3, [sp, #12]
 308 00ca 9A60     		str	r2, [r3, #8]
 309              		.loc 1 200 0
 310 00cc 039B     		ldr	r3, [sp, #12]
 311 00ce DA68     		ldr	r2, [r3, #12]
 312 00d0 049B     		ldr	r3, [sp, #16]
 313 00d2 DB43     		mvns	r3, r3
 314 00d4 1A40     		ands	r2, r2, r3
 315 00d6 0A9B     		ldr	r3, [sp, #40]
 316 00d8 1A43     		orrs	r2, r2, r3
 317 00da 039B     		ldr	r3, [sp, #12]
 318 00dc DA60     		str	r2, [r3, #12]
 319              		.loc 1 201 0
 320 00de 039B     		ldr	r3, [sp, #12]
 321 00e0 1A68     		ldr	r2, [r3]
 322 00e2 049B     		ldr	r3, [sp, #16]
 323 00e4 DB43     		mvns	r3, r3
 324 00e6 1A40     		ands	r2, r2, r3
 325 00e8 0D9B     		ldr	r3, [sp, #52]
 326 00ea 1A43     		orrs	r2, r2, r3
 327 00ec 039B     		ldr	r3, [sp, #12]
 328 00ee 1A60     		str	r2, [r3]
 329              	.L4:
 330              	.LBE2:
 331              		.loc 1 203 0
 332 00f0 029B     		ldr	r3, [sp, #8]
 333 00f2 5B08     		lsrs	r3, r3, #1
 334 00f4 0293     		str	r3, [sp, #8]
 335              		.loc 1 204 0
 336 00f6 029B     		ldr	r3, [sp, #8]
ARM GAS  /tmp/ccs83cfQ.s 			page 7


 337 00f8 002B     		cmp	r3, #0
 338 00fa 00D1     		bne	.L7
 339              		.loc 1 205 0
 340 00fc 0FE0     		b	.L10
 341              	.L7:
 342              		.loc 1 206 0
 343 00fe 0C9B     		ldr	r3, [sp, #48]
 344 0100 5B00     		lsls	r3, r3, #1
 345 0102 0C93     		str	r3, [sp, #48]
 346              		.loc 1 207 0
 347 0104 0B9B     		ldr	r3, [sp, #44]
 348 0106 9B00     		lsls	r3, r3, #2
 349 0108 0B93     		str	r3, [sp, #44]
 350              		.loc 1 208 0
 351 010a 0A9B     		ldr	r3, [sp, #40]
 352 010c 9B00     		lsls	r3, r3, #2
 353 010e 0A93     		str	r3, [sp, #40]
 354              		.loc 1 209 0
 355 0110 0D9B     		ldr	r3, [sp, #52]
 356 0112 9B00     		lsls	r3, r3, #2
 357 0114 0D93     		str	r3, [sp, #52]
 358              		.loc 1 210 0
 359 0116 099B     		ldr	r3, [sp, #36]
 360 0118 0133     		adds	r3, r3, #1
 361 011a 0993     		str	r3, [sp, #36]
 362              		.loc 1 211 0
 363 011c 8EE7     		b	.L9
 364              	.L10:
 365              		.loc 1 212 0
 366 011e 0EB0     		add	sp, sp, #56
 367              		@ sp needed
 368 0120 7047     		bx	lr
 369              		.cfi_endproc
 370              	.LFE120:
 371              		.size	_pal_lld_setgroupmode, .-_pal_lld_setgroupmode
 372 0122 00BFAFF3 		.text
 372      0080AFF3 
 372      0080AFF3 
 372      0080
 373              	.Letext0:
 374              		.file 2 "/usr/arm-none-eabi/include/machine/_default_types.h"
 375              		.file 3 "/usr/arm-none-eabi/include/stdint.h"
 376              		.file 4 "../..//os/hal/platforms/STM32F4xx/stm32f4xx.h"
 377              		.file 5 "../..//os/hal/platforms/STM32/GPIOv2/pal_lld.h"
 378              		.file 6 "../..//os/ports/common/ARMCMx/CMSIS/include/core_cm4.h"
 379              		.section	.debug_info,"",%progbits
 380              	.Ldebug_info0:
 381 0000 B5050000 		.4byte	0x5b5
 382 0004 0400     		.2byte	0x4
 383 0006 00000000 		.4byte	.Ldebug_abbrev0
 384 000a 04       		.byte	0x4
 385 000b 01       		.uleb128 0x1
 386 000c 02030000 		.4byte	.LASF87
 387 0010 01       		.byte	0x1
 388 0011 07040000 		.4byte	.LASF88
 389 0015 F3010000 		.4byte	.LASF89
 390 0019 00000000 		.4byte	.Ldebug_ranges0+0
ARM GAS  /tmp/ccs83cfQ.s 			page 8


 391 001d 00000000 		.4byte	0
 392 0021 00000000 		.4byte	.Ldebug_line0
 393 0025 02       		.uleb128 0x2
 394 0026 04       		.byte	0x4
 395 0027 05       		.byte	0x5
 396 0028 696E7400 		.ascii	"int\000"
 397 002c 03       		.uleb128 0x3
 398 002d 04       		.byte	0x4
 399 002e 07       		.byte	0x7
 400 002f DB030000 		.4byte	.LASF0
 401 0033 03       		.uleb128 0x3
 402 0034 01       		.byte	0x1
 403 0035 06       		.byte	0x6
 404 0036 97010000 		.4byte	.LASF1
 405 003a 03       		.uleb128 0x3
 406 003b 01       		.byte	0x1
 407 003c 08       		.byte	0x8
 408 003d 81010000 		.4byte	.LASF2
 409 0041 03       		.uleb128 0x3
 410 0042 02       		.byte	0x2
 411 0043 05       		.byte	0x5
 412 0044 68000000 		.4byte	.LASF3
 413 0048 04       		.uleb128 0x4
 414 0049 AC000000 		.4byte	.LASF5
 415 004d 02       		.byte	0x2
 416 004e 26       		.byte	0x26
 417 004f 53000000 		.4byte	0x53
 418 0053 03       		.uleb128 0x3
 419 0054 02       		.byte	0x2
 420 0055 07       		.byte	0x7
 421 0056 3E020000 		.4byte	.LASF4
 422 005a 04       		.uleb128 0x4
 423 005b 68020000 		.4byte	.LASF6
 424 005f 02       		.byte	0x2
 425 0060 37       		.byte	0x37
 426 0061 65000000 		.4byte	0x65
 427 0065 03       		.uleb128 0x3
 428 0066 04       		.byte	0x4
 429 0067 05       		.byte	0x5
 430 0068 37010000 		.4byte	.LASF7
 431 006c 04       		.uleb128 0x4
 432 006d A1000000 		.4byte	.LASF8
 433 0071 02       		.byte	0x2
 434 0072 38       		.byte	0x38
 435 0073 77000000 		.4byte	0x77
 436 0077 03       		.uleb128 0x3
 437 0078 04       		.byte	0x4
 438 0079 07       		.byte	0x7
 439 007a DC010000 		.4byte	.LASF9
 440 007e 03       		.uleb128 0x3
 441 007f 08       		.byte	0x8
 442 0080 05       		.byte	0x5
 443 0081 1B010000 		.4byte	.LASF10
 444 0085 03       		.uleb128 0x3
 445 0086 08       		.byte	0x8
 446 0087 07       		.byte	0x7
 447 0088 A3010000 		.4byte	.LASF11
ARM GAS  /tmp/ccs83cfQ.s 			page 9


 448 008c 04       		.uleb128 0x4
 449 008d D3010000 		.4byte	.LASF12
 450 0091 03       		.byte	0x3
 451 0092 36       		.byte	0x36
 452 0093 48000000 		.4byte	0x48
 453 0097 04       		.uleb128 0x4
 454 0098 60020000 		.4byte	.LASF13
 455 009c 03       		.byte	0x3
 456 009d 41       		.byte	0x41
 457 009e 5A000000 		.4byte	0x5a
 458 00a2 04       		.uleb128 0x4
 459 00a3 BA010000 		.4byte	.LASF14
 460 00a7 03       		.byte	0x3
 461 00a8 42       		.byte	0x42
 462 00a9 6C000000 		.4byte	0x6c
 463 00ad 03       		.uleb128 0x3
 464 00ae 01       		.byte	0x1
 465 00af 02       		.byte	0x2
 466 00b0 7C020000 		.4byte	.LASF15
 467 00b4 05       		.uleb128 0x5
 468 00b5 A2000000 		.4byte	0xa2
 469 00b9 03       		.uleb128 0x3
 470 00ba 04       		.byte	0x4
 471 00bb 07       		.byte	0x7
 472 00bc 7B000000 		.4byte	.LASF16
 473 00c0 03       		.uleb128 0x3
 474 00c1 01       		.byte	0x1
 475 00c2 08       		.byte	0x8
 476 00c3 5B020000 		.4byte	.LASF17
 477 00c7 06       		.uleb128 0x6
 478 00c8 A2000000 		.4byte	0xa2
 479 00cc D7000000 		.4byte	0xd7
 480 00d0 07       		.uleb128 0x7
 481 00d1 B9000000 		.4byte	0xb9
 482 00d5 01       		.byte	0x1
 483 00d6 00       		.byte	0
 484 00d7 05       		.uleb128 0x5
 485 00d8 97000000 		.4byte	0x97
 486 00dc 08       		.uleb128 0x8
 487 00dd 90       		.byte	0x90
 488 00de 04       		.byte	0x4
 489 00df 5804     		.2byte	0x458
 490 00e1 85020000 		.4byte	0x285
 491 00e5 09       		.uleb128 0x9
 492 00e6 435200   		.ascii	"CR\000"
 493 00e9 04       		.byte	0x4
 494 00ea 5A04     		.2byte	0x45a
 495 00ec B4000000 		.4byte	0xb4
 496 00f0 00       		.byte	0
 497 00f1 0A       		.uleb128 0xa
 498 00f2 27000000 		.4byte	.LASF18
 499 00f6 04       		.byte	0x4
 500 00f7 5B04     		.2byte	0x45b
 501 00f9 B4000000 		.4byte	0xb4
 502 00fd 04       		.byte	0x4
 503 00fe 0A       		.uleb128 0xa
 504 00ff E8030000 		.4byte	.LASF19
ARM GAS  /tmp/ccs83cfQ.s 			page 10


 505 0103 04       		.byte	0x4
 506 0104 5C04     		.2byte	0x45c
 507 0106 B4000000 		.4byte	0xb4
 508 010a 08       		.byte	0x8
 509 010b 09       		.uleb128 0x9
 510 010c 43495200 		.ascii	"CIR\000"
 511 0110 04       		.byte	0x4
 512 0111 5D04     		.2byte	0x45d
 513 0113 B4000000 		.4byte	0xb4
 514 0117 0C       		.byte	0xc
 515 0118 0A       		.uleb128 0xa
 516 0119 C4000000 		.4byte	.LASF20
 517 011d 04       		.byte	0x4
 518 011e 5E04     		.2byte	0x45e
 519 0120 B4000000 		.4byte	0xb4
 520 0124 10       		.byte	0x10
 521 0125 0A       		.uleb128 0xa
 522 0126 CA010000 		.4byte	.LASF21
 523 012a 04       		.byte	0x4
 524 012b 5F04     		.2byte	0x45f
 525 012d B4000000 		.4byte	0xb4
 526 0131 14       		.byte	0x14
 527 0132 0A       		.uleb128 0xa
 528 0133 B7030000 		.4byte	.LASF22
 529 0137 04       		.byte	0x4
 530 0138 6004     		.2byte	0x460
 531 013a B4000000 		.4byte	0xb4
 532 013e 18       		.byte	0x18
 533 013f 0A       		.uleb128 0xa
 534 0140 9D020000 		.4byte	.LASF23
 535 0144 04       		.byte	0x4
 536 0145 6104     		.2byte	0x461
 537 0147 A2000000 		.4byte	0xa2
 538 014b 1C       		.byte	0x1c
 539 014c 0A       		.uleb128 0xa
 540 014d 2F000000 		.4byte	.LASF24
 541 0151 04       		.byte	0x4
 542 0152 6204     		.2byte	0x462
 543 0154 B4000000 		.4byte	0xb4
 544 0158 20       		.byte	0x20
 545 0159 0A       		.uleb128 0xa
 546 015a 59010000 		.4byte	.LASF25
 547 015e 04       		.byte	0x4
 548 015f 6304     		.2byte	0x463
 549 0161 B4000000 		.4byte	0xb4
 550 0165 24       		.byte	0x24
 551 0166 0A       		.uleb128 0xa
 552 0167 A7020000 		.4byte	.LASF26
 553 016b 04       		.byte	0x4
 554 016c 6404     		.2byte	0x464
 555 016e C7000000 		.4byte	0xc7
 556 0172 28       		.byte	0x28
 557 0173 0A       		.uleb128 0xa
 558 0174 EA020000 		.4byte	.LASF27
 559 0178 04       		.byte	0x4
 560 0179 6504     		.2byte	0x465
 561 017b B4000000 		.4byte	0xb4
ARM GAS  /tmp/ccs83cfQ.s 			page 11


 562 017f 30       		.byte	0x30
 563 0180 0A       		.uleb128 0xa
 564 0181 38000000 		.4byte	.LASF28
 565 0185 04       		.byte	0x4
 566 0186 6604     		.2byte	0x466
 567 0188 B4000000 		.4byte	0xb4
 568 018c 34       		.byte	0x34
 569 018d 0A       		.uleb128 0xa
 570 018e 0B010000 		.4byte	.LASF29
 571 0192 04       		.byte	0x4
 572 0193 6704     		.2byte	0x467
 573 0195 B4000000 		.4byte	0xb4
 574 0199 38       		.byte	0x38
 575 019a 0A       		.uleb128 0xa
 576 019b B1020000 		.4byte	.LASF30
 577 019f 04       		.byte	0x4
 578 01a0 6804     		.2byte	0x468
 579 01a2 A2000000 		.4byte	0xa2
 580 01a6 3C       		.byte	0x3c
 581 01a7 0A       		.uleb128 0xa
 582 01a8 E7000000 		.4byte	.LASF31
 583 01ac 04       		.byte	0x4
 584 01ad 6904     		.2byte	0x469
 585 01af B4000000 		.4byte	0xb4
 586 01b3 40       		.byte	0x40
 587 01b4 0A       		.uleb128 0xa
 588 01b5 8F010000 		.4byte	.LASF32
 589 01b9 04       		.byte	0x4
 590 01ba 6A04     		.2byte	0x46a
 591 01bc B4000000 		.4byte	0xb4
 592 01c0 44       		.byte	0x44
 593 01c1 0A       		.uleb128 0xa
 594 01c2 BB020000 		.4byte	.LASF33
 595 01c6 04       		.byte	0x4
 596 01c7 6B04     		.2byte	0x46b
 597 01c9 C7000000 		.4byte	0xc7
 598 01cd 48       		.byte	0x48
 599 01ce 0A       		.uleb128 0xa
 600 01cf 00000000 		.4byte	.LASF34
 601 01d3 04       		.byte	0x4
 602 01d4 6C04     		.2byte	0x46c
 603 01d6 B4000000 		.4byte	0xb4
 604 01da 50       		.byte	0x50
 605 01db 0A       		.uleb128 0xa
 606 01dc 87020000 		.4byte	.LASF35
 607 01e0 04       		.byte	0x4
 608 01e1 6D04     		.2byte	0x46d
 609 01e3 B4000000 		.4byte	0xb4
 610 01e7 54       		.byte	0x54
 611 01e8 0A       		.uleb128 0xa
 612 01e9 DD000000 		.4byte	.LASF36
 613 01ed 04       		.byte	0x4
 614 01ee 6E04     		.2byte	0x46e
 615 01f0 B4000000 		.4byte	0xb4
 616 01f4 58       		.byte	0x58
 617 01f5 0A       		.uleb128 0xa
 618 01f6 C5020000 		.4byte	.LASF37
ARM GAS  /tmp/ccs83cfQ.s 			page 12


 619 01fa 04       		.byte	0x4
 620 01fb 6F04     		.2byte	0x46f
 621 01fd A2000000 		.4byte	0xa2
 622 0201 5C       		.byte	0x5c
 623 0202 0A       		.uleb128 0xa
 624 0203 51020000 		.4byte	.LASF38
 625 0207 04       		.byte	0x4
 626 0208 7004     		.2byte	0x470
 627 020a B4000000 		.4byte	0xb4
 628 020e 60       		.byte	0x60
 629 020f 0A       		.uleb128 0xa
 630 0210 FD030000 		.4byte	.LASF39
 631 0214 04       		.byte	0x4
 632 0215 7104     		.2byte	0x471
 633 0217 B4000000 		.4byte	0xb4
 634 021b 64       		.byte	0x64
 635 021c 0A       		.uleb128 0xa
 636 021d CF020000 		.4byte	.LASF40
 637 0221 04       		.byte	0x4
 638 0222 7204     		.2byte	0x472
 639 0224 C7000000 		.4byte	0xc7
 640 0228 68       		.byte	0x68
 641 0229 0A       		.uleb128 0xa
 642 022a 84000000 		.4byte	.LASF41
 643 022e 04       		.byte	0x4
 644 022f 7304     		.2byte	0x473
 645 0231 B4000000 		.4byte	0xb4
 646 0235 70       		.byte	0x70
 647 0236 09       		.uleb128 0x9
 648 0237 43535200 		.ascii	"CSR\000"
 649 023b 04       		.byte	0x4
 650 023c 7404     		.2byte	0x474
 651 023e B4000000 		.4byte	0xb4
 652 0242 74       		.byte	0x74
 653 0243 0A       		.uleb128 0xa
 654 0244 D9020000 		.4byte	.LASF42
 655 0248 04       		.byte	0x4
 656 0249 7504     		.2byte	0x475
 657 024b C7000000 		.4byte	0xc7
 658 024f 78       		.byte	0x78
 659 0250 0A       		.uleb128 0xa
 660 0251 B7000000 		.4byte	.LASF43
 661 0255 04       		.byte	0x4
 662 0256 7604     		.2byte	0x476
 663 0258 B4000000 		.4byte	0xb4
 664 025c 80       		.byte	0x80
 665 025d 0A       		.uleb128 0xa
 666 025e 90000000 		.4byte	.LASF44
 667 0262 04       		.byte	0x4
 668 0263 7704     		.2byte	0x477
 669 0265 B4000000 		.4byte	0xb4
 670 0269 84       		.byte	0x84
 671 026a 0A       		.uleb128 0xa
 672 026b ED030000 		.4byte	.LASF45
 673 026f 04       		.byte	0x4
 674 0270 7804     		.2byte	0x478
 675 0272 B4000000 		.4byte	0xb4
ARM GAS  /tmp/ccs83cfQ.s 			page 13


 676 0276 88       		.byte	0x88
 677 0277 0A       		.uleb128 0xa
 678 0278 03010000 		.4byte	.LASF46
 679 027c 04       		.byte	0x4
 680 027d 7904     		.2byte	0x479
 681 027f B4000000 		.4byte	0xb4
 682 0283 8C       		.byte	0x8c
 683 0284 00       		.byte	0
 684 0285 0B       		.uleb128 0xb
 685 0286 47010000 		.4byte	.LASF47
 686 028a 04       		.byte	0x4
 687 028b 7B04     		.2byte	0x47b
 688 028d DC000000 		.4byte	0xdc
 689 0291 0C       		.uleb128 0xc
 690 0292 04       		.byte	0x4
 691 0293 05       		.byte	0x5
 692 0294 96       		.byte	0x96
 693 0295 B2020000 		.4byte	0x2b2
 694 0299 0D       		.uleb128 0xd
 695 029a 73657400 		.ascii	"set\000"
 696 029e 05       		.byte	0x5
 697 029f 97       		.byte	0x97
 698 02a0 8C000000 		.4byte	0x8c
 699 02a4 00       		.byte	0
 700 02a5 0E       		.uleb128 0xe
 701 02a6 62010000 		.4byte	.LASF48
 702 02aa 05       		.byte	0x5
 703 02ab 98       		.byte	0x98
 704 02ac 8C000000 		.4byte	0x8c
 705 02b0 02       		.byte	0x2
 706 02b1 00       		.byte	0
 707 02b2 0F       		.uleb128 0xf
 708 02b3 04       		.byte	0x4
 709 02b4 05       		.byte	0x5
 710 02b5 94       		.byte	0x94
 711 02b6 CD020000 		.4byte	0x2cd
 712 02ba 10       		.uleb128 0x10
 713 02bb 5700     		.ascii	"W\000"
 714 02bd 05       		.byte	0x5
 715 02be 95       		.byte	0x95
 716 02bf A2000000 		.4byte	0xa2
 717 02c3 10       		.uleb128 0x10
 718 02c4 4800     		.ascii	"H\000"
 719 02c6 05       		.byte	0x5
 720 02c7 99       		.byte	0x99
 721 02c8 91020000 		.4byte	0x291
 722 02cc 00       		.byte	0
 723 02cd 0C       		.uleb128 0xc
 724 02ce 28       		.byte	0x28
 725 02cf 05       		.byte	0x5
 726 02d0 8C       		.byte	0x8c
 727 02d1 4E030000 		.4byte	0x34e
 728 02d5 0E       		.uleb128 0xe
 729 02d6 53010000 		.4byte	.LASF49
 730 02da 05       		.byte	0x5
 731 02db 8E       		.byte	0x8e
 732 02dc B4000000 		.4byte	0xb4
ARM GAS  /tmp/ccs83cfQ.s 			page 14


 733 02e0 00       		.byte	0
 734 02e1 0E       		.uleb128 0xe
 735 02e2 FC000000 		.4byte	.LASF50
 736 02e6 05       		.byte	0x5
 737 02e7 8F       		.byte	0x8f
 738 02e8 B4000000 		.4byte	0xb4
 739 02ec 04       		.byte	0x4
 740 02ed 0E       		.uleb128 0xe
 741 02ee 13010000 		.4byte	.LASF51
 742 02f2 05       		.byte	0x5
 743 02f3 90       		.byte	0x90
 744 02f4 B4000000 		.4byte	0xb4
 745 02f8 08       		.byte	0x8
 746 02f9 0E       		.uleb128 0xe
 747 02fa 29010000 		.4byte	.LASF52
 748 02fe 05       		.byte	0x5
 749 02ff 91       		.byte	0x91
 750 0300 B4000000 		.4byte	0xb4
 751 0304 0C       		.byte	0xc
 752 0305 0D       		.uleb128 0xd
 753 0306 49445200 		.ascii	"IDR\000"
 754 030a 05       		.byte	0x5
 755 030b 92       		.byte	0x92
 756 030c B4000000 		.4byte	0xb4
 757 0310 10       		.byte	0x10
 758 0311 0D       		.uleb128 0xd
 759 0312 4F445200 		.ascii	"ODR\000"
 760 0316 05       		.byte	0x5
 761 0317 93       		.byte	0x93
 762 0318 B4000000 		.4byte	0xb4
 763 031c 14       		.byte	0x14
 764 031d 0E       		.uleb128 0xe
 765 031e 36040000 		.4byte	.LASF53
 766 0322 05       		.byte	0x5
 767 0323 9A       		.byte	0x9a
 768 0324 4E030000 		.4byte	0x34e
 769 0328 18       		.byte	0x18
 770 0329 0E       		.uleb128 0xe
 771 032a F8030000 		.4byte	.LASF54
 772 032e 05       		.byte	0x5
 773 032f 9B       		.byte	0x9b
 774 0330 B4000000 		.4byte	0xb4
 775 0334 1C       		.byte	0x1c
 776 0335 0E       		.uleb128 0xe
 777 0336 39020000 		.4byte	.LASF55
 778 033a 05       		.byte	0x5
 779 033b 9C       		.byte	0x9c
 780 033c B4000000 		.4byte	0xb4
 781 0340 20       		.byte	0x20
 782 0341 0E       		.uleb128 0xe
 783 0342 EE010000 		.4byte	.LASF56
 784 0346 05       		.byte	0x5
 785 0347 9D       		.byte	0x9d
 786 0348 B4000000 		.4byte	0xb4
 787 034c 24       		.byte	0x24
 788 034d 00       		.byte	0
 789 034e 05       		.uleb128 0x5
ARM GAS  /tmp/ccs83cfQ.s 			page 15


 790 034f B2020000 		.4byte	0x2b2
 791 0353 04       		.uleb128 0x4
 792 0354 AA030000 		.4byte	.LASF57
 793 0358 05       		.byte	0x5
 794 0359 9E       		.byte	0x9e
 795 035a CD020000 		.4byte	0x2cd
 796 035e 0C       		.uleb128 0xc
 797 035f 1C       		.byte	0x1c
 798 0360 05       		.byte	0x5
 799 0361 A3       		.byte	0xa3
 800 0362 BB030000 		.4byte	0x3bb
 801 0366 0E       		.uleb128 0xe
 802 0367 A4030000 		.4byte	.LASF58
 803 036b 05       		.byte	0x5
 804 036c A5       		.byte	0xa5
 805 036d A2000000 		.4byte	0xa2
 806 0371 00       		.byte	0
 807 0372 0E       		.uleb128 0xe
 808 0373 C3010000 		.4byte	.LASF59
 809 0377 05       		.byte	0x5
 810 0378 A7       		.byte	0xa7
 811 0379 A2000000 		.4byte	0xa2
 812 037d 04       		.byte	0x4
 813 037e 0E       		.uleb128 0xe
 814 037f 2F010000 		.4byte	.LASF60
 815 0383 05       		.byte	0x5
 816 0384 A9       		.byte	0xa9
 817 0385 A2000000 		.4byte	0xa2
 818 0389 08       		.byte	0x8
 819 038a 0E       		.uleb128 0xe
 820 038b F7020000 		.4byte	.LASF61
 821 038f 05       		.byte	0x5
 822 0390 AB       		.byte	0xab
 823 0391 A2000000 		.4byte	0xa2
 824 0395 0C       		.byte	0xc
 825 0396 0D       		.uleb128 0xd
 826 0397 6F647200 		.ascii	"odr\000"
 827 039b 05       		.byte	0x5
 828 039c AD       		.byte	0xad
 829 039d A2000000 		.4byte	0xa2
 830 03a1 10       		.byte	0x10
 831 03a2 0E       		.uleb128 0xe
 832 03a3 9F030000 		.4byte	.LASF62
 833 03a7 05       		.byte	0x5
 834 03a8 AF       		.byte	0xaf
 835 03a9 A2000000 		.4byte	0xa2
 836 03ad 14       		.byte	0x14
 837 03ae 0E       		.uleb128 0xe
 838 03af FD020000 		.4byte	.LASF63
 839 03b3 05       		.byte	0x5
 840 03b4 B1       		.byte	0xb1
 841 03b5 A2000000 		.4byte	0xa2
 842 03b9 18       		.byte	0x18
 843 03ba 00       		.byte	0
 844 03bb 04       		.uleb128 0x4
 845 03bc 40000000 		.4byte	.LASF64
 846 03c0 05       		.byte	0x5
ARM GAS  /tmp/ccs83cfQ.s 			page 16


 847 03c1 B2       		.byte	0xb2
 848 03c2 5E030000 		.4byte	0x35e
 849 03c6 0C       		.uleb128 0xc
 850 03c7 FC       		.byte	0xfc
 851 03c8 05       		.byte	0x5
 852 03c9 BB       		.byte	0xbb
 853 03ca 3B040000 		.4byte	0x43b
 854 03ce 0E       		.uleb128 0xe
 855 03cf 6F010000 		.4byte	.LASF65
 856 03d3 05       		.byte	0x5
 857 03d4 BE       		.byte	0xbe
 858 03d5 BB030000 		.4byte	0x3bb
 859 03d9 00       		.byte	0
 860 03da 0E       		.uleb128 0xe
 861 03db BD000000 		.4byte	.LASF66
 862 03df 05       		.byte	0x5
 863 03e0 C2       		.byte	0xc2
 864 03e1 BB030000 		.4byte	0x3bb
 865 03e5 1C       		.byte	0x1c
 866 03e6 0E       		.uleb128 0xe
 867 03e7 0A000000 		.4byte	.LASF67
 868 03eb 05       		.byte	0x5
 869 03ec C6       		.byte	0xc6
 870 03ed BB030000 		.4byte	0x3bb
 871 03f1 38       		.byte	0x38
 872 03f2 0E       		.uleb128 0xe
 873 03f3 40010000 		.4byte	.LASF68
 874 03f7 05       		.byte	0x5
 875 03f8 CA       		.byte	0xca
 876 03f9 BB030000 		.4byte	0x3bb
 877 03fd 54       		.byte	0x54
 878 03fe 0E       		.uleb128 0xe
 879 03ff 96020000 		.4byte	.LASF69
 880 0403 05       		.byte	0x5
 881 0404 CE       		.byte	0xce
 882 0405 BB030000 		.4byte	0x3bb
 883 0409 70       		.byte	0x70
 884 040a 0E       		.uleb128 0xe
 885 040b 53000000 		.4byte	.LASF70
 886 040f 05       		.byte	0x5
 887 0410 D2       		.byte	0xd2
 888 0411 BB030000 		.4byte	0x3bb
 889 0415 8C       		.byte	0x8c
 890 0416 0E       		.uleb128 0xe
 891 0417 68010000 		.4byte	.LASF71
 892 041b 05       		.byte	0x5
 893 041c D6       		.byte	0xd6
 894 041d BB030000 		.4byte	0x3bb
 895 0421 A8       		.byte	0xa8
 896 0422 0E       		.uleb128 0xe
 897 0423 E3020000 		.4byte	.LASF72
 898 0427 05       		.byte	0x5
 899 0428 DA       		.byte	0xda
 900 0429 BB030000 		.4byte	0x3bb
 901 042d C4       		.byte	0xc4
 902 042e 0E       		.uleb128 0xe
 903 042f 89000000 		.4byte	.LASF73
ARM GAS  /tmp/ccs83cfQ.s 			page 17


 904 0433 05       		.byte	0x5
 905 0434 DE       		.byte	0xde
 906 0435 BB030000 		.4byte	0x3bb
 907 0439 E0       		.byte	0xe0
 908 043a 00       		.byte	0
 909 043b 04       		.uleb128 0x4
 910 043c 72020000 		.4byte	.LASF74
 911 0440 05       		.byte	0x5
 912 0441 E0       		.byte	0xe0
 913 0442 C6030000 		.4byte	0x3c6
 914 0446 04       		.uleb128 0x4
 915 0447 EF000000 		.4byte	.LASF75
 916 044b 05       		.byte	0x5
 917 044c F0       		.byte	0xf0
 918 044d A2000000 		.4byte	0xa2
 919 0451 04       		.uleb128 0x4
 920 0452 D4000000 		.4byte	.LASF76
 921 0456 05       		.byte	0x5
 922 0457 F5       		.byte	0xf5
 923 0458 A2000000 		.4byte	0xa2
 924 045c 04       		.uleb128 0x4
 925 045d 76010000 		.4byte	.LASF77
 926 0461 05       		.byte	0x5
 927 0462 FD       		.byte	0xfd
 928 0463 67040000 		.4byte	0x467
 929 0467 11       		.uleb128 0x11
 930 0468 04       		.byte	0x4
 931 0469 53030000 		.4byte	0x353
 932 046d 12       		.uleb128 0x12
 933 046e 72000000 		.4byte	.LASF90
 934 0472 01       		.byte	0x1
 935 0473 56       		.byte	0x56
 936 0474 00000000 		.4byte	.LFB118
 937 0478 42000000 		.4byte	.LFE118-.LFB118
 938 047c 01       		.uleb128 0x1
 939 047d 9C       		.byte	0x9c
 940 047e 9F040000 		.4byte	0x49f
 941 0482 13       		.uleb128 0x13
 942 0483 9B000000 		.4byte	.LASF78
 943 0487 01       		.byte	0x1
 944 0488 56       		.byte	0x56
 945 0489 67040000 		.4byte	0x467
 946 048d 02       		.uleb128 0x2
 947 048e 91       		.byte	0x91
 948 048f 7C       		.sleb128 -4
 949 0490 13       		.uleb128 0x13
 950 0491 CD000000 		.4byte	.LASF79
 951 0495 01       		.byte	0x1
 952 0496 56       		.byte	0x56
 953 0497 9F040000 		.4byte	0x49f
 954 049b 02       		.uleb128 0x2
 955 049c 91       		.byte	0x91
 956 049d 78       		.sleb128 -8
 957 049e 00       		.byte	0
 958 049f 11       		.uleb128 0x11
 959 04a0 04       		.byte	0x4
 960 04a1 A5040000 		.4byte	0x4a5
ARM GAS  /tmp/ccs83cfQ.s 			page 18


 961 04a5 14       		.uleb128 0x14
 962 04a6 BB030000 		.4byte	0x3bb
 963 04aa 15       		.uleb128 0x15
 964 04ab 5A000000 		.4byte	.LASF80
 965 04af 01       		.byte	0x1
 966 04b0 71       		.byte	0x71
 967 04b1 00000000 		.4byte	.LFB119
 968 04b5 E2000000 		.4byte	.LFE119-.LFB119
 969 04b9 01       		.uleb128 0x1
 970 04ba 9C       		.byte	0x9c
 971 04bb CE040000 		.4byte	0x4ce
 972 04bf 13       		.uleb128 0x13
 973 04c0 CD000000 		.4byte	.LASF79
 974 04c4 01       		.byte	0x1
 975 04c5 71       		.byte	0x71
 976 04c6 CE040000 		.4byte	0x4ce
 977 04ca 02       		.uleb128 0x2
 978 04cb 91       		.byte	0x91
 979 04cc 74       		.sleb128 -12
 980 04cd 00       		.byte	0
 981 04ce 11       		.uleb128 0x11
 982 04cf 04       		.byte	0x4
 983 04d0 D4040000 		.4byte	0x4d4
 984 04d4 14       		.uleb128 0x14
 985 04d5 3B040000 		.4byte	0x43b
 986 04d9 16       		.uleb128 0x16
 987 04da 11000000 		.4byte	.LASF81
 988 04de 01       		.byte	0x1
 989 04df B0       		.byte	0xb0
 990 04e0 00000000 		.4byte	.LFB120
 991 04e4 22010000 		.4byte	.LFE120-.LFB120
 992 04e8 01       		.uleb128 0x1
 993 04e9 9C       		.byte	0x9c
 994 04ea AC050000 		.4byte	0x5ac
 995 04ee 13       		.uleb128 0x13
 996 04ef 91020000 		.4byte	.LASF82
 997 04f3 01       		.byte	0x1
 998 04f4 B0       		.byte	0xb0
 999 04f5 5C040000 		.4byte	0x45c
 1000 04f9 02       		.uleb128 0x2
 1001 04fa 91       		.byte	0x91
 1002 04fb 54       		.sleb128 -44
 1003 04fc 13       		.uleb128 0x13
 1004 04fd F2020000 		.4byte	.LASF83
 1005 0501 01       		.byte	0x1
 1006 0502 B1       		.byte	0xb1
 1007 0503 46040000 		.4byte	0x446
 1008 0507 02       		.uleb128 0x2
 1009 0508 91       		.byte	0x91
 1010 0509 50       		.sleb128 -48
 1011 050a 13       		.uleb128 0x13
 1012 050b 82020000 		.4byte	.LASF84
 1013 050f 01       		.byte	0x1
 1014 0510 B2       		.byte	0xb2
 1015 0511 51040000 		.4byte	0x451
 1016 0515 02       		.uleb128 0x2
 1017 0516 91       		.byte	0x91
ARM GAS  /tmp/ccs83cfQ.s 			page 19


 1018 0517 4C       		.sleb128 -52
 1019 0518 17       		.uleb128 0x17
 1020 0519 A4030000 		.4byte	.LASF58
 1021 051d 01       		.byte	0x1
 1022 051e B4       		.byte	0xb4
 1023 051f A2000000 		.4byte	0xa2
 1024 0523 02       		.uleb128 0x2
 1025 0524 91       		.byte	0x91
 1026 0525 7C       		.sleb128 -4
 1027 0526 17       		.uleb128 0x17
 1028 0527 C3010000 		.4byte	.LASF59
 1029 052b 01       		.byte	0x1
 1030 052c B5       		.byte	0xb5
 1031 052d A2000000 		.4byte	0xa2
 1032 0531 02       		.uleb128 0x2
 1033 0532 91       		.byte	0x91
 1034 0533 78       		.sleb128 -8
 1035 0534 17       		.uleb128 0x17
 1036 0535 2F010000 		.4byte	.LASF60
 1037 0539 01       		.byte	0x1
 1038 053a B6       		.byte	0xb6
 1039 053b A2000000 		.4byte	0xa2
 1040 053f 02       		.uleb128 0x2
 1041 0540 91       		.byte	0x91
 1042 0541 74       		.sleb128 -12
 1043 0542 17       		.uleb128 0x17
 1044 0543 F7020000 		.4byte	.LASF61
 1045 0547 01       		.byte	0x1
 1046 0548 B7       		.byte	0xb7
 1047 0549 A2000000 		.4byte	0xa2
 1048 054d 02       		.uleb128 0x2
 1049 054e 91       		.byte	0x91
 1050 054f 70       		.sleb128 -16
 1051 0550 17       		.uleb128 0x17
 1052 0551 C0030000 		.4byte	.LASF85
 1053 0555 01       		.byte	0x1
 1054 0556 B8       		.byte	0xb8
 1055 0557 A2000000 		.4byte	0xa2
 1056 055b 02       		.uleb128 0x2
 1057 055c 91       		.byte	0x91
 1058 055d 68       		.sleb128 -24
 1059 055e 18       		.uleb128 0x18
 1060 055f 62697400 		.ascii	"bit\000"
 1061 0563 01       		.byte	0x1
 1062 0564 B9       		.byte	0xb9
 1063 0565 A2000000 		.4byte	0xa2
 1064 0569 02       		.uleb128 0x2
 1065 056a 91       		.byte	0x91
 1066 056b 6C       		.sleb128 -20
 1067 056c 19       		.uleb128 0x19
 1068 056d 46000000 		.4byte	.LBB2
 1069 0571 AA000000 		.4byte	.LBE2-.LBB2
 1070 0575 17       		.uleb128 0x17
 1071 0576 D2030000 		.4byte	.LASF86
 1072 057a 01       		.byte	0x1
 1073 057b BC       		.byte	0xbc
 1074 057c A2000000 		.4byte	0xa2
ARM GAS  /tmp/ccs83cfQ.s 			page 20


 1075 0580 02       		.uleb128 0x2
 1076 0581 91       		.byte	0x91
 1077 0582 64       		.sleb128 -28
 1078 0583 18       		.uleb128 0x18
 1079 0584 6D3100   		.ascii	"m1\000"
 1080 0587 01       		.byte	0x1
 1081 0588 BC       		.byte	0xbc
 1082 0589 A2000000 		.4byte	0xa2
 1083 058d 02       		.uleb128 0x2
 1084 058e 91       		.byte	0x91
 1085 058f 5C       		.sleb128 -36
 1086 0590 18       		.uleb128 0x18
 1087 0591 6D3200   		.ascii	"m2\000"
 1088 0594 01       		.byte	0x1
 1089 0595 BC       		.byte	0xbc
 1090 0596 A2000000 		.4byte	0xa2
 1091 059a 02       		.uleb128 0x2
 1092 059b 91       		.byte	0x91
 1093 059c 58       		.sleb128 -40
 1094 059d 18       		.uleb128 0x18
 1095 059e 6D3400   		.ascii	"m4\000"
 1096 05a1 01       		.byte	0x1
 1097 05a2 BC       		.byte	0xbc
 1098 05a3 A2000000 		.4byte	0xa2
 1099 05a7 02       		.uleb128 0x2
 1100 05a8 91       		.byte	0x91
 1101 05a9 60       		.sleb128 -32
 1102 05aa 00       		.byte	0
 1103 05ab 00       		.byte	0
 1104 05ac 1A       		.uleb128 0x1a
 1105 05ad C5030000 		.4byte	.LASF91
 1106 05b1 06       		.byte	0x6
 1107 05b2 9806     		.2byte	0x698
 1108 05b4 D7000000 		.4byte	0xd7
 1109 05b8 00       		.byte	0
 1110              		.section	.debug_abbrev,"",%progbits
 1111              	.Ldebug_abbrev0:
 1112 0000 01       		.uleb128 0x1
 1113 0001 11       		.uleb128 0x11
 1114 0002 01       		.byte	0x1
 1115 0003 25       		.uleb128 0x25
 1116 0004 0E       		.uleb128 0xe
 1117 0005 13       		.uleb128 0x13
 1118 0006 0B       		.uleb128 0xb
 1119 0007 03       		.uleb128 0x3
 1120 0008 0E       		.uleb128 0xe
 1121 0009 1B       		.uleb128 0x1b
 1122 000a 0E       		.uleb128 0xe
 1123 000b 55       		.uleb128 0x55
 1124 000c 17       		.uleb128 0x17
 1125 000d 11       		.uleb128 0x11
 1126 000e 01       		.uleb128 0x1
 1127 000f 10       		.uleb128 0x10
 1128 0010 17       		.uleb128 0x17
 1129 0011 00       		.byte	0
 1130 0012 00       		.byte	0
 1131 0013 02       		.uleb128 0x2
ARM GAS  /tmp/ccs83cfQ.s 			page 21


 1132 0014 24       		.uleb128 0x24
 1133 0015 00       		.byte	0
 1134 0016 0B       		.uleb128 0xb
 1135 0017 0B       		.uleb128 0xb
 1136 0018 3E       		.uleb128 0x3e
 1137 0019 0B       		.uleb128 0xb
 1138 001a 03       		.uleb128 0x3
 1139 001b 08       		.uleb128 0x8
 1140 001c 00       		.byte	0
 1141 001d 00       		.byte	0
 1142 001e 03       		.uleb128 0x3
 1143 001f 24       		.uleb128 0x24
 1144 0020 00       		.byte	0
 1145 0021 0B       		.uleb128 0xb
 1146 0022 0B       		.uleb128 0xb
 1147 0023 3E       		.uleb128 0x3e
 1148 0024 0B       		.uleb128 0xb
 1149 0025 03       		.uleb128 0x3
 1150 0026 0E       		.uleb128 0xe
 1151 0027 00       		.byte	0
 1152 0028 00       		.byte	0
 1153 0029 04       		.uleb128 0x4
 1154 002a 16       		.uleb128 0x16
 1155 002b 00       		.byte	0
 1156 002c 03       		.uleb128 0x3
 1157 002d 0E       		.uleb128 0xe
 1158 002e 3A       		.uleb128 0x3a
 1159 002f 0B       		.uleb128 0xb
 1160 0030 3B       		.uleb128 0x3b
 1161 0031 0B       		.uleb128 0xb
 1162 0032 49       		.uleb128 0x49
 1163 0033 13       		.uleb128 0x13
 1164 0034 00       		.byte	0
 1165 0035 00       		.byte	0
 1166 0036 05       		.uleb128 0x5
 1167 0037 35       		.uleb128 0x35
 1168 0038 00       		.byte	0
 1169 0039 49       		.uleb128 0x49
 1170 003a 13       		.uleb128 0x13
 1171 003b 00       		.byte	0
 1172 003c 00       		.byte	0
 1173 003d 06       		.uleb128 0x6
 1174 003e 01       		.uleb128 0x1
 1175 003f 01       		.byte	0x1
 1176 0040 49       		.uleb128 0x49
 1177 0041 13       		.uleb128 0x13
 1178 0042 01       		.uleb128 0x1
 1179 0043 13       		.uleb128 0x13
 1180 0044 00       		.byte	0
 1181 0045 00       		.byte	0
 1182 0046 07       		.uleb128 0x7
 1183 0047 21       		.uleb128 0x21
 1184 0048 00       		.byte	0
 1185 0049 49       		.uleb128 0x49
 1186 004a 13       		.uleb128 0x13
 1187 004b 2F       		.uleb128 0x2f
 1188 004c 0B       		.uleb128 0xb
ARM GAS  /tmp/ccs83cfQ.s 			page 22


 1189 004d 00       		.byte	0
 1190 004e 00       		.byte	0
 1191 004f 08       		.uleb128 0x8
 1192 0050 13       		.uleb128 0x13
 1193 0051 01       		.byte	0x1
 1194 0052 0B       		.uleb128 0xb
 1195 0053 0B       		.uleb128 0xb
 1196 0054 3A       		.uleb128 0x3a
 1197 0055 0B       		.uleb128 0xb
 1198 0056 3B       		.uleb128 0x3b
 1199 0057 05       		.uleb128 0x5
 1200 0058 01       		.uleb128 0x1
 1201 0059 13       		.uleb128 0x13
 1202 005a 00       		.byte	0
 1203 005b 00       		.byte	0
 1204 005c 09       		.uleb128 0x9
 1205 005d 0D       		.uleb128 0xd
 1206 005e 00       		.byte	0
 1207 005f 03       		.uleb128 0x3
 1208 0060 08       		.uleb128 0x8
 1209 0061 3A       		.uleb128 0x3a
 1210 0062 0B       		.uleb128 0xb
 1211 0063 3B       		.uleb128 0x3b
 1212 0064 05       		.uleb128 0x5
 1213 0065 49       		.uleb128 0x49
 1214 0066 13       		.uleb128 0x13
 1215 0067 38       		.uleb128 0x38
 1216 0068 0B       		.uleb128 0xb
 1217 0069 00       		.byte	0
 1218 006a 00       		.byte	0
 1219 006b 0A       		.uleb128 0xa
 1220 006c 0D       		.uleb128 0xd
 1221 006d 00       		.byte	0
 1222 006e 03       		.uleb128 0x3
 1223 006f 0E       		.uleb128 0xe
 1224 0070 3A       		.uleb128 0x3a
 1225 0071 0B       		.uleb128 0xb
 1226 0072 3B       		.uleb128 0x3b
 1227 0073 05       		.uleb128 0x5
 1228 0074 49       		.uleb128 0x49
 1229 0075 13       		.uleb128 0x13
 1230 0076 38       		.uleb128 0x38
 1231 0077 0B       		.uleb128 0xb
 1232 0078 00       		.byte	0
 1233 0079 00       		.byte	0
 1234 007a 0B       		.uleb128 0xb
 1235 007b 16       		.uleb128 0x16
 1236 007c 00       		.byte	0
 1237 007d 03       		.uleb128 0x3
 1238 007e 0E       		.uleb128 0xe
 1239 007f 3A       		.uleb128 0x3a
 1240 0080 0B       		.uleb128 0xb
 1241 0081 3B       		.uleb128 0x3b
 1242 0082 05       		.uleb128 0x5
 1243 0083 49       		.uleb128 0x49
 1244 0084 13       		.uleb128 0x13
 1245 0085 00       		.byte	0
ARM GAS  /tmp/ccs83cfQ.s 			page 23


 1246 0086 00       		.byte	0
 1247 0087 0C       		.uleb128 0xc
 1248 0088 13       		.uleb128 0x13
 1249 0089 01       		.byte	0x1
 1250 008a 0B       		.uleb128 0xb
 1251 008b 0B       		.uleb128 0xb
 1252 008c 3A       		.uleb128 0x3a
 1253 008d 0B       		.uleb128 0xb
 1254 008e 3B       		.uleb128 0x3b
 1255 008f 0B       		.uleb128 0xb
 1256 0090 01       		.uleb128 0x1
 1257 0091 13       		.uleb128 0x13
 1258 0092 00       		.byte	0
 1259 0093 00       		.byte	0
 1260 0094 0D       		.uleb128 0xd
 1261 0095 0D       		.uleb128 0xd
 1262 0096 00       		.byte	0
 1263 0097 03       		.uleb128 0x3
 1264 0098 08       		.uleb128 0x8
 1265 0099 3A       		.uleb128 0x3a
 1266 009a 0B       		.uleb128 0xb
 1267 009b 3B       		.uleb128 0x3b
 1268 009c 0B       		.uleb128 0xb
 1269 009d 49       		.uleb128 0x49
 1270 009e 13       		.uleb128 0x13
 1271 009f 38       		.uleb128 0x38
 1272 00a0 0B       		.uleb128 0xb
 1273 00a1 00       		.byte	0
 1274 00a2 00       		.byte	0
 1275 00a3 0E       		.uleb128 0xe
 1276 00a4 0D       		.uleb128 0xd
 1277 00a5 00       		.byte	0
 1278 00a6 03       		.uleb128 0x3
 1279 00a7 0E       		.uleb128 0xe
 1280 00a8 3A       		.uleb128 0x3a
 1281 00a9 0B       		.uleb128 0xb
 1282 00aa 3B       		.uleb128 0x3b
 1283 00ab 0B       		.uleb128 0xb
 1284 00ac 49       		.uleb128 0x49
 1285 00ad 13       		.uleb128 0x13
 1286 00ae 38       		.uleb128 0x38
 1287 00af 0B       		.uleb128 0xb
 1288 00b0 00       		.byte	0
 1289 00b1 00       		.byte	0
 1290 00b2 0F       		.uleb128 0xf
 1291 00b3 17       		.uleb128 0x17
 1292 00b4 01       		.byte	0x1
 1293 00b5 0B       		.uleb128 0xb
 1294 00b6 0B       		.uleb128 0xb
 1295 00b7 3A       		.uleb128 0x3a
 1296 00b8 0B       		.uleb128 0xb
 1297 00b9 3B       		.uleb128 0x3b
 1298 00ba 0B       		.uleb128 0xb
 1299 00bb 01       		.uleb128 0x1
 1300 00bc 13       		.uleb128 0x13
 1301 00bd 00       		.byte	0
 1302 00be 00       		.byte	0
ARM GAS  /tmp/ccs83cfQ.s 			page 24


 1303 00bf 10       		.uleb128 0x10
 1304 00c0 0D       		.uleb128 0xd
 1305 00c1 00       		.byte	0
 1306 00c2 03       		.uleb128 0x3
 1307 00c3 08       		.uleb128 0x8
 1308 00c4 3A       		.uleb128 0x3a
 1309 00c5 0B       		.uleb128 0xb
 1310 00c6 3B       		.uleb128 0x3b
 1311 00c7 0B       		.uleb128 0xb
 1312 00c8 49       		.uleb128 0x49
 1313 00c9 13       		.uleb128 0x13
 1314 00ca 00       		.byte	0
 1315 00cb 00       		.byte	0
 1316 00cc 11       		.uleb128 0x11
 1317 00cd 0F       		.uleb128 0xf
 1318 00ce 00       		.byte	0
 1319 00cf 0B       		.uleb128 0xb
 1320 00d0 0B       		.uleb128 0xb
 1321 00d1 49       		.uleb128 0x49
 1322 00d2 13       		.uleb128 0x13
 1323 00d3 00       		.byte	0
 1324 00d4 00       		.byte	0
 1325 00d5 12       		.uleb128 0x12
 1326 00d6 2E       		.uleb128 0x2e
 1327 00d7 01       		.byte	0x1
 1328 00d8 03       		.uleb128 0x3
 1329 00d9 0E       		.uleb128 0xe
 1330 00da 3A       		.uleb128 0x3a
 1331 00db 0B       		.uleb128 0xb
 1332 00dc 3B       		.uleb128 0x3b
 1333 00dd 0B       		.uleb128 0xb
 1334 00de 27       		.uleb128 0x27
 1335 00df 19       		.uleb128 0x19
 1336 00e0 11       		.uleb128 0x11
 1337 00e1 01       		.uleb128 0x1
 1338 00e2 12       		.uleb128 0x12
 1339 00e3 06       		.uleb128 0x6
 1340 00e4 40       		.uleb128 0x40
 1341 00e5 18       		.uleb128 0x18
 1342 00e6 9742     		.uleb128 0x2117
 1343 00e8 19       		.uleb128 0x19
 1344 00e9 01       		.uleb128 0x1
 1345 00ea 13       		.uleb128 0x13
 1346 00eb 00       		.byte	0
 1347 00ec 00       		.byte	0
 1348 00ed 13       		.uleb128 0x13
 1349 00ee 05       		.uleb128 0x5
 1350 00ef 00       		.byte	0
 1351 00f0 03       		.uleb128 0x3
 1352 00f1 0E       		.uleb128 0xe
 1353 00f2 3A       		.uleb128 0x3a
 1354 00f3 0B       		.uleb128 0xb
 1355 00f4 3B       		.uleb128 0x3b
 1356 00f5 0B       		.uleb128 0xb
 1357 00f6 49       		.uleb128 0x49
 1358 00f7 13       		.uleb128 0x13
 1359 00f8 02       		.uleb128 0x2
ARM GAS  /tmp/ccs83cfQ.s 			page 25


 1360 00f9 18       		.uleb128 0x18
 1361 00fa 00       		.byte	0
 1362 00fb 00       		.byte	0
 1363 00fc 14       		.uleb128 0x14
 1364 00fd 26       		.uleb128 0x26
 1365 00fe 00       		.byte	0
 1366 00ff 49       		.uleb128 0x49
 1367 0100 13       		.uleb128 0x13
 1368 0101 00       		.byte	0
 1369 0102 00       		.byte	0
 1370 0103 15       		.uleb128 0x15
 1371 0104 2E       		.uleb128 0x2e
 1372 0105 01       		.byte	0x1
 1373 0106 3F       		.uleb128 0x3f
 1374 0107 19       		.uleb128 0x19
 1375 0108 03       		.uleb128 0x3
 1376 0109 0E       		.uleb128 0xe
 1377 010a 3A       		.uleb128 0x3a
 1378 010b 0B       		.uleb128 0xb
 1379 010c 3B       		.uleb128 0x3b
 1380 010d 0B       		.uleb128 0xb
 1381 010e 27       		.uleb128 0x27
 1382 010f 19       		.uleb128 0x19
 1383 0110 11       		.uleb128 0x11
 1384 0111 01       		.uleb128 0x1
 1385 0112 12       		.uleb128 0x12
 1386 0113 06       		.uleb128 0x6
 1387 0114 40       		.uleb128 0x40
 1388 0115 18       		.uleb128 0x18
 1389 0116 9642     		.uleb128 0x2116
 1390 0118 19       		.uleb128 0x19
 1391 0119 01       		.uleb128 0x1
 1392 011a 13       		.uleb128 0x13
 1393 011b 00       		.byte	0
 1394 011c 00       		.byte	0
 1395 011d 16       		.uleb128 0x16
 1396 011e 2E       		.uleb128 0x2e
 1397 011f 01       		.byte	0x1
 1398 0120 3F       		.uleb128 0x3f
 1399 0121 19       		.uleb128 0x19
 1400 0122 03       		.uleb128 0x3
 1401 0123 0E       		.uleb128 0xe
 1402 0124 3A       		.uleb128 0x3a
 1403 0125 0B       		.uleb128 0xb
 1404 0126 3B       		.uleb128 0x3b
 1405 0127 0B       		.uleb128 0xb
 1406 0128 27       		.uleb128 0x27
 1407 0129 19       		.uleb128 0x19
 1408 012a 11       		.uleb128 0x11
 1409 012b 01       		.uleb128 0x1
 1410 012c 12       		.uleb128 0x12
 1411 012d 06       		.uleb128 0x6
 1412 012e 40       		.uleb128 0x40
 1413 012f 18       		.uleb128 0x18
 1414 0130 9742     		.uleb128 0x2117
 1415 0132 19       		.uleb128 0x19
 1416 0133 01       		.uleb128 0x1
ARM GAS  /tmp/ccs83cfQ.s 			page 26


 1417 0134 13       		.uleb128 0x13
 1418 0135 00       		.byte	0
 1419 0136 00       		.byte	0
 1420 0137 17       		.uleb128 0x17
 1421 0138 34       		.uleb128 0x34
 1422 0139 00       		.byte	0
 1423 013a 03       		.uleb128 0x3
 1424 013b 0E       		.uleb128 0xe
 1425 013c 3A       		.uleb128 0x3a
 1426 013d 0B       		.uleb128 0xb
 1427 013e 3B       		.uleb128 0x3b
 1428 013f 0B       		.uleb128 0xb
 1429 0140 49       		.uleb128 0x49
 1430 0141 13       		.uleb128 0x13
 1431 0142 02       		.uleb128 0x2
 1432 0143 18       		.uleb128 0x18
 1433 0144 00       		.byte	0
 1434 0145 00       		.byte	0
 1435 0146 18       		.uleb128 0x18
 1436 0147 34       		.uleb128 0x34
 1437 0148 00       		.byte	0
 1438 0149 03       		.uleb128 0x3
 1439 014a 08       		.uleb128 0x8
 1440 014b 3A       		.uleb128 0x3a
 1441 014c 0B       		.uleb128 0xb
 1442 014d 3B       		.uleb128 0x3b
 1443 014e 0B       		.uleb128 0xb
 1444 014f 49       		.uleb128 0x49
 1445 0150 13       		.uleb128 0x13
 1446 0151 02       		.uleb128 0x2
 1447 0152 18       		.uleb128 0x18
 1448 0153 00       		.byte	0
 1449 0154 00       		.byte	0
 1450 0155 19       		.uleb128 0x19
 1451 0156 0B       		.uleb128 0xb
 1452 0157 01       		.byte	0x1
 1453 0158 11       		.uleb128 0x11
 1454 0159 01       		.uleb128 0x1
 1455 015a 12       		.uleb128 0x12
 1456 015b 06       		.uleb128 0x6
 1457 015c 00       		.byte	0
 1458 015d 00       		.byte	0
 1459 015e 1A       		.uleb128 0x1a
 1460 015f 34       		.uleb128 0x34
 1461 0160 00       		.byte	0
 1462 0161 03       		.uleb128 0x3
 1463 0162 0E       		.uleb128 0xe
 1464 0163 3A       		.uleb128 0x3a
 1465 0164 0B       		.uleb128 0xb
 1466 0165 3B       		.uleb128 0x3b
 1467 0166 05       		.uleb128 0x5
 1468 0167 49       		.uleb128 0x49
 1469 0168 13       		.uleb128 0x13
 1470 0169 3F       		.uleb128 0x3f
 1471 016a 19       		.uleb128 0x19
 1472 016b 3C       		.uleb128 0x3c
 1473 016c 19       		.uleb128 0x19
ARM GAS  /tmp/ccs83cfQ.s 			page 27


 1474 016d 00       		.byte	0
 1475 016e 00       		.byte	0
 1476 016f 00       		.byte	0
 1477              		.section	.debug_aranges,"",%progbits
 1478 0000 2C000000 		.4byte	0x2c
 1479 0004 0200     		.2byte	0x2
 1480 0006 00000000 		.4byte	.Ldebug_info0
 1481 000a 04       		.byte	0x4
 1482 000b 00       		.byte	0
 1483 000c 0000     		.2byte	0
 1484 000e 0000     		.2byte	0
 1485 0010 00000000 		.4byte	.LFB118
 1486 0014 42000000 		.4byte	.LFE118-.LFB118
 1487 0018 00000000 		.4byte	.LFB119
 1488 001c E2000000 		.4byte	.LFE119-.LFB119
 1489 0020 00000000 		.4byte	.LFB120
 1490 0024 22010000 		.4byte	.LFE120-.LFB120
 1491 0028 00000000 		.4byte	0
 1492 002c 00000000 		.4byte	0
 1493              		.section	.debug_ranges,"",%progbits
 1494              	.Ldebug_ranges0:
 1495 0000 00000000 		.4byte	.LFB118
 1496 0004 42000000 		.4byte	.LFE118
 1497 0008 00000000 		.4byte	.LFB119
 1498 000c E2000000 		.4byte	.LFE119
 1499 0010 00000000 		.4byte	.LFB120
 1500 0014 22010000 		.4byte	.LFE120
 1501 0018 00000000 		.4byte	0
 1502 001c 00000000 		.4byte	0
 1503              		.section	.debug_line,"",%progbits
 1504              	.Ldebug_line0:
 1505 0000 83010000 		.section	.debug_str,"MS",%progbits,1
 1505      02001B01 
 1505      00000201 
 1505      FB0E0D00 
 1505      01010101 
 1506              	.LASF34:
 1507 0000 41484231 		.ascii	"AHB1LPENR\000"
 1507      4C50454E 
 1507      5200
 1508              	.LASF67:
 1509 000a 50434461 		.ascii	"PCData\000"
 1509      746100
 1510              	.LASF81:
 1511 0011 5F70616C 		.ascii	"_pal_lld_setgroupmode\000"
 1511      5F6C6C64 
 1511      5F736574 
 1511      67726F75 
 1511      706D6F64 
 1512              	.LASF18:
 1513 0027 504C4C43 		.ascii	"PLLCFGR\000"
 1513      46475200 
 1514              	.LASF24:
 1515 002f 41504231 		.ascii	"APB1RSTR\000"
 1515      52535452 
 1515      00
 1516              	.LASF28:
ARM GAS  /tmp/ccs83cfQ.s 			page 28


 1517 0038 41484232 		.ascii	"AHB2ENR\000"
 1517      454E5200 
 1518              	.LASF64:
 1519 0040 73746D33 		.ascii	"stm32_gpio_setup_t\000"
 1519      325F6770 
 1519      696F5F73 
 1519      65747570 
 1519      5F7400
 1520              	.LASF70:
 1521 0053 50464461 		.ascii	"PFData\000"
 1521      746100
 1522              	.LASF80:
 1523 005a 5F70616C 		.ascii	"_pal_lld_init\000"
 1523      5F6C6C64 
 1523      5F696E69 
 1523      7400
 1524              	.LASF3:
 1525 0068 73686F72 		.ascii	"short int\000"
 1525      7420696E 
 1525      7400
 1526              	.LASF90:
 1527 0072 696E6974 		.ascii	"initgpio\000"
 1527      6770696F 
 1527      00
 1528              	.LASF16:
 1529 007b 73697A65 		.ascii	"sizetype\000"
 1529      74797065 
 1529      00
 1530              	.LASF41:
 1531 0084 42444352 		.ascii	"BDCR\000"
 1531      00
 1532              	.LASF73:
 1533 0089 50494461 		.ascii	"PIData\000"
 1533      746100
 1534              	.LASF44:
 1535 0090 504C4C49 		.ascii	"PLLI2SCFGR\000"
 1535      32534346 
 1535      475200
 1536              	.LASF78:
 1537 009b 6770696F 		.ascii	"gpiop\000"
 1537      7000
 1538              	.LASF8:
 1539 00a1 5F5F7569 		.ascii	"__uint32_t\000"
 1539      6E743332 
 1539      5F7400
 1540              	.LASF5:
 1541 00ac 5F5F7569 		.ascii	"__uint16_t\000"
 1541      6E743136 
 1541      5F7400
 1542              	.LASF43:
 1543 00b7 53534347 		.ascii	"SSCGR\000"
 1543      5200
 1544              	.LASF66:
 1545 00bd 50424461 		.ascii	"PBData\000"
 1545      746100
 1546              	.LASF20:
 1547 00c4 41484231 		.ascii	"AHB1RSTR\000"
ARM GAS  /tmp/ccs83cfQ.s 			page 29


 1547      52535452 
 1547      00
 1548              	.LASF79:
 1549 00cd 636F6E66 		.ascii	"config\000"
 1549      696700
 1550              	.LASF76:
 1551 00d4 696F6D6F 		.ascii	"iomode_t\000"
 1551      64655F74 
 1551      00
 1552              	.LASF36:
 1553 00dd 41484233 		.ascii	"AHB3LPENR\000"
 1553      4C50454E 
 1553      5200
 1554              	.LASF31:
 1555 00e7 41504231 		.ascii	"APB1ENR\000"
 1555      454E5200 
 1556              	.LASF75:
 1557 00ef 696F706F 		.ascii	"ioportmask_t\000"
 1557      72746D61 
 1557      736B5F74 
 1557      00
 1558              	.LASF50:
 1559 00fc 4F545950 		.ascii	"OTYPER\000"
 1559      455200
 1560              	.LASF46:
 1561 0103 44434B43 		.ascii	"DCKCFGR\000"
 1561      46475200 
 1562              	.LASF29:
 1563 010b 41484233 		.ascii	"AHB3ENR\000"
 1563      454E5200 
 1564              	.LASF51:
 1565 0113 4F535045 		.ascii	"OSPEEDR\000"
 1565      45445200 
 1566              	.LASF10:
 1567 011b 6C6F6E67 		.ascii	"long long int\000"
 1567      206C6F6E 
 1567      6720696E 
 1567      7400
 1568              	.LASF52:
 1569 0129 50555044 		.ascii	"PUPDR\000"
 1569      5200
 1570              	.LASF60:
 1571 012f 6F737065 		.ascii	"ospeedr\000"
 1571      65647200 
 1572              	.LASF7:
 1573 0137 6C6F6E67 		.ascii	"long int\000"
 1573      20696E74 
 1573      00
 1574              	.LASF68:
 1575 0140 50444461 		.ascii	"PDData\000"
 1575      746100
 1576              	.LASF47:
 1577 0147 5243435F 		.ascii	"RCC_TypeDef\000"
 1577      54797065 
 1577      44656600 
 1578              	.LASF49:
 1579 0153 4D4F4445 		.ascii	"MODER\000"
ARM GAS  /tmp/ccs83cfQ.s 			page 30


 1579      5200
 1580              	.LASF25:
 1581 0159 41504232 		.ascii	"APB2RSTR\000"
 1581      52535452 
 1581      00
 1582              	.LASF48:
 1583 0162 636C6561 		.ascii	"clear\000"
 1583      7200
 1584              	.LASF71:
 1585 0168 50474461 		.ascii	"PGData\000"
 1585      746100
 1586              	.LASF65:
 1587 016f 50414461 		.ascii	"PAData\000"
 1587      746100
 1588              	.LASF77:
 1589 0176 696F706F 		.ascii	"ioportid_t\000"
 1589      72746964 
 1589      5F7400
 1590              	.LASF2:
 1591 0181 756E7369 		.ascii	"unsigned char\000"
 1591      676E6564 
 1591      20636861 
 1591      7200
 1592              	.LASF32:
 1593 018f 41504232 		.ascii	"APB2ENR\000"
 1593      454E5200 
 1594              	.LASF1:
 1595 0197 7369676E 		.ascii	"signed char\000"
 1595      65642063 
 1595      68617200 
 1596              	.LASF11:
 1597 01a3 6C6F6E67 		.ascii	"long long unsigned int\000"
 1597      206C6F6E 
 1597      6720756E 
 1597      7369676E 
 1597      65642069 
 1598              	.LASF14:
 1599 01ba 75696E74 		.ascii	"uint32_t\000"
 1599      33325F74 
 1599      00
 1600              	.LASF59:
 1601 01c3 6F747970 		.ascii	"otyper\000"
 1601      657200
 1602              	.LASF21:
 1603 01ca 41484232 		.ascii	"AHB2RSTR\000"
 1603      52535452 
 1603      00
 1604              	.LASF12:
 1605 01d3 75696E74 		.ascii	"uint16_t\000"
 1605      31365F74 
 1605      00
 1606              	.LASF9:
 1607 01dc 6C6F6E67 		.ascii	"long unsigned int\000"
 1607      20756E73 
 1607      69676E65 
 1607      6420696E 
 1607      7400
ARM GAS  /tmp/ccs83cfQ.s 			page 31


 1608              	.LASF56:
 1609 01ee 41465248 		.ascii	"AFRH\000"
 1609      00
 1610              	.LASF89:
 1611 01f3 2F686F6D 		.ascii	"/home/ece497/vbox-shared/mplayer/ChibiOS-RT-stable_"
 1611      652F6563 
 1611      65343937 
 1611      2F76626F 
 1611      782D7368 
 1612 0226 322E362E 		.ascii	"2.6.x/demos/SDCARD\000"
 1612      782F6465 
 1612      6D6F732F 
 1612      53444341 
 1612      524400
 1613              	.LASF55:
 1614 0239 4146524C 		.ascii	"AFRL\000"
 1614      00
 1615              	.LASF4:
 1616 023e 73686F72 		.ascii	"short unsigned int\000"
 1616      7420756E 
 1616      7369676E 
 1616      65642069 
 1616      6E7400
 1617              	.LASF38:
 1618 0251 41504231 		.ascii	"APB1LPENR\000"
 1618      4C50454E 
 1618      5200
 1619              	.LASF17:
 1620 025b 63686172 		.ascii	"char\000"
 1620      00
 1621              	.LASF13:
 1622 0260 696E7433 		.ascii	"int32_t\000"
 1622      325F7400 
 1623              	.LASF6:
 1624 0268 5F5F696E 		.ascii	"__int32_t\000"
 1624      7433325F 
 1624      7400
 1625              	.LASF74:
 1626 0272 50414C43 		.ascii	"PALConfig\000"
 1626      6F6E6669 
 1626      6700
 1627              	.LASF15:
 1628 027c 5F426F6F 		.ascii	"_Bool\000"
 1628      6C00
 1629              	.LASF84:
 1630 0282 6D6F6465 		.ascii	"mode\000"
 1630      00
 1631              	.LASF35:
 1632 0287 41484232 		.ascii	"AHB2LPENR\000"
 1632      4C50454E 
 1632      5200
 1633              	.LASF82:
 1634 0291 706F7274 		.ascii	"port\000"
 1634      00
 1635              	.LASF69:
 1636 0296 50454461 		.ascii	"PEData\000"
 1636      746100
ARM GAS  /tmp/ccs83cfQ.s 			page 32


 1637              	.LASF23:
 1638 029d 52455345 		.ascii	"RESERVED0\000"
 1638      52564544 
 1638      3000
 1639              	.LASF26:
 1640 02a7 52455345 		.ascii	"RESERVED1\000"
 1640      52564544 
 1640      3100
 1641              	.LASF30:
 1642 02b1 52455345 		.ascii	"RESERVED2\000"
 1642      52564544 
 1642      3200
 1643              	.LASF33:
 1644 02bb 52455345 		.ascii	"RESERVED3\000"
 1644      52564544 
 1644      3300
 1645              	.LASF37:
 1646 02c5 52455345 		.ascii	"RESERVED4\000"
 1646      52564544 
 1646      3400
 1647              	.LASF40:
 1648 02cf 52455345 		.ascii	"RESERVED5\000"
 1648      52564544 
 1648      3500
 1649              	.LASF42:
 1650 02d9 52455345 		.ascii	"RESERVED6\000"
 1650      52564544 
 1650      3600
 1651              	.LASF72:
 1652 02e3 50484461 		.ascii	"PHData\000"
 1652      746100
 1653              	.LASF27:
 1654 02ea 41484231 		.ascii	"AHB1ENR\000"
 1654      454E5200 
 1655              	.LASF83:
 1656 02f2 6D61736B 		.ascii	"mask\000"
 1656      00
 1657              	.LASF61:
 1658 02f7 70757064 		.ascii	"pupdr\000"
 1658      7200
 1659              	.LASF63:
 1660 02fd 61667268 		.ascii	"afrh\000"
 1660      00
 1661              	.LASF87:
 1662 0302 474E5520 		.ascii	"GNU C 4.8.2 -mcpu=cortex-m4 -mno-thumb-interwork -m"
 1662      4320342E 
 1662      382E3220 
 1662      2D6D6370 
 1662      753D636F 
 1663 0335 7468756D 		.ascii	"thumb -ggdb -O0 -fomit-frame-pointer -falign-functi"
 1663      62202D67 
 1663      67646220 
 1663      2D4F3020 
 1663      2D666F6D 
 1664 0368 6F6E733D 		.ascii	"ons=16 -ffunction-sections -fdata-sections -fno-com"
 1664      3136202D 
 1664      6666756E 
ARM GAS  /tmp/ccs83cfQ.s 			page 33


 1664      6374696F 
 1664      6E2D7365 
 1665 039b 6D6F6E00 		.ascii	"mon\000"
 1666              	.LASF62:
 1667 039f 6166726C 		.ascii	"afrl\000"
 1667      00
 1668              	.LASF58:
 1669 03a4 6D6F6465 		.ascii	"moder\000"
 1669      7200
 1670              	.LASF57:
 1671 03aa 4750494F 		.ascii	"GPIO_TypeDef\000"
 1671      5F547970 
 1671      65446566 
 1671      00
 1672              	.LASF22:
 1673 03b7 41484233 		.ascii	"AHB3RSTR\000"
 1673      52535452 
 1673      00
 1674              	.LASF85:
 1675 03c0 616C7472 		.ascii	"altr\000"
 1675      00
 1676              	.LASF91:
 1677 03c5 49544D5F 		.ascii	"ITM_RxBuffer\000"
 1677      52784275 
 1677      66666572 
 1677      00
 1678              	.LASF86:
 1679 03d2 616C7472 		.ascii	"altrmask\000"
 1679      6D61736B 
 1679      00
 1680              	.LASF0:
 1681 03db 756E7369 		.ascii	"unsigned int\000"
 1681      676E6564 
 1681      20696E74 
 1681      00
 1682              	.LASF19:
 1683 03e8 43464752 		.ascii	"CFGR\000"
 1683      00
 1684              	.LASF45:
 1685 03ed 504C4C53 		.ascii	"PLLSAICFGR\000"
 1685      41494346 
 1685      475200
 1686              	.LASF54:
 1687 03f8 4C434B52 		.ascii	"LCKR\000"
 1687      00
 1688              	.LASF39:
 1689 03fd 41504232 		.ascii	"APB2LPENR\000"
 1689      4C50454E 
 1689      5200
 1690              	.LASF88:
 1691 0407 2E2E2F2E 		.ascii	"../..//os/hal/platforms/STM32/GPIOv2/pal_lld.c\000"
 1691      2E2F2F6F 
 1691      732F6861 
 1691      6C2F706C 
 1691      6174666F 
 1692              	.LASF53:
 1693 0436 42535252 		.ascii	"BSRR\000"
ARM GAS  /tmp/ccs83cfQ.s 			page 34


 1693      00
 1694              		.ident	"GCC: (Arch Repository) 4.8.2"
ARM GAS  /tmp/ccs83cfQ.s 			page 35


DEFINED SYMBOLS
                            *ABS*:0000000000000000 pal_lld.c
     /tmp/ccs83cfQ.s:19     .text.initgpio:0000000000000000 $t
     /tmp/ccs83cfQ.s:24     .text.initgpio:0000000000000000 initgpio
     /tmp/ccs83cfQ.s:79     .text._pal_lld_init:0000000000000000 $t
     /tmp/ccs83cfQ.s:85     .text._pal_lld_init:0000000000000000 _pal_lld_init
     /tmp/ccs83cfQ.s:185    .text._pal_lld_setgroupmode:0000000000000000 $t
     /tmp/ccs83cfQ.s:191    .text._pal_lld_setgroupmode:0000000000000000 _pal_lld_setgroupmode
                     .debug_frame:0000000000000010 $d

NO UNDEFINED SYMBOLS
