ARM GAS  /tmp/ccWam7Sf.s 			page 1


   1              		.syntax unified
   2              		.cpu cortex-m4
   3              		.fpu softvfp
   4              		.eabi_attribute 20, 1
   5              		.eabi_attribute 21, 1
   6              		.eabi_attribute 23, 3
   7              		.eabi_attribute 24, 1
   8              		.eabi_attribute 25, 1
   9              		.eabi_attribute 26, 1
  10              		.eabi_attribute 30, 6
  11              		.eabi_attribute 34, 1
  12              		.eabi_attribute 18, 4
  13              		.thumb
  14              		.file	"syscalls.c"
  15              		.text
  16              	.Ltext0:
  17              		.cfi_sections	.debug_frame
  18              		.section	.text._read_r,"ax",%progbits
  19              		.align	2
  20              		.p2align 4,,15
  21              		.global	_read_r
  22              		.thumb
  23              		.thumb_func
  24              		.type	_read_r, %function
  25              	_read_r:
  26              	.LFB7:
  27              		.file 1 "../..//os/various/syscalls.c"
  28              		.loc 1 76 0
  29              		.cfi_startproc
  30              		@ args = 0, pretend = 0, frame = 16
  31              		@ frame_needed = 0, uses_anonymous_args = 0
  32              		@ link register save eliminated.
  33 0000 84B0     		sub	sp, sp, #16
  34              		.cfi_def_cfa_offset 16
  35 0002 0390     		str	r0, [sp, #12]
  36 0004 0291     		str	r1, [sp, #8]
  37 0006 0192     		str	r2, [sp, #4]
  38 0008 0093     		str	r3, [sp]
  39              		.loc 1 89 0
  40 000a 039B     		ldr	r3, [sp, #12]
  41 000c 1622     		movs	r2, #22
  42 000e 1A60     		str	r2, [r3]
  43              		.loc 1 90 0
  44 0010 4FF0FF33 		mov	r3, #-1
  45              		.loc 1 92 0
  46 0014 1846     		mov	r0, r3
  47 0016 04B0     		add	sp, sp, #16
  48              		@ sp needed
  49 0018 7047     		bx	lr
  50              		.cfi_endproc
  51              	.LFE7:
  52              		.size	_read_r, .-_read_r
  53 001a 00BFAFF3 		.section	.text._lseek_r,"ax",%progbits
  53      0080
  54              		.align	2
  55              		.p2align 4,,15
  56              		.global	_lseek_r
ARM GAS  /tmp/ccWam7Sf.s 			page 2


  57              		.thumb
  58              		.thumb_func
  59              		.type	_lseek_r, %function
  60              	_lseek_r:
  61              	.LFB8:
  62              		.loc 1 97 0
  63              		.cfi_startproc
  64              		@ args = 0, pretend = 0, frame = 16
  65              		@ frame_needed = 0, uses_anonymous_args = 0
  66              		@ link register save eliminated.
  67 0000 84B0     		sub	sp, sp, #16
  68              		.cfi_def_cfa_offset 16
  69 0002 0390     		str	r0, [sp, #12]
  70 0004 0291     		str	r1, [sp, #8]
  71 0006 0192     		str	r2, [sp, #4]
  72 0008 0093     		str	r3, [sp]
  73              		.loc 1 103 0
  74 000a 0023     		movs	r3, #0
  75              		.loc 1 104 0
  76 000c 1846     		mov	r0, r3
  77 000e 04B0     		add	sp, sp, #16
  78              		@ sp needed
  79 0010 7047     		bx	lr
  80              		.cfi_endproc
  81              	.LFE8:
  82              		.size	_lseek_r, .-_lseek_r
  83 0012 00BFAFF3 		.section	.text._write_r,"ax",%progbits
  83      0080AFF3 
  83      0080AFF3 
  83      0080
  84              		.align	2
  85              		.p2align 4,,15
  86              		.global	_write_r
  87              		.thumb
  88              		.thumb_func
  89              		.type	_write_r, %function
  90              	_write_r:
  91              	.LFB9:
  92              		.loc 1 109 0
  93              		.cfi_startproc
  94              		@ args = 0, pretend = 0, frame = 16
  95              		@ frame_needed = 0, uses_anonymous_args = 0
  96              		@ link register save eliminated.
  97 0000 84B0     		sub	sp, sp, #16
  98              		.cfi_def_cfa_offset 16
  99 0002 0390     		str	r0, [sp, #12]
 100 0004 0291     		str	r1, [sp, #8]
 101 0006 0192     		str	r2, [sp, #4]
 102 0008 0093     		str	r3, [sp]
 103              		.loc 1 120 0
 104 000a 009B     		ldr	r3, [sp]
 105              		.loc 1 121 0
 106 000c 1846     		mov	r0, r3
 107 000e 04B0     		add	sp, sp, #16
 108              		@ sp needed
 109 0010 7047     		bx	lr
 110              		.cfi_endproc
ARM GAS  /tmp/ccWam7Sf.s 			page 3


 111              	.LFE9:
 112              		.size	_write_r, .-_write_r
 113 0012 00BFAFF3 		.section	.text._close_r,"ax",%progbits
 113      0080AFF3 
 113      0080AFF3 
 113      0080
 114              		.align	2
 115              		.p2align 4,,15
 116              		.global	_close_r
 117              		.thumb
 118              		.thumb_func
 119              		.type	_close_r, %function
 120              	_close_r:
 121              	.LFB10:
 122              		.loc 1 126 0
 123              		.cfi_startproc
 124              		@ args = 0, pretend = 0, frame = 8
 125              		@ frame_needed = 0, uses_anonymous_args = 0
 126              		@ link register save eliminated.
 127 0000 82B0     		sub	sp, sp, #8
 128              		.cfi_def_cfa_offset 8
 129 0002 0190     		str	r0, [sp, #4]
 130 0004 0091     		str	r1, [sp]
 131              		.loc 1 130 0
 132 0006 0023     		movs	r3, #0
 133              		.loc 1 131 0
 134 0008 1846     		mov	r0, r3
 135 000a 02B0     		add	sp, sp, #8
 136              		@ sp needed
 137 000c 7047     		bx	lr
 138              		.cfi_endproc
 139              	.LFE10:
 140              		.size	_close_r, .-_close_r
 141 000e 00BF     		.section	.rodata
 142              		.align	2
 143              	.LC0:
 144 0000 225F7362 		.ascii	"\"_sbrk_r\"()\000"
 144      726B5F72 
 144      22282900 
 145              		.section	.text._sbrk_r,"ax",%progbits
 146              		.align	2
 147              		.p2align 4,,15
 148              		.global	_sbrk_r
 149              		.thumb
 150              		.thumb_func
 151              		.type	_sbrk_r, %function
 152              	_sbrk_r:
 153              	.LFB11:
 154              		.loc 1 136 0
 155              		.cfi_startproc
 156              		@ args = 0, pretend = 0, frame = 16
 157              		@ frame_needed = 0, uses_anonymous_args = 0
 158 0000 00B5     		push	{lr}
 159              		.cfi_def_cfa_offset 4
 160              		.cfi_offset 14, -4
 161 0002 85B0     		sub	sp, sp, #20
 162              		.cfi_def_cfa_offset 24
ARM GAS  /tmp/ccWam7Sf.s 			page 4


 163 0004 0190     		str	r0, [sp, #4]
 164 0006 0091     		str	r1, [sp]
 165              		.loc 1 140 0
 166 0008 009B     		ldr	r3, [sp]
 167 000a 002B     		cmp	r3, #0
 168 000c 05DC     		bgt	.L10
 169              		.loc 1 140 0 is_stmt 0 discriminator 1
 170 000e 40F20000 		movw	r0, #:lower16:.LC0
 171 0012 C0F20000 		movt	r0, #:upper16:.LC0
 172 0016 FFF7FEFF 		bl	chDbgPanic
 173              	.L10:
 174              		.loc 1 143 0 is_stmt 1
 175 001a 009B     		ldr	r3, [sp]
 176 001c 1846     		mov	r0, r3
 177 001e FFF7FEFF 		bl	chCoreAlloc
 178 0022 0390     		str	r0, [sp, #12]
 179              		.loc 1 144 0
 180 0024 039B     		ldr	r3, [sp, #12]
 181 0026 002B     		cmp	r3, #0
 182 0028 05D1     		bne	.L11
 183              		.loc 1 145 0
 184 002a 019B     		ldr	r3, [sp, #4]
 185 002c 0C22     		movs	r2, #12
 186 002e 1A60     		str	r2, [r3]
 187              		.loc 1 146 0
 188 0030 4FF0FF33 		mov	r3, #-1
 189 0034 00E0     		b	.L12
 190              	.L11:
 191              		.loc 1 148 0
 192 0036 039B     		ldr	r3, [sp, #12]
 193              	.L12:
 194              		.loc 1 153 0
 195 0038 1846     		mov	r0, r3
 196 003a 05B0     		add	sp, sp, #20
 197              		@ sp needed
 198 003c 5DF804FB 		ldr	pc, [sp], #4
 199              		.cfi_endproc
 200              	.LFE11:
 201              		.size	_sbrk_r, .-_sbrk_r
 202              		.section	.text._fstat_r,"ax",%progbits
 203              		.align	2
 204              		.p2align 4,,15
 205              		.global	_fstat_r
 206              		.thumb
 207              		.thumb_func
 208              		.type	_fstat_r, %function
 209              	_fstat_r:
 210              	.LFB12:
 211              		.loc 1 158 0
 212              		.cfi_startproc
 213              		@ args = 0, pretend = 0, frame = 16
 214              		@ frame_needed = 0, uses_anonymous_args = 0
 215 0000 00B5     		push	{lr}
 216              		.cfi_def_cfa_offset 4
 217              		.cfi_offset 14, -4
 218 0002 85B0     		sub	sp, sp, #20
 219              		.cfi_def_cfa_offset 24
ARM GAS  /tmp/ccWam7Sf.s 			page 5


 220 0004 0390     		str	r0, [sp, #12]
 221 0006 0291     		str	r1, [sp, #8]
 222 0008 0192     		str	r2, [sp, #4]
 223              		.loc 1 162 0
 224 000a 0198     		ldr	r0, [sp, #4]
 225 000c 0021     		movs	r1, #0
 226 000e 3C22     		movs	r2, #60
 227 0010 FFF7FEFF 		bl	memset
 228              		.loc 1 163 0
 229 0014 019B     		ldr	r3, [sp, #4]
 230 0016 4FF40052 		mov	r2, #8192
 231 001a 5A60     		str	r2, [r3, #4]
 232              		.loc 1 164 0
 233 001c 0023     		movs	r3, #0
 234              		.loc 1 165 0
 235 001e 1846     		mov	r0, r3
 236 0020 05B0     		add	sp, sp, #20
 237              		@ sp needed
 238 0022 5DF804FB 		ldr	pc, [sp], #4
 239              		.cfi_endproc
 240              	.LFE12:
 241              		.size	_fstat_r, .-_fstat_r
 242 0026 00BFAFF3 		.section	.text._isatty_r,"ax",%progbits
 242      0080AFF3 
 242      0080
 243              		.align	2
 244              		.p2align 4,,15
 245              		.global	_isatty_r
 246              		.thumb
 247              		.thumb_func
 248              		.type	_isatty_r, %function
 249              	_isatty_r:
 250              	.LFB13:
 251              		.loc 1 170 0
 252              		.cfi_startproc
 253              		@ args = 0, pretend = 0, frame = 8
 254              		@ frame_needed = 0, uses_anonymous_args = 0
 255              		@ link register save eliminated.
 256 0000 82B0     		sub	sp, sp, #8
 257              		.cfi_def_cfa_offset 8
 258 0002 0190     		str	r0, [sp, #4]
 259 0004 0091     		str	r1, [sp]
 260              		.loc 1 174 0
 261 0006 0123     		movs	r3, #1
 262              		.loc 1 175 0
 263 0008 1846     		mov	r0, r3
 264 000a 02B0     		add	sp, sp, #8
 265              		@ sp needed
 266 000c 7047     		bx	lr
 267              		.cfi_endproc
 268              	.LFE13:
 269              		.size	_isatty_r, .-_isatty_r
 270 000e 00BF     		.text
 271              	.Letext0:
 272              		.file 2 "/usr/lib/gcc/arm-none-eabi/4.8.2/include/stddef.h"
 273              		.file 3 "/usr/arm-none-eabi/include/sys/lock.h"
 274              		.file 4 "/usr/arm-none-eabi/include/sys/_types.h"
ARM GAS  /tmp/ccWam7Sf.s 			page 6


 275              		.file 5 "/usr/arm-none-eabi/include/sys/reent.h"
 276              		.file 6 "/usr/arm-none-eabi/include/sys/types.h"
 277              		.file 7 "/usr/arm-none-eabi/include/sys/stat.h"
 278              		.section	.debug_info,"",%progbits
 279              	.Ldebug_info0:
 280 0000 B70B0000 		.4byte	0xbb7
 281 0004 0400     		.2byte	0x4
 282 0006 00000000 		.4byte	.Ldebug_abbrev0
 283 000a 04       		.byte	0x4
 284 000b 01       		.uleb128 0x1
 285 000c 28040000 		.4byte	.LASF157
 286 0010 01       		.byte	0x1
 287 0011 C6030000 		.4byte	.LASF158
 288 0015 6F000000 		.4byte	.LASF159
 289 0019 00000000 		.4byte	.Ldebug_ranges0+0
 290 001d 00000000 		.4byte	0
 291 0021 00000000 		.4byte	.Ldebug_line0
 292 0025 02       		.uleb128 0x2
 293 0026 C6010000 		.4byte	.LASF9
 294 002a 02       		.byte	0x2
 295 002b D4       		.byte	0xd4
 296 002c 30000000 		.4byte	0x30
 297 0030 03       		.uleb128 0x3
 298 0031 04       		.byte	0x4
 299 0032 07       		.byte	0x7
 300 0033 40000000 		.4byte	.LASF0
 301 0037 04       		.uleb128 0x4
 302 0038 04       		.byte	0x4
 303 0039 05       		.byte	0x5
 304 003a 696E7400 		.ascii	"int\000"
 305 003e 03       		.uleb128 0x3
 306 003f 01       		.byte	0x1
 307 0040 06       		.byte	0x6
 308 0041 E9050000 		.4byte	.LASF1
 309 0045 03       		.uleb128 0x3
 310 0046 01       		.byte	0x1
 311 0047 08       		.byte	0x8
 312 0048 81050000 		.4byte	.LASF2
 313 004c 03       		.uleb128 0x3
 314 004d 02       		.byte	0x2
 315 004e 05       		.byte	0x5
 316 004f F4030000 		.4byte	.LASF3
 317 0053 03       		.uleb128 0x3
 318 0054 02       		.byte	0x2
 319 0055 07       		.byte	0x7
 320 0056 09060000 		.4byte	.LASF4
 321 005a 03       		.uleb128 0x3
 322 005b 04       		.byte	0x4
 323 005c 05       		.byte	0x5
 324 005d FE030000 		.4byte	.LASF5
 325 0061 03       		.uleb128 0x3
 326 0062 04       		.byte	0x4
 327 0063 07       		.byte	0x7
 328 0064 45050000 		.4byte	.LASF6
 329 0068 03       		.uleb128 0x3
 330 0069 08       		.byte	0x8
 331 006a 05       		.byte	0x5
ARM GAS  /tmp/ccWam7Sf.s 			page 7


 332 006b E3020000 		.4byte	.LASF7
 333 006f 03       		.uleb128 0x3
 334 0070 08       		.byte	0x8
 335 0071 07       		.byte	0x7
 336 0072 54010000 		.4byte	.LASF8
 337 0076 02       		.uleb128 0x2
 338 0077 B5000000 		.4byte	.LASF10
 339 007b 03       		.byte	0x3
 340 007c 07       		.byte	0x7
 341 007d 37000000 		.4byte	0x37
 342 0081 02       		.uleb128 0x2
 343 0082 2B060000 		.4byte	.LASF11
 344 0086 04       		.byte	0x4
 345 0087 10       		.byte	0x10
 346 0088 5A000000 		.4byte	0x5a
 347 008c 02       		.uleb128 0x2
 348 008d 01030000 		.4byte	.LASF12
 349 0091 04       		.byte	0x4
 350 0092 14       		.byte	0x14
 351 0093 4C000000 		.4byte	0x4c
 352 0097 02       		.uleb128 0x2
 353 0098 DE040000 		.4byte	.LASF13
 354 009c 04       		.byte	0x4
 355 009d 18       		.byte	0x18
 356 009e 53000000 		.4byte	0x53
 357 00a2 02       		.uleb128 0x2
 358 00a3 AA030000 		.4byte	.LASF14
 359 00a7 04       		.byte	0x4
 360 00a8 1B       		.byte	0x1b
 361 00a9 53000000 		.4byte	0x53
 362 00ad 02       		.uleb128 0x2
 363 00ae E3000000 		.4byte	.LASF15
 364 00b2 04       		.byte	0x4
 365 00b3 27       		.byte	0x27
 366 00b4 5A000000 		.4byte	0x5a
 367 00b8 05       		.uleb128 0x5
 368 00b9 5E050000 		.4byte	.LASF16
 369 00bd 02       		.byte	0x2
 370 00be 6101     		.2byte	0x161
 371 00c0 30000000 		.4byte	0x30
 372 00c4 06       		.uleb128 0x6
 373 00c5 04       		.byte	0x4
 374 00c6 04       		.byte	0x4
 375 00c7 4A       		.byte	0x4a
 376 00c8 E3000000 		.4byte	0xe3
 377 00cc 07       		.uleb128 0x7
 378 00cd A1020000 		.4byte	.LASF17
 379 00d1 04       		.byte	0x4
 380 00d2 4C       		.byte	0x4c
 381 00d3 B8000000 		.4byte	0xb8
 382 00d7 07       		.uleb128 0x7
 383 00d8 BF030000 		.4byte	.LASF18
 384 00dc 04       		.byte	0x4
 385 00dd 4D       		.byte	0x4d
 386 00de E3000000 		.4byte	0xe3
 387 00e2 00       		.byte	0
 388 00e3 08       		.uleb128 0x8
ARM GAS  /tmp/ccWam7Sf.s 			page 8


 389 00e4 45000000 		.4byte	0x45
 390 00e8 F3000000 		.4byte	0xf3
 391 00ec 09       		.uleb128 0x9
 392 00ed F3000000 		.4byte	0xf3
 393 00f1 03       		.byte	0x3
 394 00f2 00       		.byte	0
 395 00f3 03       		.uleb128 0x3
 396 00f4 04       		.byte	0x4
 397 00f5 07       		.byte	0x7
 398 00f6 3C050000 		.4byte	.LASF19
 399 00fa 0A       		.uleb128 0xa
 400 00fb 08       		.byte	0x8
 401 00fc 04       		.byte	0x4
 402 00fd 47       		.byte	0x47
 403 00fe 1B010000 		.4byte	0x11b
 404 0102 0B       		.uleb128 0xb
 405 0103 2A010000 		.4byte	.LASF20
 406 0107 04       		.byte	0x4
 407 0108 49       		.byte	0x49
 408 0109 37000000 		.4byte	0x37
 409 010d 00       		.byte	0
 410 010e 0B       		.uleb128 0xb
 411 010f 27020000 		.4byte	.LASF21
 412 0113 04       		.byte	0x4
 413 0114 4E       		.byte	0x4e
 414 0115 C4000000 		.4byte	0xc4
 415 0119 04       		.byte	0x4
 416 011a 00       		.byte	0
 417 011b 02       		.uleb128 0x2
 418 011c 42030000 		.4byte	.LASF22
 419 0120 04       		.byte	0x4
 420 0121 4F       		.byte	0x4f
 421 0122 FA000000 		.4byte	0xfa
 422 0126 02       		.uleb128 0x2
 423 0127 8A020000 		.4byte	.LASF23
 424 012b 04       		.byte	0x4
 425 012c 53       		.byte	0x53
 426 012d 76000000 		.4byte	0x76
 427 0131 0C       		.uleb128 0xc
 428 0132 04       		.byte	0x4
 429 0133 02       		.uleb128 0x2
 430 0134 0F030000 		.4byte	.LASF24
 431 0138 05       		.byte	0x5
 432 0139 16       		.byte	0x16
 433 013a 61000000 		.4byte	0x61
 434 013e 0D       		.uleb128 0xd
 435 013f F8000000 		.4byte	.LASF29
 436 0143 18       		.byte	0x18
 437 0144 05       		.byte	0x5
 438 0145 2D       		.byte	0x2d
 439 0146 91010000 		.4byte	0x191
 440 014a 0B       		.uleb128 0xb
 441 014b F1010000 		.4byte	.LASF25
 442 014f 05       		.byte	0x5
 443 0150 2F       		.byte	0x2f
 444 0151 91010000 		.4byte	0x191
 445 0155 00       		.byte	0
ARM GAS  /tmp/ccWam7Sf.s 			page 9


 446 0156 0E       		.uleb128 0xe
 447 0157 5F6B00   		.ascii	"_k\000"
 448 015a 05       		.byte	0x5
 449 015b 30       		.byte	0x30
 450 015c 37000000 		.4byte	0x37
 451 0160 04       		.byte	0x4
 452 0161 0B       		.uleb128 0xb
 453 0162 FC040000 		.4byte	.LASF26
 454 0166 05       		.byte	0x5
 455 0167 30       		.byte	0x30
 456 0168 37000000 		.4byte	0x37
 457 016c 08       		.byte	0x8
 458 016d 0B       		.uleb128 0xb
 459 016e 0C040000 		.4byte	.LASF27
 460 0172 05       		.byte	0x5
 461 0173 30       		.byte	0x30
 462 0174 37000000 		.4byte	0x37
 463 0178 0C       		.byte	0xc
 464 0179 0B       		.uleb128 0xb
 465 017a 8A010000 		.4byte	.LASF28
 466 017e 05       		.byte	0x5
 467 017f 30       		.byte	0x30
 468 0180 37000000 		.4byte	0x37
 469 0184 10       		.byte	0x10
 470 0185 0E       		.uleb128 0xe
 471 0186 5F7800   		.ascii	"_x\000"
 472 0189 05       		.byte	0x5
 473 018a 31       		.byte	0x31
 474 018b 97010000 		.4byte	0x197
 475 018f 14       		.byte	0x14
 476 0190 00       		.byte	0
 477 0191 0F       		.uleb128 0xf
 478 0192 04       		.byte	0x4
 479 0193 3E010000 		.4byte	0x13e
 480 0197 08       		.uleb128 0x8
 481 0198 33010000 		.4byte	0x133
 482 019c A7010000 		.4byte	0x1a7
 483 01a0 09       		.uleb128 0x9
 484 01a1 F3000000 		.4byte	0xf3
 485 01a5 00       		.byte	0
 486 01a6 00       		.byte	0
 487 01a7 0D       		.uleb128 0xd
 488 01a8 31050000 		.4byte	.LASF30
 489 01ac 24       		.byte	0x24
 490 01ad 05       		.byte	0x5
 491 01ae 35       		.byte	0x35
 492 01af 20020000 		.4byte	0x220
 493 01b3 0B       		.uleb128 0xb
 494 01b4 CD010000 		.4byte	.LASF31
 495 01b8 05       		.byte	0x5
 496 01b9 37       		.byte	0x37
 497 01ba 37000000 		.4byte	0x37
 498 01be 00       		.byte	0
 499 01bf 0B       		.uleb128 0xb
 500 01c0 32010000 		.4byte	.LASF32
 501 01c4 05       		.byte	0x5
 502 01c5 38       		.byte	0x38
ARM GAS  /tmp/ccWam7Sf.s 			page 10


 503 01c6 37000000 		.4byte	0x37
 504 01ca 04       		.byte	0x4
 505 01cb 0B       		.uleb128 0xb
 506 01cc 18010000 		.4byte	.LASF33
 507 01d0 05       		.byte	0x5
 508 01d1 39       		.byte	0x39
 509 01d2 37000000 		.4byte	0x37
 510 01d6 08       		.byte	0x8
 511 01d7 0B       		.uleb128 0xb
 512 01d8 57020000 		.4byte	.LASF34
 513 01dc 05       		.byte	0x5
 514 01dd 3A       		.byte	0x3a
 515 01de 37000000 		.4byte	0x37
 516 01e2 0C       		.byte	0xc
 517 01e3 0B       		.uleb128 0xb
 518 01e4 98030000 		.4byte	.LASF35
 519 01e8 05       		.byte	0x5
 520 01e9 3B       		.byte	0x3b
 521 01ea 37000000 		.4byte	0x37
 522 01ee 10       		.byte	0x10
 523 01ef 0B       		.uleb128 0xb
 524 01f0 C5040000 		.4byte	.LASF36
 525 01f4 05       		.byte	0x5
 526 01f5 3C       		.byte	0x3c
 527 01f6 37000000 		.4byte	0x37
 528 01fa 14       		.byte	0x14
 529 01fb 0B       		.uleb128 0xb
 530 01fc 00010000 		.4byte	.LASF37
 531 0200 05       		.byte	0x5
 532 0201 3D       		.byte	0x3d
 533 0202 37000000 		.4byte	0x37
 534 0206 18       		.byte	0x18
 535 0207 0B       		.uleb128 0xb
 536 0208 D6010000 		.4byte	.LASF38
 537 020c 05       		.byte	0x5
 538 020d 3E       		.byte	0x3e
 539 020e 37000000 		.4byte	0x37
 540 0212 1C       		.byte	0x1c
 541 0213 0B       		.uleb128 0xb
 542 0214 4D030000 		.4byte	.LASF39
 543 0218 05       		.byte	0x5
 544 0219 3F       		.byte	0x3f
 545 021a 37000000 		.4byte	0x37
 546 021e 20       		.byte	0x20
 547 021f 00       		.byte	0
 548 0220 10       		.uleb128 0x10
 549 0221 00000000 		.4byte	.LASF40
 550 0225 0801     		.2byte	0x108
 551 0227 05       		.byte	0x5
 552 0228 48       		.byte	0x48
 553 0229 60020000 		.4byte	0x260
 554 022d 0B       		.uleb128 0xb
 555 022e E1050000 		.4byte	.LASF41
 556 0232 05       		.byte	0x5
 557 0233 49       		.byte	0x49
 558 0234 60020000 		.4byte	0x260
 559 0238 00       		.byte	0
ARM GAS  /tmp/ccWam7Sf.s 			page 11


 560 0239 0B       		.uleb128 0xb
 561 023a 65050000 		.4byte	.LASF42
 562 023e 05       		.byte	0x5
 563 023f 4A       		.byte	0x4a
 564 0240 60020000 		.4byte	0x260
 565 0244 80       		.byte	0x80
 566 0245 11       		.uleb128 0x11
 567 0246 1C060000 		.4byte	.LASF43
 568 024a 05       		.byte	0x5
 569 024b 4C       		.byte	0x4c
 570 024c 33010000 		.4byte	0x133
 571 0250 0001     		.2byte	0x100
 572 0252 11       		.uleb128 0x11
 573 0253 55060000 		.4byte	.LASF44
 574 0257 05       		.byte	0x5
 575 0258 4F       		.byte	0x4f
 576 0259 33010000 		.4byte	0x133
 577 025d 0401     		.2byte	0x104
 578 025f 00       		.byte	0
 579 0260 08       		.uleb128 0x8
 580 0261 31010000 		.4byte	0x131
 581 0265 70020000 		.4byte	0x270
 582 0269 09       		.uleb128 0x9
 583 026a F3000000 		.4byte	0xf3
 584 026e 1F       		.byte	0x1f
 585 026f 00       		.byte	0
 586 0270 10       		.uleb128 0x10
 587 0271 E3030000 		.4byte	.LASF45
 588 0275 9001     		.2byte	0x190
 589 0277 05       		.byte	0x5
 590 0278 5B       		.byte	0x5b
 591 0279 AE020000 		.4byte	0x2ae
 592 027d 0B       		.uleb128 0xb
 593 027e F1010000 		.4byte	.LASF25
 594 0282 05       		.byte	0x5
 595 0283 5C       		.byte	0x5c
 596 0284 AE020000 		.4byte	0x2ae
 597 0288 00       		.byte	0
 598 0289 0B       		.uleb128 0xb
 599 028a E5010000 		.4byte	.LASF46
 600 028e 05       		.byte	0x5
 601 028f 5D       		.byte	0x5d
 602 0290 37000000 		.4byte	0x37
 603 0294 04       		.byte	0x4
 604 0295 0B       		.uleb128 0xb
 605 0296 EB000000 		.4byte	.LASF47
 606 029a 05       		.byte	0x5
 607 029b 5F       		.byte	0x5f
 608 029c B4020000 		.4byte	0x2b4
 609 02a0 08       		.byte	0x8
 610 02a1 0B       		.uleb128 0xb
 611 02a2 00000000 		.4byte	.LASF40
 612 02a6 05       		.byte	0x5
 613 02a7 60       		.byte	0x60
 614 02a8 20020000 		.4byte	0x220
 615 02ac 88       		.byte	0x88
 616 02ad 00       		.byte	0
ARM GAS  /tmp/ccWam7Sf.s 			page 12


 617 02ae 0F       		.uleb128 0xf
 618 02af 04       		.byte	0x4
 619 02b0 70020000 		.4byte	0x270
 620 02b4 08       		.uleb128 0x8
 621 02b5 C4020000 		.4byte	0x2c4
 622 02b9 C4020000 		.4byte	0x2c4
 623 02bd 09       		.uleb128 0x9
 624 02be F3000000 		.4byte	0xf3
 625 02c2 1F       		.byte	0x1f
 626 02c3 00       		.byte	0
 627 02c4 0F       		.uleb128 0xf
 628 02c5 04       		.byte	0x4
 629 02c6 CA020000 		.4byte	0x2ca
 630 02ca 12       		.uleb128 0x12
 631 02cb 0D       		.uleb128 0xd
 632 02cc A9050000 		.4byte	.LASF48
 633 02d0 08       		.byte	0x8
 634 02d1 05       		.byte	0x5
 635 02d2 73       		.byte	0x73
 636 02d3 F0020000 		.4byte	0x2f0
 637 02d7 0B       		.uleb128 0xb
 638 02d8 F1020000 		.4byte	.LASF49
 639 02dc 05       		.byte	0x5
 640 02dd 74       		.byte	0x74
 641 02de F0020000 		.4byte	0x2f0
 642 02e2 00       		.byte	0
 643 02e3 0B       		.uleb128 0xb
 644 02e4 25060000 		.4byte	.LASF50
 645 02e8 05       		.byte	0x5
 646 02e9 75       		.byte	0x75
 647 02ea 37000000 		.4byte	0x37
 648 02ee 04       		.byte	0x4
 649 02ef 00       		.byte	0
 650 02f0 0F       		.uleb128 0xf
 651 02f1 04       		.byte	0x4
 652 02f2 45000000 		.4byte	0x45
 653 02f6 0D       		.uleb128 0xd
 654 02f7 82010000 		.4byte	.LASF51
 655 02fb 68       		.byte	0x68
 656 02fc 05       		.byte	0x5
 657 02fd B3       		.byte	0xb3
 658 02fe 20040000 		.4byte	0x420
 659 0302 0E       		.uleb128 0xe
 660 0303 5F7000   		.ascii	"_p\000"
 661 0306 05       		.byte	0x5
 662 0307 B4       		.byte	0xb4
 663 0308 F0020000 		.4byte	0x2f0
 664 030c 00       		.byte	0
 665 030d 0E       		.uleb128 0xe
 666 030e 5F7200   		.ascii	"_r\000"
 667 0311 05       		.byte	0x5
 668 0312 B5       		.byte	0xb5
 669 0313 37000000 		.4byte	0x37
 670 0317 04       		.byte	0x4
 671 0318 0E       		.uleb128 0xe
 672 0319 5F7700   		.ascii	"_w\000"
 673 031c 05       		.byte	0x5
ARM GAS  /tmp/ccWam7Sf.s 			page 13


 674 031d B6       		.byte	0xb6
 675 031e 37000000 		.4byte	0x37
 676 0322 08       		.byte	0x8
 677 0323 0B       		.uleb128 0xb
 678 0324 61000000 		.4byte	.LASF52
 679 0328 05       		.byte	0x5
 680 0329 B7       		.byte	0xb7
 681 032a 4C000000 		.4byte	0x4c
 682 032e 0C       		.byte	0xc
 683 032f 0B       		.uleb128 0xb
 684 0330 32030000 		.4byte	.LASF53
 685 0334 05       		.byte	0x5
 686 0335 B8       		.byte	0xb8
 687 0336 4C000000 		.4byte	0x4c
 688 033a 0E       		.byte	0xe
 689 033b 0E       		.uleb128 0xe
 690 033c 5F626600 		.ascii	"_bf\000"
 691 0340 05       		.byte	0x5
 692 0341 B9       		.byte	0xb9
 693 0342 CB020000 		.4byte	0x2cb
 694 0346 10       		.byte	0x10
 695 0347 0B       		.uleb128 0xb
 696 0348 58000000 		.4byte	.LASF54
 697 034c 05       		.byte	0x5
 698 034d BA       		.byte	0xba
 699 034e 37000000 		.4byte	0x37
 700 0352 18       		.byte	0x18
 701 0353 0B       		.uleb128 0xb
 702 0354 F0000000 		.4byte	.LASF55
 703 0358 05       		.byte	0x5
 704 0359 C1       		.byte	0xc1
 705 035a 31010000 		.4byte	0x131
 706 035e 1C       		.byte	0x1c
 707 035f 0B       		.uleb128 0xb
 708 0360 C7000000 		.4byte	.LASF56
 709 0364 05       		.byte	0x5
 710 0365 C3       		.byte	0xc3
 711 0366 83050000 		.4byte	0x583
 712 036a 20       		.byte	0x20
 713 036b 0B       		.uleb128 0xb
 714 036c B2030000 		.4byte	.LASF57
 715 0370 05       		.byte	0x5
 716 0371 C5       		.byte	0xc5
 717 0372 B2050000 		.4byte	0x5b2
 718 0376 24       		.byte	0x24
 719 0377 0B       		.uleb128 0xb
 720 0378 6E060000 		.4byte	.LASF58
 721 037c 05       		.byte	0x5
 722 037d C8       		.byte	0xc8
 723 037e D6050000 		.4byte	0x5d6
 724 0382 28       		.byte	0x28
 725 0383 0B       		.uleb128 0xb
 726 0384 B4020000 		.4byte	.LASF59
 727 0388 05       		.byte	0x5
 728 0389 C9       		.byte	0xc9
 729 038a F0050000 		.4byte	0x5f0
 730 038e 2C       		.byte	0x2c
ARM GAS  /tmp/ccWam7Sf.s 			page 14


 731 038f 0E       		.uleb128 0xe
 732 0390 5F756200 		.ascii	"_ub\000"
 733 0394 05       		.byte	0x5
 734 0395 CC       		.byte	0xcc
 735 0396 CB020000 		.4byte	0x2cb
 736 039a 30       		.byte	0x30
 737 039b 0E       		.uleb128 0xe
 738 039c 5F757000 		.ascii	"_up\000"
 739 03a0 05       		.byte	0x5
 740 03a1 CD       		.byte	0xcd
 741 03a2 F0020000 		.4byte	0x2f0
 742 03a6 38       		.byte	0x38
 743 03a7 0E       		.uleb128 0xe
 744 03a8 5F757200 		.ascii	"_ur\000"
 745 03ac 05       		.byte	0x5
 746 03ad CE       		.byte	0xce
 747 03ae 37000000 		.4byte	0x37
 748 03b2 3C       		.byte	0x3c
 749 03b3 0B       		.uleb128 0xb
 750 03b4 85060000 		.4byte	.LASF60
 751 03b8 05       		.byte	0x5
 752 03b9 D1       		.byte	0xd1
 753 03ba F6050000 		.4byte	0x5f6
 754 03be 40       		.byte	0x40
 755 03bf 0B       		.uleb128 0xb
 756 03c0 32060000 		.4byte	.LASF61
 757 03c4 05       		.byte	0x5
 758 03c5 D2       		.byte	0xd2
 759 03c6 06060000 		.4byte	0x606
 760 03ca 43       		.byte	0x43
 761 03cb 0E       		.uleb128 0xe
 762 03cc 5F6C6200 		.ascii	"_lb\000"
 763 03d0 05       		.byte	0x5
 764 03d1 D5       		.byte	0xd5
 765 03d2 CB020000 		.4byte	0x2cb
 766 03d6 44       		.byte	0x44
 767 03d7 0B       		.uleb128 0xb
 768 03d8 28050000 		.4byte	.LASF62
 769 03dc 05       		.byte	0x5
 770 03dd D8       		.byte	0xd8
 771 03de 37000000 		.4byte	0x37
 772 03e2 4C       		.byte	0x4c
 773 03e3 0B       		.uleb128 0xb
 774 03e4 A7010000 		.4byte	.LASF63
 775 03e8 05       		.byte	0x5
 776 03e9 D9       		.byte	0xd9
 777 03ea 81000000 		.4byte	0x81
 778 03ee 50       		.byte	0x50
 779 03ef 0B       		.uleb128 0xb
 780 03f0 22040000 		.4byte	.LASF64
 781 03f4 05       		.byte	0x5
 782 03f5 DC       		.byte	0xdc
 783 03f6 3E040000 		.4byte	0x43e
 784 03fa 54       		.byte	0x54
 785 03fb 0B       		.uleb128 0xb
 786 03fc 36050000 		.4byte	.LASF65
 787 0400 05       		.byte	0x5
ARM GAS  /tmp/ccWam7Sf.s 			page 15


 788 0401 E0       		.byte	0xe0
 789 0402 26010000 		.4byte	0x126
 790 0406 58       		.byte	0x58
 791 0407 0B       		.uleb128 0xb
 792 0408 EB030000 		.4byte	.LASF66
 793 040c 05       		.byte	0x5
 794 040d E2       		.byte	0xe2
 795 040e 1B010000 		.4byte	0x11b
 796 0412 5C       		.byte	0x5c
 797 0413 0B       		.uleb128 0xb
 798 0414 4D060000 		.4byte	.LASF67
 799 0418 05       		.byte	0x5
 800 0419 E3       		.byte	0xe3
 801 041a 37000000 		.4byte	0x37
 802 041e 64       		.byte	0x64
 803 041f 00       		.byte	0
 804 0420 13       		.uleb128 0x13
 805 0421 37000000 		.4byte	0x37
 806 0425 3E040000 		.4byte	0x43e
 807 0429 14       		.uleb128 0x14
 808 042a 3E040000 		.4byte	0x43e
 809 042e 14       		.uleb128 0x14
 810 042f 31010000 		.4byte	0x131
 811 0433 14       		.uleb128 0x14
 812 0434 76050000 		.4byte	0x576
 813 0438 14       		.uleb128 0x14
 814 0439 37000000 		.4byte	0x37
 815 043d 00       		.byte	0
 816 043e 0F       		.uleb128 0xf
 817 043f 04       		.byte	0x4
 818 0440 44040000 		.4byte	0x444
 819 0444 15       		.uleb128 0x15
 820 0445 FC050000 		.4byte	.LASF68
 821 0449 2804     		.2byte	0x428
 822 044b 05       		.byte	0x5
 823 044c 3902     		.2byte	0x239
 824 044e 76050000 		.4byte	0x576
 825 0452 16       		.uleb128 0x16
 826 0453 68000000 		.4byte	.LASF69
 827 0457 05       		.byte	0x5
 828 0458 3B02     		.2byte	0x23b
 829 045a 37000000 		.4byte	0x37
 830 045e 00       		.byte	0
 831 045f 16       		.uleb128 0x16
 832 0460 CD020000 		.4byte	.LASF70
 833 0464 05       		.byte	0x5
 834 0465 4002     		.2byte	0x240
 835 0467 5D060000 		.4byte	0x65d
 836 046b 04       		.byte	0x4
 837 046c 16       		.uleb128 0x16
 838 046d DB000000 		.4byte	.LASF71
 839 0471 05       		.byte	0x5
 840 0472 4002     		.2byte	0x240
 841 0474 5D060000 		.4byte	0x65d
 842 0478 08       		.byte	0x8
 843 0479 16       		.uleb128 0x16
 844 047a 74060000 		.4byte	.LASF72
ARM GAS  /tmp/ccWam7Sf.s 			page 16


 845 047e 05       		.byte	0x5
 846 047f 4002     		.2byte	0x240
 847 0481 5D060000 		.4byte	0x65d
 848 0485 0C       		.byte	0xc
 849 0486 16       		.uleb128 0x16
 850 0487 E0010000 		.4byte	.LASF73
 851 048b 05       		.byte	0x5
 852 048c 4202     		.2byte	0x242
 853 048e 37000000 		.4byte	0x37
 854 0492 10       		.byte	0x10
 855 0493 16       		.uleb128 0x16
 856 0494 B4010000 		.4byte	.LASF74
 857 0498 05       		.byte	0x5
 858 0499 4302     		.2byte	0x243
 859 049b 3F080000 		.4byte	0x83f
 860 049f 14       		.byte	0x14
 861 04a0 16       		.uleb128 0x16
 862 04a1 0E050000 		.4byte	.LASF75
 863 04a5 05       		.byte	0x5
 864 04a6 4502     		.2byte	0x245
 865 04a8 37000000 		.4byte	0x37
 866 04ac 30       		.byte	0x30
 867 04ad 16       		.uleb128 0x16
 868 04ae 12040000 		.4byte	.LASF76
 869 04b2 05       		.byte	0x5
 870 04b3 4602     		.2byte	0x246
 871 04b5 A7050000 		.4byte	0x5a7
 872 04b9 34       		.byte	0x34
 873 04ba 16       		.uleb128 0x16
 874 04bb BB020000 		.4byte	.LASF77
 875 04bf 05       		.byte	0x5
 876 04c0 4802     		.2byte	0x248
 877 04c2 37000000 		.4byte	0x37
 878 04c6 38       		.byte	0x38
 879 04c7 16       		.uleb128 0x16
 880 04c8 38030000 		.4byte	.LASF78
 881 04cc 05       		.byte	0x5
 882 04cd 4A02     		.2byte	0x24a
 883 04cf 5A080000 		.4byte	0x85a
 884 04d3 3C       		.byte	0x3c
 885 04d4 16       		.uleb128 0x16
 886 04d5 0A010000 		.4byte	.LASF79
 887 04d9 05       		.byte	0x5
 888 04da 4D02     		.2byte	0x24d
 889 04dc 91010000 		.4byte	0x191
 890 04e0 40       		.byte	0x40
 891 04e1 16       		.uleb128 0x16
 892 04e2 4A010000 		.4byte	.LASF80
 893 04e6 05       		.byte	0x5
 894 04e7 4E02     		.2byte	0x24e
 895 04e9 37000000 		.4byte	0x37
 896 04ed 44       		.byte	0x44
 897 04ee 16       		.uleb128 0x16
 898 04ef 2F020000 		.4byte	.LASF81
 899 04f3 05       		.byte	0x5
 900 04f4 4F02     		.2byte	0x24f
 901 04f6 91010000 		.4byte	0x191
ARM GAS  /tmp/ccWam7Sf.s 			page 17


 902 04fa 48       		.byte	0x48
 903 04fb 16       		.uleb128 0x16
 904 04fc F7020000 		.4byte	.LASF82
 905 0500 05       		.byte	0x5
 906 0501 5002     		.2byte	0x250
 907 0503 60080000 		.4byte	0x860
 908 0507 4C       		.byte	0x4c
 909 0508 16       		.uleb128 0x16
 910 0509 F4040000 		.4byte	.LASF83
 911 050d 05       		.byte	0x5
 912 050e 5302     		.2byte	0x253
 913 0510 37000000 		.4byte	0x37
 914 0514 50       		.byte	0x50
 915 0515 16       		.uleb128 0x16
 916 0516 79050000 		.4byte	.LASF84
 917 051a 05       		.byte	0x5
 918 051b 5402     		.2byte	0x254
 919 051d 76050000 		.4byte	0x576
 920 0521 54       		.byte	0x54
 921 0522 16       		.uleb128 0x16
 922 0523 EF040000 		.4byte	.LASF85
 923 0527 05       		.byte	0x5
 924 0528 7702     		.2byte	0x277
 925 052a 1D080000 		.4byte	0x81d
 926 052e 58       		.byte	0x58
 927 052f 17       		.uleb128 0x17
 928 0530 E3030000 		.4byte	.LASF45
 929 0534 05       		.byte	0x5
 930 0535 7B02     		.2byte	0x27b
 931 0537 AE020000 		.4byte	0x2ae
 932 053b 4801     		.2byte	0x148
 933 053d 17       		.uleb128 0x17
 934 053e 7A020000 		.4byte	.LASF86
 935 0542 05       		.byte	0x5
 936 0543 7C02     		.2byte	0x27c
 937 0545 70020000 		.4byte	0x270
 938 0549 4C01     		.2byte	0x14c
 939 054b 17       		.uleb128 0x17
 940 054c 61020000 		.4byte	.LASF87
 941 0550 05       		.byte	0x5
 942 0551 8002     		.2byte	0x280
 943 0553 71080000 		.4byte	0x871
 944 0557 DC02     		.2byte	0x2dc
 945 0559 17       		.uleb128 0x17
 946 055a BE050000 		.4byte	.LASF88
 947 055e 05       		.byte	0x5
 948 055f 8502     		.2byte	0x285
 949 0561 22060000 		.4byte	0x622
 950 0565 E002     		.2byte	0x2e0
 951 0567 17       		.uleb128 0x17
 952 0568 07040000 		.4byte	.LASF89
 953 056c 05       		.byte	0x5
 954 056d 8602     		.2byte	0x286
 955 056f 7D080000 		.4byte	0x87d
 956 0573 EC02     		.2byte	0x2ec
 957 0575 00       		.byte	0
 958 0576 0F       		.uleb128 0xf
ARM GAS  /tmp/ccWam7Sf.s 			page 18


 959 0577 04       		.byte	0x4
 960 0578 7C050000 		.4byte	0x57c
 961 057c 03       		.uleb128 0x3
 962 057d 01       		.byte	0x1
 963 057e 08       		.byte	0x8
 964 057f 52020000 		.4byte	.LASF90
 965 0583 0F       		.uleb128 0xf
 966 0584 04       		.byte	0x4
 967 0585 20040000 		.4byte	0x420
 968 0589 13       		.uleb128 0x13
 969 058a 37000000 		.4byte	0x37
 970 058e A7050000 		.4byte	0x5a7
 971 0592 14       		.uleb128 0x14
 972 0593 3E040000 		.4byte	0x43e
 973 0597 14       		.uleb128 0x14
 974 0598 31010000 		.4byte	0x131
 975 059c 14       		.uleb128 0x14
 976 059d A7050000 		.4byte	0x5a7
 977 05a1 14       		.uleb128 0x14
 978 05a2 37000000 		.4byte	0x37
 979 05a6 00       		.byte	0
 980 05a7 0F       		.uleb128 0xf
 981 05a8 04       		.byte	0x4
 982 05a9 AD050000 		.4byte	0x5ad
 983 05ad 18       		.uleb128 0x18
 984 05ae 7C050000 		.4byte	0x57c
 985 05b2 0F       		.uleb128 0xf
 986 05b3 04       		.byte	0x4
 987 05b4 89050000 		.4byte	0x589
 988 05b8 13       		.uleb128 0x13
 989 05b9 AD000000 		.4byte	0xad
 990 05bd D6050000 		.4byte	0x5d6
 991 05c1 14       		.uleb128 0x14
 992 05c2 3E040000 		.4byte	0x43e
 993 05c6 14       		.uleb128 0x14
 994 05c7 31010000 		.4byte	0x131
 995 05cb 14       		.uleb128 0x14
 996 05cc AD000000 		.4byte	0xad
 997 05d0 14       		.uleb128 0x14
 998 05d1 37000000 		.4byte	0x37
 999 05d5 00       		.byte	0
 1000 05d6 0F       		.uleb128 0xf
 1001 05d7 04       		.byte	0x4
 1002 05d8 B8050000 		.4byte	0x5b8
 1003 05dc 13       		.uleb128 0x13
 1004 05dd 37000000 		.4byte	0x37
 1005 05e1 F0050000 		.4byte	0x5f0
 1006 05e5 14       		.uleb128 0x14
 1007 05e6 3E040000 		.4byte	0x43e
 1008 05ea 14       		.uleb128 0x14
 1009 05eb 31010000 		.4byte	0x131
 1010 05ef 00       		.byte	0
 1011 05f0 0F       		.uleb128 0xf
 1012 05f1 04       		.byte	0x4
 1013 05f2 DC050000 		.4byte	0x5dc
 1014 05f6 08       		.uleb128 0x8
 1015 05f7 45000000 		.4byte	0x45
ARM GAS  /tmp/ccWam7Sf.s 			page 19


 1016 05fb 06060000 		.4byte	0x606
 1017 05ff 09       		.uleb128 0x9
 1018 0600 F3000000 		.4byte	0xf3
 1019 0604 02       		.byte	0x2
 1020 0605 00       		.byte	0
 1021 0606 08       		.uleb128 0x8
 1022 0607 45000000 		.4byte	0x45
 1023 060b 16060000 		.4byte	0x616
 1024 060f 09       		.uleb128 0x9
 1025 0610 F3000000 		.4byte	0xf3
 1026 0614 00       		.byte	0
 1027 0615 00       		.byte	0
 1028 0616 05       		.uleb128 0x5
 1029 0617 A0010000 		.4byte	.LASF91
 1030 061b 05       		.byte	0x5
 1031 061c 1D01     		.2byte	0x11d
 1032 061e F6020000 		.4byte	0x2f6
 1033 0622 19       		.uleb128 0x19
 1034 0623 B8050000 		.4byte	.LASF92
 1035 0627 0C       		.byte	0xc
 1036 0628 05       		.byte	0x5
 1037 0629 2101     		.2byte	0x121
 1038 062b 57060000 		.4byte	0x657
 1039 062f 16       		.uleb128 0x16
 1040 0630 F1010000 		.4byte	.LASF25
 1041 0634 05       		.byte	0x5
 1042 0635 2301     		.2byte	0x123
 1043 0637 57060000 		.4byte	0x657
 1044 063b 00       		.byte	0
 1045 063c 16       		.uleb128 0x16
 1046 063d 57050000 		.4byte	.LASF93
 1047 0641 05       		.byte	0x5
 1048 0642 2401     		.2byte	0x124
 1049 0644 37000000 		.4byte	0x37
 1050 0648 04       		.byte	0x4
 1051 0649 16       		.uleb128 0x16
 1052 064a A7020000 		.4byte	.LASF94
 1053 064e 05       		.byte	0x5
 1054 064f 2501     		.2byte	0x125
 1055 0651 5D060000 		.4byte	0x65d
 1056 0655 08       		.byte	0x8
 1057 0656 00       		.byte	0
 1058 0657 0F       		.uleb128 0xf
 1059 0658 04       		.byte	0x4
 1060 0659 22060000 		.4byte	0x622
 1061 065d 0F       		.uleb128 0xf
 1062 065e 04       		.byte	0x4
 1063 065f 16060000 		.4byte	0x616
 1064 0663 19       		.uleb128 0x19
 1065 0664 42010000 		.4byte	.LASF95
 1066 0668 0E       		.byte	0xe
 1067 0669 05       		.byte	0x5
 1068 066a 3D01     		.2byte	0x13d
 1069 066c 98060000 		.4byte	0x698
 1070 0670 16       		.uleb128 0x16
 1071 0671 5D060000 		.4byte	.LASF96
 1072 0675 05       		.byte	0x5
ARM GAS  /tmp/ccWam7Sf.s 			page 20


 1073 0676 3E01     		.2byte	0x13e
 1074 0678 98060000 		.4byte	0x698
 1075 067c 00       		.byte	0
 1076 067d 16       		.uleb128 0x16
 1077 067e 09030000 		.4byte	.LASF97
 1078 0682 05       		.byte	0x5
 1079 0683 3F01     		.2byte	0x13f
 1080 0685 98060000 		.4byte	0x698
 1081 0689 06       		.byte	0x6
 1082 068a 16       		.uleb128 0x16
 1083 068b 9C050000 		.4byte	.LASF98
 1084 068f 05       		.byte	0x5
 1085 0690 4001     		.2byte	0x140
 1086 0692 53000000 		.4byte	0x53
 1087 0696 0C       		.byte	0xc
 1088 0697 00       		.byte	0
 1089 0698 08       		.uleb128 0x8
 1090 0699 53000000 		.4byte	0x53
 1091 069d A8060000 		.4byte	0x6a8
 1092 06a1 09       		.uleb128 0x9
 1093 06a2 F3000000 		.4byte	0xf3
 1094 06a6 02       		.byte	0x2
 1095 06a7 00       		.byte	0
 1096 06a8 1A       		.uleb128 0x1a
 1097 06a9 D0       		.byte	0xd0
 1098 06aa 05       		.byte	0x5
 1099 06ab 5802     		.2byte	0x258
 1100 06ad A9070000 		.4byte	0x7a9
 1101 06b1 16       		.uleb128 0x16
 1102 06b2 38060000 		.4byte	.LASF99
 1103 06b6 05       		.byte	0x5
 1104 06b7 5A02     		.2byte	0x25a
 1105 06b9 30000000 		.4byte	0x30
 1106 06bd 00       		.byte	0
 1107 06be 16       		.uleb128 0x16
 1108 06bf C6050000 		.4byte	.LASF100
 1109 06c3 05       		.byte	0x5
 1110 06c4 5B02     		.2byte	0x25b
 1111 06c6 76050000 		.4byte	0x576
 1112 06ca 04       		.byte	0x4
 1113 06cb 16       		.uleb128 0x16
 1114 06cc 75010000 		.4byte	.LASF101
 1115 06d0 05       		.byte	0x5
 1116 06d1 5C02     		.2byte	0x25c
 1117 06d3 A9070000 		.4byte	0x7a9
 1118 06d7 08       		.byte	0x8
 1119 06d8 16       		.uleb128 0x16
 1120 06d9 CF040000 		.4byte	.LASF102
 1121 06dd 05       		.byte	0x5
 1122 06de 5D02     		.2byte	0x25d
 1123 06e0 A7010000 		.4byte	0x1a7
 1124 06e4 24       		.byte	0x24
 1125 06e5 16       		.uleb128 0x16
 1126 06e6 D4020000 		.4byte	.LASF103
 1127 06ea 05       		.byte	0x5
 1128 06eb 5E02     		.2byte	0x25e
 1129 06ed 37000000 		.4byte	0x37
ARM GAS  /tmp/ccWam7Sf.s 			page 21


 1130 06f1 48       		.byte	0x48
 1131 06f2 16       		.uleb128 0x16
 1132 06f3 63060000 		.4byte	.LASF104
 1133 06f7 05       		.byte	0x5
 1134 06f8 5F02     		.2byte	0x25f
 1135 06fa 6F000000 		.4byte	0x6f
 1136 06fe 50       		.byte	0x50
 1137 06ff 16       		.uleb128 0x16
 1138 0700 26000000 		.4byte	.LASF105
 1139 0704 05       		.byte	0x5
 1140 0705 6002     		.2byte	0x260
 1141 0707 63060000 		.4byte	0x663
 1142 070b 58       		.byte	0x58
 1143 070c 16       		.uleb128 0x16
 1144 070d 45020000 		.4byte	.LASF106
 1145 0711 05       		.byte	0x5
 1146 0712 6102     		.2byte	0x261
 1147 0714 1B010000 		.4byte	0x11b
 1148 0718 68       		.byte	0x68
 1149 0719 16       		.uleb128 0x16
 1150 071a D3050000 		.4byte	.LASF107
 1151 071e 05       		.byte	0x5
 1152 071f 6202     		.2byte	0x262
 1153 0721 1B010000 		.4byte	0x11b
 1154 0725 70       		.byte	0x70
 1155 0726 16       		.uleb128 0x16
 1156 0727 0E000000 		.4byte	.LASF108
 1157 072b 05       		.byte	0x5
 1158 072c 6302     		.2byte	0x263
 1159 072e 1B010000 		.4byte	0x11b
 1160 0732 78       		.byte	0x78
 1161 0733 16       		.uleb128 0x16
 1162 0734 04050000 		.4byte	.LASF109
 1163 0738 05       		.byte	0x5
 1164 0739 6402     		.2byte	0x264
 1165 073b B9070000 		.4byte	0x7b9
 1166 073f 80       		.byte	0x80
 1167 0740 16       		.uleb128 0x16
 1168 0741 34000000 		.4byte	.LASF110
 1169 0745 05       		.byte	0x5
 1170 0746 6502     		.2byte	0x265
 1171 0748 C9070000 		.4byte	0x7c9
 1172 074c 88       		.byte	0x88
 1173 074d 16       		.uleb128 0x16
 1174 074e 8F050000 		.4byte	.LASF111
 1175 0752 05       		.byte	0x5
 1176 0753 6602     		.2byte	0x266
 1177 0755 37000000 		.4byte	0x37
 1178 0759 A0       		.byte	0xa0
 1179 075a 16       		.uleb128 0x16
 1180 075b CD000000 		.4byte	.LASF112
 1181 075f 05       		.byte	0x5
 1182 0760 6702     		.2byte	0x267
 1183 0762 1B010000 		.4byte	0x11b
 1184 0766 A4       		.byte	0xa4
 1185 0767 16       		.uleb128 0x16
 1186 0768 6B020000 		.4byte	.LASF113
ARM GAS  /tmp/ccWam7Sf.s 			page 22


 1187 076c 05       		.byte	0x5
 1188 076d 6802     		.2byte	0x268
 1189 076f 1B010000 		.4byte	0x11b
 1190 0773 AC       		.byte	0xac
 1191 0774 16       		.uleb128 0x16
 1192 0775 FF010000 		.4byte	.LASF114
 1193 0779 05       		.byte	0x5
 1194 077a 6902     		.2byte	0x269
 1195 077c 1B010000 		.4byte	0x11b
 1196 0780 B4       		.byte	0xb4
 1197 0781 16       		.uleb128 0x16
 1198 0782 17030000 		.4byte	.LASF115
 1199 0786 05       		.byte	0x5
 1200 0787 6A02     		.2byte	0x26a
 1201 0789 1B010000 		.4byte	0x11b
 1202 078d BC       		.byte	0xbc
 1203 078e 16       		.uleb128 0x16
 1204 078f 34020000 		.4byte	.LASF116
 1205 0793 05       		.byte	0x5
 1206 0794 6B02     		.2byte	0x26b
 1207 0796 1B010000 		.4byte	0x11b
 1208 079a C4       		.byte	0xc4
 1209 079b 16       		.uleb128 0x16
 1210 079c 58030000 		.4byte	.LASF117
 1211 07a0 05       		.byte	0x5
 1212 07a1 6C02     		.2byte	0x26c
 1213 07a3 37000000 		.4byte	0x37
 1214 07a7 CC       		.byte	0xcc
 1215 07a8 00       		.byte	0
 1216 07a9 08       		.uleb128 0x8
 1217 07aa 7C050000 		.4byte	0x57c
 1218 07ae B9070000 		.4byte	0x7b9
 1219 07b2 09       		.uleb128 0x9
 1220 07b3 F3000000 		.4byte	0xf3
 1221 07b7 19       		.byte	0x19
 1222 07b8 00       		.byte	0
 1223 07b9 08       		.uleb128 0x8
 1224 07ba 7C050000 		.4byte	0x57c
 1225 07be C9070000 		.4byte	0x7c9
 1226 07c2 09       		.uleb128 0x9
 1227 07c3 F3000000 		.4byte	0xf3
 1228 07c7 07       		.byte	0x7
 1229 07c8 00       		.byte	0
 1230 07c9 08       		.uleb128 0x8
 1231 07ca 7C050000 		.4byte	0x57c
 1232 07ce D9070000 		.4byte	0x7d9
 1233 07d2 09       		.uleb128 0x9
 1234 07d3 F3000000 		.4byte	0xf3
 1235 07d7 17       		.byte	0x17
 1236 07d8 00       		.byte	0
 1237 07d9 1A       		.uleb128 0x1a
 1238 07da F0       		.byte	0xf0
 1239 07db 05       		.byte	0x5
 1240 07dc 7102     		.2byte	0x271
 1241 07de FD070000 		.4byte	0x7fd
 1242 07e2 16       		.uleb128 0x16
 1243 07e3 3B010000 		.4byte	.LASF118
ARM GAS  /tmp/ccWam7Sf.s 			page 23


 1244 07e7 05       		.byte	0x5
 1245 07e8 7402     		.2byte	0x274
 1246 07ea FD070000 		.4byte	0x7fd
 1247 07ee 00       		.byte	0
 1248 07ef 16       		.uleb128 0x16
 1249 07f0 7C060000 		.4byte	.LASF119
 1250 07f4 05       		.byte	0x5
 1251 07f5 7502     		.2byte	0x275
 1252 07f7 0D080000 		.4byte	0x80d
 1253 07fb 78       		.byte	0x78
 1254 07fc 00       		.byte	0
 1255 07fd 08       		.uleb128 0x8
 1256 07fe F0020000 		.4byte	0x2f0
 1257 0802 0D080000 		.4byte	0x80d
 1258 0806 09       		.uleb128 0x9
 1259 0807 F3000000 		.4byte	0xf3
 1260 080b 1D       		.byte	0x1d
 1261 080c 00       		.byte	0
 1262 080d 08       		.uleb128 0x8
 1263 080e 30000000 		.4byte	0x30
 1264 0812 1D080000 		.4byte	0x81d
 1265 0816 09       		.uleb128 0x9
 1266 0817 F3000000 		.4byte	0xf3
 1267 081b 1D       		.byte	0x1d
 1268 081c 00       		.byte	0
 1269 081d 1B       		.uleb128 0x1b
 1270 081e F0       		.byte	0xf0
 1271 081f 05       		.byte	0x5
 1272 0820 5602     		.2byte	0x256
 1273 0822 3F080000 		.4byte	0x83f
 1274 0826 1C       		.uleb128 0x1c
 1275 0827 FC050000 		.4byte	.LASF68
 1276 082b 05       		.byte	0x5
 1277 082c 6D02     		.2byte	0x26d
 1278 082e A8060000 		.4byte	0x6a8
 1279 0832 1C       		.uleb128 0x1c
 1280 0833 A1050000 		.4byte	.LASF120
 1281 0837 05       		.byte	0x5
 1282 0838 7602     		.2byte	0x276
 1283 083a D9070000 		.4byte	0x7d9
 1284 083e 00       		.byte	0
 1285 083f 08       		.uleb128 0x8
 1286 0840 7C050000 		.4byte	0x57c
 1287 0844 4F080000 		.4byte	0x84f
 1288 0848 09       		.uleb128 0x9
 1289 0849 F3000000 		.4byte	0xf3
 1290 084d 18       		.byte	0x18
 1291 084e 00       		.byte	0
 1292 084f 1D       		.uleb128 0x1d
 1293 0850 5A080000 		.4byte	0x85a
 1294 0854 14       		.uleb128 0x14
 1295 0855 3E040000 		.4byte	0x43e
 1296 0859 00       		.byte	0
 1297 085a 0F       		.uleb128 0xf
 1298 085b 04       		.byte	0x4
 1299 085c 4F080000 		.4byte	0x84f
 1300 0860 0F       		.uleb128 0xf
ARM GAS  /tmp/ccWam7Sf.s 			page 24


 1301 0861 04       		.byte	0x4
 1302 0862 91010000 		.4byte	0x191
 1303 0866 1D       		.uleb128 0x1d
 1304 0867 71080000 		.4byte	0x871
 1305 086b 14       		.uleb128 0x14
 1306 086c 37000000 		.4byte	0x37
 1307 0870 00       		.byte	0
 1308 0871 0F       		.uleb128 0xf
 1309 0872 04       		.byte	0x4
 1310 0873 77080000 		.4byte	0x877
 1311 0877 0F       		.uleb128 0xf
 1312 0878 04       		.byte	0x4
 1313 0879 66080000 		.4byte	0x866
 1314 087d 08       		.uleb128 0x8
 1315 087e 16060000 		.4byte	0x616
 1316 0882 8D080000 		.4byte	0x88d
 1317 0886 09       		.uleb128 0x9
 1318 0887 F3000000 		.4byte	0xf3
 1319 088b 02       		.byte	0x2
 1320 088c 00       		.byte	0
 1321 088d 02       		.uleb128 0x2
 1322 088e AD020000 		.4byte	.LASF121
 1323 0892 06       		.byte	0x6
 1324 0893 7A       		.byte	0x7a
 1325 0894 5A000000 		.4byte	0x5a
 1326 0898 02       		.uleb128 0x2
 1327 0899 20050000 		.4byte	.LASF122
 1328 089d 06       		.byte	0x6
 1329 089e 92       		.byte	0x92
 1330 089f 76050000 		.4byte	0x576
 1331 08a3 02       		.uleb128 0x2
 1332 08a4 12010000 		.4byte	.LASF123
 1333 08a8 06       		.byte	0x6
 1334 08a9 9B       		.byte	0x9b
 1335 08aa 53000000 		.4byte	0x53
 1336 08ae 02       		.uleb128 0x2
 1337 08af 03060000 		.4byte	.LASF124
 1338 08b3 06       		.byte	0x6
 1339 08b4 B8       		.byte	0xb8
 1340 08b5 81000000 		.4byte	0x81
 1341 08b9 02       		.uleb128 0x2
 1342 08ba 2C030000 		.4byte	.LASF125
 1343 08be 06       		.byte	0x6
 1344 08bf B9       		.byte	0xb9
 1345 08c0 8C000000 		.4byte	0x8c
 1346 08c4 02       		.uleb128 0x2
 1347 08c5 26030000 		.4byte	.LASF126
 1348 08c9 06       		.byte	0x6
 1349 08ca BA       		.byte	0xba
 1350 08cb 97000000 		.4byte	0x97
 1351 08cf 02       		.uleb128 0x2
 1352 08d0 B9030000 		.4byte	.LASF127
 1353 08d4 06       		.byte	0x6
 1354 08d5 BB       		.byte	0xbb
 1355 08d6 A2000000 		.4byte	0xa2
 1356 08da 02       		.uleb128 0x2
 1357 08db F5050000 		.4byte	.LASF128
ARM GAS  /tmp/ccWam7Sf.s 			page 25


 1358 08df 06       		.byte	0x6
 1359 08e0 D9       		.byte	0xd9
 1360 08e1 30000000 		.4byte	0x30
 1361 08e5 02       		.uleb128 0x2
 1362 08e6 71050000 		.4byte	.LASF129
 1363 08ea 06       		.byte	0x6
 1364 08eb DE       		.byte	0xde
 1365 08ec 53000000 		.4byte	0x53
 1366 08f0 0D       		.uleb128 0xd
 1367 08f1 AF010000 		.4byte	.LASF130
 1368 08f5 3C       		.byte	0x3c
 1369 08f6 07       		.byte	0x7
 1370 08f7 19       		.byte	0x19
 1371 08f8 C9090000 		.4byte	0x9c9
 1372 08fc 0B       		.uleb128 0xb
 1373 08fd BF010000 		.4byte	.LASF131
 1374 0901 07       		.byte	0x7
 1375 0902 1B       		.byte	0x1b
 1376 0903 B9080000 		.4byte	0x8b9
 1377 0907 00       		.byte	0
 1378 0908 0B       		.uleb128 0xb
 1379 0909 C6020000 		.4byte	.LASF132
 1380 090d 07       		.byte	0x7
 1381 090e 1C       		.byte	0x1c
 1382 090f A3080000 		.4byte	0x8a3
 1383 0913 02       		.byte	0x2
 1384 0914 0B       		.uleb128 0xb
 1385 0915 F7010000 		.4byte	.LASF133
 1386 0919 07       		.byte	0x7
 1387 091a 1D       		.byte	0x1d
 1388 091b DA080000 		.4byte	0x8da
 1389 091f 04       		.byte	0x4
 1390 0920 0B       		.uleb128 0xb
 1391 0921 10020000 		.4byte	.LASF134
 1392 0925 07       		.byte	0x7
 1393 0926 1E       		.byte	0x1e
 1394 0927 E5080000 		.4byte	0x8e5
 1395 092b 08       		.byte	0x8
 1396 092c 0B       		.uleb128 0xb
 1397 092d 83020000 		.4byte	.LASF135
 1398 0931 07       		.byte	0x7
 1399 0932 1F       		.byte	0x1f
 1400 0933 C4080000 		.4byte	0x8c4
 1401 0937 0A       		.byte	0xa
 1402 0938 0B       		.uleb128 0xb
 1403 0939 EA010000 		.4byte	.LASF136
 1404 093d 07       		.byte	0x7
 1405 093e 20       		.byte	0x20
 1406 093f CF080000 		.4byte	0x8cf
 1407 0943 0C       		.byte	0xc
 1408 0944 0B       		.uleb128 0xb
 1409 0945 45060000 		.4byte	.LASF137
 1410 0949 07       		.byte	0x7
 1411 094a 21       		.byte	0x21
 1412 094b B9080000 		.4byte	0x8b9
 1413 094f 0E       		.byte	0xe
 1414 0950 0B       		.uleb128 0xb
ARM GAS  /tmp/ccWam7Sf.s 			page 26


 1415 0951 B0050000 		.4byte	.LASF138
 1416 0955 07       		.byte	0x7
 1417 0956 22       		.byte	0x22
 1418 0957 AE080000 		.4byte	0x8ae
 1419 095b 10       		.byte	0x10
 1420 095c 0B       		.uleb128 0xb
 1421 095d 93020000 		.4byte	.LASF139
 1422 0961 07       		.byte	0x7
 1423 0962 30       		.byte	0x30
 1424 0963 8D080000 		.4byte	0x88d
 1425 0967 14       		.byte	0x14
 1426 0968 0B       		.uleb128 0xb
 1427 0969 61030000 		.4byte	.LASF140
 1428 096d 07       		.byte	0x7
 1429 096e 31       		.byte	0x31
 1430 096f 5A000000 		.4byte	0x5a
 1431 0973 18       		.byte	0x18
 1432 0974 0B       		.uleb128 0xb
 1433 0975 97010000 		.4byte	.LASF141
 1434 0979 07       		.byte	0x7
 1435 097a 32       		.byte	0x32
 1436 097b 8D080000 		.4byte	0x88d
 1437 097f 1C       		.byte	0x1c
 1438 0980 0B       		.uleb128 0xb
 1439 0981 6B030000 		.4byte	.LASF142
 1440 0985 07       		.byte	0x7
 1441 0986 33       		.byte	0x33
 1442 0987 5A000000 		.4byte	0x5a
 1443 098b 20       		.byte	0x20
 1444 098c 0B       		.uleb128 0xb
 1445 098d E6040000 		.4byte	.LASF143
 1446 0991 07       		.byte	0x7
 1447 0992 34       		.byte	0x34
 1448 0993 8D080000 		.4byte	0x88d
 1449 0997 24       		.byte	0x24
 1450 0998 0B       		.uleb128 0xb
 1451 0999 75030000 		.4byte	.LASF144
 1452 099d 07       		.byte	0x7
 1453 099e 35       		.byte	0x35
 1454 099f 5A000000 		.4byte	0x5a
 1455 09a3 28       		.byte	0x28
 1456 09a4 0B       		.uleb128 0xb
 1457 09a5 4D000000 		.4byte	.LASF145
 1458 09a9 07       		.byte	0x7
 1459 09aa 36       		.byte	0x36
 1460 09ab 5A000000 		.4byte	0x5a
 1461 09af 2C       		.byte	0x2c
 1462 09b0 0B       		.uleb128 0xb
 1463 09b1 6B010000 		.4byte	.LASF146
 1464 09b5 07       		.byte	0x7
 1465 09b6 37       		.byte	0x37
 1466 09b7 5A000000 		.4byte	0x5a
 1467 09bb 30       		.byte	0x30
 1468 09bc 0B       		.uleb128 0xb
 1469 09bd 7F030000 		.4byte	.LASF147
 1470 09c1 07       		.byte	0x7
 1471 09c2 38       		.byte	0x38
ARM GAS  /tmp/ccWam7Sf.s 			page 27


 1472 09c3 C9090000 		.4byte	0x9c9
 1473 09c7 34       		.byte	0x34
 1474 09c8 00       		.byte	0
 1475 09c9 08       		.uleb128 0x8
 1476 09ca 5A000000 		.4byte	0x5a
 1477 09ce D9090000 		.4byte	0x9d9
 1478 09d2 09       		.uleb128 0x9
 1479 09d3 F3000000 		.4byte	0xf3
 1480 09d7 01       		.byte	0x1
 1481 09d8 00       		.byte	0
 1482 09d9 03       		.uleb128 0x3
 1483 09da 01       		.byte	0x1
 1484 09db 02       		.byte	0x2
 1485 09dc 92030000 		.4byte	.LASF148
 1486 09e0 1E       		.uleb128 0x1e
 1487 09e1 22010000 		.4byte	.LASF150
 1488 09e5 01       		.byte	0x1
 1489 09e6 4B       		.byte	0x4b
 1490 09e7 37000000 		.4byte	0x37
 1491 09eb 00000000 		.4byte	.LFB7
 1492 09ef 1A000000 		.4byte	.LFE7-.LFB7
 1493 09f3 01       		.uleb128 0x1
 1494 09f4 9C       		.byte	0x9c
 1495 09f5 300A0000 		.4byte	0xa30
 1496 09f9 1F       		.uleb128 0x1f
 1497 09fa 7200     		.ascii	"r\000"
 1498 09fc 01       		.byte	0x1
 1499 09fd 4B       		.byte	0x4b
 1500 09fe 3E040000 		.4byte	0x43e
 1501 0a02 02       		.uleb128 0x2
 1502 0a03 91       		.byte	0x91
 1503 0a04 7C       		.sleb128 -4
 1504 0a05 20       		.uleb128 0x20
 1505 0a06 9C020000 		.4byte	.LASF149
 1506 0a0a 01       		.byte	0x1
 1507 0a0b 4B       		.byte	0x4b
 1508 0a0c 37000000 		.4byte	0x37
 1509 0a10 02       		.uleb128 0x2
 1510 0a11 91       		.byte	0x91
 1511 0a12 78       		.sleb128 -8
 1512 0a13 1F       		.uleb128 0x1f
 1513 0a14 70747200 		.ascii	"ptr\000"
 1514 0a18 01       		.byte	0x1
 1515 0a19 4B       		.byte	0x4b
 1516 0a1a 76050000 		.4byte	0x576
 1517 0a1e 02       		.uleb128 0x2
 1518 0a1f 91       		.byte	0x91
 1519 0a20 74       		.sleb128 -12
 1520 0a21 1F       		.uleb128 0x1f
 1521 0a22 6C656E00 		.ascii	"len\000"
 1522 0a26 01       		.byte	0x1
 1523 0a27 4B       		.byte	0x4b
 1524 0a28 37000000 		.4byte	0x37
 1525 0a2c 02       		.uleb128 0x2
 1526 0a2d 91       		.byte	0x91
 1527 0a2e 70       		.sleb128 -16
 1528 0a2f 00       		.byte	0
ARM GAS  /tmp/ccWam7Sf.s 			page 28


 1529 0a30 1E       		.uleb128 0x1e
 1530 0a31 A1030000 		.4byte	.LASF151
 1531 0a35 01       		.byte	0x1
 1532 0a36 60       		.byte	0x60
 1533 0a37 37000000 		.4byte	0x37
 1534 0a3b 00000000 		.4byte	.LFB8
 1535 0a3f 12000000 		.4byte	.LFE8-.LFB8
 1536 0a43 01       		.uleb128 0x1
 1537 0a44 9C       		.byte	0x9c
 1538 0a45 800A0000 		.4byte	0xa80
 1539 0a49 1F       		.uleb128 0x1f
 1540 0a4a 7200     		.ascii	"r\000"
 1541 0a4c 01       		.byte	0x1
 1542 0a4d 60       		.byte	0x60
 1543 0a4e 3E040000 		.4byte	0x43e
 1544 0a52 02       		.uleb128 0x2
 1545 0a53 91       		.byte	0x91
 1546 0a54 7C       		.sleb128 -4
 1547 0a55 20       		.uleb128 0x20
 1548 0a56 9C020000 		.4byte	.LASF149
 1549 0a5a 01       		.byte	0x1
 1550 0a5b 60       		.byte	0x60
 1551 0a5c 37000000 		.4byte	0x37
 1552 0a60 02       		.uleb128 0x2
 1553 0a61 91       		.byte	0x91
 1554 0a62 78       		.sleb128 -8
 1555 0a63 1F       		.uleb128 0x1f
 1556 0a64 70747200 		.ascii	"ptr\000"
 1557 0a68 01       		.byte	0x1
 1558 0a69 60       		.byte	0x60
 1559 0a6a 37000000 		.4byte	0x37
 1560 0a6e 02       		.uleb128 0x2
 1561 0a6f 91       		.byte	0x91
 1562 0a70 74       		.sleb128 -12
 1563 0a71 1F       		.uleb128 0x1f
 1564 0a72 64697200 		.ascii	"dir\000"
 1565 0a76 01       		.byte	0x1
 1566 0a77 60       		.byte	0x60
 1567 0a78 37000000 		.4byte	0x37
 1568 0a7c 02       		.uleb128 0x2
 1569 0a7d 91       		.byte	0x91
 1570 0a7e 70       		.sleb128 -16
 1571 0a7f 00       		.byte	0
 1572 0a80 1E       		.uleb128 0x1e
 1573 0a81 2B000000 		.4byte	.LASF152
 1574 0a85 01       		.byte	0x1
 1575 0a86 6C       		.byte	0x6c
 1576 0a87 37000000 		.4byte	0x37
 1577 0a8b 00000000 		.4byte	.LFB9
 1578 0a8f 12000000 		.4byte	.LFE9-.LFB9
 1579 0a93 01       		.uleb128 0x1
 1580 0a94 9C       		.byte	0x9c
 1581 0a95 D00A0000 		.4byte	0xad0
 1582 0a99 1F       		.uleb128 0x1f
 1583 0a9a 7200     		.ascii	"r\000"
 1584 0a9c 01       		.byte	0x1
 1585 0a9d 6C       		.byte	0x6c
ARM GAS  /tmp/ccWam7Sf.s 			page 29


 1586 0a9e 3E040000 		.4byte	0x43e
 1587 0aa2 02       		.uleb128 0x2
 1588 0aa3 91       		.byte	0x91
 1589 0aa4 7C       		.sleb128 -4
 1590 0aa5 20       		.uleb128 0x20
 1591 0aa6 9C020000 		.4byte	.LASF149
 1592 0aaa 01       		.byte	0x1
 1593 0aab 6C       		.byte	0x6c
 1594 0aac 37000000 		.4byte	0x37
 1595 0ab0 02       		.uleb128 0x2
 1596 0ab1 91       		.byte	0x91
 1597 0ab2 78       		.sleb128 -8
 1598 0ab3 1F       		.uleb128 0x1f
 1599 0ab4 70747200 		.ascii	"ptr\000"
 1600 0ab8 01       		.byte	0x1
 1601 0ab9 6C       		.byte	0x6c
 1602 0aba 76050000 		.4byte	0x576
 1603 0abe 02       		.uleb128 0x2
 1604 0abf 91       		.byte	0x91
 1605 0ac0 74       		.sleb128 -12
 1606 0ac1 1F       		.uleb128 0x1f
 1607 0ac2 6C656E00 		.ascii	"len\000"
 1608 0ac6 01       		.byte	0x1
 1609 0ac7 6C       		.byte	0x6c
 1610 0ac8 37000000 		.4byte	0x37
 1611 0acc 02       		.uleb128 0x2
 1612 0acd 91       		.byte	0x91
 1613 0ace 70       		.sleb128 -16
 1614 0acf 00       		.byte	0
 1615 0ad0 1E       		.uleb128 0x1e
 1616 0ad1 89030000 		.4byte	.LASF153
 1617 0ad5 01       		.byte	0x1
 1618 0ad6 7D       		.byte	0x7d
 1619 0ad7 37000000 		.4byte	0x37
 1620 0adb 00000000 		.4byte	.LFB10
 1621 0adf 0E000000 		.4byte	.LFE10-.LFB10
 1622 0ae3 01       		.uleb128 0x1
 1623 0ae4 9C       		.byte	0x9c
 1624 0ae5 040B0000 		.4byte	0xb04
 1625 0ae9 1F       		.uleb128 0x1f
 1626 0aea 7200     		.ascii	"r\000"
 1627 0aec 01       		.byte	0x1
 1628 0aed 7D       		.byte	0x7d
 1629 0aee 3E040000 		.4byte	0x43e
 1630 0af2 02       		.uleb128 0x2
 1631 0af3 91       		.byte	0x91
 1632 0af4 7C       		.sleb128 -4
 1633 0af5 20       		.uleb128 0x20
 1634 0af6 9C020000 		.4byte	.LASF149
 1635 0afa 01       		.byte	0x1
 1636 0afb 7D       		.byte	0x7d
 1637 0afc 37000000 		.4byte	0x37
 1638 0b00 02       		.uleb128 0x2
 1639 0b01 91       		.byte	0x91
 1640 0b02 78       		.sleb128 -8
 1641 0b03 00       		.byte	0
 1642 0b04 21       		.uleb128 0x21
ARM GAS  /tmp/ccWam7Sf.s 			page 30


 1643 0b05 8F010000 		.4byte	.LASF154
 1644 0b09 01       		.byte	0x1
 1645 0b0a 87       		.byte	0x87
 1646 0b0b 98080000 		.4byte	0x898
 1647 0b0f 00000000 		.4byte	.LFB11
 1648 0b13 40000000 		.4byte	.LFE11-.LFB11
 1649 0b17 01       		.uleb128 0x1
 1650 0b18 9C       		.byte	0x9c
 1651 0b19 440B0000 		.4byte	0xb44
 1652 0b1d 1F       		.uleb128 0x1f
 1653 0b1e 7200     		.ascii	"r\000"
 1654 0b20 01       		.byte	0x1
 1655 0b21 87       		.byte	0x87
 1656 0b22 3E040000 		.4byte	0x43e
 1657 0b26 02       		.uleb128 0x2
 1658 0b27 91       		.byte	0x91
 1659 0b28 6C       		.sleb128 -20
 1660 0b29 20       		.uleb128 0x20
 1661 0b2a 22020000 		.4byte	.LASF155
 1662 0b2e 01       		.byte	0x1
 1663 0b2f 87       		.byte	0x87
 1664 0b30 37000000 		.4byte	0x37
 1665 0b34 02       		.uleb128 0x2
 1666 0b35 91       		.byte	0x91
 1667 0b36 68       		.sleb128 -24
 1668 0b37 22       		.uleb128 0x22
 1669 0b38 7000     		.ascii	"p\000"
 1670 0b3a 01       		.byte	0x1
 1671 0b3b 8A       		.byte	0x8a
 1672 0b3c 31010000 		.4byte	0x131
 1673 0b40 02       		.uleb128 0x2
 1674 0b41 91       		.byte	0x91
 1675 0b42 74       		.sleb128 -12
 1676 0b43 00       		.byte	0
 1677 0b44 21       		.uleb128 0x21
 1678 0b45 19020000 		.4byte	.LASF156
 1679 0b49 01       		.byte	0x1
 1680 0b4a 9D       		.byte	0x9d
 1681 0b4b 37000000 		.4byte	0x37
 1682 0b4f 00000000 		.4byte	.LFB12
 1683 0b53 26000000 		.4byte	.LFE12-.LFB12
 1684 0b57 01       		.uleb128 0x1
 1685 0b58 9C       		.byte	0x9c
 1686 0b59 850B0000 		.4byte	0xb85
 1687 0b5d 1F       		.uleb128 0x1f
 1688 0b5e 7200     		.ascii	"r\000"
 1689 0b60 01       		.byte	0x1
 1690 0b61 9D       		.byte	0x9d
 1691 0b62 3E040000 		.4byte	0x43e
 1692 0b66 02       		.uleb128 0x2
 1693 0b67 91       		.byte	0x91
 1694 0b68 74       		.sleb128 -12
 1695 0b69 20       		.uleb128 0x20
 1696 0b6a 9C020000 		.4byte	.LASF149
 1697 0b6e 01       		.byte	0x1
 1698 0b6f 9D       		.byte	0x9d
 1699 0b70 37000000 		.4byte	0x37
ARM GAS  /tmp/ccWam7Sf.s 			page 31


 1700 0b74 02       		.uleb128 0x2
 1701 0b75 91       		.byte	0x91
 1702 0b76 70       		.sleb128 -16
 1703 0b77 1F       		.uleb128 0x1f
 1704 0b78 737400   		.ascii	"st\000"
 1705 0b7b 01       		.byte	0x1
 1706 0b7c 9D       		.byte	0x9d
 1707 0b7d 850B0000 		.4byte	0xb85
 1708 0b81 02       		.uleb128 0x2
 1709 0b82 91       		.byte	0x91
 1710 0b83 6C       		.sleb128 -20
 1711 0b84 00       		.byte	0
 1712 0b85 0F       		.uleb128 0xf
 1713 0b86 04       		.byte	0x4
 1714 0b87 F0080000 		.4byte	0x8f0
 1715 0b8b 23       		.uleb128 0x23
 1716 0b8c 1C000000 		.4byte	.LASF160
 1717 0b90 01       		.byte	0x1
 1718 0b91 A9       		.byte	0xa9
 1719 0b92 37000000 		.4byte	0x37
 1720 0b96 00000000 		.4byte	.LFB13
 1721 0b9a 0E000000 		.4byte	.LFE13-.LFB13
 1722 0b9e 01       		.uleb128 0x1
 1723 0b9f 9C       		.byte	0x9c
 1724 0ba0 1F       		.uleb128 0x1f
 1725 0ba1 7200     		.ascii	"r\000"
 1726 0ba3 01       		.byte	0x1
 1727 0ba4 A9       		.byte	0xa9
 1728 0ba5 3E040000 		.4byte	0x43e
 1729 0ba9 02       		.uleb128 0x2
 1730 0baa 91       		.byte	0x91
 1731 0bab 7C       		.sleb128 -4
 1732 0bac 1F       		.uleb128 0x1f
 1733 0bad 666400   		.ascii	"fd\000"
 1734 0bb0 01       		.byte	0x1
 1735 0bb1 A9       		.byte	0xa9
 1736 0bb2 37000000 		.4byte	0x37
 1737 0bb6 02       		.uleb128 0x2
 1738 0bb7 91       		.byte	0x91
 1739 0bb8 78       		.sleb128 -8
 1740 0bb9 00       		.byte	0
 1741 0bba 00       		.byte	0
 1742              		.section	.debug_abbrev,"",%progbits
 1743              	.Ldebug_abbrev0:
 1744 0000 01       		.uleb128 0x1
 1745 0001 11       		.uleb128 0x11
 1746 0002 01       		.byte	0x1
 1747 0003 25       		.uleb128 0x25
 1748 0004 0E       		.uleb128 0xe
 1749 0005 13       		.uleb128 0x13
 1750 0006 0B       		.uleb128 0xb
 1751 0007 03       		.uleb128 0x3
 1752 0008 0E       		.uleb128 0xe
 1753 0009 1B       		.uleb128 0x1b
 1754 000a 0E       		.uleb128 0xe
 1755 000b 55       		.uleb128 0x55
 1756 000c 17       		.uleb128 0x17
ARM GAS  /tmp/ccWam7Sf.s 			page 32


 1757 000d 11       		.uleb128 0x11
 1758 000e 01       		.uleb128 0x1
 1759 000f 10       		.uleb128 0x10
 1760 0010 17       		.uleb128 0x17
 1761 0011 00       		.byte	0
 1762 0012 00       		.byte	0
 1763 0013 02       		.uleb128 0x2
 1764 0014 16       		.uleb128 0x16
 1765 0015 00       		.byte	0
 1766 0016 03       		.uleb128 0x3
 1767 0017 0E       		.uleb128 0xe
 1768 0018 3A       		.uleb128 0x3a
 1769 0019 0B       		.uleb128 0xb
 1770 001a 3B       		.uleb128 0x3b
 1771 001b 0B       		.uleb128 0xb
 1772 001c 49       		.uleb128 0x49
 1773 001d 13       		.uleb128 0x13
 1774 001e 00       		.byte	0
 1775 001f 00       		.byte	0
 1776 0020 03       		.uleb128 0x3
 1777 0021 24       		.uleb128 0x24
 1778 0022 00       		.byte	0
 1779 0023 0B       		.uleb128 0xb
 1780 0024 0B       		.uleb128 0xb
 1781 0025 3E       		.uleb128 0x3e
 1782 0026 0B       		.uleb128 0xb
 1783 0027 03       		.uleb128 0x3
 1784 0028 0E       		.uleb128 0xe
 1785 0029 00       		.byte	0
 1786 002a 00       		.byte	0
 1787 002b 04       		.uleb128 0x4
 1788 002c 24       		.uleb128 0x24
 1789 002d 00       		.byte	0
 1790 002e 0B       		.uleb128 0xb
 1791 002f 0B       		.uleb128 0xb
 1792 0030 3E       		.uleb128 0x3e
 1793 0031 0B       		.uleb128 0xb
 1794 0032 03       		.uleb128 0x3
 1795 0033 08       		.uleb128 0x8
 1796 0034 00       		.byte	0
 1797 0035 00       		.byte	0
 1798 0036 05       		.uleb128 0x5
 1799 0037 16       		.uleb128 0x16
 1800 0038 00       		.byte	0
 1801 0039 03       		.uleb128 0x3
 1802 003a 0E       		.uleb128 0xe
 1803 003b 3A       		.uleb128 0x3a
 1804 003c 0B       		.uleb128 0xb
 1805 003d 3B       		.uleb128 0x3b
 1806 003e 05       		.uleb128 0x5
 1807 003f 49       		.uleb128 0x49
 1808 0040 13       		.uleb128 0x13
 1809 0041 00       		.byte	0
 1810 0042 00       		.byte	0
 1811 0043 06       		.uleb128 0x6
 1812 0044 17       		.uleb128 0x17
 1813 0045 01       		.byte	0x1
ARM GAS  /tmp/ccWam7Sf.s 			page 33


 1814 0046 0B       		.uleb128 0xb
 1815 0047 0B       		.uleb128 0xb
 1816 0048 3A       		.uleb128 0x3a
 1817 0049 0B       		.uleb128 0xb
 1818 004a 3B       		.uleb128 0x3b
 1819 004b 0B       		.uleb128 0xb
 1820 004c 01       		.uleb128 0x1
 1821 004d 13       		.uleb128 0x13
 1822 004e 00       		.byte	0
 1823 004f 00       		.byte	0
 1824 0050 07       		.uleb128 0x7
 1825 0051 0D       		.uleb128 0xd
 1826 0052 00       		.byte	0
 1827 0053 03       		.uleb128 0x3
 1828 0054 0E       		.uleb128 0xe
 1829 0055 3A       		.uleb128 0x3a
 1830 0056 0B       		.uleb128 0xb
 1831 0057 3B       		.uleb128 0x3b
 1832 0058 0B       		.uleb128 0xb
 1833 0059 49       		.uleb128 0x49
 1834 005a 13       		.uleb128 0x13
 1835 005b 00       		.byte	0
 1836 005c 00       		.byte	0
 1837 005d 08       		.uleb128 0x8
 1838 005e 01       		.uleb128 0x1
 1839 005f 01       		.byte	0x1
 1840 0060 49       		.uleb128 0x49
 1841 0061 13       		.uleb128 0x13
 1842 0062 01       		.uleb128 0x1
 1843 0063 13       		.uleb128 0x13
 1844 0064 00       		.byte	0
 1845 0065 00       		.byte	0
 1846 0066 09       		.uleb128 0x9
 1847 0067 21       		.uleb128 0x21
 1848 0068 00       		.byte	0
 1849 0069 49       		.uleb128 0x49
 1850 006a 13       		.uleb128 0x13
 1851 006b 2F       		.uleb128 0x2f
 1852 006c 0B       		.uleb128 0xb
 1853 006d 00       		.byte	0
 1854 006e 00       		.byte	0
 1855 006f 0A       		.uleb128 0xa
 1856 0070 13       		.uleb128 0x13
 1857 0071 01       		.byte	0x1
 1858 0072 0B       		.uleb128 0xb
 1859 0073 0B       		.uleb128 0xb
 1860 0074 3A       		.uleb128 0x3a
 1861 0075 0B       		.uleb128 0xb
 1862 0076 3B       		.uleb128 0x3b
 1863 0077 0B       		.uleb128 0xb
 1864 0078 01       		.uleb128 0x1
 1865 0079 13       		.uleb128 0x13
 1866 007a 00       		.byte	0
 1867 007b 00       		.byte	0
 1868 007c 0B       		.uleb128 0xb
 1869 007d 0D       		.uleb128 0xd
 1870 007e 00       		.byte	0
ARM GAS  /tmp/ccWam7Sf.s 			page 34


 1871 007f 03       		.uleb128 0x3
 1872 0080 0E       		.uleb128 0xe
 1873 0081 3A       		.uleb128 0x3a
 1874 0082 0B       		.uleb128 0xb
 1875 0083 3B       		.uleb128 0x3b
 1876 0084 0B       		.uleb128 0xb
 1877 0085 49       		.uleb128 0x49
 1878 0086 13       		.uleb128 0x13
 1879 0087 38       		.uleb128 0x38
 1880 0088 0B       		.uleb128 0xb
 1881 0089 00       		.byte	0
 1882 008a 00       		.byte	0
 1883 008b 0C       		.uleb128 0xc
 1884 008c 0F       		.uleb128 0xf
 1885 008d 00       		.byte	0
 1886 008e 0B       		.uleb128 0xb
 1887 008f 0B       		.uleb128 0xb
 1888 0090 00       		.byte	0
 1889 0091 00       		.byte	0
 1890 0092 0D       		.uleb128 0xd
 1891 0093 13       		.uleb128 0x13
 1892 0094 01       		.byte	0x1
 1893 0095 03       		.uleb128 0x3
 1894 0096 0E       		.uleb128 0xe
 1895 0097 0B       		.uleb128 0xb
 1896 0098 0B       		.uleb128 0xb
 1897 0099 3A       		.uleb128 0x3a
 1898 009a 0B       		.uleb128 0xb
 1899 009b 3B       		.uleb128 0x3b
 1900 009c 0B       		.uleb128 0xb
 1901 009d 01       		.uleb128 0x1
 1902 009e 13       		.uleb128 0x13
 1903 009f 00       		.byte	0
 1904 00a0 00       		.byte	0
 1905 00a1 0E       		.uleb128 0xe
 1906 00a2 0D       		.uleb128 0xd
 1907 00a3 00       		.byte	0
 1908 00a4 03       		.uleb128 0x3
 1909 00a5 08       		.uleb128 0x8
 1910 00a6 3A       		.uleb128 0x3a
 1911 00a7 0B       		.uleb128 0xb
 1912 00a8 3B       		.uleb128 0x3b
 1913 00a9 0B       		.uleb128 0xb
 1914 00aa 49       		.uleb128 0x49
 1915 00ab 13       		.uleb128 0x13
 1916 00ac 38       		.uleb128 0x38
 1917 00ad 0B       		.uleb128 0xb
 1918 00ae 00       		.byte	0
 1919 00af 00       		.byte	0
 1920 00b0 0F       		.uleb128 0xf
 1921 00b1 0F       		.uleb128 0xf
 1922 00b2 00       		.byte	0
 1923 00b3 0B       		.uleb128 0xb
 1924 00b4 0B       		.uleb128 0xb
 1925 00b5 49       		.uleb128 0x49
 1926 00b6 13       		.uleb128 0x13
 1927 00b7 00       		.byte	0
ARM GAS  /tmp/ccWam7Sf.s 			page 35


 1928 00b8 00       		.byte	0
 1929 00b9 10       		.uleb128 0x10
 1930 00ba 13       		.uleb128 0x13
 1931 00bb 01       		.byte	0x1
 1932 00bc 03       		.uleb128 0x3
 1933 00bd 0E       		.uleb128 0xe
 1934 00be 0B       		.uleb128 0xb
 1935 00bf 05       		.uleb128 0x5
 1936 00c0 3A       		.uleb128 0x3a
 1937 00c1 0B       		.uleb128 0xb
 1938 00c2 3B       		.uleb128 0x3b
 1939 00c3 0B       		.uleb128 0xb
 1940 00c4 01       		.uleb128 0x1
 1941 00c5 13       		.uleb128 0x13
 1942 00c6 00       		.byte	0
 1943 00c7 00       		.byte	0
 1944 00c8 11       		.uleb128 0x11
 1945 00c9 0D       		.uleb128 0xd
 1946 00ca 00       		.byte	0
 1947 00cb 03       		.uleb128 0x3
 1948 00cc 0E       		.uleb128 0xe
 1949 00cd 3A       		.uleb128 0x3a
 1950 00ce 0B       		.uleb128 0xb
 1951 00cf 3B       		.uleb128 0x3b
 1952 00d0 0B       		.uleb128 0xb
 1953 00d1 49       		.uleb128 0x49
 1954 00d2 13       		.uleb128 0x13
 1955 00d3 38       		.uleb128 0x38
 1956 00d4 05       		.uleb128 0x5
 1957 00d5 00       		.byte	0
 1958 00d6 00       		.byte	0
 1959 00d7 12       		.uleb128 0x12
 1960 00d8 15       		.uleb128 0x15
 1961 00d9 00       		.byte	0
 1962 00da 27       		.uleb128 0x27
 1963 00db 19       		.uleb128 0x19
 1964 00dc 00       		.byte	0
 1965 00dd 00       		.byte	0
 1966 00de 13       		.uleb128 0x13
 1967 00df 15       		.uleb128 0x15
 1968 00e0 01       		.byte	0x1
 1969 00e1 27       		.uleb128 0x27
 1970 00e2 19       		.uleb128 0x19
 1971 00e3 49       		.uleb128 0x49
 1972 00e4 13       		.uleb128 0x13
 1973 00e5 01       		.uleb128 0x1
 1974 00e6 13       		.uleb128 0x13
 1975 00e7 00       		.byte	0
 1976 00e8 00       		.byte	0
 1977 00e9 14       		.uleb128 0x14
 1978 00ea 05       		.uleb128 0x5
 1979 00eb 00       		.byte	0
 1980 00ec 49       		.uleb128 0x49
 1981 00ed 13       		.uleb128 0x13
 1982 00ee 00       		.byte	0
 1983 00ef 00       		.byte	0
 1984 00f0 15       		.uleb128 0x15
ARM GAS  /tmp/ccWam7Sf.s 			page 36


 1985 00f1 13       		.uleb128 0x13
 1986 00f2 01       		.byte	0x1
 1987 00f3 03       		.uleb128 0x3
 1988 00f4 0E       		.uleb128 0xe
 1989 00f5 0B       		.uleb128 0xb
 1990 00f6 05       		.uleb128 0x5
 1991 00f7 3A       		.uleb128 0x3a
 1992 00f8 0B       		.uleb128 0xb
 1993 00f9 3B       		.uleb128 0x3b
 1994 00fa 05       		.uleb128 0x5
 1995 00fb 01       		.uleb128 0x1
 1996 00fc 13       		.uleb128 0x13
 1997 00fd 00       		.byte	0
 1998 00fe 00       		.byte	0
 1999 00ff 16       		.uleb128 0x16
 2000 0100 0D       		.uleb128 0xd
 2001 0101 00       		.byte	0
 2002 0102 03       		.uleb128 0x3
 2003 0103 0E       		.uleb128 0xe
 2004 0104 3A       		.uleb128 0x3a
 2005 0105 0B       		.uleb128 0xb
 2006 0106 3B       		.uleb128 0x3b
 2007 0107 05       		.uleb128 0x5
 2008 0108 49       		.uleb128 0x49
 2009 0109 13       		.uleb128 0x13
 2010 010a 38       		.uleb128 0x38
 2011 010b 0B       		.uleb128 0xb
 2012 010c 00       		.byte	0
 2013 010d 00       		.byte	0
 2014 010e 17       		.uleb128 0x17
 2015 010f 0D       		.uleb128 0xd
 2016 0110 00       		.byte	0
 2017 0111 03       		.uleb128 0x3
 2018 0112 0E       		.uleb128 0xe
 2019 0113 3A       		.uleb128 0x3a
 2020 0114 0B       		.uleb128 0xb
 2021 0115 3B       		.uleb128 0x3b
 2022 0116 05       		.uleb128 0x5
 2023 0117 49       		.uleb128 0x49
 2024 0118 13       		.uleb128 0x13
 2025 0119 38       		.uleb128 0x38
 2026 011a 05       		.uleb128 0x5
 2027 011b 00       		.byte	0
 2028 011c 00       		.byte	0
 2029 011d 18       		.uleb128 0x18
 2030 011e 26       		.uleb128 0x26
 2031 011f 00       		.byte	0
 2032 0120 49       		.uleb128 0x49
 2033 0121 13       		.uleb128 0x13
 2034 0122 00       		.byte	0
 2035 0123 00       		.byte	0
 2036 0124 19       		.uleb128 0x19
 2037 0125 13       		.uleb128 0x13
 2038 0126 01       		.byte	0x1
 2039 0127 03       		.uleb128 0x3
 2040 0128 0E       		.uleb128 0xe
 2041 0129 0B       		.uleb128 0xb
ARM GAS  /tmp/ccWam7Sf.s 			page 37


 2042 012a 0B       		.uleb128 0xb
 2043 012b 3A       		.uleb128 0x3a
 2044 012c 0B       		.uleb128 0xb
 2045 012d 3B       		.uleb128 0x3b
 2046 012e 05       		.uleb128 0x5
 2047 012f 01       		.uleb128 0x1
 2048 0130 13       		.uleb128 0x13
 2049 0131 00       		.byte	0
 2050 0132 00       		.byte	0
 2051 0133 1A       		.uleb128 0x1a
 2052 0134 13       		.uleb128 0x13
 2053 0135 01       		.byte	0x1
 2054 0136 0B       		.uleb128 0xb
 2055 0137 0B       		.uleb128 0xb
 2056 0138 3A       		.uleb128 0x3a
 2057 0139 0B       		.uleb128 0xb
 2058 013a 3B       		.uleb128 0x3b
 2059 013b 05       		.uleb128 0x5
 2060 013c 01       		.uleb128 0x1
 2061 013d 13       		.uleb128 0x13
 2062 013e 00       		.byte	0
 2063 013f 00       		.byte	0
 2064 0140 1B       		.uleb128 0x1b
 2065 0141 17       		.uleb128 0x17
 2066 0142 01       		.byte	0x1
 2067 0143 0B       		.uleb128 0xb
 2068 0144 0B       		.uleb128 0xb
 2069 0145 3A       		.uleb128 0x3a
 2070 0146 0B       		.uleb128 0xb
 2071 0147 3B       		.uleb128 0x3b
 2072 0148 05       		.uleb128 0x5
 2073 0149 01       		.uleb128 0x1
 2074 014a 13       		.uleb128 0x13
 2075 014b 00       		.byte	0
 2076 014c 00       		.byte	0
 2077 014d 1C       		.uleb128 0x1c
 2078 014e 0D       		.uleb128 0xd
 2079 014f 00       		.byte	0
 2080 0150 03       		.uleb128 0x3
 2081 0151 0E       		.uleb128 0xe
 2082 0152 3A       		.uleb128 0x3a
 2083 0153 0B       		.uleb128 0xb
 2084 0154 3B       		.uleb128 0x3b
 2085 0155 05       		.uleb128 0x5
 2086 0156 49       		.uleb128 0x49
 2087 0157 13       		.uleb128 0x13
 2088 0158 00       		.byte	0
 2089 0159 00       		.byte	0
 2090 015a 1D       		.uleb128 0x1d
 2091 015b 15       		.uleb128 0x15
 2092 015c 01       		.byte	0x1
 2093 015d 27       		.uleb128 0x27
 2094 015e 19       		.uleb128 0x19
 2095 015f 01       		.uleb128 0x1
 2096 0160 13       		.uleb128 0x13
 2097 0161 00       		.byte	0
 2098 0162 00       		.byte	0
ARM GAS  /tmp/ccWam7Sf.s 			page 38


 2099 0163 1E       		.uleb128 0x1e
 2100 0164 2E       		.uleb128 0x2e
 2101 0165 01       		.byte	0x1
 2102 0166 3F       		.uleb128 0x3f
 2103 0167 19       		.uleb128 0x19
 2104 0168 03       		.uleb128 0x3
 2105 0169 0E       		.uleb128 0xe
 2106 016a 3A       		.uleb128 0x3a
 2107 016b 0B       		.uleb128 0xb
 2108 016c 3B       		.uleb128 0x3b
 2109 016d 0B       		.uleb128 0xb
 2110 016e 27       		.uleb128 0x27
 2111 016f 19       		.uleb128 0x19
 2112 0170 49       		.uleb128 0x49
 2113 0171 13       		.uleb128 0x13
 2114 0172 11       		.uleb128 0x11
 2115 0173 01       		.uleb128 0x1
 2116 0174 12       		.uleb128 0x12
 2117 0175 06       		.uleb128 0x6
 2118 0176 40       		.uleb128 0x40
 2119 0177 18       		.uleb128 0x18
 2120 0178 9742     		.uleb128 0x2117
 2121 017a 19       		.uleb128 0x19
 2122 017b 01       		.uleb128 0x1
 2123 017c 13       		.uleb128 0x13
 2124 017d 00       		.byte	0
 2125 017e 00       		.byte	0
 2126 017f 1F       		.uleb128 0x1f
 2127 0180 05       		.uleb128 0x5
 2128 0181 00       		.byte	0
 2129 0182 03       		.uleb128 0x3
 2130 0183 08       		.uleb128 0x8
 2131 0184 3A       		.uleb128 0x3a
 2132 0185 0B       		.uleb128 0xb
 2133 0186 3B       		.uleb128 0x3b
 2134 0187 0B       		.uleb128 0xb
 2135 0188 49       		.uleb128 0x49
 2136 0189 13       		.uleb128 0x13
 2137 018a 02       		.uleb128 0x2
 2138 018b 18       		.uleb128 0x18
 2139 018c 00       		.byte	0
 2140 018d 00       		.byte	0
 2141 018e 20       		.uleb128 0x20
 2142 018f 05       		.uleb128 0x5
 2143 0190 00       		.byte	0
 2144 0191 03       		.uleb128 0x3
 2145 0192 0E       		.uleb128 0xe
 2146 0193 3A       		.uleb128 0x3a
 2147 0194 0B       		.uleb128 0xb
 2148 0195 3B       		.uleb128 0x3b
 2149 0196 0B       		.uleb128 0xb
 2150 0197 49       		.uleb128 0x49
 2151 0198 13       		.uleb128 0x13
 2152 0199 02       		.uleb128 0x2
 2153 019a 18       		.uleb128 0x18
 2154 019b 00       		.byte	0
 2155 019c 00       		.byte	0
ARM GAS  /tmp/ccWam7Sf.s 			page 39


 2156 019d 21       		.uleb128 0x21
 2157 019e 2E       		.uleb128 0x2e
 2158 019f 01       		.byte	0x1
 2159 01a0 3F       		.uleb128 0x3f
 2160 01a1 19       		.uleb128 0x19
 2161 01a2 03       		.uleb128 0x3
 2162 01a3 0E       		.uleb128 0xe
 2163 01a4 3A       		.uleb128 0x3a
 2164 01a5 0B       		.uleb128 0xb
 2165 01a6 3B       		.uleb128 0x3b
 2166 01a7 0B       		.uleb128 0xb
 2167 01a8 27       		.uleb128 0x27
 2168 01a9 19       		.uleb128 0x19
 2169 01aa 49       		.uleb128 0x49
 2170 01ab 13       		.uleb128 0x13
 2171 01ac 11       		.uleb128 0x11
 2172 01ad 01       		.uleb128 0x1
 2173 01ae 12       		.uleb128 0x12
 2174 01af 06       		.uleb128 0x6
 2175 01b0 40       		.uleb128 0x40
 2176 01b1 18       		.uleb128 0x18
 2177 01b2 9642     		.uleb128 0x2116
 2178 01b4 19       		.uleb128 0x19
 2179 01b5 01       		.uleb128 0x1
 2180 01b6 13       		.uleb128 0x13
 2181 01b7 00       		.byte	0
 2182 01b8 00       		.byte	0
 2183 01b9 22       		.uleb128 0x22
 2184 01ba 34       		.uleb128 0x34
 2185 01bb 00       		.byte	0
 2186 01bc 03       		.uleb128 0x3
 2187 01bd 08       		.uleb128 0x8
 2188 01be 3A       		.uleb128 0x3a
 2189 01bf 0B       		.uleb128 0xb
 2190 01c0 3B       		.uleb128 0x3b
 2191 01c1 0B       		.uleb128 0xb
 2192 01c2 49       		.uleb128 0x49
 2193 01c3 13       		.uleb128 0x13
 2194 01c4 02       		.uleb128 0x2
 2195 01c5 18       		.uleb128 0x18
 2196 01c6 00       		.byte	0
 2197 01c7 00       		.byte	0
 2198 01c8 23       		.uleb128 0x23
 2199 01c9 2E       		.uleb128 0x2e
 2200 01ca 01       		.byte	0x1
 2201 01cb 3F       		.uleb128 0x3f
 2202 01cc 19       		.uleb128 0x19
 2203 01cd 03       		.uleb128 0x3
 2204 01ce 0E       		.uleb128 0xe
 2205 01cf 3A       		.uleb128 0x3a
 2206 01d0 0B       		.uleb128 0xb
 2207 01d1 3B       		.uleb128 0x3b
 2208 01d2 0B       		.uleb128 0xb
 2209 01d3 27       		.uleb128 0x27
 2210 01d4 19       		.uleb128 0x19
 2211 01d5 49       		.uleb128 0x49
 2212 01d6 13       		.uleb128 0x13
ARM GAS  /tmp/ccWam7Sf.s 			page 40


 2213 01d7 11       		.uleb128 0x11
 2214 01d8 01       		.uleb128 0x1
 2215 01d9 12       		.uleb128 0x12
 2216 01da 06       		.uleb128 0x6
 2217 01db 40       		.uleb128 0x40
 2218 01dc 18       		.uleb128 0x18
 2219 01dd 9742     		.uleb128 0x2117
 2220 01df 19       		.uleb128 0x19
 2221 01e0 00       		.byte	0
 2222 01e1 00       		.byte	0
 2223 01e2 00       		.byte	0
 2224              		.section	.debug_aranges,"",%progbits
 2225 0000 4C000000 		.4byte	0x4c
 2226 0004 0200     		.2byte	0x2
 2227 0006 00000000 		.4byte	.Ldebug_info0
 2228 000a 04       		.byte	0x4
 2229 000b 00       		.byte	0
 2230 000c 0000     		.2byte	0
 2231 000e 0000     		.2byte	0
 2232 0010 00000000 		.4byte	.LFB7
 2233 0014 1A000000 		.4byte	.LFE7-.LFB7
 2234 0018 00000000 		.4byte	.LFB8
 2235 001c 12000000 		.4byte	.LFE8-.LFB8
 2236 0020 00000000 		.4byte	.LFB9
 2237 0024 12000000 		.4byte	.LFE9-.LFB9
 2238 0028 00000000 		.4byte	.LFB10
 2239 002c 0E000000 		.4byte	.LFE10-.LFB10
 2240 0030 00000000 		.4byte	.LFB11
 2241 0034 40000000 		.4byte	.LFE11-.LFB11
 2242 0038 00000000 		.4byte	.LFB12
 2243 003c 26000000 		.4byte	.LFE12-.LFB12
 2244 0040 00000000 		.4byte	.LFB13
 2245 0044 0E000000 		.4byte	.LFE13-.LFB13
 2246 0048 00000000 		.4byte	0
 2247 004c 00000000 		.4byte	0
 2248              		.section	.debug_ranges,"",%progbits
 2249              	.Ldebug_ranges0:
 2250 0000 00000000 		.4byte	.LFB7
 2251 0004 1A000000 		.4byte	.LFE7
 2252 0008 00000000 		.4byte	.LFB8
 2253 000c 12000000 		.4byte	.LFE8
 2254 0010 00000000 		.4byte	.LFB9
 2255 0014 12000000 		.4byte	.LFE9
 2256 0018 00000000 		.4byte	.LFB10
 2257 001c 0E000000 		.4byte	.LFE10
 2258 0020 00000000 		.4byte	.LFB11
 2259 0024 40000000 		.4byte	.LFE11
 2260 0028 00000000 		.4byte	.LFB12
 2261 002c 26000000 		.4byte	.LFE12
 2262 0030 00000000 		.4byte	.LFB13
 2263 0034 0E000000 		.4byte	.LFE13
 2264 0038 00000000 		.4byte	0
 2265 003c 00000000 		.4byte	0
 2266              		.section	.debug_line,"",%progbits
 2267              	.Ldebug_line0:
 2268 0000 54010000 		.section	.debug_str,"MS",%progbits,1
 2268      0200BD00 
ARM GAS  /tmp/ccWam7Sf.s 			page 41


 2268      00000201 
 2268      FB0E0D00 
 2268      01010101 
 2269              	.LASF40:
 2270 0000 5F6F6E5F 		.ascii	"_on_exit_args\000"
 2270      65786974 
 2270      5F617267 
 2270      7300
 2271              	.LASF108:
 2272 000e 5F776374 		.ascii	"_wctomb_state\000"
 2272      6F6D625F 
 2272      73746174 
 2272      6500
 2273              	.LASF160:
 2274 001c 5F697361 		.ascii	"_isatty_r\000"
 2274      7474795F 
 2274      7200
 2275              	.LASF105:
 2276 0026 5F723438 		.ascii	"_r48\000"
 2276      00
 2277              	.LASF152:
 2278 002b 5F777269 		.ascii	"_write_r\000"
 2278      74655F72 
 2278      00
 2279              	.LASF110:
 2280 0034 5F736967 		.ascii	"_signal_buf\000"
 2280      6E616C5F 
 2280      62756600 
 2281              	.LASF0:
 2282 0040 756E7369 		.ascii	"unsigned int\000"
 2282      676E6564 
 2282      20696E74 
 2282      00
 2283              	.LASF145:
 2284 004d 73745F62 		.ascii	"st_blksize\000"
 2284      6C6B7369 
 2284      7A6500
 2285              	.LASF54:
 2286 0058 5F6C6266 		.ascii	"_lbfsize\000"
 2286      73697A65 
 2286      00
 2287              	.LASF52:
 2288 0061 5F666C61 		.ascii	"_flags\000"
 2288      677300
 2289              	.LASF69:
 2290 0068 5F657272 		.ascii	"_errno\000"
 2290      6E6F00
 2291              	.LASF159:
 2292 006f 2F686F6D 		.ascii	"/home/ece497/vbox-shared/mplayer/ChibiOS-RT-stable_"
 2292      652F6563 
 2292      65343937 
 2292      2F76626F 
 2292      782D7368 
 2293 00a2 322E362E 		.ascii	"2.6.x/demos/SDCARD\000"
 2293      782F6465 
 2293      6D6F732F 
 2293      53444341 
ARM GAS  /tmp/ccWam7Sf.s 			page 42


 2293      524400
 2294              	.LASF10:
 2295 00b5 5F4C4F43 		.ascii	"_LOCK_RECURSIVE_T\000"
 2295      4B5F5245 
 2295      43555253 
 2295      4956455F 
 2295      5400
 2296              	.LASF56:
 2297 00c7 5F726561 		.ascii	"_read\000"
 2297      6400
 2298              	.LASF112:
 2299 00cd 5F6D6272 		.ascii	"_mbrlen_state\000"
 2299      6C656E5F 
 2299      73746174 
 2299      6500
 2300              	.LASF71:
 2301 00db 5F737464 		.ascii	"_stdout\000"
 2301      6F757400 
 2302              	.LASF15:
 2303 00e3 5F66706F 		.ascii	"_fpos_t\000"
 2303      735F7400 
 2304              	.LASF47:
 2305 00eb 5F666E73 		.ascii	"_fns\000"
 2305      00
 2306              	.LASF55:
 2307 00f0 5F636F6F 		.ascii	"_cookie\000"
 2307      6B696500 
 2308              	.LASF29:
 2309 00f8 5F426967 		.ascii	"_Bigint\000"
 2309      696E7400 
 2310              	.LASF37:
 2311 0100 5F5F746D 		.ascii	"__tm_wday\000"
 2311      5F776461 
 2311      7900
 2312              	.LASF79:
 2313 010a 5F726573 		.ascii	"_result\000"
 2313      756C7400 
 2314              	.LASF123:
 2315 0112 696E6F5F 		.ascii	"ino_t\000"
 2315      7400
 2316              	.LASF33:
 2317 0118 5F5F746D 		.ascii	"__tm_hour\000"
 2317      5F686F75 
 2317      7200
 2318              	.LASF150:
 2319 0122 5F726561 		.ascii	"_read_r\000"
 2319      645F7200 
 2320              	.LASF20:
 2321 012a 5F5F636F 		.ascii	"__count\000"
 2321      756E7400 
 2322              	.LASF32:
 2323 0132 5F5F746D 		.ascii	"__tm_min\000"
 2323      5F6D696E 
 2323      00
 2324              	.LASF118:
 2325 013b 5F6E6578 		.ascii	"_nextf\000"
 2325      746600
ARM GAS  /tmp/ccWam7Sf.s 			page 43


 2326              	.LASF95:
 2327 0142 5F72616E 		.ascii	"_rand48\000"
 2327      64343800 
 2328              	.LASF80:
 2329 014a 5F726573 		.ascii	"_result_k\000"
 2329      756C745F 
 2329      6B00
 2330              	.LASF8:
 2331 0154 6C6F6E67 		.ascii	"long long unsigned int\000"
 2331      206C6F6E 
 2331      6720756E 
 2331      7369676E 
 2331      65642069 
 2332              	.LASF146:
 2333 016b 73745F62 		.ascii	"st_blocks\000"
 2333      6C6F636B 
 2333      7300
 2334              	.LASF101:
 2335 0175 5F617363 		.ascii	"_asctime_buf\000"
 2335      74696D65 
 2335      5F627566 
 2335      00
 2336              	.LASF51:
 2337 0182 5F5F7346 		.ascii	"__sFILE\000"
 2337      494C4500 
 2338              	.LASF28:
 2339 018a 5F776473 		.ascii	"_wds\000"
 2339      00
 2340              	.LASF154:
 2341 018f 5F736272 		.ascii	"_sbrk_r\000"
 2341      6B5F7200 
 2342              	.LASF141:
 2343 0197 73745F6D 		.ascii	"st_mtime\000"
 2343      74696D65 
 2343      00
 2344              	.LASF91:
 2345 01a0 5F5F4649 		.ascii	"__FILE\000"
 2345      4C4500
 2346              	.LASF63:
 2347 01a7 5F6F6666 		.ascii	"_offset\000"
 2347      73657400 
 2348              	.LASF130:
 2349 01af 73746174 		.ascii	"stat\000"
 2349      00
 2350              	.LASF74:
 2351 01b4 5F656D65 		.ascii	"_emergency\000"
 2351      7267656E 
 2351      637900
 2352              	.LASF131:
 2353 01bf 73745F64 		.ascii	"st_dev\000"
 2353      657600
 2354              	.LASF9:
 2355 01c6 73697A65 		.ascii	"size_t\000"
 2355      5F7400
 2356              	.LASF31:
 2357 01cd 5F5F746D 		.ascii	"__tm_sec\000"
 2357      5F736563 
ARM GAS  /tmp/ccWam7Sf.s 			page 44


 2357      00
 2358              	.LASF38:
 2359 01d6 5F5F746D 		.ascii	"__tm_yday\000"
 2359      5F796461 
 2359      7900
 2360              	.LASF73:
 2361 01e0 5F696E63 		.ascii	"_inc\000"
 2361      00
 2362              	.LASF46:
 2363 01e5 5F696E64 		.ascii	"_ind\000"
 2363      00
 2364              	.LASF136:
 2365 01ea 73745F67 		.ascii	"st_gid\000"
 2365      696400
 2366              	.LASF25:
 2367 01f1 5F6E6578 		.ascii	"_next\000"
 2367      7400
 2368              	.LASF133:
 2369 01f7 73745F6D 		.ascii	"st_mode\000"
 2369      6F646500 
 2370              	.LASF114:
 2371 01ff 5F6D6273 		.ascii	"_mbsrtowcs_state\000"
 2371      72746F77 
 2371      63735F73 
 2371      74617465 
 2371      00
 2372              	.LASF134:
 2373 0210 73745F6E 		.ascii	"st_nlink\000"
 2373      6C696E6B 
 2373      00
 2374              	.LASF156:
 2375 0219 5F667374 		.ascii	"_fstat_r\000"
 2375      61745F72 
 2375      00
 2376              	.LASF155:
 2377 0222 696E6372 		.ascii	"incr\000"
 2377      00
 2378              	.LASF21:
 2379 0227 5F5F7661 		.ascii	"__value\000"
 2379      6C756500 
 2380              	.LASF81:
 2381 022f 5F703573 		.ascii	"_p5s\000"
 2381      00
 2382              	.LASF116:
 2383 0234 5F776373 		.ascii	"_wcsrtombs_state\000"
 2383      72746F6D 
 2383      62735F73 
 2383      74617465 
 2383      00
 2384              	.LASF106:
 2385 0245 5F6D626C 		.ascii	"_mblen_state\000"
 2385      656E5F73 
 2385      74617465 
 2385      00
 2386              	.LASF90:
 2387 0252 63686172 		.ascii	"char\000"
 2387      00
ARM GAS  /tmp/ccWam7Sf.s 			page 45


 2388              	.LASF34:
 2389 0257 5F5F746D 		.ascii	"__tm_mday\000"
 2389      5F6D6461 
 2389      7900
 2390              	.LASF87:
 2391 0261 5F736967 		.ascii	"_sig_func\000"
 2391      5F66756E 
 2391      6300
 2392              	.LASF113:
 2393 026b 5F6D6272 		.ascii	"_mbrtowc_state\000"
 2393      746F7763 
 2393      5F737461 
 2393      746500
 2394              	.LASF86:
 2395 027a 5F617465 		.ascii	"_atexit0\000"
 2395      78697430 
 2395      00
 2396              	.LASF135:
 2397 0283 73745F75 		.ascii	"st_uid\000"
 2397      696400
 2398              	.LASF23:
 2399 028a 5F666C6F 		.ascii	"_flock_t\000"
 2399      636B5F74 
 2399      00
 2400              	.LASF139:
 2401 0293 73745F61 		.ascii	"st_atime\000"
 2401      74696D65 
 2401      00
 2402              	.LASF149:
 2403 029c 66696C65 		.ascii	"file\000"
 2403      00
 2404              	.LASF17:
 2405 02a1 5F5F7763 		.ascii	"__wch\000"
 2405      6800
 2406              	.LASF94:
 2407 02a7 5F696F62 		.ascii	"_iobs\000"
 2407      7300
 2408              	.LASF121:
 2409 02ad 74696D65 		.ascii	"time_t\000"
 2409      5F7400
 2410              	.LASF59:
 2411 02b4 5F636C6F 		.ascii	"_close\000"
 2411      736500
 2412              	.LASF77:
 2413 02bb 5F5F7364 		.ascii	"__sdidinit\000"
 2413      6964696E 
 2413      697400
 2414              	.LASF132:
 2415 02c6 73745F69 		.ascii	"st_ino\000"
 2415      6E6F00
 2416              	.LASF70:
 2417 02cd 5F737464 		.ascii	"_stdin\000"
 2417      696E00
 2418              	.LASF103:
 2419 02d4 5F67616D 		.ascii	"_gamma_signgam\000"
 2419      6D615F73 
 2419      69676E67 
ARM GAS  /tmp/ccWam7Sf.s 			page 46


 2419      616D00
 2420              	.LASF7:
 2421 02e3 6C6F6E67 		.ascii	"long long int\000"
 2421      206C6F6E 
 2421      6720696E 
 2421      7400
 2422              	.LASF49:
 2423 02f1 5F626173 		.ascii	"_base\000"
 2423      6500
 2424              	.LASF82:
 2425 02f7 5F667265 		.ascii	"_freelist\000"
 2425      656C6973 
 2425      7400
 2426              	.LASF12:
 2427 0301 5F5F6465 		.ascii	"__dev_t\000"
 2427      765F7400 
 2428              	.LASF97:
 2429 0309 5F6D756C 		.ascii	"_mult\000"
 2429      7400
 2430              	.LASF24:
 2431 030f 5F5F554C 		.ascii	"__ULong\000"
 2431      6F6E6700 
 2432              	.LASF115:
 2433 0317 5F776372 		.ascii	"_wcrtomb_state\000"
 2433      746F6D62 
 2433      5F737461 
 2433      746500
 2434              	.LASF126:
 2435 0326 7569645F 		.ascii	"uid_t\000"
 2435      7400
 2436              	.LASF125:
 2437 032c 6465765F 		.ascii	"dev_t\000"
 2437      7400
 2438              	.LASF53:
 2439 0332 5F66696C 		.ascii	"_file\000"
 2439      6500
 2440              	.LASF78:
 2441 0338 5F5F636C 		.ascii	"__cleanup\000"
 2441      65616E75 
 2441      7000
 2442              	.LASF22:
 2443 0342 5F6D6273 		.ascii	"_mbstate_t\000"
 2443      74617465 
 2443      5F7400
 2444              	.LASF39:
 2445 034d 5F5F746D 		.ascii	"__tm_isdst\000"
 2445      5F697364 
 2445      737400
 2446              	.LASF117:
 2447 0358 5F685F65 		.ascii	"_h_errno\000"
 2447      72726E6F 
 2447      00
 2448              	.LASF140:
 2449 0361 73745F73 		.ascii	"st_spare1\000"
 2449      70617265 
 2449      3100
 2450              	.LASF142:
ARM GAS  /tmp/ccWam7Sf.s 			page 47


 2451 036b 73745F73 		.ascii	"st_spare2\000"
 2451      70617265 
 2451      3200
 2452              	.LASF144:
 2453 0375 73745F73 		.ascii	"st_spare3\000"
 2453      70617265 
 2453      3300
 2454              	.LASF147:
 2455 037f 73745F73 		.ascii	"st_spare4\000"
 2455      70617265 
 2455      3400
 2456              	.LASF153:
 2457 0389 5F636C6F 		.ascii	"_close_r\000"
 2457      73655F72 
 2457      00
 2458              	.LASF148:
 2459 0392 5F426F6F 		.ascii	"_Bool\000"
 2459      6C00
 2460              	.LASF35:
 2461 0398 5F5F746D 		.ascii	"__tm_mon\000"
 2461      5F6D6F6E 
 2461      00
 2462              	.LASF151:
 2463 03a1 5F6C7365 		.ascii	"_lseek_r\000"
 2463      656B5F72 
 2463      00
 2464              	.LASF14:
 2465 03aa 5F5F6769 		.ascii	"__gid_t\000"
 2465      645F7400 
 2466              	.LASF57:
 2467 03b2 5F777269 		.ascii	"_write\000"
 2467      746500
 2468              	.LASF127:
 2469 03b9 6769645F 		.ascii	"gid_t\000"
 2469      7400
 2470              	.LASF18:
 2471 03bf 5F5F7763 		.ascii	"__wchb\000"
 2471      686200
 2472              	.LASF158:
 2473 03c6 2E2E2F2E 		.ascii	"../..//os/various/syscalls.c\000"
 2473      2E2F2F6F 
 2473      732F7661 
 2473      72696F75 
 2473      732F7379 
 2474              	.LASF45:
 2475 03e3 5F617465 		.ascii	"_atexit\000"
 2475      78697400 
 2476              	.LASF66:
 2477 03eb 5F6D6273 		.ascii	"_mbstate\000"
 2477      74617465 
 2477      00
 2478              	.LASF3:
 2479 03f4 73686F72 		.ascii	"short int\000"
 2479      7420696E 
 2479      7400
 2480              	.LASF5:
 2481 03fe 6C6F6E67 		.ascii	"long int\000"
ARM GAS  /tmp/ccWam7Sf.s 			page 48


 2481      20696E74 
 2481      00
 2482              	.LASF89:
 2483 0407 5F5F7366 		.ascii	"__sf\000"
 2483      00
 2484              	.LASF27:
 2485 040c 5F736967 		.ascii	"_sign\000"
 2485      6E00
 2486              	.LASF76:
 2487 0412 5F637572 		.ascii	"_current_locale\000"
 2487      72656E74 
 2487      5F6C6F63 
 2487      616C6500 
 2488              	.LASF64:
 2489 0422 5F646174 		.ascii	"_data\000"
 2489      6100
 2490              	.LASF157:
 2491 0428 474E5520 		.ascii	"GNU C 4.8.2 -mcpu=cortex-m4 -mno-thumb-interwork -m"
 2491      4320342E 
 2491      382E3220 
 2491      2D6D6370 
 2491      753D636F 
 2492 045b 7468756D 		.ascii	"thumb -ggdb -O0 -fomit-frame-pointer -falign-functi"
 2492      62202D67 
 2492      67646220 
 2492      2D4F3020 
 2492      2D666F6D 
 2493 048e 6F6E733D 		.ascii	"ons=16 -ffunction-sections -fdata-sections -fno-com"
 2493      3136202D 
 2493      6666756E 
 2493      6374696F 
 2493      6E2D7365 
 2494 04c1 6D6F6E00 		.ascii	"mon\000"
 2495              	.LASF36:
 2496 04c5 5F5F746D 		.ascii	"__tm_year\000"
 2496      5F796561 
 2496      7200
 2497              	.LASF102:
 2498 04cf 5F6C6F63 		.ascii	"_localtime_buf\000"
 2498      616C7469 
 2498      6D655F62 
 2498      756600
 2499              	.LASF13:
 2500 04de 5F5F7569 		.ascii	"__uid_t\000"
 2500      645F7400 
 2501              	.LASF143:
 2502 04e6 73745F63 		.ascii	"st_ctime\000"
 2502      74696D65 
 2502      00
 2503              	.LASF85:
 2504 04ef 5F6E6577 		.ascii	"_new\000"
 2504      00
 2505              	.LASF83:
 2506 04f4 5F637674 		.ascii	"_cvtlen\000"
 2506      6C656E00 
 2507              	.LASF26:
 2508 04fc 5F6D6178 		.ascii	"_maxwds\000"
ARM GAS  /tmp/ccWam7Sf.s 			page 49


 2508      77647300 
 2509              	.LASF109:
 2510 0504 5F6C3634 		.ascii	"_l64a_buf\000"
 2510      615F6275 
 2510      6600
 2511              	.LASF75:
 2512 050e 5F637572 		.ascii	"_current_category\000"
 2512      72656E74 
 2512      5F636174 
 2512      65676F72 
 2512      7900
 2513              	.LASF122:
 2514 0520 63616464 		.ascii	"caddr_t\000"
 2514      725F7400 
 2515              	.LASF62:
 2516 0528 5F626C6B 		.ascii	"_blksize\000"
 2516      73697A65 
 2516      00
 2517              	.LASF30:
 2518 0531 5F5F746D 		.ascii	"__tm\000"
 2518      00
 2519              	.LASF65:
 2520 0536 5F6C6F63 		.ascii	"_lock\000"
 2520      6B00
 2521              	.LASF19:
 2522 053c 73697A65 		.ascii	"sizetype\000"
 2522      74797065 
 2522      00
 2523              	.LASF6:
 2524 0545 6C6F6E67 		.ascii	"long unsigned int\000"
 2524      20756E73 
 2524      69676E65 
 2524      6420696E 
 2524      7400
 2525              	.LASF93:
 2526 0557 5F6E696F 		.ascii	"_niobs\000"
 2526      627300
 2527              	.LASF16:
 2528 055e 77696E74 		.ascii	"wint_t\000"
 2528      5F7400
 2529              	.LASF42:
 2530 0565 5F64736F 		.ascii	"_dso_handle\000"
 2530      5F68616E 
 2530      646C6500 
 2531              	.LASF129:
 2532 0571 6E6C696E 		.ascii	"nlink_t\000"
 2532      6B5F7400 
 2533              	.LASF84:
 2534 0579 5F637674 		.ascii	"_cvtbuf\000"
 2534      62756600 
 2535              	.LASF2:
 2536 0581 756E7369 		.ascii	"unsigned char\000"
 2536      676E6564 
 2536      20636861 
 2536      7200
 2537              	.LASF111:
 2538 058f 5F676574 		.ascii	"_getdate_err\000"
ARM GAS  /tmp/ccWam7Sf.s 			page 50


 2538      64617465 
 2538      5F657272 
 2538      00
 2539              	.LASF98:
 2540 059c 5F616464 		.ascii	"_add\000"
 2540      00
 2541              	.LASF120:
 2542 05a1 5F756E75 		.ascii	"_unused\000"
 2542      73656400 
 2543              	.LASF48:
 2544 05a9 5F5F7362 		.ascii	"__sbuf\000"
 2544      756600
 2545              	.LASF138:
 2546 05b0 73745F73 		.ascii	"st_size\000"
 2546      697A6500 
 2547              	.LASF92:
 2548 05b8 5F676C75 		.ascii	"_glue\000"
 2548      6500
 2549              	.LASF88:
 2550 05be 5F5F7367 		.ascii	"__sglue\000"
 2550      6C756500 
 2551              	.LASF100:
 2552 05c6 5F737472 		.ascii	"_strtok_last\000"
 2552      746F6B5F 
 2552      6C617374 
 2552      00
 2553              	.LASF107:
 2554 05d3 5F6D6274 		.ascii	"_mbtowc_state\000"
 2554      6F77635F 
 2554      73746174 
 2554      6500
 2555              	.LASF41:
 2556 05e1 5F666E61 		.ascii	"_fnargs\000"
 2556      72677300 
 2557              	.LASF1:
 2558 05e9 7369676E 		.ascii	"signed char\000"
 2558      65642063 
 2558      68617200 
 2559              	.LASF128:
 2560 05f5 6D6F6465 		.ascii	"mode_t\000"
 2560      5F7400
 2561              	.LASF68:
 2562 05fc 5F726565 		.ascii	"_reent\000"
 2562      6E7400
 2563              	.LASF124:
 2564 0603 6F66665F 		.ascii	"off_t\000"
 2564      7400
 2565              	.LASF4:
 2566 0609 73686F72 		.ascii	"short unsigned int\000"
 2566      7420756E 
 2566      7369676E 
 2566      65642069 
 2566      6E7400
 2567              	.LASF43:
 2568 061c 5F666E74 		.ascii	"_fntypes\000"
 2568      79706573 
 2568      00
ARM GAS  /tmp/ccWam7Sf.s 			page 51


 2569              	.LASF50:
 2570 0625 5F73697A 		.ascii	"_size\000"
 2570      6500
 2571              	.LASF11:
 2572 062b 5F6F6666 		.ascii	"_off_t\000"
 2572      5F7400
 2573              	.LASF61:
 2574 0632 5F6E6275 		.ascii	"_nbuf\000"
 2574      6600
 2575              	.LASF99:
 2576 0638 5F756E75 		.ascii	"_unused_rand\000"
 2576      7365645F 
 2576      72616E64 
 2576      00
 2577              	.LASF137:
 2578 0645 73745F72 		.ascii	"st_rdev\000"
 2578      64657600 
 2579              	.LASF67:
 2580 064d 5F666C61 		.ascii	"_flags2\000"
 2580      67733200 
 2581              	.LASF44:
 2582 0655 5F69735F 		.ascii	"_is_cxa\000"
 2582      63786100 
 2583              	.LASF96:
 2584 065d 5F736565 		.ascii	"_seed\000"
 2584      6400
 2585              	.LASF104:
 2586 0663 5F72616E 		.ascii	"_rand_next\000"
 2586      645F6E65 
 2586      787400
 2587              	.LASF58:
 2588 066e 5F736565 		.ascii	"_seek\000"
 2588      6B00
 2589              	.LASF72:
 2590 0674 5F737464 		.ascii	"_stderr\000"
 2590      65727200 
 2591              	.LASF119:
 2592 067c 5F6E6D61 		.ascii	"_nmalloc\000"
 2592      6C6C6F63 
 2592      00
 2593              	.LASF60:
 2594 0685 5F756275 		.ascii	"_ubuf\000"
 2594      6600
 2595              		.ident	"GCC: (Arch Repository) 4.8.2"
ARM GAS  /tmp/ccWam7Sf.s 			page 52


DEFINED SYMBOLS
                            *ABS*:0000000000000000 syscalls.c
     /tmp/ccWam7Sf.s:19     .text._read_r:0000000000000000 $t
     /tmp/ccWam7Sf.s:25     .text._read_r:0000000000000000 _read_r
     /tmp/ccWam7Sf.s:54     .text._lseek_r:0000000000000000 $t
     /tmp/ccWam7Sf.s:60     .text._lseek_r:0000000000000000 _lseek_r
     /tmp/ccWam7Sf.s:84     .text._write_r:0000000000000000 $t
     /tmp/ccWam7Sf.s:90     .text._write_r:0000000000000000 _write_r
     /tmp/ccWam7Sf.s:114    .text._close_r:0000000000000000 $t
     /tmp/ccWam7Sf.s:120    .text._close_r:0000000000000000 _close_r
     /tmp/ccWam7Sf.s:142    .rodata:0000000000000000 $d
     /tmp/ccWam7Sf.s:143    .rodata:0000000000000000 .LC0
     /tmp/ccWam7Sf.s:146    .text._sbrk_r:0000000000000000 $t
     /tmp/ccWam7Sf.s:152    .text._sbrk_r:0000000000000000 _sbrk_r
     /tmp/ccWam7Sf.s:203    .text._fstat_r:0000000000000000 $t
     /tmp/ccWam7Sf.s:209    .text._fstat_r:0000000000000000 _fstat_r
     /tmp/ccWam7Sf.s:243    .text._isatty_r:0000000000000000 $t
     /tmp/ccWam7Sf.s:249    .text._isatty_r:0000000000000000 _isatty_r
                     .debug_frame:0000000000000010 $d

UNDEFINED SYMBOLS
chDbgPanic
chCoreAlloc
memset
