ARM GAS  /tmp/ccu1Bgbh.s 			page 1


   1              		.syntax unified
   2              		.cpu cortex-m4
   3              		.fpu softvfp
   4              		.eabi_attribute 20, 1
   5              		.eabi_attribute 21, 1
   6              		.eabi_attribute 23, 3
   7              		.eabi_attribute 24, 1
   8              		.eabi_attribute 25, 1
   9              		.eabi_attribute 26, 1
  10              		.eabi_attribute 30, 6
  11              		.eabi_attribute 34, 1
  12              		.eabi_attribute 18, 4
  13              		.thumb
  14              		.file	"vectors.c"
  15              		.text
  16              	.Ltext0:
  17              		.cfi_sections	.debug_frame
  18              		.global	_vectors
  19              		.section	vectors,"aw",%progbits
  20              		.align	2
  21              		.type	_vectors, %object
  22              		.size	_vectors, 392
  23              	_vectors:
  24 0000 00000000 		.word	__main_stack_end__
  25 0004 00000000 		.word	ResetHandler
  26 0008 00000000 		.word	NMIVector
  27 000c 00000000 		.word	HardFaultVector
  28 0010 00000000 		.word	MemManageVector
  29 0014 00000000 		.word	BusFaultVector
  30 0018 00000000 		.word	UsageFaultVector
  31 001c 00000000 		.word	Vector1C
  32 0020 00000000 		.word	Vector20
  33 0024 00000000 		.word	Vector24
  34 0028 00000000 		.word	Vector28
  35 002c 00000000 		.word	SVCallVector
  36 0030 00000000 		.word	DebugMonitorVector
  37 0034 00000000 		.word	Vector34
  38 0038 00000000 		.word	PendSVVector
  39 003c 00000000 		.word	SysTickVector
  40 0040 00000000 		.word	Vector40
  41 0044 00000000 		.word	Vector44
  42 0048 00000000 		.word	Vector48
  43 004c 00000000 		.word	Vector4C
  44 0050 00000000 		.word	Vector50
  45 0054 00000000 		.word	Vector54
  46 0058 00000000 		.word	Vector58
  47 005c 00000000 		.word	Vector5C
  48 0060 00000000 		.word	Vector60
  49 0064 00000000 		.word	Vector64
  50 0068 00000000 		.word	Vector68
  51 006c 00000000 		.word	Vector6C
  52 0070 00000000 		.word	Vector70
  53 0074 00000000 		.word	Vector74
  54 0078 00000000 		.word	Vector78
  55 007c 00000000 		.word	Vector7C
  56 0080 00000000 		.word	Vector80
  57 0084 00000000 		.word	Vector84
ARM GAS  /tmp/ccu1Bgbh.s 			page 2


  58 0088 00000000 		.word	Vector88
  59 008c 00000000 		.word	Vector8C
  60 0090 00000000 		.word	Vector90
  61 0094 00000000 		.word	Vector94
  62 0098 00000000 		.word	Vector98
  63 009c 00000000 		.word	Vector9C
  64 00a0 00000000 		.word	VectorA0
  65 00a4 00000000 		.word	VectorA4
  66 00a8 00000000 		.word	VectorA8
  67 00ac 00000000 		.word	VectorAC
  68 00b0 00000000 		.word	VectorB0
  69 00b4 00000000 		.word	VectorB4
  70 00b8 00000000 		.word	VectorB8
  71 00bc 00000000 		.word	VectorBC
  72 00c0 00000000 		.word	VectorC0
  73 00c4 00000000 		.word	VectorC4
  74 00c8 00000000 		.word	VectorC8
  75 00cc 00000000 		.word	VectorCC
  76 00d0 00000000 		.word	VectorD0
  77 00d4 00000000 		.word	VectorD4
  78 00d8 00000000 		.word	VectorD8
  79 00dc 00000000 		.word	VectorDC
  80 00e0 00000000 		.word	VectorE0
  81 00e4 00000000 		.word	VectorE4
  82 00e8 00000000 		.word	VectorE8
  83 00ec 00000000 		.word	VectorEC
  84 00f0 00000000 		.word	VectorF0
  85 00f4 00000000 		.word	VectorF4
  86 00f8 00000000 		.word	VectorF8
  87 00fc 00000000 		.word	VectorFC
  88 0100 00000000 		.word	Vector100
  89 0104 00000000 		.word	Vector104
  90 0108 00000000 		.word	Vector108
  91 010c 00000000 		.word	Vector10C
  92 0110 00000000 		.word	Vector110
  93 0114 00000000 		.word	Vector114
  94 0118 00000000 		.word	Vector118
  95 011c 00000000 		.word	Vector11C
  96 0120 00000000 		.word	Vector120
  97 0124 00000000 		.word	Vector124
  98 0128 00000000 		.word	Vector128
  99 012c 00000000 		.word	Vector12C
 100 0130 00000000 		.word	Vector130
 101 0134 00000000 		.word	Vector134
 102 0138 00000000 		.word	Vector138
 103 013c 00000000 		.word	Vector13C
 104 0140 00000000 		.word	Vector140
 105 0144 00000000 		.word	Vector144
 106 0148 00000000 		.word	Vector148
 107 014c 00000000 		.word	Vector14C
 108 0150 00000000 		.word	Vector150
 109 0154 00000000 		.word	Vector154
 110 0158 00000000 		.word	Vector158
 111 015c 00000000 		.word	Vector15C
 112 0160 00000000 		.word	Vector160
 113 0164 00000000 		.word	Vector164
 114 0168 00000000 		.word	Vector168
ARM GAS  /tmp/ccu1Bgbh.s 			page 3


 115 016c 00000000 		.word	Vector16C
 116 0170 00000000 		.word	Vector170
 117 0174 00000000 		.word	Vector174
 118 0178 00000000 		.word	Vector178
 119 017c 00000000 		.word	Vector17C
 120 0180 00000000 		.word	Vector180
 121 0184 00000000 		.word	Vector184
 122              		.section	.text._unhandled_exception,"ax",%progbits
 123              		.align	2
 124              		.p2align 4,,15
 125              		.global	_unhandled_exception
 126              		.thumb
 127              		.thumb_func
 128              		.type	_unhandled_exception, %function
 129              	_unhandled_exception:
 130              	.LFB7:
 131              		.file 1 "../..//os/ports/GCC/ARMCMx/STM32F4xx/vectors.c"
 132              		.loc 1 215 0
 133              		.cfi_startproc
 134              		@ Naked Function: prologue and epilogue provided by programmer.
 135              		@ args = 0, pretend = 0, frame = 0
 136              		@ frame_needed = 0, uses_anonymous_args = 0
 137              	.L2:
 138              		.loc 1 218 0 discriminator 1
 139 0000 FEE7     		b	.L2
 140              		.cfi_endproc
 141              	.LFE7:
 142              		.size	_unhandled_exception, .-_unhandled_exception
 143              		.weak	NMIVector
 144              		.thumb_set NMIVector,_unhandled_exception
 145              		.weak	HardFaultVector
 146              		.thumb_set HardFaultVector,_unhandled_exception
 147              		.weak	MemManageVector
 148              		.thumb_set MemManageVector,_unhandled_exception
 149              		.weak	BusFaultVector
 150              		.thumb_set BusFaultVector,_unhandled_exception
 151              		.weak	UsageFaultVector
 152              		.thumb_set UsageFaultVector,_unhandled_exception
 153              		.weak	Vector1C
 154              		.thumb_set Vector1C,_unhandled_exception
 155              		.weak	Vector20
 156              		.thumb_set Vector20,_unhandled_exception
 157              		.weak	Vector24
 158              		.thumb_set Vector24,_unhandled_exception
 159              		.weak	Vector28
 160              		.thumb_set Vector28,_unhandled_exception
 161              		.weak	SVCallVector
 162              		.thumb_set SVCallVector,_unhandled_exception
 163              		.weak	DebugMonitorVector
 164              		.thumb_set DebugMonitorVector,_unhandled_exception
 165              		.weak	Vector34
 166              		.thumb_set Vector34,_unhandled_exception
 167              		.weak	PendSVVector
 168              		.thumb_set PendSVVector,_unhandled_exception
 169              		.weak	SysTickVector
 170              		.thumb_set SysTickVector,_unhandled_exception
 171              		.weak	Vector40
ARM GAS  /tmp/ccu1Bgbh.s 			page 4


 172              		.thumb_set Vector40,_unhandled_exception
 173              		.weak	Vector44
 174              		.thumb_set Vector44,_unhandled_exception
 175              		.weak	Vector48
 176              		.thumb_set Vector48,_unhandled_exception
 177              		.weak	Vector4C
 178              		.thumb_set Vector4C,_unhandled_exception
 179              		.weak	Vector50
 180              		.thumb_set Vector50,_unhandled_exception
 181              		.weak	Vector54
 182              		.thumb_set Vector54,_unhandled_exception
 183              		.weak	Vector58
 184              		.thumb_set Vector58,_unhandled_exception
 185              		.weak	Vector5C
 186              		.thumb_set Vector5C,_unhandled_exception
 187              		.weak	Vector60
 188              		.thumb_set Vector60,_unhandled_exception
 189              		.weak	Vector64
 190              		.thumb_set Vector64,_unhandled_exception
 191              		.weak	Vector68
 192              		.thumb_set Vector68,_unhandled_exception
 193              		.weak	Vector6C
 194              		.thumb_set Vector6C,_unhandled_exception
 195              		.weak	Vector70
 196              		.thumb_set Vector70,_unhandled_exception
 197              		.weak	Vector74
 198              		.thumb_set Vector74,_unhandled_exception
 199              		.weak	Vector78
 200              		.thumb_set Vector78,_unhandled_exception
 201              		.weak	Vector7C
 202              		.thumb_set Vector7C,_unhandled_exception
 203              		.weak	Vector80
 204              		.thumb_set Vector80,_unhandled_exception
 205              		.weak	Vector84
 206              		.thumb_set Vector84,_unhandled_exception
 207              		.weak	Vector88
 208              		.thumb_set Vector88,_unhandled_exception
 209              		.weak	Vector8C
 210              		.thumb_set Vector8C,_unhandled_exception
 211              		.weak	Vector90
 212              		.thumb_set Vector90,_unhandled_exception
 213              		.weak	Vector94
 214              		.thumb_set Vector94,_unhandled_exception
 215              		.weak	Vector98
 216              		.thumb_set Vector98,_unhandled_exception
 217              		.weak	Vector9C
 218              		.thumb_set Vector9C,_unhandled_exception
 219              		.weak	VectorA0
 220              		.thumb_set VectorA0,_unhandled_exception
 221              		.weak	VectorA4
 222              		.thumb_set VectorA4,_unhandled_exception
 223              		.weak	VectorA8
 224              		.thumb_set VectorA8,_unhandled_exception
 225              		.weak	VectorAC
 226              		.thumb_set VectorAC,_unhandled_exception
 227              		.weak	VectorB0
 228              		.thumb_set VectorB0,_unhandled_exception
ARM GAS  /tmp/ccu1Bgbh.s 			page 5


 229              		.weak	VectorB4
 230              		.thumb_set VectorB4,_unhandled_exception
 231              		.weak	VectorB8
 232              		.thumb_set VectorB8,_unhandled_exception
 233              		.weak	VectorBC
 234              		.thumb_set VectorBC,_unhandled_exception
 235              		.weak	VectorC0
 236              		.thumb_set VectorC0,_unhandled_exception
 237              		.weak	VectorC4
 238              		.thumb_set VectorC4,_unhandled_exception
 239              		.weak	VectorC8
 240              		.thumb_set VectorC8,_unhandled_exception
 241              		.weak	VectorCC
 242              		.thumb_set VectorCC,_unhandled_exception
 243              		.weak	VectorD0
 244              		.thumb_set VectorD0,_unhandled_exception
 245              		.weak	VectorD4
 246              		.thumb_set VectorD4,_unhandled_exception
 247              		.weak	VectorD8
 248              		.thumb_set VectorD8,_unhandled_exception
 249              		.weak	VectorDC
 250              		.thumb_set VectorDC,_unhandled_exception
 251              		.weak	VectorE0
 252              		.thumb_set VectorE0,_unhandled_exception
 253              		.weak	VectorE4
 254              		.thumb_set VectorE4,_unhandled_exception
 255              		.weak	VectorE8
 256              		.thumb_set VectorE8,_unhandled_exception
 257              		.weak	VectorEC
 258              		.thumb_set VectorEC,_unhandled_exception
 259              		.weak	VectorF0
 260              		.thumb_set VectorF0,_unhandled_exception
 261              		.weak	VectorF4
 262              		.thumb_set VectorF4,_unhandled_exception
 263              		.weak	VectorF8
 264              		.thumb_set VectorF8,_unhandled_exception
 265              		.weak	VectorFC
 266              		.thumb_set VectorFC,_unhandled_exception
 267              		.weak	Vector100
 268              		.thumb_set Vector100,_unhandled_exception
 269              		.weak	Vector104
 270              		.thumb_set Vector104,_unhandled_exception
 271              		.weak	Vector108
 272              		.thumb_set Vector108,_unhandled_exception
 273              		.weak	Vector10C
 274              		.thumb_set Vector10C,_unhandled_exception
 275              		.weak	Vector110
 276              		.thumb_set Vector110,_unhandled_exception
 277              		.weak	Vector114
 278              		.thumb_set Vector114,_unhandled_exception
 279              		.weak	Vector118
 280              		.thumb_set Vector118,_unhandled_exception
 281              		.weak	Vector11C
 282              		.thumb_set Vector11C,_unhandled_exception
 283              		.weak	Vector120
 284              		.thumb_set Vector120,_unhandled_exception
 285              		.weak	Vector124
ARM GAS  /tmp/ccu1Bgbh.s 			page 6


 286              		.thumb_set Vector124,_unhandled_exception
 287              		.weak	Vector128
 288              		.thumb_set Vector128,_unhandled_exception
 289              		.weak	Vector12C
 290              		.thumb_set Vector12C,_unhandled_exception
 291              		.weak	Vector130
 292              		.thumb_set Vector130,_unhandled_exception
 293              		.weak	Vector134
 294              		.thumb_set Vector134,_unhandled_exception
 295              		.weak	Vector138
 296              		.thumb_set Vector138,_unhandled_exception
 297              		.weak	Vector13C
 298              		.thumb_set Vector13C,_unhandled_exception
 299              		.weak	Vector140
 300              		.thumb_set Vector140,_unhandled_exception
 301              		.weak	Vector144
 302              		.thumb_set Vector144,_unhandled_exception
 303              		.weak	Vector148
 304              		.thumb_set Vector148,_unhandled_exception
 305              		.weak	Vector14C
 306              		.thumb_set Vector14C,_unhandled_exception
 307              		.weak	Vector150
 308              		.thumb_set Vector150,_unhandled_exception
 309              		.weak	Vector154
 310              		.thumb_set Vector154,_unhandled_exception
 311              		.weak	Vector158
 312              		.thumb_set Vector158,_unhandled_exception
 313              		.weak	Vector15C
 314              		.thumb_set Vector15C,_unhandled_exception
 315              		.weak	Vector160
 316              		.thumb_set Vector160,_unhandled_exception
 317              		.weak	Vector164
 318              		.thumb_set Vector164,_unhandled_exception
 319              		.weak	Vector168
 320              		.thumb_set Vector168,_unhandled_exception
 321              		.weak	Vector16C
 322              		.thumb_set Vector16C,_unhandled_exception
 323              		.weak	Vector170
 324              		.thumb_set Vector170,_unhandled_exception
 325              		.weak	Vector174
 326              		.thumb_set Vector174,_unhandled_exception
 327              		.weak	Vector178
 328              		.thumb_set Vector178,_unhandled_exception
 329              		.weak	Vector17C
 330              		.thumb_set Vector17C,_unhandled_exception
 331              		.weak	Vector180
 332              		.thumb_set Vector180,_unhandled_exception
 333              		.weak	Vector184
 334              		.thumb_set Vector184,_unhandled_exception
 335 0002 00BFAFF3 		.text
 335      0080AFF3 
 335      0080AFF3 
 335      0080
 336              	.Letext0:
 337              		.file 2 "/usr/arm-none-eabi/include/machine/_default_types.h"
 338              		.file 3 "/usr/arm-none-eabi/include/stdint.h"
 339              		.section	.debug_info,"",%progbits
ARM GAS  /tmp/ccu1Bgbh.s 			page 7


 340              	.Ldebug_info0:
 341 0000 C9010000 		.4byte	0x1c9
 342 0004 0400     		.2byte	0x4
 343 0006 00000000 		.4byte	.Ldebug_abbrev0
 344 000a 04       		.byte	0x4
 345 000b 01       		.uleb128 0x1
 346 000c D3000000 		.4byte	.LASF35
 347 0010 01       		.byte	0x1
 348 0011 A4000000 		.4byte	.LASF36
 349 0015 47020000 		.4byte	.LASF37
 350 0019 00000000 		.4byte	.Ldebug_ranges0+0
 351 001d 00000000 		.4byte	0
 352 0021 00000000 		.4byte	.Ldebug_line0
 353 0025 02       		.uleb128 0x2
 354 0026 04       		.byte	0x4
 355 0027 05       		.byte	0x5
 356 0028 696E7400 		.ascii	"int\000"
 357 002c 03       		.uleb128 0x3
 358 002d 04       		.byte	0x4
 359 002e 07       		.byte	0x7
 360 002f 70010000 		.4byte	.LASF0
 361 0033 03       		.uleb128 0x3
 362 0034 01       		.byte	0x1
 363 0035 06       		.byte	0x6
 364 0036 9F020000 		.4byte	.LASF1
 365 003a 03       		.uleb128 0x3
 366 003b 01       		.byte	0x1
 367 003c 08       		.byte	0x8
 368 003d 41000000 		.4byte	.LASF2
 369 0041 03       		.uleb128 0x3
 370 0042 02       		.byte	0x2
 371 0043 05       		.byte	0x5
 372 0044 3D020000 		.4byte	.LASF3
 373 0048 03       		.uleb128 0x3
 374 0049 02       		.byte	0x2
 375 004a 07       		.byte	0x7
 376 004b 6E000000 		.4byte	.LASF4
 377 004f 03       		.uleb128 0x3
 378 0050 04       		.byte	0x4
 379 0051 05       		.byte	0x5
 380 0052 96020000 		.4byte	.LASF5
 381 0056 04       		.uleb128 0x4
 382 0057 99000000 		.4byte	.LASF9
 383 005b 02       		.byte	0x2
 384 005c 38       		.byte	0x38
 385 005d 61000000 		.4byte	0x61
 386 0061 03       		.uleb128 0x3
 387 0062 04       		.byte	0x4
 388 0063 07       		.byte	0x7
 389 0064 5C000000 		.4byte	.LASF6
 390 0068 03       		.uleb128 0x3
 391 0069 08       		.byte	0x8
 392 006a 05       		.byte	0x5
 393 006b FC010000 		.4byte	.LASF7
 394 006f 03       		.uleb128 0x3
 395 0070 08       		.byte	0x8
 396 0071 07       		.byte	0x7
ARM GAS  /tmp/ccu1Bgbh.s 			page 8


 397 0072 88010000 		.4byte	.LASF8
 398 0076 04       		.uleb128 0x4
 399 0077 8D020000 		.4byte	.LASF10
 400 007b 03       		.byte	0x3
 401 007c 42       		.byte	0x42
 402 007d 56000000 		.4byte	0x56
 403 0081 03       		.uleb128 0x3
 404 0082 01       		.byte	0x1
 405 0083 02       		.byte	0x2
 406 0084 C8020000 		.4byte	.LASF11
 407 0088 03       		.uleb128 0x3
 408 0089 04       		.byte	0x4
 409 008a 07       		.byte	0x7
 410 008b D4010000 		.4byte	.LASF12
 411 008f 03       		.uleb128 0x3
 412 0090 01       		.byte	0x1
 413 0091 08       		.byte	0x8
 414 0092 0A020000 		.4byte	.LASF13
 415 0096 04       		.uleb128 0x4
 416 0097 09000000 		.4byte	.LASF14
 417 009b 01       		.byte	0x1
 418 009c 2B       		.byte	0x2b
 419 009d A1000000 		.4byte	0xa1
 420 00a1 05       		.uleb128 0x5
 421 00a2 04       		.byte	0x4
 422 00a3 A7000000 		.4byte	0xa7
 423 00a7 06       		.uleb128 0x6
 424 00a8 07       		.uleb128 0x7
 425 00a9 8801     		.2byte	0x188
 426 00ab 01       		.byte	0x1
 427 00ac 30       		.byte	0x30
 428 00ad 7E010000 		.4byte	0x17e
 429 00b1 08       		.uleb128 0x8
 430 00b2 28000000 		.4byte	.LASF15
 431 00b6 01       		.byte	0x1
 432 00b7 31       		.byte	0x31
 433 00b8 7E010000 		.4byte	0x17e
 434 00bc 00       		.byte	0
 435 00bd 08       		.uleb128 0x8
 436 00be 4F000000 		.4byte	.LASF16
 437 00c2 01       		.byte	0x1
 438 00c3 32       		.byte	0x32
 439 00c4 96000000 		.4byte	0x96
 440 00c8 04       		.byte	0x4
 441 00c9 08       		.uleb128 0x8
 442 00ca 7D010000 		.4byte	.LASF17
 443 00ce 01       		.byte	0x1
 444 00cf 33       		.byte	0x33
 445 00d0 96000000 		.4byte	0x96
 446 00d4 08       		.byte	0x8
 447 00d5 08       		.uleb128 0x8
 448 00d6 EB010000 		.4byte	.LASF18
 449 00da 01       		.byte	0x1
 450 00db 34       		.byte	0x34
 451 00dc 96000000 		.4byte	0x96
 452 00e0 0C       		.byte	0xc
 453 00e1 08       		.uleb128 0x8
ARM GAS  /tmp/ccu1Bgbh.s 			page 9


 454 00e2 0F020000 		.4byte	.LASF19
 455 00e6 01       		.byte	0x1
 456 00e7 35       		.byte	0x35
 457 00e8 96000000 		.4byte	0x96
 458 00ec 10       		.byte	0x10
 459 00ed 08       		.uleb128 0x8
 460 00ee 9F010000 		.4byte	.LASF20
 461 00f2 01       		.byte	0x1
 462 00f3 36       		.byte	0x36
 463 00f4 96000000 		.4byte	0x96
 464 00f8 14       		.byte	0x14
 465 00f9 08       		.uleb128 0x8
 466 00fa B8010000 		.4byte	.LASF21
 467 00fe 01       		.byte	0x1
 468 00ff 37       		.byte	0x37
 469 0100 96000000 		.4byte	0x96
 470 0104 18       		.byte	0x18
 471 0105 08       		.uleb128 0x8
 472 0106 81000000 		.4byte	.LASF22
 473 010a 01       		.byte	0x1
 474 010b 38       		.byte	0x38
 475 010c 96000000 		.4byte	0x96
 476 0110 1C       		.byte	0x1c
 477 0111 08       		.uleb128 0x8
 478 0112 BF020000 		.4byte	.LASF23
 479 0116 01       		.byte	0x1
 480 0117 39       		.byte	0x39
 481 0118 96000000 		.4byte	0x96
 482 011c 20       		.byte	0x20
 483 011d 08       		.uleb128 0x8
 484 011e 00000000 		.4byte	.LASF24
 485 0122 01       		.byte	0x1
 486 0123 3A       		.byte	0x3a
 487 0124 96000000 		.4byte	0x96
 488 0128 24       		.byte	0x24
 489 0129 08       		.uleb128 0x8
 490 012a AF010000 		.4byte	.LASF25
 491 012e 01       		.byte	0x1
 492 012f 3B       		.byte	0x3b
 493 0130 96000000 		.4byte	0x96
 494 0134 28       		.byte	0x28
 495 0135 08       		.uleb128 0x8
 496 0136 33000000 		.4byte	.LASF26
 497 013a 01       		.byte	0x1
 498 013b 3C       		.byte	0x3c
 499 013c 96000000 		.4byte	0x96
 500 0140 2C       		.byte	0x2c
 501 0141 08       		.uleb128 0x8
 502 0142 AB020000 		.4byte	.LASF27
 503 0146 01       		.byte	0x1
 504 0147 3D       		.byte	0x3d
 505 0148 96000000 		.4byte	0x96
 506 014c 30       		.byte	0x30
 507 014d 08       		.uleb128 0x8
 508 014e 16000000 		.4byte	.LASF28
 509 0152 01       		.byte	0x1
 510 0153 3E       		.byte	0x3e
ARM GAS  /tmp/ccu1Bgbh.s 			page 10


 511 0154 96000000 		.4byte	0x96
 512 0158 34       		.byte	0x34
 513 0159 08       		.uleb128 0x8
 514 015a DD010000 		.4byte	.LASF29
 515 015e 01       		.byte	0x1
 516 015f 3F       		.byte	0x3f
 517 0160 96000000 		.4byte	0x96
 518 0164 38       		.byte	0x38
 519 0165 08       		.uleb128 0x8
 520 0166 8A000000 		.4byte	.LASF30
 521 016a 01       		.byte	0x1
 522 016b 40       		.byte	0x40
 523 016c 96000000 		.4byte	0x96
 524 0170 3C       		.byte	0x3c
 525 0171 08       		.uleb128 0x8
 526 0172 35020000 		.4byte	.LASF31
 527 0176 01       		.byte	0x1
 528 0177 41       		.byte	0x41
 529 0178 84010000 		.4byte	0x184
 530 017c 40       		.byte	0x40
 531 017d 00       		.byte	0
 532 017e 05       		.uleb128 0x5
 533 017f 04       		.byte	0x4
 534 0180 76000000 		.4byte	0x76
 535 0184 09       		.uleb128 0x9
 536 0185 96000000 		.4byte	0x96
 537 0189 94010000 		.4byte	0x194
 538 018d 0A       		.uleb128 0xa
 539 018e 88000000 		.4byte	0x88
 540 0192 51       		.byte	0x51
 541 0193 00       		.byte	0
 542 0194 04       		.uleb128 0x4
 543 0195 CA010000 		.4byte	.LASF32
 544 0199 01       		.byte	0x1
 545 019a 42       		.byte	0x42
 546 019b A8000000 		.4byte	0xa8
 547 019f 0B       		.uleb128 0xb
 548 01a0 20020000 		.4byte	.LASF38
 549 01a4 01       		.byte	0x1
 550 01a5 D7       		.byte	0xd7
 551 01a6 00000000 		.4byte	.LFB7
 552 01aa 02000000 		.4byte	.LFE7-.LFB7
 553 01ae 01       		.uleb128 0x1
 554 01af 9C       		.byte	0x9c
 555 01b0 0C       		.uleb128 0xc
 556 01b1 CE020000 		.4byte	.LASF33
 557 01b5 01       		.byte	0x1
 558 01b6 45       		.byte	0x45
 559 01b7 76000000 		.4byte	0x76
 560 01bb 0D       		.uleb128 0xd
 561 01bc 1F000000 		.4byte	.LASF34
 562 01c0 01       		.byte	0x1
 563 01c1 AF       		.byte	0xaf
 564 01c2 94010000 		.4byte	0x194
 565 01c6 05       		.uleb128 0x5
 566 01c7 03       		.byte	0x3
 567 01c8 00000000 		.4byte	_vectors
ARM GAS  /tmp/ccu1Bgbh.s 			page 11


 568 01cc 00       		.byte	0
 569              		.section	.debug_abbrev,"",%progbits
 570              	.Ldebug_abbrev0:
 571 0000 01       		.uleb128 0x1
 572 0001 11       		.uleb128 0x11
 573 0002 01       		.byte	0x1
 574 0003 25       		.uleb128 0x25
 575 0004 0E       		.uleb128 0xe
 576 0005 13       		.uleb128 0x13
 577 0006 0B       		.uleb128 0xb
 578 0007 03       		.uleb128 0x3
 579 0008 0E       		.uleb128 0xe
 580 0009 1B       		.uleb128 0x1b
 581 000a 0E       		.uleb128 0xe
 582 000b 55       		.uleb128 0x55
 583 000c 17       		.uleb128 0x17
 584 000d 11       		.uleb128 0x11
 585 000e 01       		.uleb128 0x1
 586 000f 10       		.uleb128 0x10
 587 0010 17       		.uleb128 0x17
 588 0011 00       		.byte	0
 589 0012 00       		.byte	0
 590 0013 02       		.uleb128 0x2
 591 0014 24       		.uleb128 0x24
 592 0015 00       		.byte	0
 593 0016 0B       		.uleb128 0xb
 594 0017 0B       		.uleb128 0xb
 595 0018 3E       		.uleb128 0x3e
 596 0019 0B       		.uleb128 0xb
 597 001a 03       		.uleb128 0x3
 598 001b 08       		.uleb128 0x8
 599 001c 00       		.byte	0
 600 001d 00       		.byte	0
 601 001e 03       		.uleb128 0x3
 602 001f 24       		.uleb128 0x24
 603 0020 00       		.byte	0
 604 0021 0B       		.uleb128 0xb
 605 0022 0B       		.uleb128 0xb
 606 0023 3E       		.uleb128 0x3e
 607 0024 0B       		.uleb128 0xb
 608 0025 03       		.uleb128 0x3
 609 0026 0E       		.uleb128 0xe
 610 0027 00       		.byte	0
 611 0028 00       		.byte	0
 612 0029 04       		.uleb128 0x4
 613 002a 16       		.uleb128 0x16
 614 002b 00       		.byte	0
 615 002c 03       		.uleb128 0x3
 616 002d 0E       		.uleb128 0xe
 617 002e 3A       		.uleb128 0x3a
 618 002f 0B       		.uleb128 0xb
 619 0030 3B       		.uleb128 0x3b
 620 0031 0B       		.uleb128 0xb
 621 0032 49       		.uleb128 0x49
 622 0033 13       		.uleb128 0x13
 623 0034 00       		.byte	0
 624 0035 00       		.byte	0
ARM GAS  /tmp/ccu1Bgbh.s 			page 12


 625 0036 05       		.uleb128 0x5
 626 0037 0F       		.uleb128 0xf
 627 0038 00       		.byte	0
 628 0039 0B       		.uleb128 0xb
 629 003a 0B       		.uleb128 0xb
 630 003b 49       		.uleb128 0x49
 631 003c 13       		.uleb128 0x13
 632 003d 00       		.byte	0
 633 003e 00       		.byte	0
 634 003f 06       		.uleb128 0x6
 635 0040 15       		.uleb128 0x15
 636 0041 00       		.byte	0
 637 0042 27       		.uleb128 0x27
 638 0043 19       		.uleb128 0x19
 639 0044 00       		.byte	0
 640 0045 00       		.byte	0
 641 0046 07       		.uleb128 0x7
 642 0047 13       		.uleb128 0x13
 643 0048 01       		.byte	0x1
 644 0049 0B       		.uleb128 0xb
 645 004a 05       		.uleb128 0x5
 646 004b 3A       		.uleb128 0x3a
 647 004c 0B       		.uleb128 0xb
 648 004d 3B       		.uleb128 0x3b
 649 004e 0B       		.uleb128 0xb
 650 004f 01       		.uleb128 0x1
 651 0050 13       		.uleb128 0x13
 652 0051 00       		.byte	0
 653 0052 00       		.byte	0
 654 0053 08       		.uleb128 0x8
 655 0054 0D       		.uleb128 0xd
 656 0055 00       		.byte	0
 657 0056 03       		.uleb128 0x3
 658 0057 0E       		.uleb128 0xe
 659 0058 3A       		.uleb128 0x3a
 660 0059 0B       		.uleb128 0xb
 661 005a 3B       		.uleb128 0x3b
 662 005b 0B       		.uleb128 0xb
 663 005c 49       		.uleb128 0x49
 664 005d 13       		.uleb128 0x13
 665 005e 38       		.uleb128 0x38
 666 005f 0B       		.uleb128 0xb
 667 0060 00       		.byte	0
 668 0061 00       		.byte	0
 669 0062 09       		.uleb128 0x9
 670 0063 01       		.uleb128 0x1
 671 0064 01       		.byte	0x1
 672 0065 49       		.uleb128 0x49
 673 0066 13       		.uleb128 0x13
 674 0067 01       		.uleb128 0x1
 675 0068 13       		.uleb128 0x13
 676 0069 00       		.byte	0
 677 006a 00       		.byte	0
 678 006b 0A       		.uleb128 0xa
 679 006c 21       		.uleb128 0x21
 680 006d 00       		.byte	0
 681 006e 49       		.uleb128 0x49
ARM GAS  /tmp/ccu1Bgbh.s 			page 13


 682 006f 13       		.uleb128 0x13
 683 0070 2F       		.uleb128 0x2f
 684 0071 0B       		.uleb128 0xb
 685 0072 00       		.byte	0
 686 0073 00       		.byte	0
 687 0074 0B       		.uleb128 0xb
 688 0075 2E       		.uleb128 0x2e
 689 0076 00       		.byte	0
 690 0077 3F       		.uleb128 0x3f
 691 0078 19       		.uleb128 0x19
 692 0079 03       		.uleb128 0x3
 693 007a 0E       		.uleb128 0xe
 694 007b 3A       		.uleb128 0x3a
 695 007c 0B       		.uleb128 0xb
 696 007d 3B       		.uleb128 0x3b
 697 007e 0B       		.uleb128 0xb
 698 007f 27       		.uleb128 0x27
 699 0080 19       		.uleb128 0x19
 700 0081 11       		.uleb128 0x11
 701 0082 01       		.uleb128 0x1
 702 0083 12       		.uleb128 0x12
 703 0084 06       		.uleb128 0x6
 704 0085 40       		.uleb128 0x40
 705 0086 18       		.uleb128 0x18
 706 0087 9742     		.uleb128 0x2117
 707 0089 19       		.uleb128 0x19
 708 008a 00       		.byte	0
 709 008b 00       		.byte	0
 710 008c 0C       		.uleb128 0xc
 711 008d 34       		.uleb128 0x34
 712 008e 00       		.byte	0
 713 008f 03       		.uleb128 0x3
 714 0090 0E       		.uleb128 0xe
 715 0091 3A       		.uleb128 0x3a
 716 0092 0B       		.uleb128 0xb
 717 0093 3B       		.uleb128 0x3b
 718 0094 0B       		.uleb128 0xb
 719 0095 49       		.uleb128 0x49
 720 0096 13       		.uleb128 0x13
 721 0097 3F       		.uleb128 0x3f
 722 0098 19       		.uleb128 0x19
 723 0099 3C       		.uleb128 0x3c
 724 009a 19       		.uleb128 0x19
 725 009b 00       		.byte	0
 726 009c 00       		.byte	0
 727 009d 0D       		.uleb128 0xd
 728 009e 34       		.uleb128 0x34
 729 009f 00       		.byte	0
 730 00a0 03       		.uleb128 0x3
 731 00a1 0E       		.uleb128 0xe
 732 00a2 3A       		.uleb128 0x3a
 733 00a3 0B       		.uleb128 0xb
 734 00a4 3B       		.uleb128 0x3b
 735 00a5 0B       		.uleb128 0xb
 736 00a6 49       		.uleb128 0x49
 737 00a7 13       		.uleb128 0x13
 738 00a8 3F       		.uleb128 0x3f
ARM GAS  /tmp/ccu1Bgbh.s 			page 14


 739 00a9 19       		.uleb128 0x19
 740 00aa 02       		.uleb128 0x2
 741 00ab 18       		.uleb128 0x18
 742 00ac 00       		.byte	0
 743 00ad 00       		.byte	0
 744 00ae 00       		.byte	0
 745              		.section	.debug_aranges,"",%progbits
 746 0000 1C000000 		.4byte	0x1c
 747 0004 0200     		.2byte	0x2
 748 0006 00000000 		.4byte	.Ldebug_info0
 749 000a 04       		.byte	0x4
 750 000b 00       		.byte	0
 751 000c 0000     		.2byte	0
 752 000e 0000     		.2byte	0
 753 0010 00000000 		.4byte	.LFB7
 754 0014 02000000 		.4byte	.LFE7-.LFB7
 755 0018 00000000 		.4byte	0
 756 001c 00000000 		.4byte	0
 757              		.section	.debug_ranges,"",%progbits
 758              	.Ldebug_ranges0:
 759 0000 00000000 		.4byte	.LFB7
 760 0004 02000000 		.4byte	.LFE7
 761 0008 00000000 		.4byte	0
 762 000c 00000000 		.4byte	0
 763              		.section	.debug_line,"",%progbits
 764              	.Ldebug_line0:
 765 0000 BE000000 		.section	.debug_str,"MS",%progbits,1
 765      0200A300 
 765      00000201 
 765      FB0E0D00 
 765      01010101 
 766              	.LASF24:
 767 0000 76656374 		.ascii	"vector24\000"
 767      6F723234 
 767      00
 768              	.LASF14:
 769 0009 6972715F 		.ascii	"irq_vector_t\000"
 769      76656374 
 769      6F725F74 
 769      00
 770              	.LASF28:
 771 0016 76656374 		.ascii	"vector34\000"
 771      6F723334 
 771      00
 772              	.LASF34:
 773 001f 5F766563 		.ascii	"_vectors\000"
 773      746F7273 
 773      00
 774              	.LASF15:
 775 0028 696E6974 		.ascii	"init_stack\000"
 775      5F737461 
 775      636B00
 776              	.LASF26:
 777 0033 73766361 		.ascii	"svcall_vector\000"
 777      6C6C5F76 
 777      6563746F 
 777      7200
ARM GAS  /tmp/ccu1Bgbh.s 			page 15


 778              	.LASF2:
 779 0041 756E7369 		.ascii	"unsigned char\000"
 779      676E6564 
 779      20636861 
 779      7200
 780              	.LASF16:
 781 004f 72657365 		.ascii	"reset_vector\000"
 781      745F7665 
 781      63746F72 
 781      00
 782              	.LASF6:
 783 005c 6C6F6E67 		.ascii	"long unsigned int\000"
 783      20756E73 
 783      69676E65 
 783      6420696E 
 783      7400
 784              	.LASF4:
 785 006e 73686F72 		.ascii	"short unsigned int\000"
 785      7420756E 
 785      7369676E 
 785      65642069 
 785      6E7400
 786              	.LASF22:
 787 0081 76656374 		.ascii	"vector1c\000"
 787      6F723163 
 787      00
 788              	.LASF30:
 789 008a 73797374 		.ascii	"systick_vector\000"
 789      69636B5F 
 789      76656374 
 789      6F7200
 790              	.LASF9:
 791 0099 5F5F7569 		.ascii	"__uint32_t\000"
 791      6E743332 
 791      5F7400
 792              	.LASF36:
 793 00a4 2E2E2F2E 		.ascii	"../..//os/ports/GCC/ARMCMx/STM32F4xx/vectors.c\000"
 793      2E2F2F6F 
 793      732F706F 
 793      7274732F 
 793      4743432F 
 794              	.LASF35:
 795 00d3 474E5520 		.ascii	"GNU C 4.8.2 -mcpu=cortex-m4 -mno-thumb-interwork -m"
 795      4320342E 
 795      382E3220 
 795      2D6D6370 
 795      753D636F 
 796 0106 7468756D 		.ascii	"thumb -ggdb -O0 -fomit-frame-pointer -falign-functi"
 796      62202D67 
 796      67646220 
 796      2D4F3020 
 796      2D666F6D 
 797 0139 6F6E733D 		.ascii	"ons=16 -ffunction-sections -fdata-sections -fno-com"
 797      3136202D 
 797      6666756E 
 797      6374696F 
 797      6E2D7365 
ARM GAS  /tmp/ccu1Bgbh.s 			page 16


 798 016c 6D6F6E00 		.ascii	"mon\000"
 799              	.LASF0:
 800 0170 756E7369 		.ascii	"unsigned int\000"
 800      676E6564 
 800      20696E74 
 800      00
 801              	.LASF17:
 802 017d 6E6D695F 		.ascii	"nmi_vector\000"
 802      76656374 
 802      6F7200
 803              	.LASF8:
 804 0188 6C6F6E67 		.ascii	"long long unsigned int\000"
 804      206C6F6E 
 804      6720756E 
 804      7369676E 
 804      65642069 
 805              	.LASF20:
 806 019f 62757366 		.ascii	"busfault_vector\000"
 806      61756C74 
 806      5F766563 
 806      746F7200 
 807              	.LASF25:
 808 01af 76656374 		.ascii	"vector28\000"
 808      6F723238 
 808      00
 809              	.LASF21:
 810 01b8 75736167 		.ascii	"usagefault_vector\000"
 810      65666175 
 810      6C745F76 
 810      6563746F 
 810      7200
 811              	.LASF32:
 812 01ca 76656374 		.ascii	"vectors_t\000"
 812      6F72735F 
 812      7400
 813              	.LASF12:
 814 01d4 73697A65 		.ascii	"sizetype\000"
 814      74797065 
 814      00
 815              	.LASF29:
 816 01dd 70656E64 		.ascii	"pendsv_vector\000"
 816      73765F76 
 816      6563746F 
 816      7200
 817              	.LASF18:
 818 01eb 68617264 		.ascii	"hardfault_vector\000"
 818      6661756C 
 818      745F7665 
 818      63746F72 
 818      00
 819              	.LASF7:
 820 01fc 6C6F6E67 		.ascii	"long long int\000"
 820      206C6F6E 
 820      6720696E 
 820      7400
 821              	.LASF13:
 822 020a 63686172 		.ascii	"char\000"
ARM GAS  /tmp/ccu1Bgbh.s 			page 17


 822      00
 823              	.LASF19:
 824 020f 6D656D6D 		.ascii	"memmanage_vector\000"
 824      616E6167 
 824      655F7665 
 824      63746F72 
 824      00
 825              	.LASF38:
 826 0220 5F756E68 		.ascii	"_unhandled_exception\000"
 826      616E646C 
 826      65645F65 
 826      78636570 
 826      74696F6E 
 827              	.LASF31:
 828 0235 76656374 		.ascii	"vectors\000"
 828      6F727300 
 829              	.LASF3:
 830 023d 73686F72 		.ascii	"short int\000"
 830      7420696E 
 830      7400
 831              	.LASF37:
 832 0247 2F686F6D 		.ascii	"/home/ece497/vbox-shared/mplayer/ChibiOS-RT-stable_"
 832      652F6563 
 832      65343937 
 832      2F76626F 
 832      782D7368 
 833 027a 322E362E 		.ascii	"2.6.x/demos/SDCARD\000"
 833      782F6465 
 833      6D6F732F 
 833      53444341 
 833      524400
 834              	.LASF10:
 835 028d 75696E74 		.ascii	"uint32_t\000"
 835      33325F74 
 835      00
 836              	.LASF5:
 837 0296 6C6F6E67 		.ascii	"long int\000"
 837      20696E74 
 837      00
 838              	.LASF1:
 839 029f 7369676E 		.ascii	"signed char\000"
 839      65642063 
 839      68617200 
 840              	.LASF27:
 841 02ab 64656275 		.ascii	"debugmonitor_vector\000"
 841      676D6F6E 
 841      69746F72 
 841      5F766563 
 841      746F7200 
 842              	.LASF23:
 843 02bf 76656374 		.ascii	"vector20\000"
 843      6F723230 
 843      00
 844              	.LASF11:
 845 02c8 5F426F6F 		.ascii	"_Bool\000"
 845      6C00
 846              	.LASF33:
ARM GAS  /tmp/ccu1Bgbh.s 			page 18


 847 02ce 5F5F6D61 		.ascii	"__main_stack_end__\000"
 847      696E5F73 
 847      7461636B 
 847      5F656E64 
 847      5F5F00
 848              		.ident	"GCC: (Arch Repository) 4.8.2"
ARM GAS  /tmp/ccu1Bgbh.s 			page 19


DEFINED SYMBOLS
                            *ABS*:0000000000000000 vectors.c
     /tmp/ccu1Bgbh.s:23     vectors:0000000000000000 _vectors
     /tmp/ccu1Bgbh.s:20     vectors:0000000000000000 $d
     /tmp/ccu1Bgbh.s:129    .text._unhandled_exception:0000000000000000 NMIVector
     /tmp/ccu1Bgbh.s:129    .text._unhandled_exception:0000000000000000 HardFaultVector
     /tmp/ccu1Bgbh.s:129    .text._unhandled_exception:0000000000000000 MemManageVector
     /tmp/ccu1Bgbh.s:129    .text._unhandled_exception:0000000000000000 BusFaultVector
     /tmp/ccu1Bgbh.s:129    .text._unhandled_exception:0000000000000000 UsageFaultVector
     /tmp/ccu1Bgbh.s:129    .text._unhandled_exception:0000000000000000 Vector1C
     /tmp/ccu1Bgbh.s:129    .text._unhandled_exception:0000000000000000 Vector20
     /tmp/ccu1Bgbh.s:129    .text._unhandled_exception:0000000000000000 Vector24
     /tmp/ccu1Bgbh.s:129    .text._unhandled_exception:0000000000000000 Vector28
     /tmp/ccu1Bgbh.s:129    .text._unhandled_exception:0000000000000000 SVCallVector
     /tmp/ccu1Bgbh.s:129    .text._unhandled_exception:0000000000000000 DebugMonitorVector
     /tmp/ccu1Bgbh.s:129    .text._unhandled_exception:0000000000000000 Vector34
     /tmp/ccu1Bgbh.s:129    .text._unhandled_exception:0000000000000000 PendSVVector
     /tmp/ccu1Bgbh.s:129    .text._unhandled_exception:0000000000000000 SysTickVector
     /tmp/ccu1Bgbh.s:129    .text._unhandled_exception:0000000000000000 Vector40
     /tmp/ccu1Bgbh.s:129    .text._unhandled_exception:0000000000000000 Vector44
     /tmp/ccu1Bgbh.s:129    .text._unhandled_exception:0000000000000000 Vector48
     /tmp/ccu1Bgbh.s:129    .text._unhandled_exception:0000000000000000 Vector4C
     /tmp/ccu1Bgbh.s:129    .text._unhandled_exception:0000000000000000 Vector50
     /tmp/ccu1Bgbh.s:129    .text._unhandled_exception:0000000000000000 Vector54
     /tmp/ccu1Bgbh.s:129    .text._unhandled_exception:0000000000000000 Vector58
     /tmp/ccu1Bgbh.s:129    .text._unhandled_exception:0000000000000000 Vector5C
     /tmp/ccu1Bgbh.s:129    .text._unhandled_exception:0000000000000000 Vector60
     /tmp/ccu1Bgbh.s:129    .text._unhandled_exception:0000000000000000 Vector64
     /tmp/ccu1Bgbh.s:129    .text._unhandled_exception:0000000000000000 Vector68
     /tmp/ccu1Bgbh.s:129    .text._unhandled_exception:0000000000000000 Vector6C
     /tmp/ccu1Bgbh.s:129    .text._unhandled_exception:0000000000000000 Vector70
     /tmp/ccu1Bgbh.s:129    .text._unhandled_exception:0000000000000000 Vector74
     /tmp/ccu1Bgbh.s:129    .text._unhandled_exception:0000000000000000 Vector78
     /tmp/ccu1Bgbh.s:129    .text._unhandled_exception:0000000000000000 Vector7C
     /tmp/ccu1Bgbh.s:129    .text._unhandled_exception:0000000000000000 Vector80
     /tmp/ccu1Bgbh.s:129    .text._unhandled_exception:0000000000000000 Vector84
     /tmp/ccu1Bgbh.s:129    .text._unhandled_exception:0000000000000000 Vector88
     /tmp/ccu1Bgbh.s:129    .text._unhandled_exception:0000000000000000 Vector8C
     /tmp/ccu1Bgbh.s:129    .text._unhandled_exception:0000000000000000 Vector90
     /tmp/ccu1Bgbh.s:129    .text._unhandled_exception:0000000000000000 Vector94
     /tmp/ccu1Bgbh.s:129    .text._unhandled_exception:0000000000000000 Vector98
     /tmp/ccu1Bgbh.s:129    .text._unhandled_exception:0000000000000000 Vector9C
     /tmp/ccu1Bgbh.s:129    .text._unhandled_exception:0000000000000000 VectorA0
     /tmp/ccu1Bgbh.s:129    .text._unhandled_exception:0000000000000000 VectorA4
     /tmp/ccu1Bgbh.s:129    .text._unhandled_exception:0000000000000000 VectorA8
     /tmp/ccu1Bgbh.s:129    .text._unhandled_exception:0000000000000000 VectorAC
     /tmp/ccu1Bgbh.s:129    .text._unhandled_exception:0000000000000000 VectorB0
     /tmp/ccu1Bgbh.s:129    .text._unhandled_exception:0000000000000000 VectorB4
     /tmp/ccu1Bgbh.s:129    .text._unhandled_exception:0000000000000000 VectorB8
     /tmp/ccu1Bgbh.s:129    .text._unhandled_exception:0000000000000000 VectorBC
     /tmp/ccu1Bgbh.s:129    .text._unhandled_exception:0000000000000000 VectorC0
     /tmp/ccu1Bgbh.s:129    .text._unhandled_exception:0000000000000000 VectorC4
     /tmp/ccu1Bgbh.s:129    .text._unhandled_exception:0000000000000000 VectorC8
     /tmp/ccu1Bgbh.s:129    .text._unhandled_exception:0000000000000000 VectorCC
     /tmp/ccu1Bgbh.s:129    .text._unhandled_exception:0000000000000000 VectorD0
     /tmp/ccu1Bgbh.s:129    .text._unhandled_exception:0000000000000000 VectorD4
     /tmp/ccu1Bgbh.s:129    .text._unhandled_exception:0000000000000000 VectorD8
ARM GAS  /tmp/ccu1Bgbh.s 			page 20


     /tmp/ccu1Bgbh.s:129    .text._unhandled_exception:0000000000000000 VectorDC
     /tmp/ccu1Bgbh.s:129    .text._unhandled_exception:0000000000000000 VectorE0
     /tmp/ccu1Bgbh.s:129    .text._unhandled_exception:0000000000000000 VectorE4
     /tmp/ccu1Bgbh.s:129    .text._unhandled_exception:0000000000000000 VectorE8
     /tmp/ccu1Bgbh.s:129    .text._unhandled_exception:0000000000000000 VectorEC
     /tmp/ccu1Bgbh.s:129    .text._unhandled_exception:0000000000000000 VectorF0
     /tmp/ccu1Bgbh.s:129    .text._unhandled_exception:0000000000000000 VectorF4
     /tmp/ccu1Bgbh.s:129    .text._unhandled_exception:0000000000000000 VectorF8
     /tmp/ccu1Bgbh.s:129    .text._unhandled_exception:0000000000000000 VectorFC
     /tmp/ccu1Bgbh.s:129    .text._unhandled_exception:0000000000000000 Vector100
     /tmp/ccu1Bgbh.s:129    .text._unhandled_exception:0000000000000000 Vector104
     /tmp/ccu1Bgbh.s:129    .text._unhandled_exception:0000000000000000 Vector108
     /tmp/ccu1Bgbh.s:129    .text._unhandled_exception:0000000000000000 Vector10C
     /tmp/ccu1Bgbh.s:129    .text._unhandled_exception:0000000000000000 Vector110
     /tmp/ccu1Bgbh.s:129    .text._unhandled_exception:0000000000000000 Vector114
     /tmp/ccu1Bgbh.s:129    .text._unhandled_exception:0000000000000000 Vector118
     /tmp/ccu1Bgbh.s:129    .text._unhandled_exception:0000000000000000 Vector11C
     /tmp/ccu1Bgbh.s:129    .text._unhandled_exception:0000000000000000 Vector120
     /tmp/ccu1Bgbh.s:129    .text._unhandled_exception:0000000000000000 Vector124
     /tmp/ccu1Bgbh.s:129    .text._unhandled_exception:0000000000000000 Vector128
     /tmp/ccu1Bgbh.s:129    .text._unhandled_exception:0000000000000000 Vector12C
     /tmp/ccu1Bgbh.s:129    .text._unhandled_exception:0000000000000000 Vector130
     /tmp/ccu1Bgbh.s:129    .text._unhandled_exception:0000000000000000 Vector134
     /tmp/ccu1Bgbh.s:129    .text._unhandled_exception:0000000000000000 Vector138
     /tmp/ccu1Bgbh.s:129    .text._unhandled_exception:0000000000000000 Vector13C
     /tmp/ccu1Bgbh.s:129    .text._unhandled_exception:0000000000000000 Vector140
     /tmp/ccu1Bgbh.s:129    .text._unhandled_exception:0000000000000000 Vector144
     /tmp/ccu1Bgbh.s:129    .text._unhandled_exception:0000000000000000 Vector148
     /tmp/ccu1Bgbh.s:129    .text._unhandled_exception:0000000000000000 Vector14C
     /tmp/ccu1Bgbh.s:129    .text._unhandled_exception:0000000000000000 Vector150
     /tmp/ccu1Bgbh.s:129    .text._unhandled_exception:0000000000000000 Vector154
     /tmp/ccu1Bgbh.s:129    .text._unhandled_exception:0000000000000000 Vector158
     /tmp/ccu1Bgbh.s:129    .text._unhandled_exception:0000000000000000 Vector15C
     /tmp/ccu1Bgbh.s:129    .text._unhandled_exception:0000000000000000 Vector160
     /tmp/ccu1Bgbh.s:129    .text._unhandled_exception:0000000000000000 Vector164
     /tmp/ccu1Bgbh.s:129    .text._unhandled_exception:0000000000000000 Vector168
     /tmp/ccu1Bgbh.s:129    .text._unhandled_exception:0000000000000000 Vector16C
     /tmp/ccu1Bgbh.s:129    .text._unhandled_exception:0000000000000000 Vector170
     /tmp/ccu1Bgbh.s:129    .text._unhandled_exception:0000000000000000 Vector174
     /tmp/ccu1Bgbh.s:129    .text._unhandled_exception:0000000000000000 Vector178
     /tmp/ccu1Bgbh.s:129    .text._unhandled_exception:0000000000000000 Vector17C
     /tmp/ccu1Bgbh.s:129    .text._unhandled_exception:0000000000000000 Vector180
     /tmp/ccu1Bgbh.s:129    .text._unhandled_exception:0000000000000000 Vector184
     /tmp/ccu1Bgbh.s:123    .text._unhandled_exception:0000000000000000 $t
     /tmp/ccu1Bgbh.s:129    .text._unhandled_exception:0000000000000000 _unhandled_exception
                     .debug_frame:0000000000000010 $d

UNDEFINED SYMBOLS
__main_stack_end__
ResetHandler
