ARM GAS  /tmp/cc6xeTkm.s 			page 1


   1              		.syntax unified
   2              		.cpu cortex-m4
   3              		.fpu softvfp
   4              		.eabi_attribute 20, 1
   5              		.eabi_attribute 21, 1
   6              		.eabi_attribute 23, 3
   7              		.eabi_attribute 24, 1
   8              		.eabi_attribute 25, 1
   9              		.eabi_attribute 26, 1
  10              		.eabi_attribute 30, 2
  11              		.eabi_attribute 34, 1
  12              		.eabi_attribute 18, 4
  13              		.thumb
  14              		.file	"board.c"
  15              		.text
  16              	.Ltext0:
  17              		.cfi_sections	.debug_frame
  18              		.section	.text.__early_init,"ax",%progbits
  19              		.align	2
  20              		.p2align 4,,15
  21              		.global	__early_init
  22              		.thumb
  23              		.thumb_func
  24              		.type	__early_init, %function
  25              	__early_init:
  26              	.LFB118:
  27              		.file 1 "../../boards/ST_STM32F4_DISCOVERY/board.c"
  28              		.loc 1 54 0
  29              		.cfi_startproc
  30              		@ args = 0, pretend = 0, frame = 0
  31              		@ frame_needed = 0, uses_anonymous_args = 0
  32              		@ link register save eliminated.
  33              		.loc 1 56 0
  34 0000 FFF7FEBF 		b	stm32_clock_init
  35              	.LVL0:
  36              		.cfi_endproc
  37              	.LFE118:
  38              		.size	__early_init, .-__early_init
  39 0004 AFF30080 		.section	.text.mmc_lld_is_card_inserted,"ax",%progbits
  39      AFF30080 
  39      AFF30080 
  40              		.align	2
  41              		.p2align 4,,15
  42              		.global	mmc_lld_is_card_inserted
  43              		.thumb
  44              		.thumb_func
  45              		.type	mmc_lld_is_card_inserted, %function
  46              	mmc_lld_is_card_inserted:
  47              	.LFB119:
  48              		.loc 1 85 0
  49              		.cfi_startproc
  50              		@ args = 0, pretend = 0, frame = 0
  51              		@ frame_needed = 0, uses_anonymous_args = 0
  52              		@ link register save eliminated.
  53              	.LVL1:
  54              		.loc 1 90 0
  55 0000 0120     		movs	r0, #1
ARM GAS  /tmp/cc6xeTkm.s 			page 2


  56              	.LVL2:
  57 0002 7047     		bx	lr
  58              		.cfi_endproc
  59              	.LFE119:
  60              		.size	mmc_lld_is_card_inserted, .-mmc_lld_is_card_inserted
  61 0004 AFF30080 		.section	.text.mmc_lld_is_write_protected,"ax",%progbits
  61      AFF30080 
  61      AFF30080 
  62              		.align	2
  63              		.p2align 4,,15
  64              		.global	mmc_lld_is_write_protected
  65              		.thumb
  66              		.thumb_func
  67              		.type	mmc_lld_is_write_protected, %function
  68              	mmc_lld_is_write_protected:
  69              	.LFB120:
  70              		.loc 1 95 0
  71              		.cfi_startproc
  72              		@ args = 0, pretend = 0, frame = 0
  73              		@ frame_needed = 0, uses_anonymous_args = 0
  74              		@ link register save eliminated.
  75              	.LVL3:
  76              		.loc 1 100 0
  77 0000 0020     		movs	r0, #0
  78              	.LVL4:
  79 0002 7047     		bx	lr
  80              		.cfi_endproc
  81              	.LFE120:
  82              		.size	mmc_lld_is_write_protected, .-mmc_lld_is_write_protected
  83 0004 AFF30080 		.section	.text.boardInit,"ax",%progbits
  83      AFF30080 
  83      AFF30080 
  84              		.align	2
  85              		.p2align 4,,15
  86              		.global	boardInit
  87              		.thumb
  88              		.thumb_func
  89              		.type	boardInit, %function
  90              	boardInit:
  91              	.LFB121:
  92              		.loc 1 107 0
  93              		.cfi_startproc
  94              		@ args = 0, pretend = 0, frame = 0
  95              		@ frame_needed = 0, uses_anonymous_args = 0
  96              		@ link register save eliminated.
  97 0000 7047     		bx	lr
  98              		.cfi_endproc
  99              	.LFE121:
 100              		.size	boardInit, .-boardInit
 101              		.global	pal_default_config
 102 0002 00BFAFF3 		.section	.rodata.pal_default_config,"a",%progbits
 102      0080AFF3 
 102      0080AFF3 
 102      0080
 103              		.align	2
 104              		.type	pal_default_config, %object
 105              		.size	pal_default_config, 252
ARM GAS  /tmp/cc6xeTkm.s 			page 3


 106              	pal_default_config:
 107 0000 00AAA02A 		.word	715172352
 108 0004 00000000 		.word	0
 109 0008 FFABFFFF 		.word	-21505
 110 000c 54000140 		.word	1073807444
 111 0010 FFFF0000 		.word	65535
 112 0014 00005655 		.word	1431699456
 113 0018 00AA0A00 		.word	698880
 114 001c 80200800 		.word	532608
 115 0020 40020000 		.word	576
 116 0024 FFFFFFFF 		.word	-1
 117 0028 15455155 		.word	1431389461
 118 002c FFFF0000 		.word	65535
 119 0030 00000004 		.word	67108864
 120 0034 40000000 		.word	64
 121 0038 0180AA02 		.word	44728321
 122 003c 00000000 		.word	0
 123 0040 FFFFFFFF 		.word	-1
 124 0044 54150000 		.word	5460
 125 0048 00FF0000 		.word	65280
 126 004c 00000060 		.word	1610612736
 127 0050 CCCC0C00 		.word	838860
 128 0054 20010055 		.word	1426063648
 129 0058 00000000 		.word	0
 130 005c FFFFFFFF 		.word	-1
 131 0060 45505500 		.word	5591109
 132 0064 FF0F0000 		.word	4095
 133 0068 000C0000 		.word	3072
 134 006c 00000000 		.word	0
 135 0070 40000000 		.word	64
 136 0074 00000000 		.word	0
 137 0078 FFFFFFFF 		.word	-1
 138 007c 00000000 		.word	0
 139 0080 FFFF0000 		.word	65535
 140 0084 00000000 		.word	0
 141 0088 00000000 		.word	0
 142 008c 00000000 		.word	0
 143 0090 00000000 		.word	0
 144 0094 FFFFFFFF 		.word	-1
 145 0098 00000000 		.word	0
 146 009c FFFF0000 		.word	65535
 147 00a0 00000000 		.word	0
 148 00a4 00000000 		.word	0
 149 00a8 00000000 		.word	0
 150 00ac 00000000 		.word	0
 151 00b0 FFFFFFFF 		.word	-1
 152 00b4 00000000 		.word	0
 153 00b8 FFFF0000 		.word	65535
 154 00bc 00000000 		.word	0
 155 00c0 00000000 		.word	0
 156 00c4 00000000 		.word	0
 157 00c8 00000000 		.word	0
 158 00cc FFFFFFFF 		.word	-1
 159 00d0 00000000 		.word	0
 160 00d4 FFFF0000 		.word	65535
 161 00d8 00000000 		.word	0
 162 00dc 00000000 		.word	0
ARM GAS  /tmp/cc6xeTkm.s 			page 4


 163 00e0 00000000 		.word	0
 164 00e4 00000000 		.word	0
 165 00e8 FFFFFFFF 		.word	-1
 166 00ec 00000000 		.word	0
 167 00f0 FFFF0000 		.word	65535
 168 00f4 00000000 		.word	0
 169 00f8 00000000 		.word	0
 170              		.text
 171              	.Letext0:
 172              		.file 2 "/usr/arm-none-eabi/include/machine/_default_types.h"
 173              		.file 3 "/usr/arm-none-eabi/include/stdint.h"
 174              		.file 4 "../../os/ports/GCC/ARMCMx/chtypes.h"
 175              		.file 5 "../../os/kernel/include/chlists.h"
 176              		.file 6 "../../os/kernel/include/chthreads.h"
 177              		.file 7 "../../os/ports/GCC/ARMCMx/chcore_v7m.h"
 178              		.file 8 "../../os/kernel/include/chmtx.h"
 179              		.file 9 "../../os/hal/platforms/STM32F4xx/stm32f4xx.h"
 180              		.file 10 "../../os/hal/platforms/STM32F4xx/stm32_dma.h"
 181              		.file 11 "../../os/hal/include/io_block.h"
 182              		.file 12 "../../os/hal/platforms/STM32/GPIOv2/pal_lld.h"
 183              		.file 13 "../../os/hal/include/spi.h"
 184              		.file 14 "../../os/hal/platforms/STM32/SPIv1/spi_lld.h"
 185              		.file 15 "../../os/hal/include/mmc_spi.h"
 186              		.file 16 "../../os/ports/common/ARMCMx/CMSIS/include/core_cm4.h"
 187              		.file 17 "../../os/hal/platforms/STM32F4xx/hal_lld.h"
 188              		.section	.debug_info,"",%progbits
 189              	.Ldebug_info0:
 190 0000 810B0000 		.4byte	0xb81
 191 0004 0400     		.2byte	0x4
 192 0006 00000000 		.4byte	.Ldebug_abbrev0
 193 000a 04       		.byte	0x4
 194 000b 01       		.uleb128 0x1
 195 000c B7030000 		.4byte	.LASF168
 196 0010 01       		.byte	0x1
 197 0011 8F020000 		.4byte	.LASF169
 198 0015 54040000 		.4byte	.LASF170
 199 0019 00000000 		.4byte	.Ldebug_ranges0+0
 200 001d 00000000 		.4byte	0
 201 0021 00000000 		.4byte	.Ldebug_line0
 202 0025 02       		.uleb128 0x2
 203 0026 04       		.byte	0x4
 204 0027 05       		.byte	0x5
 205 0028 696E7400 		.ascii	"int\000"
 206 002c 03       		.uleb128 0x3
 207 002d 04       		.byte	0x4
 208 002e 07       		.byte	0x7
 209 002f 56020000 		.4byte	.LASF0
 210 0033 03       		.uleb128 0x3
 211 0034 01       		.byte	0x1
 212 0035 06       		.byte	0x6
 213 0036 1F010000 		.4byte	.LASF1
 214 003a 04       		.uleb128 0x4
 215 003b 58000000 		.4byte	.LASF4
 216 003f 02       		.byte	0x2
 217 0040 1C       		.byte	0x1c
 218 0041 45000000 		.4byte	0x45
 219 0045 03       		.uleb128 0x3
ARM GAS  /tmp/cc6xeTkm.s 			page 5


 220 0046 01       		.byte	0x1
 221 0047 08       		.byte	0x8
 222 0048 17050000 		.4byte	.LASF2
 223 004c 03       		.uleb128 0x3
 224 004d 02       		.byte	0x2
 225 004e 05       		.byte	0x5
 226 004f 47050000 		.4byte	.LASF3
 227 0053 04       		.uleb128 0x4
 228 0054 32060000 		.4byte	.LASF5
 229 0058 02       		.byte	0x2
 230 0059 26       		.byte	0x26
 231 005a 5E000000 		.4byte	0x5e
 232 005e 03       		.uleb128 0x3
 233 005f 02       		.byte	0x2
 234 0060 07       		.byte	0x7
 235 0061 B9020000 		.4byte	.LASF6
 236 0065 04       		.uleb128 0x4
 237 0066 64060000 		.4byte	.LASF7
 238 006a 02       		.byte	0x2
 239 006b 37       		.byte	0x37
 240 006c 70000000 		.4byte	0x70
 241 0070 03       		.uleb128 0x3
 242 0071 04       		.byte	0x4
 243 0072 05       		.byte	0x5
 244 0073 77010000 		.4byte	.LASF8
 245 0077 04       		.uleb128 0x4
 246 0078 01020000 		.4byte	.LASF9
 247 007c 02       		.byte	0x2
 248 007d 38       		.byte	0x38
 249 007e 82000000 		.4byte	0x82
 250 0082 03       		.uleb128 0x3
 251 0083 04       		.byte	0x4
 252 0084 07       		.byte	0x7
 253 0085 E4050000 		.4byte	.LASF10
 254 0089 03       		.uleb128 0x3
 255 008a 08       		.byte	0x8
 256 008b 05       		.byte	0x5
 257 008c 11010000 		.4byte	.LASF11
 258 0090 03       		.uleb128 0x3
 259 0091 08       		.byte	0x8
 260 0092 07       		.byte	0x7
 261 0093 9E000000 		.4byte	.LASF12
 262 0097 04       		.uleb128 0x4
 263 0098 E9060000 		.4byte	.LASF13
 264 009c 03       		.byte	0x3
 265 009d 2A       		.byte	0x2a
 266 009e 3A000000 		.4byte	0x3a
 267 00a2 04       		.uleb128 0x4
 268 00a3 B4010000 		.4byte	.LASF14
 269 00a7 03       		.byte	0x3
 270 00a8 36       		.byte	0x36
 271 00a9 53000000 		.4byte	0x53
 272 00ad 04       		.uleb128 0x4
 273 00ae 0F050000 		.4byte	.LASF15
 274 00b2 03       		.byte	0x3
 275 00b3 41       		.byte	0x41
 276 00b4 65000000 		.4byte	0x65
ARM GAS  /tmp/cc6xeTkm.s 			page 6


 277 00b8 04       		.uleb128 0x4
 278 00b9 CE050000 		.4byte	.LASF16
 279 00bd 03       		.byte	0x3
 280 00be 42       		.byte	0x42
 281 00bf 77000000 		.4byte	0x77
 282 00c3 04       		.uleb128 0x4
 283 00c4 3C010000 		.4byte	.LASF17
 284 00c8 04       		.byte	0x4
 285 00c9 2B       		.byte	0x2b
 286 00ca CE000000 		.4byte	0xce
 287 00ce 03       		.uleb128 0x3
 288 00cf 01       		.byte	0x1
 289 00d0 02       		.byte	0x2
 290 00d1 09050000 		.4byte	.LASF18
 291 00d5 04       		.uleb128 0x4
 292 00d6 09030000 		.4byte	.LASF19
 293 00da 04       		.byte	0x4
 294 00db 2C       		.byte	0x2c
 295 00dc 97000000 		.4byte	0x97
 296 00e0 04       		.uleb128 0x4
 297 00e1 87010000 		.4byte	.LASF20
 298 00e5 04       		.byte	0x4
 299 00e6 2D       		.byte	0x2d
 300 00e7 97000000 		.4byte	0x97
 301 00eb 04       		.uleb128 0x4
 302 00ec D7050000 		.4byte	.LASF21
 303 00f0 04       		.byte	0x4
 304 00f1 2E       		.byte	0x2e
 305 00f2 97000000 		.4byte	0x97
 306 00f6 04       		.uleb128 0x4
 307 00f7 5C010000 		.4byte	.LASF22
 308 00fb 04       		.byte	0x4
 309 00fc 2F       		.byte	0x2f
 310 00fd 97000000 		.4byte	0x97
 311 0101 04       		.uleb128 0x4
 312 0102 FA040000 		.4byte	.LASF23
 313 0106 04       		.byte	0x4
 314 0107 30       		.byte	0x30
 315 0108 B8000000 		.4byte	0xb8
 316 010c 04       		.uleb128 0x4
 317 010d F4020000 		.4byte	.LASF24
 318 0111 04       		.byte	0x4
 319 0112 31       		.byte	0x31
 320 0113 AD000000 		.4byte	0xad
 321 0117 04       		.uleb128 0x4
 322 0118 22030000 		.4byte	.LASF25
 323 011c 04       		.byte	0x4
 324 011d 33       		.byte	0x33
 325 011e B8000000 		.4byte	0xb8
 326 0122 04       		.uleb128 0x4
 327 0123 4F060000 		.4byte	.LASF26
 328 0127 04       		.byte	0x4
 329 0128 35       		.byte	0x35
 330 0129 B8000000 		.4byte	0xb8
 331 012d 04       		.uleb128 0x4
 332 012e D8060000 		.4byte	.LASF27
 333 0132 05       		.byte	0x5
ARM GAS  /tmp/cc6xeTkm.s 			page 7


 334 0133 2A       		.byte	0x2a
 335 0134 38010000 		.4byte	0x138
 336 0138 05       		.uleb128 0x5
 337 0139 D8060000 		.4byte	.LASF27
 338 013d 48       		.byte	0x48
 339 013e 06       		.byte	0x6
 340 013f 5E       		.byte	0x5e
 341 0140 35020000 		.4byte	0x235
 342 0144 06       		.uleb128 0x6
 343 0145 96050000 		.4byte	.LASF28
 344 0149 06       		.byte	0x6
 345 014a 5F       		.byte	0x5f
 346 014b 56020000 		.4byte	0x256
 347 014f 00       		.byte	0
 348 0150 06       		.uleb128 0x6
 349 0151 D5040000 		.4byte	.LASF29
 350 0155 06       		.byte	0x6
 351 0156 61       		.byte	0x61
 352 0157 56020000 		.4byte	0x256
 353 015b 04       		.byte	0x4
 354 015c 06       		.uleb128 0x6
 355 015d 04010000 		.4byte	.LASF30
 356 0161 06       		.byte	0x6
 357 0162 63       		.byte	0x63
 358 0163 01010000 		.4byte	0x101
 359 0167 08       		.byte	0x8
 360 0168 06       		.uleb128 0x6
 361 0169 46070000 		.4byte	.LASF31
 362 016d 06       		.byte	0x6
 363 016e 64       		.byte	0x64
 364 016f 10030000 		.4byte	0x310
 365 0173 0C       		.byte	0xc
 366 0174 06       		.uleb128 0x6
 367 0175 C4010000 		.4byte	.LASF32
 368 0179 06       		.byte	0x6
 369 017a 66       		.byte	0x66
 370 017b 56020000 		.4byte	0x256
 371 017f 10       		.byte	0x10
 372 0180 06       		.uleb128 0x6
 373 0181 62030000 		.4byte	.LASF33
 374 0185 06       		.byte	0x6
 375 0186 67       		.byte	0x67
 376 0187 56020000 		.4byte	0x256
 377 018b 14       		.byte	0x14
 378 018c 06       		.uleb128 0x6
 379 018d 03070000 		.4byte	.LASF34
 380 0191 06       		.byte	0x6
 381 0192 6E       		.byte	0x6e
 382 0193 B9030000 		.4byte	0x3b9
 383 0197 18       		.byte	0x18
 384 0198 06       		.uleb128 0x6
 385 0199 51050000 		.4byte	.LASF35
 386 019d 06       		.byte	0x6
 387 019e 79       		.byte	0x79
 388 019f E0000000 		.4byte	0xe0
 389 01a3 1C       		.byte	0x1c
 390 01a4 06       		.uleb128 0x6
ARM GAS  /tmp/cc6xeTkm.s 			page 8


 391 01a5 9D050000 		.4byte	.LASF36
 392 01a9 06       		.byte	0x6
 393 01aa 7D       		.byte	0x7d
 394 01ab D5000000 		.4byte	0xd5
 395 01af 1D       		.byte	0x1d
 396 01b0 06       		.uleb128 0x6
 397 01b1 C6060000 		.4byte	.LASF37
 398 01b5 06       		.byte	0x6
 399 01b6 82       		.byte	0x82
 400 01b7 EB000000 		.4byte	0xeb
 401 01bb 1E       		.byte	0x1e
 402 01bc 06       		.uleb128 0x6
 403 01bd 65050000 		.4byte	.LASF38
 404 01c1 06       		.byte	0x6
 405 01c2 88       		.byte	0x88
 406 01c3 F6000000 		.4byte	0xf6
 407 01c7 1F       		.byte	0x1f
 408 01c8 06       		.uleb128 0x6
 409 01c9 BD010000 		.4byte	.LASF39
 410 01cd 06       		.byte	0x6
 411 01ce 8F       		.byte	0x8f
 412 01cf 3D030000 		.4byte	0x33d
 413 01d3 20       		.byte	0x20
 414 01d4 07       		.uleb128 0x7
 415 01d5 705F7500 		.ascii	"p_u\000"
 416 01d9 06       		.byte	0x6
 417 01da B4       		.byte	0xb4
 418 01db 84030000 		.4byte	0x384
 419 01df 24       		.byte	0x24
 420 01e0 06       		.uleb128 0x6
 421 01e1 4C070000 		.4byte	.LASF40
 422 01e5 06       		.byte	0x6
 423 01e6 B9       		.byte	0xb9
 424 01e7 7C020000 		.4byte	0x27c
 425 01eb 28       		.byte	0x28
 426 01ec 06       		.uleb128 0x6
 427 01ed 63020000 		.4byte	.LASF41
 428 01f1 06       		.byte	0x6
 429 01f2 BF       		.byte	0xbf
 430 01f3 5C020000 		.4byte	0x25c
 431 01f7 2C       		.byte	0x2c
 432 01f8 06       		.uleb128 0x6
 433 01f9 1B070000 		.4byte	.LASF42
 434 01fd 06       		.byte	0x6
 435 01fe C3       		.byte	0xc3
 436 01ff 0C010000 		.4byte	0x10c
 437 0203 34       		.byte	0x34
 438 0204 06       		.uleb128 0x6
 439 0205 B4050000 		.4byte	.LASF43
 440 0209 06       		.byte	0x6
 441 020a C9       		.byte	0xc9
 442 020b 17010000 		.4byte	0x117
 443 020f 38       		.byte	0x38
 444 0210 06       		.uleb128 0x6
 445 0211 3D050000 		.4byte	.LASF44
 446 0215 06       		.byte	0x6
 447 0216 D0       		.byte	0xd0
ARM GAS  /tmp/cc6xeTkm.s 			page 9


 448 0217 CB030000 		.4byte	0x3cb
 449 021b 3C       		.byte	0x3c
 450 021c 06       		.uleb128 0x6
 451 021d 59060000 		.4byte	.LASF45
 452 0221 06       		.byte	0x6
 453 0222 D4       		.byte	0xd4
 454 0223 01010000 		.4byte	0x101
 455 0227 40       		.byte	0x40
 456 0228 06       		.uleb128 0x6
 457 0229 0C020000 		.4byte	.LASF46
 458 022d 06       		.byte	0x6
 459 022e DA       		.byte	0xda
 460 022f 92020000 		.4byte	0x292
 461 0233 44       		.byte	0x44
 462 0234 00       		.byte	0
 463 0235 08       		.uleb128 0x8
 464 0236 08       		.byte	0x8
 465 0237 05       		.byte	0x5
 466 0238 61       		.byte	0x61
 467 0239 56020000 		.4byte	0x256
 468 023d 06       		.uleb128 0x6
 469 023e 96050000 		.4byte	.LASF28
 470 0242 05       		.byte	0x5
 471 0243 62       		.byte	0x62
 472 0244 56020000 		.4byte	0x256
 473 0248 00       		.byte	0
 474 0249 06       		.uleb128 0x6
 475 024a D5040000 		.4byte	.LASF29
 476 024e 05       		.byte	0x5
 477 024f 64       		.byte	0x64
 478 0250 56020000 		.4byte	0x256
 479 0254 04       		.byte	0x4
 480 0255 00       		.byte	0
 481 0256 09       		.uleb128 0x9
 482 0257 04       		.byte	0x4
 483 0258 2D010000 		.4byte	0x12d
 484 025c 04       		.uleb128 0x4
 485 025d 80030000 		.4byte	.LASF47
 486 0261 05       		.byte	0x5
 487 0262 66       		.byte	0x66
 488 0263 35020000 		.4byte	0x235
 489 0267 08       		.uleb128 0x8
 490 0268 04       		.byte	0x4
 491 0269 05       		.byte	0x5
 492 026a 6B       		.byte	0x6b
 493 026b 7C020000 		.4byte	0x27c
 494 026f 06       		.uleb128 0x6
 495 0270 96050000 		.4byte	.LASF28
 496 0274 05       		.byte	0x5
 497 0275 6D       		.byte	0x6d
 498 0276 56020000 		.4byte	0x256
 499 027a 00       		.byte	0
 500 027b 00       		.byte	0
 501 027c 04       		.uleb128 0x4
 502 027d 16030000 		.4byte	.LASF48
 503 0281 05       		.byte	0x5
 504 0282 70       		.byte	0x70
ARM GAS  /tmp/cc6xeTkm.s 			page 10


 505 0283 67020000 		.4byte	0x267
 506 0287 04       		.uleb128 0x4
 507 0288 14020000 		.4byte	.LASF49
 508 028c 07       		.byte	0x7
 509 028d E5       		.byte	0xe5
 510 028e 92020000 		.4byte	0x292
 511 0292 0A       		.uleb128 0xa
 512 0293 04       		.byte	0x4
 513 0294 0B       		.uleb128 0xb
 514 0295 99060000 		.4byte	.LASF50
 515 0299 24       		.byte	0x24
 516 029a 07       		.byte	0x7
 517 029b 0C01     		.2byte	0x10c
 518 029d 10030000 		.4byte	0x310
 519 02a1 0C       		.uleb128 0xc
 520 02a2 723400   		.ascii	"r4\000"
 521 02a5 07       		.byte	0x7
 522 02a6 1F01     		.2byte	0x11f
 523 02a8 87020000 		.4byte	0x287
 524 02ac 00       		.byte	0
 525 02ad 0C       		.uleb128 0xc
 526 02ae 723500   		.ascii	"r5\000"
 527 02b1 07       		.byte	0x7
 528 02b2 2001     		.2byte	0x120
 529 02b4 87020000 		.4byte	0x287
 530 02b8 04       		.byte	0x4
 531 02b9 0C       		.uleb128 0xc
 532 02ba 723600   		.ascii	"r6\000"
 533 02bd 07       		.byte	0x7
 534 02be 2101     		.2byte	0x121
 535 02c0 87020000 		.4byte	0x287
 536 02c4 08       		.byte	0x8
 537 02c5 0C       		.uleb128 0xc
 538 02c6 723700   		.ascii	"r7\000"
 539 02c9 07       		.byte	0x7
 540 02ca 2201     		.2byte	0x122
 541 02cc 87020000 		.4byte	0x287
 542 02d0 0C       		.byte	0xc
 543 02d1 0C       		.uleb128 0xc
 544 02d2 723800   		.ascii	"r8\000"
 545 02d5 07       		.byte	0x7
 546 02d6 2301     		.2byte	0x123
 547 02d8 87020000 		.4byte	0x287
 548 02dc 10       		.byte	0x10
 549 02dd 0C       		.uleb128 0xc
 550 02de 723900   		.ascii	"r9\000"
 551 02e1 07       		.byte	0x7
 552 02e2 2401     		.2byte	0x124
 553 02e4 87020000 		.4byte	0x287
 554 02e8 14       		.byte	0x14
 555 02e9 0C       		.uleb128 0xc
 556 02ea 72313000 		.ascii	"r10\000"
 557 02ee 07       		.byte	0x7
 558 02ef 2501     		.2byte	0x125
 559 02f1 87020000 		.4byte	0x287
 560 02f5 18       		.byte	0x18
 561 02f6 0C       		.uleb128 0xc
ARM GAS  /tmp/cc6xeTkm.s 			page 11


 562 02f7 72313100 		.ascii	"r11\000"
 563 02fb 07       		.byte	0x7
 564 02fc 2601     		.2byte	0x126
 565 02fe 87020000 		.4byte	0x287
 566 0302 1C       		.byte	0x1c
 567 0303 0C       		.uleb128 0xc
 568 0304 6C7200   		.ascii	"lr\000"
 569 0307 07       		.byte	0x7
 570 0308 2701     		.2byte	0x127
 571 030a 87020000 		.4byte	0x287
 572 030e 20       		.byte	0x20
 573 030f 00       		.byte	0
 574 0310 0B       		.uleb128 0xb
 575 0311 91060000 		.4byte	.LASF51
 576 0315 04       		.byte	0x4
 577 0316 07       		.byte	0x7
 578 0317 3101     		.2byte	0x131
 579 0319 2B030000 		.4byte	0x32b
 580 031d 0C       		.uleb128 0xc
 581 031e 72313300 		.ascii	"r13\000"
 582 0322 07       		.byte	0x7
 583 0323 3201     		.2byte	0x132
 584 0325 2B030000 		.4byte	0x32b
 585 0329 00       		.byte	0
 586 032a 00       		.byte	0
 587 032b 09       		.uleb128 0x9
 588 032c 04       		.byte	0x4
 589 032d 94020000 		.4byte	0x294
 590 0331 0D       		.uleb128 0xd
 591 0332 B8000000 		.4byte	0xb8
 592 0336 03       		.uleb128 0x3
 593 0337 04       		.byte	0x4
 594 0338 07       		.byte	0x7
 595 0339 4D030000 		.4byte	.LASF52
 596 033d 0D       		.uleb128 0xd
 597 033e 22010000 		.4byte	0x122
 598 0342 05       		.uleb128 0x5
 599 0343 5C030000 		.4byte	.LASF53
 600 0347 10       		.byte	0x10
 601 0348 08       		.byte	0x8
 602 0349 2C       		.byte	0x2c
 603 034a 73030000 		.4byte	0x373
 604 034e 06       		.uleb128 0x6
 605 034f 43010000 		.4byte	.LASF54
 606 0353 08       		.byte	0x8
 607 0354 2D       		.byte	0x2d
 608 0355 5C020000 		.4byte	0x25c
 609 0359 00       		.byte	0
 610 035a 06       		.uleb128 0x6
 611 035b 2B070000 		.4byte	.LASF55
 612 035f 08       		.byte	0x8
 613 0360 2F       		.byte	0x2f
 614 0361 56020000 		.4byte	0x256
 615 0365 08       		.byte	0x8
 616 0366 06       		.uleb128 0x6
 617 0367 48060000 		.4byte	.LASF56
 618 036b 08       		.byte	0x8
ARM GAS  /tmp/cc6xeTkm.s 			page 12


 619 036c 31       		.byte	0x31
 620 036d 73030000 		.4byte	0x373
 621 0371 0C       		.byte	0xc
 622 0372 00       		.byte	0
 623 0373 09       		.uleb128 0x9
 624 0374 04       		.byte	0x4
 625 0375 42030000 		.4byte	0x342
 626 0379 04       		.uleb128 0x4
 627 037a 5C030000 		.4byte	.LASF53
 628 037e 08       		.byte	0x8
 629 037f 33       		.byte	0x33
 630 0380 42030000 		.4byte	0x342
 631 0384 0E       		.uleb128 0xe
 632 0385 04       		.byte	0x4
 633 0386 06       		.byte	0x6
 634 0387 96       		.byte	0x96
 635 0388 B9030000 		.4byte	0x3b9
 636 038c 0F       		.uleb128 0xf
 637 038d 3D000000 		.4byte	.LASF57
 638 0391 06       		.byte	0x6
 639 0392 9D       		.byte	0x9d
 640 0393 0C010000 		.4byte	0x10c
 641 0397 0F       		.uleb128 0xf
 642 0398 CB000000 		.4byte	.LASF58
 643 039c 06       		.byte	0x6
 644 039d A4       		.byte	0xa4
 645 039e 0C010000 		.4byte	0x10c
 646 03a2 0F       		.uleb128 0xf
 647 03a3 FC060000 		.4byte	.LASF59
 648 03a7 06       		.byte	0x6
 649 03a8 AB       		.byte	0xab
 650 03a9 92020000 		.4byte	0x292
 651 03ad 0F       		.uleb128 0xf
 652 03ae 8F050000 		.4byte	.LASF60
 653 03b2 06       		.byte	0x6
 654 03b3 B2       		.byte	0xb2
 655 03b4 17010000 		.4byte	0x117
 656 03b8 00       		.byte	0
 657 03b9 09       		.uleb128 0x9
 658 03ba 04       		.byte	0x4
 659 03bb BF030000 		.4byte	0x3bf
 660 03bf 10       		.uleb128 0x10
 661 03c0 C4030000 		.4byte	0x3c4
 662 03c4 03       		.uleb128 0x3
 663 03c5 01       		.byte	0x1
 664 03c6 08       		.byte	0x8
 665 03c7 07060000 		.4byte	.LASF61
 666 03cb 09       		.uleb128 0x9
 667 03cc 04       		.byte	0x4
 668 03cd 79030000 		.4byte	0x379
 669 03d1 09       		.uleb128 0x9
 670 03d2 04       		.byte	0x4
 671 03d3 97000000 		.4byte	0x97
 672 03d7 09       		.uleb128 0x9
 673 03d8 04       		.byte	0x4
 674 03d9 DD030000 		.4byte	0x3dd
 675 03dd 10       		.uleb128 0x10
ARM GAS  /tmp/cc6xeTkm.s 			page 13


 676 03de 97000000 		.4byte	0x97
 677 03e2 11       		.uleb128 0x11
 678 03e3 B8000000 		.4byte	0xb8
 679 03e7 F2030000 		.4byte	0x3f2
 680 03eb 12       		.uleb128 0x12
 681 03ec 36030000 		.4byte	0x336
 682 03f0 03       		.byte	0x3
 683 03f1 00       		.byte	0
 684 03f2 0D       		.uleb128 0xd
 685 03f3 A2000000 		.4byte	0xa2
 686 03f7 0D       		.uleb128 0xd
 687 03f8 AD000000 		.4byte	0xad
 688 03fc 13       		.uleb128 0x13
 689 03fd 18       		.byte	0x18
 690 03fe 09       		.byte	0x9
 691 03ff B102     		.2byte	0x2b1
 692 0401 53040000 		.4byte	0x453
 693 0405 0C       		.uleb128 0xc
 694 0406 435200   		.ascii	"CR\000"
 695 0409 09       		.byte	0x9
 696 040a B302     		.2byte	0x2b3
 697 040c 31030000 		.4byte	0x331
 698 0410 00       		.byte	0
 699 0411 14       		.uleb128 0x14
 700 0412 6E060000 		.4byte	.LASF62
 701 0416 09       		.byte	0x9
 702 0417 B402     		.2byte	0x2b4
 703 0419 31030000 		.4byte	0x331
 704 041d 04       		.byte	0x4
 705 041e 0C       		.uleb128 0xc
 706 041f 50415200 		.ascii	"PAR\000"
 707 0423 09       		.byte	0x9
 708 0424 B502     		.2byte	0x2b5
 709 0426 31030000 		.4byte	0x331
 710 042a 08       		.byte	0x8
 711 042b 14       		.uleb128 0x14
 712 042c 29000000 		.4byte	.LASF63
 713 0430 09       		.byte	0x9
 714 0431 B602     		.2byte	0x2b6
 715 0433 31030000 		.4byte	0x331
 716 0437 0C       		.byte	0xc
 717 0438 14       		.uleb128 0x14
 718 0439 AC060000 		.4byte	.LASF64
 719 043d 09       		.byte	0x9
 720 043e B702     		.2byte	0x2b7
 721 0440 31030000 		.4byte	0x331
 722 0444 10       		.byte	0x10
 723 0445 0C       		.uleb128 0xc
 724 0446 46435200 		.ascii	"FCR\000"
 725 044a 09       		.byte	0x9
 726 044b B802     		.2byte	0x2b8
 727 044d 31030000 		.4byte	0x331
 728 0451 14       		.byte	0x14
 729 0452 00       		.byte	0
 730 0453 15       		.uleb128 0x15
 731 0454 73060000 		.4byte	.LASF65
 732 0458 09       		.byte	0x9
ARM GAS  /tmp/cc6xeTkm.s 			page 14


 733 0459 B902     		.2byte	0x2b9
 734 045b FC030000 		.4byte	0x3fc
 735 045f 13       		.uleb128 0x13
 736 0460 24       		.byte	0x24
 737 0461 09       		.byte	0x9
 738 0462 E304     		.2byte	0x4e3
 739 0464 51050000 		.4byte	0x551
 740 0468 0C       		.uleb128 0xc
 741 0469 43523100 		.ascii	"CR1\000"
 742 046d 09       		.byte	0x9
 743 046e E504     		.2byte	0x4e5
 744 0470 F2030000 		.4byte	0x3f2
 745 0474 00       		.byte	0
 746 0475 14       		.uleb128 0x14
 747 0476 A3040000 		.4byte	.LASF66
 748 047a 09       		.byte	0x9
 749 047b E604     		.2byte	0x4e6
 750 047d A2000000 		.4byte	0xa2
 751 0481 02       		.byte	0x2
 752 0482 0C       		.uleb128 0xc
 753 0483 43523200 		.ascii	"CR2\000"
 754 0487 09       		.byte	0x9
 755 0488 E704     		.2byte	0x4e7
 756 048a F2030000 		.4byte	0x3f2
 757 048e 04       		.byte	0x4
 758 048f 14       		.uleb128 0x14
 759 0490 AD040000 		.4byte	.LASF67
 760 0494 09       		.byte	0x9
 761 0495 E804     		.2byte	0x4e8
 762 0497 A2000000 		.4byte	0xa2
 763 049b 06       		.byte	0x6
 764 049c 0C       		.uleb128 0xc
 765 049d 535200   		.ascii	"SR\000"
 766 04a0 09       		.byte	0x9
 767 04a1 E904     		.2byte	0x4e9
 768 04a3 F2030000 		.4byte	0x3f2
 769 04a7 08       		.byte	0x8
 770 04a8 14       		.uleb128 0x14
 771 04a9 B7040000 		.4byte	.LASF68
 772 04ad 09       		.byte	0x9
 773 04ae EA04     		.2byte	0x4ea
 774 04b0 A2000000 		.4byte	0xa2
 775 04b4 0A       		.byte	0xa
 776 04b5 0C       		.uleb128 0xc
 777 04b6 445200   		.ascii	"DR\000"
 778 04b9 09       		.byte	0x9
 779 04ba EB04     		.2byte	0x4eb
 780 04bc F2030000 		.4byte	0x3f2
 781 04c0 0C       		.byte	0xc
 782 04c1 14       		.uleb128 0x14
 783 04c2 C1040000 		.4byte	.LASF69
 784 04c6 09       		.byte	0x9
 785 04c7 EC04     		.2byte	0x4ec
 786 04c9 A2000000 		.4byte	0xa2
 787 04cd 0E       		.byte	0xe
 788 04ce 14       		.uleb128 0x14
 789 04cf BF000000 		.4byte	.LASF70
ARM GAS  /tmp/cc6xeTkm.s 			page 15


 790 04d3 09       		.byte	0x9
 791 04d4 ED04     		.2byte	0x4ed
 792 04d6 F2030000 		.4byte	0x3f2
 793 04da 10       		.byte	0x10
 794 04db 14       		.uleb128 0x14
 795 04dc CB040000 		.4byte	.LASF71
 796 04e0 09       		.byte	0x9
 797 04e1 EE04     		.2byte	0x4ee
 798 04e3 A2000000 		.4byte	0xa2
 799 04e7 12       		.byte	0x12
 800 04e8 14       		.uleb128 0x14
 801 04e9 2E000000 		.4byte	.LASF72
 802 04ed 09       		.byte	0x9
 803 04ee EF04     		.2byte	0x4ef
 804 04f0 F2030000 		.4byte	0x3f2
 805 04f4 14       		.byte	0x14
 806 04f5 14       		.uleb128 0x14
 807 04f6 C4050000 		.4byte	.LASF73
 808 04fa 09       		.byte	0x9
 809 04fb F004     		.2byte	0x4f0
 810 04fd A2000000 		.4byte	0xa2
 811 0501 16       		.byte	0x16
 812 0502 14       		.uleb128 0x14
 813 0503 9C040000 		.4byte	.LASF74
 814 0507 09       		.byte	0x9
 815 0508 F104     		.2byte	0x4f1
 816 050a F2030000 		.4byte	0x3f2
 817 050e 18       		.byte	0x18
 818 050f 14       		.uleb128 0x14
 819 0510 DC040000 		.4byte	.LASF75
 820 0514 09       		.byte	0x9
 821 0515 F204     		.2byte	0x4f2
 822 0517 A2000000 		.4byte	0xa2
 823 051b 1A       		.byte	0x1a
 824 051c 14       		.uleb128 0x14
 825 051d 34010000 		.4byte	.LASF76
 826 0521 09       		.byte	0x9
 827 0522 F304     		.2byte	0x4f3
 828 0524 F2030000 		.4byte	0x3f2
 829 0528 1C       		.byte	0x1c
 830 0529 14       		.uleb128 0x14
 831 052a E6040000 		.4byte	.LASF77
 832 052e 09       		.byte	0x9
 833 052f F404     		.2byte	0x4f4
 834 0531 A2000000 		.4byte	0xa2
 835 0535 1E       		.byte	0x1e
 836 0536 14       		.uleb128 0x14
 837 0537 47030000 		.4byte	.LASF78
 838 053b 09       		.byte	0x9
 839 053c F504     		.2byte	0x4f5
 840 053e F2030000 		.4byte	0x3f2
 841 0542 20       		.byte	0x20
 842 0543 14       		.uleb128 0x14
 843 0544 F0040000 		.4byte	.LASF79
 844 0548 09       		.byte	0x9
 845 0549 F604     		.2byte	0x4f6
 846 054b A2000000 		.4byte	0xa2
ARM GAS  /tmp/cc6xeTkm.s 			page 16


 847 054f 22       		.byte	0x22
 848 0550 00       		.byte	0
 849 0551 15       		.uleb128 0x15
 850 0552 F6050000 		.4byte	.LASF80
 851 0556 09       		.byte	0x9
 852 0557 F704     		.2byte	0x4f7
 853 0559 5F040000 		.4byte	0x45f
 854 055d 08       		.uleb128 0x8
 855 055e 0C       		.byte	0xc
 856 055f 0A       		.byte	0xa
 857 0560 DA       		.byte	0xda
 858 0561 A2050000 		.4byte	0x5a2
 859 0565 06       		.uleb128 0x6
 860 0566 8A000000 		.4byte	.LASF81
 861 056a 0A       		.byte	0xa
 862 056b DB       		.byte	0xdb
 863 056c A2050000 		.4byte	0x5a2
 864 0570 00       		.byte	0
 865 0571 06       		.uleb128 0x6
 866 0572 BF050000 		.4byte	.LASF82
 867 0576 0A       		.byte	0xa
 868 0577 DC       		.byte	0xdc
 869 0578 A8050000 		.4byte	0x5a8
 870 057c 04       		.byte	0x4
 871 057d 06       		.uleb128 0x6
 872 057e 7B020000 		.4byte	.LASF83
 873 0582 0A       		.byte	0xa
 874 0583 DD       		.byte	0xdd
 875 0584 97000000 		.4byte	0x97
 876 0588 08       		.byte	0x8
 877 0589 06       		.uleb128 0x6
 878 058a 1D020000 		.4byte	.LASF84
 879 058e 0A       		.byte	0xa
 880 058f DF       		.byte	0xdf
 881 0590 97000000 		.4byte	0x97
 882 0594 09       		.byte	0x9
 883 0595 06       		.uleb128 0x6
 884 0596 D4000000 		.4byte	.LASF85
 885 059a 0A       		.byte	0xa
 886 059b E0       		.byte	0xe0
 887 059c 97000000 		.4byte	0x97
 888 05a0 0A       		.byte	0xa
 889 05a1 00       		.byte	0
 890 05a2 09       		.uleb128 0x9
 891 05a3 04       		.byte	0x4
 892 05a4 53040000 		.4byte	0x453
 893 05a8 09       		.uleb128 0x9
 894 05a9 04       		.byte	0x4
 895 05aa 31030000 		.4byte	0x331
 896 05ae 04       		.uleb128 0x4
 897 05af 25050000 		.4byte	.LASF86
 898 05b3 0A       		.byte	0xa
 899 05b4 E1       		.byte	0xe1
 900 05b5 5D050000 		.4byte	0x55d
 901 05b9 16       		.uleb128 0x16
 902 05ba 01       		.byte	0x1
 903 05bb 0B       		.byte	0xb
ARM GAS  /tmp/cc6xeTkm.s 			page 17


 904 05bc 33       		.byte	0x33
 905 05bd F8050000 		.4byte	0x5f8
 906 05c1 17       		.uleb128 0x17
 907 05c2 66010000 		.4byte	.LASF87
 908 05c6 00       		.sleb128 0
 909 05c7 17       		.uleb128 0x17
 910 05c8 AB010000 		.4byte	.LASF88
 911 05cc 01       		.sleb128 1
 912 05cd 17       		.uleb128 0x17
 913 05ce D3020000 		.4byte	.LASF89
 914 05d2 02       		.sleb128 2
 915 05d3 17       		.uleb128 0x17
 916 05d4 FA020000 		.4byte	.LASF90
 917 05d8 03       		.sleb128 3
 918 05d9 17       		.uleb128 0x17
 919 05da 19060000 		.4byte	.LASF91
 920 05de 04       		.sleb128 4
 921 05df 17       		.uleb128 0x17
 922 05e0 76030000 		.4byte	.LASF92
 923 05e4 05       		.sleb128 5
 924 05e5 17       		.uleb128 0x17
 925 05e6 3B030000 		.4byte	.LASF93
 926 05ea 06       		.sleb128 6
 927 05eb 17       		.uleb128 0x17
 928 05ec 59050000 		.4byte	.LASF94
 929 05f0 07       		.sleb128 7
 930 05f1 17       		.uleb128 0x17
 931 05f2 6A030000 		.4byte	.LASF95
 932 05f6 08       		.sleb128 8
 933 05f7 00       		.byte	0
 934 05f8 04       		.uleb128 0x4
 935 05f9 F9000000 		.4byte	.LASF96
 936 05fd 0B       		.byte	0xb
 937 05fe 3D       		.byte	0x3d
 938 05ff B9050000 		.4byte	0x5b9
 939 0603 08       		.uleb128 0x8
 940 0604 08       		.byte	0x8
 941 0605 0B       		.byte	0xb
 942 0606 42       		.byte	0x42
 943 0607 24060000 		.4byte	0x624
 944 060b 06       		.uleb128 0x6
 945 060c 35020000 		.4byte	.LASF97
 946 0610 0B       		.byte	0xb
 947 0611 43       		.byte	0x43
 948 0612 B8000000 		.4byte	0xb8
 949 0616 00       		.byte	0
 950 0617 06       		.uleb128 0x6
 951 0618 35000000 		.4byte	.LASF98
 952 061c 0B       		.byte	0xb
 953 061d 44       		.byte	0x44
 954 061e B8000000 		.4byte	0xb8
 955 0622 04       		.byte	0x4
 956 0623 00       		.byte	0
 957 0624 04       		.uleb128 0x4
 958 0625 00000000 		.4byte	.LASF99
 959 0629 0B       		.byte	0xb
 960 062a 45       		.byte	0x45
ARM GAS  /tmp/cc6xeTkm.s 			page 18


 961 062b 03060000 		.4byte	0x603
 962 062f 18       		.uleb128 0x18
 963 0630 C3000000 		.4byte	0xc3
 964 0634 3E060000 		.4byte	0x63e
 965 0638 19       		.uleb128 0x19
 966 0639 92020000 		.4byte	0x292
 967 063d 00       		.byte	0
 968 063e 09       		.uleb128 0x9
 969 063f 04       		.byte	0x4
 970 0640 2F060000 		.4byte	0x62f
 971 0644 18       		.uleb128 0x18
 972 0645 C3000000 		.4byte	0xc3
 973 0649 62060000 		.4byte	0x662
 974 064d 19       		.uleb128 0x19
 975 064e 92020000 		.4byte	0x292
 976 0652 19       		.uleb128 0x19
 977 0653 B8000000 		.4byte	0xb8
 978 0657 19       		.uleb128 0x19
 979 0658 D1030000 		.4byte	0x3d1
 980 065c 19       		.uleb128 0x19
 981 065d B8000000 		.4byte	0xb8
 982 0661 00       		.byte	0
 983 0662 09       		.uleb128 0x9
 984 0663 04       		.byte	0x4
 985 0664 44060000 		.4byte	0x644
 986 0668 18       		.uleb128 0x18
 987 0669 C3000000 		.4byte	0xc3
 988 066d 86060000 		.4byte	0x686
 989 0671 19       		.uleb128 0x19
 990 0672 92020000 		.4byte	0x292
 991 0676 19       		.uleb128 0x19
 992 0677 B8000000 		.4byte	0xb8
 993 067b 19       		.uleb128 0x19
 994 067c D7030000 		.4byte	0x3d7
 995 0680 19       		.uleb128 0x19
 996 0681 B8000000 		.4byte	0xb8
 997 0685 00       		.byte	0
 998 0686 09       		.uleb128 0x9
 999 0687 04       		.byte	0x4
 1000 0688 68060000 		.4byte	0x668
 1001 068c 18       		.uleb128 0x18
 1002 068d C3000000 		.4byte	0xc3
 1003 0691 A0060000 		.4byte	0x6a0
 1004 0695 19       		.uleb128 0x19
 1005 0696 92020000 		.4byte	0x292
 1006 069a 19       		.uleb128 0x19
 1007 069b A0060000 		.4byte	0x6a0
 1008 069f 00       		.byte	0
 1009 06a0 09       		.uleb128 0x9
 1010 06a1 04       		.byte	0x4
 1011 06a2 24060000 		.4byte	0x624
 1012 06a6 09       		.uleb128 0x9
 1013 06a7 04       		.byte	0x4
 1014 06a8 8C060000 		.4byte	0x68c
 1015 06ac 08       		.uleb128 0x8
 1016 06ad 04       		.byte	0x4
 1017 06ae 0C       		.byte	0xc
ARM GAS  /tmp/cc6xeTkm.s 			page 19


 1018 06af 96       		.byte	0x96
 1019 06b0 CD060000 		.4byte	0x6cd
 1020 06b4 07       		.uleb128 0x7
 1021 06b5 73657400 		.ascii	"set\000"
 1022 06b9 0C       		.byte	0xc
 1023 06ba 97       		.byte	0x97
 1024 06bb A2000000 		.4byte	0xa2
 1025 06bf 00       		.byte	0
 1026 06c0 06       		.uleb128 0x6
 1027 06c1 56030000 		.4byte	.LASF100
 1028 06c5 0C       		.byte	0xc
 1029 06c6 98       		.byte	0x98
 1030 06c7 A2000000 		.4byte	0xa2
 1031 06cb 02       		.byte	0x2
 1032 06cc 00       		.byte	0
 1033 06cd 0E       		.uleb128 0xe
 1034 06ce 04       		.byte	0x4
 1035 06cf 0C       		.byte	0xc
 1036 06d0 94       		.byte	0x94
 1037 06d1 E8060000 		.4byte	0x6e8
 1038 06d5 1A       		.uleb128 0x1a
 1039 06d6 5700     		.ascii	"W\000"
 1040 06d8 0C       		.byte	0xc
 1041 06d9 95       		.byte	0x95
 1042 06da B8000000 		.4byte	0xb8
 1043 06de 1A       		.uleb128 0x1a
 1044 06df 4800     		.ascii	"H\000"
 1045 06e1 0C       		.byte	0xc
 1046 06e2 99       		.byte	0x99
 1047 06e3 AC060000 		.4byte	0x6ac
 1048 06e7 00       		.byte	0
 1049 06e8 08       		.uleb128 0x8
 1050 06e9 28       		.byte	0x28
 1051 06ea 0C       		.byte	0xc
 1052 06eb 8C       		.byte	0x8c
 1053 06ec 69070000 		.4byte	0x769
 1054 06f0 06       		.uleb128 0x6
 1055 06f1 98000000 		.4byte	.LASF101
 1056 06f5 0C       		.byte	0xc
 1057 06f6 8E       		.byte	0x8e
 1058 06f7 31030000 		.4byte	0x331
 1059 06fb 00       		.byte	0
 1060 06fc 06       		.uleb128 0x6
 1061 06fd 51000000 		.4byte	.LASF102
 1062 0701 0C       		.byte	0xc
 1063 0702 8F       		.byte	0x8f
 1064 0703 31030000 		.4byte	0x331
 1065 0707 04       		.byte	0x4
 1066 0708 06       		.uleb128 0x6
 1067 0709 F9010000 		.4byte	.LASF103
 1068 070d 0C       		.byte	0xc
 1069 070e 90       		.byte	0x90
 1070 070f 31030000 		.4byte	0x331
 1071 0713 08       		.byte	0x8
 1072 0714 06       		.uleb128 0x6
 1073 0715 C5000000 		.4byte	.LASF104
 1074 0719 0C       		.byte	0xc
ARM GAS  /tmp/cc6xeTkm.s 			page 20


 1075 071a 91       		.byte	0x91
 1076 071b 31030000 		.4byte	0x331
 1077 071f 0C       		.byte	0xc
 1078 0720 07       		.uleb128 0x7
 1079 0721 49445200 		.ascii	"IDR\000"
 1080 0725 0C       		.byte	0xc
 1081 0726 92       		.byte	0x92
 1082 0727 31030000 		.4byte	0x331
 1083 072b 10       		.byte	0x10
 1084 072c 07       		.uleb128 0x7
 1085 072d 4F445200 		.ascii	"ODR\000"
 1086 0731 0C       		.byte	0xc
 1087 0732 93       		.byte	0x93
 1088 0733 31030000 		.4byte	0x331
 1089 0737 14       		.byte	0x14
 1090 0738 06       		.uleb128 0x6
 1091 0739 CD060000 		.4byte	.LASF105
 1092 073d 0C       		.byte	0xc
 1093 073e 9A       		.byte	0x9a
 1094 073f 69070000 		.4byte	0x769
 1095 0743 18       		.byte	0x18
 1096 0744 06       		.uleb128 0x6
 1097 0745 76020000 		.4byte	.LASF106
 1098 0749 0C       		.byte	0xc
 1099 074a 9B       		.byte	0x9b
 1100 074b 31030000 		.4byte	0x331
 1101 074f 1C       		.byte	0x1c
 1102 0750 06       		.uleb128 0x6
 1103 0751 B2030000 		.4byte	.LASF107
 1104 0755 0C       		.byte	0xc
 1105 0756 9C       		.byte	0x9c
 1106 0757 31030000 		.4byte	0x331
 1107 075b 20       		.byte	0x20
 1108 075c 06       		.uleb128 0x6
 1109 075d A3030000 		.4byte	.LASF108
 1110 0761 0C       		.byte	0xc
 1111 0762 9D       		.byte	0x9d
 1112 0763 31030000 		.4byte	0x331
 1113 0767 24       		.byte	0x24
 1114 0768 00       		.byte	0
 1115 0769 0D       		.uleb128 0xd
 1116 076a CD060000 		.4byte	0x6cd
 1117 076e 04       		.uleb128 0x4
 1118 076f DD010000 		.4byte	.LASF109
 1119 0773 0C       		.byte	0xc
 1120 0774 9E       		.byte	0x9e
 1121 0775 E8060000 		.4byte	0x6e8
 1122 0779 08       		.uleb128 0x8
 1123 077a 1C       		.byte	0x1c
 1124 077b 0C       		.byte	0xc
 1125 077c A3       		.byte	0xa3
 1126 077d D6070000 		.4byte	0x7d6
 1127 0781 06       		.uleb128 0x6
 1128 0782 56010000 		.4byte	.LASF110
 1129 0786 0C       		.byte	0xc
 1130 0787 A5       		.byte	0xa5
 1131 0788 B8000000 		.4byte	0xb8
ARM GAS  /tmp/cc6xeTkm.s 			page 21


 1132 078c 00       		.byte	0
 1133 078d 06       		.uleb128 0x6
 1134 078e 7A000000 		.4byte	.LASF111
 1135 0792 0C       		.byte	0xc
 1136 0793 A7       		.byte	0xa7
 1137 0794 B8000000 		.4byte	0xb8
 1138 0798 04       		.byte	0x4
 1139 0799 06       		.uleb128 0x6
 1140 079a 6E020000 		.4byte	.LASF112
 1141 079e 0C       		.byte	0xc
 1142 079f A9       		.byte	0xa9
 1143 07a0 B8000000 		.4byte	0xb8
 1144 07a4 08       		.byte	0x8
 1145 07a5 06       		.uleb128 0x6
 1146 07a6 F1060000 		.4byte	.LASF113
 1147 07aa 0C       		.byte	0xc
 1148 07ab AB       		.byte	0xab
 1149 07ac B8000000 		.4byte	0xb8
 1150 07b0 0C       		.byte	0xc
 1151 07b1 07       		.uleb128 0x7
 1152 07b2 6F647200 		.ascii	"odr\000"
 1153 07b6 0C       		.byte	0xc
 1154 07b7 AD       		.byte	0xad
 1155 07b8 B8000000 		.4byte	0xb8
 1156 07bc 10       		.byte	0x10
 1157 07bd 06       		.uleb128 0x6
 1158 07be 38050000 		.4byte	.LASF114
 1159 07c2 0C       		.byte	0xc
 1160 07c3 AF       		.byte	0xaf
 1161 07c4 B8000000 		.4byte	0xb8
 1162 07c8 14       		.byte	0x14
 1163 07c9 06       		.uleb128 0x6
 1164 07ca 97030000 		.4byte	.LASF115
 1165 07ce 0C       		.byte	0xc
 1166 07cf B1       		.byte	0xb1
 1167 07d0 B8000000 		.4byte	0xb8
 1168 07d4 18       		.byte	0x18
 1169 07d5 00       		.byte	0
 1170 07d6 04       		.uleb128 0x4
 1171 07d7 16000000 		.4byte	.LASF116
 1172 07db 0C       		.byte	0xc
 1173 07dc B2       		.byte	0xb2
 1174 07dd 79070000 		.4byte	0x779
 1175 07e1 08       		.uleb128 0x8
 1176 07e2 FC       		.byte	0xfc
 1177 07e3 0C       		.byte	0xc
 1178 07e4 BB       		.byte	0xbb
 1179 07e5 56080000 		.4byte	0x856
 1180 07e9 06       		.uleb128 0x6
 1181 07ea 88050000 		.4byte	.LASF117
 1182 07ee 0C       		.byte	0xc
 1183 07ef BE       		.byte	0xbe
 1184 07f0 D6070000 		.4byte	0x7d6
 1185 07f4 00       		.byte	0
 1186 07f5 06       		.uleb128 0x6
 1187 07f6 4F020000 		.4byte	.LASF118
 1188 07fa 0C       		.byte	0xc
ARM GAS  /tmp/cc6xeTkm.s 			page 22


 1189 07fb C2       		.byte	0xc2
 1190 07fc D6070000 		.4byte	0x7d6
 1191 0800 1C       		.byte	0x1c
 1192 0801 06       		.uleb128 0x6
 1193 0802 0A070000 		.4byte	.LASF119
 1194 0806 0C       		.byte	0xc
 1195 0807 C6       		.byte	0xc6
 1196 0808 D6070000 		.4byte	0x7d6
 1197 080c 38       		.byte	0x38
 1198 080d 06       		.uleb128 0x6
 1199 080e 9C030000 		.4byte	.LASF120
 1200 0812 0C       		.byte	0xc
 1201 0813 CA       		.byte	0xca
 1202 0814 D6070000 		.4byte	0x7d6
 1203 0818 54       		.byte	0x54
 1204 0819 06       		.uleb128 0x6
 1205 081a 80010000 		.4byte	.LASF121
 1206 081e 0C       		.byte	0xc
 1207 081f CE       		.byte	0xce
 1208 0820 D6070000 		.4byte	0x7d6
 1209 0824 70       		.byte	0x70
 1210 0825 06       		.uleb128 0x6
 1211 0826 CC020000 		.4byte	.LASF122
 1212 082a 0C       		.byte	0xc
 1213 082b D2       		.byte	0xd2
 1214 082c D6070000 		.4byte	0x7d6
 1215 0830 8C       		.byte	0x8c
 1216 0831 06       		.uleb128 0x6
 1217 0832 2E030000 		.4byte	.LASF123
 1218 0836 0C       		.byte	0xc
 1219 0837 D6       		.byte	0xd6
 1220 0838 D6070000 		.4byte	0x7d6
 1221 083c A8       		.byte	0xa8
 1222 083d 06       		.uleb128 0x6
 1223 083e 91000000 		.4byte	.LASF124
 1224 0842 0C       		.byte	0xc
 1225 0843 DA       		.byte	0xda
 1226 0844 D6070000 		.4byte	0x7d6
 1227 0848 C4       		.byte	0xc4
 1228 0849 06       		.uleb128 0x6
 1229 084a A5050000 		.4byte	.LASF125
 1230 084e 0C       		.byte	0xc
 1231 084f DE       		.byte	0xde
 1232 0850 D6070000 		.4byte	0x7d6
 1233 0854 E0       		.byte	0xe0
 1234 0855 00       		.byte	0
 1235 0856 04       		.uleb128 0x4
 1236 0857 21070000 		.4byte	.LASF126
 1237 085b 0C       		.byte	0xc
 1238 085c E0       		.byte	0xe0
 1239 085d E1070000 		.4byte	0x7e1
 1240 0861 04       		.uleb128 0x4
 1241 0862 86060000 		.4byte	.LASF127
 1242 0866 0C       		.byte	0xc
 1243 0867 FD       		.byte	0xfd
 1244 0868 6C080000 		.4byte	0x86c
 1245 086c 09       		.uleb128 0x9
ARM GAS  /tmp/cc6xeTkm.s 			page 23


 1246 086d 04       		.byte	0x4
 1247 086e 6E070000 		.4byte	0x76e
 1248 0872 16       		.uleb128 0x16
 1249 0873 01       		.byte	0x1
 1250 0874 0D       		.byte	0xd
 1251 0875 55       		.byte	0x55
 1252 0876 99080000 		.4byte	0x899
 1253 087a 17       		.uleb128 0x17
 1254 087b B1060000 		.4byte	.LASF128
 1255 087f 00       		.sleb128 0
 1256 0880 17       		.uleb128 0x17
 1257 0881 2B010000 		.4byte	.LASF129
 1258 0885 01       		.sleb128 1
 1259 0886 17       		.uleb128 0x17
 1260 0887 B5000000 		.4byte	.LASF130
 1261 088b 02       		.sleb128 2
 1262 088c 17       		.uleb128 0x17
 1263 088d 62000000 		.4byte	.LASF131
 1264 0891 03       		.sleb128 3
 1265 0892 17       		.uleb128 0x17
 1266 0893 0C060000 		.4byte	.LASF132
 1267 0897 04       		.sleb128 4
 1268 0898 00       		.byte	0
 1269 0899 04       		.uleb128 0x4
 1270 089a 3D060000 		.4byte	.LASF133
 1271 089e 0D       		.byte	0xd
 1272 089f 5B       		.byte	0x5b
 1273 08a0 72080000 		.4byte	0x872
 1274 08a4 15       		.uleb128 0x15
 1275 08a5 DB000000 		.4byte	.LASF134
 1276 08a9 0E       		.byte	0xe
 1277 08aa E701     		.2byte	0x1e7
 1278 08ac B0080000 		.4byte	0x8b0
 1279 08b0 0B       		.uleb128 0xb
 1280 08b1 DB000000 		.4byte	.LASF134
 1281 08b5 20       		.byte	0x20
 1282 08b6 0E       		.byte	0xe
 1283 08b7 0B02     		.2byte	0x20b
 1284 08b9 26090000 		.4byte	0x926
 1285 08bd 14       		.uleb128 0x14
 1286 08be 71010000 		.4byte	.LASF135
 1287 08c2 0E       		.byte	0xe
 1288 08c3 0F02     		.2byte	0x20f
 1289 08c5 99080000 		.4byte	0x899
 1290 08c9 00       		.byte	0
 1291 08ca 14       		.uleb128 0x14
 1292 08cb 2B060000 		.4byte	.LASF136
 1293 08cf 0E       		.byte	0xe
 1294 08d0 1302     		.2byte	0x213
 1295 08d2 93090000 		.4byte	0x993
 1296 08d6 04       		.byte	0x4
 1297 08d7 14       		.uleb128 0x14
 1298 08d8 02050000 		.4byte	.LASF137
 1299 08dc 0E       		.byte	0xe
 1300 08dd 1802     		.2byte	0x218
 1301 08df 56020000 		.4byte	0x256
 1302 08e3 08       		.byte	0x8
ARM GAS  /tmp/cc6xeTkm.s 			page 24


 1303 08e4 0C       		.uleb128 0xc
 1304 08e5 73706900 		.ascii	"spi\000"
 1305 08e9 0E       		.byte	0xe
 1306 08ea 2B02     		.2byte	0x22b
 1307 08ec 9E090000 		.4byte	0x99e
 1308 08f0 0C       		.byte	0xc
 1309 08f1 14       		.uleb128 0x14
 1310 08f2 10000000 		.4byte	.LASF138
 1311 08f6 0E       		.byte	0xe
 1312 08f7 2F02     		.2byte	0x22f
 1313 08f9 A4090000 		.4byte	0x9a4
 1314 08fd 10       		.byte	0x10
 1315 08fe 14       		.uleb128 0x14
 1316 08ff F3010000 		.4byte	.LASF139
 1317 0903 0E       		.byte	0xe
 1318 0904 3302     		.2byte	0x233
 1319 0906 A4090000 		.4byte	0x9a4
 1320 090a 14       		.byte	0x14
 1321 090b 14       		.uleb128 0x14
 1322 090c D3010000 		.4byte	.LASF140
 1323 0910 0E       		.byte	0xe
 1324 0911 3702     		.2byte	0x237
 1325 0913 B8000000 		.4byte	0xb8
 1326 0917 18       		.byte	0x18
 1327 0918 14       		.uleb128 0x14
 1328 0919 8D030000 		.4byte	.LASF141
 1329 091d 0E       		.byte	0xe
 1330 091e 3B02     		.2byte	0x23b
 1331 0920 B8000000 		.4byte	0xb8
 1332 0924 1C       		.byte	0x1c
 1333 0925 00       		.byte	0
 1334 0926 15       		.uleb128 0x15
 1335 0927 27020000 		.4byte	.LASF142
 1336 092b 0E       		.byte	0xe
 1337 092c EF01     		.2byte	0x1ef
 1338 092e 32090000 		.4byte	0x932
 1339 0932 09       		.uleb128 0x9
 1340 0933 04       		.byte	0x4
 1341 0934 38090000 		.4byte	0x938
 1342 0938 1B       		.uleb128 0x1b
 1343 0939 43090000 		.4byte	0x943
 1344 093d 19       		.uleb128 0x19
 1345 093e 43090000 		.4byte	0x943
 1346 0942 00       		.byte	0
 1347 0943 09       		.uleb128 0x9
 1348 0944 04       		.byte	0x4
 1349 0945 A4080000 		.4byte	0x8a4
 1350 0949 13       		.uleb128 0x13
 1351 094a 0C       		.byte	0xc
 1352 094b 0E       		.byte	0xe
 1353 094c F401     		.2byte	0x1f4
 1354 094e 87090000 		.4byte	0x987
 1355 0952 14       		.uleb128 0x14
 1356 0953 CC010000 		.4byte	.LASF143
 1357 0957 0E       		.byte	0xe
 1358 0958 F801     		.2byte	0x1f8
 1359 095a 26090000 		.4byte	0x926
ARM GAS  /tmp/cc6xeTkm.s 			page 25


 1360 095e 00       		.byte	0
 1361 095f 14       		.uleb128 0x14
 1362 0960 E5000000 		.4byte	.LASF144
 1363 0964 0E       		.byte	0xe
 1364 0965 FD01     		.2byte	0x1fd
 1365 0967 61080000 		.4byte	0x861
 1366 096b 04       		.byte	0x4
 1367 096c 14       		.uleb128 0x14
 1368 096d 0B010000 		.4byte	.LASF145
 1369 0971 0E       		.byte	0xe
 1370 0972 0102     		.2byte	0x201
 1371 0974 A2000000 		.4byte	0xa2
 1372 0978 08       		.byte	0x8
 1373 0979 0C       		.uleb128 0xc
 1374 097a 63723100 		.ascii	"cr1\000"
 1375 097e 0E       		.byte	0xe
 1376 097f 0502     		.2byte	0x205
 1377 0981 A2000000 		.4byte	0xa2
 1378 0985 0A       		.byte	0xa
 1379 0986 00       		.byte	0
 1380 0987 15       		.uleb128 0x15
 1381 0988 11070000 		.4byte	.LASF146
 1382 098c 0E       		.byte	0xe
 1383 098d 0602     		.2byte	0x206
 1384 098f 49090000 		.4byte	0x949
 1385 0993 09       		.uleb128 0x9
 1386 0994 04       		.byte	0x4
 1387 0995 99090000 		.4byte	0x999
 1388 0999 10       		.uleb128 0x10
 1389 099a 87090000 		.4byte	0x987
 1390 099e 09       		.uleb128 0x9
 1391 099f 04       		.byte	0x4
 1392 09a0 51050000 		.4byte	0x551
 1393 09a4 09       		.uleb128 0x9
 1394 09a5 04       		.byte	0x4
 1395 09a6 AA090000 		.4byte	0x9aa
 1396 09aa 10       		.uleb128 0x10
 1397 09ab AE050000 		.4byte	0x5ae
 1398 09af 08       		.uleb128 0x8
 1399 09b0 0C       		.byte	0xc
 1400 09b1 0F       		.byte	0xf
 1401 09b2 56       		.byte	0x56
 1402 09b3 DC090000 		.4byte	0x9dc
 1403 09b7 06       		.uleb128 0x6
 1404 09b8 11030000 		.4byte	.LASF147
 1405 09bc 0F       		.byte	0xf
 1406 09bd 5A       		.byte	0x5a
 1407 09be 43090000 		.4byte	0x943
 1408 09c2 00       		.byte	0
 1409 09c3 06       		.uleb128 0x6
 1410 09c4 DE020000 		.4byte	.LASF148
 1411 09c8 0F       		.byte	0xf
 1412 09c9 5E       		.byte	0x5e
 1413 09ca 93090000 		.4byte	0x993
 1414 09ce 04       		.byte	0x4
 1415 09cf 06       		.uleb128 0x6
 1416 09d0 D2060000 		.4byte	.LASF149
ARM GAS  /tmp/cc6xeTkm.s 			page 26


 1417 09d4 0F       		.byte	0xf
 1418 09d5 62       		.byte	0x62
 1419 09d6 93090000 		.4byte	0x993
 1420 09da 08       		.byte	0x8
 1421 09db 00       		.byte	0
 1422 09dc 04       		.uleb128 0x4
 1423 09dd A8030000 		.4byte	.LASF150
 1424 09e1 0F       		.byte	0xf
 1425 09e2 63       		.byte	0x63
 1426 09e3 AF090000 		.4byte	0x9af
 1427 09e7 05       		.uleb128 0x5
 1428 09e8 6D000000 		.4byte	.LASF151
 1429 09ec 20       		.byte	0x20
 1430 09ed 0F       		.byte	0xf
 1431 09ee 70       		.byte	0x70
 1432 09ef 540A0000 		.4byte	0xa54
 1433 09f3 06       		.uleb128 0x6
 1434 09f4 A0060000 		.4byte	.LASF152
 1435 09f8 0F       		.byte	0xf
 1436 09f9 71       		.byte	0x71
 1437 09fa 3E060000 		.4byte	0x63e
 1438 09fe 00       		.byte	0
 1439 09ff 06       		.uleb128 0x6
 1440 0a00 44000000 		.4byte	.LASF153
 1441 0a04 0F       		.byte	0xf
 1442 0a05 71       		.byte	0x71
 1443 0a06 3E060000 		.4byte	0x63e
 1444 0a0a 04       		.byte	0x4
 1445 0a0b 06       		.uleb128 0x6
 1446 0a0c AC050000 		.4byte	.LASF154
 1447 0a10 0F       		.byte	0xf
 1448 0a11 71       		.byte	0x71
 1449 0a12 3E060000 		.4byte	0x63e
 1450 0a16 08       		.byte	0x8
 1451 0a17 06       		.uleb128 0x6
 1452 0a18 4B010000 		.4byte	.LASF155
 1453 0a1c 0F       		.byte	0xf
 1454 0a1d 71       		.byte	0x71
 1455 0a1e 3E060000 		.4byte	0x63e
 1456 0a22 0C       		.byte	0xc
 1457 0a23 06       		.uleb128 0x6
 1458 0a24 02060000 		.4byte	.LASF156
 1459 0a28 0F       		.byte	0xf
 1460 0a29 71       		.byte	0x71
 1461 0a2a 62060000 		.4byte	0x662
 1462 0a2e 10       		.byte	0x10
 1463 0a2f 06       		.uleb128 0x6
 1464 0a30 35030000 		.4byte	.LASF157
 1465 0a34 0F       		.byte	0xf
 1466 0a35 71       		.byte	0x71
 1467 0a36 86060000 		.4byte	0x686
 1468 0a3a 14       		.byte	0x14
 1469 0a3b 06       		.uleb128 0x6
 1470 0a3c F7060000 		.4byte	.LASF158
 1471 0a40 0F       		.byte	0xf
 1472 0a41 71       		.byte	0x71
 1473 0a42 3E060000 		.4byte	0x63e
ARM GAS  /tmp/cc6xeTkm.s 			page 27


 1474 0a46 18       		.byte	0x18
 1475 0a47 06       		.uleb128 0x6
 1476 0a48 EA010000 		.4byte	.LASF159
 1477 0a4c 0F       		.byte	0xf
 1478 0a4d 71       		.byte	0x71
 1479 0a4e A6060000 		.4byte	0x6a6
 1480 0a52 1C       		.byte	0x1c
 1481 0a53 00       		.byte	0
 1482 0a54 08       		.uleb128 0x8
 1483 0a55 34       		.byte	0x34
 1484 0a56 0F       		.byte	0xf
 1485 0a57 79       		.byte	0x79
 1486 0a58 B10A0000 		.4byte	0xab1
 1487 0a5c 07       		.uleb128 0x7
 1488 0a5d 766D7400 		.ascii	"vmt\000"
 1489 0a61 0F       		.byte	0xf
 1490 0a62 7D       		.byte	0x7d
 1491 0a63 B10A0000 		.4byte	0xab1
 1492 0a67 00       		.byte	0
 1493 0a68 06       		.uleb128 0x6
 1494 0a69 71010000 		.4byte	.LASF135
 1495 0a6d 0F       		.byte	0xf
 1496 0a6e 7E       		.byte	0x7e
 1497 0a6f F8050000 		.4byte	0x5f8
 1498 0a73 04       		.byte	0x4
 1499 0a74 07       		.uleb128 0x7
 1500 0a75 63696400 		.ascii	"cid\000"
 1501 0a79 0F       		.byte	0xf
 1502 0a7a 7E       		.byte	0x7e
 1503 0a7b E2030000 		.4byte	0x3e2
 1504 0a7f 08       		.byte	0x8
 1505 0a80 07       		.uleb128 0x7
 1506 0a81 63736400 		.ascii	"csd\000"
 1507 0a85 0F       		.byte	0xf
 1508 0a86 7E       		.byte	0x7e
 1509 0a87 E2030000 		.4byte	0x3e2
 1510 0a8b 18       		.byte	0x18
 1511 0a8c 06       		.uleb128 0x6
 1512 0a8d 81000000 		.4byte	.LASF160
 1513 0a91 0F       		.byte	0xf
 1514 0a92 7E       		.byte	0x7e
 1515 0a93 B8000000 		.4byte	0xb8
 1516 0a97 28       		.byte	0x28
 1517 0a98 06       		.uleb128 0x6
 1518 0a99 2B060000 		.4byte	.LASF136
 1519 0a9d 0F       		.byte	0xf
 1520 0a9e 82       		.byte	0x82
 1521 0a9f BC0A0000 		.4byte	0xabc
 1522 0aa3 2C       		.byte	0x2c
 1523 0aa4 06       		.uleb128 0x6
 1524 0aa5 E4020000 		.4byte	.LASF161
 1525 0aa9 0F       		.byte	0xf
 1526 0aaa 86       		.byte	0x86
 1527 0aab C3000000 		.4byte	0xc3
 1528 0aaf 30       		.byte	0x30
 1529 0ab0 00       		.byte	0
 1530 0ab1 09       		.uleb128 0x9
ARM GAS  /tmp/cc6xeTkm.s 			page 28


 1531 0ab2 04       		.byte	0x4
 1532 0ab3 B70A0000 		.4byte	0xab7
 1533 0ab7 10       		.uleb128 0x10
 1534 0ab8 E7090000 		.4byte	0x9e7
 1535 0abc 09       		.uleb128 0x9
 1536 0abd 04       		.byte	0x4
 1537 0abe C20A0000 		.4byte	0xac2
 1538 0ac2 10       		.uleb128 0x10
 1539 0ac3 DC090000 		.4byte	0x9dc
 1540 0ac7 04       		.uleb128 0x4
 1541 0ac8 BC060000 		.4byte	.LASF162
 1542 0acc 0F       		.byte	0xf
 1543 0acd 87       		.byte	0x87
 1544 0ace 540A0000 		.4byte	0xa54
 1545 0ad2 1C       		.uleb128 0x1c
 1546 0ad3 82020000 		.4byte	.LASF171
 1547 0ad7 01       		.byte	0x1
 1548 0ad8 36       		.byte	0x36
 1549 0ad9 00000000 		.4byte	.LFB118
 1550 0add 04000000 		.4byte	.LFE118-.LFB118
 1551 0ae1 01       		.uleb128 0x1
 1552 0ae2 9C       		.byte	0x9c
 1553 0ae3 F10A0000 		.4byte	0xaf1
 1554 0ae7 1D       		.uleb128 0x1d
 1555 0ae8 04000000 		.4byte	.LVL0
 1556 0aec 7C0B0000 		.4byte	0xb7c
 1557 0af0 00       		.byte	0
 1558 0af1 1E       		.uleb128 0x1e
 1559 0af2 6F050000 		.4byte	.LASF163
 1560 0af6 01       		.byte	0x1
 1561 0af7 55       		.byte	0x55
 1562 0af8 C3000000 		.4byte	0xc3
 1563 0afc 00000000 		.4byte	.LFB119
 1564 0b00 04000000 		.4byte	.LFE119-.LFB119
 1565 0b04 01       		.uleb128 0x1
 1566 0b05 9C       		.byte	0x9c
 1567 0b06 1A0B0000 		.4byte	0xb1a
 1568 0b0a 1F       		.uleb128 0x1f
 1569 0b0b DF050000 		.4byte	.LASF165
 1570 0b0f 01       		.byte	0x1
 1571 0b10 55       		.byte	0x55
 1572 0b11 1A0B0000 		.4byte	0xb1a
 1573 0b15 00000000 		.4byte	.LLST0
 1574 0b19 00       		.byte	0
 1575 0b1a 09       		.uleb128 0x9
 1576 0b1b 04       		.byte	0x4
 1577 0b1c C70A0000 		.4byte	0xac7
 1578 0b20 1E       		.uleb128 0x1e
 1579 0b21 90010000 		.4byte	.LASF164
 1580 0b25 01       		.byte	0x1
 1581 0b26 5F       		.byte	0x5f
 1582 0b27 C3000000 		.4byte	0xc3
 1583 0b2b 00000000 		.4byte	.LFB120
 1584 0b2f 04000000 		.4byte	.LFE120-.LFB120
 1585 0b33 01       		.uleb128 0x1
 1586 0b34 9C       		.byte	0x9c
 1587 0b35 490B0000 		.4byte	0xb49
ARM GAS  /tmp/cc6xeTkm.s 			page 29


 1588 0b39 1F       		.uleb128 0x1f
 1589 0b3a DF050000 		.4byte	.LASF165
 1590 0b3e 01       		.byte	0x1
 1591 0b3f 5F       		.byte	0x5f
 1592 0b40 1A0B0000 		.4byte	0xb1a
 1593 0b44 21000000 		.4byte	.LLST1
 1594 0b48 00       		.byte	0
 1595 0b49 20       		.uleb128 0x20
 1596 0b4a DF060000 		.4byte	.LASF172
 1597 0b4e 01       		.byte	0x1
 1598 0b4f 6B       		.byte	0x6b
 1599 0b50 00000000 		.4byte	.LFB121
 1600 0b54 02000000 		.4byte	.LFE121-.LFB121
 1601 0b58 01       		.uleb128 0x1
 1602 0b59 9C       		.byte	0x9c
 1603 0b5a 21       		.uleb128 0x21
 1604 0b5b EC000000 		.4byte	.LASF166
 1605 0b5f 10       		.byte	0x10
 1606 0b60 9806     		.2byte	0x698
 1607 0b62 F7030000 		.4byte	0x3f7
 1608 0b66 22       		.uleb128 0x22
 1609 0b67 33070000 		.4byte	.LASF167
 1610 0b6b 01       		.byte	0x1
 1611 0b6c 1A       		.byte	0x1a
 1612 0b6d 770B0000 		.4byte	0xb77
 1613 0b71 05       		.uleb128 0x5
 1614 0b72 03       		.byte	0x3
 1615 0b73 00000000 		.4byte	pal_default_config
 1616 0b77 10       		.uleb128 0x10
 1617 0b78 56080000 		.4byte	0x856
 1618 0b7c 23       		.uleb128 0x23
 1619 0b7d 3E020000 		.4byte	.LASF173
 1620 0b81 11       		.byte	0x11
 1621 0b82 CB06     		.2byte	0x6cb
 1622 0b84 00       		.byte	0
 1623              		.section	.debug_abbrev,"",%progbits
 1624              	.Ldebug_abbrev0:
 1625 0000 01       		.uleb128 0x1
 1626 0001 11       		.uleb128 0x11
 1627 0002 01       		.byte	0x1
 1628 0003 25       		.uleb128 0x25
 1629 0004 0E       		.uleb128 0xe
 1630 0005 13       		.uleb128 0x13
 1631 0006 0B       		.uleb128 0xb
 1632 0007 03       		.uleb128 0x3
 1633 0008 0E       		.uleb128 0xe
 1634 0009 1B       		.uleb128 0x1b
 1635 000a 0E       		.uleb128 0xe
 1636 000b 55       		.uleb128 0x55
 1637 000c 17       		.uleb128 0x17
 1638 000d 11       		.uleb128 0x11
 1639 000e 01       		.uleb128 0x1
 1640 000f 10       		.uleb128 0x10
 1641 0010 17       		.uleb128 0x17
 1642 0011 00       		.byte	0
 1643 0012 00       		.byte	0
 1644 0013 02       		.uleb128 0x2
ARM GAS  /tmp/cc6xeTkm.s 			page 30


 1645 0014 24       		.uleb128 0x24
 1646 0015 00       		.byte	0
 1647 0016 0B       		.uleb128 0xb
 1648 0017 0B       		.uleb128 0xb
 1649 0018 3E       		.uleb128 0x3e
 1650 0019 0B       		.uleb128 0xb
 1651 001a 03       		.uleb128 0x3
 1652 001b 08       		.uleb128 0x8
 1653 001c 00       		.byte	0
 1654 001d 00       		.byte	0
 1655 001e 03       		.uleb128 0x3
 1656 001f 24       		.uleb128 0x24
 1657 0020 00       		.byte	0
 1658 0021 0B       		.uleb128 0xb
 1659 0022 0B       		.uleb128 0xb
 1660 0023 3E       		.uleb128 0x3e
 1661 0024 0B       		.uleb128 0xb
 1662 0025 03       		.uleb128 0x3
 1663 0026 0E       		.uleb128 0xe
 1664 0027 00       		.byte	0
 1665 0028 00       		.byte	0
 1666 0029 04       		.uleb128 0x4
 1667 002a 16       		.uleb128 0x16
 1668 002b 00       		.byte	0
 1669 002c 03       		.uleb128 0x3
 1670 002d 0E       		.uleb128 0xe
 1671 002e 3A       		.uleb128 0x3a
 1672 002f 0B       		.uleb128 0xb
 1673 0030 3B       		.uleb128 0x3b
 1674 0031 0B       		.uleb128 0xb
 1675 0032 49       		.uleb128 0x49
 1676 0033 13       		.uleb128 0x13
 1677 0034 00       		.byte	0
 1678 0035 00       		.byte	0
 1679 0036 05       		.uleb128 0x5
 1680 0037 13       		.uleb128 0x13
 1681 0038 01       		.byte	0x1
 1682 0039 03       		.uleb128 0x3
 1683 003a 0E       		.uleb128 0xe
 1684 003b 0B       		.uleb128 0xb
 1685 003c 0B       		.uleb128 0xb
 1686 003d 3A       		.uleb128 0x3a
 1687 003e 0B       		.uleb128 0xb
 1688 003f 3B       		.uleb128 0x3b
 1689 0040 0B       		.uleb128 0xb
 1690 0041 01       		.uleb128 0x1
 1691 0042 13       		.uleb128 0x13
 1692 0043 00       		.byte	0
 1693 0044 00       		.byte	0
 1694 0045 06       		.uleb128 0x6
 1695 0046 0D       		.uleb128 0xd
 1696 0047 00       		.byte	0
 1697 0048 03       		.uleb128 0x3
 1698 0049 0E       		.uleb128 0xe
 1699 004a 3A       		.uleb128 0x3a
 1700 004b 0B       		.uleb128 0xb
 1701 004c 3B       		.uleb128 0x3b
ARM GAS  /tmp/cc6xeTkm.s 			page 31


 1702 004d 0B       		.uleb128 0xb
 1703 004e 49       		.uleb128 0x49
 1704 004f 13       		.uleb128 0x13
 1705 0050 38       		.uleb128 0x38
 1706 0051 0B       		.uleb128 0xb
 1707 0052 00       		.byte	0
 1708 0053 00       		.byte	0
 1709 0054 07       		.uleb128 0x7
 1710 0055 0D       		.uleb128 0xd
 1711 0056 00       		.byte	0
 1712 0057 03       		.uleb128 0x3
 1713 0058 08       		.uleb128 0x8
 1714 0059 3A       		.uleb128 0x3a
 1715 005a 0B       		.uleb128 0xb
 1716 005b 3B       		.uleb128 0x3b
 1717 005c 0B       		.uleb128 0xb
 1718 005d 49       		.uleb128 0x49
 1719 005e 13       		.uleb128 0x13
 1720 005f 38       		.uleb128 0x38
 1721 0060 0B       		.uleb128 0xb
 1722 0061 00       		.byte	0
 1723 0062 00       		.byte	0
 1724 0063 08       		.uleb128 0x8
 1725 0064 13       		.uleb128 0x13
 1726 0065 01       		.byte	0x1
 1727 0066 0B       		.uleb128 0xb
 1728 0067 0B       		.uleb128 0xb
 1729 0068 3A       		.uleb128 0x3a
 1730 0069 0B       		.uleb128 0xb
 1731 006a 3B       		.uleb128 0x3b
 1732 006b 0B       		.uleb128 0xb
 1733 006c 01       		.uleb128 0x1
 1734 006d 13       		.uleb128 0x13
 1735 006e 00       		.byte	0
 1736 006f 00       		.byte	0
 1737 0070 09       		.uleb128 0x9
 1738 0071 0F       		.uleb128 0xf
 1739 0072 00       		.byte	0
 1740 0073 0B       		.uleb128 0xb
 1741 0074 0B       		.uleb128 0xb
 1742 0075 49       		.uleb128 0x49
 1743 0076 13       		.uleb128 0x13
 1744 0077 00       		.byte	0
 1745 0078 00       		.byte	0
 1746 0079 0A       		.uleb128 0xa
 1747 007a 0F       		.uleb128 0xf
 1748 007b 00       		.byte	0
 1749 007c 0B       		.uleb128 0xb
 1750 007d 0B       		.uleb128 0xb
 1751 007e 00       		.byte	0
 1752 007f 00       		.byte	0
 1753 0080 0B       		.uleb128 0xb
 1754 0081 13       		.uleb128 0x13
 1755 0082 01       		.byte	0x1
 1756 0083 03       		.uleb128 0x3
 1757 0084 0E       		.uleb128 0xe
 1758 0085 0B       		.uleb128 0xb
ARM GAS  /tmp/cc6xeTkm.s 			page 32


 1759 0086 0B       		.uleb128 0xb
 1760 0087 3A       		.uleb128 0x3a
 1761 0088 0B       		.uleb128 0xb
 1762 0089 3B       		.uleb128 0x3b
 1763 008a 05       		.uleb128 0x5
 1764 008b 01       		.uleb128 0x1
 1765 008c 13       		.uleb128 0x13
 1766 008d 00       		.byte	0
 1767 008e 00       		.byte	0
 1768 008f 0C       		.uleb128 0xc
 1769 0090 0D       		.uleb128 0xd
 1770 0091 00       		.byte	0
 1771 0092 03       		.uleb128 0x3
 1772 0093 08       		.uleb128 0x8
 1773 0094 3A       		.uleb128 0x3a
 1774 0095 0B       		.uleb128 0xb
 1775 0096 3B       		.uleb128 0x3b
 1776 0097 05       		.uleb128 0x5
 1777 0098 49       		.uleb128 0x49
 1778 0099 13       		.uleb128 0x13
 1779 009a 38       		.uleb128 0x38
 1780 009b 0B       		.uleb128 0xb
 1781 009c 00       		.byte	0
 1782 009d 00       		.byte	0
 1783 009e 0D       		.uleb128 0xd
 1784 009f 35       		.uleb128 0x35
 1785 00a0 00       		.byte	0
 1786 00a1 49       		.uleb128 0x49
 1787 00a2 13       		.uleb128 0x13
 1788 00a3 00       		.byte	0
 1789 00a4 00       		.byte	0
 1790 00a5 0E       		.uleb128 0xe
 1791 00a6 17       		.uleb128 0x17
 1792 00a7 01       		.byte	0x1
 1793 00a8 0B       		.uleb128 0xb
 1794 00a9 0B       		.uleb128 0xb
 1795 00aa 3A       		.uleb128 0x3a
 1796 00ab 0B       		.uleb128 0xb
 1797 00ac 3B       		.uleb128 0x3b
 1798 00ad 0B       		.uleb128 0xb
 1799 00ae 01       		.uleb128 0x1
 1800 00af 13       		.uleb128 0x13
 1801 00b0 00       		.byte	0
 1802 00b1 00       		.byte	0
 1803 00b2 0F       		.uleb128 0xf
 1804 00b3 0D       		.uleb128 0xd
 1805 00b4 00       		.byte	0
 1806 00b5 03       		.uleb128 0x3
 1807 00b6 0E       		.uleb128 0xe
 1808 00b7 3A       		.uleb128 0x3a
 1809 00b8 0B       		.uleb128 0xb
 1810 00b9 3B       		.uleb128 0x3b
 1811 00ba 0B       		.uleb128 0xb
 1812 00bb 49       		.uleb128 0x49
 1813 00bc 13       		.uleb128 0x13
 1814 00bd 00       		.byte	0
 1815 00be 00       		.byte	0
ARM GAS  /tmp/cc6xeTkm.s 			page 33


 1816 00bf 10       		.uleb128 0x10
 1817 00c0 26       		.uleb128 0x26
 1818 00c1 00       		.byte	0
 1819 00c2 49       		.uleb128 0x49
 1820 00c3 13       		.uleb128 0x13
 1821 00c4 00       		.byte	0
 1822 00c5 00       		.byte	0
 1823 00c6 11       		.uleb128 0x11
 1824 00c7 01       		.uleb128 0x1
 1825 00c8 01       		.byte	0x1
 1826 00c9 49       		.uleb128 0x49
 1827 00ca 13       		.uleb128 0x13
 1828 00cb 01       		.uleb128 0x1
 1829 00cc 13       		.uleb128 0x13
 1830 00cd 00       		.byte	0
 1831 00ce 00       		.byte	0
 1832 00cf 12       		.uleb128 0x12
 1833 00d0 21       		.uleb128 0x21
 1834 00d1 00       		.byte	0
 1835 00d2 49       		.uleb128 0x49
 1836 00d3 13       		.uleb128 0x13
 1837 00d4 2F       		.uleb128 0x2f
 1838 00d5 0B       		.uleb128 0xb
 1839 00d6 00       		.byte	0
 1840 00d7 00       		.byte	0
 1841 00d8 13       		.uleb128 0x13
 1842 00d9 13       		.uleb128 0x13
 1843 00da 01       		.byte	0x1
 1844 00db 0B       		.uleb128 0xb
 1845 00dc 0B       		.uleb128 0xb
 1846 00dd 3A       		.uleb128 0x3a
 1847 00de 0B       		.uleb128 0xb
 1848 00df 3B       		.uleb128 0x3b
 1849 00e0 05       		.uleb128 0x5
 1850 00e1 01       		.uleb128 0x1
 1851 00e2 13       		.uleb128 0x13
 1852 00e3 00       		.byte	0
 1853 00e4 00       		.byte	0
 1854 00e5 14       		.uleb128 0x14
 1855 00e6 0D       		.uleb128 0xd
 1856 00e7 00       		.byte	0
 1857 00e8 03       		.uleb128 0x3
 1858 00e9 0E       		.uleb128 0xe
 1859 00ea 3A       		.uleb128 0x3a
 1860 00eb 0B       		.uleb128 0xb
 1861 00ec 3B       		.uleb128 0x3b
 1862 00ed 05       		.uleb128 0x5
 1863 00ee 49       		.uleb128 0x49
 1864 00ef 13       		.uleb128 0x13
 1865 00f0 38       		.uleb128 0x38
 1866 00f1 0B       		.uleb128 0xb
 1867 00f2 00       		.byte	0
 1868 00f3 00       		.byte	0
 1869 00f4 15       		.uleb128 0x15
 1870 00f5 16       		.uleb128 0x16
 1871 00f6 00       		.byte	0
 1872 00f7 03       		.uleb128 0x3
ARM GAS  /tmp/cc6xeTkm.s 			page 34


 1873 00f8 0E       		.uleb128 0xe
 1874 00f9 3A       		.uleb128 0x3a
 1875 00fa 0B       		.uleb128 0xb
 1876 00fb 3B       		.uleb128 0x3b
 1877 00fc 05       		.uleb128 0x5
 1878 00fd 49       		.uleb128 0x49
 1879 00fe 13       		.uleb128 0x13
 1880 00ff 00       		.byte	0
 1881 0100 00       		.byte	0
 1882 0101 16       		.uleb128 0x16
 1883 0102 04       		.uleb128 0x4
 1884 0103 01       		.byte	0x1
 1885 0104 0B       		.uleb128 0xb
 1886 0105 0B       		.uleb128 0xb
 1887 0106 3A       		.uleb128 0x3a
 1888 0107 0B       		.uleb128 0xb
 1889 0108 3B       		.uleb128 0x3b
 1890 0109 0B       		.uleb128 0xb
 1891 010a 01       		.uleb128 0x1
 1892 010b 13       		.uleb128 0x13
 1893 010c 00       		.byte	0
 1894 010d 00       		.byte	0
 1895 010e 17       		.uleb128 0x17
 1896 010f 28       		.uleb128 0x28
 1897 0110 00       		.byte	0
 1898 0111 03       		.uleb128 0x3
 1899 0112 0E       		.uleb128 0xe
 1900 0113 1C       		.uleb128 0x1c
 1901 0114 0D       		.uleb128 0xd
 1902 0115 00       		.byte	0
 1903 0116 00       		.byte	0
 1904 0117 18       		.uleb128 0x18
 1905 0118 15       		.uleb128 0x15
 1906 0119 01       		.byte	0x1
 1907 011a 27       		.uleb128 0x27
 1908 011b 19       		.uleb128 0x19
 1909 011c 49       		.uleb128 0x49
 1910 011d 13       		.uleb128 0x13
 1911 011e 01       		.uleb128 0x1
 1912 011f 13       		.uleb128 0x13
 1913 0120 00       		.byte	0
 1914 0121 00       		.byte	0
 1915 0122 19       		.uleb128 0x19
 1916 0123 05       		.uleb128 0x5
 1917 0124 00       		.byte	0
 1918 0125 49       		.uleb128 0x49
 1919 0126 13       		.uleb128 0x13
 1920 0127 00       		.byte	0
 1921 0128 00       		.byte	0
 1922 0129 1A       		.uleb128 0x1a
 1923 012a 0D       		.uleb128 0xd
 1924 012b 00       		.byte	0
 1925 012c 03       		.uleb128 0x3
 1926 012d 08       		.uleb128 0x8
 1927 012e 3A       		.uleb128 0x3a
 1928 012f 0B       		.uleb128 0xb
 1929 0130 3B       		.uleb128 0x3b
ARM GAS  /tmp/cc6xeTkm.s 			page 35


 1930 0131 0B       		.uleb128 0xb
 1931 0132 49       		.uleb128 0x49
 1932 0133 13       		.uleb128 0x13
 1933 0134 00       		.byte	0
 1934 0135 00       		.byte	0
 1935 0136 1B       		.uleb128 0x1b
 1936 0137 15       		.uleb128 0x15
 1937 0138 01       		.byte	0x1
 1938 0139 27       		.uleb128 0x27
 1939 013a 19       		.uleb128 0x19
 1940 013b 01       		.uleb128 0x1
 1941 013c 13       		.uleb128 0x13
 1942 013d 00       		.byte	0
 1943 013e 00       		.byte	0
 1944 013f 1C       		.uleb128 0x1c
 1945 0140 2E       		.uleb128 0x2e
 1946 0141 01       		.byte	0x1
 1947 0142 3F       		.uleb128 0x3f
 1948 0143 19       		.uleb128 0x19
 1949 0144 03       		.uleb128 0x3
 1950 0145 0E       		.uleb128 0xe
 1951 0146 3A       		.uleb128 0x3a
 1952 0147 0B       		.uleb128 0xb
 1953 0148 3B       		.uleb128 0x3b
 1954 0149 0B       		.uleb128 0xb
 1955 014a 27       		.uleb128 0x27
 1956 014b 19       		.uleb128 0x19
 1957 014c 11       		.uleb128 0x11
 1958 014d 01       		.uleb128 0x1
 1959 014e 12       		.uleb128 0x12
 1960 014f 06       		.uleb128 0x6
 1961 0150 40       		.uleb128 0x40
 1962 0151 18       		.uleb128 0x18
 1963 0152 9742     		.uleb128 0x2117
 1964 0154 19       		.uleb128 0x19
 1965 0155 01       		.uleb128 0x1
 1966 0156 13       		.uleb128 0x13
 1967 0157 00       		.byte	0
 1968 0158 00       		.byte	0
 1969 0159 1D       		.uleb128 0x1d
 1970 015a 898201   		.uleb128 0x4109
 1971 015d 00       		.byte	0
 1972 015e 11       		.uleb128 0x11
 1973 015f 01       		.uleb128 0x1
 1974 0160 9542     		.uleb128 0x2115
 1975 0162 19       		.uleb128 0x19
 1976 0163 31       		.uleb128 0x31
 1977 0164 13       		.uleb128 0x13
 1978 0165 00       		.byte	0
 1979 0166 00       		.byte	0
 1980 0167 1E       		.uleb128 0x1e
 1981 0168 2E       		.uleb128 0x2e
 1982 0169 01       		.byte	0x1
 1983 016a 3F       		.uleb128 0x3f
 1984 016b 19       		.uleb128 0x19
 1985 016c 03       		.uleb128 0x3
 1986 016d 0E       		.uleb128 0xe
ARM GAS  /tmp/cc6xeTkm.s 			page 36


 1987 016e 3A       		.uleb128 0x3a
 1988 016f 0B       		.uleb128 0xb
 1989 0170 3B       		.uleb128 0x3b
 1990 0171 0B       		.uleb128 0xb
 1991 0172 27       		.uleb128 0x27
 1992 0173 19       		.uleb128 0x19
 1993 0174 49       		.uleb128 0x49
 1994 0175 13       		.uleb128 0x13
 1995 0176 11       		.uleb128 0x11
 1996 0177 01       		.uleb128 0x1
 1997 0178 12       		.uleb128 0x12
 1998 0179 06       		.uleb128 0x6
 1999 017a 40       		.uleb128 0x40
 2000 017b 18       		.uleb128 0x18
 2001 017c 9742     		.uleb128 0x2117
 2002 017e 19       		.uleb128 0x19
 2003 017f 01       		.uleb128 0x1
 2004 0180 13       		.uleb128 0x13
 2005 0181 00       		.byte	0
 2006 0182 00       		.byte	0
 2007 0183 1F       		.uleb128 0x1f
 2008 0184 05       		.uleb128 0x5
 2009 0185 00       		.byte	0
 2010 0186 03       		.uleb128 0x3
 2011 0187 0E       		.uleb128 0xe
 2012 0188 3A       		.uleb128 0x3a
 2013 0189 0B       		.uleb128 0xb
 2014 018a 3B       		.uleb128 0x3b
 2015 018b 0B       		.uleb128 0xb
 2016 018c 49       		.uleb128 0x49
 2017 018d 13       		.uleb128 0x13
 2018 018e 02       		.uleb128 0x2
 2019 018f 17       		.uleb128 0x17
 2020 0190 00       		.byte	0
 2021 0191 00       		.byte	0
 2022 0192 20       		.uleb128 0x20
 2023 0193 2E       		.uleb128 0x2e
 2024 0194 00       		.byte	0
 2025 0195 3F       		.uleb128 0x3f
 2026 0196 19       		.uleb128 0x19
 2027 0197 03       		.uleb128 0x3
 2028 0198 0E       		.uleb128 0xe
 2029 0199 3A       		.uleb128 0x3a
 2030 019a 0B       		.uleb128 0xb
 2031 019b 3B       		.uleb128 0x3b
 2032 019c 0B       		.uleb128 0xb
 2033 019d 27       		.uleb128 0x27
 2034 019e 19       		.uleb128 0x19
 2035 019f 11       		.uleb128 0x11
 2036 01a0 01       		.uleb128 0x1
 2037 01a1 12       		.uleb128 0x12
 2038 01a2 06       		.uleb128 0x6
 2039 01a3 40       		.uleb128 0x40
 2040 01a4 18       		.uleb128 0x18
 2041 01a5 9742     		.uleb128 0x2117
 2042 01a7 19       		.uleb128 0x19
 2043 01a8 00       		.byte	0
ARM GAS  /tmp/cc6xeTkm.s 			page 37


 2044 01a9 00       		.byte	0
 2045 01aa 21       		.uleb128 0x21
 2046 01ab 34       		.uleb128 0x34
 2047 01ac 00       		.byte	0
 2048 01ad 03       		.uleb128 0x3
 2049 01ae 0E       		.uleb128 0xe
 2050 01af 3A       		.uleb128 0x3a
 2051 01b0 0B       		.uleb128 0xb
 2052 01b1 3B       		.uleb128 0x3b
 2053 01b2 05       		.uleb128 0x5
 2054 01b3 49       		.uleb128 0x49
 2055 01b4 13       		.uleb128 0x13
 2056 01b5 3F       		.uleb128 0x3f
 2057 01b6 19       		.uleb128 0x19
 2058 01b7 3C       		.uleb128 0x3c
 2059 01b8 19       		.uleb128 0x19
 2060 01b9 00       		.byte	0
 2061 01ba 00       		.byte	0
 2062 01bb 22       		.uleb128 0x22
 2063 01bc 34       		.uleb128 0x34
 2064 01bd 00       		.byte	0
 2065 01be 03       		.uleb128 0x3
 2066 01bf 0E       		.uleb128 0xe
 2067 01c0 3A       		.uleb128 0x3a
 2068 01c1 0B       		.uleb128 0xb
 2069 01c2 3B       		.uleb128 0x3b
 2070 01c3 0B       		.uleb128 0xb
 2071 01c4 49       		.uleb128 0x49
 2072 01c5 13       		.uleb128 0x13
 2073 01c6 3F       		.uleb128 0x3f
 2074 01c7 19       		.uleb128 0x19
 2075 01c8 02       		.uleb128 0x2
 2076 01c9 18       		.uleb128 0x18
 2077 01ca 00       		.byte	0
 2078 01cb 00       		.byte	0
 2079 01cc 23       		.uleb128 0x23
 2080 01cd 2E       		.uleb128 0x2e
 2081 01ce 00       		.byte	0
 2082 01cf 3F       		.uleb128 0x3f
 2083 01d0 19       		.uleb128 0x19
 2084 01d1 03       		.uleb128 0x3
 2085 01d2 0E       		.uleb128 0xe
 2086 01d3 3A       		.uleb128 0x3a
 2087 01d4 0B       		.uleb128 0xb
 2088 01d5 3B       		.uleb128 0x3b
 2089 01d6 05       		.uleb128 0x5
 2090 01d7 27       		.uleb128 0x27
 2091 01d8 19       		.uleb128 0x19
 2092 01d9 3C       		.uleb128 0x3c
 2093 01da 19       		.uleb128 0x19
 2094 01db 00       		.byte	0
 2095 01dc 00       		.byte	0
 2096 01dd 00       		.byte	0
 2097              		.section	.debug_loc,"",%progbits
 2098              	.Ldebug_loc0:
 2099              	.LLST0:
 2100 0000 00000000 		.4byte	.LVL1
ARM GAS  /tmp/cc6xeTkm.s 			page 38


 2101 0004 02000000 		.4byte	.LVL2
 2102 0008 0100     		.2byte	0x1
 2103 000a 50       		.byte	0x50
 2104 000b 02000000 		.4byte	.LVL2
 2105 000f 04000000 		.4byte	.LFE119
 2106 0013 0400     		.2byte	0x4
 2107 0015 F3       		.byte	0xf3
 2108 0016 01       		.uleb128 0x1
 2109 0017 50       		.byte	0x50
 2110 0018 9F       		.byte	0x9f
 2111 0019 00000000 		.4byte	0
 2112 001d 00000000 		.4byte	0
 2113              	.LLST1:
 2114 0021 00000000 		.4byte	.LVL3
 2115 0025 02000000 		.4byte	.LVL4
 2116 0029 0100     		.2byte	0x1
 2117 002b 50       		.byte	0x50
 2118 002c 02000000 		.4byte	.LVL4
 2119 0030 04000000 		.4byte	.LFE120
 2120 0034 0400     		.2byte	0x4
 2121 0036 F3       		.byte	0xf3
 2122 0037 01       		.uleb128 0x1
 2123 0038 50       		.byte	0x50
 2124 0039 9F       		.byte	0x9f
 2125 003a 00000000 		.4byte	0
 2126 003e 00000000 		.4byte	0
 2127              		.section	.debug_aranges,"",%progbits
 2128 0000 34000000 		.4byte	0x34
 2129 0004 0200     		.2byte	0x2
 2130 0006 00000000 		.4byte	.Ldebug_info0
 2131 000a 04       		.byte	0x4
 2132 000b 00       		.byte	0
 2133 000c 0000     		.2byte	0
 2134 000e 0000     		.2byte	0
 2135 0010 00000000 		.4byte	.LFB118
 2136 0014 04000000 		.4byte	.LFE118-.LFB118
 2137 0018 00000000 		.4byte	.LFB119
 2138 001c 04000000 		.4byte	.LFE119-.LFB119
 2139 0020 00000000 		.4byte	.LFB120
 2140 0024 04000000 		.4byte	.LFE120-.LFB120
 2141 0028 00000000 		.4byte	.LFB121
 2142 002c 02000000 		.4byte	.LFE121-.LFB121
 2143 0030 00000000 		.4byte	0
 2144 0034 00000000 		.4byte	0
 2145              		.section	.debug_ranges,"",%progbits
 2146              	.Ldebug_ranges0:
 2147 0000 00000000 		.4byte	.LFB118
 2148 0004 04000000 		.4byte	.LFE118
 2149 0008 00000000 		.4byte	.LFB119
 2150 000c 04000000 		.4byte	.LFE119
 2151 0010 00000000 		.4byte	.LFB120
 2152 0014 04000000 		.4byte	.LFE120
 2153 0018 00000000 		.4byte	.LFB121
 2154 001c 02000000 		.4byte	.LFE121
 2155 0020 00000000 		.4byte	0
 2156 0024 00000000 		.4byte	0
 2157              		.section	.debug_line,"",%progbits
ARM GAS  /tmp/cc6xeTkm.s 			page 39


 2158              	.Ldebug_line0:
 2159 0000 7B020000 		.section	.debug_str,"MS",%progbits,1
 2159      02003302 
 2159      00000201 
 2159      FB0E0D00 
 2159      01010101 
 2160              	.LASF99:
 2161 0000 426C6F63 		.ascii	"BlockDeviceInfo\000"
 2161      6B446576 
 2161      69636549 
 2161      6E666F00 
 2162              	.LASF138:
 2163 0010 646D6172 		.ascii	"dmarx\000"
 2163      7800
 2164              	.LASF116:
 2165 0016 73746D33 		.ascii	"stm32_gpio_setup_t\000"
 2165      325F6770 
 2165      696F5F73 
 2165      65747570 
 2165      5F7400
 2166              	.LASF63:
 2167 0029 4D304152 		.ascii	"M0AR\000"
 2167      00
 2168              	.LASF72:
 2169 002e 52584352 		.ascii	"RXCRCR\000"
 2169      435200
 2170              	.LASF98:
 2171 0035 626C6B5F 		.ascii	"blk_num\000"
 2171      6E756D00 
 2172              	.LASF57:
 2173 003d 7264796D 		.ascii	"rdymsg\000"
 2173      736700
 2174              	.LASF153:
 2175 0044 69735F70 		.ascii	"is_protected\000"
 2175      726F7465 
 2175      63746564 
 2175      00
 2176              	.LASF102:
 2177 0051 4F545950 		.ascii	"OTYPER\000"
 2177      455200
 2178              	.LASF4:
 2179 0058 5F5F7569 		.ascii	"__uint8_t\000"
 2179      6E74385F 
 2179      7400
 2180              	.LASF131:
 2181 0062 5350495F 		.ascii	"SPI_ACTIVE\000"
 2181      41435449 
 2181      564500
 2182              	.LASF151:
 2183 006d 4D4D4344 		.ascii	"MMCDriverVMT\000"
 2183      72697665 
 2183      72564D54 
 2183      00
 2184              	.LASF111:
 2185 007a 6F747970 		.ascii	"otyper\000"
 2185      657200
 2186              	.LASF160:
ARM GAS  /tmp/cc6xeTkm.s 			page 40


 2187 0081 63617061 		.ascii	"capacity\000"
 2187      63697479 
 2187      00
 2188              	.LASF81:
 2189 008a 73747265 		.ascii	"stream\000"
 2189      616D00
 2190              	.LASF124:
 2191 0091 50484461 		.ascii	"PHData\000"
 2191      746100
 2192              	.LASF101:
 2193 0098 4D4F4445 		.ascii	"MODER\000"
 2193      5200
 2194              	.LASF12:
 2195 009e 6C6F6E67 		.ascii	"long long unsigned int\000"
 2195      206C6F6E 
 2195      6720756E 
 2195      7369676E 
 2195      65642069 
 2196              	.LASF130:
 2197 00b5 5350495F 		.ascii	"SPI_READY\000"
 2197      52454144 
 2197      5900
 2198              	.LASF70:
 2199 00bf 43524350 		.ascii	"CRCPR\000"
 2199      5200
 2200              	.LASF104:
 2201 00c5 50555044 		.ascii	"PUPDR\000"
 2201      5200
 2202              	.LASF58:
 2203 00cb 65786974 		.ascii	"exitcode\000"
 2203      636F6465 
 2203      00
 2204              	.LASF85:
 2205 00d4 76656374 		.ascii	"vector\000"
 2205      6F7200
 2206              	.LASF134:
 2207 00db 53504944 		.ascii	"SPIDriver\000"
 2207      72697665 
 2207      7200
 2208              	.LASF144:
 2209 00e5 7373706F 		.ascii	"ssport\000"
 2209      727400
 2210              	.LASF166:
 2211 00ec 49544D5F 		.ascii	"ITM_RxBuffer\000"
 2211      52784275 
 2211      66666572 
 2211      00
 2212              	.LASF96:
 2213 00f9 626C6B73 		.ascii	"blkstate_t\000"
 2213      74617465 
 2213      5F7400
 2214              	.LASF30:
 2215 0104 705F7072 		.ascii	"p_prio\000"
 2215      696F00
 2216              	.LASF145:
 2217 010b 73737061 		.ascii	"sspad\000"
 2217      6400
ARM GAS  /tmp/cc6xeTkm.s 			page 41


 2218              	.LASF11:
 2219 0111 6C6F6E67 		.ascii	"long long int\000"
 2219      206C6F6E 
 2219      6720696E 
 2219      7400
 2220              	.LASF1:
 2221 011f 7369676E 		.ascii	"signed char\000"
 2221      65642063 
 2221      68617200 
 2222              	.LASF129:
 2223 012b 5350495F 		.ascii	"SPI_STOP\000"
 2223      53544F50 
 2223      00
 2224              	.LASF76:
 2225 0134 49325343 		.ascii	"I2SCFGR\000"
 2225      46475200 
 2226              	.LASF17:
 2227 013c 626F6F6C 		.ascii	"bool_t\000"
 2227      5F7400
 2228              	.LASF54:
 2229 0143 6D5F7175 		.ascii	"m_queue\000"
 2229      65756500 
 2230              	.LASF155:
 2231 014b 64697363 		.ascii	"disconnect\000"
 2231      6F6E6E65 
 2231      637400
 2232              	.LASF110:
 2233 0156 6D6F6465 		.ascii	"moder\000"
 2233      7200
 2234              	.LASF22:
 2235 015c 74736C69 		.ascii	"tslices_t\000"
 2235      6365735F 
 2235      7400
 2236              	.LASF87:
 2237 0166 424C4B5F 		.ascii	"BLK_UNINIT\000"
 2237      554E494E 
 2237      495400
 2238              	.LASF135:
 2239 0171 73746174 		.ascii	"state\000"
 2239      6500
 2240              	.LASF8:
 2241 0177 6C6F6E67 		.ascii	"long int\000"
 2241      20696E74 
 2241      00
 2242              	.LASF121:
 2243 0180 50454461 		.ascii	"PEData\000"
 2243      746100
 2244              	.LASF20:
 2245 0187 74737461 		.ascii	"tstate_t\000"
 2245      74655F74 
 2245      00
 2246              	.LASF164:
 2247 0190 6D6D635F 		.ascii	"mmc_lld_is_write_protected\000"
 2247      6C6C645F 
 2247      69735F77 
 2247      72697465 
 2247      5F70726F 
ARM GAS  /tmp/cc6xeTkm.s 			page 42


 2248              	.LASF88:
 2249 01ab 424C4B5F 		.ascii	"BLK_STOP\000"
 2249      53544F50 
 2249      00
 2250              	.LASF14:
 2251 01b4 75696E74 		.ascii	"uint16_t\000"
 2251      31365F74 
 2251      00
 2252              	.LASF39:
 2253 01bd 705F7469 		.ascii	"p_time\000"
 2253      6D6500
 2254              	.LASF32:
 2255 01c4 705F6E65 		.ascii	"p_newer\000"
 2255      77657200 
 2256              	.LASF143:
 2257 01cc 656E645F 		.ascii	"end_cb\000"
 2257      636200
 2258              	.LASF140:
 2259 01d3 7278646D 		.ascii	"rxdmamode\000"
 2259      616D6F64 
 2259      6500
 2260              	.LASF109:
 2261 01dd 4750494F 		.ascii	"GPIO_TypeDef\000"
 2261      5F547970 
 2261      65446566 
 2261      00
 2262              	.LASF159:
 2263 01ea 6765745F 		.ascii	"get_info\000"
 2263      696E666F 
 2263      00
 2264              	.LASF139:
 2265 01f3 646D6174 		.ascii	"dmatx\000"
 2265      7800
 2266              	.LASF103:
 2267 01f9 4F535045 		.ascii	"OSPEEDR\000"
 2267      45445200 
 2268              	.LASF9:
 2269 0201 5F5F7569 		.ascii	"__uint32_t\000"
 2269      6E743332 
 2269      5F7400
 2270              	.LASF46:
 2271 020c 705F6D70 		.ascii	"p_mpool\000"
 2271      6F6F6C00 
 2272              	.LASF49:
 2273 0214 72656761 		.ascii	"regarm_t\000"
 2273      726D5F74 
 2273      00
 2274              	.LASF84:
 2275 021d 73656C66 		.ascii	"selfindex\000"
 2275      696E6465 
 2275      7800
 2276              	.LASF142:
 2277 0227 73706963 		.ascii	"spicallback_t\000"
 2277      616C6C62 
 2277      61636B5F 
 2277      7400
 2278              	.LASF97:
ARM GAS  /tmp/cc6xeTkm.s 			page 43


 2279 0235 626C6B5F 		.ascii	"blk_size\000"
 2279      73697A65 
 2279      00
 2280              	.LASF173:
 2281 023e 73746D33 		.ascii	"stm32_clock_init\000"
 2281      325F636C 
 2281      6F636B5F 
 2281      696E6974 
 2281      00
 2282              	.LASF118:
 2283 024f 50424461 		.ascii	"PBData\000"
 2283      746100
 2284              	.LASF0:
 2285 0256 756E7369 		.ascii	"unsigned int\000"
 2285      676E6564 
 2285      20696E74 
 2285      00
 2286              	.LASF41:
 2287 0263 705F6D73 		.ascii	"p_msgqueue\000"
 2287      67717565 
 2287      756500
 2288              	.LASF112:
 2289 026e 6F737065 		.ascii	"ospeedr\000"
 2289      65647200 
 2290              	.LASF106:
 2291 0276 4C434B52 		.ascii	"LCKR\000"
 2291      00
 2292              	.LASF83:
 2293 027b 69736869 		.ascii	"ishift\000"
 2293      667400
 2294              	.LASF171:
 2295 0282 5F5F6561 		.ascii	"__early_init\000"
 2295      726C795F 
 2295      696E6974 
 2295      00
 2296              	.LASF169:
 2297 028f 2E2E2F2E 		.ascii	"../../boards/ST_STM32F4_DISCOVERY/board.c\000"
 2297      2E2F626F 
 2297      61726473 
 2297      2F53545F 
 2297      53544D33 
 2298              	.LASF6:
 2299 02b9 73686F72 		.ascii	"short unsigned int\000"
 2299      7420756E 
 2299      7369676E 
 2299      65642069 
 2299      6E7400
 2300              	.LASF122:
 2301 02cc 50464461 		.ascii	"PFData\000"
 2301      746100
 2302              	.LASF89:
 2303 02d3 424C4B5F 		.ascii	"BLK_ACTIVE\000"
 2303      41435449 
 2303      564500
 2304              	.LASF148:
 2305 02de 6C736366 		.ascii	"lscfg\000"
 2305      6700
ARM GAS  /tmp/cc6xeTkm.s 			page 44


 2306              	.LASF161:
 2307 02e4 626C6F63 		.ascii	"block_addresses\000"
 2307      6B5F6164 
 2307      64726573 
 2307      73657300 
 2308              	.LASF24:
 2309 02f4 6D73675F 		.ascii	"msg_t\000"
 2309      7400
 2310              	.LASF90:
 2311 02fa 424C4B5F 		.ascii	"BLK_CONNECTING\000"
 2311      434F4E4E 
 2311      45435449 
 2311      4E4700
 2312              	.LASF19:
 2313 0309 746D6F64 		.ascii	"tmode_t\000"
 2313      655F7400 
 2314              	.LASF147:
 2315 0311 73706970 		.ascii	"spip\000"
 2315      00
 2316              	.LASF48:
 2317 0316 54687265 		.ascii	"ThreadsList\000"
 2317      6164734C 
 2317      69737400 
 2318              	.LASF25:
 2319 0322 6576656E 		.ascii	"eventmask_t\000"
 2319      746D6173 
 2319      6B5F7400 
 2320              	.LASF123:
 2321 032e 50474461 		.ascii	"PGData\000"
 2321      746100
 2322              	.LASF157:
 2323 0335 77726974 		.ascii	"write\000"
 2323      6500
 2324              	.LASF93:
 2325 033b 424C4B5F 		.ascii	"BLK_READING\000"
 2325      52454144 
 2325      494E4700 
 2326              	.LASF78:
 2327 0347 49325350 		.ascii	"I2SPR\000"
 2327      5200
 2328              	.LASF52:
 2329 034d 73697A65 		.ascii	"sizetype\000"
 2329      74797065 
 2329      00
 2330              	.LASF100:
 2331 0356 636C6561 		.ascii	"clear\000"
 2331      7200
 2332              	.LASF53:
 2333 035c 4D757465 		.ascii	"Mutex\000"
 2333      7800
 2334              	.LASF33:
 2335 0362 705F6F6C 		.ascii	"p_older\000"
 2335      64657200 
 2336              	.LASF95:
 2337 036a 424C4B5F 		.ascii	"BLK_SYNCING\000"
 2337      53594E43 
 2337      494E4700 
ARM GAS  /tmp/cc6xeTkm.s 			page 45


 2338              	.LASF92:
 2339 0376 424C4B5F 		.ascii	"BLK_READY\000"
 2339      52454144 
 2339      5900
 2340              	.LASF47:
 2341 0380 54687265 		.ascii	"ThreadsQueue\000"
 2341      61647351 
 2341      75657565 
 2341      00
 2342              	.LASF141:
 2343 038d 7478646D 		.ascii	"txdmamode\000"
 2343      616D6F64 
 2343      6500
 2344              	.LASF115:
 2345 0397 61667268 		.ascii	"afrh\000"
 2345      00
 2346              	.LASF120:
 2347 039c 50444461 		.ascii	"PDData\000"
 2347      746100
 2348              	.LASF108:
 2349 03a3 41465248 		.ascii	"AFRH\000"
 2349      00
 2350              	.LASF150:
 2351 03a8 4D4D4343 		.ascii	"MMCConfig\000"
 2351      6F6E6669 
 2351      6700
 2352              	.LASF107:
 2353 03b2 4146524C 		.ascii	"AFRL\000"
 2353      00
 2354              	.LASF168:
 2355 03b7 474E5520 		.ascii	"GNU C 4.8.2 -mcpu=cortex-m4 -mno-thumb-interwork -m"
 2355      4320342E 
 2355      382E3220 
 2355      2D6D6370 
 2355      753D636F 
 2356 03ea 7468756D 		.ascii	"thumb -ggdb -O2 -fomit-frame-pointer -falign-functi"
 2356      62202D67 
 2356      67646220 
 2356      2D4F3220 
 2356      2D666F6D 
 2357 041d 6F6E733D 		.ascii	"ons=16 -ffunction-sections -fdata-sections -fno-com"
 2357      3136202D 
 2357      6666756E 
 2357      6374696F 
 2357      6E2D7365 
 2358 0450 6D6F6E00 		.ascii	"mon\000"
 2359              	.LASF170:
 2360 0454 2F686F6D 		.ascii	"/home/ece497/vbox-shared/mplayer/ChibiOS-RT-stable_"
 2360      652F6563 
 2360      65343937 
 2360      2F76626F 
 2360      782D7368 
 2361 0487 322E362E 		.ascii	"2.6.x/demos/IO_QUEUE\000"
 2361      782F6465 
 2361      6D6F732F 
 2361      494F5F51 
 2361      55455545 
ARM GAS  /tmp/cc6xeTkm.s 			page 46


 2362              	.LASF74:
 2363 049c 54584352 		.ascii	"TXCRCR\000"
 2363      435200
 2364              	.LASF66:
 2365 04a3 52455345 		.ascii	"RESERVED0\000"
 2365      52564544 
 2365      3000
 2366              	.LASF67:
 2367 04ad 52455345 		.ascii	"RESERVED1\000"
 2367      52564544 
 2367      3100
 2368              	.LASF68:
 2369 04b7 52455345 		.ascii	"RESERVED2\000"
 2369      52564544 
 2369      3200
 2370              	.LASF69:
 2371 04c1 52455345 		.ascii	"RESERVED3\000"
 2371      52564544 
 2371      3300
 2372              	.LASF71:
 2373 04cb 52455345 		.ascii	"RESERVED4\000"
 2373      52564544 
 2373      3400
 2374              	.LASF29:
 2375 04d5 705F7072 		.ascii	"p_prev\000"
 2375      657600
 2376              	.LASF75:
 2377 04dc 52455345 		.ascii	"RESERVED6\000"
 2377      52564544 
 2377      3600
 2378              	.LASF77:
 2379 04e6 52455345 		.ascii	"RESERVED7\000"
 2379      52564544 
 2379      3700
 2380              	.LASF79:
 2381 04f0 52455345 		.ascii	"RESERVED8\000"
 2381      52564544 
 2381      3800
 2382              	.LASF23:
 2383 04fa 74707269 		.ascii	"tprio_t\000"
 2383      6F5F7400 
 2384              	.LASF137:
 2385 0502 74687265 		.ascii	"thread\000"
 2385      616400
 2386              	.LASF18:
 2387 0509 5F426F6F 		.ascii	"_Bool\000"
 2387      6C00
 2388              	.LASF15:
 2389 050f 696E7433 		.ascii	"int32_t\000"
 2389      325F7400 
 2390              	.LASF2:
 2391 0517 756E7369 		.ascii	"unsigned char\000"
 2391      676E6564 
 2391      20636861 
 2391      7200
 2392              	.LASF86:
 2393 0525 73746D33 		.ascii	"stm32_dma_stream_t\000"
ARM GAS  /tmp/cc6xeTkm.s 			page 47


 2393      325F646D 
 2393      615F7374 
 2393      7265616D 
 2393      5F7400
 2394              	.LASF114:
 2395 0538 6166726C 		.ascii	"afrl\000"
 2395      00
 2396              	.LASF44:
 2397 053d 705F6D74 		.ascii	"p_mtxlist\000"
 2397      786C6973 
 2397      7400
 2398              	.LASF3:
 2399 0547 73686F72 		.ascii	"short int\000"
 2399      7420696E 
 2399      7400
 2400              	.LASF35:
 2401 0551 705F7374 		.ascii	"p_state\000"
 2401      61746500 
 2402              	.LASF94:
 2403 0559 424C4B5F 		.ascii	"BLK_WRITING\000"
 2403      57524954 
 2403      494E4700 
 2404              	.LASF38:
 2405 0565 705F7072 		.ascii	"p_preempt\000"
 2405      65656D70 
 2405      7400
 2406              	.LASF163:
 2407 056f 6D6D635F 		.ascii	"mmc_lld_is_card_inserted\000"
 2407      6C6C645F 
 2407      69735F63 
 2407      6172645F 
 2407      696E7365 
 2408              	.LASF117:
 2409 0588 50414461 		.ascii	"PAData\000"
 2409      746100
 2410              	.LASF60:
 2411 058f 65776D61 		.ascii	"ewmask\000"
 2411      736B00
 2412              	.LASF28:
 2413 0596 705F6E65 		.ascii	"p_next\000"
 2413      787400
 2414              	.LASF36:
 2415 059d 705F666C 		.ascii	"p_flags\000"
 2415      61677300 
 2416              	.LASF125:
 2417 05a5 50494461 		.ascii	"PIData\000"
 2417      746100
 2418              	.LASF154:
 2419 05ac 636F6E6E 		.ascii	"connect\000"
 2419      65637400 
 2420              	.LASF43:
 2421 05b4 705F6570 		.ascii	"p_epending\000"
 2421      656E6469 
 2421      6E6700
 2422              	.LASF82:
 2423 05bf 69666372 		.ascii	"ifcr\000"
 2423      00
ARM GAS  /tmp/cc6xeTkm.s 			page 48


 2424              	.LASF73:
 2425 05c4 52455345 		.ascii	"RESERVED5\000"
 2425      52564544 
 2425      3500
 2426              	.LASF16:
 2427 05ce 75696E74 		.ascii	"uint32_t\000"
 2427      33325F74 
 2427      00
 2428              	.LASF21:
 2429 05d7 74726566 		.ascii	"trefs_t\000"
 2429      735F7400 
 2430              	.LASF165:
 2431 05df 6D6D6370 		.ascii	"mmcp\000"
 2431      00
 2432              	.LASF10:
 2433 05e4 6C6F6E67 		.ascii	"long unsigned int\000"
 2433      20756E73 
 2433      69676E65 
 2433      6420696E 
 2433      7400
 2434              	.LASF80:
 2435 05f6 5350495F 		.ascii	"SPI_TypeDef\000"
 2435      54797065 
 2435      44656600 
 2436              	.LASF156:
 2437 0602 72656164 		.ascii	"read\000"
 2437      00
 2438              	.LASF61:
 2439 0607 63686172 		.ascii	"char\000"
 2439      00
 2440              	.LASF132:
 2441 060c 5350495F 		.ascii	"SPI_COMPLETE\000"
 2441      434F4D50 
 2441      4C455445 
 2441      00
 2442              	.LASF91:
 2443 0619 424C4B5F 		.ascii	"BLK_DISCONNECTING\000"
 2443      44495343 
 2443      4F4E4E45 
 2443      4354494E 
 2443      4700
 2444              	.LASF136:
 2445 062b 636F6E66 		.ascii	"config\000"
 2445      696700
 2446              	.LASF5:
 2447 0632 5F5F7569 		.ascii	"__uint16_t\000"
 2447      6E743136 
 2447      5F7400
 2448              	.LASF133:
 2449 063d 73706973 		.ascii	"spistate_t\000"
 2449      74617465 
 2449      5F7400
 2450              	.LASF56:
 2451 0648 6D5F6E65 		.ascii	"m_next\000"
 2451      787400
 2452              	.LASF26:
 2453 064f 73797374 		.ascii	"systime_t\000"
ARM GAS  /tmp/cc6xeTkm.s 			page 49


 2453      696D655F 
 2453      7400
 2454              	.LASF45:
 2455 0659 705F7265 		.ascii	"p_realprio\000"
 2455      616C7072 
 2455      696F00
 2456              	.LASF7:
 2457 0664 5F5F696E 		.ascii	"__int32_t\000"
 2457      7433325F 
 2457      7400
 2458              	.LASF62:
 2459 066e 4E445452 		.ascii	"NDTR\000"
 2459      00
 2460              	.LASF65:
 2461 0673 444D415F 		.ascii	"DMA_Stream_TypeDef\000"
 2461      53747265 
 2461      616D5F54 
 2461      79706544 
 2461      656600
 2462              	.LASF127:
 2463 0686 696F706F 		.ascii	"ioportid_t\000"
 2463      72746964 
 2463      5F7400
 2464              	.LASF51:
 2465 0691 636F6E74 		.ascii	"context\000"
 2465      65787400 
 2466              	.LASF50:
 2467 0699 696E7463 		.ascii	"intctx\000"
 2467      747800
 2468              	.LASF152:
 2469 06a0 69735F69 		.ascii	"is_inserted\000"
 2469      6E736572 
 2469      74656400 
 2470              	.LASF64:
 2471 06ac 4D314152 		.ascii	"M1AR\000"
 2471      00
 2472              	.LASF128:
 2473 06b1 5350495F 		.ascii	"SPI_UNINIT\000"
 2473      554E494E 
 2473      495400
 2474              	.LASF162:
 2475 06bc 4D4D4344 		.ascii	"MMCDriver\000"
 2475      72697665 
 2475      7200
 2476              	.LASF37:
 2477 06c6 705F7265 		.ascii	"p_refs\000"
 2477      667300
 2478              	.LASF105:
 2479 06cd 42535252 		.ascii	"BSRR\000"
 2479      00
 2480              	.LASF149:
 2481 06d2 68736366 		.ascii	"hscfg\000"
 2481      6700
 2482              	.LASF27:
 2483 06d8 54687265 		.ascii	"Thread\000"
 2483      616400
 2484              	.LASF172:
ARM GAS  /tmp/cc6xeTkm.s 			page 50


 2485 06df 626F6172 		.ascii	"boardInit\000"
 2485      64496E69 
 2485      7400
 2486              	.LASF13:
 2487 06e9 75696E74 		.ascii	"uint8_t\000"
 2487      385F7400 
 2488              	.LASF113:
 2489 06f1 70757064 		.ascii	"pupdr\000"
 2489      7200
 2490              	.LASF158:
 2491 06f7 73796E63 		.ascii	"sync\000"
 2491      00
 2492              	.LASF59:
 2493 06fc 77746F62 		.ascii	"wtobjp\000"
 2493      6A7000
 2494              	.LASF34:
 2495 0703 705F6E61 		.ascii	"p_name\000"
 2495      6D6500
 2496              	.LASF119:
 2497 070a 50434461 		.ascii	"PCData\000"
 2497      746100
 2498              	.LASF146:
 2499 0711 53504943 		.ascii	"SPIConfig\000"
 2499      6F6E6669 
 2499      6700
 2500              	.LASF42:
 2501 071b 705F6D73 		.ascii	"p_msg\000"
 2501      6700
 2502              	.LASF126:
 2503 0721 50414C43 		.ascii	"PALConfig\000"
 2503      6F6E6669 
 2503      6700
 2504              	.LASF55:
 2505 072b 6D5F6F77 		.ascii	"m_owner\000"
 2505      6E657200 
 2506              	.LASF167:
 2507 0733 70616C5F 		.ascii	"pal_default_config\000"
 2507      64656661 
 2507      756C745F 
 2507      636F6E66 
 2507      696700
 2508              	.LASF31:
 2509 0746 705F6374 		.ascii	"p_ctx\000"
 2509      7800
 2510              	.LASF40:
 2511 074c 705F7761 		.ascii	"p_waiting\000"
 2511      6974696E 
 2511      6700
 2512              		.ident	"GCC: (Arch Repository) 4.8.2"
ARM GAS  /tmp/cc6xeTkm.s 			page 51


DEFINED SYMBOLS
                            *ABS*:0000000000000000 board.c
     /tmp/cc6xeTkm.s:19     .text.__early_init:0000000000000000 $t
     /tmp/cc6xeTkm.s:25     .text.__early_init:0000000000000000 __early_init
     /tmp/cc6xeTkm.s:40     .text.mmc_lld_is_card_inserted:0000000000000000 $t
     /tmp/cc6xeTkm.s:46     .text.mmc_lld_is_card_inserted:0000000000000000 mmc_lld_is_card_inserted
     /tmp/cc6xeTkm.s:62     .text.mmc_lld_is_write_protected:0000000000000000 $t
     /tmp/cc6xeTkm.s:68     .text.mmc_lld_is_write_protected:0000000000000000 mmc_lld_is_write_protected
     /tmp/cc6xeTkm.s:84     .text.boardInit:0000000000000000 $t
     /tmp/cc6xeTkm.s:90     .text.boardInit:0000000000000000 boardInit
     /tmp/cc6xeTkm.s:106    .rodata.pal_default_config:0000000000000000 pal_default_config
     /tmp/cc6xeTkm.s:103    .rodata.pal_default_config:0000000000000000 $d
                     .debug_frame:0000000000000010 $d

UNDEFINED SYMBOLS
stm32_clock_init
